
--------------------------------------------------------------------------------
--- Ligand                                                                   ---
--------------------------------------------------------------------------------
  Ligand loaded from file                  : /mnt/c/Users/ricca/Desktop/Documents/1_Coding/1_Script_Github/Reverse_Docking_Explore_V3/2h24_cavity/ligand_prepared.mol2
  Ligand name                              :  
  "CT1002167954                                                             "

--------------------------------------------------------------------------------
  N.plc donors                             : 
  none found

  Acidic nitrogen acceptors                : 
  none found
  Sulfur acceptors                         :
  none found


  Donor atoms                              :      2
  8   10  
  Acceptor atoms                           :      3
  9   11  17  

  Hydrogens                                :  (n = 2)
  22   23   

  Lone pairs added to molecule             :      6
  Numbering                                : from 30 to 35

--------------------------------------------------------------------------------
--- Postprocessing of typing                                                 ---
--------------------------------------------------------------------------------
  Fragment file                            : /home/hitesit/CCDC/Discovery_2022/GOLD/gold/rotatable_bond_override.mol2
  acylurea fragment                        : 2 matches
  Ligand bond 15-8  set to flip
  Ligand bond 15-10  set to flip
  Ligand bond 15-10  set to 1
  Ligand bond 15-8  set to 1
  Ligand bond 10-4  set to flip
  Ligand bond 8-3  set to flip
  thioacylthiourea fragment                : no matches
  acylthiourea fragment                    : no matches
  thioacylurea fragment                    : no matches
  diarylamine fragment >C.ar-NH-C.ar<      : no matches
  sec-amine (1) fragment                   : no matches
  sec-amine (2) fragment                   : no matches
  sec-amine (3) fragment                   : no matches
  carboxylic ester                         : no matches

* Rotatable bonds in /mnt/c/Users/ricca/D  :
  [   1    2] [   1    5] 
  No. of rotatable bonds                   :      2


* Reading torsional distributions from file:
  /home/hitesit/CCDC/Discovery_2022/GOLD/gold/gold.tordist
  No. of bins in torsional distributions   :     36
  Minimum size of largest peak             :      0
  Removing high energy torsions            : on
  Delta E set to                           :   2.500

* Fragments found in /mnt/c/Users/ricca/D  :
  atom   2: benzene
  atom   6: benzene
  atom   7: benzene
  atom  13: benzene
  atom  14: benzene
  atom  16: benzene


* Checking torsion distributions:                                               
  No. of matched torsions                  :      0

--------------------------------------------------------------------------------
--- Shape fitting atoms selection (hydrophobic atoms)                        ---
--------------------------------------------------------------------------------
  Molecule                                 : /mnt/c/Users/ricca/Desktop/Documents/1_Coding/1_Script_Github/Reverse_Docking_Explore_V3/2h24_cavity/ligand_prepared.mol2
  Selection                                : carbons only
  Atom numbers                             :  (n = 7)
  5    6    7    12   13   14   16   

--------------------------------------------------------------------------------
--- Diverse Solutions Setup                                                  ---
--------------------------------------------------------------------------------
  Cluster size                             :      2
  RMSD                                     :   2.000
  Refinement                               :      0


--------------------------------------------------------------------------------
--- ChemScore ligand setup summary                                           ---
--------------------------------------------------------------------------------
  ChemScore ligand acceptors               :      3
  9 11 17 
  ChemScore ligand donors                  :      2
  8 ( 22  ) 10 ( 23  ) 
  ChemScore ligand CH donors               :      0
  

  ChemScore ligand lipophilic atoms        :  (n = 9)
  1    2    5    6    7    12   13   14   16   

  ChemScore ligand rotatable bonds         :      2
  1   (C1 ) - 2   (C2 ): SP3_SP2_BOND
  1   (C1 ) - 5   (C5 ): SP3_SP3_BOND

--------------------------------------------------------------------------------
--- PLP ligand setup summary                                                 ---
--------------------------------------------------------------------------------
    1    C1   C.3 NONPOLAR
    2    C2  C.ar NONPOLAR
    3    C3   C.2 NONPOLAR
    4    C4   C.2 NONPOLAR
    5    C5   C.3 NONPOLAR
    6    C6  C.ar NONPOLAR
    7    C7  C.ar NONPOLAR
    8    N8  N.am DONOR
    9    O9   O.2 ACCEPTOR
   10   N10  N.am DONOR
   11   O11   O.2 ACCEPTOR
   12   C12   C.3 NONPOLAR
   13   C13  C.ar NONPOLAR
   14   C14  C.ar NONPOLAR
   15   C15   C.2 NONPOLAR
   16   C16  C.ar NONPOLAR
   17   O17   O.2 ACCEPTOR

--------------------------------------------------------------------------------
--- Automatic parameter setting                                              ---
--------------------------------------------------------------------------------
  Contribution base                        :   2500
  Contribution per rotatable bond          :   6000
  Contribution per df                      :   4000
  Contribution per water                   :  10000
  Ligand rotatable bonds                   :      2
  Protein flexible side chain bonds        :      0
  Total rotatable bonds                    :      2
  Hydrophobic vol ratio (P/L)              :   4.980
  Base multiplier (polar)                  :   1.000
  Base multiplier (apolar)                 :   6.973
  Base contribution                        : 17500.000
  Fitting points                           :      5
  Estimated maxops needed (optimal)        :  30000
  Autoscale factor (in percent)            :     10
  Scaled maxops                            :   3250

--------------------------------------------------------------------------------

* Population settings                                                           
  maxops                                   :   3250
  popsiz                                   :    100
  select_pressure                          :   1.100
  n_islands                                :      1
  niche_siz                                :      2

* GA settings                                                                   
  pt_crosswt                               :    100
  allele_mutatewt                          :    100
  migratewt                                :      0

* Search settings                                                               
  start_vdw_linear_cutoff                  :   6.000
  initial_virtual_pt_match_max             :   3.000
  Scaling of internal VDW energy           : log scale from  0.2 to    1
                                             over 2437 ops
  Sampling interval (operations)           :     32
  Scaling of virtual pt maximum length     : linear scale from    3 to    2
                                             over  2437 ops
  Sampling interval (operations)           :     97
  Scaling of 4-8 potential cutoff          : log scale from    6 to 1.2e+02
                                             over 2437 ops
  Sampling interval (operations)           :     97

--------------------------------------------------------------------------------

* Ligand initialisation time :                                                  
  total  0.0944 user  0.0147 sys  0.0797

--------------------------------------------------------------------------------

--------------------------------------------------------------------------------
** Docking run number  1 **
--------------------------------------------------------------------------------
  Rank fitness base is 5000.00 ; increment is 11.2233

* Initialising population(s) ...                                                
Number of constraints mappings 0
Number of constraints 0
  Population no.                           :      1
  Population size                          :    100
  Number of duplicates                     :      0
  Number of niche violations               :      0
  Number of errors                         :  18500


Doing GA, no. of population(s) 1 size 100 selection pressure 1.100000

 Operation      Fitness  S(hb_ext) S(vdw_ext)  S(hb_int)    S(int)      intcor
         0      25.98       0.00      20.78       0.00     -12.96      -0.80
        72      26.56       1.16      18.82       0.00      -2.27      -0.80
        79      27.34       0.03      21.53       0.00     -10.96      -0.80
        95      27.38       0.03      21.55       0.00     -10.96      -0.80
       133      26.65       0.03      21.10       0.00     -10.96      -0.80
Reordering...
       194      26.06       1.15      18.49       0.00      -2.27      -0.80
       240      30.08       0.00      22.75       0.00      -5.18      -0.80
       243      30.35       0.00      22.63       0.00      -3.30      -0.80
       344      30.46       0.00      22.74       0.00      -3.30      -0.80
       444      30.18       0.00      22.58       0.00      -3.30      -0.80
       472      31.22       0.09      24.13       0.00      -7.63      -0.80
Reordering...
       679      29.23       0.00      22.01       0.00      -3.30      -0.80
       805      28.95       0.08      21.98       0.00      -3.96      -0.80
Reordering...
       873      28.46       0.00      21.55       0.00      -3.30      -0.80
Reordering...
      1164      26.98       0.06      20.82       0.00      -3.99      -0.78
      1541      26.97       0.06      20.11       0.00      -1.36      -0.78
      1815      27.03       0.05      20.25       0.00      -1.32      -0.78
      1832      27.11       0.00      20.38       0.00      -1.36      -0.78
      1983      27.15       0.08      20.40       0.00      -1.36      -0.78
      2750      27.42       0.00      20.87       0.00      -1.28      -0.76
      3022      27.48       0.00      20.91       0.00      -1.28      -0.76
--------------------------------------------------------------------------------
Best docking solution after GA:
      3250      27.48       0.00      20.91       0.00      -1.28      -0.76

#ops:       3250 #mutates:   1663 #cross:     1587 #dups:       854 
#niche:     1278 #errors:     244 
--------------------------------------------------------------------------------

Doing AMOEBA simplex on best individual
Done simplexing #iterations 538, best score  31.76

Ligand is stored in gold_soln_ligand_prepared_m1_1.mol2


--------------------------------------------------------------------------------
--- GoldScore breakdown of terms                                             ---
--------------------------------------------------------------------------------
Fitness = S(hb_ext) + 1.3750*S(vdw_ext) + S(hb_int) + 1.0000*S(int)
S(int)  = S(vdw_int) + S(tors)

Internal terms are relative to best energy found (intcor).

--------------------------------------------------------------------------------


     Fitness  S(hb_ext) S(vdw_ext)  S(hb_int)    S(int)      intcor
     31.76       0.00      23.89       0.00      -1.09      -0.76

--------------------------------------------------------------------------------
--- GoldScore analysis of protein-ligand interactions                        ---
--------------------------------------------------------------------------------


--------------------------------------------------------------------------------

--------------------------------------------------------------------------------
--- Rescoring solution                                                       ---
--------------------------------------------------------------------------------

     Score     S(PLP)   S(hbond)     S(cho)   S(metal)  DE(clash)   DE(tors)
     21.92     -23.70       0.00       0.00       0.00       0.59       0.60

Doing AMOEBA simplex on best individual
Done simplexing #iterations 421, best score  37.82

     Score     S(PLP)   S(hbond)     S(cho)   S(metal)  DE(clash)   DE(tors)
     37.82     -39.49       0.00       0.00       0.00       1.20       0.23

--------------------------------------------------------------------------------
--- CHEMPLP breakdown of terms                                               ---
--------------------------------------------------------------------------------
CHEMPLP = - ( 1.0000*S(PLP) + -3.0000*S(hbond) + -6.0000*S(metal) + -3.0000*S(cho) )

Score = CHEMPLP - 1.0000*DE(clash) - 2.0000*DE(tors)


--------------------------------------------------------------------------------


--------------------------------------------------------------------------------
--- PLP analysis of protein-ligand interactions                              ---
--------------------------------------------------------------------------------
hydrogen bonding        :       0.00
metal                   :       0.00
buried (polar-nonpolar) :      -4.76
nonpolar                :     -35.90
repulsive               :       0.00
--------------------------------------------------------------------------------


--------------------------------------------------------------------------------
--- ChemScore analysis of protein-ligand interactions                        ---
--------------------------------------------------------------------------------

* Hydrogen bonds                                                                


* CH..O interactions                                                            
  CH group selection                       : activated ring CH (adjacent to hetatom)

--------------------------------------------------------------------------------


--------------------------------------------------------------------------------
--- Intra-ligand clashes                                                     ---
--------------------------------------------------------------------------------

Ligand
  7 (C7   ) -   3 (C3   ):   1.20 (dist   2.72)
--------------------------------------------------------------------------------


--------------------------------------------------------------------------------
--- Chromosome decoded                                                       ---
--------------------------------------------------------------------------------
Ligand Torsions
[   6    2    1    3]  160.82
[  12    5    1    2]  168.07
Protein Torsions
[ 863  854  853  851]  -34.75 
Mapping
Ligand acceptors to protein hydrogens (mapping then atom ids)
Ligand hydrogens to protein acceptors (mapping then atom ids)
Ligand shape atoms to protein points (mapping then atom ids & coords)
  1  6938 [  5->(  9.750  24.750  18.250)]
  2 11232 [  6->( 14.250  23.250  16.750)]
  3  8661 [  7->( 11.250  23.250  16.250)]
  4  8048 [ 12->( 10.500  28.000  20.000)]
  5  9969 [ 13->( 12.750  24.250  15.500)]
  6 10407 [ 14->( 13.250  22.250  14.250)]
  7  9741 [ 16->( 12.500  23.500  14.500)]
Chromosome values
Integers:
  -1   -1   -1   -1   -1 6937 11231 8660 8047 9968 10406 9740 
--------------------------------------------------------------------------------


--------------------------------------------------------------------------------
--- Diverse Solutions Stats                                                  ---
--------------------------------------------------------------------------------
  Move attempts                            :  18937
  Move failures                            :      0
  Failure rate                             :   0.000

--------------------------------------------------------------------------------

Current Ranking  1

--------------------------------------------------------------------------------

* GA execution time :                                                           
  total  0.8695 user  0.8471 sys  0.0224

--------------------------------------------------------------------------------
Fitness function evaluations: 37703

--------------------------------------------------------------------------------
** Docking run number  2 **
--------------------------------------------------------------------------------
  Rank fitness base is 5000.00 ; increment is 11.2233

* Initialising population(s) ...                                                
Number of constraints mappings 0
Number of constraints 0
  Population no.                           :      1
  Population size                          :    100
  Number of duplicates                     :      0
  Number of niche violations               :      0
  Number of errors                         :  18567


Doing GA, no. of population(s) 1 size 100 selection pressure 1.100000

 Operation      Fitness  S(hb_ext) S(vdw_ext)  S(hb_int)    S(int)      intcor
         0      25.73       0.09      19.72       0.00      -7.32      -0.76
        22      25.97       0.16      19.21       0.00      -3.04      -0.76
Reordering...
        97      25.08       0.08      19.31       0.00      -7.32      -0.76
       138      28.50       0.00      21.39       0.00      -4.21      -0.76
Reordering...
       485      25.51       0.36      18.73       0.00      -2.21      -0.76
       509      26.24       0.00      19.29       0.00      -1.02      -0.76
       770      25.48       0.00      18.78       0.00      -1.02      -0.76
       807      25.45       0.00      18.76       0.00      -1.02      -0.76
       853      26.22       0.15      19.63       0.00      -2.64      -0.76
Reordering...
      1248      24.44       0.02      18.37       0.00      -1.84      -0.76
      1373      24.44       0.00      18.14       0.00      -1.05      -0.76
      1428      25.63       0.12      18.98       0.00      -1.15      -0.76
Reordering...
      1843      24.40       0.00      18.04       0.00      -0.61      -0.76
      1867      24.48       0.00      18.79       0.00      -1.98      -0.76
Reordering...
      1940      24.37       0.00      18.04       0.00      -0.61      -0.76
      1960      24.70       0.00      18.50       0.00      -1.02      -0.76
      2287      24.82       0.00      18.30       0.00      -0.38      -0.76
      2344      26.12       0.00      19.65       0.00      -0.96      -0.76
      2988      26.07       0.00      19.66       0.00      -0.96      -0.76
      3074      26.36       0.00      19.78       0.00      -0.83      -0.76
      3081      26.50       0.00      19.87       0.00      -0.83      -0.76
      3164      26.51       0.00      19.88       0.00      -0.83      -0.76
      3166      26.86       0.00      19.57       0.00      -0.06      -0.76
--------------------------------------------------------------------------------
Best docking solution after GA:
      3250      26.86       0.00      19.57       0.00      -0.06      -0.76

#ops:       3250 #mutates:   1570 #cross:     1680 #dups:       980 
#niche:     1321 #errors:     249 
--------------------------------------------------------------------------------

Doing AMOEBA simplex on best individual
Done simplexing #iterations 492, best score  30.82

Ligand is stored in gold_soln_ligand_prepared_m1_2.mol2


--------------------------------------------------------------------------------
--- GoldScore breakdown of terms                                             ---
--------------------------------------------------------------------------------
Fitness = S(hb_ext) + 1.3750*S(vdw_ext) + S(hb_int) + 1.0000*S(int)
S(int)  = S(vdw_int) + S(tors)

Internal terms are relative to best energy found (intcor).

--------------------------------------------------------------------------------


     Fitness  S(hb_ext) S(vdw_ext)  S(hb_int)    S(int)      intcor
     30.82       0.00      22.57       0.00      -0.21      -0.76

--------------------------------------------------------------------------------
--- GoldScore analysis of protein-ligand interactions                        ---
--------------------------------------------------------------------------------


--------------------------------------------------------------------------------

--------------------------------------------------------------------------------
--- Rescoring solution                                                       ---
--------------------------------------------------------------------------------

     Score     S(PLP)   S(hbond)     S(cho)   S(metal)  DE(clash)   DE(tors)
     27.16     -28.01       0.00       0.00       0.00       0.00       0.43

Doing AMOEBA simplex on best individual
Done simplexing #iterations 544, best score  32.13

     Score     S(PLP)   S(hbond)     S(cho)   S(metal)  DE(clash)   DE(tors)
     32.13     -33.34       0.00       0.00       0.00       0.00       0.60

--------------------------------------------------------------------------------
--- CHEMPLP breakdown of terms                                               ---
--------------------------------------------------------------------------------
CHEMPLP = - ( 1.0000*S(PLP) + -3.0000*S(hbond) + -6.0000*S(metal) + -3.0000*S(cho) )

Score = CHEMPLP - 1.0000*DE(clash) - 2.0000*DE(tors)


--------------------------------------------------------------------------------


--------------------------------------------------------------------------------
--- PLP analysis of protein-ligand interactions                              ---
--------------------------------------------------------------------------------
hydrogen bonding        :       0.00
metal                   :       0.00
buried (polar-nonpolar) :       0.23
nonpolar                :     -33.67
repulsive               :       0.00
--------------------------------------------------------------------------------


--------------------------------------------------------------------------------
--- ChemScore analysis of protein-ligand interactions                        ---
--------------------------------------------------------------------------------

* Hydrogen bonds                                                                


* CH..O interactions                                                            
  CH group selection                       : activated ring CH (adjacent to hetatom)

--------------------------------------------------------------------------------


--------------------------------------------------------------------------------
--- Intra-ligand clashes                                                     ---
--------------------------------------------------------------------------------

Ligand
--------------------------------------------------------------------------------


--------------------------------------------------------------------------------
--- Chromosome decoded                                                       ---
--------------------------------------------------------------------------------
Ligand Torsions
[   6    2    1    3]  -45.37
[  12    5    1    2]  174.37
Protein Torsions
[ 863  854  853  851] -104.57 
Mapping
Ligand acceptors to protein hydrogens (mapping then atom ids)
Ligand hydrogens to protein acceptors (mapping then atom ids)
Ligand shape atoms to protein points (mapping then atom ids & coords)
  1  9969 [  5->( 12.750  24.250  15.500)]
  2  8237 [  6->( 10.750  25.000  17.000)]
  4 11002 [ 12->( 14.000  22.250  14.750)]
  5  6487 [ 13->(  9.250  24.500  18.000)]
  6  6887 [ 14->(  9.750  24.000  17.500)]
Chromosome values
Integers:
  -1   -1   -1   -1   -1 9968 8236   -1 11001 6486 6886   -1 
--------------------------------------------------------------------------------


--------------------------------------------------------------------------------
--- Diverse Solutions Stats                                                  ---
--------------------------------------------------------------------------------
  Move attempts                            :  19153
  Move failures                            :      0
  Failure rate                             :   0.000

--------------------------------------------------------------------------------

Current Ranking  1  2

--------------------------------------------------------------------------------

* GA execution time :                                                           
  total  0.8737 user  0.8427 sys  0.0310

--------------------------------------------------------------------------------
Fitness function evaluations: 37989

--------------------------------------------------------------------------------
** Docking run number  3 **
--------------------------------------------------------------------------------
  Rank fitness base is 5000.00 ; increment is 11.2233

* Initialising population(s) ...                                                
Number of constraints mappings 0
Number of constraints 0
  Population no.                           :      1
  Population size                          :    100
  Number of duplicates                     :      0
  Number of niche violations               :      0
  Number of errors                         :  18403


Doing GA, no. of population(s) 1 size 100 selection pressure 1.100000

 Operation      Fitness  S(hb_ext) S(vdw_ext)  S(hb_int)    S(int)      intcor
         0      28.69       4.09      18.21       0.00      -2.18      -0.76
       132      28.09       3.92      18.08       0.00      -3.19      -0.76
       413      25.87       0.00      19.45       0.00      -3.41      -0.76
       429      25.85       0.00      19.45       0.00      -3.41      -0.76
       475      26.26       0.23      18.99       0.00      -0.30      -0.76
Reordering...
       582      25.01       0.08      18.86       0.00      -3.41      -0.76
Reordering...
       608      24.99       0.20      18.10       0.00      -0.30      -0.76
       647      25.01       0.20      18.11       0.00      -0.30      -0.76
Reordering...
       679      24.40       0.07      18.47       0.00      -3.41      -0.76
       814      25.03       0.03      18.39       0.00      -0.87      -0.76
      1397      23.42       0.00      17.14       0.00      -0.30      -0.76
      1408      24.89       0.04      18.18       0.00      -0.30      -0.76
Reordering...
      1649      23.20       0.00      17.22       0.00      -0.82      -0.76
      1784      23.42       0.00      17.35       0.00      -0.68      -0.76
      2094      23.62       0.00      17.65       0.00      -0.82      -0.76
      2114      23.80       0.00      19.33       0.00      -3.45      -0.76
      2145      23.78       0.00      18.56       0.00      -2.12      -0.76
      2228      23.84       0.00      18.66       0.00      -2.12      -0.76
      2351      23.69       0.00      18.67       0.00      -2.12      -0.76
      2388      23.70       0.17      18.59       0.00      -2.12      -0.76
      2951      24.10       0.00      18.54       0.00      -1.40      -0.76
      2996      24.20       0.00      18.62       0.00      -1.40      -0.76
      3091      25.12       0.00      19.05       0.00      -1.07      -0.76
      3094      25.15       0.00      19.07       0.00      -1.07      -0.76
--------------------------------------------------------------------------------
Best docking solution after GA:
      3250      25.15       0.00      19.07       0.00      -1.07      -0.76

#ops:       3250 #mutates:   1601 #cross:     1649 #dups:       928 
#niche:     1429 #errors:     252 
--------------------------------------------------------------------------------

Doing AMOEBA simplex on best individual
Done simplexing #iterations 507, best score  30.38

Ligand is stored in gold_soln_ligand_prepared_m1_3.mol2


--------------------------------------------------------------------------------
--- GoldScore breakdown of terms                                             ---
--------------------------------------------------------------------------------
Fitness = S(hb_ext) + 1.3750*S(vdw_ext) + S(hb_int) + 1.0000*S(int)
S(int)  = S(vdw_int) + S(tors)

Internal terms are relative to best energy found (intcor).

--------------------------------------------------------------------------------


     Fitness  S(hb_ext) S(vdw_ext)  S(hb_int)    S(int)      intcor
     30.38       0.00      22.60       0.00      -0.69      -0.76

--------------------------------------------------------------------------------
--- GoldScore analysis of protein-ligand interactions                        ---
--------------------------------------------------------------------------------


--------------------------------------------------------------------------------

--------------------------------------------------------------------------------
--- Rescoring solution                                                       ---
--------------------------------------------------------------------------------

     Score     S(PLP)   S(hbond)     S(cho)   S(metal)  DE(clash)   DE(tors)
     23.65     -23.78       0.00       0.00       0.00       0.00       0.07

Doing AMOEBA simplex on best individual
Done simplexing #iterations 434, best score  31.59

     Score     S(PLP)   S(hbond)     S(cho)   S(metal)  DE(clash)   DE(tors)
     31.59     -31.83       0.00       0.00       0.00       0.00       0.12

--------------------------------------------------------------------------------
--- CHEMPLP breakdown of terms                                               ---
--------------------------------------------------------------------------------
CHEMPLP = - ( 1.0000*S(PLP) + -3.0000*S(hbond) + -6.0000*S(metal) + -3.0000*S(cho) )

Score = CHEMPLP - 1.0000*DE(clash) - 2.0000*DE(tors)


--------------------------------------------------------------------------------


--------------------------------------------------------------------------------
--- PLP analysis of protein-ligand interactions                              ---
--------------------------------------------------------------------------------
hydrogen bonding        :       0.00
metal                   :       0.00
buried (polar-nonpolar) :       0.72
nonpolar                :     -33.04
repulsive               :       0.00
--------------------------------------------------------------------------------


--------------------------------------------------------------------------------
--- ChemScore analysis of protein-ligand interactions                        ---
--------------------------------------------------------------------------------

* Hydrogen bonds                                                                


* CH..O interactions                                                            
  CH group selection                       : activated ring CH (adjacent to hetatom)

--------------------------------------------------------------------------------


--------------------------------------------------------------------------------
--- Intra-ligand clashes                                                     ---
--------------------------------------------------------------------------------

Ligand
--------------------------------------------------------------------------------


--------------------------------------------------------------------------------
--- Chromosome decoded                                                       ---
--------------------------------------------------------------------------------
Ligand Torsions
[   6    2    1    3]  135.98
[  12    5    1    2]  172.28
Protein Torsions
[ 863  854  853  851] -144.50 
Mapping
Ligand acceptors to protein hydrogens (mapping then atom ids)
Ligand hydrogens to protein acceptors (mapping then atom ids)
Ligand shape atoms to protein points (mapping then atom ids & coords)
  1  9905 [  5->( 12.750  22.250  14.750)]
  4 11082 [ 12->( 14.000  24.250  14.250)]
  7  6649 [ 16->(  9.500  24.000  17.750)]
Chromosome values
Integers:
  -1   -1   -1   -1   -1 9904   -1   -1 11081   -1   -1 6648 
--------------------------------------------------------------------------------


--------------------------------------------------------------------------------
--- Diverse Solutions Stats                                                  ---
--------------------------------------------------------------------------------
  Move attempts                            :  19006
  Move failures                            :      0
  Failure rate                             :   0.000

--------------------------------------------------------------------------------

Current Ranking  1  2  3

--------------------------------------------------------------------------------

* GA execution time :                                                           
  total  0.9248 user  0.8311 sys  0.0938

--------------------------------------------------------------------------------
Fitness function evaluations: 37681

--------------------------------------------------------------------------------
** Docking run number  4 **
--------------------------------------------------------------------------------
  Rank fitness base is 5000.00 ; increment is 11.2233

* Initialising population(s) ...                                                
Number of constraints mappings 0
Number of constraints 0
  Population no.                           :      1
  Population size                          :    100
  Number of duplicates                     :      0
  Number of niche violations               :      0
  Number of errors                         :  18546


Doing GA, no. of population(s) 1 size 100 selection pressure 1.100000

 Operation      Fitness  S(hb_ext) S(vdw_ext)  S(hb_int)    S(int)      intcor
         0      28.37       0.00      22.00       0.00      -9.43      -0.76
Reordering...
       291      25.11       0.08      18.24       0.00      -0.21      -0.76
       326      25.53       1.06      18.25       0.00      -2.52      -0.76
Reordering...
       352      25.11       0.08      18.24       0.00      -0.21      -0.76
       368      25.69       0.00      20.46       0.00      -9.67      -0.76
Reordering...
       485      24.88       0.07      18.09       0.00      -0.21      -0.76
       677      26.69       0.99      19.45       0.00      -3.31      -0.76
       777      26.72       1.06      19.47       0.00      -3.31      -0.76
Reordering...
      1261      25.17       0.00      19.06       0.00      -2.29      -0.76
      1287      26.85       0.00      20.30       0.00      -2.29      -0.76
      1618      28.03       0.00      21.34       0.00      -2.29      -0.76
      1692      28.36       0.00      21.38       0.00      -1.73      -0.76
--------------------------------------------------------------------------------
Best docking solution after GA:
      3250      27.67       0.00      21.38       0.00      -1.73      -0.76

#ops:       3250 #mutates:   1613 #cross:     1637 #dups:       860 
#niche:     1266 #errors:     348 
--------------------------------------------------------------------------------

Doing AMOEBA simplex on best individual
Done simplexing #iterations 478, best score  30.64

Ligand is stored in gold_soln_ligand_prepared_m1_4.mol2


--------------------------------------------------------------------------------
--- GoldScore breakdown of terms                                             ---
--------------------------------------------------------------------------------
Fitness = S(hb_ext) + 1.3750*S(vdw_ext) + S(hb_int) + 1.0000*S(int)
S(int)  = S(vdw_int) + S(tors)

Internal terms are relative to best energy found (intcor).

--------------------------------------------------------------------------------


     Fitness  S(hb_ext) S(vdw_ext)  S(hb_int)    S(int)      intcor
     30.64       0.00      23.24       0.00      -1.32      -0.76

--------------------------------------------------------------------------------
--- GoldScore analysis of protein-ligand interactions                        ---
--------------------------------------------------------------------------------


--------------------------------------------------------------------------------

--------------------------------------------------------------------------------
--- Rescoring solution                                                       ---
--------------------------------------------------------------------------------

     Score     S(PLP)   S(hbond)     S(cho)   S(metal)  DE(clash)   DE(tors)
     27.65     -29.74       0.00       0.00       0.00       0.47       0.81

Doing AMOEBA simplex on best individual
Done simplexing #iterations 452, best score  35.39

     Score     S(PLP)   S(hbond)     S(cho)   S(metal)  DE(clash)   DE(tors)
     35.39     -37.38       0.00       0.00       0.00       0.07       0.96

--------------------------------------------------------------------------------
--- CHEMPLP breakdown of terms                                               ---
--------------------------------------------------------------------------------
CHEMPLP = - ( 1.0000*S(PLP) + -3.0000*S(hbond) + -6.0000*S(metal) + -3.0000*S(cho) )

Score = CHEMPLP - 1.0000*DE(clash) - 2.0000*DE(tors)


--------------------------------------------------------------------------------


--------------------------------------------------------------------------------
--- PLP analysis of protein-ligand interactions                              ---
--------------------------------------------------------------------------------
hydrogen bonding        :       0.00
metal                   :       0.00
buried (polar-nonpolar) :      -3.90
nonpolar                :     -33.65
repulsive               :       0.10
--------------------------------------------------------------------------------


--------------------------------------------------------------------------------
--- ChemScore analysis of protein-ligand interactions                        ---
--------------------------------------------------------------------------------

* Hydrogen bonds                                                                


* CH..O interactions                                                            
  CH group selection                       : activated ring CH (adjacent to hetatom)

--------------------------------------------------------------------------------


--------------------------------------------------------------------------------
--- Intra-ligand clashes                                                     ---
--------------------------------------------------------------------------------

Ligand
  7 (C7   ) -   4 (C4   ):   0.07 (dist   2.75)
--------------------------------------------------------------------------------


--------------------------------------------------------------------------------
--- Chromosome decoded                                                       ---
--------------------------------------------------------------------------------
Ligand Torsions
[   6    2    1    3]   80.10
[  12    5    1    2] -162.20
Protein Torsions
[ 863  854  853  851]  -34.47 
Mapping
Ligand acceptors to protein hydrogens (mapping then atom ids)
Ligand hydrogens to protein acceptors (mapping then atom ids)
Ligand shape atoms to protein points (mapping then atom ids & coords)
  1 10520 [  5->( 13.250  26.250  13.750)]
  3  8415 [  7->( 11.000  23.500  16.500)]
  4 10239 [ 12->( 13.000  25.750  14.000)]
  5  6692 [ 13->(  9.500  25.000  17.750)]
  6  6478 [ 14->(  9.250  24.250  17.750)]
Chromosome values
Integers:
  -1   -1   -1   -1   -1 10519   -1 8414 10238 6691 6477   -1 
--------------------------------------------------------------------------------


--------------------------------------------------------------------------------
--- Diverse Solutions Stats                                                  ---
--------------------------------------------------------------------------------
  Move attempts                            :  18979
  Move failures                            :     25
  Failure rate                             :   0.001

--------------------------------------------------------------------------------

Current Ranking  1  2  4  3

--------------------------------------------------------------------------------

* GA execution time :                                                           
  total  0.8951 user  0.8163 sys  0.0788

--------------------------------------------------------------------------------
Fitness function evaluations: 37871

--------------------------------------------------------------------------------
** Docking run number  5 **
--------------------------------------------------------------------------------
  Rank fitness base is 5000.00 ; increment is 11.2233

* Initialising population(s) ...                                                
Number of constraints mappings 0
Number of constraints 0
  Population no.                           :      1
  Population size                          :    100
  Number of duplicates                     :      0
  Number of niche violations               :      0
  Number of errors                         :  18710


Doing GA, no. of population(s) 1 size 100 selection pressure 1.100000

 Operation      Fitness  S(hb_ext) S(vdw_ext)  S(hb_int)    S(int)      intcor
         0      29.58       0.00      23.94       0.00     -16.72      -0.76
       159      30.58       0.99      22.59       0.00      -6.75      -0.76
       348      30.30       0.97      22.00       0.00      -3.75      -0.76
Reordering...
      1261      27.99       0.00      20.38       0.00      -0.09      -0.76
      1389      28.25       0.82      20.85       0.00      -2.52      -0.76
      1630      28.13       0.00      20.50       0.00      -0.09      -0.76
      1855      28.32       0.00      20.73       0.00      -0.27      -0.76
--------------------------------------------------------------------------------
Best docking solution after GA:
      3250      28.23       0.00      20.73       0.00      -0.27      -0.76

#ops:       3250 #mutates:   1633 #cross:     1617 #dups:       797 
#niche:     1547 #errors:     278 
--------------------------------------------------------------------------------

Doing AMOEBA simplex on best individual
Done simplexing #iterations 428, best score  31.58

Ligand is stored in gold_soln_ligand_prepared_m1_5.mol2


--------------------------------------------------------------------------------
--- GoldScore breakdown of terms                                             ---
--------------------------------------------------------------------------------
Fitness = S(hb_ext) + 1.3750*S(vdw_ext) + S(hb_int) + 1.0000*S(int)
S(int)  = S(vdw_int) + S(tors)

Internal terms are relative to best energy found (intcor).

--------------------------------------------------------------------------------


     Fitness  S(hb_ext) S(vdw_ext)  S(hb_int)    S(int)      intcor
     31.58       0.00      23.02       0.00      -0.07      -0.76

--------------------------------------------------------------------------------
--- GoldScore analysis of protein-ligand interactions                        ---
--------------------------------------------------------------------------------


--------------------------------------------------------------------------------

--------------------------------------------------------------------------------
--- Rescoring solution                                                       ---
--------------------------------------------------------------------------------

     Score     S(PLP)   S(hbond)     S(cho)   S(metal)  DE(clash)   DE(tors)
     26.26     -26.35       0.00       0.00       0.00       0.00       0.04

Doing AMOEBA simplex on best individual
Done simplexing #iterations 352, best score  35.66

     Score     S(PLP)   S(hbond)     S(cho)   S(metal)  DE(clash)   DE(tors)
     35.66     -35.79       0.00       0.00       0.00       0.00       0.07

--------------------------------------------------------------------------------
--- CHEMPLP breakdown of terms                                               ---
--------------------------------------------------------------------------------
CHEMPLP = - ( 1.0000*S(PLP) + -3.0000*S(hbond) + -6.0000*S(metal) + -3.0000*S(cho) )

Score = CHEMPLP - 1.0000*DE(clash) - 2.0000*DE(tors)


--------------------------------------------------------------------------------


--------------------------------------------------------------------------------
--- PLP analysis of protein-ligand interactions                              ---
--------------------------------------------------------------------------------
hydrogen bonding        :       0.00
metal                   :       0.00
buried (polar-nonpolar) :      -4.22
nonpolar                :     -31.83
repulsive               :       0.01
--------------------------------------------------------------------------------


--------------------------------------------------------------------------------
--- ChemScore analysis of protein-ligand interactions                        ---
--------------------------------------------------------------------------------

* Hydrogen bonds                                                                


* CH..O interactions                                                            
  CH group selection                       : activated ring CH (adjacent to hetatom)

--------------------------------------------------------------------------------


--------------------------------------------------------------------------------
--- Intra-ligand clashes                                                     ---
--------------------------------------------------------------------------------

Ligand
--------------------------------------------------------------------------------


--------------------------------------------------------------------------------
--- Chromosome decoded                                                       ---
--------------------------------------------------------------------------------
Ligand Torsions
[   6    2    1    3]  -60.35
[  12    5    1    2]  178.58
Protein Torsions
[ 863  854  853  851] -112.23 
Mapping
Ligand acceptors to protein hydrogens (mapping then atom ids)
Ligand hydrogens to protein acceptors (mapping then atom ids)
Ligand shape atoms to protein points (mapping then atom ids & coords)
  1  7985 [  5->( 10.500  25.000  18.250)]
  2 10179 [  6->( 13.000  23.250  15.500)]
  4  8281 [ 12->( 10.750  27.500  20.250)]
  5  8659 [ 13->( 11.250  23.250  15.750)]
  6 10230 [ 14->( 13.000  25.000  14.500)]
  7 11828 [ 16->( 15.000  22.500  15.250)]
Chromosome values
Integers:
  -1   -1   -1   -1   -1 7984 10178   -1 8280 8658 10229 11827 
--------------------------------------------------------------------------------


--------------------------------------------------------------------------------
--- Diverse Solutions Stats                                                  ---
--------------------------------------------------------------------------------
  Move attempts                            :  18759
  Move failures                            :      8
  Failure rate                             :   0.000

--------------------------------------------------------------------------------

Current Ranking  1  5  2  4  3

--------------------------------------------------------------------------------

* GA execution time :                                                           
  total  1.6891 user  1.6633 sys  0.0258

--------------------------------------------------------------------------------
Fitness function evaluations: 37759

--------------------------------------------------------------------------------
** Docking run number  6 **
--------------------------------------------------------------------------------
  Rank fitness base is 5000.00 ; increment is 11.2233

* Initialising population(s) ...                                                
Number of constraints mappings 0
Number of constraints 0
  Population no.                           :      1
  Population size                          :    100
  Number of duplicates                     :      0
  Number of niche violations               :      0
  Number of errors                         :  19103


Doing GA, no. of population(s) 1 size 100 selection pressure 1.100000

 Operation      Fitness  S(hb_ext) S(vdw_ext)  S(hb_int)    S(int)      intcor
         0      26.55       0.04      21.25       0.00     -13.50      -0.76
        76      28.94       0.03      22.52       0.00      -9.81      -0.76
       375      27.85       0.02      22.04       0.00      -9.81      -0.76
       510      29.28       0.00      21.50       0.00      -1.00      -0.76
       999      28.21       0.00      20.79       0.00      -1.00      -0.76
      1003      28.25       0.00      20.82       0.00      -1.00      -0.76
      1099      27.97       0.00      20.64       0.00      -1.00      -0.76
      1446      26.84       0.07      19.85       0.00      -1.00      -0.76
Reordering...
      1455      26.58       0.04      20.03       0.00      -1.92      -0.76
      2143      26.09       0.00      20.10       0.00      -1.92      -0.76
      2357      26.71       0.02      19.93       0.00      -0.77      -0.76
      2858      27.36       0.37      20.19       0.00      -0.77      -0.76
      3081      27.84       0.20      21.15       0.00      -1.45      -0.76
      3099      28.11       0.00      20.93       0.00      -0.67      -0.76
      3107      28.40       0.11      21.62       0.00      -1.45      -0.76
--------------------------------------------------------------------------------
Best docking solution after GA:
      3250      28.40       0.11      21.62       0.00      -1.45      -0.76

#ops:       3250 #mutates:   1618 #cross:     1632 #dups:       913 
#niche:     1120 #errors:     364 
--------------------------------------------------------------------------------

Doing AMOEBA simplex on best individual
Done simplexing #iterations 500, best score  32.89

Ligand is stored in gold_soln_ligand_prepared_m1_6.mol2


--------------------------------------------------------------------------------
--- GoldScore breakdown of terms                                             ---
--------------------------------------------------------------------------------
Fitness = S(hb_ext) + 1.3750*S(vdw_ext) + S(hb_int) + 1.0000*S(int)
S(int)  = S(vdw_int) + S(tors)

Internal terms are relative to best energy found (intcor).

--------------------------------------------------------------------------------


     Fitness  S(hb_ext) S(vdw_ext)  S(hb_int)    S(int)      intcor
     32.89       0.08      24.70       0.00      -1.15      -0.76

--------------------------------------------------------------------------------
--- GoldScore analysis of protein-ligand interactions                        ---
--------------------------------------------------------------------------------

  Ligand acceptor    9 Protein hydrogen  863 donor  854 bond energy  2.00 wt 0.04

--------------------------------------------------------------------------------

--------------------------------------------------------------------------------
--- Rescoring solution                                                       ---
--------------------------------------------------------------------------------

     Score     S(PLP)   S(hbond)     S(cho)   S(metal)  DE(clash)   DE(tors)
     20.03     -21.58       0.10       0.00       0.00       0.63       0.62

Doing AMOEBA simplex on best individual
Done simplexing #iterations 481, best score  34.32

     Score     S(PLP)   S(hbond)     S(cho)   S(metal)  DE(clash)   DE(tors)
     34.32     -33.21       1.00       0.00       0.00       0.93       0.48

--------------------------------------------------------------------------------
--- CHEMPLP breakdown of terms                                               ---
--------------------------------------------------------------------------------
CHEMPLP = - ( 1.0000*S(PLP) + -3.0000*S(hbond) + -6.0000*S(metal) + -3.0000*S(cho) )

Score = CHEMPLP - 1.0000*DE(clash) - 2.0000*DE(tors)


--------------------------------------------------------------------------------


--------------------------------------------------------------------------------
--- PLP analysis of protein-ligand interactions                              ---
--------------------------------------------------------------------------------
hydrogen bonding        :      -1.00
metal                   :       0.00
buried (polar-nonpolar) :      -2.31
nonpolar                :     -31.17
repulsive               :       0.00
--------------------------------------------------------------------------------


--------------------------------------------------------------------------------
--- ChemScore analysis of protein-ligand interactions                        ---
--------------------------------------------------------------------------------

* Hydrogen bonds                                                                
Protein donor  854 hydrogen  863 Ligand acceptor    9 bond energy  1.00 wt 1.00


* CH..O interactions                                                            
  CH group selection                       : activated ring CH (adjacent to hetatom)

--------------------------------------------------------------------------------


--------------------------------------------------------------------------------
--- Intra-ligand clashes                                                     ---
--------------------------------------------------------------------------------

Ligand
  7 (C7   ) -   4 (C4   ):   0.93 (dist   2.72)
--------------------------------------------------------------------------------


--------------------------------------------------------------------------------
--- Chromosome decoded                                                       ---
--------------------------------------------------------------------------------
Ligand Torsions
[   6    2    1    3]   77.34
[  12    5    1    2] -167.71
Protein Torsions
[ 863  854  853  851]  -94.88 
Mapping
Ligand acceptors to protein hydrogens (mapping then atom ids)
  1   3 [  9-> 863]
Ligand hydrogens to protein acceptors (mapping then atom ids)
Ligand shape atoms to protein points (mapping then atom ids & coords)
  1  7729 [  5->( 10.250  26.500  20.750)]
  5  5601 [ 13->(  7.500  21.250  21.000)]
  7  5903 [ 16->(  8.000  19.750  23.250)]
Chromosome values
Integers:
   2   -1   -1   -1   -1 7728   -1   -1   -1 5600   -1 5902 
--------------------------------------------------------------------------------


--------------------------------------------------------------------------------
--- Diverse Solutions Stats                                                  ---
--------------------------------------------------------------------------------
  Move attempts                            :  18955
  Move failures                            :     34
  Failure rate                             :   0.002

--------------------------------------------------------------------------------

Current Ranking  6  1  5  2  4  3

--------------------------------------------------------------------------------

* GA execution time :                                                           
  total  1.0544 user  1.0173 sys  0.0371

--------------------------------------------------------------------------------
Fitness function evaluations: 38408

--------------------------------------------------------------------------------
** Docking run number  7 **
--------------------------------------------------------------------------------
  Rank fitness base is 5000.00 ; increment is 11.2233

* Initialising population(s) ...                                                
Number of constraints mappings 0
Number of constraints 0
  Population no.                           :      1
  Population size                          :    100
  Number of duplicates                     :      0
  Number of niche violations               :      0
  Number of errors                         :  18816


Doing GA, no. of population(s) 1 size 100 selection pressure 1.100000

 Operation      Fitness  S(hb_ext) S(vdw_ext)  S(hb_int)    S(int)      intcor
         0      26.80       0.03      22.13       0.00     -18.26      -0.76
       220      25.43       0.00      19.77       0.00      -7.74      -0.76
Reordering...
       291      23.93       0.00      17.93       0.00      -2.98      -0.76
       349      25.83       0.00      20.31       0.00      -8.48      -0.76
       352      27.43       0.00      21.63       0.00      -9.17      -0.76
       390      27.66       0.08      21.51       0.00      -7.77      -0.76
       654      28.64       0.07      21.16       0.00      -1.73      -0.76
       982      28.15       0.54      20.55       0.00      -1.73      -0.76
      1626      27.37       0.67      19.70       0.00      -0.67      -0.76
Reordering...
      2037      25.17       0.00      19.05       0.00      -1.36      -0.76
      2134      25.14       0.00      19.08       0.00      -1.36      -0.76
      2714      24.94       0.00      19.12       0.00      -1.36      -0.76
      3074      24.99       0.00      19.17       0.00      -1.37      -0.76
--------------------------------------------------------------------------------
Best docking solution after GA:
      3250      24.99       0.00      19.17       0.00      -1.37      -0.76

#ops:       3250 #mutates:   1654 #cross:     1596 #dups:       868 
#niche:     1356 #errors:     283 
--------------------------------------------------------------------------------

Doing AMOEBA simplex on best individual
Done simplexing #iterations 575, best score  31.61

Ligand is stored in gold_soln_ligand_prepared_m1_7.mol2


--------------------------------------------------------------------------------
--- GoldScore breakdown of terms                                             ---
--------------------------------------------------------------------------------
Fitness = S(hb_ext) + 1.3750*S(vdw_ext) + S(hb_int) + 1.0000*S(int)
S(int)  = S(vdw_int) + S(tors)

Internal terms are relative to best energy found (intcor).

--------------------------------------------------------------------------------


     Fitness  S(hb_ext) S(vdw_ext)  S(hb_int)    S(int)      intcor
     31.61       0.00      23.11       0.00      -0.16      -0.76

--------------------------------------------------------------------------------
--- GoldScore analysis of protein-ligand interactions                        ---
--------------------------------------------------------------------------------


--------------------------------------------------------------------------------

--------------------------------------------------------------------------------
--- Rescoring solution                                                       ---
--------------------------------------------------------------------------------

     Score     S(PLP)   S(hbond)     S(cho)   S(metal)  DE(clash)   DE(tors)
     27.63     -28.12       0.00       0.00       0.00       0.00       0.25

Doing AMOEBA simplex on best individual
Done simplexing #iterations 481, best score  35.23

     Score     S(PLP)   S(hbond)     S(cho)   S(metal)  DE(clash)   DE(tors)
     35.23     -35.40       0.00       0.00       0.00       0.00       0.09

--------------------------------------------------------------------------------
--- CHEMPLP breakdown of terms                                               ---
--------------------------------------------------------------------------------
CHEMPLP = - ( 1.0000*S(PLP) + -3.0000*S(hbond) + -6.0000*S(metal) + -3.0000*S(cho) )

Score = CHEMPLP - 1.0000*DE(clash) - 2.0000*DE(tors)


--------------------------------------------------------------------------------


--------------------------------------------------------------------------------
--- PLP analysis of protein-ligand interactions                              ---
--------------------------------------------------------------------------------
hydrogen bonding        :       0.00
metal                   :       0.00
buried (polar-nonpolar) :      -3.00
nonpolar                :     -32.39
repulsive               :       0.11
--------------------------------------------------------------------------------


--------------------------------------------------------------------------------
--- ChemScore analysis of protein-ligand interactions                        ---
--------------------------------------------------------------------------------

* Hydrogen bonds                                                                


* CH..O interactions                                                            
  CH group selection                       : activated ring CH (adjacent to hetatom)

--------------------------------------------------------------------------------


--------------------------------------------------------------------------------
--- Intra-ligand clashes                                                     ---
--------------------------------------------------------------------------------

Ligand
--------------------------------------------------------------------------------


--------------------------------------------------------------------------------
--- Chromosome decoded                                                       ---
--------------------------------------------------------------------------------
Ligand Torsions
[   6    2    1    3]  -44.91
[  12    5    1    2]  169.52
Protein Torsions
[ 863  854  853  851] -170.62 
Mapping
Ligand acceptors to protein hydrogens (mapping then atom ids)
Ligand hydrogens to protein acceptors (mapping then atom ids)
Ligand shape atoms to protein points (mapping then atom ids & coords)
  1 12098 [  5->( 15.250  22.500  16.750)]
  2  8196 [  6->( 10.750  24.000  17.750)]
  6  6847 [ 14->(  9.750  23.250  20.500)]
  7  6592 [ 16->(  9.500  23.000  17.750)]
Chromosome values
Integers:
  -1   -1   -1   -1   -1 12097 8195   -1   -1   -1 6846 6591 
--------------------------------------------------------------------------------


--------------------------------------------------------------------------------
--- Diverse Solutions Stats                                                  ---
--------------------------------------------------------------------------------
  Move attempts                            :  19156
  Move failures                            :     71
  Failure rate                             :   0.004

--------------------------------------------------------------------------------

Current Ranking  6  1  7  5  2  4  3

--------------------------------------------------------------------------------

* GA execution time :                                                           
  total  0.9440 user  0.8683 sys  0.0757

--------------------------------------------------------------------------------
Fitness function evaluations: 38214

--------------------------------------------------------------------------------
** Docking run number  8 **
--------------------------------------------------------------------------------
  Rank fitness base is 5000.00 ; increment is 11.2233

* Initialising population(s) ...                                                
Number of constraints mappings 0
Number of constraints 0
  Population no.                           :      1
  Population size                          :    100
  Number of duplicates                     :      0
  Number of niche violations               :      0
  Number of errors                         :  18547


Doing GA, no. of population(s) 1 size 100 selection pressure 1.100000

 Operation      Fitness  S(hb_ext) S(vdw_ext)  S(hb_int)    S(int)      intcor
         0      31.50       2.10      22.35       0.00      -6.67      -0.76
       570      26.17       0.00      19.96       0.00      -4.48      -0.76
Reordering...
       679      23.88       0.00      17.52       0.00      -0.70      -0.76
       779      25.02       0.43      20.92       0.00     -12.56      -0.76
       824      28.22       0.42      20.65       0.00      -1.72      -0.76
      1218      27.17       0.41      20.34       0.00      -2.71      -0.76
Reordering...
      1552      25.69       0.00      19.06       0.00      -0.94      -0.76
      1553      25.81       0.39      19.58       0.00      -2.71      -0.76
Reordering...
      1649      25.66       0.00      19.06       0.00      -0.94      -0.76
      2201      25.44       0.00      19.07       0.00      -0.94      -0.76
      2282      25.77       0.31      19.37       0.00      -1.31      -0.76
      2325      25.98       0.03      19.35       0.00      -0.71      -0.76
      2473      26.02       0.30      19.66       0.00      -1.31      -0.76
      2668      26.20       0.00      19.59       0.00      -0.73      -0.76
      2696      26.23       0.32      19.16       0.00      -0.44      -0.76
      2725      27.05       0.35      19.54       0.00      -0.16      -0.76
      2867      27.06       0.31      19.78       0.00      -0.44      -0.76
      3048      27.07       0.42      19.48       0.00      -0.13      -0.76
      3056      27.08       0.32      19.63       0.00      -0.24      -0.76
      3167      27.13       0.29      19.69       0.00      -0.24      -0.76
      3178      27.39       0.32      19.78       0.00      -0.13      -0.76
--------------------------------------------------------------------------------
Best docking solution after GA:
      3250      27.39       0.32      19.78       0.00      -0.13      -0.76

#ops:       3250 #mutates:   1647 #cross:     1603 #dups:       887 
#niche:     1346 #errors:     272 
--------------------------------------------------------------------------------

Doing AMOEBA simplex on best individual
Done simplexing #iterations 602, best score  31.46

Ligand is stored in gold_soln_ligand_prepared_m1_8.mol2


--------------------------------------------------------------------------------
--- GoldScore breakdown of terms                                             ---
--------------------------------------------------------------------------------
Fitness = S(hb_ext) + 1.3750*S(vdw_ext) + S(hb_int) + 1.0000*S(int)
S(int)  = S(vdw_int) + S(tors)

Internal terms are relative to best energy found (intcor).

--------------------------------------------------------------------------------


     Fitness  S(hb_ext) S(vdw_ext)  S(hb_int)    S(int)      intcor
     31.46       0.17      22.83       0.00      -0.10      -0.76

--------------------------------------------------------------------------------
--- GoldScore analysis of protein-ligand interactions                        ---
--------------------------------------------------------------------------------

  Ligand acceptor   17 Protein hydrogen  863 donor  854 bond energy  2.00 wt 0.08

--------------------------------------------------------------------------------

--------------------------------------------------------------------------------
--- Rescoring solution                                                       ---
--------------------------------------------------------------------------------

     Score     S(PLP)   S(hbond)     S(cho)   S(metal)  DE(clash)   DE(tors)
     34.93     -34.26       0.70       0.00       0.00       0.00       0.71

Doing AMOEBA simplex on best individual
Done simplexing #iterations 391, best score  38.31

     Score     S(PLP)   S(hbond)     S(cho)   S(metal)  DE(clash)   DE(tors)
     38.31     -35.90       1.00       0.00       0.00       0.00       0.30

--------------------------------------------------------------------------------
--- CHEMPLP breakdown of terms                                               ---
--------------------------------------------------------------------------------
CHEMPLP = - ( 1.0000*S(PLP) + -3.0000*S(hbond) + -6.0000*S(metal) + -3.0000*S(cho) )

Score = CHEMPLP - 1.0000*DE(clash) - 2.0000*DE(tors)


--------------------------------------------------------------------------------


--------------------------------------------------------------------------------
--- PLP analysis of protein-ligand interactions                              ---
--------------------------------------------------------------------------------
hydrogen bonding        :      -1.00
metal                   :       0.00
buried (polar-nonpolar) :       1.71
nonpolar                :     -35.81
repulsive               :       0.00
--------------------------------------------------------------------------------


--------------------------------------------------------------------------------
--- ChemScore analysis of protein-ligand interactions                        ---
--------------------------------------------------------------------------------

* Hydrogen bonds                                                                
Protein donor  854 hydrogen  863 Ligand acceptor   17 bond energy  1.00 wt 1.00


* CH..O interactions                                                            
  CH group selection                       : activated ring CH (adjacent to hetatom)

--------------------------------------------------------------------------------


--------------------------------------------------------------------------------
--- Intra-ligand clashes                                                     ---
--------------------------------------------------------------------------------

Ligand
--------------------------------------------------------------------------------


--------------------------------------------------------------------------------
--- Chromosome decoded                                                       ---
--------------------------------------------------------------------------------
Ligand Torsions
[   6    2    1    3]  -48.86
[  12    5    1    2]  172.00
Protein Torsions
[ 863  854  853  851]  -61.08 
Mapping
Ligand acceptors to protein hydrogens (mapping then atom ids)
  3   3 [ 17-> 863]
Ligand hydrogens to protein acceptors (mapping then atom ids)
Ligand shape atoms to protein points (mapping then atom ids & coords)
  1  6964 [  5->(  9.750  25.250  17.500)]
  3  7728 [  7->( 10.250  26.500  20.500)]
  4  7224 [ 12->( 10.000  24.000  19.500)]
  6  7755 [ 14->( 10.250  27.750  20.500)]
  7  8057 [ 16->( 10.500  28.250  21.000)]
Chromosome values
Integers:
  -1   -1    2   -1   -1 6963   -1 7727 7223   -1 7754 8056 
--------------------------------------------------------------------------------


--------------------------------------------------------------------------------
--- Diverse Solutions Stats                                                  ---
--------------------------------------------------------------------------------
  Move attempts                            :  19002
  Move failures                            :     46
  Failure rate                             :   0.002

--------------------------------------------------------------------------------

Current Ranking  6  1  7  5  8  2  4  3

--------------------------------------------------------------------------------

* GA execution time :                                                           
  total  0.9782 user  0.9074 sys  0.0708

--------------------------------------------------------------------------------
Fitness function evaluations: 37794

--------------------------------------------------------------------------------
** Docking run number  9 **
--------------------------------------------------------------------------------
  Rank fitness base is 5000.00 ; increment is 11.2233

* Initialising population(s) ...                                                
Number of constraints mappings 0
Number of constraints 0
  Population no.                           :      1
  Population size                          :    100
  Number of duplicates                     :      0
  Number of niche violations               :      0
  Number of errors                         :  18536


Doing GA, no. of population(s) 1 size 100 selection pressure 1.100000

 Operation      Fitness  S(hb_ext) S(vdw_ext)  S(hb_int)    S(int)      intcor
         0      26.18       0.00      20.72       0.00     -11.59      -0.76
        48      30.02       0.04      22.05       0.00      -1.65      -0.76
       145      29.66       0.04      21.81       0.00      -1.65      -0.76
       471      28.06       0.04      21.42       0.00      -5.33      -0.76
Reordering...
       480      28.05       0.04      20.70       0.00      -1.65      -0.76
       631      28.82       0.23      21.69       0.00      -4.12      -0.76
       715      29.06       0.22      21.45       0.00      -2.03      -0.76
       990      27.55       0.19      20.45       0.00      -2.03      -0.76
      1016      27.63       0.19      20.72       0.00      -2.72      -0.76
      1116      27.28       0.18      20.82       0.00      -3.74      -0.76
Reordering...
      1358      25.90       0.00      19.30       0.00      -1.33      -0.76
      1578      25.57       0.10      19.07       0.00      -1.33      -0.76
      1805      25.62       0.67      18.63       0.00      -1.03      -0.76
Reordering...
      1824      25.01       0.08      18.78       0.00      -1.33      -0.76
Reordering...
      2134      23.91       0.00      17.73       0.00      -0.59      -0.76
      2147      24.15       0.03      18.23       0.00      -1.16      -0.76
      2203      26.10       0.03      19.67       0.00      -1.16      -0.76
      2491      25.94       0.03      19.69       0.00      -1.16      -0.76
      2519      26.18       0.00      20.04       0.00      -1.37      -0.76
      2570      26.21       0.00      20.06       0.00      -1.37      -0.76
      2694      26.23       0.00      19.98       0.00      -1.25      -0.76
      2810      26.30       0.02      20.11       0.00      -1.37      -0.76
--------------------------------------------------------------------------------
Best docking solution after GA:
      3250      26.30       0.02      20.11       0.00      -1.37      -0.76

#ops:       3250 #mutates:   1676 #cross:     1574 #dups:       816 
#niche:     1444 #errors:     336 
--------------------------------------------------------------------------------

Doing AMOEBA simplex on best individual
Done simplexing #iterations 583, best score  28.55

Ligand is stored in gold_soln_ligand_prepared_m1_9.mol2


--------------------------------------------------------------------------------
--- GoldScore breakdown of terms                                             ---
--------------------------------------------------------------------------------
Fitness = S(hb_ext) + 1.3750*S(vdw_ext) + S(hb_int) + 1.0000*S(int)
S(int)  = S(vdw_int) + S(tors)

Internal terms are relative to best energy found (intcor).

--------------------------------------------------------------------------------


     Fitness  S(hb_ext) S(vdw_ext)  S(hb_int)    S(int)      intcor
     28.55       0.03      21.61       0.00      -1.20      -0.76

--------------------------------------------------------------------------------
--- GoldScore analysis of protein-ligand interactions                        ---
--------------------------------------------------------------------------------

  Ligand acceptor    9 Protein hydrogen  863 donor  854 bond energy  2.00 wt 0.02

--------------------------------------------------------------------------------

--------------------------------------------------------------------------------
--- Rescoring solution                                                       ---
--------------------------------------------------------------------------------

     Score     S(PLP)   S(hbond)     S(cho)   S(metal)  DE(clash)   DE(tors)
     29.31     -30.85       0.04       0.00       0.00       0.27       0.70

Doing AMOEBA simplex on best individual
Done simplexing #iterations 491, best score  38.76

     Score     S(PLP)   S(hbond)     S(cho)   S(metal)  DE(clash)   DE(tors)
     38.76     -37.71       0.83       0.00       0.00       1.21       0.12

--------------------------------------------------------------------------------
--- CHEMPLP breakdown of terms                                               ---
--------------------------------------------------------------------------------
CHEMPLP = - ( 1.0000*S(PLP) + -3.0000*S(hbond) + -6.0000*S(metal) + -3.0000*S(cho) )

Score = CHEMPLP - 1.0000*DE(clash) - 2.0000*DE(tors)


--------------------------------------------------------------------------------


--------------------------------------------------------------------------------
--- PLP analysis of protein-ligand interactions                              ---
--------------------------------------------------------------------------------
hydrogen bonding        :      -1.00
metal                   :       0.00
buried (polar-nonpolar) :      -1.66
nonpolar                :     -34.75
repulsive               :       0.00
--------------------------------------------------------------------------------


--------------------------------------------------------------------------------
--- ChemScore analysis of protein-ligand interactions                        ---
--------------------------------------------------------------------------------

* Hydrogen bonds                                                                
Protein donor  854 hydrogen  863 Ligand acceptor    9 bond energy  1.00 wt 0.83


* CH..O interactions                                                            
  CH group selection                       : activated ring CH (adjacent to hetatom)

--------------------------------------------------------------------------------


--------------------------------------------------------------------------------
--- Intra-ligand clashes                                                     ---
--------------------------------------------------------------------------------

Ligand
  7 (C7   ) -   3 (C3   ):   1.21 (dist   2.72)
--------------------------------------------------------------------------------


--------------------------------------------------------------------------------
--- Chromosome decoded                                                       ---
--------------------------------------------------------------------------------
Ligand Torsions
[   6    2    1    3]  163.80
[  12    5    1    2]  171.65
Protein Torsions
[ 863  854  853  851] -121.40 
Mapping
Ligand acceptors to protein hydrogens (mapping then atom ids)
Ligand hydrogens to protein acceptors (mapping then atom ids)
Ligand shape atoms to protein points (mapping then atom ids & coords)
  3 12118 [  7->( 15.250  23.000  17.000)]
  4  7539 [ 12->( 10.250  23.500  17.500)]
  5 10142 [ 13->( 13.000  22.250  14.250)]
  6 11855 [ 14->( 15.000  23.000  16.500)]
  7 10842 [ 16->( 13.750  22.500  14.750)]
Chromosome values
Integers:
  -1   -1   -1   -1   -1   -1   -1 12117 7538 10141 11854 10841 
--------------------------------------------------------------------------------


--------------------------------------------------------------------------------
--- Diverse Solutions Stats                                                  ---
--------------------------------------------------------------------------------
  Move attempts                            :  19118
  Move failures                            :     63
  Failure rate                             :   0.003

--------------------------------------------------------------------------------

Current Ranking  6  1  7  5  8  2  4  3  9

--------------------------------------------------------------------------------

* GA execution time :                                                           
  total  0.9701 user  0.8578 sys  0.1124

--------------------------------------------------------------------------------
Fitness function evaluations: 37949

--------------------------------------------------------------------------------
** Docking run number 10 **
--------------------------------------------------------------------------------
  Rank fitness base is 5000.00 ; increment is 11.2233

* Initialising population(s) ...                                                
Number of constraints mappings 0
Number of constraints 0
  Population no.                           :      1
  Population size                          :    100
  Number of duplicates                     :      0
  Number of niche violations               :      0
  Number of errors                         :  18937


Doing GA, no. of population(s) 1 size 100 selection pressure 1.100000

 Operation      Fitness  S(hb_ext) S(vdw_ext)  S(hb_int)    S(int)      intcor
         0      29.00       0.03      21.58       0.00      -3.46      -0.76
       208      27.40       0.00      20.50       0.00      -3.46      -0.76
       446      26.25       0.00      19.75       0.00      -3.46      -0.76
       487      26.36       0.00      20.72       0.00      -7.77      -0.76
       960      25.68       0.00      20.81       0.00      -7.77      -0.76
      1180      25.41       0.00      20.90       0.00      -7.77      -0.76
      1476      25.50       0.00      19.85       0.00      -3.39      -0.76
      1504      25.52       0.00      19.84       0.00      -3.27      -0.76
      1561      27.00       0.00      20.08       0.00      -1.12      -0.76
      1603      27.03       0.00      20.13       0.00      -1.12      -0.76
      2202      26.70       0.00      20.10       0.00      -1.12      -0.76
      2372      26.69       0.00      20.18       0.00      -1.12      -0.76
--------------------------------------------------------------------------------
Best docking solution after GA:
      3250      26.64       0.00      20.18       0.00      -1.12      -0.76

#ops:       3250 #mutates:   1650 #cross:     1600 #dups:       881 
#niche:     1281 #errors:     349 
--------------------------------------------------------------------------------

Doing AMOEBA simplex on best individual
Done simplexing #iterations 537, best score  31.76

Ligand is stored in gold_soln_ligand_prepared_m1_10.mol2


--------------------------------------------------------------------------------
--- GoldScore breakdown of terms                                             ---
--------------------------------------------------------------------------------
Fitness = S(hb_ext) + 1.3750*S(vdw_ext) + S(hb_int) + 1.0000*S(int)
S(int)  = S(vdw_int) + S(tors)

Internal terms are relative to best energy found (intcor).

--------------------------------------------------------------------------------


     Fitness  S(hb_ext) S(vdw_ext)  S(hb_int)    S(int)      intcor
     31.76       0.00      23.58       0.00      -0.66      -0.76

--------------------------------------------------------------------------------
--- GoldScore analysis of protein-ligand interactions                        ---
--------------------------------------------------------------------------------


--------------------------------------------------------------------------------

--------------------------------------------------------------------------------
--- Rescoring solution                                                       ---
--------------------------------------------------------------------------------

     Score     S(PLP)   S(hbond)     S(cho)   S(metal)  DE(clash)   DE(tors)
    -12.93      10.74       0.00       0.00       0.00       0.00       1.09

Doing AMOEBA simplex on best individual
Done simplexing #iterations 433, best score  34.36

     Score     S(PLP)   S(hbond)     S(cho)   S(metal)  DE(clash)   DE(tors)
     34.36     -36.80       0.00       0.00       0.00       0.72       0.86

--------------------------------------------------------------------------------
--- CHEMPLP breakdown of terms                                               ---
--------------------------------------------------------------------------------
CHEMPLP = - ( 1.0000*S(PLP) + -3.0000*S(hbond) + -6.0000*S(metal) + -3.0000*S(cho) )

Score = CHEMPLP - 1.0000*DE(clash) - 2.0000*DE(tors)


--------------------------------------------------------------------------------


--------------------------------------------------------------------------------
--- PLP analysis of protein-ligand interactions                              ---
--------------------------------------------------------------------------------
hydrogen bonding        :       0.00
metal                   :       0.00
buried (polar-nonpolar) :      -3.05
nonpolar                :     -34.42
repulsive               :       0.11
--------------------------------------------------------------------------------


--------------------------------------------------------------------------------
--- ChemScore analysis of protein-ligand interactions                        ---
--------------------------------------------------------------------------------

* Hydrogen bonds                                                                


* CH..O interactions                                                            
  CH group selection                       : activated ring CH (adjacent to hetatom)

--------------------------------------------------------------------------------


--------------------------------------------------------------------------------
--- Intra-ligand clashes                                                     ---
--------------------------------------------------------------------------------

Ligand
  6 (C6   ) -   3 (C3   ):   0.72 (dist   2.73)
--------------------------------------------------------------------------------


--------------------------------------------------------------------------------
--- Chromosome decoded                                                       ---
--------------------------------------------------------------------------------
Ligand Torsions
[   6    2    1    3]  -29.13
[  12    5    1    2]  169.93
Protein Torsions
[ 863  854  853  851]  158.45 
Mapping
Ligand acceptors to protein hydrogens (mapping then atom ids)
  1   2 [  9-> 855]
Ligand hydrogens to protein acceptors (mapping then atom ids)
Ligand shape atoms to protein points (mapping then atom ids & coords)
  2  7877 [  6->( 10.500  23.250  18.000)]
  4 14718 [ 12->( 18.750  23.750  18.750)]
Chromosome values
Integers:
   1   -1   -1   -1   -1   -1 7876   -1 14717   -1   -1   -1 
--------------------------------------------------------------------------------


--------------------------------------------------------------------------------
--- Diverse Solutions Stats                                                  ---
--------------------------------------------------------------------------------
  Move attempts                            :  18970
  Move failures                            :     48
  Failure rate                             :   0.003

--------------------------------------------------------------------------------

Current Ranking  6 10  1  7  5  8  2  4  3  9

--------------------------------------------------------------------------------

* GA execution time :                                                           
  total  1.0441 user  0.8963 sys  0.1478

--------------------------------------------------------------------------------
Fitness function evaluations: 38231

--------------------------------------------------------------------------------
--- Ranking analysis                                                         ---
--------------------------------------------------------------------------------


* Final ranked order of GA solutions:                                           
   6 10  1  7  5  8  2  4  3  9 

  _______________________________
  RMSD Matrix of RANKED solutions

        2    3    4    5    6    7    8    9   10  

   1 :  5.1  4.6  4.8  4.9  4.7  5.3  4.9  5.3  5.2
   2 :       5.4  0.7  5.3  6.8  3.0  3.1  3.0  4.7
   3 :            5.2  0.9  4.9  5.1  4.7  5.2  2.9
   4 :                 5.1  6.6  2.8  2.9  2.8  4.5
   5 :                      5.2  5.0  4.6  5.0  2.9
   6 :                           6.3  6.2  6.3  5.7
   7 :                                2.4  0.1  4.1
   8 :                                     2.4  4.8
   9 :                                          4.1

  Clustering method                        : complete linkage
  Structure ids in cluster table           : rank nos.
  Ordering of clusters and their members   : by rank (order if from rms_analysis)

  Distance | Clusters
   0.09    |  1 |  2 |  3 |  4 |  5 |  6 |  7  9 |  8 | 10 |
   0.67    |  1 |  2  4 |  3 |  5 |  6 |  7  9 |  8 | 10 |
   0.88    |  1 |  2  4 |  3  5 |  6 |  7  9 |  8 | 10 |
   2.40    |  1 |  2  4 |  3  5 |  6 |  7  8  9 | 10 |
   2.93    |  1 |  2  4 |  3  5 10 |  6 |  7  8  9 |
   3.07    |  1 |  2  4  7  8  9 |  3  5 10 |  6 |
   4.67    |  1  6 |  2  4  7  8  9 |  3  5 10 |
   5.44    |  1  6 |  2  3  4  5  7  8  9 10 |
   6.78    |  1  2  3  4  5  6  7  8  9 10 |
  Finished Docking Ligand                  : /mnt/c/Users/ricca/Desktop/Documents/1_Coding/1_Script_Github/Reverse_Docking_Explore_V3/2h24_cavity/ligand_prepared.mol2
--------------------------------------------------------------------------------

  Relative_Ligand_Energy (best encountered) :  -0.759
  Relative_Ligand_Energy: fitness values have been corrected using this amount
