
--------------------------------------------------------------------------------
--- Ligand                                                                   ---
--------------------------------------------------------------------------------
  Ligand loaded from file                  : /mnt/c/Users/ricca/Desktop/Documents/1_Coding/1_Script_Github/Reverse_Docking_Explore_V3/4i1b_cavity/ligand_prepared.mol2
  Ligand name                              :  
  "CT1002167954                                                             "

--------------------------------------------------------------------------------
  N.plc donors                             : 
  none found

  Acidic nitrogen acceptors                : 
  none found
  Sulfur acceptors                         :
  none found


  Donor atoms                              :      2
  8   10  
  Acceptor atoms                           :      3
  9   11  17  

  Hydrogens                                :  (n = 2)
  22   23   

  Lone pairs added to molecule             :      6
  Numbering                                : from 30 to 35

--------------------------------------------------------------------------------
--- Postprocessing of typing                                                 ---
--------------------------------------------------------------------------------
  Fragment file                            : /home/hitesit/CCDC/Discovery_2022/GOLD/gold/rotatable_bond_override.mol2
  acylurea fragment                        : 2 matches
  Ligand bond 15-8  set to flip
  Ligand bond 15-10  set to flip
  Ligand bond 15-10  set to 1
  Ligand bond 15-8  set to 1
  Ligand bond 10-4  set to flip
  Ligand bond 8-3  set to flip
  thioacylthiourea fragment                : no matches
  acylthiourea fragment                    : no matches
  thioacylurea fragment                    : no matches
  diarylamine fragment >C.ar-NH-C.ar<      : no matches
  sec-amine (1) fragment                   : no matches
  sec-amine (2) fragment                   : no matches
  sec-amine (3) fragment                   : no matches
  carboxylic ester                         : no matches

* Rotatable bonds in /mnt/c/Users/ricca/D  :
  [   1    2] [   1    5] 
  No. of rotatable bonds                   :      2


* Reading torsional distributions from file:
  /home/hitesit/CCDC/Discovery_2022/GOLD/gold/gold.tordist
  No. of bins in torsional distributions   :     36
  Minimum size of largest peak             :      0
  Removing high energy torsions            : on
  Delta E set to                           :   2.500

* Fragments found in /mnt/c/Users/ricca/D  :
  atom   2: benzene
  atom   6: benzene
  atom   7: benzene
  atom  13: benzene
  atom  14: benzene
  atom  16: benzene


* Checking torsion distributions:                                               
  No. of matched torsions                  :      0

--------------------------------------------------------------------------------
--- Shape fitting atoms selection (hydrophobic atoms)                        ---
--------------------------------------------------------------------------------
  Molecule                                 : /mnt/c/Users/ricca/Desktop/Documents/1_Coding/1_Script_Github/Reverse_Docking_Explore_V3/4i1b_cavity/ligand_prepared.mol2
  Selection                                : carbons only
  Atom numbers                             :  (n = 7)
  5    6    7    12   13   14   16   

--------------------------------------------------------------------------------
--- Diverse Solutions Setup                                                  ---
--------------------------------------------------------------------------------
  Cluster size                             :      2
  RMSD                                     :   2.000
  Refinement                               :      0


--------------------------------------------------------------------------------
--- ChemScore ligand setup summary                                           ---
--------------------------------------------------------------------------------
  ChemScore ligand acceptors               :      3
  9 11 17 
  ChemScore ligand donors                  :      2
  8 ( 22  ) 10 ( 23  ) 
  ChemScore ligand CH donors               :      0
  

  ChemScore ligand lipophilic atoms        :  (n = 9)
  1    2    5    6    7    12   13   14   16   

  ChemScore ligand rotatable bonds         :      2
  1   (C1 ) - 2   (C2 ): SP3_SP2_BOND
  1   (C1 ) - 5   (C5 ): SP3_SP3_BOND

--------------------------------------------------------------------------------
--- PLP ligand setup summary                                                 ---
--------------------------------------------------------------------------------
    1    C1   C.3 NONPOLAR
    2    C2  C.ar NONPOLAR
    3    C3   C.2 NONPOLAR
    4    C4   C.2 NONPOLAR
    5    C5   C.3 NONPOLAR
    6    C6  C.ar NONPOLAR
    7    C7  C.ar NONPOLAR
    8    N8  N.am DONOR
    9    O9   O.2 ACCEPTOR
   10   N10  N.am DONOR
   11   O11   O.2 ACCEPTOR
   12   C12   C.3 NONPOLAR
   13   C13  C.ar NONPOLAR
   14   C14  C.ar NONPOLAR
   15   C15   C.2 NONPOLAR
   16   C16  C.ar NONPOLAR
   17   O17   O.2 ACCEPTOR

--------------------------------------------------------------------------------
--- Automatic parameter setting                                              ---
--------------------------------------------------------------------------------
  Contribution base                        :   2500
  Contribution per rotatable bond          :   6000
  Contribution per df                      :   4000
  Contribution per water                   :  10000
  Ligand rotatable bonds                   :      2
  Protein flexible side chain bonds        :      0
  Total rotatable bonds                    :      2
  Hydrophobic vol ratio (P/L)              :   1.189
  Base multiplier (polar)                  :   1.000
  Base multiplier (apolar)                 :   1.665
  Base contribution                        : 5000.000
  Fitting points                           :      5
  Estimated maxops needed (optimal)        :  17500
  Autoscale factor (in percent)            :     10
  Scaled maxops                            :   2000

--------------------------------------------------------------------------------

* Population settings                                                           
  maxops                                   :   2000
  popsiz                                   :    100
  select_pressure                          :   1.100
  n_islands                                :      1
  niche_siz                                :      2

* GA settings                                                                   
  pt_crosswt                               :    100
  allele_mutatewt                          :    100
  migratewt                                :      0

* Search settings                                                               
  start_vdw_linear_cutoff                  :   6.000
  initial_virtual_pt_match_max             :   3.000
  Scaling of internal VDW energy           : log scale from  0.2 to    1
                                             over 1500 ops
  Sampling interval (operations)           :     20
  Scaling of virtual pt maximum length     : linear scale from    3 to    2
                                             over  1500 ops
  Sampling interval (operations)           :     60
  Scaling of 4-8 potential cutoff          : log scale from    6 to 1.2e+02
                                             over 1500 ops
  Sampling interval (operations)           :     60

--------------------------------------------------------------------------------

* Ligand initialisation time :                                                  
  total  0.1578 user  0.0125 sys  0.1454

--------------------------------------------------------------------------------

--------------------------------------------------------------------------------
** Docking run number  1 **
--------------------------------------------------------------------------------
  Rank fitness base is 5000.00 ; increment is 11.2233

* Initialising population(s) ...                                                
Number of constraints mappings 0
Number of constraints 0
  Population no.                           :      1
  Population size                          :    100
  Number of duplicates                     :      0
  Number of niche violations               :      0
  Number of errors                         :    333


Doing GA, no. of population(s) 1 size 100 selection pressure 1.100000

 Operation      Fitness  S(hb_ext) S(vdw_ext)  S(hb_int)    S(int)      intcor
         0      33.41       0.46      24.76       0.00      -5.46      -0.83
Reordering...
       180      30.46       0.00      22.42       0.00      -1.50      -0.83
       643      27.31       0.34      21.21       0.00      -5.53      -0.83
      1024      26.26       0.27      21.11       0.00      -5.07      -0.83
      1990      24.35       1.38      19.19       0.00      -3.42      -0.83
--------------------------------------------------------------------------------
Best docking solution after GA:
      2000      24.35       1.38      19.19       0.00      -3.42      -0.83

#ops:       2000 #mutates:    946 #cross:     1054 #dups:       400 
#niche:      967 #errors:      21 
--------------------------------------------------------------------------------

Doing AMOEBA simplex on best individual
Done simplexing #iterations 987, best score  29.05

Ligand is stored in gold_soln_ligand_prepared_m1_1.mol2


--------------------------------------------------------------------------------
--- GoldScore breakdown of terms                                             ---
--------------------------------------------------------------------------------
Fitness = S(hb_ext) + 1.3750*S(vdw_ext) + S(hb_int) + 1.0000*S(int)
S(int)  = S(vdw_int) + S(tors)

Internal terms are relative to best energy found (intcor).

--------------------------------------------------------------------------------


     Fitness  S(hb_ext) S(vdw_ext)  S(hb_int)    S(int)      intcor
     29.05       2.00      20.55       0.00      -1.20      -0.83

--------------------------------------------------------------------------------
--- GoldScore analysis of protein-ligand interactions                        ---
--------------------------------------------------------------------------------

  Ligand donor    8 hydrogen   22 Protein acceptor 1330 bond energy  2.00 wt 1.00

--------------------------------------------------------------------------------

--------------------------------------------------------------------------------
--- Rescoring solution                                                       ---
--------------------------------------------------------------------------------

     Score     S(PLP)   S(hbond)     S(cho)   S(metal)  DE(clash)   DE(tors)
     23.09     -21.60       1.00       0.00       0.00       1.38       0.07

Doing AMOEBA simplex on best individual
Done simplexing #iterations 723, best score  29.30

     Score     S(PLP)   S(hbond)     S(cho)   S(metal)  DE(clash)   DE(tors)
     29.30     -27.93       0.93       0.00       0.00       1.37       0.02

--------------------------------------------------------------------------------
--- CHEMPLP breakdown of terms                                               ---
--------------------------------------------------------------------------------
CHEMPLP = - ( 1.0000*S(PLP) + -3.0000*S(hbond) + -6.0000*S(metal) + -3.0000*S(cho) )

Score = CHEMPLP - 1.0000*DE(clash) - 2.0000*DE(tors)


--------------------------------------------------------------------------------


--------------------------------------------------------------------------------
--- PLP analysis of protein-ligand interactions                              ---
--------------------------------------------------------------------------------
hydrogen bonding        :      -1.00
metal                   :       0.00
buried (polar-nonpolar) :      -1.33
nonpolar                :     -26.73
repulsive               :       0.23
--------------------------------------------------------------------------------


--------------------------------------------------------------------------------
--- ChemScore analysis of protein-ligand interactions                        ---
--------------------------------------------------------------------------------

* Hydrogen bonds                                                                
Ligand donor    8 hydrogen   22 Protein acceptor 1330 bond energy  1.00 wt 0.93


* CH..O interactions                                                            
  CH group selection                       : activated ring CH (adjacent to hetatom)

--------------------------------------------------------------------------------


--------------------------------------------------------------------------------
--- Intra-ligand clashes                                                     ---
--------------------------------------------------------------------------------

Ligand
  7 (C7   ) -   3 (C3   ):   1.37 (dist   2.71)
--------------------------------------------------------------------------------


--------------------------------------------------------------------------------
--- Chromosome decoded                                                       ---
--------------------------------------------------------------------------------
Ligand Torsions
[   6    2    1    3]  163.86
[  12    5    1    2]  174.30
Protein Torsions
[1397 1388 1387 1385] -158.17 
[ 952  941  940  939]   91.98 
[  48   47   46   43]   65.31 
[ 987  978  977  976]   24.11 
[1041 1036 1035 1033]  -15.72 
[ 651  646  645  642]  -14.36 
[ 678  674  673  670]   47.64 
[2412 2406 2405 2402] -137.42 
[2413 2407 2403 2402] -119.98 
Mapping
Ligand acceptors to protein hydrogens (mapping then atom ids)
Ligand hydrogens to protein acceptors (mapping then atom ids)
Ligand shape atoms to protein points (mapping then atom ids & coords)
  1  2150 [  5->( 13.500   5.500  16.000)]
  2  3435 [  6->( 15.500   8.250  14.250)]
  4  2086 [ 12->( 13.250   5.000  16.000)]
  6  4014 [ 14->( 16.500   7.250  14.750)]
  7  3095 [ 16->( 15.000  10.250  13.500)]
Chromosome values
Integers:
  -1   -1   -1   -1   -1 2149 3434   -1 2085   -1 4013 3094 
--------------------------------------------------------------------------------


--------------------------------------------------------------------------------
--- Diverse Solutions Stats                                                  ---
--------------------------------------------------------------------------------
  Move attempts                            :  16101
  Move failures                            :      0
  Failure rate                             :   0.000

--------------------------------------------------------------------------------

Current Ranking  1

--------------------------------------------------------------------------------

* GA execution time :                                                           
  total  0.7828 user  0.6168 sys  0.1660

--------------------------------------------------------------------------------
Fitness function evaluations: 16456

--------------------------------------------------------------------------------
** Docking run number  2 **
--------------------------------------------------------------------------------
  Rank fitness base is 5000.00 ; increment is 11.2233

* Initialising population(s) ...                                                
Number of constraints mappings 0
Number of constraints 0
  Population no.                           :      1
  Population size                          :    100
  Number of duplicates                     :      0
  Number of niche violations               :      0
  Number of errors                         :    330


Doing GA, no. of population(s) 1 size 100 selection pressure 1.100000

 Operation      Fitness  S(hb_ext) S(vdw_ext)  S(hb_int)    S(int)      intcor
         0      32.12       1.04      24.35       0.00     -12.04      -0.77
Reordering...
        60      30.34       0.66      22.88       0.00      -8.36      -0.77
Reordering...
       420      24.02       1.38      17.45       0.00      -4.27      -0.77
       565      24.38       0.16      19.83       0.00      -8.36      -0.77
       651      23.64       0.15      19.50       0.00      -8.36      -0.77
       687      22.86       0.16      19.41       0.00      -9.59      -0.77
Reordering...
       720      22.20       1.38      16.49       0.00      -4.27      -0.77
       744      22.19       1.38      16.51       0.00      -4.27      -0.77
       769      22.43       1.66      16.95       0.00      -5.61      -0.77
Reordering...
       780      21.92       1.38      16.37       0.00      -4.27      -0.77
       834      23.21       1.38      16.39       0.00      -1.45      -0.77
       918      24.00       2.00      16.72       0.00      -1.89      -0.77
Reordering...
       960      23.76       1.38      17.99       0.00      -4.21      -0.77
Reordering...
      1300      22.73       1.38      16.39       0.00      -1.45      -0.77
      1574      23.08       1.38      17.59       0.00      -2.49      -0.77
      1592      23.27       1.51      17.33       0.00      -2.06      -0.77
      1878      23.56       1.29      16.81       0.00      -0.84      -0.77
      1939      24.04       1.51      17.15       0.00      -1.05      -0.77
--------------------------------------------------------------------------------
Best docking solution after GA:
      2000      24.04       1.51      17.15       0.00      -1.05      -0.77

#ops:       2000 #mutates:    992 #cross:     1008 #dups:       417 
#niche:      939 #errors:      58 
--------------------------------------------------------------------------------

Doing AMOEBA simplex on best individual
Done simplexing #iterations 803, best score  28.87

Ligand is stored in gold_soln_ligand_prepared_m1_2.mol2


--------------------------------------------------------------------------------
--- GoldScore breakdown of terms                                             ---
--------------------------------------------------------------------------------
Fitness = S(hb_ext) + 1.3750*S(vdw_ext) + S(hb_int) + 1.0000*S(int)
S(int)  = S(vdw_int) + S(tors)

Internal terms are relative to best energy found (intcor).

--------------------------------------------------------------------------------


     Fitness  S(hb_ext) S(vdw_ext)  S(hb_int)    S(int)      intcor
     28.87       0.55      21.00       0.00      -0.55      -0.77

--------------------------------------------------------------------------------
--- GoldScore analysis of protein-ligand interactions                        ---
--------------------------------------------------------------------------------

  Ligand donor   10 hydrogen   23 Protein acceptor 1380 bond energy  2.00 wt 0.28

--------------------------------------------------------------------------------

--------------------------------------------------------------------------------
--- Rescoring solution                                                       ---
--------------------------------------------------------------------------------

     Score     S(PLP)   S(hbond)     S(cho)   S(metal)  DE(clash)   DE(tors)
     15.37     -15.84       0.57       0.00       0.00       0.00       1.09

Doing AMOEBA simplex on best individual
Done simplexing #iterations 1217, best score  29.10

     Score     S(PLP)   S(hbond)     S(cho)   S(metal)  DE(clash)   DE(tors)
     29.10     -28.20       1.00       0.00       0.00       0.00       1.05

--------------------------------------------------------------------------------
--- CHEMPLP breakdown of terms                                               ---
--------------------------------------------------------------------------------
CHEMPLP = - ( 1.0000*S(PLP) + -3.0000*S(hbond) + -6.0000*S(metal) + -3.0000*S(cho) )

Score = CHEMPLP - 1.0000*DE(clash) - 2.0000*DE(tors)


--------------------------------------------------------------------------------


--------------------------------------------------------------------------------
--- PLP analysis of protein-ligand interactions                              ---
--------------------------------------------------------------------------------
hydrogen bonding        :      -1.00
metal                   :       0.00
buried (polar-nonpolar) :      -5.73
nonpolar                :     -22.35
repulsive               :       0.36
--------------------------------------------------------------------------------


--------------------------------------------------------------------------------
--- ChemScore analysis of protein-ligand interactions                        ---
--------------------------------------------------------------------------------

* Hydrogen bonds                                                                
Ligand donor   10 hydrogen   23 Protein acceptor 1380 bond energy  1.00 wt 1.00


* CH..O interactions                                                            
  CH group selection                       : activated ring CH (adjacent to hetatom)

--------------------------------------------------------------------------------


--------------------------------------------------------------------------------
--- Intra-ligand clashes                                                     ---
--------------------------------------------------------------------------------

Ligand
--------------------------------------------------------------------------------


--------------------------------------------------------------------------------
--- Chromosome decoded                                                       ---
--------------------------------------------------------------------------------
Ligand Torsions
[   6    2    1    3]  -91.53
[  12    5    1    2] -166.74
Protein Torsions
[1397 1388 1387 1385]  -34.02 
[ 952  941  940  939]  109.89 
[  48   47   46   43]  -95.87 
[ 987  978  977  976]  -19.96 
[1041 1036 1035 1033]   32.06 
[ 651  646  645  642]  -11.79 
[ 678  674  673  670]   42.78 
[2412 2406 2405 2402] -112.30 
[2413 2407 2403 2402]   60.02 
Mapping
Ligand acceptors to protein hydrogens (mapping then atom ids)
Ligand hydrogens to protein acceptors (mapping then atom ids)
  2   1 [ 23->1380]
Ligand shape atoms to protein points (mapping then atom ids & coords)
  1  2713 [  5->( 14.750   6.500  15.000)]
  5  2274 [ 13->( 14.000   4.750  15.750)]
  6  2481 [ 14->( 14.500   4.500  16.750)]
  7  2135 [ 16->( 13.500   4.500  16.000)]
Chromosome values
Integers:
  -1   -1   -1   -1    0 2712   -1   -1   -1 2273 2480 2134 
--------------------------------------------------------------------------------


--------------------------------------------------------------------------------
--- Diverse Solutions Stats                                                  ---
--------------------------------------------------------------------------------
  Move attempts                            :  16402
  Move failures                            :      0
  Failure rate                             :   0.000

--------------------------------------------------------------------------------

Current Ranking  1  2

--------------------------------------------------------------------------------

* GA execution time :                                                           
  total  0.7952 user  0.6521 sys  0.1431

--------------------------------------------------------------------------------
Fitness function evaluations: 16793

--------------------------------------------------------------------------------
** Docking run number  3 **
--------------------------------------------------------------------------------
  Rank fitness base is 5000.00 ; increment is 11.2233

* Initialising population(s) ...                                                
Number of constraints mappings 0
Number of constraints 0
  Population no.                           :      1
  Population size                          :    100
  Number of duplicates                     :      0
  Number of niche violations               :      0
  Number of errors                         :    345


Doing GA, no. of population(s) 1 size 100 selection pressure 1.100000

 Operation      Fitness  S(hb_ext) S(vdw_ext)  S(hb_int)    S(int)      intcor
         0      31.90       1.93      22.86       0.00      -7.31      -0.77
       166      30.80       1.88      22.30       0.00      -7.31      -0.77
       373      29.82       0.54      24.40       0.00     -14.54      -0.77
       437      29.82       0.53      24.63       0.00     -14.54      -0.77
       580      29.61       0.45      22.49       0.00      -4.71      -0.77
       843      28.79       0.42      22.65       0.00      -5.61      -0.77
Reordering...
      1480      23.79       0.00      17.86       0.00      -0.79      -0.77
      1625      25.17       0.00      19.88       0.00      -2.16      -0.77
--------------------------------------------------------------------------------
Best docking solution after GA:
      2000      25.17       0.00      19.88       0.00      -2.16      -0.77

#ops:       2000 #mutates:   1019 #cross:      981 #dups:       460 
#niche:      953 #errors:      38 
--------------------------------------------------------------------------------

Doing AMOEBA simplex on best individual
Done simplexing #iterations 1083, best score  32.92

Ligand is stored in gold_soln_ligand_prepared_m1_3.mol2


--------------------------------------------------------------------------------
--- GoldScore breakdown of terms                                             ---
--------------------------------------------------------------------------------
Fitness = S(hb_ext) + 1.3750*S(vdw_ext) + S(hb_int) + 1.0000*S(int)
S(int)  = S(vdw_int) + S(tors)

Internal terms are relative to best energy found (intcor).

--------------------------------------------------------------------------------


     Fitness  S(hb_ext) S(vdw_ext)  S(hb_int)    S(int)      intcor
     32.92       0.18      25.06       0.00      -1.72      -0.77

--------------------------------------------------------------------------------
--- GoldScore analysis of protein-ligand interactions                        ---
--------------------------------------------------------------------------------

  Ligand acceptor   11 Protein hydrogen 1041 donor 1036 bond energy  2.00 wt 0.09

--------------------------------------------------------------------------------

--------------------------------------------------------------------------------
--- Rescoring solution                                                       ---
--------------------------------------------------------------------------------

     Score     S(PLP)   S(hbond)     S(cho)   S(metal)  DE(clash)   DE(tors)
      9.83     -12.34       0.00       0.00       0.00       1.43       0.54

Doing AMOEBA simplex on best individual
Done simplexing #iterations 1083, best score  22.48

     Score     S(PLP)   S(hbond)     S(cho)   S(metal)  DE(clash)   DE(tors)
     22.48     -24.85       0.00       0.00       0.00       1.45       0.47

--------------------------------------------------------------------------------
--- CHEMPLP breakdown of terms                                               ---
--------------------------------------------------------------------------------
CHEMPLP = - ( 1.0000*S(PLP) + -3.0000*S(hbond) + -6.0000*S(metal) + -3.0000*S(cho) )

Score = CHEMPLP - 1.0000*DE(clash) - 2.0000*DE(tors)


--------------------------------------------------------------------------------


--------------------------------------------------------------------------------
--- PLP analysis of protein-ligand interactions                              ---
--------------------------------------------------------------------------------
hydrogen bonding        :       0.00
metal                   :       0.00
buried (polar-nonpolar) :      -4.42
nonpolar                :     -21.34
repulsive               :       0.66
--------------------------------------------------------------------------------


--------------------------------------------------------------------------------
--- ChemScore analysis of protein-ligand interactions                        ---
--------------------------------------------------------------------------------

* Hydrogen bonds                                                                


* CH..O interactions                                                            
  CH group selection                       : activated ring CH (adjacent to hetatom)

--------------------------------------------------------------------------------


--------------------------------------------------------------------------------
--- Intra-ligand clashes                                                     ---
--------------------------------------------------------------------------------

Ligand
  6 (C6   ) -   4 (C4   ):   1.45 (dist   2.71)
--------------------------------------------------------------------------------


--------------------------------------------------------------------------------
--- Chromosome decoded                                                       ---
--------------------------------------------------------------------------------
Ligand Torsions
[   6    2    1    3] -105.45
[  12    5    1    2] -170.79
Protein Torsions
[1397 1388 1387 1385]   65.49 
[ 952  941  940  939]   89.26 
[  48   47   46   43]  -88.04 
[ 987  978  977  976]  107.74 
[1041 1036 1035 1033]  161.08 
[ 651  646  645  642]   85.66 
[ 678  674  673  670]  -60.35 
[2412 2406 2405 2402]  102.64 
[2413 2407 2403 2402]   60.02 
Mapping
Ligand acceptors to protein hydrogens (mapping then atom ids)
Ligand hydrogens to protein acceptors (mapping then atom ids)
Ligand shape atoms to protein points (mapping then atom ids & coords)
  2  3603 [  6->( 15.750   7.750  14.750)]
  3  2825 [  7->( 14.750   9.250  14.750)]
  5  3067 [ 13->( 15.000   9.750  12.000)]
  6  3059 [ 14->( 15.000   9.500  13.500)]
Chromosome values
Integers:
  -1   -1   -1   -1   -1   -1 3602 2824   -1 3066 3058   -1 
--------------------------------------------------------------------------------


--------------------------------------------------------------------------------
--- Diverse Solutions Stats                                                  ---
--------------------------------------------------------------------------------
  Move attempts                            :  16499
  Move failures                            :      0
  Failure rate                             :   0.000

--------------------------------------------------------------------------------

Current Ranking  3  1  2

--------------------------------------------------------------------------------

* GA execution time :                                                           
  total  0.9008 user  0.6339 sys  0.2669

--------------------------------------------------------------------------------
Fitness function evaluations: 16885

--------------------------------------------------------------------------------
** Docking run number  4 **
--------------------------------------------------------------------------------
  Rank fitness base is 5000.00 ; increment is 11.2233

* Initialising population(s) ...                                                
Number of constraints mappings 0
Number of constraints 0
  Population no.                           :      1
  Population size                          :    100
  Number of duplicates                     :      0
  Number of niche violations               :      0
  Number of errors                         :    340


Doing GA, no. of population(s) 1 size 100 selection pressure 1.100000

 Operation      Fitness  S(hb_ext) S(vdw_ext)  S(hb_int)    S(int)      intcor
         0      34.30       0.67      27.36       0.00     -19.96      -0.77
       222      31.72       0.78      23.21       0.00      -3.86      -0.77
       229      32.21       1.10      23.34       0.00      -3.86      -0.77
Reordering...
       360      29.18       0.41      25.19       0.00     -19.96      -0.77
Reordering...
       400      28.93       0.99      21.19       0.00      -3.86      -0.77
Reordering...
       420      28.32       0.37      24.88       0.00     -19.96      -0.77
Reordering...
       460      28.10       0.90      20.67       0.00      -3.76      -0.77
Reordering...
       480      27.45       0.34      24.57       0.00     -19.96      -0.77
       620      25.43       0.27      23.95       0.00     -19.96      -0.77
       660      25.27       2.53      16.62       0.00      -0.28      -0.77
       764      27.24       0.56      20.64       0.00      -3.76      -0.77
       838      26.73       2.00      20.04       0.00      -5.86      -0.77
       961      26.27       2.00      19.78       0.00      -5.24      -0.77
      1037      26.43       2.00      19.47       0.00      -3.91      -0.77
      1297      25.46       1.85      19.17       0.00      -3.48      -0.77
      1372      25.62       2.00      19.53       0.00      -3.76      -0.77
      1403      26.17       2.00      19.54       0.00      -3.00      -0.77
      1443      26.57       2.00      19.92       0.00      -3.00      -0.77
      1701      27.74       1.85      19.63       0.00      -1.10      -0.77
      1984      27.77       1.85      19.65       0.00      -1.10      -0.77
--------------------------------------------------------------------------------
Best docking solution after GA:
      2000      27.77       1.85      19.65       0.00      -1.10      -0.77

#ops:       2000 #mutates:   1010 #cross:      990 #dups:       488 
#niche:     1059 #errors:      45 
--------------------------------------------------------------------------------

Doing AMOEBA simplex on best individual
Done simplexing #iterations 445, best score  28.67

Ligand is stored in gold_soln_ligand_prepared_m1_4.mol2


--------------------------------------------------------------------------------
--- GoldScore breakdown of terms                                             ---
--------------------------------------------------------------------------------
Fitness = S(hb_ext) + 1.3750*S(vdw_ext) + S(hb_int) + 1.0000*S(int)
S(int)  = S(vdw_int) + S(tors)

Internal terms are relative to best energy found (intcor).

--------------------------------------------------------------------------------


     Fitness  S(hb_ext) S(vdw_ext)  S(hb_int)    S(int)      intcor
     28.67       2.00      20.20       0.00      -1.11      -0.77

--------------------------------------------------------------------------------
--- GoldScore analysis of protein-ligand interactions                        ---
--------------------------------------------------------------------------------

  Ligand donor    8 hydrogen   22 Protein acceptor 1330 bond energy  2.00 wt 1.00

--------------------------------------------------------------------------------

--------------------------------------------------------------------------------
--- Rescoring solution                                                       ---
--------------------------------------------------------------------------------

     Score     S(PLP)   S(hbond)     S(cho)   S(metal)  DE(clash)   DE(tors)
     10.83     -10.69       0.84       0.00       0.00       0.16       1.12

Doing AMOEBA simplex on best individual
Done simplexing #iterations 1028, best score  27.74

     Score     S(PLP)   S(hbond)     S(cho)   S(metal)  DE(clash)   DE(tors)
     27.74     -27.51       0.78       0.00       0.00       0.05       1.03

--------------------------------------------------------------------------------
--- CHEMPLP breakdown of terms                                               ---
--------------------------------------------------------------------------------
CHEMPLP = - ( 1.0000*S(PLP) + -3.0000*S(hbond) + -6.0000*S(metal) + -3.0000*S(cho) )

Score = CHEMPLP - 1.0000*DE(clash) - 2.0000*DE(tors)


--------------------------------------------------------------------------------


--------------------------------------------------------------------------------
--- PLP analysis of protein-ligand interactions                              ---
--------------------------------------------------------------------------------
hydrogen bonding        :      -1.00
metal                   :       0.00
buried (polar-nonpolar) :      -1.35
nonpolar                :     -26.04
repulsive               :       0.20
--------------------------------------------------------------------------------


--------------------------------------------------------------------------------
--- ChemScore analysis of protein-ligand interactions                        ---
--------------------------------------------------------------------------------

* Hydrogen bonds                                                                
Ligand donor    8 hydrogen   22 Protein acceptor 1330 bond energy  1.00 wt 0.78


* CH..O interactions                                                            
  CH group selection                       : activated ring CH (adjacent to hetatom)

--------------------------------------------------------------------------------


--------------------------------------------------------------------------------
--- Intra-ligand clashes                                                     ---
--------------------------------------------------------------------------------

Ligand
  6 (C6   ) -   3 (C3   ):   0.05 (dist   2.75)
--------------------------------------------------------------------------------


--------------------------------------------------------------------------------
--- Chromosome decoded                                                       ---
--------------------------------------------------------------------------------
Ligand Torsions
[   6    2    1    3]  -21.31
[  12    5    1    2]  169.27
Protein Torsions
[1397 1388 1387 1385]  121.73 
[ 952  941  940  939]  175.85 
[  48   47   46   43]   71.66 
[ 987  978  977  976] -161.34 
[1041 1036 1035 1033]  -22.82 
[ 651  646  645  642]  147.92 
[ 678  674  673  670]   64.56 
[2412 2406 2405 2402]    1.80 
[2413 2407 2403 2402]   60.02 
Mapping
Ligand acceptors to protein hydrogens (mapping then atom ids)
Ligand hydrogens to protein acceptors (mapping then atom ids)
  1  31 [ 22->1330]
Ligand shape atoms to protein points (mapping then atom ids & coords)
  1  2406 [  5->( 14.250   6.500  16.500)]
  2  3991 [  6->( 16.500   6.750  14.750)]
  3  3933 [  7->( 16.250   8.000  14.250)]
  4  2177 [ 12->( 13.750   3.750  15.750)]
  5  4133 [ 13->( 16.750   8.000  13.500)]
  6  2803 [ 14->( 14.750   9.000  12.750)]
  7  3059 [ 16->( 15.000   9.500  13.500)]
Chromosome values
Integers:
  -1   -1   -1   30   -1 2405 3990 3932 2176 4132 2802 3058 
--------------------------------------------------------------------------------


--------------------------------------------------------------------------------
--- Diverse Solutions Stats                                                  ---
--------------------------------------------------------------------------------
  Move attempts                            :  15551
  Move failures                            :      0
  Failure rate                             :   0.000

--------------------------------------------------------------------------------

Current Ranking  3  1  2  4

--------------------------------------------------------------------------------

* GA execution time :                                                           
  total  1.1650 user  0.9571 sys  0.2079

--------------------------------------------------------------------------------
Fitness function evaluations: 15939

--------------------------------------------------------------------------------
** Docking run number  5 **
--------------------------------------------------------------------------------
  Rank fitness base is 5000.00 ; increment is 11.2233

* Initialising population(s) ...                                                
Number of constraints mappings 0
Number of constraints 0
  Population no.                           :      1
  Population size                          :    100
  Number of duplicates                     :      0
  Number of niche violations               :      0
  Number of errors                         :    342


Doing GA, no. of population(s) 1 size 100 selection pressure 1.100000

 Operation      Fitness  S(hb_ext) S(vdw_ext)  S(hb_int)    S(int)      intcor
         0      31.90       1.00      23.27       0.00      -5.45      -0.77
        44      32.87       0.63      25.05       0.00     -10.58      -0.77
        98      32.11       1.02      23.41       0.00      -5.04      -0.77
Reordering...
       180      29.77       0.35      23.37       0.00     -11.18      -0.77
       247      29.49       0.35      23.30       0.00     -11.18      -0.77
       251      30.32       0.39      23.42       0.00      -8.81      -0.77
       563      25.52       1.37      18.94       0.00      -5.17      -0.77
       579      28.64       1.03      21.46       0.00      -5.17      -0.77
       785      24.17       0.05      18.96       0.00      -4.22      -0.77
       795      26.83       0.00      20.09       0.00      -1.72      -0.77
      1133      25.83       0.00      19.30       0.00      -1.07      -0.77
      1717      23.76       0.88      17.39       0.00      -1.04      -0.77
--------------------------------------------------------------------------------
Best docking solution after GA:
      2000      23.76       0.88      17.39       0.00      -1.04      -0.77

#ops:       2000 #mutates:    980 #cross:     1020 #dups:       401 
#niche:      899 #errors:      64 
--------------------------------------------------------------------------------

Doing AMOEBA simplex on best individual
Done simplexing #iterations 769, best score  29.18

Ligand is stored in gold_soln_ligand_prepared_m1_5.mol2


--------------------------------------------------------------------------------
--- GoldScore breakdown of terms                                             ---
--------------------------------------------------------------------------------
Fitness = S(hb_ext) + 1.3750*S(vdw_ext) + S(hb_int) + 1.0000*S(int)
S(int)  = S(vdw_int) + S(tors)

Internal terms are relative to best energy found (intcor).

--------------------------------------------------------------------------------


     Fitness  S(hb_ext) S(vdw_ext)  S(hb_int)    S(int)      intcor
     29.18       0.04      21.80       0.00      -0.84      -0.77

--------------------------------------------------------------------------------
--- GoldScore analysis of protein-ligand interactions                        ---
--------------------------------------------------------------------------------

  Ligand donor    8 hydrogen   22 Protein acceptor  936 bond energy  2.00 wt 0.02

--------------------------------------------------------------------------------

--------------------------------------------------------------------------------
--- Rescoring solution                                                       ---
--------------------------------------------------------------------------------

     Score     S(PLP)   S(hbond)     S(cho)   S(metal)  DE(clash)   DE(tors)
      3.63      -2.97       0.98       0.00       0.00       0.00       1.13

Doing AMOEBA simplex on best individual
Done simplexing #iterations 1429, best score  31.97

     Score     S(PLP)   S(hbond)     S(cho)   S(metal)  DE(clash)   DE(tors)
     31.97     -30.16       1.00       0.00       0.00       0.00       0.60

--------------------------------------------------------------------------------
--- CHEMPLP breakdown of terms                                               ---
--------------------------------------------------------------------------------
CHEMPLP = - ( 1.0000*S(PLP) + -3.0000*S(hbond) + -6.0000*S(metal) + -3.0000*S(cho) )

Score = CHEMPLP - 1.0000*DE(clash) - 2.0000*DE(tors)


--------------------------------------------------------------------------------


--------------------------------------------------------------------------------
--- PLP analysis of protein-ligand interactions                              ---
--------------------------------------------------------------------------------
hydrogen bonding        :      -1.52
metal                   :       0.00
buried (polar-nonpolar) :      -5.28
nonpolar                :     -28.57
repulsive               :       4.37
--------------------------------------------------------------------------------


--------------------------------------------------------------------------------
--- ChemScore analysis of protein-ligand interactions                        ---
--------------------------------------------------------------------------------

* Hydrogen bonds                                                                
Ligand donor    8 hydrogen   22 Protein acceptor  936 bond energy  1.00 wt 1.00


* CH..O interactions                                                            
  CH group selection                       : activated ring CH (adjacent to hetatom)

--------------------------------------------------------------------------------


--------------------------------------------------------------------------------
--- Intra-ligand clashes                                                     ---
--------------------------------------------------------------------------------

Ligand
--------------------------------------------------------------------------------


--------------------------------------------------------------------------------
--- Chromosome decoded                                                       ---
--------------------------------------------------------------------------------
Ligand Torsions
[   6    2    1    3]   82.07
[  12    5    1    2] -168.00
Protein Torsions
[1397 1388 1387 1385]  -14.02 
[ 952  941  940  939]  157.24 
[  48   47   46   43]   69.92 
[ 987  978  977  976] -178.68 
[1041 1036 1035 1033]   86.31 
[ 651  646  645  642]   73.86 
[ 678  674  673  670]   14.88 
[2412 2406 2405 2402]  101.72 
[2413 2407 2403 2402]   60.02 
Mapping
Ligand acceptors to protein hydrogens (mapping then atom ids)
Ligand hydrogens to protein acceptors (mapping then atom ids)
  1   3 [ 22-> 936]
Ligand shape atoms to protein points (mapping then atom ids & coords)
  1  3845 [  5->( 16.250   5.750  15.750)]
  2  2324 [  6->( 14.000   6.750  16.000)]
  3  2327 [  7->( 14.000   7.000  16.000)]
Chromosome values
Integers:
  -1   -1   -1    2   -1 3844 2323 2326   -1   -1   -1   -1 
--------------------------------------------------------------------------------


--------------------------------------------------------------------------------
--- Diverse Solutions Stats                                                  ---
--------------------------------------------------------------------------------
  Move attempts                            :  16610
  Move failures                            :     33
  Failure rate                             :   0.002

--------------------------------------------------------------------------------

Current Ranking  3  5  1  2  4

--------------------------------------------------------------------------------

* GA execution time :                                                           
  total  0.8315 user  0.6015 sys  0.2299

--------------------------------------------------------------------------------
Fitness function evaluations: 16983

--------------------------------------------------------------------------------
** Docking run number  6 **
--------------------------------------------------------------------------------
  Rank fitness base is 5000.00 ; increment is 11.2233

* Initialising population(s) ...                                                
Number of constraints mappings 0
Number of constraints 0
  Population no.                           :      1
  Population size                          :    100
  Number of duplicates                     :      0
  Number of niche violations               :      0
  Number of errors                         :    362


Doing GA, no. of population(s) 1 size 100 selection pressure 1.100000

 Operation      Fitness  S(hb_ext) S(vdw_ext)  S(hb_int)    S(int)      intcor
         0      33.29       0.73      25.30       0.00     -11.14      -0.77
        12      33.34       0.57      24.92       0.00      -7.53      -0.77
Reordering...
        60      32.08       0.70      24.55       0.00     -11.14      -0.77
Reordering...
       100      31.99       0.55      24.08       0.00      -7.53      -0.77
Reordering...
       120      30.79       0.67      23.75       0.00     -11.14      -0.77
       225      32.40       1.82      23.39       0.00      -6.24      -0.77
       427      30.29       1.29      21.29       0.00      -0.90      -0.77
       739      28.59       1.24      20.18       0.00      -0.90      -0.77
       854      27.59       1.86      20.61       0.00      -5.29      -0.77
Reordering...
       860      27.54       1.21      19.48       0.00      -0.90      -0.77
       908      27.29       1.20      19.18       0.00      -0.54      -0.77
      1037      27.05       2.00      18.61       0.00      -0.90      -0.77
      1421      27.17       1.85      18.70       0.00      -0.43      -0.77
      1889      27.65       2.00      19.18       0.00      -0.72      -0.77
      1980      28.04       2.00      19.46       0.00      -0.72      -0.77
--------------------------------------------------------------------------------
Best docking solution after GA:
      2000      28.04       2.00      19.46       0.00      -0.72      -0.77

#ops:       2000 #mutates:   1041 #cross:      959 #dups:       332 
#niche:     1064 #errors:      48 
--------------------------------------------------------------------------------

Doing AMOEBA simplex on best individual
Done simplexing #iterations 549, best score  29.56

Ligand is stored in gold_soln_ligand_prepared_m1_6.mol2


--------------------------------------------------------------------------------
--- GoldScore breakdown of terms                                             ---
--------------------------------------------------------------------------------
Fitness = S(hb_ext) + 1.3750*S(vdw_ext) + S(hb_int) + 1.0000*S(int)
S(int)  = S(vdw_int) + S(tors)

Internal terms are relative to best energy found (intcor).

--------------------------------------------------------------------------------


     Fitness  S(hb_ext) S(vdw_ext)  S(hb_int)    S(int)      intcor
     29.56       1.64      20.36       0.00      -0.08      -0.77

--------------------------------------------------------------------------------
--- GoldScore analysis of protein-ligand interactions                        ---
--------------------------------------------------------------------------------

  Ligand donor    8 hydrogen   22 Protein acceptor  936 bond energy  2.00 wt 0.82

--------------------------------------------------------------------------------

--------------------------------------------------------------------------------
--- Rescoring solution                                                       ---
--------------------------------------------------------------------------------

     Score     S(PLP)   S(hbond)     S(cho)   S(metal)  DE(clash)   DE(tors)
     18.96     -16.32       1.00       0.00       0.00       0.00       0.18

Doing AMOEBA simplex on best individual
Done simplexing #iterations 1151, best score  31.49

     Score     S(PLP)   S(hbond)     S(cho)   S(metal)  DE(clash)   DE(tors)
     31.49     -29.00       0.96       0.00       0.00       0.00       0.20

--------------------------------------------------------------------------------
--- CHEMPLP breakdown of terms                                               ---
--------------------------------------------------------------------------------
CHEMPLP = - ( 1.0000*S(PLP) + -3.0000*S(hbond) + -6.0000*S(metal) + -3.0000*S(cho) )

Score = CHEMPLP - 1.0000*DE(clash) - 2.0000*DE(tors)


--------------------------------------------------------------------------------


--------------------------------------------------------------------------------
--- PLP analysis of protein-ligand interactions                              ---
--------------------------------------------------------------------------------
hydrogen bonding        :      -1.66
metal                   :       0.00
buried (polar-nonpolar) :      -3.40
nonpolar                :     -30.01
repulsive               :       5.64
--------------------------------------------------------------------------------


--------------------------------------------------------------------------------
--- ChemScore analysis of protein-ligand interactions                        ---
--------------------------------------------------------------------------------

* Hydrogen bonds                                                                
Ligand donor    8 hydrogen   22 Protein acceptor  936 bond energy  1.00 wt 0.96


* CH..O interactions                                                            
  CH group selection                       : activated ring CH (adjacent to hetatom)

--------------------------------------------------------------------------------


--------------------------------------------------------------------------------
--- Intra-ligand clashes                                                     ---
--------------------------------------------------------------------------------

Ligand
--------------------------------------------------------------------------------


--------------------------------------------------------------------------------
--- Chromosome decoded                                                       ---
--------------------------------------------------------------------------------
Ligand Torsions
[   6    2    1    3]  -51.10
[  12    5    1    2]  173.92
Protein Torsions
[1397 1388 1387 1385] -177.63 
[ 952  941  940  939] -171.44 
[  48   47   46   43]   21.96 
[ 987  978  977  976]  -72.96 
[1041 1036 1035 1033]  -67.54 
[ 651  646  645  642]   64.76 
[ 678  674  673  670]   93.48 
[2412 2406 2405 2402]  -21.08 
[2413 2407 2403 2402]   60.02 
Mapping
Ligand acceptors to protein hydrogens (mapping then atom ids)
Ligand hydrogens to protein acceptors (mapping then atom ids)
  1   3 [ 22-> 936]
Ligand shape atoms to protein points (mapping then atom ids & coords)
  1  3388 [  5->( 15.500   7.000  16.250)]
  2  2089 [  6->( 13.250   5.250  16.250)]
  4  4337 [ 12->( 18.000   6.750  14.750)]
  6  2112 [ 14->( 13.500   3.000  15.750)]
  7  2039 [ 16->( 13.000   4.000  16.000)]
Chromosome values
Integers:
  -1   -1   -1    2   -1 3387 2088   -1 4336   -1 2111 2038 
--------------------------------------------------------------------------------


--------------------------------------------------------------------------------
--- Diverse Solutions Stats                                                  ---
--------------------------------------------------------------------------------
  Move attempts                            :  15902
  Move failures                            :     30
  Failure rate                             :   0.002

--------------------------------------------------------------------------------

Current Ranking  3  6  5  1  2  4

--------------------------------------------------------------------------------

* GA execution time :                                                           
  total  1.2300 user  0.9734 sys  0.2566

--------------------------------------------------------------------------------
Fitness function evaluations: 16282

--------------------------------------------------------------------------------
** Docking run number  7 **
--------------------------------------------------------------------------------
  Rank fitness base is 5000.00 ; increment is 11.2233

* Initialising population(s) ...                                                
Number of constraints mappings 0
Number of constraints 0
  Population no.                           :      1
  Population size                          :    100
  Number of duplicates                     :      0
  Number of niche violations               :      0
  Number of errors                         :    348


Doing GA, no. of population(s) 1 size 100 selection pressure 1.100000

 Operation      Fitness  S(hb_ext) S(vdw_ext)  S(hb_int)    S(int)      intcor
         0      31.21       1.44      23.09       0.00      -9.87      -0.77
Reordering...
        60      30.24       1.97      23.92       0.00     -21.71      -0.77
Reordering...
        80      30.16       1.41      22.47       0.00      -9.87      -0.77
Reordering...
       120      29.27       1.93      23.47       0.00     -21.71      -0.77
       142      34.49       1.95      25.42       0.00     -10.40      -0.77
       242      34.80       1.86      27.10       0.00     -16.73      -0.77
       328      34.61       1.17      27.41       0.00     -15.05      -0.77
      1029      24.29       0.53      23.52       0.00     -14.35      -0.77
      1203      21.95       0.96      18.44       0.00      -6.01      -0.77
      1244      25.30       1.38      19.66       0.00      -4.12      -0.77
--------------------------------------------------------------------------------
Best docking solution after GA:
      2000      24.29       1.37      19.66       0.00      -4.12      -0.77

#ops:       2000 #mutates:   1020 #cross:      980 #dups:       366 
#niche:     1006 #errors:      86 
--------------------------------------------------------------------------------

Doing AMOEBA simplex on best individual
Done simplexing #iterations 807, best score  28.36

Ligand is stored in gold_soln_ligand_prepared_m1_7.mol2


--------------------------------------------------------------------------------
--- GoldScore breakdown of terms                                             ---
--------------------------------------------------------------------------------
Fitness = S(hb_ext) + 1.3750*S(vdw_ext) + S(hb_int) + 1.0000*S(int)
S(int)  = S(vdw_int) + S(tors)

Internal terms are relative to best energy found (intcor).

--------------------------------------------------------------------------------


     Fitness  S(hb_ext) S(vdw_ext)  S(hb_int)    S(int)      intcor
     28.36       0.80      21.64       0.00      -2.19      -0.77

--------------------------------------------------------------------------------
--- GoldScore analysis of protein-ligand interactions                        ---
--------------------------------------------------------------------------------

  Ligand donor   10 hydrogen   23 Protein acceptor 1380 bond energy  2.00 wt 0.40

--------------------------------------------------------------------------------

--------------------------------------------------------------------------------
--- Rescoring solution                                                       ---
--------------------------------------------------------------------------------

     Score     S(PLP)   S(hbond)     S(cho)   S(metal)  DE(clash)   DE(tors)
     15.25     -14.78       0.65       0.00       0.00       1.35       0.07

Doing AMOEBA simplex on best individual
Done simplexing #iterations 794, best score  31.40

     Score     S(PLP)   S(hbond)     S(cho)   S(metal)  DE(clash)   DE(tors)
     31.40     -30.42       0.85       0.00       0.00       1.28       0.14

--------------------------------------------------------------------------------
--- CHEMPLP breakdown of terms                                               ---
--------------------------------------------------------------------------------
CHEMPLP = - ( 1.0000*S(PLP) + -3.0000*S(hbond) + -6.0000*S(metal) + -3.0000*S(cho) )

Score = CHEMPLP - 1.0000*DE(clash) - 2.0000*DE(tors)


--------------------------------------------------------------------------------


--------------------------------------------------------------------------------
--- PLP analysis of protein-ligand interactions                              ---
--------------------------------------------------------------------------------
hydrogen bonding        :      -1.00
metal                   :       0.00
buried (polar-nonpolar) :      -5.15
nonpolar                :     -25.46
repulsive               :       0.43
--------------------------------------------------------------------------------


--------------------------------------------------------------------------------
--- ChemScore analysis of protein-ligand interactions                        ---
--------------------------------------------------------------------------------

* Hydrogen bonds                                                                
Ligand donor   10 hydrogen   23 Protein acceptor 1380 bond energy  1.00 wt 0.85


* CH..O interactions                                                            
  CH group selection                       : activated ring CH (adjacent to hetatom)

--------------------------------------------------------------------------------


--------------------------------------------------------------------------------
--- Intra-ligand clashes                                                     ---
--------------------------------------------------------------------------------

Ligand
  7 (C7   ) -   3 (C3   ):   1.28 (dist   2.71)
--------------------------------------------------------------------------------


--------------------------------------------------------------------------------
--- Chromosome decoded                                                       ---
--------------------------------------------------------------------------------
Ligand Torsions
[   6    2    1    3]  175.32
[  12    5    1    2]  176.11
Protein Torsions
[1397 1388 1387 1385]  -74.37 
[ 952  941  940  939]  156.59 
[  48   47   46   43]  -95.76 
[ 987  978  977  976]  -62.29 
[1041 1036 1035 1033]   14.10 
[ 651  646  645  642]   89.15 
[ 678  674  673  670]  166.06 
[2412 2406 2405 2402] -114.44 
[2413 2407 2403 2402] -119.98 
Mapping
Ligand acceptors to protein hydrogens (mapping then atom ids)
Ligand hydrogens to protein acceptors (mapping then atom ids)
  2   1 [ 23->1380]
Ligand shape atoms to protein points (mapping then atom ids & coords)
  1  3839 [  5->( 16.000   9.000  13.750)]
  2  2142 [  6->( 13.500   5.000  15.750)]
  5  2138 [ 13->( 13.500   4.750  15.750)]
  6  2204 [ 14->( 13.750   5.000  16.000)]
Chromosome values
Integers:
  -1   -1   -1   -1    0 3838 2141   -1   -1 2137 2203   -1 
--------------------------------------------------------------------------------


--------------------------------------------------------------------------------
--- Diverse Solutions Stats                                                  ---
--------------------------------------------------------------------------------
  Move attempts                            :  15822
  Move failures                            :     95
  Failure rate                             :   0.006

--------------------------------------------------------------------------------

Current Ranking  3  6  5  1  2  4  7

--------------------------------------------------------------------------------

* GA execution time :                                                           
  total  0.7587 user  0.5320 sys  0.2267

--------------------------------------------------------------------------------
Fitness function evaluations: 16185

--------------------------------------------------------------------------------
** Docking run number  8 **
--------------------------------------------------------------------------------
  Rank fitness base is 5000.00 ; increment is 11.2233

* Initialising population(s) ...                                                
Number of constraints mappings 0
Number of constraints 0
  Population no.                           :      1
  Population size                          :    100
  Number of duplicates                     :      0
  Number of niche violations               :      0
  Number of errors                         :    358


Doing GA, no. of population(s) 1 size 100 selection pressure 1.100000

 Operation      Fitness  S(hb_ext) S(vdw_ext)  S(hb_int)    S(int)      intcor
         0      31.14       0.27      26.40       0.00     -27.18      -0.77
       321      25.92       0.46      19.13       0.00      -2.98      -0.77
       327      27.78       2.27      24.13       0.00     -27.18      -0.77
       342      27.94       2.27      24.37       0.00     -27.18      -0.77
       391      27.10       2.24      24.02       0.00     -27.18      -0.77
       461      28.07       2.21      20.31       0.00      -6.31      -0.77
       599      26.87       2.34      19.55       0.00      -6.31      -0.77
       618      26.41       2.12      19.42       0.00      -6.31      -0.77
       696      29.55       2.09      22.86       0.00      -9.58      -0.77
       814      28.45       2.02      22.51       0.00      -9.58      -0.77
Reordering...
       960      26.76       1.92      20.95       0.00      -7.08      -0.77
      1123      25.94       1.86      20.65       0.00      -6.50      -0.77
      1234      27.08       1.80      21.29       0.00      -5.38      -0.77
      1942      25.07       1.64      20.95       0.00      -5.38      -0.77
--------------------------------------------------------------------------------
Best docking solution after GA:
      2000      25.07       1.64      20.95       0.00      -5.38      -0.77

#ops:       2000 #mutates:    994 #cross:     1006 #dups:       378 
#niche:      955 #errors:     102 
--------------------------------------------------------------------------------

Doing AMOEBA simplex on best individual
Done simplexing #iterations 940, best score  31.50

Ligand is stored in gold_soln_ligand_prepared_m1_8.mol2


--------------------------------------------------------------------------------
--- GoldScore breakdown of terms                                             ---
--------------------------------------------------------------------------------
Fitness = S(hb_ext) + 1.3750*S(vdw_ext) + S(hb_int) + 1.0000*S(int)
S(int)  = S(vdw_int) + S(tors)

Internal terms are relative to best energy found (intcor).

--------------------------------------------------------------------------------


     Fitness  S(hb_ext) S(vdw_ext)  S(hb_int)    S(int)      intcor
     31.50       1.17      23.77       0.00      -2.36      -0.77

--------------------------------------------------------------------------------
--- GoldScore analysis of protein-ligand interactions                        ---
--------------------------------------------------------------------------------

  Ligand acceptor    9 Protein hydrogen 1041 donor 1036 bond energy  2.00 wt 0.14
  Ligand acceptor   17 Protein hydrogen 1014 donor 1006 bond energy  2.00 wt 0.05
  Ligand donor   10 hydrogen   23 Protein acceptor  917 bond energy  2.00 wt 0.39

--------------------------------------------------------------------------------

--------------------------------------------------------------------------------
--- Rescoring solution                                                       ---
--------------------------------------------------------------------------------

     Score     S(PLP)   S(hbond)     S(cho)   S(metal)  DE(clash)   DE(tors)
    -22.32      22.84       0.76       0.00       0.00       1.45       0.15

Doing AMOEBA simplex on best individual
Done simplexing #iterations 1019, best score  29.92

     Score     S(PLP)   S(hbond)     S(cho)   S(metal)  DE(clash)   DE(tors)
     29.92     -31.71       0.15       0.00       0.00       1.43       0.40

--------------------------------------------------------------------------------
--- CHEMPLP breakdown of terms                                               ---
--------------------------------------------------------------------------------
CHEMPLP = - ( 1.0000*S(PLP) + -3.0000*S(hbond) + -6.0000*S(metal) + -3.0000*S(cho) )

Score = CHEMPLP - 1.0000*DE(clash) - 2.0000*DE(tors)


--------------------------------------------------------------------------------


--------------------------------------------------------------------------------
--- PLP analysis of protein-ligand interactions                              ---
--------------------------------------------------------------------------------
hydrogen bonding        :      -2.40
metal                   :       0.00
buried (polar-nonpolar) :      -6.22
nonpolar                :     -25.59
repulsive               :       1.52
--------------------------------------------------------------------------------


--------------------------------------------------------------------------------
--- ChemScore analysis of protein-ligand interactions                        ---
--------------------------------------------------------------------------------

* Hydrogen bonds                                                                
Ligand donor   10 hydrogen   23 Protein acceptor  936 bond energy  1.00 wt 0.15


* CH..O interactions                                                            
  CH group selection                       : activated ring CH (adjacent to hetatom)

--------------------------------------------------------------------------------


--------------------------------------------------------------------------------
--- Intra-ligand clashes                                                     ---
--------------------------------------------------------------------------------

Ligand
  7 (C7   ) -   4 (C4   ):   1.43 (dist   2.71)
--------------------------------------------------------------------------------


--------------------------------------------------------------------------------
--- Chromosome decoded                                                       ---
--------------------------------------------------------------------------------
Ligand Torsions
[   6    2    1    3]   71.63
[  12    5    1    2] -161.85
Protein Torsions
[1397 1388 1387 1385] -141.76 
[ 952  941  940  939]  -86.08 
[  48   47   46   43]  101.36 
[ 987  978  977  976]   55.17 
[1041 1036 1035 1033]  175.36 
[ 651  646  645  642]  112.06 
[ 678  674  673  670]  -45.24 
[2412 2406 2405 2402]  -83.07 
[2413 2407 2403 2402] -119.98 
Mapping
Ligand acceptors to protein hydrogens (mapping then atom ids)
Ligand hydrogens to protein acceptors (mapping then atom ids)
  2   4 [ 23-> 917]
Ligand shape atoms to protein points (mapping then atom ids & coords)
  3  2538 [  7->( 14.500   7.000  14.750)]
  5  2694 [ 13->( 14.750   5.750  15.250)]
  6  2258 [ 14->( 14.000   4.000  16.250)]
  7  2066 [ 16->( 13.250   3.000  16.000)]
Chromosome values
Integers:
  -1   -1   -1   -1    3   -1   -1 2537   -1 2693 2257 2065 
--------------------------------------------------------------------------------


--------------------------------------------------------------------------------
--- Diverse Solutions Stats                                                  ---
--------------------------------------------------------------------------------
  Move attempts                            :  16370
  Move failures                            :     80
  Failure rate                             :   0.005

--------------------------------------------------------------------------------

Current Ranking  3  8  6  5  1  2  4  7

--------------------------------------------------------------------------------

* GA execution time :                                                           
  total  0.7910 user  0.6356 sys  0.1554

--------------------------------------------------------------------------------
Fitness function evaluations: 16755

--------------------------------------------------------------------------------
** Docking run number  9 **
--------------------------------------------------------------------------------
  Rank fitness base is 5000.00 ; increment is 11.2233

* Initialising population(s) ...                                                
Number of constraints mappings 0
Number of constraints 0
  Population no.                           :      1
  Population size                          :    100
  Number of duplicates                     :      0
  Number of niche violations               :      0
  Number of errors                         :    382


Doing GA, no. of population(s) 1 size 100 selection pressure 1.100000

 Operation      Fitness  S(hb_ext) S(vdw_ext)  S(hb_int)    S(int)      intcor
         0      29.34       1.06      22.31       0.00     -12.02      -0.76
        60      29.00       1.38      21.34       0.00      -8.11      -0.76
       152      32.06       2.93      23.45       0.00     -13.40      -0.76
Reordering...
       300      28.03       1.08      22.05       0.00     -12.21      -0.76
       383      29.52       0.91      21.17       0.00      -1.67      -0.76
       626      23.80       0.41      18.09       0.00      -3.82      -0.76
Reordering...
       660      23.15       0.00      17.20       0.00      -1.23      -0.76
       669      24.44       1.61      17.50       0.00      -3.03      -0.76
Reordering...
       780      23.08       0.00      17.20       0.00      -1.23      -0.76
      1222      23.27       0.58      18.13       0.00      -3.03      -0.76
Reordering...
      1420      22.73       0.00      17.20       0.00      -0.99      -0.76
      1535      23.17       0.96      18.36       0.00      -3.03      -0.76
--------------------------------------------------------------------------------
Best docking solution after GA:
      2000      23.17       0.96      18.36       0.00      -3.03      -0.76

#ops:       2000 #mutates:    999 #cross:     1001 #dups:       368 
#niche:      908 #errors:      88 
--------------------------------------------------------------------------------

Doing AMOEBA simplex on best individual
Done simplexing #iterations 996, best score  25.92

Ligand is stored in gold_soln_ligand_prepared_m1_9.mol2


--------------------------------------------------------------------------------
--- GoldScore breakdown of terms                                             ---
--------------------------------------------------------------------------------
Fitness = S(hb_ext) + 1.3750*S(vdw_ext) + S(hb_int) + 1.0000*S(int)
S(int)  = S(vdw_int) + S(tors)

Internal terms are relative to best energy found (intcor).

--------------------------------------------------------------------------------


     Fitness  S(hb_ext) S(vdw_ext)  S(hb_int)    S(int)      intcor
     25.92       1.32      20.08       0.00      -3.02      -0.76

--------------------------------------------------------------------------------
--- GoldScore analysis of protein-ligand interactions                        ---
--------------------------------------------------------------------------------

  Ligand acceptor   17 Protein hydrogen  651 donor  646 bond energy  2.00 wt 0.57
  Ligand donor   10 hydrogen   23 Protein acceptor  936 bond energy  2.00 wt 0.09

--------------------------------------------------------------------------------

--------------------------------------------------------------------------------
--- Rescoring solution                                                       ---
--------------------------------------------------------------------------------

     Score     S(PLP)   S(hbond)     S(cho)   S(metal)  DE(clash)   DE(tors)
     13.45     -10.28       1.77       0.00       0.00       0.47       0.83

Doing AMOEBA simplex on best individual
Done simplexing #iterations 1223, best score  31.28

     Score     S(PLP)   S(hbond)     S(cho)   S(metal)  DE(clash)   DE(tors)
     31.28     -29.51       1.44       0.00       0.00       0.00       1.28

--------------------------------------------------------------------------------
--- CHEMPLP breakdown of terms                                               ---
--------------------------------------------------------------------------------
CHEMPLP = - ( 1.0000*S(PLP) + -3.0000*S(hbond) + -6.0000*S(metal) + -3.0000*S(cho) )

Score = CHEMPLP - 1.0000*DE(clash) - 2.0000*DE(tors)


--------------------------------------------------------------------------------


--------------------------------------------------------------------------------
--- PLP analysis of protein-ligand interactions                              ---
--------------------------------------------------------------------------------
hydrogen bonding        :      -2.66
metal                   :       0.00
buried (polar-nonpolar) :      -0.68
nonpolar                :     -32.27
repulsive               :       4.78
--------------------------------------------------------------------------------


--------------------------------------------------------------------------------
--- ChemScore analysis of protein-ligand interactions                        ---
--------------------------------------------------------------------------------

* Hydrogen bonds                                                                
Ligand donor   10 hydrogen   23 Protein acceptor  936 bond energy  1.00 wt 0.44
Protein donor  646 hydrogen  651 Ligand acceptor   17 bond energy  1.00 wt 1.00


* CH..O interactions                                                            
  CH group selection                       : activated ring CH (adjacent to hetatom)

--------------------------------------------------------------------------------


--------------------------------------------------------------------------------
--- Intra-ligand clashes                                                     ---
--------------------------------------------------------------------------------

Ligand
--------------------------------------------------------------------------------


--------------------------------------------------------------------------------
--- Chromosome decoded                                                       ---
--------------------------------------------------------------------------------
Ligand Torsions
[   6    2    1    3]   75.47
[  12    5    1    2]  -42.36
Protein Torsions
[1397 1388 1387 1385]  -48.03 
[ 952  941  940  939]  174.38 
[  48   47   46   43]  160.94 
[ 987  978  977  976] -125.95 
[1041 1036 1035 1033]  -20.62 
[ 651  646  645  642]  162.61 
[ 678  674  673  670] -111.83 
[2412 2406 2405 2402]  -88.79 
[2413 2407 2403 2402] -119.98 
Mapping
Ligand acceptors to protein hydrogens (mapping then atom ids)
  3  26 [ 17-> 651]
Ligand hydrogens to protein acceptors (mapping then atom ids)
  2   3 [ 23-> 936]
Ligand shape atoms to protein points (mapping then atom ids & coords)
  2  4200 [  6->( 17.000   7.500  15.250)]
  3  3630 [  7->( 15.750   8.250  14.500)]
  4  2425 [ 12->( 14.250   7.250  16.250)]
  6  3790 [ 14->( 16.000   8.000  14.500)]
Chromosome values
Integers:
  -1   -1   25   -1    2   -1 4199 3629 2424   -1 3789   -1 
--------------------------------------------------------------------------------


--------------------------------------------------------------------------------
--- Diverse Solutions Stats                                                  ---
--------------------------------------------------------------------------------
  Move attempts                            :  16614
  Move failures                            :     65
  Failure rate                             :   0.004

--------------------------------------------------------------------------------

Current Ranking  3  8  6  5  1  2  4  7  9

--------------------------------------------------------------------------------

* GA execution time :                                                           
  total  0.7832 user  0.6837 sys  0.0995

--------------------------------------------------------------------------------
Fitness function evaluations: 17023

--------------------------------------------------------------------------------
** Docking run number 10 **
--------------------------------------------------------------------------------
  Rank fitness base is 5000.00 ; increment is 11.2233

* Initialising population(s) ...                                                
Number of constraints mappings 0
Number of constraints 0
  Population no.                           :      1
  Population size                          :    100
  Number of duplicates                     :      0
  Number of niche violations               :      0
  Number of errors                         :    403


Doing GA, no. of population(s) 1 size 100 selection pressure 1.100000

 Operation      Fitness  S(hb_ext) S(vdw_ext)  S(hb_int)    S(int)      intcor
         0      30.17       0.45      21.63       0.00      -0.10      -0.76
Reordering...
       120      27.38       1.74      21.93       0.00     -19.81      -0.76
       180      29.85       3.02      21.15       0.00      -9.28      -0.76
Reordering...
       300      26.81       2.19      19.23       0.00      -6.64      -0.76
       425      27.44       0.40      22.89       0.00     -14.11      -0.76
       458      27.46       0.38      22.98       0.00     -14.11      -0.76
       502      28.12       0.51      21.38       0.00      -5.23      -0.76
       714      27.15       1.64      20.76       0.00      -7.16      -0.76
       741      26.45       1.62      20.37       0.00      -7.16      -0.76
Reordering...
       780      26.04       0.26      20.10       0.00      -4.03      -0.76
      1080      25.04       0.17      20.37       0.00      -4.93      -0.76
      1135      26.46       0.17      20.50       0.00      -2.84      -0.76
      1667      27.22       0.03      20.77       0.00      -1.37      -0.76
      1910      27.30       0.00      20.85       0.00      -1.37      -0.76
      1999      27.43       0.23      20.78       0.00      -1.37      -0.76
--------------------------------------------------------------------------------
Best docking solution after GA:
      2000      27.43       0.23      20.78       0.00      -1.37      -0.76

#ops:       2000 #mutates:    989 #cross:     1011 #dups:       330 
#niche:      914 #errors:      84 
--------------------------------------------------------------------------------

Doing AMOEBA simplex on best individual
Done simplexing #iterations 803, best score  30.13

Ligand is stored in gold_soln_ligand_prepared_m1_10.mol2


--------------------------------------------------------------------------------
--- GoldScore breakdown of terms                                             ---
--------------------------------------------------------------------------------
Fitness = S(hb_ext) + 1.3750*S(vdw_ext) + S(hb_int) + 1.0000*S(int)
S(int)  = S(vdw_int) + S(tors)

Internal terms are relative to best energy found (intcor).

--------------------------------------------------------------------------------


     Fitness  S(hb_ext) S(vdw_ext)  S(hb_int)    S(int)      intcor
     30.13       0.07      22.77       0.00      -1.25      -0.76

--------------------------------------------------------------------------------
--- GoldScore analysis of protein-ligand interactions                        ---
--------------------------------------------------------------------------------

  Ligand acceptor   17 Protein hydrogen 1041 donor 1036 bond energy  2.00 wt 0.04

--------------------------------------------------------------------------------

--------------------------------------------------------------------------------
--- Rescoring solution                                                       ---
--------------------------------------------------------------------------------

     Score     S(PLP)   S(hbond)     S(cho)   S(metal)  DE(clash)   DE(tors)
     14.68     -15.16       0.69       0.00       0.00       0.78       0.88

Doing AMOEBA simplex on best individual
Done simplexing #iterations 846, best score  29.43

     Score     S(PLP)   S(hbond)     S(cho)   S(metal)  DE(clash)   DE(tors)
     29.43     -28.91       1.00       0.00       0.00       0.62       0.93

--------------------------------------------------------------------------------
--- CHEMPLP breakdown of terms                                               ---
--------------------------------------------------------------------------------
CHEMPLP = - ( 1.0000*S(PLP) + -3.0000*S(hbond) + -6.0000*S(metal) + -3.0000*S(cho) )

Score = CHEMPLP - 1.0000*DE(clash) - 2.0000*DE(tors)


--------------------------------------------------------------------------------


--------------------------------------------------------------------------------
--- PLP analysis of protein-ligand interactions                              ---
--------------------------------------------------------------------------------
hydrogen bonding        :      -1.61
metal                   :       0.00
buried (polar-nonpolar) :      -5.75
nonpolar                :     -23.04
repulsive               :       0.88
--------------------------------------------------------------------------------


--------------------------------------------------------------------------------
--- ChemScore analysis of protein-ligand interactions                        ---
--------------------------------------------------------------------------------

* Hydrogen bonds                                                                
Protein donor 1036 hydrogen 1041 Ligand acceptor   17 bond energy  1.00 wt 1.00


* CH..O interactions                                                            
  CH group selection                       : activated ring CH (adjacent to hetatom)

--------------------------------------------------------------------------------


--------------------------------------------------------------------------------
--- Intra-ligand clashes                                                     ---
--------------------------------------------------------------------------------

Ligand
  6 (C6   ) -   3 (C3   ):   0.62 (dist   2.73)
--------------------------------------------------------------------------------


--------------------------------------------------------------------------------
--- Chromosome decoded                                                       ---
--------------------------------------------------------------------------------
Ligand Torsions
[   6    2    1    3]  -19.35
[  12    5    1    2]  172.27
Protein Torsions
[1397 1388 1387 1385] -155.52 
[ 952  941  940  939]   37.55 
[  48   47   46   43]  -78.62 
[ 987  978  977  976]   -9.87 
[1041 1036 1035 1033]  111.59 
[ 651  646  645  642]  159.67 
[ 678  674  673  670] -175.51 
[2412 2406 2405 2402] -140.39 
[2413 2407 2403 2402] -119.98 
Mapping
Ligand acceptors to protein hydrogens (mapping then atom ids)
Ligand hydrogens to protein acceptors (mapping then atom ids)
  2  23 [ 23-> 646]
Ligand shape atoms to protein points (mapping then atom ids & coords)
  2  2347 [  6->( 14.250   4.250  15.750)]
  5  2115 [ 13->( 13.500   3.250  15.750)]
Chromosome values
Integers:
  -1   -1   -1   -1   22   -1 2346   -1   -1 2114   -1   -1 
--------------------------------------------------------------------------------


--------------------------------------------------------------------------------
--- Diverse Solutions Stats                                                  ---
--------------------------------------------------------------------------------
  Move attempts                            :  15924
  Move failures                            :     82
  Failure rate                             :   0.005

--------------------------------------------------------------------------------

Current Ranking  3  8 10  6  5  1  2  4  7  9

--------------------------------------------------------------------------------

* GA execution time :                                                           
  total  0.8037 user  0.7309 sys  0.0727

--------------------------------------------------------------------------------
Fitness function evaluations: 16330

--------------------------------------------------------------------------------
--- Ranking analysis                                                         ---
--------------------------------------------------------------------------------


* Final ranked order of GA solutions:                                           
   3  8 10  6  5  1  2  4  7  9 

  _______________________________
  RMSD Matrix of RANKED solutions

        2    3    4    5    6    7    8    9   10  

   1 :  4.2  4.0  4.7  4.7  2.8  4.4  2.8  4.2  4.4
   2 :       2.0  3.4  3.0  5.0  3.3  4.9  3.3  3.9
   3 :            2.6  2.6  4.4  2.8  4.4  2.6  4.1
   4 :                 1.9  4.4  2.3  4.3  2.3  4.0
   5 :                      4.8  2.8  4.6  2.3  3.5
   6 :                           3.8  0.6  3.9  4.4
   7 :                                3.6  1.3  3.9
   8 :                                     3.7  4.1
   9 :                                          3.9

  Clustering method                        : complete linkage
  Structure ids in cluster table           : rank nos.
  Ordering of clusters and their members   : by rank (order if from rms_analysis)

  Distance | Clusters
   0.63    |  1 |  2 |  3 |  4 |  5 |  6  8 |  7 |  9 | 10 |
   1.30    |  1 |  2 |  3 |  4 |  5 |  6  8 |  7  9 | 10 |
   1.93    |  1 |  2 |  3 |  4  5 |  6  8 |  7  9 | 10 |
   2.04    |  1 |  2  3 |  4  5 |  6  8 |  7  9 | 10 |
   2.79    |  1  6  8 |  2  3 |  4  5 |  7  9 | 10 |
   2.80    |  1  6  8 |  2  3 |  4  5  7  9 | 10 |
   3.44    |  1  6  8 |  2  3  4  5  7  9 | 10 |
   4.11    |  1  6  8 |  2  3  4  5  7  9 10 |
   5.00    |  1  2  3  4  5  6  7  8  9 10 |
  Finished Docking Ligand                  : /mnt/c/Users/ricca/Desktop/Documents/1_Coding/1_Script_Github/Reverse_Docking_Explore_V3/4i1b_cavity/ligand_prepared.mol2
--------------------------------------------------------------------------------

  Relative_Ligand_Energy (best encountered) :  -0.765
  Relative_Ligand_Energy: fitness values have been corrected using this amount
