
--------------------------------------------------------------------------------
--- Ligand                                                                   ---
--------------------------------------------------------------------------------
  Ligand loaded from file                  : /mnt/c/Users/ricca/Desktop/Documents/1_Coding/1_Script_Github/Reverse_Docking_Explore_V3/3ovv/ligand_prepared.mol2
  Ligand name                              :  
  "CT1002167954                                                             "

--------------------------------------------------------------------------------
  N.plc donors                             : 
  none found

  Acidic nitrogen acceptors                : 
  none found
  Sulfur acceptors                         :
  none found


  Donor atoms                              :      2
  8   10  
  Acceptor atoms                           :      3
  9   11  17  

  Hydrogens                                :  (n = 2)
  22   23   

  Lone pairs added to molecule             :      6
  Numbering                                : from 30 to 35

--------------------------------------------------------------------------------
--- Postprocessing of typing                                                 ---
--------------------------------------------------------------------------------
  Fragment file                            : /home/hitesit/CCDC/Discovery_2022/GOLD/gold/rotatable_bond_override.mol2
  acylurea fragment                        : 2 matches
  Ligand bond 15-8  set to flip
  Ligand bond 15-10  set to flip
  Ligand bond 15-10  set to 1
  Ligand bond 15-8  set to 1
  Ligand bond 10-4  set to flip
  Ligand bond 8-3  set to flip
  thioacylthiourea fragment                : no matches
  acylthiourea fragment                    : no matches
  thioacylurea fragment                    : no matches
  diarylamine fragment >C.ar-NH-C.ar<      : no matches
  sec-amine (1) fragment                   : no matches
  sec-amine (2) fragment                   : no matches
  sec-amine (3) fragment                   : no matches
  carboxylic ester                         : no matches

* Rotatable bonds in /mnt/c/Users/ricca/D  :
  [   1    2] [   1    5] 
  No. of rotatable bonds                   :      2


* Reading torsional distributions from file:
  /home/hitesit/CCDC/Discovery_2022/GOLD/gold/gold.tordist
  No. of bins in torsional distributions   :     36
  Minimum size of largest peak             :      0
  Removing high energy torsions            : on
  Delta E set to                           :   2.500

* Fragments found in /mnt/c/Users/ricca/D  :
  atom   2: benzene
  atom   6: benzene
  atom   7: benzene
  atom  13: benzene
  atom  14: benzene
  atom  16: benzene


* Checking torsion distributions:                                               
  No. of matched torsions                  :      0

--------------------------------------------------------------------------------
--- Shape fitting atoms selection (hydrophobic atoms)                        ---
--------------------------------------------------------------------------------
  Molecule                                 : /mnt/c/Users/ricca/Desktop/Documents/1_Coding/1_Script_Github/Reverse_Docking_Explore_V3/3ovv/ligand_prepared.mol2
  Selection                                : carbons only
  Atom numbers                             :  (n = 7)
  5    6    7    12   13   14   16   

--------------------------------------------------------------------------------
--- Diverse Solutions Setup                                                  ---
--------------------------------------------------------------------------------
  Cluster size                             :      2
  RMSD                                     :   2.000
  Refinement                               :      0


--------------------------------------------------------------------------------
--- ChemScore ligand setup summary                                           ---
--------------------------------------------------------------------------------
  ChemScore ligand acceptors               :      3
  9 11 17 
  ChemScore ligand donors                  :      2
  8 ( 22  ) 10 ( 23  ) 
  ChemScore ligand CH donors               :      0
  

  ChemScore ligand lipophilic atoms        :  (n = 9)
  1    2    5    6    7    12   13   14   16   

  ChemScore ligand rotatable bonds         :      2
  1   (C1 ) - 2   (C2 ): SP3_SP2_BOND
  1   (C1 ) - 5   (C5 ): SP3_SP3_BOND

--------------------------------------------------------------------------------
--- PLP ligand setup summary                                                 ---
--------------------------------------------------------------------------------
    1    C1   C.3 NONPOLAR
    2    C2  C.ar NONPOLAR
    3    C3   C.2 NONPOLAR
    4    C4   C.2 NONPOLAR
    5    C5   C.3 NONPOLAR
    6    C6  C.ar NONPOLAR
    7    C7  C.ar NONPOLAR
    8    N8  N.am DONOR
    9    O9   O.2 ACCEPTOR
   10   N10  N.am DONOR
   11   O11   O.2 ACCEPTOR
   12   C12   C.3 NONPOLAR
   13   C13  C.ar NONPOLAR
   14   C14  C.ar NONPOLAR
   15   C15   C.2 NONPOLAR
   16   C16  C.ar NONPOLAR
   17   O17   O.2 ACCEPTOR

--------------------------------------------------------------------------------
--- Automatic parameter setting                                              ---
--------------------------------------------------------------------------------
  Contribution base                        :   2500
  Contribution per rotatable bond          :   6000
  Contribution per df                      :   4000
  Contribution per water                   :  10000
  Ligand rotatable bonds                   :      2
  Protein flexible side chain bonds        :      0
  Total rotatable bonds                    :      2
  Hydrophobic vol ratio (P/L)              :   1.517
  Base multiplier (polar)                  :   1.000
  Base multiplier (apolar)                 :   2.124
  Base contribution                        : 7500.000
  Fitting points                           :      5
  Estimated maxops needed (optimal)        :  20000
  Autoscale factor (in percent)            :     10
  Scaled maxops                            :   2250

--------------------------------------------------------------------------------

* Population settings                                                           
  maxops                                   :   2250
  popsiz                                   :    100
  select_pressure                          :   1.100
  n_islands                                :      1
  niche_siz                                :      2

* GA settings                                                                   
  pt_crosswt                               :    100
  allele_mutatewt                          :    100
  migratewt                                :      0

* Search settings                                                               
  start_vdw_linear_cutoff                  :   6.000
  initial_virtual_pt_match_max             :   3.000
  Scaling of internal VDW energy           : log scale from  0.2 to    1
                                             over 1687 ops
  Sampling interval (operations)           :     22
  Scaling of virtual pt maximum length     : linear scale from    3 to    2
                                             over  1687 ops
  Sampling interval (operations)           :     67
  Scaling of 4-8 potential cutoff          : log scale from    6 to 1.2e+02
                                             over 1687 ops
  Sampling interval (operations)           :     67

--------------------------------------------------------------------------------

* Ligand initialisation time :                                                  
  total  0.1195 user  0.0080 sys  0.1115

--------------------------------------------------------------------------------

--------------------------------------------------------------------------------
** Docking run number  1 **
--------------------------------------------------------------------------------
  Rank fitness base is 5000.00 ; increment is 11.2233

* Initialising population(s) ...                                                
Number of constraints mappings 0
Number of constraints 0
  Population no.                           :      1
  Population size                          :    100
  Number of duplicates                     :      0
  Number of niche violations               :      0


Doing GA, no. of population(s) 1 size 100 selection pressure 1.100000

 Operation      Fitness  S(hb_ext) S(vdw_ext)  S(hb_int)    S(int)      intcor
         0      40.11       1.59      30.20       0.00     -15.01      -0.80
       206      38.26       1.56      29.36       0.00     -15.22      -0.80
       210      38.26       1.56      29.36       0.00     -15.22      -0.80
       390      38.38       0.29      31.86       0.00     -20.01      -0.80
       598      35.96       3.98      27.08       0.00     -14.89      -0.80
       640      35.87       3.97      27.18       0.00     -14.89      -0.80
       999      33.61       3.90      27.18       0.00     -14.89      -0.80
      1131      37.07       0.59      27.04       0.00      -1.19      -0.80
      1278      36.91       0.52      27.05       0.00      -1.19      -0.80
      1477      36.66       0.44      27.05       0.00      -1.19      -0.80
      1552      36.90       3.75      25.41       0.00      -2.06      -0.80
      2096      37.99       0.36      28.05       0.00      -0.93      -0.80
      2158      39.75       1.95      28.99       0.00      -2.06      -0.80
--------------------------------------------------------------------------------
Best docking solution after GA:
      2250      39.75       1.95      28.99       0.00      -2.06      -0.80

#ops:       2250 #mutates:   1110 #cross:     1140 #dups:       349 
#niche:     1265 #errors:       0 
--------------------------------------------------------------------------------

Doing AMOEBA simplex on best individual
Done simplexing #iterations 627, best score  48.11

Ligand is stored in gold_soln_ligand_prepared_m1_1.mol2


--------------------------------------------------------------------------------
--- GoldScore breakdown of terms                                             ---
--------------------------------------------------------------------------------
Fitness = S(hb_ext) + 1.3750*S(vdw_ext) + S(hb_int) + 1.0000*S(int)
S(int)  = S(vdw_int) + S(tors)

Internal terms are relative to best energy found (intcor).

--------------------------------------------------------------------------------


     Fitness  S(hb_ext) S(vdw_ext)  S(hb_int)    S(int)      intcor
     48.11       3.16      33.11       0.00      -0.57      -0.80

--------------------------------------------------------------------------------
--- GoldScore analysis of protein-ligand interactions                        ---
--------------------------------------------------------------------------------

  Ligand donor    8 hydrogen   22 Protein acceptor 2900 bond energy  6.00 wt 0.53

--------------------------------------------------------------------------------

--------------------------------------------------------------------------------
--- Rescoring solution                                                       ---
--------------------------------------------------------------------------------

     Score     S(PLP)   S(hbond)     S(cho)   S(metal)  DE(clash)   DE(tors)
     29.24     -29.15       1.01       0.00       0.00       0.00       1.47

Doing AMOEBA simplex on best individual
Done simplexing #iterations 860, best score  41.26

     Score     S(PLP)   S(hbond)     S(cho)   S(metal)  DE(clash)   DE(tors)
     41.26     -37.19       1.72       0.00       0.00       0.00       0.55

--------------------------------------------------------------------------------
--- CHEMPLP breakdown of terms                                               ---
--------------------------------------------------------------------------------
CHEMPLP = - ( 1.0000*S(PLP) + -3.0000*S(hbond) + -6.0000*S(metal) + -3.0000*S(cho) )

Score = CHEMPLP - 1.0000*DE(clash) - 2.0000*DE(tors)


--------------------------------------------------------------------------------


--------------------------------------------------------------------------------
--- PLP analysis of protein-ligand interactions                              ---
--------------------------------------------------------------------------------
hydrogen bonding        :      -2.00
metal                   :       0.00
buried (polar-nonpolar) :       2.75
nonpolar                :     -40.15
repulsive               :       1.21
--------------------------------------------------------------------------------


--------------------------------------------------------------------------------
--- ChemScore analysis of protein-ligand interactions                        ---
--------------------------------------------------------------------------------

* Hydrogen bonds                                                                
Ligand donor    8 hydrogen   22 Protein acceptor 2900 bond energy  1.00 wt 0.98
Ligand donor   10 hydrogen   23 Protein acceptor  594 bond energy  1.00 wt 0.75


* CH..O interactions                                                            
  CH group selection                       : activated ring CH (adjacent to hetatom)

--------------------------------------------------------------------------------


--------------------------------------------------------------------------------
--- Intra-ligand clashes                                                     ---
--------------------------------------------------------------------------------

Ligand
--------------------------------------------------------------------------------


--------------------------------------------------------------------------------
--- Chromosome decoded                                                       ---
--------------------------------------------------------------------------------
Ligand Torsions
[   6    2    1    3]  -33.06
[  12    5    1    2]  165.06
Protein Torsions
[ 604  597  595  592]   24.43 
[ 622  617  616  613] -159.42 
[2635 2624 2623 2622]  100.39 
[3186 3179 3177 3174]    9.90 
[5212 5203 5202 5200]   77.59 
Mapping
Ligand acceptors to protein hydrogens (mapping then atom ids)
Ligand hydrogens to protein acceptors (mapping then atom ids)
  1  12 [ 22->2900]
Ligand shape atoms to protein points (mapping then atom ids & coords)
  1   413 [  5->(-11.500  -6.000  16.250)]
  2  3271 [  6->( -8.750  -9.500  19.500)]
  4  2006 [ 12->( -9.750  -6.250  16.000)]
  5  3240 [ 13->( -8.750 -10.000  19.250)]
  7  2486 [ 16->( -9.250  -9.500  20.000)]
Chromosome values
Integers:
  -1   -1   -1   11   -1  412 3270   -1 2005 3239   -1 2485 
--------------------------------------------------------------------------------


--------------------------------------------------------------------------------
--- Diverse Solutions Stats                                                  ---
--------------------------------------------------------------------------------
  Move attempts                            :  18616
  Move failures                            :      0
  Failure rate                             :   0.000

--------------------------------------------------------------------------------

Current Ranking  1

--------------------------------------------------------------------------------

* GA execution time :                                                           
  total  0.9083 user  0.8828 sys  0.0255

--------------------------------------------------------------------------------
Fitness function evaluations: 18614

--------------------------------------------------------------------------------
** Docking run number  2 **
--------------------------------------------------------------------------------
  Rank fitness base is 5000.00 ; increment is 11.2233

* Initialising population(s) ...                                                
Number of constraints mappings 0
Number of constraints 0
  Population no.                           :      1
  Population size                          :    100
  Number of duplicates                     :      0
  Number of niche violations               :      0
  Number of errors                         :      2


Doing GA, no. of population(s) 1 size 100 selection pressure 1.100000

 Operation      Fitness  S(hb_ext) S(vdw_ext)  S(hb_int)    S(int)      intcor
         0      39.12       0.49      28.27       0.00      -1.18      -0.80
        92      39.29       0.00      30.83       0.00     -14.22      -0.80
       386      39.82       2.00      27.97       0.00      -2.25      -0.80
       415      39.05       1.60      28.85       0.00      -7.59      -0.80
       520      43.46       2.42      30.38       0.00      -2.25      -0.80
      1067      40.57       2.36      28.69       0.00      -2.25      -0.80
      1083      40.38       2.35      28.58       0.00      -2.25      -0.80
      1258      41.05       2.43      29.17       0.00      -2.25      -0.80
      1455      41.04       2.32      29.29       0.00      -1.95      -0.80
      1486      41.26       2.13      29.45       0.00      -1.68      -0.80
      1725      40.91       2.08      29.46       0.00      -1.68      -0.80
      1859      40.92       2.08      29.46       0.00      -1.68      -0.80
--------------------------------------------------------------------------------
Best docking solution after GA:
      2250      40.92       2.08      29.46       0.00      -1.68      -0.80

#ops:       2250 #mutates:   1127 #cross:     1123 #dups:       403 
#niche:     1200 #errors:       3 
--------------------------------------------------------------------------------

Doing AMOEBA simplex on best individual
Done simplexing #iterations 574, best score  42.96

Ligand is stored in gold_soln_ligand_prepared_m1_2.mol2


--------------------------------------------------------------------------------
--- GoldScore breakdown of terms                                             ---
--------------------------------------------------------------------------------
Fitness = S(hb_ext) + 1.3750*S(vdw_ext) + S(hb_int) + 1.0000*S(int)
S(int)  = S(vdw_int) + S(tors)

Internal terms are relative to best energy found (intcor).

--------------------------------------------------------------------------------


     Fitness  S(hb_ext) S(vdw_ext)  S(hb_int)    S(int)      intcor
     42.96       2.23      30.85       0.00      -1.70      -0.80

--------------------------------------------------------------------------------
--- GoldScore analysis of protein-ligand interactions                        ---
--------------------------------------------------------------------------------

  Ligand acceptor   11 Protein hydrogen  945 donor  932 bond energy  6.00 wt 0.37

--------------------------------------------------------------------------------

--------------------------------------------------------------------------------
--- Rescoring solution                                                       ---
--------------------------------------------------------------------------------

     Score     S(PLP)   S(hbond)     S(cho)   S(metal)  DE(clash)   DE(tors)
     29.57     -29.55       0.80       0.00       0.00       1.42       0.48

Doing AMOEBA simplex on best individual
Done simplexing #iterations 717, best score  41.11

     Score     S(PLP)   S(hbond)     S(cho)   S(metal)  DE(clash)   DE(tors)
     41.11     -40.48       1.00       0.00       0.00       0.00       1.19

--------------------------------------------------------------------------------
--- CHEMPLP breakdown of terms                                               ---
--------------------------------------------------------------------------------
CHEMPLP = - ( 1.0000*S(PLP) + -3.0000*S(hbond) + -6.0000*S(metal) + -3.0000*S(cho) )

Score = CHEMPLP - 1.0000*DE(clash) - 2.0000*DE(tors)


--------------------------------------------------------------------------------


--------------------------------------------------------------------------------
--- PLP analysis of protein-ligand interactions                              ---
--------------------------------------------------------------------------------
hydrogen bonding        :      -1.00
metal                   :       0.00
buried (polar-nonpolar) :      -2.82
nonpolar                :     -38.84
repulsive               :       0.33
--------------------------------------------------------------------------------


--------------------------------------------------------------------------------
--- ChemScore analysis of protein-ligand interactions                        ---
--------------------------------------------------------------------------------

* Hydrogen bonds                                                                
Protein donor  932 hydrogen  945 Ligand acceptor   11 bond energy  1.00 wt 1.00


* CH..O interactions                                                            
  CH group selection                       : activated ring CH (adjacent to hetatom)

--------------------------------------------------------------------------------


--------------------------------------------------------------------------------
--- Intra-ligand clashes                                                     ---
--------------------------------------------------------------------------------

Ligand
--------------------------------------------------------------------------------


--------------------------------------------------------------------------------
--- Chromosome decoded                                                       ---
--------------------------------------------------------------------------------
Ligand Torsions
[   6    2    1    3]  -13.22
[  12    5    1    2]  173.46
Protein Torsions
[ 604  597  595  592]  -64.42 
[ 622  617  616  613]  -77.80 
[2635 2624 2623 2622]  -48.78 
[3186 3179 3177 3174]  -68.77 
[5212 5203 5202 5200]  -13.69 
Mapping
Ligand acceptors to protein hydrogens (mapping then atom ids)
  2  14 [ 11-> 945]
Ligand hydrogens to protein acceptors (mapping then atom ids)
Ligand shape atoms to protein points (mapping then atom ids & coords)
  1  2750 [  5->( -9.250  -6.000  18.500)]
  2  4847 [  6->( -6.750  -5.750  18.750)]
  4   600 [ 12->(-11.250  -5.750  18.000)]
  5  4859 [ 13->( -6.750  -5.500  20.000)]
  6  5320 [ 14->( -5.000  -4.000  21.250)]
  7  5112 [ 16->( -5.750  -5.750  19.250)]
Chromosome values
Integers:
  -1   13   -1   -1   -1 2749 4846   -1  599 4858 5319 5111 
--------------------------------------------------------------------------------


--------------------------------------------------------------------------------
--- Diverse Solutions Stats                                                  ---
--------------------------------------------------------------------------------
  Move attempts                            :  18234
  Move failures                            :      0
  Failure rate                             :   0.000

--------------------------------------------------------------------------------

Current Ranking  1  2

--------------------------------------------------------------------------------

* GA execution time :                                                           
  total  0.9763 user  0.9687 sys  0.0076

--------------------------------------------------------------------------------
Fitness function evaluations: 18237

--------------------------------------------------------------------------------
** Docking run number  3 **
--------------------------------------------------------------------------------
  Rank fitness base is 5000.00 ; increment is 11.2233

* Initialising population(s) ...                                                
Number of constraints mappings 0
Number of constraints 0
  Population no.                           :      1
  Population size                          :    100
  Number of duplicates                     :      0
  Number of niche violations               :      0
  Number of errors                         :      2


Doing GA, no. of population(s) 1 size 100 selection pressure 1.100000

 Operation      Fitness  S(hb_ext) S(vdw_ext)  S(hb_int)    S(int)      intcor
         0      40.01       1.09      29.74       0.00      -9.85      -0.80
        29      42.49       0.10      31.12       0.00      -1.96      -0.80
       279      44.52       2.90      30.96       0.00      -3.72      -0.80
      1241      33.92       0.00      26.68       0.00      -4.28      -0.80
Reordering...
      1340      33.03       2.00      23.33       0.00      -1.48      -0.80
      1351      33.24       0.00      24.83       0.00      -1.26      -0.80
      1561      33.10       0.00      24.87       0.00      -1.26      -0.80
      1625      33.56       1.03      24.21       0.00      -0.82      -0.80
      1815      34.14       0.00      27.94       0.00      -4.28      -0.80
      1866      35.78       0.00      28.40       0.00      -3.26      -0.80
      1885      40.34       0.00      31.69       0.00      -3.24      -0.80
      2071      40.37       0.00      31.71       0.00      -3.24      -0.80
--------------------------------------------------------------------------------
Best docking solution after GA:
      2250      40.37       0.00      31.71       0.00      -3.24      -0.80

#ops:       2250 #mutates:   1180 #cross:     1070 #dups:       391 
#niche:     1176 #errors:       4 
--------------------------------------------------------------------------------

Doing AMOEBA simplex on best individual
Done simplexing #iterations 762, best score  43.65

Ligand is stored in gold_soln_ligand_prepared_m1_3.mol2


--------------------------------------------------------------------------------
--- GoldScore breakdown of terms                                             ---
--------------------------------------------------------------------------------
Fitness = S(hb_ext) + 1.3750*S(vdw_ext) + S(hb_int) + 1.0000*S(int)
S(int)  = S(vdw_int) + S(tors)

Internal terms are relative to best energy found (intcor).

--------------------------------------------------------------------------------


     Fitness  S(hb_ext) S(vdw_ext)  S(hb_int)    S(int)      intcor
     43.65       0.00      34.23       0.00      -3.42      -0.80

--------------------------------------------------------------------------------
--- GoldScore analysis of protein-ligand interactions                        ---
--------------------------------------------------------------------------------


--------------------------------------------------------------------------------

--------------------------------------------------------------------------------
--- Rescoring solution                                                       ---
--------------------------------------------------------------------------------

     Score     S(PLP)   S(hbond)     S(cho)   S(metal)  DE(clash)   DE(tors)
     34.06     -36.03       0.00       0.00       0.00       1.07       0.45

Doing AMOEBA simplex on best individual
Done simplexing #iterations 849, best score  42.47

     Score     S(PLP)   S(hbond)     S(cho)   S(metal)  DE(clash)   DE(tors)
     42.47     -44.03       0.00       0.00       0.00       1.18       0.19

--------------------------------------------------------------------------------
--- CHEMPLP breakdown of terms                                               ---
--------------------------------------------------------------------------------
CHEMPLP = - ( 1.0000*S(PLP) + -3.0000*S(hbond) + -6.0000*S(metal) + -3.0000*S(cho) )

Score = CHEMPLP - 1.0000*DE(clash) - 2.0000*DE(tors)


--------------------------------------------------------------------------------


--------------------------------------------------------------------------------
--- PLP analysis of protein-ligand interactions                              ---
--------------------------------------------------------------------------------
hydrogen bonding        :      -0.80
metal                   :       0.00
buried (polar-nonpolar) :      -9.06
nonpolar                :     -35.60
repulsive               :       0.27
--------------------------------------------------------------------------------


--------------------------------------------------------------------------------
--- ChemScore analysis of protein-ligand interactions                        ---
--------------------------------------------------------------------------------

* Hydrogen bonds                                                                


* CH..O interactions                                                            
  CH group selection                       : activated ring CH (adjacent to hetatom)

--------------------------------------------------------------------------------


--------------------------------------------------------------------------------
--- Intra-ligand clashes                                                     ---
--------------------------------------------------------------------------------

Ligand
  7 (C7   ) -   3 (C3   ):   1.18 (dist   2.72)
--------------------------------------------------------------------------------


--------------------------------------------------------------------------------
--- Chromosome decoded                                                       ---
--------------------------------------------------------------------------------
Ligand Torsions
[   6    2    1    3]  171.87
[  12    5    1    2]   43.36
Protein Torsions
[ 604  597  595  592]   79.54 
[ 622  617  616  613]    8.00 
[2635 2624 2623 2622]  113.18 
[3186 3179 3177 3174]   87.96 
[5212 5203 5202 5200]   70.89 
Mapping
Ligand acceptors to protein hydrogens (mapping then atom ids)
Ligand hydrogens to protein acceptors (mapping then atom ids)
Ligand shape atoms to protein points (mapping then atom ids & coords)
  1  1152 [  5->(-10.500  -7.500  17.750)]
  2  1604 [  6->(-10.000  -8.000  18.750)]
  5  4852 [ 13->( -6.750  -5.750  20.000)]
  7  5119 [ 16->( -5.750  -5.500  19.500)]
Chromosome values
Integers:
  -1   -1   -1   -1   -1 1151 1603   -1   -1 4851   -1 5118 
--------------------------------------------------------------------------------


--------------------------------------------------------------------------------
--- Diverse Solutions Stats                                                  ---
--------------------------------------------------------------------------------
  Move attempts                            :  18641
  Move failures                            :      0
  Failure rate                             :   0.000

--------------------------------------------------------------------------------

Current Ranking  1  3  2

--------------------------------------------------------------------------------

* GA execution time :                                                           
  total  0.8854 user  0.8604 sys  0.0250

--------------------------------------------------------------------------------
Fitness function evaluations: 18645

--------------------------------------------------------------------------------
** Docking run number  4 **
--------------------------------------------------------------------------------
  Rank fitness base is 5000.00 ; increment is 11.2233

* Initialising population(s) ...                                                
Number of constraints mappings 0
Number of constraints 0
  Population no.                           :      1
  Population size                          :    100
  Number of duplicates                     :      0
  Number of niche violations               :      0
  Number of errors                         :      1


Doing GA, no. of population(s) 1 size 100 selection pressure 1.100000

 Operation      Fitness  S(hb_ext) S(vdw_ext)  S(hb_int)    S(int)      intcor
         0      38.18       5.59      24.87       0.00      -8.01      -0.78
Reordering...
        44      38.13       5.51      23.76       0.00      -0.26      -0.78
Reordering...
       134      35.88       0.50      25.85       0.00      -0.72      -0.78
       245      39.14       0.44      30.88       0.00     -14.94      -0.78
       468      37.00       1.19      30.14       0.00     -18.10      -0.78
Reordering...
       550      35.03       0.31      28.92       0.00     -14.94      -0.78
Reordering...
       682      33.34       0.25      25.50       0.00      -5.13      -0.78
       713      33.34       0.25      25.53       0.00      -5.13      -0.78
       717      33.71       0.96      27.52       0.00     -13.01      -0.78
       730      38.10       3.65      25.84       0.00      -2.69      -0.78
       909      39.98       0.55      30.19       0.00      -4.40      -0.78
       957      41.28       0.00      30.33       0.00      -0.85      -0.78
      1292      40.34       0.00      29.86       0.00      -1.06      -0.78
      1966      38.74       0.00      28.80       0.00      -0.85      -0.78
      2110      38.94       0.00      29.95       0.00      -2.25      -0.78
      2204      38.94       0.00      29.95       0.00      -2.25      -0.78
--------------------------------------------------------------------------------
Best docking solution after GA:
      2250      38.94       0.00      29.95       0.00      -2.25      -0.78

#ops:       2250 #mutates:   1117 #cross:     1133 #dups:       507 
#niche:     1213 #errors:       7 
--------------------------------------------------------------------------------

Doing AMOEBA simplex on best individual
Done simplexing #iterations 500, best score  41.64

Ligand is stored in gold_soln_ligand_prepared_m1_4.mol2


--------------------------------------------------------------------------------
--- GoldScore breakdown of terms                                             ---
--------------------------------------------------------------------------------
Fitness = S(hb_ext) + 1.3750*S(vdw_ext) + S(hb_int) + 1.0000*S(int)
S(int)  = S(vdw_int) + S(tors)

Internal terms are relative to best energy found (intcor).

--------------------------------------------------------------------------------


     Fitness  S(hb_ext) S(vdw_ext)  S(hb_int)    S(int)      intcor
     41.64       0.00      31.92       0.00      -2.26      -0.78

--------------------------------------------------------------------------------
--- GoldScore analysis of protein-ligand interactions                        ---
--------------------------------------------------------------------------------


--------------------------------------------------------------------------------

--------------------------------------------------------------------------------
--- Rescoring solution                                                       ---
--------------------------------------------------------------------------------

     Score     S(PLP)   S(hbond)     S(cho)   S(metal)  DE(clash)   DE(tors)
     30.51     -32.93       0.00       0.00       0.00       1.66       0.38

Doing AMOEBA simplex on best individual
Done simplexing #iterations 496, best score  36.08

     Score     S(PLP)   S(hbond)     S(cho)   S(metal)  DE(clash)   DE(tors)
     36.08     -38.40       0.00       0.00       0.00       1.89       0.22

--------------------------------------------------------------------------------
--- CHEMPLP breakdown of terms                                               ---
--------------------------------------------------------------------------------
CHEMPLP = - ( 1.0000*S(PLP) + -3.0000*S(hbond) + -6.0000*S(metal) + -3.0000*S(cho) )

Score = CHEMPLP - 1.0000*DE(clash) - 2.0000*DE(tors)


--------------------------------------------------------------------------------


--------------------------------------------------------------------------------
--- PLP analysis of protein-ligand interactions                              ---
--------------------------------------------------------------------------------
hydrogen bonding        :      -0.42
metal                   :       0.00
buried (polar-nonpolar) :      -3.73
nonpolar                :     -35.29
repulsive               :       0.28
--------------------------------------------------------------------------------


--------------------------------------------------------------------------------
--- ChemScore analysis of protein-ligand interactions                        ---
--------------------------------------------------------------------------------

* Hydrogen bonds                                                                


* CH..O interactions                                                            
  CH group selection                       : activated ring CH (adjacent to hetatom)

--------------------------------------------------------------------------------


--------------------------------------------------------------------------------
--- Intra-ligand clashes                                                     ---
--------------------------------------------------------------------------------

Ligand
  6 (C6   ) -   3 (C3   ):   1.89 (dist   2.70)
--------------------------------------------------------------------------------


--------------------------------------------------------------------------------
--- Chromosome decoded                                                       ---
--------------------------------------------------------------------------------
Ligand Torsions
[   6    2    1    3]  -11.70
[  12    5    1    2]  167.05
Protein Torsions
[ 604  597  595  592]  -66.74 
[ 622  617  616  613]   10.85 
[2635 2624 2623 2622]  105.64 
[3186 3179 3177 3174]  102.47 
[5212 5203 5202 5200]   93.05 
Mapping
Ligand acceptors to protein hydrogens (mapping then atom ids)
Ligand hydrogens to protein acceptors (mapping then atom ids)
Ligand shape atoms to protein points (mapping then atom ids & coords)
  1   720 [  5->(-11.000  -7.750  17.750)]
  2  4487 [  6->( -7.500  -6.000  18.500)]
  3  3931 [  7->( -8.250  -6.250  18.750)]
  4   374 [ 12->(-11.500  -7.500  17.250)]
  5  5165 [ 13->( -5.500  -5.750  19.250)]
  6  4840 [ 14->( -6.750  -6.000  18.750)]
  7  4996 [ 16->( -6.250  -5.750  19.000)]
Chromosome values
Integers:
  -1   -1   -1   -1   -1  719 4486 3930  373 5164 4839 4995 
--------------------------------------------------------------------------------


--------------------------------------------------------------------------------
--- Diverse Solutions Stats                                                  ---
--------------------------------------------------------------------------------
  Move attempts                            :  17853
  Move failures                            :      0
  Failure rate                             :   0.000

--------------------------------------------------------------------------------

Current Ranking  1  3  2  4

--------------------------------------------------------------------------------

* GA execution time :                                                           
  total  1.0509 user  0.9891 sys  0.0618

--------------------------------------------------------------------------------
Fitness function evaluations: 17859

--------------------------------------------------------------------------------
** Docking run number  5 **
--------------------------------------------------------------------------------
  Rank fitness base is 5000.00 ; increment is 11.2233

* Initialising population(s) ...                                                
Number of constraints mappings 0
Number of constraints 0
  Population no.                           :      1
  Population size                          :    100
  Number of duplicates                     :      0
  Number of niche violations               :      0
  Number of errors                         :     19


Doing GA, no. of population(s) 1 size 100 selection pressure 1.100000

 Operation      Fitness  S(hb_ext) S(vdw_ext)  S(hb_int)    S(int)      intcor
         0      33.62       1.57      24.01       0.00      -4.78      -0.78
        91      33.83       3.52      26.96       0.00     -31.08      -0.78
       149      34.73       0.51      25.57       0.00      -4.13      -0.78
       192      34.89       1.60      25.77       0.00      -9.05      -0.78
Reordering...
       201      34.24       0.47      25.29       0.00      -4.13      -0.78
       251      37.38       2.23      26.10       0.00      -2.94      -0.78
       369      39.51       0.71      29.28       0.00      -5.18      -0.78
       904      36.91       0.66      26.92       0.00      -1.63      -0.78
Reordering...
       924      36.67       0.35      28.23       0.00      -5.18      -0.78
       992      36.67       1.17      26.43       0.00      -1.63      -0.78
Reordering...
      1072      35.74       0.23      27.89       0.00      -5.18      -0.78
Reordering...
      1100      35.63       1.15      25.75       0.00      -1.63      -0.78
Reordering...
      1139      35.32       0.19      27.75       0.00      -5.18      -0.78
      1408      33.23       0.07      27.01       0.00      -5.18      -0.78
Reordering...
      1474      32.66       0.00      25.09       0.00      -2.25      -0.78
      1689      32.45       0.00      25.23       0.00      -2.25      -0.78
      1781      33.24       0.00      24.68       0.00      -0.69      -0.78
      1810      35.76       0.00      26.51       0.00      -0.69      -0.78
--------------------------------------------------------------------------------
Best docking solution after GA:
      2250      35.76       0.00      26.51       0.00      -0.69      -0.78

#ops:       2250 #mutates:   1141 #cross:     1109 #dups:       467 
#niche:     1317 #errors:      24 
--------------------------------------------------------------------------------

Doing AMOEBA simplex on best individual
Done simplexing #iterations 629, best score  38.43

Ligand is stored in gold_soln_ligand_prepared_m1_5.mol2


--------------------------------------------------------------------------------
--- GoldScore breakdown of terms                                             ---
--------------------------------------------------------------------------------
Fitness = S(hb_ext) + 1.3750*S(vdw_ext) + S(hb_int) + 1.0000*S(int)
S(int)  = S(vdw_int) + S(tors)

Internal terms are relative to best energy found (intcor).

--------------------------------------------------------------------------------


     Fitness  S(hb_ext) S(vdw_ext)  S(hb_int)    S(int)      intcor
     38.43       0.00      28.45       0.00      -0.68      -0.78

--------------------------------------------------------------------------------
--- GoldScore analysis of protein-ligand interactions                        ---
--------------------------------------------------------------------------------


--------------------------------------------------------------------------------

--------------------------------------------------------------------------------
--- Rescoring solution                                                       ---
--------------------------------------------------------------------------------

     Score     S(PLP)   S(hbond)     S(cho)   S(metal)  DE(clash)   DE(tors)
      5.44      -7.30       0.00       0.00       0.00       0.00       0.93

Doing AMOEBA simplex on best individual
Done simplexing #iterations 998, best score  34.34

     Score     S(PLP)   S(hbond)     S(cho)   S(metal)  DE(clash)   DE(tors)
     34.34     -36.18       0.00       0.00       0.00       1.32       0.26

--------------------------------------------------------------------------------
--- CHEMPLP breakdown of terms                                               ---
--------------------------------------------------------------------------------
CHEMPLP = - ( 1.0000*S(PLP) + -3.0000*S(hbond) + -6.0000*S(metal) + -3.0000*S(cho) )

Score = CHEMPLP - 1.0000*DE(clash) - 2.0000*DE(tors)


--------------------------------------------------------------------------------


--------------------------------------------------------------------------------
--- PLP analysis of protein-ligand interactions                              ---
--------------------------------------------------------------------------------
hydrogen bonding        :      -1.47
metal                   :       0.00
buried (polar-nonpolar) :      -3.66
nonpolar                :     -32.14
repulsive               :       0.51
--------------------------------------------------------------------------------


--------------------------------------------------------------------------------
--- ChemScore analysis of protein-ligand interactions                        ---
--------------------------------------------------------------------------------

* Hydrogen bonds                                                                


* CH..O interactions                                                            
  CH group selection                       : activated ring CH (adjacent to hetatom)

--------------------------------------------------------------------------------


--------------------------------------------------------------------------------
--- Intra-ligand clashes                                                     ---
--------------------------------------------------------------------------------

Ligand
  7 (C7   ) -   4 (C4   ):   1.32 (dist   2.71)
--------------------------------------------------------------------------------


--------------------------------------------------------------------------------
--- Chromosome decoded                                                       ---
--------------------------------------------------------------------------------
Ligand Torsions
[   6    2    1    3]   99.57
[  12    5    1    2] -165.58
Protein Torsions
[ 604  597  595  592]   75.92 
[ 622  617  616  613]  -53.66 
[2635 2624 2623 2622]   86.98 
[3186 3179 3177 3174]   51.68 
[5212 5203 5202 5200]  -49.59 
Mapping
Ligand acceptors to protein hydrogens (mapping then atom ids)
Ligand hydrogens to protein acceptors (mapping then atom ids)
Ligand shape atoms to protein points (mapping then atom ids & coords)
  1  1668 [  5->(-10.000  -6.750  18.000)]
  2  4364 [  6->( -7.750  -5.000  20.000)]
  4   510 [ 12->(-11.250  -8.250  17.250)]
  5  4629 [ 13->( -7.250  -6.000  20.000)]
Chromosome values
Integers:
  -1   -1   -1   -1   -1 1667 4363   -1  509 4628   -1   -1 
--------------------------------------------------------------------------------


--------------------------------------------------------------------------------
--- Diverse Solutions Stats                                                  ---
--------------------------------------------------------------------------------
  Move attempts                            :  18710
  Move failures                            :     45
  Failure rate                             :   0.002

--------------------------------------------------------------------------------

Current Ranking  1  3  2  4  5

--------------------------------------------------------------------------------

* GA execution time :                                                           
  total  1.0095 user  0.9257 sys  0.0838

--------------------------------------------------------------------------------
Fitness function evaluations: 18715

--------------------------------------------------------------------------------
** Docking run number  6 **
--------------------------------------------------------------------------------
  Rank fitness base is 5000.00 ; increment is 11.2233

* Initialising population(s) ...                                                
Number of constraints mappings 0
Number of constraints 0
  Population no.                           :      1
  Population size                          :    100
  Number of duplicates                     :      0
  Number of niche violations               :      0
  Number of errors                         :     13


Doing GA, no. of population(s) 1 size 100 selection pressure 1.100000

 Operation      Fitness  S(hb_ext) S(vdw_ext)  S(hb_int)    S(int)      intcor
         0      38.42       2.05      27.89       0.00      -9.87      -0.78
Reordering...
       201      35.06       0.05      28.63       0.00     -18.05      -0.78
       236      34.98       0.05      28.64       0.00     -18.05      -0.78
       239      35.52       3.48      27.57       0.00     -23.79      -0.78
       261      40.52       4.60      27.68       0.00      -8.46      -0.78
       356      39.65       4.57      27.23       0.00      -8.46      -0.78
Reordering...
       536      36.45       0.83      26.45       0.00      -2.28      -0.78
       813      35.44       2.23      25.15       0.00      -3.23      -0.78
       927      35.10       1.06      25.56       0.00      -2.28      -0.78
Reordering...
      1072      33.68       0.56      24.99       0.00      -2.28      -0.78
      1074      33.70       0.96      24.72       0.00      -2.28      -0.78
Reordering...
      1139      33.40       0.53      24.87       0.00      -2.28      -0.78
      1141      34.09       0.53      25.10       0.00      -1.62      -0.78
Reordering...
      1340      33.16       0.00      26.09       0.00      -3.84      -0.78
Reordering...
      1364      33.07       0.42      24.61       0.00      -1.62      -0.78
Reordering...
      1407      32.98       0.00      26.09       0.00      -3.84      -0.78
      1491      34.20       0.51      26.58       0.00      -3.49      -0.78
      1581      35.89       0.00      26.95       0.00      -1.31      -0.78
      1980      35.77       0.00      26.97       0.00      -1.31      -0.78
      2024      35.97       0.00      27.34       0.00      -1.62      -0.78
      2049      36.17       0.00      27.29       0.00      -1.35      -0.78
      2168      36.46       0.00      27.70       0.00      -1.62      -0.78
      2186      37.13       0.00      28.18       0.00      -1.62      -0.78
--------------------------------------------------------------------------------
Best docking solution after GA:
      2250      37.13       0.00      28.18       0.00      -1.62      -0.78

#ops:       2250 #mutates:   1134 #cross:     1116 #dups:       431 
#niche:     1270 #errors:      36 
--------------------------------------------------------------------------------

Doing AMOEBA simplex on best individual
Done simplexing #iterations 509, best score  38.88

Ligand is stored in gold_soln_ligand_prepared_m1_6.mol2


--------------------------------------------------------------------------------
--- GoldScore breakdown of terms                                             ---
--------------------------------------------------------------------------------
Fitness = S(hb_ext) + 1.3750*S(vdw_ext) + S(hb_int) + 1.0000*S(int)
S(int)  = S(vdw_int) + S(tors)

Internal terms are relative to best energy found (intcor).

--------------------------------------------------------------------------------


     Fitness  S(hb_ext) S(vdw_ext)  S(hb_int)    S(int)      intcor
     38.88       0.06      29.44       0.00      -1.67      -0.78

--------------------------------------------------------------------------------
--- GoldScore analysis of protein-ligand interactions                        ---
--------------------------------------------------------------------------------

  Ligand donor    8 hydrogen   22 Protein acceptor 2674 bond energy  2.00 wt 0.03

--------------------------------------------------------------------------------

--------------------------------------------------------------------------------
--- Rescoring solution                                                       ---
--------------------------------------------------------------------------------

     Score     S(PLP)   S(hbond)     S(cho)   S(metal)  DE(clash)   DE(tors)
     27.85     -28.21       0.39       0.00       0.00       1.07       0.23

Doing AMOEBA simplex on best individual
Done simplexing #iterations 664, best score  33.69

     Score     S(PLP)   S(hbond)     S(cho)   S(metal)  DE(clash)   DE(tors)
     33.69     -32.85       0.77       0.00       0.00       1.29       0.09

--------------------------------------------------------------------------------
--- CHEMPLP breakdown of terms                                               ---
--------------------------------------------------------------------------------
CHEMPLP = - ( 1.0000*S(PLP) + -3.0000*S(hbond) + -6.0000*S(metal) + -3.0000*S(cho) )

Score = CHEMPLP - 1.0000*DE(clash) - 2.0000*DE(tors)


--------------------------------------------------------------------------------


--------------------------------------------------------------------------------
--- PLP analysis of protein-ligand interactions                              ---
--------------------------------------------------------------------------------
hydrogen bonding        :      -2.00
metal                   :       0.00
buried (polar-nonpolar) :       0.27
nonpolar                :     -33.73
repulsive               :       1.14
--------------------------------------------------------------------------------


--------------------------------------------------------------------------------
--- ChemScore analysis of protein-ligand interactions                        ---
--------------------------------------------------------------------------------

* Hydrogen bonds                                                                
Ligand donor    8 hydrogen   22 Protein acceptor 2674 bond energy  1.00 wt 0.77


* CH..O interactions                                                            
  CH group selection                       : activated ring CH (adjacent to hetatom)

--------------------------------------------------------------------------------


--------------------------------------------------------------------------------
--- Intra-ligand clashes                                                     ---
--------------------------------------------------------------------------------

Ligand
  7 (C7   ) -   3 (C3   ):   1.29 (dist   2.71)
--------------------------------------------------------------------------------


--------------------------------------------------------------------------------
--- Chromosome decoded                                                       ---
--------------------------------------------------------------------------------
Ligand Torsions
[   6    2    1    3]  171.26
[  12    5    1    2]  174.97
Protein Torsions
[ 604  597  595  592]  -52.57 
[ 622  617  616  613]  -46.11 
[2635 2624 2623 2622]  126.83 
[3186 3179 3177 3174]   74.73 
[5212 5203 5202 5200]  139.64 
Mapping
Ligand acceptors to protein hydrogens (mapping then atom ids)
Ligand hydrogens to protein acceptors (mapping then atom ids)
Ligand shape atoms to protein points (mapping then atom ids & coords)
  1  1549 [  5->(-10.000  -9.000  16.750)]
  2  4472 [  6->( -7.500  -6.250  17.500)]
  3  3931 [  7->( -8.250  -6.250  18.750)]
  4  1555 [ 12->(-10.000  -8.750  15.750)]
  5  5071 [ 13->( -6.000  -5.250  19.500)]
  6  4943 [ 14->( -6.500  -5.000  20.000)]
  7  5337 [ 16->( -4.750  -5.500  18.750)]
Chromosome values
Integers:
  -1   -1   -1   -1   -1 1548 4471 3930 1554 5070 4942 5336 
--------------------------------------------------------------------------------


--------------------------------------------------------------------------------
--- Diverse Solutions Stats                                                  ---
--------------------------------------------------------------------------------
  Move attempts                            :  18112
  Move failures                            :     45
  Failure rate                             :   0.002

--------------------------------------------------------------------------------

Current Ranking  1  3  2  4  6  5

--------------------------------------------------------------------------------

* GA execution time :                                                           
  total  0.9003 user  0.8906 sys  0.0096

--------------------------------------------------------------------------------
Fitness function evaluations: 18114

--------------------------------------------------------------------------------
** Docking run number  7 **
--------------------------------------------------------------------------------
  Rank fitness base is 5000.00 ; increment is 11.2233

* Initialising population(s) ...                                                
Number of constraints mappings 0
Number of constraints 0
  Population no.                           :      1
  Population size                          :    100
  Number of duplicates                     :      0
  Number of niche violations               :      0
  Number of errors                         :     12


Doing GA, no. of population(s) 1 size 100 selection pressure 1.100000

 Operation      Fitness  S(hb_ext) S(vdw_ext)  S(hb_int)    S(int)      intcor
         0      38.92       2.60      29.58       0.00     -21.79      -0.77
        88      37.95       2.54      28.72       0.00     -18.76      -0.77
       249      36.31       2.84      25.87       0.00      -8.34      -0.77
       254      36.33       2.84      25.88       0.00      -8.34      -0.77
       349      36.12       0.91      28.96       0.00     -16.84      -0.77
       598      35.06       1.70      25.50       0.00      -4.85      -0.77
      1202      29.84       1.70      22.66       0.00      -4.85      -0.77
Reordering...
      1364      27.81       0.12      22.49       0.00      -4.40      -0.77
      1403      28.54       0.06      24.10       0.00      -6.20      -0.77
      1507      31.61       1.64      24.73       0.00      -4.85      -0.77
      1832      30.97       0.00      24.05       0.00      -2.09      -0.77
      1879      31.00       0.00      24.07       0.00      -2.09      -0.77
      1956      32.31       0.41      25.32       0.00      -2.91      -0.77
      2099      32.40       0.44      25.36       0.00      -2.91      -0.77
      2160      33.94       0.55      26.60       0.00      -3.18      -0.77
      2204      34.11       1.45      27.28       0.00      -4.85      -0.77
--------------------------------------------------------------------------------
Best docking solution after GA:
      2250      34.11       1.45      27.28       0.00      -4.85      -0.77

#ops:       2250 #mutates:   1118 #cross:     1132 #dups:       461 
#niche:     1258 #errors:      24 
--------------------------------------------------------------------------------

Doing AMOEBA simplex on best individual
Done simplexing #iterations 711, best score  41.46

Ligand is stored in gold_soln_ligand_prepared_m1_7.mol2


--------------------------------------------------------------------------------
--- GoldScore breakdown of terms                                             ---
--------------------------------------------------------------------------------
Fitness = S(hb_ext) + 1.3750*S(vdw_ext) + S(hb_int) + 1.0000*S(int)
S(int)  = S(vdw_int) + S(tors)

Internal terms are relative to best energy found (intcor).

--------------------------------------------------------------------------------


     Fitness  S(hb_ext) S(vdw_ext)  S(hb_int)    S(int)      intcor
     41.46       1.65      31.43       0.00      -3.41      -0.77

--------------------------------------------------------------------------------
--- GoldScore analysis of protein-ligand interactions                        ---
--------------------------------------------------------------------------------

  Ligand donor    8 hydrogen   22 Protein acceptor 2655 bond energy  2.00 wt 0.82

--------------------------------------------------------------------------------

--------------------------------------------------------------------------------
--- Rescoring solution                                                       ---
--------------------------------------------------------------------------------

     Score     S(PLP)   S(hbond)     S(cho)   S(metal)  DE(clash)   DE(tors)
     23.10     -22.94       0.75       0.00       0.00       1.02       0.53

Doing AMOEBA simplex on best individual
Done simplexing #iterations 937, best score  43.16

     Score     S(PLP)   S(hbond)     S(cho)   S(metal)  DE(clash)   DE(tors)
     43.16     -39.46       2.00       0.00       0.00       0.00       1.15

--------------------------------------------------------------------------------
--- CHEMPLP breakdown of terms                                               ---
--------------------------------------------------------------------------------
CHEMPLP = - ( 1.0000*S(PLP) + -3.0000*S(hbond) + -6.0000*S(metal) + -3.0000*S(cho) )

Score = CHEMPLP - 1.0000*DE(clash) - 2.0000*DE(tors)


--------------------------------------------------------------------------------


--------------------------------------------------------------------------------
--- PLP analysis of protein-ligand interactions                              ---
--------------------------------------------------------------------------------
hydrogen bonding        :      -3.22
metal                   :       0.00
buried (polar-nonpolar) :      -0.56
nonpolar                :     -38.31
repulsive               :       1.57
--------------------------------------------------------------------------------


--------------------------------------------------------------------------------
--- ChemScore analysis of protein-ligand interactions                        ---
--------------------------------------------------------------------------------

* Hydrogen bonds                                                                
Ligand donor    8 hydrogen   22 Protein acceptor 2655 bond energy  1.00 wt 1.00
Ligand donor   10 hydrogen   23 Protein acceptor  594 bond energy  1.00 wt 1.00


* CH..O interactions                                                            
  CH group selection                       : activated ring CH (adjacent to hetatom)

--------------------------------------------------------------------------------


--------------------------------------------------------------------------------
--- Intra-ligand clashes                                                     ---
--------------------------------------------------------------------------------

Ligand
--------------------------------------------------------------------------------


--------------------------------------------------------------------------------
--- Chromosome decoded                                                       ---
--------------------------------------------------------------------------------
Ligand Torsions
[   6    2    1    3]   69.06
[  12    5    1    2]  168.97
Protein Torsions
[ 604  597  595  592] -158.61 
[ 622  617  616  613]  132.54 
[2635 2624 2623 2622]   99.71 
[3186 3179 3177 3174]  -26.69 
[5212 5203 5202 5200]   82.16 
Mapping
Ligand acceptors to protein hydrogens (mapping then atom ids)
Ligand hydrogens to protein acceptors (mapping then atom ids)
  1  17 [ 22->2655]
Ligand shape atoms to protein points (mapping then atom ids & coords)
  1  3005 [  5->( -9.000  -8.000  15.750)]
  3  2622 [  7->( -9.250  -8.000  18.750)]
  5  2938 [ 13->( -9.000  -9.000  20.500)]
  6  3860 [ 14->( -8.250  -7.500  18.500)]
Chromosome values
Integers:
  -1   -1   -1   16   -1 3004   -1 2621   -1 2937 3859   -1 
--------------------------------------------------------------------------------


--------------------------------------------------------------------------------
--- Diverse Solutions Stats                                                  ---
--------------------------------------------------------------------------------
  Move attempts                            :  18709
  Move failures                            :     32
  Failure rate                             :   0.002

--------------------------------------------------------------------------------

Current Ranking  1  3  2  4  7  6  5

--------------------------------------------------------------------------------

* GA execution time :                                                           
  total  0.8054 user  0.7803 sys  0.0251

--------------------------------------------------------------------------------
Fitness function evaluations: 18711

--------------------------------------------------------------------------------
** Docking run number  8 **
--------------------------------------------------------------------------------
  Rank fitness base is 5000.00 ; increment is 11.2233

* Initialising population(s) ...                                                
Number of constraints mappings 0
Number of constraints 0
  Population no.                           :      1
  Population size                          :    100
  Number of duplicates                     :      0
  Number of niche violations               :      0
  Number of errors                         :     11


Doing GA, no. of population(s) 1 size 100 selection pressure 1.100000

 Operation      Fitness  S(hb_ext) S(vdw_ext)  S(hb_int)    S(int)      intcor
         0      35.36       2.50      25.39       0.00     -10.23      -0.77
        94      34.66       0.17      25.64       0.00      -3.53      -0.77
       110      41.14       2.75      28.22       0.00      -1.85      -0.77
       130      41.14       2.75      28.22       0.00      -1.85      -0.77
       170      40.32       2.71      27.66       0.00      -1.85      -0.77
       385      37.80       2.59      25.99       0.00      -1.85      -0.77
       440      38.42       3.21      26.90       0.00      -5.86      -0.77
Reordering...
       603      35.56       1.84      27.65       0.00     -12.16      -0.77
       707      35.52       1.44      25.83       0.00      -3.68      -0.77
       818      37.23       0.28      28.04       0.00      -3.68      -0.77
      1001      37.13       1.33      27.19       0.00      -3.07      -0.77
      1052      36.79       1.32      26.99       0.00      -3.07      -0.77
Reordering...
      1273      35.01       0.09      27.17       0.00      -3.68      -0.77
Reordering...
      1541      32.98       1.14      25.49       0.00      -3.68      -0.77
      1542      33.11       1.01      26.39       0.00      -4.82      -0.77
      1776      33.22       0.68      25.94       0.00      -3.13      -0.77
      1966      33.46       0.21      26.30       0.00      -2.92      -0.77
      2090      33.46       0.21      26.30       0.00      -2.92      -0.77
--------------------------------------------------------------------------------
Best docking solution after GA:
      2250      33.46       0.21      26.30       0.00      -2.92      -0.77

#ops:       2250 #mutates:   1166 #cross:     1084 #dups:       393 
#niche:     1255 #errors:      63 
--------------------------------------------------------------------------------

Doing AMOEBA simplex on best individual
Done simplexing #iterations 779, best score  38.77

Ligand is stored in gold_soln_ligand_prepared_m1_8.mol2


--------------------------------------------------------------------------------
--- GoldScore breakdown of terms                                             ---
--------------------------------------------------------------------------------
Fitness = S(hb_ext) + 1.3750*S(vdw_ext) + S(hb_int) + 1.0000*S(int)
S(int)  = S(vdw_int) + S(tors)

Internal terms are relative to best energy found (intcor).

--------------------------------------------------------------------------------


     Fitness  S(hb_ext) S(vdw_ext)  S(hb_int)    S(int)      intcor
     38.77       0.07      29.14       0.00      -1.38      -0.77

--------------------------------------------------------------------------------
--- GoldScore analysis of protein-ligand interactions                        ---
--------------------------------------------------------------------------------

  Ligand donor    8 hydrogen   22 Protein acceptor 2674 bond energy  2.00 wt 0.03

--------------------------------------------------------------------------------

--------------------------------------------------------------------------------
--- Rescoring solution                                                       ---
--------------------------------------------------------------------------------

     Score     S(PLP)   S(hbond)     S(cho)   S(metal)  DE(clash)   DE(tors)
     28.72     -28.25       0.93       0.00       0.00       0.59       0.87

Doing AMOEBA simplex on best individual
Done simplexing #iterations 617, best score  33.37

     Score     S(PLP)   S(hbond)     S(cho)   S(metal)  DE(clash)   DE(tors)
     33.37     -33.37       0.69       0.00       0.00       0.97       0.54

--------------------------------------------------------------------------------
--- CHEMPLP breakdown of terms                                               ---
--------------------------------------------------------------------------------
CHEMPLP = - ( 1.0000*S(PLP) + -3.0000*S(hbond) + -6.0000*S(metal) + -3.0000*S(cho) )

Score = CHEMPLP - 1.0000*DE(clash) - 2.0000*DE(tors)


--------------------------------------------------------------------------------


--------------------------------------------------------------------------------
--- PLP analysis of protein-ligand interactions                              ---
--------------------------------------------------------------------------------
hydrogen bonding        :      -1.96
metal                   :       0.00
buried (polar-nonpolar) :      -1.75
nonpolar                :     -32.14
repulsive               :       1.85
--------------------------------------------------------------------------------


--------------------------------------------------------------------------------
--- ChemScore analysis of protein-ligand interactions                        ---
--------------------------------------------------------------------------------

* Hydrogen bonds                                                                
Ligand donor    8 hydrogen   22 Protein acceptor 2674 bond energy  1.00 wt 0.69


* CH..O interactions                                                            
  CH group selection                       : activated ring CH (adjacent to hetatom)

--------------------------------------------------------------------------------


--------------------------------------------------------------------------------
--- Intra-ligand clashes                                                     ---
--------------------------------------------------------------------------------

Ligand
  7 (C7   ) -   3 (C3   ):   0.97 (dist   2.72)
--------------------------------------------------------------------------------


--------------------------------------------------------------------------------
--- Chromosome decoded                                                       ---
--------------------------------------------------------------------------------
Ligand Torsions
[   6    2    1    3]  166.04
[  12    5    1    2]  169.31
Protein Torsions
[ 604  597  595  592]   -3.82 
[ 622  617  616  613]  161.70 
[2635 2624 2623 2622] -109.53 
[3186 3179 3177 3174]  -12.83 
[5212 5203 5202 5200]   59.90 
Mapping
Ligand acceptors to protein hydrogens (mapping then atom ids)
Ligand hydrogens to protein acceptors (mapping then atom ids)
  1  14 [ 22->2674]
Ligand shape atoms to protein points (mapping then atom ids & coords)
  1  2653 [  5->( -9.250  -7.500  17.750)]
  2  4473 [  6->( -7.500  -6.250  17.750)]
  3  4654 [  7->( -7.250  -5.000  20.000)]
  4   928 [ 12->(-10.750  -7.750  16.500)]
  6  4653 [ 14->( -7.250  -5.000  19.750)]
  7  5171 [ 16->( -5.500  -5.500  19.000)]
Chromosome values
Integers:
  -1   -1   -1   13   -1 2652 4472 4653  927   -1 4652 5170 
--------------------------------------------------------------------------------


--------------------------------------------------------------------------------
--- Diverse Solutions Stats                                                  ---
--------------------------------------------------------------------------------
  Move attempts                            :  18394
  Move failures                            :     67
  Failure rate                             :   0.004

--------------------------------------------------------------------------------

Current Ranking  1  3  2  4  7  6  8  5

--------------------------------------------------------------------------------

* GA execution time :                                                           
  total  0.8403 user  0.8218 sys  0.0185

--------------------------------------------------------------------------------
Fitness function evaluations: 18399

--------------------------------------------------------------------------------
** Docking run number  9 **
--------------------------------------------------------------------------------
  Rank fitness base is 5000.00 ; increment is 11.2233

* Initialising population(s) ...                                                
Number of constraints mappings 0
Number of constraints 0
  Population no.                           :      1
  Population size                          :    100
  Number of duplicates                     :      0
  Number of niche violations               :      0
  Number of errors                         :     40


Doing GA, no. of population(s) 1 size 100 selection pressure 1.100000

 Operation      Fitness  S(hb_ext) S(vdw_ext)  S(hb_int)    S(int)      intcor
         0      41.12       2.87      28.62       0.00      -5.57      -0.77
       350      35.86       0.66      26.44       0.00      -4.18      -0.77
       372      36.52       1.04      26.65       0.00      -4.18      -0.77
Reordering...
       402      36.16       1.24      26.29       0.00      -4.18      -0.77
       574      35.53       1.23      26.00       0.00      -4.18      -0.77
Reordering...
       836      34.98       2.76      23.76       0.00      -1.03      -0.77
       951      40.82       0.43      30.12       0.00      -2.09      -0.77
--------------------------------------------------------------------------------
Best docking solution after GA:
      2250      39.53       0.20      30.12       0.00      -2.09      -0.77

#ops:       2250 #mutates:   1179 #cross:     1071 #dups:       418 
#niche:     1123 #errors:      41 
--------------------------------------------------------------------------------

Doing AMOEBA simplex on best individual
Done simplexing #iterations 577, best score  42.93

Ligand is stored in gold_soln_ligand_prepared_m1_9.mol2


--------------------------------------------------------------------------------
--- GoldScore breakdown of terms                                             ---
--------------------------------------------------------------------------------
Fitness = S(hb_ext) + 1.3750*S(vdw_ext) + S(hb_int) + 1.0000*S(int)
S(int)  = S(vdw_int) + S(tors)

Internal terms are relative to best energy found (intcor).

--------------------------------------------------------------------------------


     Fitness  S(hb_ext) S(vdw_ext)  S(hb_int)    S(int)      intcor
     42.93       0.31      31.47       0.00      -0.65      -0.77

--------------------------------------------------------------------------------
--- GoldScore analysis of protein-ligand interactions                        ---
--------------------------------------------------------------------------------

  Ligand donor   10 hydrogen   23 Protein acceptor 2655 bond energy  2.00 wt 0.16

--------------------------------------------------------------------------------

--------------------------------------------------------------------------------
--- Rescoring solution                                                       ---
--------------------------------------------------------------------------------

     Score     S(PLP)   S(hbond)     S(cho)   S(metal)  DE(clash)   DE(tors)
     33.87     -33.39       0.64       0.00       0.00       0.00       0.72

Doing AMOEBA simplex on best individual
Done simplexing #iterations 508, best score  46.32

     Score     S(PLP)   S(hbond)     S(cho)   S(metal)  DE(clash)   DE(tors)
     46.32     -44.91       0.99       0.00       0.00       0.00       0.78

--------------------------------------------------------------------------------
--- CHEMPLP breakdown of terms                                               ---
--------------------------------------------------------------------------------
CHEMPLP = - ( 1.0000*S(PLP) + -3.0000*S(hbond) + -6.0000*S(metal) + -3.0000*S(cho) )

Score = CHEMPLP - 1.0000*DE(clash) - 2.0000*DE(tors)


--------------------------------------------------------------------------------


--------------------------------------------------------------------------------
--- PLP analysis of protein-ligand interactions                              ---
--------------------------------------------------------------------------------
hydrogen bonding        :      -3.11
metal                   :       0.00
buried (polar-nonpolar) :      -0.56
nonpolar                :     -43.55
repulsive               :       1.08
--------------------------------------------------------------------------------


--------------------------------------------------------------------------------
--- ChemScore analysis of protein-ligand interactions                        ---
--------------------------------------------------------------------------------

* Hydrogen bonds                                                                
Ligand donor   10 hydrogen   23 Protein acceptor 2674 bond energy  1.00 wt 0.99


* CH..O interactions                                                            
  CH group selection                       : activated ring CH (adjacent to hetatom)

--------------------------------------------------------------------------------


--------------------------------------------------------------------------------
--- Intra-ligand clashes                                                     ---
--------------------------------------------------------------------------------

Ligand
--------------------------------------------------------------------------------


--------------------------------------------------------------------------------
--- Chromosome decoded                                                       ---
--------------------------------------------------------------------------------
Ligand Torsions
[   6    2    1    3]  136.29
[  12    5    1    2]  169.18
Protein Torsions
[ 604  597  595  592]   10.68 
[ 622  617  616  613] -101.27 
[2635 2624 2623 2622]  -27.62 
[3186 3179 3177 3174]   28.56 
[5212 5203 5202 5200]   91.87 
Mapping
Ligand acceptors to protein hydrogens (mapping then atom ids)
Ligand hydrogens to protein acceptors (mapping then atom ids)
Ligand shape atoms to protein points (mapping then atom ids & coords)
  3  2178 [  7->( -9.500  -8.750  15.250)]
  4  2208 [ 12->( -9.500  -8.500  18.000)]
  7  2457 [ 16->( -9.250  -9.750  17.750)]
Chromosome values
Integers:
  -1   -1   -1   -1   -1   -1   -1 2177 2207   -1   -1 2456 
--------------------------------------------------------------------------------


--------------------------------------------------------------------------------
--- Diverse Solutions Stats                                                  ---
--------------------------------------------------------------------------------
  Move attempts                            :  17946
  Move failures                            :     70
  Failure rate                             :   0.004

--------------------------------------------------------------------------------

Current Ranking  1  3  2  9  4  7  6  8  5

--------------------------------------------------------------------------------

* GA execution time :                                                           
  total  0.8132 user  0.8039 sys  0.0092

--------------------------------------------------------------------------------
Fitness function evaluations: 17955

--------------------------------------------------------------------------------
** Docking run number 10 **
--------------------------------------------------------------------------------
  Rank fitness base is 5000.00 ; increment is 11.2233

* Initialising population(s) ...                                                
Number of constraints mappings 0
Number of constraints 0
  Population no.                           :      1
  Population size                          :    100
  Number of duplicates                     :      0
  Number of niche violations               :      0
  Number of errors                         :     41


Doing GA, no. of population(s) 1 size 100 selection pressure 1.100000

 Operation      Fitness  S(hb_ext) S(vdw_ext)  S(hb_int)    S(int)      intcor
         0      42.34       0.78      31.99       0.00     -12.14      -0.76
        54      43.38       0.63      32.25       0.00      -7.63      -0.76
       187      44.47       1.88      31.64       0.00      -3.89      -0.76
       618      37.43       1.79      26.63       0.00      -2.73      -0.76
Reordering...
       804      33.92       1.17      24.04       0.00      -0.69      -0.76
       817      34.99       2.31      24.04       0.00      -0.89      -0.76
       921      34.72       2.25      23.81       0.00      -0.58      -0.76
      1163      33.27       1.09      24.27       0.00      -2.01      -0.76
Reordering...
      1188      33.22       2.04      22.93       0.00      -0.58      -0.76
Reordering...
      1206      33.22       1.09      24.27       0.00      -2.01      -0.76
Reordering...
      1298      33.08       1.04      23.82       0.00      -1.03      -0.76
Reordering...
      1340      33.05       1.09      24.27       0.00      -2.01      -0.76
      1453      32.88       1.10      24.16       0.00      -1.80      -0.76
      2019      32.52       1.10      24.16       0.00      -1.80      -0.76
      2132      33.32       0.94      23.80       0.00      -0.35      -0.76
      2172      33.47       0.94      23.91       0.00      -0.35      -0.76
--------------------------------------------------------------------------------
Best docking solution after GA:
      2250      33.47       0.94      23.91       0.00      -0.35      -0.76

#ops:       2250 #mutates:   1085 #cross:     1165 #dups:       359 
#niche:     1079 #errors:      46 
--------------------------------------------------------------------------------

Doing AMOEBA simplex on best individual
Done simplexing #iterations 592, best score  44.09

Ligand is stored in gold_soln_ligand_prepared_m1_10.mol2


--------------------------------------------------------------------------------
--- GoldScore breakdown of terms                                             ---
--------------------------------------------------------------------------------
Fitness = S(hb_ext) + 1.3750*S(vdw_ext) + S(hb_int) + 1.0000*S(int)
S(int)  = S(vdw_int) + S(tors)

Internal terms are relative to best energy found (intcor).

--------------------------------------------------------------------------------


     Fitness  S(hb_ext) S(vdw_ext)  S(hb_int)    S(int)      intcor
     44.09       0.00      32.17       0.00      -0.14      -0.76

--------------------------------------------------------------------------------
--- GoldScore analysis of protein-ligand interactions                        ---
--------------------------------------------------------------------------------


--------------------------------------------------------------------------------

--------------------------------------------------------------------------------
--- Rescoring solution                                                       ---
--------------------------------------------------------------------------------

     Score     S(PLP)   S(hbond)     S(cho)   S(metal)  DE(clash)   DE(tors)
     22.38     -20.90       1.00       0.00       0.00       0.00       0.76

Doing AMOEBA simplex on best individual
Done simplexing #iterations 526, best score  49.26

     Score     S(PLP)   S(hbond)     S(cho)   S(metal)  DE(clash)   DE(tors)
     49.26     -46.34       1.94       0.00       0.00       0.00       1.45

--------------------------------------------------------------------------------
--- CHEMPLP breakdown of terms                                               ---
--------------------------------------------------------------------------------
CHEMPLP = - ( 1.0000*S(PLP) + -3.0000*S(hbond) + -6.0000*S(metal) + -3.0000*S(cho) )

Score = CHEMPLP - 1.0000*DE(clash) - 2.0000*DE(tors)


--------------------------------------------------------------------------------


--------------------------------------------------------------------------------
--- PLP analysis of protein-ligand interactions                              ---
--------------------------------------------------------------------------------
hydrogen bonding        :      -3.00
metal                   :       0.00
buried (polar-nonpolar) :      -1.87
nonpolar                :     -42.96
repulsive               :       0.58
--------------------------------------------------------------------------------


--------------------------------------------------------------------------------
--- ChemScore analysis of protein-ligand interactions                        ---
--------------------------------------------------------------------------------

* Hydrogen bonds                                                                
Ligand donor    8 hydrogen   22 Protein acceptor  594 bond energy  1.00 wt 0.96
Ligand donor   10 hydrogen   23 Protein acceptor 2674 bond energy  1.00 wt 0.98


* CH..O interactions                                                            
  CH group selection                       : activated ring CH (adjacent to hetatom)

--------------------------------------------------------------------------------


--------------------------------------------------------------------------------
--- Intra-ligand clashes                                                     ---
--------------------------------------------------------------------------------

Ligand
--------------------------------------------------------------------------------


--------------------------------------------------------------------------------
--- Chromosome decoded                                                       ---
--------------------------------------------------------------------------------
Ligand Torsions
[   6    2    1    3]  -44.31
[  12    5    1    2]  169.67
Protein Torsions
[ 604  597  595  592]   68.95 
[ 622  617  616  613]  177.45 
[2635 2624 2623 2622]   25.88 
[3186 3179 3177 3174] -124.40 
[5212 5203 5202 5200]  108.70 
Mapping
Ligand acceptors to protein hydrogens (mapping then atom ids)
Ligand hydrogens to protein acceptors (mapping then atom ids)
  2  14 [ 23->2674]
Ligand shape atoms to protein points (mapping then atom ids & coords)
  2  2616 [  6->( -9.250  -8.000  17.250)]
  4  2600 [ 12->( -9.250  -8.250  18.250)]
Chromosome values
Integers:
  -1   -1   -1   -1   13   -1 2615   -1 2599   -1   -1   -1 
--------------------------------------------------------------------------------


--------------------------------------------------------------------------------
--- Diverse Solutions Stats                                                  ---
--------------------------------------------------------------------------------
  Move attempts                            :  18041
  Move failures                            :     68
  Failure rate                             :   0.004

--------------------------------------------------------------------------------

Current Ranking  1 10  3  2  9  4  7  6  8  5

--------------------------------------------------------------------------------

* GA execution time :                                                           
  total  0.8501 user  0.8370 sys  0.0131

--------------------------------------------------------------------------------
Fitness function evaluations: 18058

--------------------------------------------------------------------------------
--- Ranking analysis                                                         ---
--------------------------------------------------------------------------------


* Final ranked order of GA solutions:                                           
   1 10  3  2  9  4  7  6  8  5 

  _______________________________
  RMSD Matrix of RANKED solutions

        2    3    4    5    6    7    8    9   10  

   1 :  2.5  4.3  4.5  2.8  4.2  3.0  3.9  3.9  4.4
   2 :       4.1  4.6  0.8  4.2  2.9  3.8  3.8  4.0
   3 :            2.6  4.2  1.1  3.8  3.6  3.6  3.1
   4 :                 4.9  1.7  4.6  3.1  3.0  2.8
   5 :                      4.3  2.9  3.9  3.9  4.1
   6 :                           3.9  3.1  3.0  2.6
   7 :                                2.9  2.9  3.5
   8 :                                     0.2  2.4
   9 :                                          2.5

  Clustering method                        : complete linkage
  Structure ids in cluster table           : rank nos.
  Ordering of clusters and their members   : by rank (order if from rms_analysis)

  Distance | Clusters
   0.20    |  1 |  2 |  3 |  4 |  5 |  6 |  7 |  8  9 | 10 |
   0.83    |  1 |  2  5 |  3 |  4 |  6 |  7 |  8  9 | 10 |
   1.06    |  1 |  2  5 |  3  6 |  4 |  7 |  8  9 | 10 |
   2.46    |  1 |  2  5 |  3  6 |  4 |  7 |  8  9 10 |
   2.61    |  1 |  2  5 |  3  4  6 |  7 |  8  9 10 |
   2.78    |  1  2  5 |  3  4  6 |  7 |  8  9 10 |
   3.02    |  1  2  5  7 |  3  4  6 |  8  9 10 |
   3.59    |  1  2  5  7 |  3  4  6  8  9 10 |
   4.91    |  1  2  3  4  5  6  7  8  9 10 |
  Finished Docking Ligand                  : /mnt/c/Users/ricca/Desktop/Documents/1_Coding/1_Script_Github/Reverse_Docking_Explore_V3/3ovv/ligand_prepared.mol2
--------------------------------------------------------------------------------

  Relative_Ligand_Energy (best encountered) :  -0.765
  Relative_Ligand_Energy: fitness values have been corrected using this amount
