
--------------------------------------------------------------------------------
--- Ligand                                                                   ---
--------------------------------------------------------------------------------
  Ligand loaded from file                  : /mnt/c/Users/ricca/Desktop/Documents/1_Coding/1_Script_Github/Reverse_Docking_Explore_V3/7ta6/ligand_prepared.mol2
  Ligand name                              :  
  "CT1002167954                                                             "

--------------------------------------------------------------------------------
  N.plc donors                             : 
  none found

  Acidic nitrogen acceptors                : 
  none found
  Sulfur acceptors                         :
  none found


  Donor atoms                              :      2
  8   10  
  Acceptor atoms                           :      3
  9   11  17  

  Hydrogens                                :  (n = 2)
  22   23   

  Lone pairs added to molecule             :      6
  Numbering                                : from 30 to 35

--------------------------------------------------------------------------------
--- Postprocessing of typing                                                 ---
--------------------------------------------------------------------------------
  Fragment file                            : /home/hitesit/CCDC/Discovery_2022/GOLD/gold/rotatable_bond_override.mol2
  acylurea fragment                        : 2 matches
  Ligand bond 15-8  set to flip
  Ligand bond 15-10  set to flip
  Ligand bond 15-10  set to 1
  Ligand bond 15-8  set to 1
  Ligand bond 10-4  set to flip
  Ligand bond 8-3  set to flip
  thioacylthiourea fragment                : no matches
  acylthiourea fragment                    : no matches
  thioacylurea fragment                    : no matches
  diarylamine fragment >C.ar-NH-C.ar<      : no matches
  sec-amine (1) fragment                   : no matches
  sec-amine (2) fragment                   : no matches
  sec-amine (3) fragment                   : no matches
  carboxylic ester                         : no matches

* Rotatable bonds in /mnt/c/Users/ricca/D  :
  [   1    2] [   1    5] 
  No. of rotatable bonds                   :      2


* Reading torsional distributions from file:
  /home/hitesit/CCDC/Discovery_2022/GOLD/gold/gold.tordist
  No. of bins in torsional distributions   :     36
  Minimum size of largest peak             :      0
  Removing high energy torsions            : on
  Delta E set to                           :   2.500

* Fragments found in /mnt/c/Users/ricca/D  :
  atom   2: benzene
  atom   6: benzene
  atom   7: benzene
  atom  13: benzene
  atom  14: benzene
  atom  16: benzene


* Checking torsion distributions:                                               
  No. of matched torsions                  :      0

--------------------------------------------------------------------------------
--- Shape fitting atoms selection (hydrophobic atoms)                        ---
--------------------------------------------------------------------------------
  Molecule                                 : /mnt/c/Users/ricca/Desktop/Documents/1_Coding/1_Script_Github/Reverse_Docking_Explore_V3/7ta6/ligand_prepared.mol2
  Selection                                : carbons only
  Atom numbers                             :  (n = 7)
  5    6    7    12   13   14   16   

--------------------------------------------------------------------------------
--- Diverse Solutions Setup                                                  ---
--------------------------------------------------------------------------------
  Cluster size                             :      2
  RMSD                                     :   2.000
  Refinement                               :      0


--------------------------------------------------------------------------------
--- ChemScore ligand setup summary                                           ---
--------------------------------------------------------------------------------
  ChemScore ligand acceptors               :      3
  9 11 17 
  ChemScore ligand donors                  :      2
  8 ( 22  ) 10 ( 23  ) 
  ChemScore ligand CH donors               :      0
  

  ChemScore ligand lipophilic atoms        :  (n = 9)
  1    2    5    6    7    12   13   14   16   

  ChemScore ligand rotatable bonds         :      2
  1   (C1 ) - 2   (C2 ): SP3_SP2_BOND
  1   (C1 ) - 5   (C5 ): SP3_SP3_BOND

--------------------------------------------------------------------------------
--- PLP ligand setup summary                                                 ---
--------------------------------------------------------------------------------
    1    C1   C.3 NONPOLAR
    2    C2  C.ar NONPOLAR
    3    C3   C.2 NONPOLAR
    4    C4   C.2 NONPOLAR
    5    C5   C.3 NONPOLAR
    6    C6  C.ar NONPOLAR
    7    C7  C.ar NONPOLAR
    8    N8  N.am DONOR
    9    O9   O.2 ACCEPTOR
   10   N10  N.am DONOR
   11   O11   O.2 ACCEPTOR
   12   C12   C.3 NONPOLAR
   13   C13  C.ar NONPOLAR
   14   C14  C.ar NONPOLAR
   15   C15   C.2 NONPOLAR
   16   C16  C.ar NONPOLAR
   17   O17   O.2 ACCEPTOR

--------------------------------------------------------------------------------
--- Automatic parameter setting                                              ---
--------------------------------------------------------------------------------
  Contribution base                        :   2500
  Contribution per rotatable bond          :   6000
  Contribution per df                      :   4000
  Contribution per water                   :  10000
  Ligand rotatable bonds                   :      2
  Protein flexible side chain bonds        :      0
  Total rotatable bonds                    :      2
  Hydrophobic vol ratio (P/L)              :   0.128
  Base multiplier (polar)                  :   1.000
  Base multiplier (apolar)                 :   0.180
  Base contribution                        : 2500.000
  Fitting points                           :      5
  Estimated maxops needed (optimal)        :  15000
  Autoscale factor (in percent)            :     10
  Scaled maxops                            :   1750

--------------------------------------------------------------------------------

* Population settings                                                           
  maxops                                   :   1750
  popsiz                                   :    100
  select_pressure                          :   1.100
  n_islands                                :      1
  niche_siz                                :      2

* GA settings                                                                   
  pt_crosswt                               :    100
  allele_mutatewt                          :    100
  migratewt                                :      0

* Search settings                                                               
  start_vdw_linear_cutoff                  :   6.000
  initial_virtual_pt_match_max             :   3.000
  Scaling of internal VDW energy           : log scale from  0.2 to    1
                                             over 1312 ops
  Sampling interval (operations)           :     17
  Scaling of virtual pt maximum length     : linear scale from    3 to    2
                                             over  1312 ops
  Sampling interval (operations)           :     52
  Scaling of 4-8 potential cutoff          : log scale from    6 to 1.2e+02
                                             over 1312 ops
  Sampling interval (operations)           :     52

--------------------------------------------------------------------------------

* Ligand initialisation time :                                                  
  total  0.0194 user  0.0173 sys  0.0020

--------------------------------------------------------------------------------

--------------------------------------------------------------------------------
** Docking run number  1 **
--------------------------------------------------------------------------------
  Rank fitness base is 5000.00 ; increment is 11.2233

* Initialising population(s) ...                                                
Number of constraints mappings 0
Number of constraints 0
  Population no.                           :      1
  Population size                          :    100
  Number of duplicates                     :      0
  Number of niche violations               :      0


Doing GA, no. of population(s) 1 size 100 selection pressure 1.100000

 Operation      Fitness  S(hb_ext) S(vdw_ext)  S(hb_int)    S(int)      intcor
         0      29.16       0.00      23.37       0.00     -14.87      -0.85
        67      29.57       1.30      22.90       0.00     -15.10      -0.85
       183      28.55       0.09      20.76       0.00      -0.36      -0.85
       514      27.26       0.14      19.79       0.00      -0.26      -0.85
       580      26.47       0.06      19.28       0.00      -0.26      -0.85
Reordering...
       988      23.75       0.03      18.22       0.00      -2.00      -0.85
Reordering...
      1173      23.45       0.02      17.23       0.00      -0.33      -0.85
      1672      23.56       0.00      17.37       0.00      -0.33      -0.85
      1712      26.05       0.00      19.73       0.00      -1.08      -0.85
--------------------------------------------------------------------------------
Best docking solution after GA:
      1750      26.05       0.00      19.73       0.00      -1.08      -0.85

#ops:       1750 #mutates:    835 #cross:      915 #dups:       642 
#niche:      995 #errors:       0 
--------------------------------------------------------------------------------

Doing AMOEBA simplex on best individual
Done simplexing #iterations 1069, best score  28.66

Ligand is stored in gold_soln_ligand_prepared_m1_1.mol2


--------------------------------------------------------------------------------
--- GoldScore breakdown of terms                                             ---
--------------------------------------------------------------------------------
Fitness = S(hb_ext) + 1.3750*S(vdw_ext) + S(hb_int) + 1.0000*S(int)
S(int)  = S(vdw_int) + S(tors)

Internal terms are relative to best energy found (intcor).

--------------------------------------------------------------------------------


     Fitness  S(hb_ext) S(vdw_ext)  S(hb_int)    S(int)      intcor
     28.66       0.00      21.27       0.00      -0.59      -0.85

--------------------------------------------------------------------------------
--- GoldScore analysis of protein-ligand interactions                        ---
--------------------------------------------------------------------------------


--------------------------------------------------------------------------------

--------------------------------------------------------------------------------
--- Rescoring solution                                                       ---
--------------------------------------------------------------------------------

     Score     S(PLP)   S(hbond)     S(cho)   S(metal)  DE(clash)   DE(tors)
     12.49     -13.79       0.00       0.00       0.00       0.00       0.65

Doing AMOEBA simplex on best individual
Done simplexing #iterations 1474, best score  22.99

     Score     S(PLP)   S(hbond)     S(cho)   S(metal)  DE(clash)   DE(tors)
     22.99     -24.09       0.00       0.00       0.00       0.00       0.55

--------------------------------------------------------------------------------
--- CHEMPLP breakdown of terms                                               ---
--------------------------------------------------------------------------------
CHEMPLP = - ( 1.0000*S(PLP) + -3.0000*S(hbond) + -6.0000*S(metal) + -3.0000*S(cho) )

Score = CHEMPLP - 1.0000*DE(clash) - 2.0000*DE(tors)


--------------------------------------------------------------------------------


--------------------------------------------------------------------------------
--- PLP analysis of protein-ligand interactions                              ---
--------------------------------------------------------------------------------
hydrogen bonding        :       0.00
metal                   :       0.00
buried (polar-nonpolar) :       1.79
nonpolar                :     -25.86
repulsive               :       0.11
--------------------------------------------------------------------------------


--------------------------------------------------------------------------------
--- ChemScore analysis of protein-ligand interactions                        ---
--------------------------------------------------------------------------------

* Hydrogen bonds                                                                


* CH..O interactions                                                            
  CH group selection                       : activated ring CH (adjacent to hetatom)

--------------------------------------------------------------------------------


--------------------------------------------------------------------------------
--- Intra-ligand clashes                                                     ---
--------------------------------------------------------------------------------

Ligand
--------------------------------------------------------------------------------


--------------------------------------------------------------------------------
--- Chromosome decoded                                                       ---
--------------------------------------------------------------------------------
Ligand Torsions
[   6    2    1    3]  135.45
[  12    5    1    2]  171.98
Protein Torsions
[11622 11535 11534 11532]  174.59 
[12183 12075 12074 12072]  -77.64 
[12413 12376 12377 12378]  -23.80 
[12469 12432 12433 12434]   21.04 
[12567 12491 12492 12493]  131.33 
[17235 17166 17170 17167]  112.05 
[12727 12623 12624 12625]    4.84 
[17240 17169 17168 17167]  -50.07 
[6021 5950 5951 5952]  -75.43 
[6190 6106 6107 6108]   32.93 
[17658 17540 17541 17542]   69.42 
[20694 5953 5952 5951]  168.85 
[20701 12379 12378 12377]  122.00 
[20704 12435 12434 12433]  -41.00 
[20707 12494 12493 12492]   16.85 
[20710 2578 2577 2576]  -53.46 
[20715 12231 12230 12229]   61.32 
Mapping
Ligand acceptors to protein hydrogens (mapping then atom ids)
Ligand hydrogens to protein acceptors (mapping then atom ids)
Ligand shape atoms to protein points (mapping then atom ids & coords)
  2    31 [  6->(-47.000  28.750 -22.000)]
  3   235 [  7->(-46.750  30.750 -22.750)]
  5   118 [ 13->(-46.750  28.500 -22.500)]
  6   293 [ 14->(-46.500  30.000 -23.000)]
  7    97 [ 16->(-47.000  30.250 -22.750)]
Chromosome values
Integers:
  -1   -1   -1   -1   -1   -1   30  234   -1  117  292   96 
--------------------------------------------------------------------------------


--------------------------------------------------------------------------------
--- Diverse Solutions Stats                                                  ---
--------------------------------------------------------------------------------
  Move attempts                            :  19770
  Move failures                            :      0
  Failure rate                             :   0.000

--------------------------------------------------------------------------------

Current Ranking  1

--------------------------------------------------------------------------------

* GA execution time :                                                           
  total  0.5342 user  0.5130 sys  0.0211

--------------------------------------------------------------------------------
Fitness function evaluations: 19768

--------------------------------------------------------------------------------
** Docking run number  2 **
--------------------------------------------------------------------------------
  Rank fitness base is 5000.00 ; increment is 11.2233

* Initialising population(s) ...                                                
Number of constraints mappings 0
Number of constraints 0
  Population no.                           :      1
  Population size                          :    100
  Number of duplicates                     :      0
  Number of niche violations               :      1


Doing GA, no. of population(s) 1 size 100 selection pressure 1.100000

 Operation      Fitness  S(hb_ext) S(vdw_ext)  S(hb_int)    S(int)      intcor
         0      29.74       5.58      17.84       0.00      -1.80      -0.80
Reordering...
        52      27.09       0.88      19.09       0.00      -0.16      -0.80
        54      27.16       0.00      20.17       0.00      -2.69      -0.80
       126      26.79       0.00      19.94       0.00      -2.69      -0.80
       163      26.58       0.00      19.68       0.00      -1.94      -0.80
       672      24.64       0.02      19.12       0.00      -3.71      -0.80
Reordering...
       832      21.40       0.05      15.87       0.00      -0.86      -0.80
Reordering...
       988      20.25       0.00      15.22       0.00      -1.00      -0.80
      1008      20.61       0.72      14.54       0.00      -0.16      -0.80
      1027      21.16       0.00      16.18       0.00      -1.56      -0.80
      1028      21.81       0.20      15.80       0.00      -0.16      -0.80
      1118      24.00       0.00      18.04       0.00      -1.05      -0.80
Reordering...
      1248      22.82       0.00      17.94       0.00      -2.01      -0.80
      1278      23.12       0.00      17.98       0.00      -1.67      -0.80
      1443      23.94       0.00      18.11       0.00      -0.96      -0.79
--------------------------------------------------------------------------------
Best docking solution after GA:
      1750      23.94       0.00      18.11       0.00      -0.96      -0.79

#ops:       1750 #mutates:    901 #cross:      849 #dups:       516 
#niche:      843 #errors:       1 
--------------------------------------------------------------------------------

Doing AMOEBA simplex on best individual
Done simplexing #iterations 833, best score  26.30

Ligand is stored in gold_soln_ligand_prepared_m1_2.mol2


--------------------------------------------------------------------------------
--- GoldScore breakdown of terms                                             ---
--------------------------------------------------------------------------------
Fitness = S(hb_ext) + 1.3750*S(vdw_ext) + S(hb_int) + 1.0000*S(int)
S(int)  = S(vdw_int) + S(tors)

Internal terms are relative to best energy found (intcor).

--------------------------------------------------------------------------------


     Fitness  S(hb_ext) S(vdw_ext)  S(hb_int)    S(int)      intcor
     26.30       0.00      19.79       0.00      -0.91      -0.79

--------------------------------------------------------------------------------
--- GoldScore analysis of protein-ligand interactions                        ---
--------------------------------------------------------------------------------


--------------------------------------------------------------------------------

--------------------------------------------------------------------------------
--- Rescoring solution                                                       ---
--------------------------------------------------------------------------------

     Score     S(PLP)   S(hbond)     S(cho)   S(metal)  DE(clash)   DE(tors)
      6.41      -8.60       0.00       0.00       0.00       0.14       1.02

Doing AMOEBA simplex on best individual
Done simplexing #iterations 1471, best score  20.20

     Score     S(PLP)   S(hbond)     S(cho)   S(metal)  DE(clash)   DE(tors)
     20.20     -22.35       0.00       0.00       0.00       0.00       1.08

--------------------------------------------------------------------------------
--- CHEMPLP breakdown of terms                                               ---
--------------------------------------------------------------------------------
CHEMPLP = - ( 1.0000*S(PLP) + -3.0000*S(hbond) + -6.0000*S(metal) + -3.0000*S(cho) )

Score = CHEMPLP - 1.0000*DE(clash) - 2.0000*DE(tors)


--------------------------------------------------------------------------------


--------------------------------------------------------------------------------
--- PLP analysis of protein-ligand interactions                              ---
--------------------------------------------------------------------------------
hydrogen bonding        :      -1.00
metal                   :       0.00
buried (polar-nonpolar) :       2.87
nonpolar                :     -24.94
repulsive               :       0.14
--------------------------------------------------------------------------------


--------------------------------------------------------------------------------
--- ChemScore analysis of protein-ligand interactions                        ---
--------------------------------------------------------------------------------

* Hydrogen bonds                                                                


* CH..O interactions                                                            
  CH group selection                       : activated ring CH (adjacent to hetatom)

--------------------------------------------------------------------------------


--------------------------------------------------------------------------------
--- Intra-ligand clashes                                                     ---
--------------------------------------------------------------------------------

Ligand
--------------------------------------------------------------------------------


--------------------------------------------------------------------------------
--- Chromosome decoded                                                       ---
--------------------------------------------------------------------------------
Ligand Torsions
[   6    2    1    3]  -97.67
[  12    5    1    2] -168.23
Protein Torsions
[11622 11535 11534 11532] -167.62 
[12183 12075 12074 12072]   48.95 
[12413 12376 12377 12378]   68.36 
[12469 12432 12433 12434]  -20.31 
[12567 12491 12492 12493]  136.09 
[17235 17166 17170 17167] -179.23 
[12727 12623 12624 12625]  146.89 
[17240 17169 17168 17167]   76.00 
[6021 5950 5951 5952] -116.34 
[6190 6106 6107 6108] -102.64 
[17658 17540 17541 17542]  -79.23 
[20694 5953 5952 5951]   40.92 
[20701 12379 12378 12377]   49.24 
[20704 12435 12434 12433]  114.03 
[20707 12494 12493 12492]  141.33 
[20710 2578 2577 2576]   37.63 
[20715 12231 12230 12229]   62.58 
Mapping
Ligand acceptors to protein hydrogens (mapping then atom ids)
Ligand hydrogens to protein acceptors (mapping then atom ids)
Ligand shape atoms to protein points (mapping then atom ids & coords)
  2   126 [  6->(-46.750  28.750 -22.000)]
  3   227 [  7->(-46.750  30.500 -22.250)]
  5    36 [ 13->(-47.000  29.000 -22.500)]
  6   290 [ 14->(-46.500  30.000 -23.750)]
  7   165 [ 16->(-46.750  29.750 -24.250)]
Chromosome values
Integers:
  -1   -1   -1   -1   -1   -1  125  226   -1   35  289  164 
--------------------------------------------------------------------------------


--------------------------------------------------------------------------------
--- Diverse Solutions Stats                                                  ---
--------------------------------------------------------------------------------
  Move attempts                            :  19277
  Move failures                            :      0
  Failure rate                             :   0.000

--------------------------------------------------------------------------------

Current Ranking  1  2

--------------------------------------------------------------------------------

* GA execution time :                                                           
  total  0.5555 user  0.5143 sys  0.0412

--------------------------------------------------------------------------------
Fitness function evaluations: 19276

--------------------------------------------------------------------------------
** Docking run number  3 **
--------------------------------------------------------------------------------
  Rank fitness base is 5000.00 ; increment is 11.2233

* Initialising population(s) ...                                                
Number of constraints mappings 0
Number of constraints 0
  Population no.                           :      1
  Population size                          :    100
  Number of duplicates                     :      0
  Number of niche violations               :      1


Doing GA, no. of population(s) 1 size 100 selection pressure 1.100000

 Operation      Fitness  S(hb_ext) S(vdw_ext)  S(hb_int)    S(int)      intcor
         0      29.86       0.46      21.74       0.00      -2.50      -0.79
       118      28.91       0.57      21.02       0.00      -2.50      -0.79
       197      28.78       0.43      21.07       0.00      -2.50      -0.79
       629      21.73       0.09      16.47       0.00      -2.33      -0.79
Reordering...
       676      21.63       0.00      16.27       0.00      -1.63      -0.79
       686      24.01       0.09      17.93       0.00      -1.58      -0.79
      1266      23.13       0.09      17.19       0.00      -0.63      -0.79
      1465      24.92       0.00      18.60       0.00      -0.66      -0.79
--------------------------------------------------------------------------------
Best docking solution after GA:
      1750      24.92       0.00      18.60       0.00      -0.66      -0.79

#ops:       1750 #mutates:    887 #cross:      863 #dups:       476 
#niche:      945 #errors:       0 
--------------------------------------------------------------------------------

Doing AMOEBA simplex on best individual
Done simplexing #iterations 1117, best score  26.73

Ligand is stored in gold_soln_ligand_prepared_m1_3.mol2


--------------------------------------------------------------------------------
--- GoldScore breakdown of terms                                             ---
--------------------------------------------------------------------------------
Fitness = S(hb_ext) + 1.3750*S(vdw_ext) + S(hb_int) + 1.0000*S(int)
S(int)  = S(vdw_int) + S(tors)

Internal terms are relative to best energy found (intcor).

--------------------------------------------------------------------------------


     Fitness  S(hb_ext) S(vdw_ext)  S(hb_int)    S(int)      intcor
     26.73       0.00      19.84       0.00      -0.55      -0.79

--------------------------------------------------------------------------------
--- GoldScore analysis of protein-ligand interactions                        ---
--------------------------------------------------------------------------------


--------------------------------------------------------------------------------

--------------------------------------------------------------------------------
--- Rescoring solution                                                       ---
--------------------------------------------------------------------------------

     Score     S(PLP)   S(hbond)     S(cho)   S(metal)  DE(clash)   DE(tors)
     13.48     -14.36       0.00       0.00       0.00       0.00       0.44

Doing AMOEBA simplex on best individual
Done simplexing #iterations 1780, best score  24.63

     Score     S(PLP)   S(hbond)     S(cho)   S(metal)  DE(clash)   DE(tors)
     24.63     -24.65       0.00       0.00       0.00       0.00       0.01

--------------------------------------------------------------------------------
--- CHEMPLP breakdown of terms                                               ---
--------------------------------------------------------------------------------
CHEMPLP = - ( 1.0000*S(PLP) + -3.0000*S(hbond) + -6.0000*S(metal) + -3.0000*S(cho) )

Score = CHEMPLP - 1.0000*DE(clash) - 2.0000*DE(tors)


--------------------------------------------------------------------------------


--------------------------------------------------------------------------------
--- PLP analysis of protein-ligand interactions                              ---
--------------------------------------------------------------------------------
hydrogen bonding        :       0.00
metal                   :       0.00
buried (polar-nonpolar) :      -4.53
nonpolar                :     -21.34
repulsive               :       0.44
--------------------------------------------------------------------------------


--------------------------------------------------------------------------------
--- ChemScore analysis of protein-ligand interactions                        ---
--------------------------------------------------------------------------------

* Hydrogen bonds                                                                


* CH..O interactions                                                            
  CH group selection                       : activated ring CH (adjacent to hetatom)

--------------------------------------------------------------------------------


--------------------------------------------------------------------------------
--- Intra-ligand clashes                                                     ---
--------------------------------------------------------------------------------

Ligand
--------------------------------------------------------------------------------


--------------------------------------------------------------------------------
--- Chromosome decoded                                                       ---
--------------------------------------------------------------------------------
Ligand Torsions
[   6    2    1    3]  102.41
[  12    5    1    2] -170.46
Protein Torsions
[11622 11535 11534 11532]   24.76 
[12183 12075 12074 12072]  -83.44 
[12413 12376 12377 12378]   59.82 
[12469 12432 12433 12434]  169.62 
[12567 12491 12492 12493] -113.42 
[17235 17166 17170 17167] -139.85 
[12727 12623 12624 12625]  155.00 
[17240 17169 17168 17167]  156.39 
[6021 5950 5951 5952]   96.37 
[6190 6106 6107 6108]    3.54 
[17658 17540 17541 17542] -146.13 
[20694 5953 5952 5951]  160.12 
[20701 12379 12378 12377] -101.66 
[20704 12435 12434 12433]   -5.39 
[20707 12494 12493 12492] -112.64 
[20710 2578 2577 2576]  164.24 
[20715 12231 12230 12229]  167.41 
Mapping
Ligand acceptors to protein hydrogens (mapping then atom ids)
Ligand hydrogens to protein acceptors (mapping then atom ids)
Ligand shape atoms to protein points (mapping then atom ids & coords)
  2   420 [  6->(-46.000  29.000 -21.000)]
  3   413 [  7->(-46.000  28.000 -21.000)]
  5    66 [ 13->(-47.000  29.750 -23.000)]
  6   143 [ 14->(-46.750  29.250 -22.750)]
  7   408 [ 16->(-46.250  30.750 -21.250)]
Chromosome values
Integers:
  -1   -1   -1   -1   -1   -1  419  412   -1   65  142  407 
--------------------------------------------------------------------------------


--------------------------------------------------------------------------------
--- Diverse Solutions Stats                                                  ---
--------------------------------------------------------------------------------
  Move attempts                            :  19970
  Move failures                            :      0
  Failure rate                             :   0.000

--------------------------------------------------------------------------------

Current Ranking  1  3  2

--------------------------------------------------------------------------------

* GA execution time :                                                           
  total  0.5372 user  0.5159 sys  0.0214

--------------------------------------------------------------------------------
Fitness function evaluations: 19968

--------------------------------------------------------------------------------
** Docking run number  4 **
--------------------------------------------------------------------------------
  Rank fitness base is 5000.00 ; increment is 11.2233

* Initialising population(s) ...                                                
Number of constraints mappings 0
Number of constraints 0
  Population no.                           :      1
  Population size                          :    100
  Number of duplicates                     :      0
  Number of niche violations               :      3


Doing GA, no. of population(s) 1 size 100 selection pressure 1.100000

 Operation      Fitness  S(hb_ext) S(vdw_ext)  S(hb_int)    S(int)      intcor
         0      30.53       1.01      23.89       0.00     -16.61      -0.79
Reordering...
       104      28.41       3.26      20.59       0.00     -13.91      -0.78
       196      29.06       0.91      20.82       0.00      -1.92      -0.78
Reordering...
       260      27.55       0.89      19.66       0.00      -1.38      -0.76
       459      24.68       0.80      17.86       0.00      -1.93      -0.76
Reordering...
       468      23.51       0.84      16.83       0.00      -1.38      -0.76
       553      23.32       3.52      15.15       0.00      -2.63      -0.76
       574      22.55       0.33      17.21       0.00      -3.63      -0.76
       601      23.54       0.33      17.21       0.00      -1.09      -0.76
       659      24.29       0.00      19.07       0.00      -4.36      -0.76
Reordering...
       850      23.21       0.19      17.35       0.00      -1.47      -0.76
Reordering...
       884      22.89       0.00      18.52       0.00      -4.36      -0.76
Reordering...
       918      22.79       0.31      16.84       0.00      -1.09      -0.76
      1019      26.04       0.00      19.52       0.00      -1.16      -0.76
      1440      25.74       0.00      19.41       0.00      -0.96      -0.76
      1691      25.85       0.00      19.52       0.00      -0.99      -0.76
--------------------------------------------------------------------------------
Best docking solution after GA:
      1750      25.85       0.00      19.52       0.00      -0.99      -0.76

#ops:       1750 #mutates:    858 #cross:      892 #dups:       531 
#niche:     1017 #errors:       0 
--------------------------------------------------------------------------------

Doing AMOEBA simplex on best individual
Done simplexing #iterations 961, best score  27.48

Ligand is stored in gold_soln_ligand_prepared_m1_4.mol2


--------------------------------------------------------------------------------
--- GoldScore breakdown of terms                                             ---
--------------------------------------------------------------------------------
Fitness = S(hb_ext) + 1.3750*S(vdw_ext) + S(hb_int) + 1.0000*S(int)
S(int)  = S(vdw_int) + S(tors)

Internal terms are relative to best energy found (intcor).

--------------------------------------------------------------------------------


     Fitness  S(hb_ext) S(vdw_ext)  S(hb_int)    S(int)      intcor
     27.48       0.00      20.73       0.00      -1.03      -0.76

--------------------------------------------------------------------------------
--- GoldScore analysis of protein-ligand interactions                        ---
--------------------------------------------------------------------------------


--------------------------------------------------------------------------------

--------------------------------------------------------------------------------
--- Rescoring solution                                                       ---
--------------------------------------------------------------------------------

     Score     S(PLP)   S(hbond)     S(cho)   S(metal)  DE(clash)   DE(tors)
      4.99      -7.17       0.00       0.00       0.00       0.14       1.02

Doing AMOEBA simplex on best individual
Done simplexing #iterations 1561, best score  19.71

     Score     S(PLP)   S(hbond)     S(cho)   S(metal)  DE(clash)   DE(tors)
     19.71     -21.96       0.00       0.00       0.00       0.33       0.96

--------------------------------------------------------------------------------
--- CHEMPLP breakdown of terms                                               ---
--------------------------------------------------------------------------------
CHEMPLP = - ( 1.0000*S(PLP) + -3.0000*S(hbond) + -6.0000*S(metal) + -3.0000*S(cho) )

Score = CHEMPLP - 1.0000*DE(clash) - 2.0000*DE(tors)


--------------------------------------------------------------------------------


--------------------------------------------------------------------------------
--- PLP analysis of protein-ligand interactions                              ---
--------------------------------------------------------------------------------
hydrogen bonding        :      -1.00
metal                   :       0.00
buried (polar-nonpolar) :       1.34
nonpolar                :     -23.54
repulsive               :       0.14
--------------------------------------------------------------------------------


--------------------------------------------------------------------------------
--- ChemScore analysis of protein-ligand interactions                        ---
--------------------------------------------------------------------------------

* Hydrogen bonds                                                                


* CH..O interactions                                                            
  CH group selection                       : activated ring CH (adjacent to hetatom)

--------------------------------------------------------------------------------


--------------------------------------------------------------------------------
--- Intra-ligand clashes                                                     ---
--------------------------------------------------------------------------------

Ligand
  6 (C6   ) -   4 (C4   ):   0.33 (dist   2.74)
--------------------------------------------------------------------------------


--------------------------------------------------------------------------------
--- Chromosome decoded                                                       ---
--------------------------------------------------------------------------------
Ligand Torsions
[   6    2    1    3]  -99.02
[  12    5    1    2] -169.91
Protein Torsions
[11622 11535 11534 11532]   18.72 
[12183 12075 12074 12072]  -73.55 
[12413 12376 12377 12378] -163.56 
[12469 12432 12433 12434]  174.19 
[12567 12491 12492 12493]  150.31 
[17235 17166 17170 17167]  -17.01 
[12727 12623 12624 12625] -120.66 
[17240 17169 17168 17167]    8.09 
[6021 5950 5951 5952]   -2.34 
[6190 6106 6107 6108]   60.42 
[17658 17540 17541 17542]  106.67 
[20694 5953 5952 5951]   38.06 
[20701 12379 12378 12377]  -14.68 
[20704 12435 12434 12433]    4.84 
[20707 12494 12493 12492]  164.96 
[20710 2578 2577 2576]   19.38 
[20715 12231 12230 12229]   93.78 
Mapping
Ligand acceptors to protein hydrogens (mapping then atom ids)
Ligand hydrogens to protein acceptors (mapping then atom ids)
Ligand shape atoms to protein points (mapping then atom ids & coords)
  1   443 [  5->(-46.000  30.500 -20.750)]
  2   161 [  6->(-46.750  29.500 -21.500)]
  5   123 [ 13->(-46.750  28.750 -22.750)]
  6   387 [ 14->(-46.250  30.250 -22.500)]
  7   153 [ 16->(-46.750  29.500 -23.500)]
Chromosome values
Integers:
  -1   -1   -1   -1   -1  442  160   -1   -1  122  386  152 
--------------------------------------------------------------------------------


--------------------------------------------------------------------------------
--- Diverse Solutions Stats                                                  ---
--------------------------------------------------------------------------------
  Move attempts                            :  19532
  Move failures                            :      0
  Failure rate                             :   0.000

--------------------------------------------------------------------------------

Current Ranking  1  4  3  2

--------------------------------------------------------------------------------

* GA execution time :                                                           
  total  0.5683 user  0.5202 sys  0.0481

--------------------------------------------------------------------------------
Fitness function evaluations: 19530

--------------------------------------------------------------------------------
** Docking run number  5 **
--------------------------------------------------------------------------------
  Rank fitness base is 5000.00 ; increment is 11.2233

* Initialising population(s) ...                                                
Number of constraints mappings 0
Number of constraints 0
  Population no.                           :      1
  Population size                          :    100
  Number of duplicates                     :      0
  Number of niche violations               :      1
  Number of errors                         :     49


Doing GA, no. of population(s) 1 size 100 selection pressure 1.100000

 Operation      Fitness  S(hb_ext) S(vdw_ext)  S(hb_int)    S(int)      intcor
         0      27.55       0.00      22.47       0.00     -16.73      -0.76
        20      27.81       0.04      20.60       0.00      -2.72      -0.76
        31      27.81       0.04      20.60       0.00      -2.72      -0.76
        74      29.31       0.37      21.53       0.00      -3.01      -0.76
       156      30.06       3.60      20.37       0.00      -6.40      -0.76
       207      29.96       3.60      20.37       0.00      -6.40      -0.76
Reordering...
       260      28.82       0.31      21.33       0.00      -3.01      -0.76
Reordering...
      1248      23.30       0.00      17.63       0.00      -1.02      -0.76
      1390      23.89       0.05      19.42       0.00      -2.85      -0.76
--------------------------------------------------------------------------------
Best docking solution after GA:
      1750      23.89       0.05      19.42       0.00      -2.85      -0.76

#ops:       1750 #mutates:    906 #cross:      844 #dups:       537 
#niche:     1042 #errors:      55 
--------------------------------------------------------------------------------

Doing AMOEBA simplex on best individual
Done simplexing #iterations 773, best score  26.84

Ligand is stored in gold_soln_ligand_prepared_m1_5.mol2


--------------------------------------------------------------------------------
--- GoldScore breakdown of terms                                             ---
--------------------------------------------------------------------------------
Fitness = S(hb_ext) + 1.3750*S(vdw_ext) + S(hb_int) + 1.0000*S(int)
S(int)  = S(vdw_int) + S(tors)

Internal terms are relative to best energy found (intcor).

--------------------------------------------------------------------------------


     Fitness  S(hb_ext) S(vdw_ext)  S(hb_int)    S(int)      intcor
     26.84       0.42      20.67       0.00      -2.00      -0.76

--------------------------------------------------------------------------------
--- GoldScore analysis of protein-ligand interactions                        ---
--------------------------------------------------------------------------------

  Ligand acceptor   17 Protein hydrogen 12567 donor 12491 bond energy  2.00 wt 0.21

--------------------------------------------------------------------------------

--------------------------------------------------------------------------------
--- Rescoring solution                                                       ---
--------------------------------------------------------------------------------

     Score     S(PLP)   S(hbond)     S(cho)   S(metal)  DE(clash)   DE(tors)
     12.16     -12.25       0.46       0.00       0.00       1.34       0.07

Doing AMOEBA simplex on best individual
Done simplexing #iterations 1370, best score  29.55

     Score     S(PLP)   S(hbond)     S(cho)   S(metal)  DE(clash)   DE(tors)
     29.55     -29.80       0.43       0.00       0.00       1.16       0.19

--------------------------------------------------------------------------------
--- CHEMPLP breakdown of terms                                               ---
--------------------------------------------------------------------------------
CHEMPLP = - ( 1.0000*S(PLP) + -3.0000*S(hbond) + -6.0000*S(metal) + -3.0000*S(cho) )

Score = CHEMPLP - 1.0000*DE(clash) - 2.0000*DE(tors)


--------------------------------------------------------------------------------


--------------------------------------------------------------------------------
--- PLP analysis of protein-ligand interactions                              ---
--------------------------------------------------------------------------------
hydrogen bonding        :      -1.69
metal                   :       0.00
buried (polar-nonpolar) :      -2.85
nonpolar                :     -26.77
repulsive               :       0.15
--------------------------------------------------------------------------------


--------------------------------------------------------------------------------
--- ChemScore analysis of protein-ligand interactions                        ---
--------------------------------------------------------------------------------

* Hydrogen bonds                                                                
Protein donor 12491 hydrogen 12567 Ligand acceptor   17 bond energy  1.00 wt 0.43


* CH..O interactions                                                            
  CH group selection                       : activated ring CH (adjacent to hetatom)

--------------------------------------------------------------------------------


--------------------------------------------------------------------------------
--- Intra-ligand clashes                                                     ---
--------------------------------------------------------------------------------

Ligand
  7 (C7   ) -   4 (C4   ):   1.16 (dist   2.72)
--------------------------------------------------------------------------------


--------------------------------------------------------------------------------
--- Chromosome decoded                                                       ---
--------------------------------------------------------------------------------
Ligand Torsions
[   6    2    1    3]   68.24
[  12    5    1    2] -175.37
Protein Torsions
[11622 11535 11534 11532]   46.89 
[12183 12075 12074 12072]  -78.86 
[12413 12376 12377 12378]  175.01 
[12469 12432 12433 12434] -172.16 
[12567 12491 12492 12493]   19.43 
[17235 17166 17170 17167]  -75.18 
[12727 12623 12624 12625]  134.94 
[17240 17169 17168 17167] -132.15 
[6021 5950 5951 5952]  -69.50 
[6190 6106 6107 6108]  144.68 
[17658 17540 17541 17542]  -81.11 
[20694 5953 5952 5951] -158.95 
[20701 12379 12378 12377]   31.94 
[20704 12435 12434 12433]  168.63 
[20707 12494 12493 12492] -162.91 
[20710 2578 2577 2576] -151.09 
[20715 12231 12230 12229]  149.49 
Mapping
Ligand acceptors to protein hydrogens (mapping then atom ids)
Ligand hydrogens to protein acceptors (mapping then atom ids)
Ligand shape atoms to protein points (mapping then atom ids & coords)
  2   129 [  6->(-46.750  28.750 -21.250)]
  3   138 [  7->(-46.750  29.000 -21.250)]
  5    60 [ 13->(-47.000  29.500 -21.250)]
  6   127 [ 14->(-46.750  28.750 -21.750)]
Chromosome values
Integers:
  -1   -1   -1   -1   -1   -1  128  137   -1   59  126   -1 
--------------------------------------------------------------------------------


--------------------------------------------------------------------------------
--- Diverse Solutions Stats                                                  ---
--------------------------------------------------------------------------------
  Move attempts                            :  19442
  Move failures                            :    104
  Failure rate                             :   0.005

--------------------------------------------------------------------------------

Current Ranking  1  4  5  3  2

--------------------------------------------------------------------------------

* GA execution time :                                                           
  total  0.5137 user  0.4846 sys  0.0291

--------------------------------------------------------------------------------
Fitness function evaluations: 19440

--------------------------------------------------------------------------------
** Docking run number  6 **
--------------------------------------------------------------------------------
  Rank fitness base is 5000.00 ; increment is 11.2233

* Initialising population(s) ...                                                
Number of constraints mappings 0
Number of constraints 0
  Population no.                           :      1
  Population size                          :    100
  Number of duplicates                     :      0
  Number of niche violations               :      0
  Number of errors                         :    122


Doing GA, no. of population(s) 1 size 100 selection pressure 1.100000

 Operation      Fitness  S(hb_ext) S(vdw_ext)  S(hb_int)    S(int)      intcor
         0      28.38       0.04      21.86       0.00      -8.59      -0.76
Reordering...
        52      27.71       0.04      21.55       0.00      -9.19      -0.76
       202      26.20       0.04      20.71       0.00      -9.19      -0.76
Reordering...
       208      25.80       0.12      19.86       0.00      -6.32      -0.76
       361      25.78       0.00      19.48       0.00      -3.24      -0.76
Reordering...
       493      24.32       0.20      17.66       0.00      -0.45      -0.76
       582      25.20       0.00      19.28       0.00      -3.24      -0.76
       939      23.10       0.00      18.28       0.00      -3.24      -0.76
      1007      22.79       0.00      18.09       0.00      -3.04      -0.76
      1058      22.55       0.00      18.12       0.00      -3.24      -0.76
Reordering...
      1144      21.73       0.00      17.34       0.00      -2.61      -0.76
      1270      24.53       0.00      18.30       0.00      -0.67      -0.76
      1705      24.49       0.00      18.30       0.00      -0.67      -0.76
--------------------------------------------------------------------------------
Best docking solution after GA:
      1750      24.49       0.00      18.30       0.00      -0.67      -0.76

#ops:       1750 #mutates:    844 #cross:      906 #dups:       549 
#niche:     1006 #errors:     173 
--------------------------------------------------------------------------------

Doing AMOEBA simplex on best individual
Done simplexing #iterations 1138, best score  28.71

Ligand is stored in gold_soln_ligand_prepared_m1_6.mol2


--------------------------------------------------------------------------------
--- GoldScore breakdown of terms                                             ---
--------------------------------------------------------------------------------
Fitness = S(hb_ext) + 1.3750*S(vdw_ext) + S(hb_int) + 1.0000*S(int)
S(int)  = S(vdw_int) + S(tors)

Internal terms are relative to best energy found (intcor).

--------------------------------------------------------------------------------


     Fitness  S(hb_ext) S(vdw_ext)  S(hb_int)    S(int)      intcor
     28.71       0.00      21.18       0.00      -0.40      -0.76

--------------------------------------------------------------------------------
--- GoldScore analysis of protein-ligand interactions                        ---
--------------------------------------------------------------------------------


--------------------------------------------------------------------------------

--------------------------------------------------------------------------------
--- Rescoring solution                                                       ---
--------------------------------------------------------------------------------

     Score     S(PLP)   S(hbond)     S(cho)   S(metal)  DE(clash)   DE(tors)
      8.76     -11.05       0.00       0.00       0.00       0.00       1.15

Doing AMOEBA simplex on best individual
Done simplexing #iterations 1475, best score  22.69

     Score     S(PLP)   S(hbond)     S(cho)   S(metal)  DE(clash)   DE(tors)
     22.69     -24.90       0.00       0.00       0.00       0.00       1.11

--------------------------------------------------------------------------------
--- CHEMPLP breakdown of terms                                               ---
--------------------------------------------------------------------------------
CHEMPLP = - ( 1.0000*S(PLP) + -3.0000*S(hbond) + -6.0000*S(metal) + -3.0000*S(cho) )

Score = CHEMPLP - 1.0000*DE(clash) - 2.0000*DE(tors)


--------------------------------------------------------------------------------


--------------------------------------------------------------------------------
--- PLP analysis of protein-ligand interactions                              ---
--------------------------------------------------------------------------------
hydrogen bonding        :       0.00
metal                   :       0.00
buried (polar-nonpolar) :       1.84
nonpolar                :     -26.68
repulsive               :       0.09
--------------------------------------------------------------------------------


--------------------------------------------------------------------------------
--- ChemScore analysis of protein-ligand interactions                        ---
--------------------------------------------------------------------------------

* Hydrogen bonds                                                                


* CH..O interactions                                                            
  CH group selection                       : activated ring CH (adjacent to hetatom)

--------------------------------------------------------------------------------


--------------------------------------------------------------------------------
--- Intra-ligand clashes                                                     ---
--------------------------------------------------------------------------------

Ligand
--------------------------------------------------------------------------------


--------------------------------------------------------------------------------
--- Chromosome decoded                                                       ---
--------------------------------------------------------------------------------
Ligand Torsions
[   6    2    1    3]  -34.02
[  12    5    1    2]  168.63
Protein Torsions
[11622 11535 11534 11532]  -83.83 
[12183 12075 12074 12072]   21.25 
[12413 12376 12377 12378]  177.36 
[12469 12432 12433 12434]  -31.90 
[12567 12491 12492 12493]   74.77 
[17235 17166 17170 17167]   65.17 
[12727 12623 12624 12625]  126.88 
[17240 17169 17168 17167]   35.96 
[6021 5950 5951 5952] -171.44 
[6190 6106 6107 6108] -135.29 
[17658 17540 17541 17542]   14.24 
[20694 5953 5952 5951]   50.62 
[20701 12379 12378 12377]  157.56 
[20704 12435 12434 12433]  175.19 
[20707 12494 12493 12492]   41.54 
[20710 2578 2577 2576]   13.73 
[20715 12231 12230 12229]  -80.10 
Mapping
Ligand acceptors to protein hydrogens (mapping then atom ids)
Ligand hydrogens to protein acceptors (mapping then atom ids)
Ligand shape atoms to protein points (mapping then atom ids & coords)
  3   138 [  7->(-46.750  29.000 -21.250)]
  5   223 [ 13->(-46.750  30.500 -23.250)]
  6   144 [ 14->(-46.750  29.250 -22.500)]
  7   204 [ 16->(-46.750  30.250 -24.500)]
Chromosome values
Integers:
  -1   -1   -1   -1   -1   -1   -1  137   -1  222  143  203 
--------------------------------------------------------------------------------


--------------------------------------------------------------------------------
--- Diverse Solutions Stats                                                  ---
--------------------------------------------------------------------------------
  Move attempts                            :  20049
  Move failures                            :    299
  Failure rate                             :   0.015

--------------------------------------------------------------------------------

Current Ranking  6  1  4  5  3  2

--------------------------------------------------------------------------------

* GA execution time :                                                           
  total  0.5488 user  0.5020 sys  0.0468

--------------------------------------------------------------------------------
Fitness function evaluations: 20047

--------------------------------------------------------------------------------
** Docking run number  7 **
--------------------------------------------------------------------------------
  Rank fitness base is 5000.00 ; increment is 11.2233

* Initialising population(s) ...                                                
Number of constraints mappings 0
Number of constraints 0
  Population no.                           :      1
  Population size                          :    100
  Number of duplicates                     :      0
  Number of niche violations               :      2
  Number of errors                         :    157


Doing GA, no. of population(s) 1 size 100 selection pressure 1.100000

 Operation      Fitness  S(hb_ext) S(vdw_ext)  S(hb_int)    S(int)      intcor
         0      28.70       1.20      20.46       0.00      -3.20      -0.76
Reordering...
        52      27.31       0.00      22.55       0.00     -17.36      -0.76
        63      29.21       5.09      18.82       0.00      -8.23      -0.76
Reordering...
       104      26.59       0.13      19.29       0.00      -0.30      -0.76
       126      28.60       0.75      20.90       0.00      -3.89      -0.76
       154      29.05       0.75      21.26       0.00      -3.89      -0.76
Reordering...
       208      26.55       0.04      20.84       0.00      -8.39      -0.76
Reordering...
       416      22.64       0.00      17.74       0.00      -5.32      -0.76
       461      23.60       0.04      19.28       0.00      -8.39      -0.76
Reordering...
       520      22.02       0.24      16.45       0.00      -2.25      -0.76
       578      21.86       0.98      15.73       0.00      -1.81      -0.76
       614      21.91       0.43      16.18       0.00      -1.81      -0.76
Reordering...
       676      21.25       0.21      16.04       0.00      -2.25      -0.76
Reordering...
       714      21.18       0.39      15.76       0.00      -1.81      -0.76
Reordering...
       728      21.04       0.20      15.94       0.00      -2.25      -0.76
       854      20.92       0.06      17.66       0.00      -6.03      -0.76
       918      20.95       0.03      15.54       0.00      -0.73      -0.76
       932      20.96       0.04      15.52       0.00      -0.68      -0.76
      1198      20.75       0.00      16.80       0.00      -2.73      -0.76
--------------------------------------------------------------------------------
Best docking solution after GA:
      1750      19.90       0.00      16.46       0.00      -2.73      -0.76

#ops:       1750 #mutates:    865 #cross:      885 #dups:       582 
#niche:      939 #errors:     158 
--------------------------------------------------------------------------------

Doing AMOEBA simplex on best individual
Done simplexing #iterations 1408, best score  22.05

Ligand is stored in gold_soln_ligand_prepared_m1_7.mol2


--------------------------------------------------------------------------------
--- GoldScore breakdown of terms                                             ---
--------------------------------------------------------------------------------
Fitness = S(hb_ext) + 1.3750*S(vdw_ext) + S(hb_int) + 1.0000*S(int)
S(int)  = S(vdw_int) + S(tors)

Internal terms are relative to best energy found (intcor).

--------------------------------------------------------------------------------


     Fitness  S(hb_ext) S(vdw_ext)  S(hb_int)    S(int)      intcor
     22.05       0.00      17.29       0.00      -1.72      -0.76

--------------------------------------------------------------------------------
--- GoldScore analysis of protein-ligand interactions                        ---
--------------------------------------------------------------------------------


--------------------------------------------------------------------------------

--------------------------------------------------------------------------------
--- Rescoring solution                                                       ---
--------------------------------------------------------------------------------

     Score     S(PLP)   S(hbond)     S(cho)   S(metal)  DE(clash)   DE(tors)
      5.05      -6.84       0.00       0.00       0.00       1.23       0.28

Doing AMOEBA simplex on best individual
Done simplexing #iterations 1747, best score  25.42

     Score     S(PLP)   S(hbond)     S(cho)   S(metal)  DE(clash)   DE(tors)
     25.42     -26.90       0.00       0.00       0.00       1.37       0.05

--------------------------------------------------------------------------------
--- CHEMPLP breakdown of terms                                               ---
--------------------------------------------------------------------------------
CHEMPLP = - ( 1.0000*S(PLP) + -3.0000*S(hbond) + -6.0000*S(metal) + -3.0000*S(cho) )

Score = CHEMPLP - 1.0000*DE(clash) - 2.0000*DE(tors)


--------------------------------------------------------------------------------


--------------------------------------------------------------------------------
--- PLP analysis of protein-ligand interactions                              ---
--------------------------------------------------------------------------------
hydrogen bonding        :       0.00
metal                   :       0.00
buried (polar-nonpolar) :      -2.31
nonpolar                :     -26.07
repulsive               :       0.08
--------------------------------------------------------------------------------


--------------------------------------------------------------------------------
--- ChemScore analysis of protein-ligand interactions                        ---
--------------------------------------------------------------------------------

* Hydrogen bonds                                                                


* CH..O interactions                                                            
  CH group selection                       : activated ring CH (adjacent to hetatom)

--------------------------------------------------------------------------------


--------------------------------------------------------------------------------
--- Intra-ligand clashes                                                     ---
--------------------------------------------------------------------------------

Ligand
  7 (C7   ) -   3 (C3   ):   1.37 (dist   2.71)
--------------------------------------------------------------------------------


--------------------------------------------------------------------------------
--- Chromosome decoded                                                       ---
--------------------------------------------------------------------------------
Ligand Torsions
[   6    2    1    3]  171.47
[  12    5    1    2]  174.81
Protein Torsions
[11622 11535 11534 11532]  128.91 
[12183 12075 12074 12072]   33.89 
[12413 12376 12377 12378] -168.57 
[12469 12432 12433 12434] -153.06 
[12567 12491 12492 12493]   80.87 
[17235 17166 17170 17167] -168.25 
[12727 12623 12624 12625]  -32.61 
[17240 17169 17168 17167]  144.46 
[6021 5950 5951 5952]   88.47 
[6190 6106 6107 6108] -157.39 
[17658 17540 17541 17542]  -91.52 
[20694 5953 5952 5951]   65.26 
[20701 12379 12378 12377]   17.75 
[20704 12435 12434 12433]  131.02 
[20707 12494 12493 12492]   -6.61 
[20710 2578 2577 2576]  -82.75 
[20715 12231 12230 12229] -158.17 
Mapping
Ligand acceptors to protein hydrogens (mapping then atom ids)
Ligand hydrogens to protein acceptors (mapping then atom ids)
Ligand shape atoms to protein points (mapping then atom ids & coords)
  2    89 [  6->(-47.000  30.000 -21.250)]
  3   261 [  7->(-46.500  29.000 -20.750)]
  5   191 [ 13->(-46.750  30.000 -22.500)]
  6    28 [ 14->(-47.000  28.750 -22.750)]
  7   291 [ 16->(-46.500  30.000 -23.500)]
Chromosome values
Integers:
  -1   -1   -1   -1   -1   -1   88  260   -1  190   27  290 
--------------------------------------------------------------------------------


--------------------------------------------------------------------------------
--- Diverse Solutions Stats                                                  ---
--------------------------------------------------------------------------------
  Move attempts                            :  20658
  Move failures                            :    317
  Failure rate                             :   0.015

--------------------------------------------------------------------------------

Current Ranking  6  1  4  5  3  2  7

--------------------------------------------------------------------------------

* GA execution time :                                                           
  total  0.6154 user  0.5872 sys  0.0282

--------------------------------------------------------------------------------
Fitness function evaluations: 20656

--------------------------------------------------------------------------------
** Docking run number  8 **
--------------------------------------------------------------------------------
  Rank fitness base is 5000.00 ; increment is 11.2233

* Initialising population(s) ...                                                
Number of constraints mappings 0
Number of constraints 0
  Population no.                           :      1
  Population size                          :    100
  Number of duplicates                     :      0
  Number of niche violations               :      0
  Number of errors                         :    128


Doing GA, no. of population(s) 1 size 100 selection pressure 1.100000

 Operation      Fitness  S(hb_ext) S(vdw_ext)  S(hb_int)    S(int)      intcor
         0      29.37       0.37      21.51       0.00      -2.88      -0.76
        94      28.17       0.37      20.69       0.00      -2.88      -0.76
        97      29.24       0.56      21.95       0.00      -6.77      -0.76
Reordering...
       364      21.91       0.00      18.00       0.00      -9.16      -0.76
       364      21.98       0.42      17.14       0.00      -6.49      -0.76
Reordering...
       416      21.48       0.00      17.82       0.00      -9.16      -0.76
       423      22.97       0.77      16.64       0.00      -2.07      -0.76
Reordering...
       520      22.07       0.00      16.72       0.00      -2.44      -0.76
       564      22.02       0.00      16.72       0.00      -2.44      -0.76
       574      21.94       0.06      16.03       0.00      -0.42      -0.76
       578      22.75       0.00      16.86       0.00      -1.07      -0.76
      1002      20.43       0.00      15.66       0.00      -1.64      -0.76
      1019      20.53       0.00      15.56       0.00      -1.26      -0.76
      1326      20.49       0.00      15.83       0.00      -1.26      -0.76
--------------------------------------------------------------------------------
Best docking solution after GA:
      1750      20.49       0.00      15.83       0.00      -1.26      -0.76

#ops:       1750 #mutates:    885 #cross:      865 #dups:       505 
#niche:     1010 #errors:     179 
--------------------------------------------------------------------------------

Doing AMOEBA simplex on best individual
Done simplexing #iterations 1177, best score  21.61

Ligand is stored in gold_soln_ligand_prepared_m1_8.mol2


--------------------------------------------------------------------------------
--- GoldScore breakdown of terms                                             ---
--------------------------------------------------------------------------------
Fitness = S(hb_ext) + 1.3750*S(vdw_ext) + S(hb_int) + 1.0000*S(int)
S(int)  = S(vdw_int) + S(tors)

Internal terms are relative to best energy found (intcor).

--------------------------------------------------------------------------------


     Fitness  S(hb_ext) S(vdw_ext)  S(hb_int)    S(int)      intcor
     21.61       0.00      16.53       0.00      -1.11      -0.76

--------------------------------------------------------------------------------
--- GoldScore analysis of protein-ligand interactions                        ---
--------------------------------------------------------------------------------


--------------------------------------------------------------------------------

--------------------------------------------------------------------------------
--- Rescoring solution                                                       ---
--------------------------------------------------------------------------------

     Score     S(PLP)   S(hbond)     S(cho)   S(metal)  DE(clash)   DE(tors)
     20.24     -22.70       0.00       0.00       0.00       0.78       0.84

Doing AMOEBA simplex on best individual
Done simplexing #iterations 1021, best score  22.05

     Score     S(PLP)   S(hbond)     S(cho)   S(metal)  DE(clash)   DE(tors)
     22.05     -24.08       0.00       0.00       0.00       0.00       1.01

--------------------------------------------------------------------------------
--- CHEMPLP breakdown of terms                                               ---
--------------------------------------------------------------------------------
CHEMPLP = - ( 1.0000*S(PLP) + -3.0000*S(hbond) + -6.0000*S(metal) + -3.0000*S(cho) )

Score = CHEMPLP - 1.0000*DE(clash) - 2.0000*DE(tors)


--------------------------------------------------------------------------------


--------------------------------------------------------------------------------
--- PLP analysis of protein-ligand interactions                              ---
--------------------------------------------------------------------------------
hydrogen bonding        :       0.00
metal                   :       0.00
buried (polar-nonpolar) :      -2.06
nonpolar                :     -22.75
repulsive               :       0.24
--------------------------------------------------------------------------------


--------------------------------------------------------------------------------
--- ChemScore analysis of protein-ligand interactions                        ---
--------------------------------------------------------------------------------

* Hydrogen bonds                                                                


* CH..O interactions                                                            
  CH group selection                       : activated ring CH (adjacent to hetatom)

--------------------------------------------------------------------------------


--------------------------------------------------------------------------------
--- Intra-ligand clashes                                                     ---
--------------------------------------------------------------------------------

Ligand
  6 (C6   ) -   3 (C3   ):   0.00 (dist   2.75)
--------------------------------------------------------------------------------


--------------------------------------------------------------------------------
--- Chromosome decoded                                                       ---
--------------------------------------------------------------------------------
Ligand Torsions
[   6    2    1    3]  -21.71
[  12    5    1    2]  171.86
Protein Torsions
[11622 11535 11534 11532]  156.85 
[12183 12075 12074 12072]  -99.23 
[12413 12376 12377 12378]  -80.54 
[12469 12432 12433 12434]  -36.04 
[12567 12491 12492 12493]  137.41 
[17235 17166 17170 17167]  159.51 
[12727 12623 12624 12625]  -44.05 
[17240 17169 17168 17167] -136.81 
[6021 5950 5951 5952]  132.79 
[6190 6106 6107 6108]  -12.69 
[17658 17540 17541 17542]  -71.48 
[20694 5953 5952 5951] -135.84 
[20701 12379 12378 12377]  -40.91 
[20704 12435 12434 12433]  -15.56 
[20707 12494 12493 12492]  147.18 
[20710 2578 2577 2576]  -93.70 
[20715 12231 12230 12229]   -2.31 
Mapping
Ligand acceptors to protein hydrogens (mapping then atom ids)
Ligand hydrogens to protein acceptors (mapping then atom ids)
Ligand shape atoms to protein points (mapping then atom ids & coords)
  2   256 [  6->(-46.500  29.000 -22.000)]
  3   440 [  7->(-46.000  30.500 -21.500)]
  5   124 [ 13->(-46.750  28.750 -22.500)]
  6   257 [ 14->(-46.500  29.000 -21.750)]
  7   155 [ 16->(-46.750  29.500 -23.000)]
Chromosome values
Integers:
  -1   -1   -1   -1   -1   -1  255  439   -1  123  256  154 
--------------------------------------------------------------------------------


--------------------------------------------------------------------------------
--- Diverse Solutions Stats                                                  ---
--------------------------------------------------------------------------------
  Move attempts                            :  19271
  Move failures                            :    479
  Failure rate                             :   0.025

--------------------------------------------------------------------------------

Current Ranking  6  1  4  5  3  2  7  8

--------------------------------------------------------------------------------

* GA execution time :                                                           
  total  0.5662 user  0.5279 sys  0.0383

--------------------------------------------------------------------------------
Fitness function evaluations: 19269

--------------------------------------------------------------------------------
** Docking run number  9 **
--------------------------------------------------------------------------------
  Rank fitness base is 5000.00 ; increment is 11.2233

* Initialising population(s) ...                                                
Number of constraints mappings 0
Number of constraints 0
  Population no.                           :      1
  Population size                          :    100
  Number of duplicates                     :      0
  Number of niche violations               :      0
  Number of errors                         :    144


Doing GA, no. of population(s) 1 size 100 selection pressure 1.100000

 Operation      Fitness  S(hb_ext) S(vdw_ext)  S(hb_int)    S(int)      intcor
         0      30.48       0.00      22.38       0.00      -1.44      -0.76
        10      30.53       0.00      22.41       0.00      -1.44      -0.76
Reordering...
       624      21.26       0.00      15.90       0.00      -1.44      -0.76
Reordering...
       988      18.57       0.00      15.67       0.00      -4.44      -0.76
Reordering...
      1020      18.46       0.00      13.62       0.00      -0.39      -0.76
      1025      18.97       0.03      13.97       0.00      -0.39      -0.76
      1035      19.52       0.00      15.77       0.00      -3.09      -0.76
      1457      18.65       0.00      15.14       0.00      -2.17      -0.76
      1484      18.65       0.00      15.78       0.00      -3.05      -0.76
      1531      18.68       0.00      15.12       0.00      -2.10      -0.76
      1655      19.95       0.00      15.36       0.00      -1.17      -0.76
--------------------------------------------------------------------------------
Best docking solution after GA:
      1750      19.95       0.00      15.36       0.00      -1.17      -0.76

#ops:       1750 #mutates:    879 #cross:      871 #dups:       592 
#niche:      910 #errors:     147 
--------------------------------------------------------------------------------

Doing AMOEBA simplex on best individual
Done simplexing #iterations 1055, best score  21.18

Ligand is stored in gold_soln_ligand_prepared_m1_9.mol2


--------------------------------------------------------------------------------
--- GoldScore breakdown of terms                                             ---
--------------------------------------------------------------------------------
Fitness = S(hb_ext) + 1.3750*S(vdw_ext) + S(hb_int) + 1.0000*S(int)
S(int)  = S(vdw_int) + S(tors)

Internal terms are relative to best energy found (intcor).

--------------------------------------------------------------------------------


     Fitness  S(hb_ext) S(vdw_ext)  S(hb_int)    S(int)      intcor
     21.18       0.00      15.99       0.00      -0.81      -0.76

--------------------------------------------------------------------------------
--- GoldScore analysis of protein-ligand interactions                        ---
--------------------------------------------------------------------------------


--------------------------------------------------------------------------------

--------------------------------------------------------------------------------
--- Rescoring solution                                                       ---
--------------------------------------------------------------------------------

     Score     S(PLP)   S(hbond)     S(cho)   S(metal)  DE(clash)   DE(tors)
     18.82     -21.10       0.00       0.00       0.00       0.00       1.14

Doing AMOEBA simplex on best individual
Done simplexing #iterations 1161, best score  21.35

     Score     S(PLP)   S(hbond)     S(cho)   S(metal)  DE(clash)   DE(tors)
     21.35     -22.95       0.00       0.00       0.00       0.01       0.79

--------------------------------------------------------------------------------
--- CHEMPLP breakdown of terms                                               ---
--------------------------------------------------------------------------------
CHEMPLP = - ( 1.0000*S(PLP) + -3.0000*S(hbond) + -6.0000*S(metal) + -3.0000*S(cho) )

Score = CHEMPLP - 1.0000*DE(clash) - 2.0000*DE(tors)


--------------------------------------------------------------------------------


--------------------------------------------------------------------------------
--- PLP analysis of protein-ligand interactions                              ---
--------------------------------------------------------------------------------
hydrogen bonding        :       0.00
metal                   :       0.00
buried (polar-nonpolar) :      -2.31
nonpolar                :     -20.80
repulsive               :       0.08
--------------------------------------------------------------------------------


--------------------------------------------------------------------------------
--- ChemScore analysis of protein-ligand interactions                        ---
--------------------------------------------------------------------------------

* Hydrogen bonds                                                                


* CH..O interactions                                                            
  CH group selection                       : activated ring CH (adjacent to hetatom)

--------------------------------------------------------------------------------


--------------------------------------------------------------------------------
--- Intra-ligand clashes                                                     ---
--------------------------------------------------------------------------------

Ligand
  7 (C7   ) -   3 (C3   ):   0.01 (dist   2.75)
--------------------------------------------------------------------------------


--------------------------------------------------------------------------------
--- Chromosome decoded                                                       ---
--------------------------------------------------------------------------------
Ligand Torsions
[   6    2    1    3]  151.74
[  12    5    1    2]  167.16
Protein Torsions
[11622 11535 11534 11532]  108.87 
[12183 12075 12074 12072]  100.96 
[12413 12376 12377 12378]  -66.61 
[12469 12432 12433 12434]  -44.86 
[12567 12491 12492 12493]  118.53 
[17235 17166 17170 17167]   -6.58 
[12727 12623 12624 12625] -140.79 
[17240 17169 17168 17167]  -53.33 
[6021 5950 5951 5952]  -82.33 
[6190 6106 6107 6108]   21.93 
[17658 17540 17541 17542]  -74.04 
[20694 5953 5952 5951]  114.65 
[20701 12379 12378 12377]   70.19 
[20704 12435 12434 12433]   33.66 
[20707 12494 12493 12492]   -8.98 
[20710 2578 2577 2576]  -24.22 
[20715 12231 12230 12229]  101.97 
Mapping
Ligand acceptors to protein hydrogens (mapping then atom ids)
Ligand hydrogens to protein acceptors (mapping then atom ids)
Ligand shape atoms to protein points (mapping then atom ids & coords)
  2   198 [  6->(-46.750  30.000 -20.750)]
  3   240 [  7->(-46.500  28.000 -21.750)]
  5    31 [ 13->(-47.000  28.750 -22.000)]
  6   114 [ 14->(-46.750  28.250 -22.250)]
  7   145 [ 16->(-46.750  29.250 -22.250)]
Chromosome values
Integers:
  -1   -1   -1   -1   -1   -1  197  239   -1   30  113  144 
--------------------------------------------------------------------------------


--------------------------------------------------------------------------------
--- Diverse Solutions Stats                                                  ---
--------------------------------------------------------------------------------
  Move attempts                            :  19304
  Move failures                            :    325
  Failure rate                             :   0.017

--------------------------------------------------------------------------------

Current Ranking  6  1  4  5  3  2  7  8  9

--------------------------------------------------------------------------------

* GA execution time :                                                           
  total  0.4986 user  0.4956 sys  0.0030

--------------------------------------------------------------------------------
Fitness function evaluations: 19302

--------------------------------------------------------------------------------
** Docking run number 10 **
--------------------------------------------------------------------------------
  Rank fitness base is 5000.00 ; increment is 11.2233

* Initialising population(s) ...                                                
Number of constraints mappings 0
Number of constraints 0
  Population no.                           :      1
  Population size                          :    100
  Number of duplicates                     :      0
  Number of niche violations               :      4
  Number of errors                         :    196


Doing GA, no. of population(s) 1 size 100 selection pressure 1.100000

 Operation      Fitness  S(hb_ext) S(vdw_ext)  S(hb_int)    S(int)      intcor
         0      28.96       0.85      22.01       0.00     -10.78      -0.76
        80      28.17       0.00      20.80       0.00      -2.00      -0.76
       112      27.31       0.00      20.19       0.00      -2.00      -0.76
       234      26.03       0.17      19.90       0.00      -5.68      -0.76
       370      23.75       1.85      16.27       0.00      -1.52      -0.76
       592      22.61       0.00      17.96       0.00      -5.11      -0.76
       644      22.67       1.38      15.97       0.00      -1.52      -0.76
Reordering...
       936      20.41       0.00      17.18       0.00      -5.11      -0.76
Reordering...
       986      20.22       1.30      14.50       0.00      -1.52      -0.76
Reordering...
       988      20.05       0.00      17.07       0.00      -5.11      -0.76
      1512      19.77       0.00      15.22       0.00      -1.16      -0.76
--------------------------------------------------------------------------------
Best docking solution after GA:
      1750      19.77       0.00      15.22       0.00      -1.16      -0.76

#ops:       1750 #mutates:    894 #cross:      856 #dups:       619 
#niche:      897 #errors:     195 
--------------------------------------------------------------------------------

Doing AMOEBA simplex on best individual
Done simplexing #iterations 1401, best score  23.36

Ligand is stored in gold_soln_ligand_prepared_m1_10.mol2


--------------------------------------------------------------------------------
--- GoldScore breakdown of terms                                             ---
--------------------------------------------------------------------------------
Fitness = S(hb_ext) + 1.3750*S(vdw_ext) + S(hb_int) + 1.0000*S(int)
S(int)  = S(vdw_int) + S(tors)

Internal terms are relative to best energy found (intcor).

--------------------------------------------------------------------------------


     Fitness  S(hb_ext) S(vdw_ext)  S(hb_int)    S(int)      intcor
     23.36       0.00      17.81       0.00      -1.12      -0.76

--------------------------------------------------------------------------------
--- GoldScore analysis of protein-ligand interactions                        ---
--------------------------------------------------------------------------------


--------------------------------------------------------------------------------

--------------------------------------------------------------------------------
--- Rescoring solution                                                       ---
--------------------------------------------------------------------------------

     Score     S(PLP)   S(hbond)     S(cho)   S(metal)  DE(clash)   DE(tors)
      2.24      -4.07       0.00       0.00       0.00       0.27       0.78

Doing AMOEBA simplex on best individual
Done simplexing #iterations 1640, best score  24.37

     Score     S(PLP)   S(hbond)     S(cho)   S(metal)  DE(clash)   DE(tors)
     24.37     -26.01       0.00       0.00       0.00       0.41       0.62

--------------------------------------------------------------------------------
--- CHEMPLP breakdown of terms                                               ---
--------------------------------------------------------------------------------
CHEMPLP = - ( 1.0000*S(PLP) + -3.0000*S(hbond) + -6.0000*S(metal) + -3.0000*S(cho) )

Score = CHEMPLP - 1.0000*DE(clash) - 2.0000*DE(tors)


--------------------------------------------------------------------------------


--------------------------------------------------------------------------------
--- PLP analysis of protein-ligand interactions                              ---
--------------------------------------------------------------------------------
hydrogen bonding        :       0.00
metal                   :       0.00
buried (polar-nonpolar) :      -2.95
nonpolar                :     -24.09
repulsive               :       0.10
--------------------------------------------------------------------------------


--------------------------------------------------------------------------------
--- ChemScore analysis of protein-ligand interactions                        ---
--------------------------------------------------------------------------------

* Hydrogen bonds                                                                


* CH..O interactions                                                            
  CH group selection                       : activated ring CH (adjacent to hetatom)

--------------------------------------------------------------------------------


--------------------------------------------------------------------------------
--- Intra-ligand clashes                                                     ---
--------------------------------------------------------------------------------

Ligand
  7 (C7   ) -   3 (C3   ):   0.41 (dist   2.74)
--------------------------------------------------------------------------------


--------------------------------------------------------------------------------
--- Chromosome decoded                                                       ---
--------------------------------------------------------------------------------
Ligand Torsions
[   6    2    1    3]  161.74
[  12    5    1    2]  171.75
Protein Torsions
[11622 11535 11534 11532] -146.73 
[12183 12075 12074 12072]  -67.53 
[12413 12376 12377 12378]  -72.63 
[12469 12432 12433 12434]  -26.76 
[12567 12491 12492 12493]  -79.65 
[17235 17166 17170 17167]  166.73 
[12727 12623 12624 12625] -140.98 
[17240 17169 17168 17167] -152.82 
[6021 5950 5951 5952] -102.46 
[6190 6106 6107 6108]  142.44 
[17658 17540 17541 17542]   96.20 
[20694 5953 5952 5951]  153.92 
[20701 12379 12378 12377] -124.45 
[20704 12435 12434 12433]   37.49 
[20707 12494 12493 12492]  123.34 
[20710 2578 2577 2576] -109.83 
[20715 12231 12230 12229] -148.51 
Mapping
Ligand acceptors to protein hydrogens (mapping then atom ids)
Ligand hydrogens to protein acceptors (mapping then atom ids)
Ligand shape atoms to protein points (mapping then atom ids & coords)
  2   296 [  6->(-46.500  30.000 -22.250)]
  3   150 [  7->(-46.750  29.250 -21.000)]
  5   207 [ 13->(-46.750  30.250 -23.750)]
  6   119 [ 14->(-46.750  28.500 -22.250)]
  7   304 [ 16->(-46.500  30.250 -25.750)]
Chromosome values
Integers:
  -1   -1   -1   -1   -1   -1  295  149   -1  206  118  303 
--------------------------------------------------------------------------------


--------------------------------------------------------------------------------
--- Diverse Solutions Stats                                                  ---
--------------------------------------------------------------------------------
  Move attempts                            :  20480
  Move failures                            :    401
  Failure rate                             :   0.020

--------------------------------------------------------------------------------

Current Ranking  6  1  4  5  3  2 10  7  8  9

--------------------------------------------------------------------------------

* GA execution time :                                                           
  total  0.5074 user  0.4737 sys  0.0338

--------------------------------------------------------------------------------
Fitness function evaluations: 20478

--------------------------------------------------------------------------------
--- Ranking analysis                                                         ---
--------------------------------------------------------------------------------


* Final ranked order of GA solutions:                                           
   6  1  4  5  3  2 10  7  8  9 

  _______________________________
  RMSD Matrix of RANKED solutions

        2    3    4    5    6    7    8    9   10  

   1 :  0.4  2.7  5.4  5.4  2.8  3.0  3.4  4.5  4.8
   2 :       2.6  5.2  5.3  2.7  2.9  3.3  4.4  4.7
   3 :            3.8  4.1  0.3  2.6  2.7  3.6  3.9
   4 :                 1.1  3.6  4.2  3.6  2.8  2.6
   5 :                      3.8  3.9  3.4  2.0  2.1
   6 :                           2.5  2.5  3.4  3.7
   7 :                                1.2  2.3  2.8
   8 :                                     2.0  2.0
   9 :                                          1.1

  Clustering method                        : complete linkage
  Structure ids in cluster table           : rank nos.
  Ordering of clusters and their members   : by rank (order if from rms_analysis)

  Distance | Clusters
   0.31    |  1 |  2 |  3  6 |  4 |  5 |  7 |  8 |  9 | 10 |
   0.40    |  1  2 |  3  6 |  4 |  5 |  7 |  8 |  9 | 10 |
   1.06    |  1  2 |  3  6 |  4 |  5 |  7 |  8 |  9 10 |
   1.10    |  1  2 |  3  6 |  4  5 |  7 |  8 |  9 10 |
   1.19    |  1  2 |  3  6 |  4  5 |  7  8 |  9 10 |
   2.65    |  1  2 |  3  6  7  8 |  4  5 |  9 10 |
   2.75    |  1  2 |  3  6  7  8 |  4  5  9 10 |
   3.43    |  1  2  3  6  7  8 |  4  5  9 10 |
   5.42    |  1  2  3  4  5  6  7  8  9 10 |
  Finished Docking Ligand                  : /mnt/c/Users/ricca/Desktop/Documents/1_Coding/1_Script_Github/Reverse_Docking_Explore_V3/7ta6/ligand_prepared.mol2
--------------------------------------------------------------------------------

  Relative_Ligand_Energy (best encountered) :  -0.759
  Relative_Ligand_Energy: fitness values have been corrected using this amount
