
--------------------------------------------------------------------------------
--- Ligand                                                                   ---
--------------------------------------------------------------------------------
  Ligand loaded from file                  : /mnt/c/Users/ricca/Desktop/Documents/1_Coding/1_Script_Github/Reverse_Docking_Explore_V3/4uch/ligand_prepared.mol2
  Ligand name                              :  
  "CT1002167954                                                             "

--------------------------------------------------------------------------------
  N.plc donors                             : 
  none found

  Acidic nitrogen acceptors                : 
  none found
  Sulfur acceptors                         :
  none found


  Donor atoms                              :      2
  8   10  
  Acceptor atoms                           :      3
  9   11  17  

  Hydrogens                                :  (n = 2)
  22   23   

  Lone pairs added to molecule             :      6
  Numbering                                : from 30 to 35

--------------------------------------------------------------------------------
--- Postprocessing of typing                                                 ---
--------------------------------------------------------------------------------
  Fragment file                            : /home/hitesit/CCDC/Discovery_2022/GOLD/gold/rotatable_bond_override.mol2
  acylurea fragment                        : 2 matches
  Ligand bond 15-8  set to flip
  Ligand bond 15-10  set to flip
  Ligand bond 15-10  set to 1
  Ligand bond 15-8  set to 1
  Ligand bond 10-4  set to flip
  Ligand bond 8-3  set to flip
  thioacylthiourea fragment                : no matches
  acylthiourea fragment                    : no matches
  thioacylurea fragment                    : no matches
  diarylamine fragment >C.ar-NH-C.ar<      : no matches
  sec-amine (1) fragment                   : no matches
  sec-amine (2) fragment                   : no matches
  sec-amine (3) fragment                   : no matches
  carboxylic ester                         : no matches

* Rotatable bonds in /mnt/c/Users/ricca/D  :
  [   1    2] [   1    5] 
  No. of rotatable bonds                   :      2


* Reading torsional distributions from file:
  /home/hitesit/CCDC/Discovery_2022/GOLD/gold/gold.tordist
  No. of bins in torsional distributions   :     36
  Minimum size of largest peak             :      0
  Removing high energy torsions            : on
  Delta E set to                           :   2.500

* Fragments found in /mnt/c/Users/ricca/D  :
  atom   2: benzene
  atom   6: benzene
  atom   7: benzene
  atom  13: benzene
  atom  14: benzene
  atom  16: benzene


* Checking torsion distributions:                                               
  No. of matched torsions                  :      0

--------------------------------------------------------------------------------
--- Shape fitting atoms selection (hydrophobic atoms)                        ---
--------------------------------------------------------------------------------
  Molecule                                 : /mnt/c/Users/ricca/Desktop/Documents/1_Coding/1_Script_Github/Reverse_Docking_Explore_V3/4uch/ligand_prepared.mol2
  Selection                                : carbons only
  Atom numbers                             :  (n = 7)
  5    6    7    12   13   14   16   

--------------------------------------------------------------------------------
--- Diverse Solutions Setup                                                  ---
--------------------------------------------------------------------------------
  Cluster size                             :      2
  RMSD                                     :   2.000
  Refinement                               :      0


--------------------------------------------------------------------------------
--- ChemScore ligand setup summary                                           ---
--------------------------------------------------------------------------------
  ChemScore ligand acceptors               :      3
  9 11 17 
  ChemScore ligand donors                  :      2
  8 ( 22  ) 10 ( 23  ) 
  ChemScore ligand CH donors               :      0
  

  ChemScore ligand lipophilic atoms        :  (n = 9)
  1    2    5    6    7    12   13   14   16   

  ChemScore ligand rotatable bonds         :      2
  1   (C1 ) - 2   (C2 ): SP3_SP2_BOND
  1   (C1 ) - 5   (C5 ): SP3_SP3_BOND

--------------------------------------------------------------------------------
--- PLP ligand setup summary                                                 ---
--------------------------------------------------------------------------------
    1    C1   C.3 NONPOLAR
    2    C2  C.ar NONPOLAR
    3    C3   C.2 NONPOLAR
    4    C4   C.2 NONPOLAR
    5    C5   C.3 NONPOLAR
    6    C6  C.ar NONPOLAR
    7    C7  C.ar NONPOLAR
    8    N8  N.am DONOR
    9    O9   O.2 ACCEPTOR
   10   N10  N.am DONOR
   11   O11   O.2 ACCEPTOR
   12   C12   C.3 NONPOLAR
   13   C13  C.ar NONPOLAR
   14   C14  C.ar NONPOLAR
   15   C15   C.2 NONPOLAR
   16   C16  C.ar NONPOLAR
   17   O17   O.2 ACCEPTOR

--------------------------------------------------------------------------------
--- Automatic parameter setting                                              ---
--------------------------------------------------------------------------------
  Contribution base                        :   2500
  Contribution per rotatable bond          :   6000
  Contribution per df                      :   4000
  Contribution per water                   :  10000
  Ligand rotatable bonds                   :      2
  Protein flexible side chain bonds        :      0
  Total rotatable bonds                    :      2
  Hydrophobic vol ratio (P/L)              :   1.946
  Base multiplier (polar)                  :   1.000
  Base multiplier (apolar)                 :   2.725
  Base contribution                        : 7500.000
  Fitting points                           :      5
  Estimated maxops needed (optimal)        :  20000
  Autoscale factor (in percent)            :     10
  Scaled maxops                            :   2250

--------------------------------------------------------------------------------

* Population settings                                                           
  maxops                                   :   2250
  popsiz                                   :    100
  select_pressure                          :   1.100
  n_islands                                :      1
  niche_siz                                :      2

* GA settings                                                                   
  pt_crosswt                               :    100
  allele_mutatewt                          :    100
  migratewt                                :      0

* Search settings                                                               
  start_vdw_linear_cutoff                  :   6.000
  initial_virtual_pt_match_max             :   3.000
  Scaling of internal VDW energy           : log scale from  0.2 to    1
                                             over 1687 ops
  Sampling interval (operations)           :     22
  Scaling of virtual pt maximum length     : linear scale from    3 to    2
                                             over  1687 ops
  Sampling interval (operations)           :     67
  Scaling of 4-8 potential cutoff          : log scale from    6 to 1.2e+02
                                             over 1687 ops
  Sampling interval (operations)           :     67

--------------------------------------------------------------------------------

* Ligand initialisation time :                                                  
  total  0.0422 user  0.0212 sys  0.0211

--------------------------------------------------------------------------------

--------------------------------------------------------------------------------
** Docking run number  1 **
--------------------------------------------------------------------------------
  Rank fitness base is 5000.00 ; increment is 11.2233

* Initialising population(s) ...                                                
Number of constraints mappings 0
Number of constraints 0
  Population no.                           :      1
  Population size                          :    100
  Number of duplicates                     :      0
  Number of niche violations               :      0
  Number of errors                         :    393


Doing GA, no. of population(s) 1 size 100 selection pressure 1.100000

 Operation      Fitness  S(hb_ext) S(vdw_ext)  S(hb_int)    S(int)      intcor
         0      46.73       5.64      32.05       0.00     -14.85      -0.80
Reordering...
       220      41.33       6.84      26.13       0.00      -5.84      -0.80
       261      41.74       8.82      25.25       0.00      -7.10      -0.80
Reordering...
       268      39.88       6.80      25.15       0.00      -5.84      -0.80
Reordering...
       402      36.99       0.44      29.66       0.00     -14.52      -0.80
       405      38.79       9.37      25.20       0.00     -17.91      -0.80
       532      39.85       9.33      25.04       0.00     -11.81      -0.80
       600      42.94      10.53      26.60       0.00     -11.81      -0.80
      1206      30.66      10.44      18.52       0.00      -8.47      -0.80
Reordering...
      1541      22.31       2.54      14.70       0.00      -0.51      -0.76
      1595      26.40       0.15      19.27       0.00      -0.28      -0.76
      1962      26.58       4.66      16.31       0.00      -0.51      -0.76
      2112      27.31       4.58      16.89       0.00      -0.51      -0.76
      2151      28.85       6.00      16.99       0.00      -0.51      -0.76
--------------------------------------------------------------------------------
Best docking solution after GA:
      2250      28.85       6.00      16.99       0.00      -0.51      -0.76

#ops:       2250 #mutates:   1102 #cross:     1148 #dups:       410 
#niche:     1066 #errors:      52 
--------------------------------------------------------------------------------

Doing AMOEBA simplex on best individual
Done simplexing #iterations 774, best score  30.61

Ligand is stored in gold_soln_ligand_prepared_m1_1.mol2


--------------------------------------------------------------------------------
--- GoldScore breakdown of terms                                             ---
--------------------------------------------------------------------------------
Fitness = S(hb_ext) + 1.3750*S(vdw_ext) + S(hb_int) + 1.0000*S(int)
S(int)  = S(vdw_int) + S(tors)

Internal terms are relative to best energy found (intcor).

--------------------------------------------------------------------------------


     Fitness  S(hb_ext) S(vdw_ext)  S(hb_int)    S(int)      intcor
     30.61       6.06      17.92       0.00      -0.10      -0.76

--------------------------------------------------------------------------------
--- GoldScore analysis of protein-ligand interactions                        ---
--------------------------------------------------------------------------------

  Ligand acceptor    9 Protein hydrogen 13450 donor 13399 bond energy  2.00 wt 0.03
  Ligand donor    8 hydrogen   22 Protein acceptor 13402 bond energy  6.00 wt 1.00

--------------------------------------------------------------------------------

--------------------------------------------------------------------------------
--- Rescoring solution                                                       ---
--------------------------------------------------------------------------------

     Score     S(PLP)   S(hbond)     S(cho)   S(metal)  DE(clash)   DE(tors)
     -9.29      11.11       1.00       0.00       0.00       0.00       0.59

Doing AMOEBA simplex on best individual
Done simplexing #iterations 1340, best score  26.81

     Score     S(PLP)   S(hbond)     S(cho)   S(metal)  DE(clash)   DE(tors)
     26.81     -24.02       0.99       0.00       0.00       0.00       0.09

--------------------------------------------------------------------------------
--- CHEMPLP breakdown of terms                                               ---
--------------------------------------------------------------------------------
CHEMPLP = - ( 1.0000*S(PLP) + -3.0000*S(hbond) + -6.0000*S(metal) + -3.0000*S(cho) )

Score = CHEMPLP - 1.0000*DE(clash) - 2.0000*DE(tors)


--------------------------------------------------------------------------------


--------------------------------------------------------------------------------
--- PLP analysis of protein-ligand interactions                              ---
--------------------------------------------------------------------------------
hydrogen bonding        :      -4.17
metal                   :       0.00
buried (polar-nonpolar) :       3.99
nonpolar                :     -23.32
repulsive               :       0.54
--------------------------------------------------------------------------------


--------------------------------------------------------------------------------
--- ChemScore analysis of protein-ligand interactions                        ---
--------------------------------------------------------------------------------

* Hydrogen bonds                                                                
Ligand donor    8 hydrogen   22 Protein acceptor 13402 bond energy  1.00 wt 0.99


* CH..O interactions                                                            
  CH group selection                       : activated ring CH (adjacent to hetatom)

--------------------------------------------------------------------------------


--------------------------------------------------------------------------------
--- Intra-ligand clashes                                                     ---
--------------------------------------------------------------------------------

Ligand
--------------------------------------------------------------------------------


--------------------------------------------------------------------------------
--- Chromosome decoded                                                       ---
--------------------------------------------------------------------------------
Ligand Torsions
[   6    2    1    3]  -47.40
[  12    5    1    2]  171.50
Protein Torsions
[12872 12851 12850 12848]  -43.26 
[13459 13409 13408 13404]   48.16 
[5555 5539 5538 5535]  -35.18 
[9075 9061 9060 9058]  -49.27 
[8987 8971 8970 8967]  124.43 
[8337 8307 8306 8304]  -53.95 
[13454 13411 13410 13408] -138.22 
Mapping
Ligand acceptors to protein hydrogens (mapping then atom ids)
Ligand hydrogens to protein acceptors (mapping then atom ids)
  1  14 [ 22->13402]
Ligand shape atoms to protein points (mapping then atom ids & coords)
  6  2921 [ 14->(121.250 246.250 358.000)]
  7  2552 [ 16->(120.500 248.750 357.500)]
Chromosome values
Integers:
  -1   -1   -1   13   -1   -1   -1   -1   -1   -1 2920 2551 
--------------------------------------------------------------------------------


--------------------------------------------------------------------------------
--- Diverse Solutions Stats                                                  ---
--------------------------------------------------------------------------------
  Move attempts                            :  19491
  Move failures                            :      0
  Failure rate                             :   0.000

--------------------------------------------------------------------------------

Current Ranking  1

--------------------------------------------------------------------------------

* GA execution time :                                                           
  total  1.0341 user  1.0304 sys  0.0037

--------------------------------------------------------------------------------
Fitness function evaluations: 19936

--------------------------------------------------------------------------------
** Docking run number  2 **
--------------------------------------------------------------------------------
  Rank fitness base is 5000.00 ; increment is 11.2233

* Initialising population(s) ...                                                
Number of constraints mappings 0
Number of constraints 0
  Population no.                           :      1
  Population size                          :    100
  Number of duplicates                     :      0
  Number of niche violations               :      0
  Number of errors                         :    394


Doing GA, no. of population(s) 1 size 100 selection pressure 1.100000

 Operation      Fitness  S(hb_ext) S(vdw_ext)  S(hb_int)    S(int)      intcor
         0      39.49       0.42      30.62       0.00     -15.17      -0.76
       161      38.90       8.52      25.50       0.00     -20.19      -0.76
       166      48.87       1.06      36.42       0.00      -9.77      -0.76
Reordering...
       603      35.89       0.97      26.58       0.00      -4.65      -0.76
Reordering...
       737      34.38       0.37      25.43       0.00      -2.38      -0.76
       762      37.81       6.36      24.10       0.00      -4.13      -0.76
       780      40.36       0.41      32.02       0.00      -9.77      -0.76
      1006      36.02       7.82      22.05       0.00      -4.13      -0.76
Reordering...
      1072      33.95       0.35      28.33       0.00      -9.77      -0.76
      1198      32.10       0.35      27.50       0.00      -9.77      -0.76
Reordering...
      1206      30.96       0.18      23.46       0.00      -2.38      -0.76
      1396      30.41       7.63      18.82       0.00      -4.13      -0.76
Reordering...
      1407      29.30       0.12      22.52       0.00      -2.38      -0.76
      1665      27.56       0.07      21.66       0.00      -2.38      -0.76
      1950      27.54       0.00      21.76       0.00      -2.38      -0.76
      2177      27.54       0.00      21.76       0.00      -2.38      -0.76
--------------------------------------------------------------------------------
Best docking solution after GA:
      2250      27.54       0.00      21.76       0.00      -2.38      -0.76

#ops:       2250 #mutates:   1193 #cross:     1057 #dups:       440 
#niche:      948 #errors:      47 
--------------------------------------------------------------------------------

Doing AMOEBA simplex on best individual
Done simplexing #iterations 741, best score  40.53

Ligand is stored in gold_soln_ligand_prepared_m1_2.mol2


--------------------------------------------------------------------------------
--- GoldScore breakdown of terms                                             ---
--------------------------------------------------------------------------------
Fitness = S(hb_ext) + 1.3750*S(vdw_ext) + S(hb_int) + 1.0000*S(int)
S(int)  = S(vdw_int) + S(tors)

Internal terms are relative to best energy found (intcor).

--------------------------------------------------------------------------------


     Fitness  S(hb_ext) S(vdw_ext)  S(hb_int)    S(int)      intcor
     40.53       2.34      29.75       0.00      -2.73      -0.76

--------------------------------------------------------------------------------
--- GoldScore analysis of protein-ligand interactions                        ---
--------------------------------------------------------------------------------

  Ligand donor    8 hydrogen   22 Protein acceptor 13273 bond energy  6.00 wt 0.39

--------------------------------------------------------------------------------

--------------------------------------------------------------------------------
--- Rescoring solution                                                       ---
--------------------------------------------------------------------------------

     Score     S(PLP)   S(hbond)     S(cho)   S(metal)  DE(clash)   DE(tors)
     12.25     -13.64       0.00       0.00       0.00       1.33       0.03

Doing AMOEBA simplex on best individual
Done simplexing #iterations 820, best score  28.54

     Score     S(PLP)   S(hbond)     S(cho)   S(metal)  DE(clash)   DE(tors)
     28.54     -27.40       0.84       0.00       0.00       1.36       0.02

--------------------------------------------------------------------------------
--- CHEMPLP breakdown of terms                                               ---
--------------------------------------------------------------------------------
CHEMPLP = - ( 1.0000*S(PLP) + -3.0000*S(hbond) + -6.0000*S(metal) + -3.0000*S(cho) )

Score = CHEMPLP - 1.0000*DE(clash) - 2.0000*DE(tors)


--------------------------------------------------------------------------------


--------------------------------------------------------------------------------
--- PLP analysis of protein-ligand interactions                              ---
--------------------------------------------------------------------------------
hydrogen bonding        :      -0.97
metal                   :       0.00
buried (polar-nonpolar) :      13.44
nonpolar                :     -47.92
repulsive               :       7.73
--------------------------------------------------------------------------------


--------------------------------------------------------------------------------
--- ChemScore analysis of protein-ligand interactions                        ---
--------------------------------------------------------------------------------

* Hydrogen bonds                                                                
Ligand donor    8 hydrogen   22 Protein acceptor 13273 bond energy  1.00 wt 0.84


* CH..O interactions                                                            
  CH group selection                       : activated ring CH (adjacent to hetatom)

--------------------------------------------------------------------------------


--------------------------------------------------------------------------------
--- Intra-ligand clashes                                                     ---
--------------------------------------------------------------------------------

Ligand
  7 (C7   ) -   3 (C3   ):   1.36 (dist   2.71)
--------------------------------------------------------------------------------


--------------------------------------------------------------------------------
--- Chromosome decoded                                                       ---
--------------------------------------------------------------------------------
Ligand Torsions
[   6    2    1    3]  177.90
[  12    5    1    2]  173.81
Protein Torsions
[12872 12851 12850 12848] -179.14 
[13459 13409 13408 13404]  -90.15 
[5555 5539 5538 5535]   66.07 
[9075 9061 9060 9058]   92.09 
[8987 8971 8970 8967]  -54.14 
[8337 8307 8306 8304]  -37.30 
[13454 13411 13410 13408] -156.98 
Mapping
Ligand acceptors to protein hydrogens (mapping then atom ids)
Ligand hydrogens to protein acceptors (mapping then atom ids)
Ligand shape atoms to protein points (mapping then atom ids & coords)
  3  1616 [  7->(117.500 246.500 359.250)]
  4  2567 [ 12->(120.750 244.500 358.750)]
  7   988 [ 16->(116.250 246.250 360.750)]
Chromosome values
Integers:
  -1   -1   -1   -1   -1   -1   -1 1615 2566   -1   -1  987 
--------------------------------------------------------------------------------


--------------------------------------------------------------------------------
--- Diverse Solutions Stats                                                  ---
--------------------------------------------------------------------------------
  Move attempts                            :  18942
  Move failures                            :      0
  Failure rate                             :   0.000

--------------------------------------------------------------------------------

Current Ranking  2  1

--------------------------------------------------------------------------------

* GA execution time :                                                           
  total  1.2406 user  1.1794 sys  0.0613

--------------------------------------------------------------------------------
Fitness function evaluations: 19383

--------------------------------------------------------------------------------
** Docking run number  3 **
--------------------------------------------------------------------------------
  Rank fitness base is 5000.00 ; increment is 11.2233

* Initialising population(s) ...                                                
Number of constraints mappings 0
Number of constraints 0
  Population no.                           :      1
  Population size                          :    100
  Number of duplicates                     :      0
  Number of niche violations               :      0
  Number of errors                         :    407


Doing GA, no. of population(s) 1 size 100 selection pressure 1.100000

 Operation      Fitness  S(hb_ext) S(vdw_ext)  S(hb_int)    S(int)      intcor
         0      44.89       8.38      31.34       0.00     -32.85      -0.76
Reordering...
       134      39.62       6.59      28.30       0.00     -25.95      -0.76
       224      37.24       6.89      25.98       0.00     -21.77      -0.76
       226      41.11       1.82      34.47       0.00     -32.85      -0.76
       359      36.94       1.71      32.31       0.00     -32.85      -0.76
Reordering...
       603      28.08       6.00      16.16       0.00      -0.39      -0.76
       735      27.18       6.00      15.52       0.00      -0.39      -0.76
Reordering...
       737      26.43       5.56      18.52       0.00     -11.51      -0.76
Reordering...
       792      26.19       6.00      14.80       0.00      -0.39      -0.76
Reordering...
       804      25.95       5.54      18.40       0.00     -11.51      -0.76
       814      25.86       5.54      18.41       0.00     -11.51      -0.76
       832      34.56       1.32      25.14       0.00      -3.04      -0.76
      1103      27.32       5.91      15.94       0.00      -0.87      -0.76
      1108      28.24       1.16      20.79       0.00      -2.64      -0.76
Reordering...
      1139      27.34       5.88      15.98       0.00      -0.87      -0.76
      1186      27.44       2.07      24.57       0.00     -13.84      -0.76
Reordering...
      1188      27.31       5.88      15.98       0.00      -0.87      -0.76
      1203      32.81       2.07      22.68       0.00      -0.73      -0.76
      1824      30.30       3.15      21.79       0.00      -2.82      -0.76
--------------------------------------------------------------------------------
Best docking solution after GA:
      2250      30.30       3.15      21.79       0.00      -2.82      -0.76

#ops:       2250 #mutates:   1122 #cross:     1128 #dups:       442 
#niche:      996 #errors:      54 
--------------------------------------------------------------------------------

Doing AMOEBA simplex on best individual
Done simplexing #iterations 1062, best score  41.32

Ligand is stored in gold_soln_ligand_prepared_m1_3.mol2


--------------------------------------------------------------------------------
--- GoldScore breakdown of terms                                             ---
--------------------------------------------------------------------------------
Fitness = S(hb_ext) + 1.3750*S(vdw_ext) + S(hb_int) + 1.0000*S(int)
S(int)  = S(vdw_int) + S(tors)

Internal terms are relative to best energy found (intcor).

--------------------------------------------------------------------------------


     Fitness  S(hb_ext) S(vdw_ext)  S(hb_int)    S(int)      intcor
     41.32       3.36      29.13       0.00      -2.10      -0.76

--------------------------------------------------------------------------------
--- GoldScore analysis of protein-ligand interactions                        ---
--------------------------------------------------------------------------------

  Ligand donor    8 hydrogen   22 Protein acceptor 13273 bond energy  6.00 wt 0.56

--------------------------------------------------------------------------------

--------------------------------------------------------------------------------
--- Rescoring solution                                                       ---
--------------------------------------------------------------------------------

     Score     S(PLP)   S(hbond)     S(cho)   S(metal)  DE(clash)   DE(tors)
     13.35     -11.76       1.00       0.00       0.00       1.36       0.02

Doing AMOEBA simplex on best individual
Done simplexing #iterations 832, best score  29.10

     Score     S(PLP)   S(hbond)     S(cho)   S(metal)  DE(clash)   DE(tors)
     29.10     -28.22       1.00       0.00       0.00       1.24       0.44

--------------------------------------------------------------------------------
--- CHEMPLP breakdown of terms                                               ---
--------------------------------------------------------------------------------
CHEMPLP = - ( 1.0000*S(PLP) + -3.0000*S(hbond) + -6.0000*S(metal) + -3.0000*S(cho) )

Score = CHEMPLP - 1.0000*DE(clash) - 2.0000*DE(tors)


--------------------------------------------------------------------------------


--------------------------------------------------------------------------------
--- PLP analysis of protein-ligand interactions                              ---
--------------------------------------------------------------------------------
hydrogen bonding        :      -1.00
metal                   :       0.00
buried (polar-nonpolar) :       8.34
nonpolar                :     -43.62
repulsive               :       7.01
--------------------------------------------------------------------------------


--------------------------------------------------------------------------------
--- ChemScore analysis of protein-ligand interactions                        ---
--------------------------------------------------------------------------------

* Hydrogen bonds                                                                
Ligand donor    8 hydrogen   22 Protein acceptor 13273 bond energy  1.00 wt 1.00


* CH..O interactions                                                            
  CH group selection                       : activated ring CH (adjacent to hetatom)

--------------------------------------------------------------------------------


--------------------------------------------------------------------------------
--- Intra-ligand clashes                                                     ---
--------------------------------------------------------------------------------

Ligand
  7 (C7   ) -   3 (C3   ):   1.24 (dist   2.72)
--------------------------------------------------------------------------------


--------------------------------------------------------------------------------
--- Chromosome decoded                                                       ---
--------------------------------------------------------------------------------
Ligand Torsions
[   6    2    1    3]  174.61
[  12    5    1    2]  177.40
Protein Torsions
[12872 12851 12850 12848] -135.28 
[13459 13409 13408 13404]   35.19 
[5555 5539 5538 5535]   16.66 
[9075 9061 9060 9058] -118.51 
[8987 8971 8970 8967]  -18.29 
[8337 8307 8306 8304] -175.24 
[13454 13411 13410 13408]   11.84 
Mapping
Ligand acceptors to protein hydrogens (mapping then atom ids)
Ligand hydrogens to protein acceptors (mapping then atom ids)
  1  13 [ 22->13273]
Ligand shape atoms to protein points (mapping then atom ids & coords)
  1  2138 [  5->(119.750 244.500 358.750)]
  6  1539 [ 14->(117.250 246.500 358.750)]
Chromosome values
Integers:
  -1   -1   -1   12   -1 2137   -1   -1   -1   -1 1538   -1 
--------------------------------------------------------------------------------


--------------------------------------------------------------------------------
--- Diverse Solutions Stats                                                  ---
--------------------------------------------------------------------------------
  Move attempts                            :  19005
  Move failures                            :      0
  Failure rate                             :   0.000

--------------------------------------------------------------------------------

Current Ranking  3  2  1

--------------------------------------------------------------------------------

* GA execution time :                                                           
  total  1.1599 user  1.1346 sys  0.0253

--------------------------------------------------------------------------------
Fitness function evaluations: 19467

--------------------------------------------------------------------------------
** Docking run number  4 **
--------------------------------------------------------------------------------
  Rank fitness base is 5000.00 ; increment is 11.2233

* Initialising population(s) ...                                                
Number of constraints mappings 0
Number of constraints 0
  Population no.                           :      1
  Population size                          :    100
  Number of duplicates                     :      0
  Number of niche violations               :      0
  Number of errors                         :    375


Doing GA, no. of population(s) 1 size 100 selection pressure 1.100000

 Operation      Fitness  S(hb_ext) S(vdw_ext)  S(hb_int)    S(int)      intcor
         0      35.64       0.77      29.64       0.00     -29.42      -0.76
       145      32.68       0.87      24.47       0.00      -8.09      -0.76
Reordering...
       268      30.23       0.07      22.17       0.00      -1.29      -0.76
       507      30.08       8.43      19.60       0.00     -16.37      -0.76
       514      30.47       8.43      19.88       0.00     -16.37      -0.76
Reordering...
       603      28.76       0.04      21.22       0.00      -1.29      -0.76
       645      28.80       0.04      21.26       0.00      -1.29      -0.76
       702      28.59       2.12      21.67       0.00      -8.67      -0.76
Reordering...
       737      27.99       0.03      20.71       0.00      -1.29      -0.76
       828      27.83       7.55      15.42       0.00      -2.11      -0.76
Reordering...
       938      25.46       2.00      20.10       0.00      -8.67      -0.76
      1007      30.08       1.84      23.71       0.00      -8.49      -0.76
      1450      27.13       1.95      23.14       0.00      -8.49      -0.76
      1507      26.70       2.00      23.11       0.00      -8.49      -0.76
      2244      25.35       2.00      23.16       0.00      -8.49      -0.76
--------------------------------------------------------------------------------
Best docking solution after GA:
      2250      25.35       2.00      23.16       0.00      -8.49      -0.76

#ops:       2250 #mutates:   1101 #cross:     1149 #dups:       429 
#niche:     1061 #errors:      58 
--------------------------------------------------------------------------------

Doing AMOEBA simplex on best individual
Done simplexing #iterations 655, best score  29.72

Ligand is stored in gold_soln_ligand_prepared_m1_4.mol2


--------------------------------------------------------------------------------
--- GoldScore breakdown of terms                                             ---
--------------------------------------------------------------------------------
Fitness = S(hb_ext) + 1.3750*S(vdw_ext) + S(hb_int) + 1.0000*S(int)
S(int)  = S(vdw_int) + S(tors)

Internal terms are relative to best energy found (intcor).

--------------------------------------------------------------------------------


     Fitness  S(hb_ext) S(vdw_ext)  S(hb_int)    S(int)      intcor
     29.72       2.00      26.36       0.00      -8.52      -0.76

--------------------------------------------------------------------------------
--- GoldScore analysis of protein-ligand interactions                        ---
--------------------------------------------------------------------------------

  Ligand donor    8 hydrogen   22 Protein acceptor 9061 bond energy  2.00 wt 1.00

--------------------------------------------------------------------------------

--------------------------------------------------------------------------------
--- Rescoring solution                                                       ---
--------------------------------------------------------------------------------

     Score     S(PLP)   S(hbond)     S(cho)   S(metal)  DE(clash)   DE(tors)
      7.17      -8.38       1.00       0.00       0.00       2.36       0.92

Doing AMOEBA simplex on best individual
Done simplexing #iterations 933, best score  28.69

     Score     S(PLP)   S(hbond)     S(cho)   S(metal)  DE(clash)   DE(tors)
     28.69     -28.21       1.00       0.00       0.00       1.36       0.59

--------------------------------------------------------------------------------
--- CHEMPLP breakdown of terms                                               ---
--------------------------------------------------------------------------------
CHEMPLP = - ( 1.0000*S(PLP) + -3.0000*S(hbond) + -6.0000*S(metal) + -3.0000*S(cho) )

Score = CHEMPLP - 1.0000*DE(clash) - 2.0000*DE(tors)


--------------------------------------------------------------------------------


--------------------------------------------------------------------------------
--- PLP analysis of protein-ligand interactions                              ---
--------------------------------------------------------------------------------
hydrogen bonding        :      -2.81
metal                   :       0.00
buried (polar-nonpolar) :       2.12
nonpolar                :     -34.21
repulsive               :       6.33
--------------------------------------------------------------------------------


--------------------------------------------------------------------------------
--- ChemScore analysis of protein-ligand interactions                        ---
--------------------------------------------------------------------------------

* Hydrogen bonds                                                                
Ligand donor    8 hydrogen   22 Protein acceptor 9061 bond energy  1.00 wt 1.00


* CH..O interactions                                                            
  CH group selection                       : activated ring CH (adjacent to hetatom)

--------------------------------------------------------------------------------


--------------------------------------------------------------------------------
--- Intra-ligand clashes                                                     ---
--------------------------------------------------------------------------------

Ligand
  7 (C7   ) -   3 (C3   ):   1.32 (dist   2.71)
 12 (C12  ) -   4 (C4   ):   1.36 (dist   2.75)
--------------------------------------------------------------------------------


--------------------------------------------------------------------------------
--- Chromosome decoded                                                       ---
--------------------------------------------------------------------------------
Ligand Torsions
[   6    2    1    3]  167.95
[  12    5    1    2] -145.97
Protein Torsions
[12872 12851 12850 12848]  117.56 
[13459 13409 13408 13404]  -43.70 
[5555 5539 5538 5535]    4.11 
[9075 9061 9060 9058]  138.67 
[8987 8971 8970 8967]    7.54 
[8337 8307 8306 8304]  -96.20 
[13454 13411 13410 13408]  148.36 
Mapping
Ligand acceptors to protein hydrogens (mapping then atom ids)
Ligand hydrogens to protein acceptors (mapping then atom ids)
  1  32 [ 22->9061]
Ligand shape atoms to protein points (mapping then atom ids & coords)
  5  1448 [ 13->(117.000 246.750 358.000)]
  6  1375 [ 14->(117.000 245.250 358.750)]
Chromosome values
Integers:
  -1   -1   -1   31   -1   -1   -1   -1   -1 1447 1374   -1 
--------------------------------------------------------------------------------


--------------------------------------------------------------------------------
--- Diverse Solutions Stats                                                  ---
--------------------------------------------------------------------------------
  Move attempts                            :  18662
  Move failures                            :      2
  Failure rate                             :   0.000

--------------------------------------------------------------------------------

Current Ranking  3  2  1  4

--------------------------------------------------------------------------------

* GA execution time :                                                           
  total  0.9491 user  0.9224 sys  0.0267

--------------------------------------------------------------------------------
Fitness function evaluations: 19094

--------------------------------------------------------------------------------
** Docking run number  5 **
--------------------------------------------------------------------------------
  Rank fitness base is 5000.00 ; increment is 11.2233

* Initialising population(s) ...                                                
Number of constraints mappings 0
Number of constraints 0
  Population no.                           :      1
  Population size                          :    100
  Number of duplicates                     :      0
  Number of niche violations               :      0
  Number of errors                         :    435


Doing GA, no. of population(s) 1 size 100 selection pressure 1.100000

 Operation      Fitness  S(hb_ext) S(vdw_ext)  S(hb_int)    S(int)      intcor
         0      45.32      10.56      30.27       0.00     -34.31      -0.76
        22      45.22       3.58      30.38       0.00      -0.69      -0.76
Reordering...
        67      43.37      10.55      29.19       0.00     -34.31      -0.76
Reordering...
       110      43.16       3.52      28.94       0.00      -0.69      -0.76
Reordering...
       268      36.75       5.60      25.38       0.00     -14.57      -0.76
       294      36.69       5.60      25.39       0.00     -14.57      -0.76
       407      38.41      10.47      24.39       0.00     -19.19      -0.76
       726      29.15       5.41      21.30       0.00     -13.89      -0.76
       769      35.18       1.83      26.12       0.00      -6.28      -0.76
      1170      33.52       8.91      24.60       0.00     -15.16      -0.76
      1302      29.70       8.81      22.80       0.00     -15.16      -0.76
Reordering...
      1386      27.51       3.96      19.71       0.00      -4.74      -0.76
      1387      31.13       7.64      23.00       0.00     -10.83      -0.76
      1506      27.74       6.43      18.28       0.00      -4.59      -0.76
      1587      33.31       5.72      22.36       0.00      -3.48      -0.76
      1845      34.04       5.38      22.58       0.00      -2.39      -0.76
      1869      34.23       5.43      22.66       0.00      -2.36      -0.76
      1982      34.28       5.02      22.35       0.00      -1.47      -0.76
      2079      34.32       4.98      22.41       0.00      -1.47      -0.76
--------------------------------------------------------------------------------
Best docking solution after GA:
      2250      34.32       4.98      22.41       0.00      -1.47      -0.76

#ops:       2250 #mutates:   1164 #cross:     1086 #dups:       416 
#niche:     1097 #errors:      53 
--------------------------------------------------------------------------------

Doing AMOEBA simplex on best individual
Done simplexing #iterations 812, best score  39.51

Ligand is stored in gold_soln_ligand_prepared_m1_5.mol2


--------------------------------------------------------------------------------
--- GoldScore breakdown of terms                                             ---
--------------------------------------------------------------------------------
Fitness = S(hb_ext) + 1.3750*S(vdw_ext) + S(hb_int) + 1.0000*S(int)
S(int)  = S(vdw_int) + S(tors)

Internal terms are relative to best energy found (intcor).

--------------------------------------------------------------------------------


     Fitness  S(hb_ext) S(vdw_ext)  S(hb_int)    S(int)      intcor
     39.51       7.28      24.42       0.00      -1.36      -0.76

--------------------------------------------------------------------------------
--- GoldScore analysis of protein-ligand interactions                        ---
--------------------------------------------------------------------------------

  Ligand acceptor   17 Protein hydrogen 9538 donor 9502 bond energy  6.00 wt 0.98
  Ligand donor   10 hydrogen   23 Protein acceptor 9061 bond energy  2.00 wt 0.69

--------------------------------------------------------------------------------

--------------------------------------------------------------------------------
--- Rescoring solution                                                       ---
--------------------------------------------------------------------------------

     Score     S(PLP)   S(hbond)     S(cho)   S(metal)  DE(clash)   DE(tors)
      9.45      -8.10       1.00       0.00       0.00       0.59       0.53

Doing AMOEBA simplex on best individual
Done simplexing #iterations 972, best score  25.35

     Score     S(PLP)   S(hbond)     S(cho)   S(metal)  DE(clash)   DE(tors)
     25.35     -22.55       1.49       0.00       0.00       1.38       0.14

--------------------------------------------------------------------------------
--- CHEMPLP breakdown of terms                                               ---
--------------------------------------------------------------------------------
CHEMPLP = - ( 1.0000*S(PLP) + -3.0000*S(hbond) + -6.0000*S(metal) + -3.0000*S(cho) )

Score = CHEMPLP - 1.0000*DE(clash) - 2.0000*DE(tors)


--------------------------------------------------------------------------------


--------------------------------------------------------------------------------
--- PLP analysis of protein-ligand interactions                              ---
--------------------------------------------------------------------------------
hydrogen bonding        :      -3.99
metal                   :       0.00
buried (polar-nonpolar) :       1.18
nonpolar                :     -22.20
repulsive               :       2.87
--------------------------------------------------------------------------------


--------------------------------------------------------------------------------
--- ChemScore analysis of protein-ligand interactions                        ---
--------------------------------------------------------------------------------

* Hydrogen bonds                                                                
Protein donor 5676 hydrogen 5713 Ligand acceptor   17 bond energy  1.00 wt 0.61
Protein donor 9502 hydrogen 9538 Ligand acceptor   17 bond energy  1.00 wt 0.88


* CH..O interactions                                                            
  CH group selection                       : activated ring CH (adjacent to hetatom)

--------------------------------------------------------------------------------


--------------------------------------------------------------------------------
--- Intra-ligand clashes                                                     ---
--------------------------------------------------------------------------------

Ligand
  7 (C7   ) -   3 (C3   ):   1.38 (dist   2.71)
--------------------------------------------------------------------------------


--------------------------------------------------------------------------------
--- Chromosome decoded                                                       ---
--------------------------------------------------------------------------------
Ligand Torsions
[   6    2    1    3]  166.28
[  12    5    1    2]  174.39
Protein Torsions
[12872 12851 12850 12848]   66.99 
[13459 13409 13408 13404]  136.33 
[5555 5539 5538 5535] -138.45 
[9075 9061 9060 9058]   99.12 
[8987 8971 8970 8967] -148.48 
[8337 8307 8306 8304]  -44.38 
[13454 13411 13410 13408]  -44.20 
Mapping
Ligand acceptors to protein hydrogens (mapping then atom ids)
  3  58 [ 17->9538]
Ligand hydrogens to protein acceptors (mapping then atom ids)
Ligand shape atoms to protein points (mapping then atom ids & coords)
  1  3529 [  5->(122.250 243.750 355.500)]
  4  4164 [ 12->(122.750 245.500 353.750)]
  6  4535 [ 14->(123.000 250.000 357.750)]
  7  2424 [ 16->(120.250 247.500 357.500)]
Chromosome values
Integers:
  -1   -1   57   -1   -1 3528   -1   -1 4163   -1 4534 2423 
--------------------------------------------------------------------------------


--------------------------------------------------------------------------------
--- Diverse Solutions Stats                                                  ---
--------------------------------------------------------------------------------
  Move attempts                            :  19000
  Move failures                            :      8
  Failure rate                             :   0.000

--------------------------------------------------------------------------------

Current Ranking  3  2  5  1  4

--------------------------------------------------------------------------------

* GA execution time :                                                           
  total  0.9465 user  0.9263 sys  0.0203

--------------------------------------------------------------------------------
Fitness function evaluations: 19480

--------------------------------------------------------------------------------
** Docking run number  6 **
--------------------------------------------------------------------------------
  Rank fitness base is 5000.00 ; increment is 11.2233

* Initialising population(s) ...                                                
Number of constraints mappings 0
Number of constraints 0
  Population no.                           :      1
  Population size                          :    100
  Number of duplicates                     :      0
  Number of niche violations               :      0
  Number of errors                         :    392


Doing GA, no. of population(s) 1 size 100 selection pressure 1.100000

 Operation      Fitness  S(hb_ext) S(vdw_ext)  S(hb_int)    S(int)      intcor
         0      51.04       4.96      33.81       0.00      -2.07      -0.76
Reordering...
      1139      28.39       5.30      17.63       0.00      -2.00      -0.76
      1160      28.36       5.30      17.63       0.00      -2.00      -0.76
      1448      28.23       6.08      17.25       0.00      -2.00      -0.76
      1653      28.03       5.82      17.32       0.00      -1.66      -0.76
      1894      28.00       5.71      17.42       0.00      -1.66      -0.76
      2223      28.97       4.95      18.68       0.00      -1.67      -0.76
--------------------------------------------------------------------------------
Best docking solution after GA:
      2250      28.97       4.95      18.68       0.00      -1.67      -0.76

#ops:       2250 #mutates:   1160 #cross:     1090 #dups:       413 
#niche:     1094 #errors:      60 
--------------------------------------------------------------------------------

Doing AMOEBA simplex on best individual
Done simplexing #iterations 1052, best score  36.93

Ligand is stored in gold_soln_ligand_prepared_m1_6.mol2


--------------------------------------------------------------------------------
--- GoldScore breakdown of terms                                             ---
--------------------------------------------------------------------------------
Fitness = S(hb_ext) + 1.3750*S(vdw_ext) + S(hb_int) + 1.0000*S(int)
S(int)  = S(vdw_int) + S(tors)

Internal terms are relative to best energy found (intcor).

--------------------------------------------------------------------------------


     Fitness  S(hb_ext) S(vdw_ext)  S(hb_int)    S(int)      intcor
     36.93       2.01      25.71       0.00      -0.44      -0.76

--------------------------------------------------------------------------------
--- GoldScore analysis of protein-ligand interactions                        ---
--------------------------------------------------------------------------------

  Ligand acceptor   17 Protein hydrogen 5588 donor 5563 bond energy  2.00 wt 0.03
  Ligand acceptor   17 Protein hydrogen 5713 donor 5676 bond energy  6.00 wt 0.12
  Ligand acceptor   11 Protein hydrogen 9075 donor 9061 bond energy  2.00 wt 0.10
  Ligand acceptor   17 Protein hydrogen 9538 donor 9502 bond energy  6.00 wt 0.15
  Ligand donor   10 hydrogen   23 Protein acceptor 9337 bond energy  6.00 wt 0.02

--------------------------------------------------------------------------------

--------------------------------------------------------------------------------
--- Rescoring solution                                                       ---
--------------------------------------------------------------------------------

     Score     S(PLP)   S(hbond)     S(cho)   S(metal)  DE(clash)   DE(tors)
     10.05      -8.49       1.50       0.00       0.00       0.00       1.46

Doing AMOEBA simplex on best individual
Done simplexing #iterations 942, best score  25.19

     Score     S(PLP)   S(hbond)     S(cho)   S(metal)  DE(clash)   DE(tors)
     25.19     -22.87       1.73       0.00       0.00       0.00       1.43

--------------------------------------------------------------------------------
--- CHEMPLP breakdown of terms                                               ---
--------------------------------------------------------------------------------
CHEMPLP = - ( 1.0000*S(PLP) + -3.0000*S(hbond) + -6.0000*S(metal) + -3.0000*S(cho) )

Score = CHEMPLP - 1.0000*DE(clash) - 2.0000*DE(tors)


--------------------------------------------------------------------------------


--------------------------------------------------------------------------------
--- PLP analysis of protein-ligand interactions                              ---
--------------------------------------------------------------------------------
hydrogen bonding        :      -4.64
metal                   :       0.00
buried (polar-nonpolar) :       6.57
nonpolar                :     -30.83
repulsive               :       6.82
--------------------------------------------------------------------------------


--------------------------------------------------------------------------------
--- ChemScore analysis of protein-ligand interactions                        ---
--------------------------------------------------------------------------------

* Hydrogen bonds                                                                
Ligand donor   10 hydrogen   23 Protein acceptor 9337 bond energy  1.00 wt 0.34
Protein donor 5676 hydrogen 5713 Ligand acceptor   17 bond energy  1.00 wt 0.52
Protein donor 9502 hydrogen 9538 Ligand acceptor   17 bond energy  1.00 wt 0.86


* CH..O interactions                                                            
  CH group selection                       : activated ring CH (adjacent to hetatom)

--------------------------------------------------------------------------------


--------------------------------------------------------------------------------
--- Intra-ligand clashes                                                     ---
--------------------------------------------------------------------------------

Ligand
--------------------------------------------------------------------------------


--------------------------------------------------------------------------------
--- Chromosome decoded                                                       ---
--------------------------------------------------------------------------------
Ligand Torsions
[   6    2    1    3]  -88.02
[  12    5    1    2] -165.61
Protein Torsions
[12872 12851 12850 12848]   68.43 
[13459 13409 13408 13404]  155.55 
[5555 5539 5538 5535]  -52.59 
[9075 9061 9060 9058]  -13.41 
[8987 8971 8970 8967]   47.55 
[8337 8307 8306 8304] -153.99 
[13454 13411 13410 13408] -161.54 
Mapping
Ligand acceptors to protein hydrogens (mapping then atom ids)
Ligand hydrogens to protein acceptors (mapping then atom ids)
  2  37 [ 23->9337]
Ligand shape atoms to protein points (mapping then atom ids & coords)
  1  3201 [  5->(121.750 245.000 356.000)]
  4  3835 [ 12->(122.500 244.500 354.750)]
  5  2414 [ 13->(120.250 246.750 358.000)]
  6  2189 [ 14->(119.750 246.000 359.000)]
  7  2198 [ 16->(119.750 246.500 357.750)]
Chromosome values
Integers:
  -1   -1   -1   -1   36 3200   -1   -1 3834 2413 2188 2197 
--------------------------------------------------------------------------------


--------------------------------------------------------------------------------
--- Diverse Solutions Stats                                                  ---
--------------------------------------------------------------------------------
  Move attempts                            :  19307
  Move failures                            :     11
  Failure rate                             :   0.001

--------------------------------------------------------------------------------

Current Ranking  3  2  5  6  1  4

--------------------------------------------------------------------------------

* GA execution time :                                                           
  total  0.9336 user  0.9220 sys  0.0116

--------------------------------------------------------------------------------
Fitness function evaluations: 19749

--------------------------------------------------------------------------------
** Docking run number  7 **
--------------------------------------------------------------------------------
  Rank fitness base is 5000.00 ; increment is 11.2233

* Initialising population(s) ...                                                
Number of constraints mappings 0
Number of constraints 0
  Population no.                           :      1
  Population size                          :    100
  Number of duplicates                     :      0
  Number of niche violations               :      0
  Number of errors                         :    477


Doing GA, no. of population(s) 1 size 100 selection pressure 1.100000

 Operation      Fitness  S(hb_ext) S(vdw_ext)  S(hb_int)    S(int)      intcor
         0      43.85      10.72      30.59       0.00     -44.68      -0.76
       184      39.58       6.00      26.50       0.00     -12.03      -0.76
Reordering...
       201      37.62      10.64      27.47       0.00     -44.68      -0.76
       223      41.01       7.56      25.20       0.00      -4.87      -0.76
       349      39.33       8.28      23.55       0.00      -4.87      -0.76
       448      45.23      11.01      25.97       0.00      -4.87      -0.76
       811      37.80      11.01      20.64       0.00      -3.71      -0.76
       996      35.45      11.01      19.17       0.00      -3.71      -0.76
      1009      38.26      11.01      20.60       0.00      -2.09      -0.76
      1189      36.64      11.01      19.57       0.00      -2.05      -0.76
      1350      33.03      11.01      17.09       0.00      -2.05      -0.76
      1685      26.85      11.01      12.99       0.00      -2.05      -0.76
      1723      27.30      11.01      14.12       0.00      -3.13      -0.76
      2088      27.30      11.01      14.12       0.00      -3.13      -0.76
--------------------------------------------------------------------------------
Best docking solution after GA:
      2250      27.30      11.01      14.12       0.00      -3.13      -0.76

#ops:       2250 #mutates:   1111 #cross:     1139 #dups:       434 
#niche:     1042 #errors:      77 
--------------------------------------------------------------------------------

Doing AMOEBA simplex on best individual
Done simplexing #iterations 835, best score  45.01

Ligand is stored in gold_soln_ligand_prepared_m1_7.mol2


--------------------------------------------------------------------------------
--- GoldScore breakdown of terms                                             ---
--------------------------------------------------------------------------------
Fitness = S(hb_ext) + 1.3750*S(vdw_ext) + S(hb_int) + 1.0000*S(int)
S(int)  = S(vdw_int) + S(tors)

Internal terms are relative to best energy found (intcor).

--------------------------------------------------------------------------------


     Fitness  S(hb_ext) S(vdw_ext)  S(hb_int)    S(int)      intcor
     45.01      10.80      26.19       0.00      -1.80      -0.76

--------------------------------------------------------------------------------
--- GoldScore analysis of protein-ligand interactions                        ---
--------------------------------------------------------------------------------

  Ligand acceptor   17 Protein hydrogen 8461 donor 8438 bond energy  2.00 wt 0.45
  Ligand acceptor   11 Protein metal coordination point 13534 metal 13284 bond energy 10.00 wt 0.99

--------------------------------------------------------------------------------

--------------------------------------------------------------------------------
--- Rescoring solution                                                       ---
--------------------------------------------------------------------------------

     Score     S(PLP)   S(hbond)     S(cho)   S(metal)  DE(clash)   DE(tors)
    -11.46      14.96       0.12       0.00       1.00       1.43       0.71

Doing AMOEBA simplex on best individual
Done simplexing #iterations 775, best score  30.37

     Score     S(PLP)   S(hbond)     S(cho)   S(metal)  DE(clash)   DE(tors)
     30.37     -27.22       0.00       0.00       1.00       1.37       0.74

--------------------------------------------------------------------------------
--- CHEMPLP breakdown of terms                                               ---
--------------------------------------------------------------------------------
CHEMPLP = - ( 1.0000*S(PLP) + -3.0000*S(hbond) + -6.0000*S(metal) + -3.0000*S(cho) )

Score = CHEMPLP - 1.0000*DE(clash) - 2.0000*DE(tors)


--------------------------------------------------------------------------------


--------------------------------------------------------------------------------
--- PLP analysis of protein-ligand interactions                              ---
--------------------------------------------------------------------------------
hydrogen bonding        :      -2.41
metal                   :      -1.00
buried (polar-nonpolar) :      23.96
nonpolar                :     -52.40
repulsive               :       3.32
--------------------------------------------------------------------------------


--------------------------------------------------------------------------------
--- ChemScore analysis of protein-ligand interactions                        ---
--------------------------------------------------------------------------------

* Hydrogen bonds                                                                
Ligand acceptor   11 Protein metal                  13284 bond energy  1.00 wt 1.00


* CH..O interactions                                                            
  CH group selection                       : activated ring CH (adjacent to hetatom)

--------------------------------------------------------------------------------


--------------------------------------------------------------------------------
--- Intra-ligand clashes                                                     ---
--------------------------------------------------------------------------------

Ligand
  6 (C6   ) -   4 (C4   ):   1.37 (dist   2.71)
--------------------------------------------------------------------------------


--------------------------------------------------------------------------------
--- Chromosome decoded                                                       ---
--------------------------------------------------------------------------------
Ligand Torsions
[   6    2    1    3] -101.30
[  12    5    1    2] -162.10
Protein Torsions
[12872 12851 12850 12848]  -64.60 
[13459 13409 13408 13404]  115.41 
[5555 5539 5538 5535]   33.91 
[9075 9061 9060 9058]   45.83 
[8987 8971 8970 8967]  122.43 
[8337 8307 8306 8304]  -65.94 
[13454 13411 13410 13408]   88.42 
Mapping
Ligand acceptors to protein hydrogens (mapping then atom ids)
  3  38 [ 17->8461]
Ligand hydrogens to protein acceptors (mapping then atom ids)
Ligand shape atoms to protein points (mapping then atom ids & coords)
  1   524 [  5->(115.750 244.000 359.250)]
  6  2418 [ 14->(120.250 247.000 357.750)]
Chromosome values
Integers:
  -1   -1   37   -1   -1  523   -1   -1   -1   -1 2417   -1 
--------------------------------------------------------------------------------


--------------------------------------------------------------------------------
--- Diverse Solutions Stats                                                  ---
--------------------------------------------------------------------------------
  Move attempts                            :  18870
  Move failures                            :     54
  Failure rate                             :   0.003

--------------------------------------------------------------------------------

Current Ranking  7  3  2  5  6  1  4

--------------------------------------------------------------------------------

* GA execution time :                                                           
  total  1.0087 user  0.9946 sys  0.0142

--------------------------------------------------------------------------------
Fitness function evaluations: 19368

--------------------------------------------------------------------------------
** Docking run number  8 **
--------------------------------------------------------------------------------
  Rank fitness base is 5000.00 ; increment is 11.2233

* Initialising population(s) ...                                                
Number of constraints mappings 0
Number of constraints 0
  Population no.                           :      1
  Population size                          :    100
  Number of duplicates                     :      0
  Number of niche violations               :      0
  Number of errors                         :    433


Doing GA, no. of population(s) 1 size 100 selection pressure 1.100000

 Operation      Fitness  S(hb_ext) S(vdw_ext)  S(hb_int)    S(int)      intcor
         0      36.72       0.58      28.09       0.00     -12.43      -0.76
        59      41.19       1.12      31.36       0.00     -14.64      -0.76
       114      39.00       1.08      29.94       0.00     -14.64      -0.76
       137      38.08       2.07      27.89       0.00     -10.29      -0.76
       185      38.31       2.07      28.13       0.00     -10.29      -0.76
       289      36.26       2.28      26.68       0.00     -10.29      -0.76
       617      30.71       2.33      23.34       0.00     -10.29      -0.76
       781      35.83       3.86      24.11       0.00      -2.82      -0.76
      1362      30.13       2.75      20.62       0.00      -1.35      -0.76
      1492      29.32       2.53      20.29       0.00      -1.35      -0.76
--------------------------------------------------------------------------------
Best docking solution after GA:
      2250      28.70       2.15      20.29       0.00      -1.35      -0.76

#ops:       2250 #mutates:   1110 #cross:     1140 #dups:       428 
#niche:     1027 #errors:      77 
--------------------------------------------------------------------------------

Doing AMOEBA simplex on best individual
Done simplexing #iterations 1012, best score  37.26

Ligand is stored in gold_soln_ligand_prepared_m1_8.mol2


--------------------------------------------------------------------------------
--- GoldScore breakdown of terms                                             ---
--------------------------------------------------------------------------------
Fitness = S(hb_ext) + 1.3750*S(vdw_ext) + S(hb_int) + 1.0000*S(int)
S(int)  = S(vdw_int) + S(tors)

Internal terms are relative to best energy found (intcor).

--------------------------------------------------------------------------------


     Fitness  S(hb_ext) S(vdw_ext)  S(hb_int)    S(int)      intcor
     37.26       0.71      27.37       0.00      -1.08      -0.76

--------------------------------------------------------------------------------
--- GoldScore analysis of protein-ligand interactions                        ---
--------------------------------------------------------------------------------

  Ligand acceptor   17 Protein metal coordination point 13534 metal 13284 bond energy 10.00 wt 0.07

--------------------------------------------------------------------------------

--------------------------------------------------------------------------------
--- Rescoring solution                                                       ---
--------------------------------------------------------------------------------

     Score     S(PLP)   S(hbond)     S(cho)   S(metal)  DE(clash)   DE(tors)
     -7.21       6.86       0.00       0.00       0.23       0.73       0.49

Doing AMOEBA simplex on best individual
Done simplexing #iterations 1422, best score  19.51

     Score     S(PLP)   S(hbond)     S(cho)   S(metal)  DE(clash)   DE(tors)
     19.51     -22.41       0.00       0.00       0.00       0.53       1.18

--------------------------------------------------------------------------------
--- CHEMPLP breakdown of terms                                               ---
--------------------------------------------------------------------------------
CHEMPLP = - ( 1.0000*S(PLP) + -3.0000*S(hbond) + -6.0000*S(metal) + -3.0000*S(cho) )

Score = CHEMPLP - 1.0000*DE(clash) - 2.0000*DE(tors)


--------------------------------------------------------------------------------


--------------------------------------------------------------------------------
--- PLP analysis of protein-ligand interactions                              ---
--------------------------------------------------------------------------------
hydrogen bonding        :      -1.73
metal                   :       0.00
buried (polar-nonpolar) :       7.94
nonpolar                :     -30.08
repulsive               :       0.64
--------------------------------------------------------------------------------


--------------------------------------------------------------------------------
--- ChemScore analysis of protein-ligand interactions                        ---
--------------------------------------------------------------------------------

* Hydrogen bonds                                                                


* CH..O interactions                                                            
  CH group selection                       : activated ring CH (adjacent to hetatom)

--------------------------------------------------------------------------------


--------------------------------------------------------------------------------
--- Intra-ligand clashes                                                     ---
--------------------------------------------------------------------------------

Ligand
  7 (C7   ) -   3 (C3   ):   0.53 (dist   2.74)
--------------------------------------------------------------------------------


--------------------------------------------------------------------------------
--- Chromosome decoded                                                       ---
--------------------------------------------------------------------------------
Ligand Torsions
[   6    2    1    3]  160.74
[  12    5    1    2]  171.29
Protein Torsions
[12872 12851 12850 12848]  130.18 
[13459 13409 13408 13404]   61.69 
[5555 5539 5538 5535]  -67.87 
[9075 9061 9060 9058]   70.70 
[8987 8971 8970 8967]   10.60 
[8337 8307 8306 8304]  -73.58 
[13454 13411 13410 13408]  -74.78 
Mapping
Ligand acceptors to protein hydrogens (mapping then atom ids)
  3  60 [ 17->13534]
Ligand hydrogens to protein acceptors (mapping then atom ids)
Ligand shape atoms to protein points (mapping then atom ids & coords)
  3  2286 [  7->(120.000 246.250 358.000)]
  6  4429 [ 14->(123.000 245.000 353.250)]
Chromosome values
Integers:
  -1   -1   59   -1   -1   -1   -1 2285   -1   -1 4428   -1 
--------------------------------------------------------------------------------


--------------------------------------------------------------------------------
--- Diverse Solutions Stats                                                  ---
--------------------------------------------------------------------------------
  Move attempts                            :  19853
  Move failures                            :     51
  Failure rate                             :   0.003

--------------------------------------------------------------------------------

Current Ranking  7  3  2  5  8  6  1  4

--------------------------------------------------------------------------------

* GA execution time :                                                           
  total  0.9630 user  0.9630 sys  0.0000

--------------------------------------------------------------------------------
Fitness function evaluations: 20312

--------------------------------------------------------------------------------
** Docking run number  9 **
--------------------------------------------------------------------------------
  Rank fitness base is 5000.00 ; increment is 11.2233

* Initialising population(s) ...                                                
Number of constraints mappings 0
Number of constraints 0
  Population no.                           :      1
  Population size                          :    100
  Number of duplicates                     :      0
  Number of niche violations               :      0
  Number of errors                         :    423


Doing GA, no. of population(s) 1 size 100 selection pressure 1.100000

 Operation      Fitness  S(hb_ext) S(vdw_ext)  S(hb_int)    S(int)      intcor
         0      46.79       3.84      34.14       0.00     -20.03      -0.76
       158      42.57       3.77      31.60       0.00     -20.03      -0.76
       253      42.92       1.59      30.72       0.00      -3.63      -0.76
       467      38.56       1.34      27.89       0.00      -3.63      -0.76
Reordering...
       804      29.75       3.43      20.42       0.00      -4.11      -0.76
Reordering...
      1139      25.94       0.15      22.17       0.00      -8.05      -0.76
Reordering...
      1166      25.74       2.93      18.41       0.00      -4.11      -0.76
      1197      32.50       3.19      22.82       0.00      -3.32      -0.76
      1632      30.83       2.53      22.87       0.00      -3.32      -0.76
      1906      30.64       2.43      22.87       0.00      -3.23      -0.76
--------------------------------------------------------------------------------
Best docking solution after GA:
      2250      30.64       2.43      22.87       0.00      -3.23      -0.76

#ops:       2250 #mutates:   1098 #cross:     1152 #dups:       397 
#niche:     1143 #errors:      78 
--------------------------------------------------------------------------------

Doing AMOEBA simplex on best individual
Done simplexing #iterations 658, best score  33.28

Ligand is stored in gold_soln_ligand_prepared_m1_9.mol2


--------------------------------------------------------------------------------
--- GoldScore breakdown of terms                                             ---
--------------------------------------------------------------------------------
Fitness = S(hb_ext) + 1.3750*S(vdw_ext) + S(hb_int) + 1.0000*S(int)
S(int)  = S(vdw_int) + S(tors)

Internal terms are relative to best energy found (intcor).

--------------------------------------------------------------------------------


     Fitness  S(hb_ext) S(vdw_ext)  S(hb_int)    S(int)      intcor
     33.28       1.97      24.27       0.00      -2.06      -0.76

--------------------------------------------------------------------------------
--- GoldScore analysis of protein-ligand interactions                        ---
--------------------------------------------------------------------------------

  Ligand acceptor   11 Protein hydrogen 5588 donor 5563 bond energy  2.00 wt 0.07
  Ligand acceptor   11 Protein hydrogen 9536 donor 9501 bond energy  6.00 wt 0.31

--------------------------------------------------------------------------------

--------------------------------------------------------------------------------
--- Rescoring solution                                                       ---
--------------------------------------------------------------------------------

     Score     S(PLP)   S(hbond)     S(cho)   S(metal)  DE(clash)   DE(tors)
      0.77      -1.55       0.21       0.00       0.00       1.38       0.01

Doing AMOEBA simplex on best individual
Done simplexing #iterations 946, best score  14.00

     Score     S(PLP)   S(hbond)     S(cho)   S(metal)  DE(clash)   DE(tors)
     14.00     -14.60       0.27       0.00       0.00       1.37       0.01

--------------------------------------------------------------------------------
--- CHEMPLP breakdown of terms                                               ---
--------------------------------------------------------------------------------
CHEMPLP = - ( 1.0000*S(PLP) + -3.0000*S(hbond) + -6.0000*S(metal) + -3.0000*S(cho) )

Score = CHEMPLP - 1.0000*DE(clash) - 2.0000*DE(tors)


--------------------------------------------------------------------------------


--------------------------------------------------------------------------------
--- PLP analysis of protein-ligand interactions                              ---
--------------------------------------------------------------------------------
hydrogen bonding        :      -1.00
metal                   :       0.00
buried (polar-nonpolar) :      -1.99
nonpolar                :     -24.00
repulsive               :      11.58
--------------------------------------------------------------------------------


--------------------------------------------------------------------------------
--- ChemScore analysis of protein-ligand interactions                        ---
--------------------------------------------------------------------------------

* Hydrogen bonds                                                                
Protein donor 5676 hydrogen 5712 Ligand acceptor   17 bond energy  1.00 wt 0.27


* CH..O interactions                                                            
  CH group selection                       : activated ring CH (adjacent to hetatom)

--------------------------------------------------------------------------------


--------------------------------------------------------------------------------
--- Intra-ligand clashes                                                     ---
--------------------------------------------------------------------------------

Ligand
  7 (C7   ) -   3 (C3   ):   1.37 (dist   2.71)
--------------------------------------------------------------------------------


--------------------------------------------------------------------------------
--- Chromosome decoded                                                       ---
--------------------------------------------------------------------------------
Ligand Torsions
[   6    2    1    3]  174.07
[  12    5    1    2]  179.47
Protein Torsions
[12872 12851 12850 12848]   19.83 
[13459 13409 13408 13404]  -11.69 
[5555 5539 5538 5535]  121.43 
[9075 9061 9060 9058]  -93.06 
[8987 8971 8970 8967]   24.69 
[8337 8307 8306 8304]   -6.28 
[13454 13411 13410 13408]  -70.37 
Mapping
Ligand acceptors to protein hydrogens (mapping then atom ids)
  2  24 [ 11->9536]
Ligand hydrogens to protein acceptors (mapping then atom ids)
Ligand shape atoms to protein points (mapping then atom ids & coords)
  1  3354 [  5->(122.000 244.500 355.750)]
  2  2578 [  6->(120.750 244.750 359.000)]
  6  2618 [ 14->(120.750 245.500 359.750)]
Chromosome values
Integers:
  -1   23   -1   -1   -1 3353 2577   -1   -1   -1 2617   -1 
--------------------------------------------------------------------------------


--------------------------------------------------------------------------------
--- Diverse Solutions Stats                                                  ---
--------------------------------------------------------------------------------
  Move attempts                            :  18969
  Move failures                            :    508
  Failure rate                             :   0.027

--------------------------------------------------------------------------------

Current Ranking  7  3  2  5  8  6  9  1  4

--------------------------------------------------------------------------------

* GA execution time :                                                           
  total  0.8963 user  0.8903 sys  0.0059

--------------------------------------------------------------------------------
Fitness function evaluations: 19416

--------------------------------------------------------------------------------
** Docking run number 10 **
--------------------------------------------------------------------------------
  Rank fitness base is 5000.00 ; increment is 11.2233

* Initialising population(s) ...                                                
Number of constraints mappings 0
Number of constraints 0
  Population no.                           :      1
  Population size                          :    100
  Number of duplicates                     :      0
  Number of niche violations               :      0
  Number of errors                         :    407


Doing GA, no. of population(s) 1 size 100 selection pressure 1.100000

 Operation      Fitness  S(hb_ext) S(vdw_ext)  S(hb_int)    S(int)      intcor
         0      38.50       6.13      25.05       0.00     -10.41      -0.76
        24      47.25       6.01      31.11       0.00      -7.51      -0.76
        74      45.57       3.79      33.60       0.00     -20.71      -0.76
       142      43.98       3.73      32.74       0.00     -21.03      -0.76
       187      43.80       3.73      32.76       0.00     -21.03      -0.76
       291      47.23      10.56      28.68       0.00     -10.52      -0.76
       521      43.78       2.89      32.92       0.00     -13.51      -0.76
       683      39.57       3.92      28.86       0.00     -10.52      -0.76
Reordering...
       871      33.84       2.58      27.19       0.00     -13.51      -0.76
      1004      31.57       2.92      25.89       0.00     -13.51      -0.76
Reordering...
      1005      30.19       2.46      25.22       0.00     -13.51      -0.76
Reordering...
      1139      26.38       4.56      18.01       0.00      -5.04      -0.76
      1153      27.01       6.15      15.49       0.00      -0.73      -0.76
      1226      31.18       4.03      25.98       0.00     -13.51      -0.76
      1321      29.16       3.98      25.24       0.00     -13.51      -0.76
Reordering...
      1474      25.50       6.07      14.57       0.00      -0.73      -0.76
      1525      27.24       3.77      20.72       0.00      -5.89      -0.76
Reordering...
      1541      26.11       4.25      18.00       0.00      -3.32      -0.76
      1717      25.69       4.12      18.04       0.00      -3.23      -0.76
--------------------------------------------------------------------------------
Best docking solution after GA:
      2250      25.69       4.12      18.04       0.00      -3.23      -0.76

#ops:       2250 #mutates:   1079 #cross:     1171 #dups:       386 
#niche:     1183 #errors:      58 
--------------------------------------------------------------------------------

Doing AMOEBA simplex on best individual
Done simplexing #iterations 698, best score  28.63

Ligand is stored in gold_soln_ligand_prepared_m1_10.mol2


--------------------------------------------------------------------------------
--- GoldScore breakdown of terms                                             ---
--------------------------------------------------------------------------------
Fitness = S(hb_ext) + 1.3750*S(vdw_ext) + S(hb_int) + 1.0000*S(int)
S(int)  = S(vdw_int) + S(tors)

Internal terms are relative to best energy found (intcor).

--------------------------------------------------------------------------------


     Fitness  S(hb_ext) S(vdw_ext)  S(hb_int)    S(int)      intcor
     28.63       5.52      18.66       0.00      -2.54      -0.76

--------------------------------------------------------------------------------
--- GoldScore analysis of protein-ligand interactions                        ---
--------------------------------------------------------------------------------

  Ligand donor    8 hydrogen   22 Protein acceptor 9171 bond energy  2.00 wt 0.07
  Ligand donor   10 hydrogen   23 Protein acceptor 13402 bond energy  6.00 wt 0.90

--------------------------------------------------------------------------------

--------------------------------------------------------------------------------
--- Rescoring solution                                                       ---
--------------------------------------------------------------------------------

     Score     S(PLP)   S(hbond)     S(cho)   S(metal)  DE(clash)   DE(tors)
     -0.54       0.61       0.49       0.00       0.00       1.38       0.01

Doing AMOEBA simplex on best individual
Done simplexing #iterations 824, best score  17.84

     Score     S(PLP)   S(hbond)     S(cho)   S(metal)  DE(clash)   DE(tors)
     17.84     -16.78       0.85       0.00       0.00       1.31       0.09

--------------------------------------------------------------------------------
--- CHEMPLP breakdown of terms                                               ---
--------------------------------------------------------------------------------
CHEMPLP = - ( 1.0000*S(PLP) + -3.0000*S(hbond) + -6.0000*S(metal) + -3.0000*S(cho) )

Score = CHEMPLP - 1.0000*DE(clash) - 2.0000*DE(tors)


--------------------------------------------------------------------------------


--------------------------------------------------------------------------------
--- PLP analysis of protein-ligand interactions                              ---
--------------------------------------------------------------------------------
hydrogen bonding        :      -2.85
metal                   :       0.00
buried (polar-nonpolar) :      -1.41
nonpolar                :     -14.96
repulsive               :       3.08
--------------------------------------------------------------------------------


--------------------------------------------------------------------------------
--- ChemScore analysis of protein-ligand interactions                        ---
--------------------------------------------------------------------------------

* Hydrogen bonds                                                                
Protein donor 9501 hydrogen 9536 Ligand acceptor    9 bond energy  1.00 wt 0.85


* CH..O interactions                                                            
  CH group selection                       : activated ring CH (adjacent to hetatom)

--------------------------------------------------------------------------------


--------------------------------------------------------------------------------
--- Intra-ligand clashes                                                     ---
--------------------------------------------------------------------------------

Ligand
  7 (C7   ) -   3 (C3   ):   1.31 (dist   2.71)
--------------------------------------------------------------------------------


--------------------------------------------------------------------------------
--- Chromosome decoded                                                       ---
--------------------------------------------------------------------------------
Ligand Torsions
[   6    2    1    3]  177.31
[  12    5    1    2]  179.64
Protein Torsions
[12872 12851 12850 12848] -171.11 
[13459 13409 13408 13404]  -62.61 
[5555 5539 5538 5535] -179.90 
[9075 9061 9060 9058]   22.32 
[8987 8971 8970 8967]    3.56 
[8337 8307 8306 8304] -145.43 
[13454 13411 13410 13408] -173.94 
Mapping
Ligand acceptors to protein hydrogens (mapping then atom ids)
Ligand hydrogens to protein acceptors (mapping then atom ids)
  2  14 [ 23->13402]
Ligand shape atoms to protein points (mapping then atom ids & coords)
  3  2753 [  7->(121.000 245.750 357.000)]
  7  2354 [ 16->(120.250 245.250 359.250)]
Chromosome values
Integers:
  -1   -1   -1   -1   13   -1   -1 2752   -1   -1   -1 2353 
--------------------------------------------------------------------------------


--------------------------------------------------------------------------------
--- Diverse Solutions Stats                                                  ---
--------------------------------------------------------------------------------
  Move attempts                            :  18864
  Move failures                            :     38
  Failure rate                             :   0.002

--------------------------------------------------------------------------------

Current Ranking  7  3  2  5  8  6  9  1  4 10

--------------------------------------------------------------------------------

* GA execution time :                                                           
  total  0.9173 user  0.9037 sys  0.0136

--------------------------------------------------------------------------------
Fitness function evaluations: 19293

--------------------------------------------------------------------------------
--- Ranking analysis                                                         ---
--------------------------------------------------------------------------------


* Final ranked order of GA solutions:                                           
   7  3  2  5  8  6  9  1  4 10 

  _______________________________
  RMSD Matrix of RANKED solutions

        2    3    4    5    6    7    8    9   10  

   1 :  4.8  4.7  7.1  4.2  7.2  7.3  8.6  5.7  8.1
   2 :       0.2  5.1  4.6  4.6  4.5  6.0  3.0  5.5
   3 :            5.2  4.7  4.7  4.6  6.1  3.1  5.6
   4 :                 5.5  1.9  3.1  3.8  3.9  3.6
   5 :                      5.4  5.5  6.7  4.4  5.7
   6 :                           2.3  4.2  3.3  3.6
   7 :                                3.4  3.9  3.1
   8 :                                     5.4  2.6
   9 :                                          4.0

  Clustering method                        : complete linkage
  Structure ids in cluster table           : rank nos.
  Ordering of clusters and their members   : by rank (order if from rms_analysis)

  Distance | Clusters
   0.23    |  1 |  2  3 |  4 |  5 |  6 |  7 |  8 |  9 | 10 |
   1.86    |  1 |  2  3 |  4  6 |  5 |  7 |  8 |  9 | 10 |
   2.57    |  1 |  2  3 |  4  6 |  5 |  7 |  8 10 |  9 |
   3.10    |  1 |  2  3  9 |  4  6 |  5 |  7 |  8 10 |
   3.11    |  1 |  2  3  9 |  4  6  7 |  5 |  8 10 |
   4.18    |  1 |  2  3  9 |  4  6  7  8 10 |  5 |
   4.22    |  1  5 |  2  3  9 |  4  6  7  8 10 |
   5.67    |  1  2  3  5  9 |  4  6  7  8 10 |
   8.63    |  1  2  3  4  5  6  7  8  9 10 |
  Finished Docking Ligand                  : /mnt/c/Users/ricca/Desktop/Documents/1_Coding/1_Script_Github/Reverse_Docking_Explore_V3/4uch/ligand_prepared.mol2
--------------------------------------------------------------------------------

  Relative_Ligand_Energy (best encountered) :  -0.759
  Relative_Ligand_Energy: fitness values have been corrected using this amount
