
--------------------------------------------------------------------------------
--- Ligand                                                                   ---
--------------------------------------------------------------------------------
  Ligand loaded from file                  : /mnt/c/Users/ricca/Desktop/Documents/1_Coding/1_Script_Github/Reverse_Docking_Explore_V3/4uh5/ligand_prepared.mol2
  Ligand name                              :  
  "CT1002167954                                                             "

--------------------------------------------------------------------------------
  N.plc donors                             : 
  none found

  Acidic nitrogen acceptors                : 
  none found
  Sulfur acceptors                         :
  none found


  Donor atoms                              :      2
  8   10  
  Acceptor atoms                           :      3
  9   11  17  

  Hydrogens                                :  (n = 2)
  22   23   

  Lone pairs added to molecule             :      6
  Numbering                                : from 30 to 35

--------------------------------------------------------------------------------
--- Postprocessing of typing                                                 ---
--------------------------------------------------------------------------------
  Fragment file                            : /home/hitesit/CCDC/Discovery_2022/GOLD/gold/rotatable_bond_override.mol2
  acylurea fragment                        : 2 matches
  Ligand bond 15-8  set to flip
  Ligand bond 15-10  set to flip
  Ligand bond 15-10  set to 1
  Ligand bond 15-8  set to 1
  Ligand bond 10-4  set to flip
  Ligand bond 8-3  set to flip
  thioacylthiourea fragment                : no matches
  acylthiourea fragment                    : no matches
  thioacylurea fragment                    : no matches
  diarylamine fragment >C.ar-NH-C.ar<      : no matches
  sec-amine (1) fragment                   : no matches
  sec-amine (2) fragment                   : no matches
  sec-amine (3) fragment                   : no matches
  carboxylic ester                         : no matches

* Rotatable bonds in /mnt/c/Users/ricca/D  :
  [   1    2] [   1    5] 
  No. of rotatable bonds                   :      2


* Reading torsional distributions from file:
  /home/hitesit/CCDC/Discovery_2022/GOLD/gold/gold.tordist
  No. of bins in torsional distributions   :     36
  Minimum size of largest peak             :      0
  Removing high energy torsions            : on
  Delta E set to                           :   2.500

* Fragments found in /mnt/c/Users/ricca/D  :
  atom   2: benzene
  atom   6: benzene
  atom   7: benzene
  atom  13: benzene
  atom  14: benzene
  atom  16: benzene


* Checking torsion distributions:                                               
  No. of matched torsions                  :      0

--------------------------------------------------------------------------------
--- Shape fitting atoms selection (hydrophobic atoms)                        ---
--------------------------------------------------------------------------------
  Molecule                                 : /mnt/c/Users/ricca/Desktop/Documents/1_Coding/1_Script_Github/Reverse_Docking_Explore_V3/4uh5/ligand_prepared.mol2
  Selection                                : carbons only
  Atom numbers                             :  (n = 7)
  5    6    7    12   13   14   16   

--------------------------------------------------------------------------------
--- Diverse Solutions Setup                                                  ---
--------------------------------------------------------------------------------
  Cluster size                             :      2
  RMSD                                     :   2.000
  Refinement                               :      0


--------------------------------------------------------------------------------
--- ChemScore ligand setup summary                                           ---
--------------------------------------------------------------------------------
  ChemScore ligand acceptors               :      3
  9 11 17 
  ChemScore ligand donors                  :      2
  8 ( 22  ) 10 ( 23  ) 
  ChemScore ligand CH donors               :      0
  

  ChemScore ligand lipophilic atoms        :  (n = 9)
  1    2    5    6    7    12   13   14   16   

  ChemScore ligand rotatable bonds         :      2
  1   (C1 ) - 2   (C2 ): SP3_SP2_BOND
  1   (C1 ) - 5   (C5 ): SP3_SP3_BOND

--------------------------------------------------------------------------------
--- PLP ligand setup summary                                                 ---
--------------------------------------------------------------------------------
    1    C1   C.3 NONPOLAR
    2    C2  C.ar NONPOLAR
    3    C3   C.2 NONPOLAR
    4    C4   C.2 NONPOLAR
    5    C5   C.3 NONPOLAR
    6    C6  C.ar NONPOLAR
    7    C7  C.ar NONPOLAR
    8    N8  N.am DONOR
    9    O9   O.2 ACCEPTOR
   10   N10  N.am DONOR
   11   O11   O.2 ACCEPTOR
   12   C12   C.3 NONPOLAR
   13   C13  C.ar NONPOLAR
   14   C14  C.ar NONPOLAR
   15   C15   C.2 NONPOLAR
   16   C16  C.ar NONPOLAR
   17   O17   O.2 ACCEPTOR

--------------------------------------------------------------------------------
--- Automatic parameter setting                                              ---
--------------------------------------------------------------------------------
  Contribution base                        :   2500
  Contribution per rotatable bond          :   6000
  Contribution per df                      :   4000
  Contribution per water                   :  10000
  Ligand rotatable bonds                   :      2
  Protein flexible side chain bonds        :      0
  Total rotatable bonds                    :      2
  Hydrophobic vol ratio (P/L)              :   2.152
  Base multiplier (polar)                  :   1.000
  Base multiplier (apolar)                 :   3.013
  Base contribution                        : 10000.000
  Fitting points                           :      5
  Estimated maxops needed (optimal)        :  22500
  Autoscale factor (in percent)            :     10
  Scaled maxops                            :   2500

--------------------------------------------------------------------------------

* Population settings                                                           
  maxops                                   :   2500
  popsiz                                   :    100
  select_pressure                          :   1.100
  n_islands                                :      1
  niche_siz                                :      2

* GA settings                                                                   
  pt_crosswt                               :    100
  allele_mutatewt                          :    100
  migratewt                                :      0

* Search settings                                                               
  start_vdw_linear_cutoff                  :   6.000
  initial_virtual_pt_match_max             :   3.000
  Scaling of internal VDW energy           : log scale from  0.2 to    1
                                             over 1875 ops
  Sampling interval (operations)           :     25
  Scaling of virtual pt maximum length     : linear scale from    3 to    2
                                             over  1875 ops
  Sampling interval (operations)           :     75
  Scaling of 4-8 potential cutoff          : log scale from    6 to 1.2e+02
                                             over 1875 ops
  Sampling interval (operations)           :     75

--------------------------------------------------------------------------------

* Ligand initialisation time :                                                  
  total  0.0521 user  0.0000 sys  0.0521

--------------------------------------------------------------------------------

--------------------------------------------------------------------------------
** Docking run number  1 **
--------------------------------------------------------------------------------
  Rank fitness base is 5000.00 ; increment is 11.2233

* Initialising population(s) ...                                                
Number of constraints mappings 0
Number of constraints 0
  Population no.                           :      1
  Population size                          :    100
  Number of duplicates                     :      0
  Number of niche violations               :      0
  Number of errors                         :    232


Doing GA, no. of population(s) 1 size 100 selection pressure 1.100000

 Operation      Fitness  S(hb_ext) S(vdw_ext)  S(hb_int)    S(int)      intcor
         0      46.60       0.00      34.39       0.00      -3.43      -0.87
Reordering...
       375      32.30       6.65      19.44       0.00      -3.94      -0.87
       440      32.51       2.35      22.07       0.00      -0.65      -0.87
       597      32.04       2.26      21.82       0.00      -0.65      -0.87
       641      35.93       0.68      26.92       0.00      -5.13      -0.87
       780      36.29       1.19      26.97       0.00      -5.13      -0.87
      1034      35.64       1.02      26.97       0.00      -5.13      -0.87
      1182      35.15       0.90      26.97       0.00      -5.17      -0.83
      1700      34.05       1.91      24.14       0.00      -1.24      -0.83
      1973      34.04       1.80      24.35       0.00      -1.24      -0.83
      2251      34.28       1.80      24.52       0.00      -1.24      -0.83
      2341      34.59       1.84      24.37       0.00      -0.77      -0.83
--------------------------------------------------------------------------------
Best docking solution after GA:
      2500      34.59       1.84      24.37       0.00      -0.77      -0.83

#ops:       2500 #mutates:   1270 #cross:     1230 #dups:       494 
#niche:     1238 #errors:      39 
--------------------------------------------------------------------------------

Doing AMOEBA simplex on best individual
Done simplexing #iterations 529, best score  37.03

Ligand is stored in gold_soln_ligand_prepared_m1_1.mol2


--------------------------------------------------------------------------------
--- GoldScore breakdown of terms                                             ---
--------------------------------------------------------------------------------
Fitness = S(hb_ext) + 1.3750*S(vdw_ext) + S(hb_int) + 1.0000*S(int)
S(int)  = S(vdw_int) + S(tors)

Internal terms are relative to best energy found (intcor).

--------------------------------------------------------------------------------


     Fitness  S(hb_ext) S(vdw_ext)  S(hb_int)    S(int)      intcor
     37.03       2.49      25.16       0.00      -0.05      -0.76

--------------------------------------------------------------------------------
--- GoldScore analysis of protein-ligand interactions                        ---
--------------------------------------------------------------------------------

  Ligand acceptor    9 Protein hydrogen 9141 donor 9120 bond energy  2.00 wt 0.98
  Ligand donor    8 hydrogen   22 Protein acceptor 9230 bond energy  2.00 wt 0.26

--------------------------------------------------------------------------------

--------------------------------------------------------------------------------
--- Rescoring solution                                                       ---
--------------------------------------------------------------------------------

     Score     S(PLP)   S(hbond)     S(cho)   S(metal)  DE(clash)   DE(tors)
     10.80      -8.93       0.98       0.00       0.00       0.00       0.53

Doing AMOEBA simplex on best individual
Done simplexing #iterations 588, best score  34.82

     Score     S(PLP)   S(hbond)     S(cho)   S(metal)  DE(clash)   DE(tors)
     34.82     -33.13       1.00       0.00       0.00       0.00       0.66

--------------------------------------------------------------------------------
--- CHEMPLP breakdown of terms                                               ---
--------------------------------------------------------------------------------
CHEMPLP = - ( 1.0000*S(PLP) + -3.0000*S(hbond) + -6.0000*S(metal) + -3.0000*S(cho) )

Score = CHEMPLP - 1.0000*DE(clash) - 2.0000*DE(tors)


--------------------------------------------------------------------------------


--------------------------------------------------------------------------------
--- PLP analysis of protein-ligand interactions                              ---
--------------------------------------------------------------------------------
hydrogen bonding        :      -2.22
metal                   :       0.00
buried (polar-nonpolar) :      -6.93
nonpolar                :     -28.57
repulsive               :       3.14
--------------------------------------------------------------------------------


--------------------------------------------------------------------------------
--- ChemScore analysis of protein-ligand interactions                        ---
--------------------------------------------------------------------------------

* Hydrogen bonds                                                                
Protein donor 9120 hydrogen 9141 Ligand acceptor    9 bond energy  1.00 wt 1.00


* CH..O interactions                                                            
  CH group selection                       : activated ring CH (adjacent to hetatom)

--------------------------------------------------------------------------------


--------------------------------------------------------------------------------
--- Intra-ligand clashes                                                     ---
--------------------------------------------------------------------------------

Ligand
--------------------------------------------------------------------------------


--------------------------------------------------------------------------------
--- Chromosome decoded                                                       ---
--------------------------------------------------------------------------------
Ligand Torsions
[   6    2    1    3]  -76.64
[  12    5    1    2] -170.43
Protein Torsions
[9141 9120 9119 9117]  -13.65 
[9040 9030 9029 9026]   68.91 
[8396 8366 8365 8363]  -23.01 
Mapping
Ligand acceptors to protein hydrogens (mapping then atom ids)
  1   6 [  9->9141]
Ligand hydrogens to protein acceptors (mapping then atom ids)
  1  24 [ 22->9230]
Ligand shape atoms to protein points (mapping then atom ids & coords)
  3  2991 [  7->(122.250 245.000 358.250)]
  4  5717 [ 12->(125.250 245.250 356.250)]
  5  2788 [ 13->(121.750 245.250 358.250)]
  7  2716 [ 16->(121.500 245.750 358.000)]
Chromosome values
Integers:
   5   -1   -1   23   -1   -1   -1 2990 5716 2787   -1 2715 
--------------------------------------------------------------------------------


--------------------------------------------------------------------------------
--- Diverse Solutions Stats                                                  ---
--------------------------------------------------------------------------------
  Move attempts                            :  15652
  Move failures                            :      0
  Failure rate                             :   0.000

--------------------------------------------------------------------------------

Current Ranking  1

--------------------------------------------------------------------------------

* GA execution time :                                                           
  total  1.0498 user  0.9231 sys  0.1267

--------------------------------------------------------------------------------
Fitness function evaluations: 15924

--------------------------------------------------------------------------------
** Docking run number  2 **
--------------------------------------------------------------------------------
  Rank fitness base is 5000.00 ; increment is 11.2233

* Initialising population(s) ...                                                
Number of constraints mappings 0
Number of constraints 0
  Population no.                           :      1
  Population size                          :    100
  Number of duplicates                     :      0
  Number of niche violations               :      0
  Number of errors                         :    222


Doing GA, no. of population(s) 1 size 100 selection pressure 1.100000

 Operation      Fitness  S(hb_ext) S(vdw_ext)  S(hb_int)    S(int)      intcor
         0      34.88       0.66      26.14       0.00      -8.66      -0.76
        12      39.03       1.96      29.10       0.00     -14.69      -0.76
        21      39.13       1.96      29.17       0.00     -14.69      -0.76
        40      42.79       1.96      30.12       0.00      -2.82      -0.76
        91      42.05       1.94      29.54       0.00      -2.37      -0.76
       131      42.65       2.49      29.66       0.00      -2.82      -0.76
      1722      31.69       4.33      20.58       0.00      -1.09      -0.76
      1772      31.71       4.31      20.63       0.00      -1.09      -0.76
      2432      31.83       2.83      21.88       0.00      -1.09      -0.76
--------------------------------------------------------------------------------
Best docking solution after GA:
      2500      31.83       2.83      21.88       0.00      -1.09      -0.76

#ops:       2500 #mutates:   1259 #cross:     1241 #dups:       534 
#niche:     1089 #errors:      57 
--------------------------------------------------------------------------------

Doing AMOEBA simplex on best individual
Done simplexing #iterations 653, best score  36.66

Ligand is stored in gold_soln_ligand_prepared_m1_2.mol2


--------------------------------------------------------------------------------
--- GoldScore breakdown of terms                                             ---
--------------------------------------------------------------------------------
Fitness = S(hb_ext) + 1.3750*S(vdw_ext) + S(hb_int) + 1.0000*S(int)
S(int)  = S(vdw_int) + S(tors)

Internal terms are relative to best energy found (intcor).

--------------------------------------------------------------------------------


     Fitness  S(hb_ext) S(vdw_ext)  S(hb_int)    S(int)      intcor
     36.66       0.15      26.98       0.00      -0.60      -0.76

--------------------------------------------------------------------------------
--- GoldScore analysis of protein-ligand interactions                        ---
--------------------------------------------------------------------------------

  Ligand donor    8 hydrogen   22 Protein acceptor 9396 bond energy  6.00 wt 0.02
  Ligand donor   10 hydrogen   23 Protein acceptor 5623 bond energy  2.00 wt 0.02

--------------------------------------------------------------------------------

--------------------------------------------------------------------------------
--- Rescoring solution                                                       ---
--------------------------------------------------------------------------------

     Score     S(PLP)   S(hbond)     S(cho)   S(metal)  DE(clash)   DE(tors)
      9.13      -7.97       1.00       0.00       0.00       0.12       0.86

Doing AMOEBA simplex on best individual
Done simplexing #iterations 964, best score  27.99

     Score     S(PLP)   S(hbond)     S(cho)   S(metal)  DE(clash)   DE(tors)
     27.99     -27.52       0.80       0.00       0.00       1.14       0.39

--------------------------------------------------------------------------------
--- CHEMPLP breakdown of terms                                               ---
--------------------------------------------------------------------------------
CHEMPLP = - ( 1.0000*S(PLP) + -3.0000*S(hbond) + -6.0000*S(metal) + -3.0000*S(cho) )

Score = CHEMPLP - 1.0000*DE(clash) - 2.0000*DE(tors)


--------------------------------------------------------------------------------


--------------------------------------------------------------------------------
--- PLP analysis of protein-ligand interactions                              ---
--------------------------------------------------------------------------------
hydrogen bonding        :      -4.82
metal                   :       0.00
buried (polar-nonpolar) :      -0.31
nonpolar                :     -24.71
repulsive               :       0.77
--------------------------------------------------------------------------------


--------------------------------------------------------------------------------
--- ChemScore analysis of protein-ligand interactions                        ---
--------------------------------------------------------------------------------

* Hydrogen bonds                                                                
Ligand donor    8 hydrogen   22 Protein acceptor 9396 bond energy  1.00 wt 0.80


* CH..O interactions                                                            
  CH group selection                       : activated ring CH (adjacent to hetatom)

--------------------------------------------------------------------------------


--------------------------------------------------------------------------------
--- Intra-ligand clashes                                                     ---
--------------------------------------------------------------------------------

Ligand
  7 (C7   ) -   4 (C4   ):   1.14 (dist   2.72)
--------------------------------------------------------------------------------


--------------------------------------------------------------------------------
--- Chromosome decoded                                                       ---
--------------------------------------------------------------------------------
Ligand Torsions
[   6    2    1    3]   90.61
[  12    5    1    2] -167.56
Protein Torsions
[9141 9120 9119 9117]  155.48 
[9040 9030 9029 9026]   97.48 
[8396 8366 8365 8363]  111.67 
Mapping
Ligand acceptors to protein hydrogens (mapping then atom ids)
Ligand hydrogens to protein acceptors (mapping then atom ids)
  1  22 [ 22->9396]
Ligand shape atoms to protein points (mapping then atom ids & coords)
  2  4737 [  6->(124.250 245.000 353.750)]
  3  4433 [  7->(124.000 245.000 353.750)]
  4  2727 [ 12->(121.500 246.000 357.750)]
Chromosome values
Integers:
  -1   -1   -1   21   -1   -1 4736 4432 2726   -1   -1   -1 
--------------------------------------------------------------------------------


--------------------------------------------------------------------------------
--- Diverse Solutions Stats                                                  ---
--------------------------------------------------------------------------------
  Move attempts                            :  16469
  Move failures                            :      0
  Failure rate                             :   0.000

--------------------------------------------------------------------------------

Current Ranking  1  2

--------------------------------------------------------------------------------

* GA execution time :                                                           
  total  0.9967 user  0.9340 sys  0.0626

--------------------------------------------------------------------------------
Fitness function evaluations: 16749

--------------------------------------------------------------------------------
** Docking run number  3 **
--------------------------------------------------------------------------------
  Rank fitness base is 5000.00 ; increment is 11.2233

* Initialising population(s) ...                                                
Number of constraints mappings 0
Number of constraints 0
  Population no.                           :      1
  Population size                          :    100
  Number of duplicates                     :      0
  Number of niche violations               :      0
  Number of errors                         :    223


Doing GA, no. of population(s) 1 size 100 selection pressure 1.100000

 Operation      Fitness  S(hb_ext) S(vdw_ext)  S(hb_int)    S(int)      intcor
         0      46.78       0.27      34.24       0.00      -2.87      -0.76
Reordering...
       225      39.54       0.62      28.98       0.00      -3.80      -0.76
       463      37.07       0.45      27.44       0.00      -3.80      -0.76
       479      40.64       0.30      29.97       0.00      -2.91      -0.76
       915      34.50       0.24      26.18       0.00      -3.99      -0.76
       921      36.50       0.15      27.33       0.00      -2.87      -0.76
       981      35.30       0.13      26.54       0.00      -2.87      -0.76
       983      35.38       0.13      26.59       0.00      -2.87      -0.76
      1077      34.05       0.11      25.73       0.00      -2.87      -0.76
      1186      33.47       0.71      24.87       0.00      -2.62      -0.76
Reordering...
      1200      32.29       5.09      20.82       0.00      -2.55      -0.76
Reordering...
      1875      31.05       5.00      20.07       0.00      -1.55      -0.76
      1975      31.50       0.00      23.81       0.00      -1.24      -0.76
      2047      31.69       0.00      23.95       0.00      -1.24      -0.76
      2242      32.50       0.85      23.92       0.00      -1.24      -0.76
      2460      32.89       1.36      24.29       0.00      -1.87      -0.76
      2464      32.90       1.36      24.30       0.00      -1.87      -0.76
--------------------------------------------------------------------------------
Best docking solution after GA:
      2500      32.90       1.36      24.30       0.00      -1.87      -0.76

#ops:       2500 #mutates:   1272 #cross:     1228 #dups:       454 
#niche:     1109 #errors:      42 
--------------------------------------------------------------------------------

Doing AMOEBA simplex on best individual
Done simplexing #iterations 624, best score  39.20

Ligand is stored in gold_soln_ligand_prepared_m1_3.mol2


--------------------------------------------------------------------------------
--- GoldScore breakdown of terms                                             ---
--------------------------------------------------------------------------------
Fitness = S(hb_ext) + 1.3750*S(vdw_ext) + S(hb_int) + 1.0000*S(int)
S(int)  = S(vdw_int) + S(tors)

Internal terms are relative to best energy found (intcor).

--------------------------------------------------------------------------------


     Fitness  S(hb_ext) S(vdw_ext)  S(hb_int)    S(int)      intcor
     39.20       0.94      28.35       0.00      -0.72      -0.76

--------------------------------------------------------------------------------
--- GoldScore analysis of protein-ligand interactions                        ---
--------------------------------------------------------------------------------

  Ligand acceptor   11 Protein hydrogen 9141 donor 9120 bond energy  2.00 wt 0.40
  Ligand acceptor   11 Protein hydrogen 8396 donor 8366 bond energy  2.00 wt 0.08

--------------------------------------------------------------------------------

--------------------------------------------------------------------------------
--- Rescoring solution                                                       ---
--------------------------------------------------------------------------------

     Score     S(PLP)   S(hbond)     S(cho)   S(metal)  DE(clash)   DE(tors)
     25.92     -24.60       1.18       0.00       0.00       0.00       1.10

Doing AMOEBA simplex on best individual
Done simplexing #iterations 476, best score  30.28

     Score     S(PLP)   S(hbond)     S(cho)   S(metal)  DE(clash)   DE(tors)
     30.28     -28.98       0.99       0.00       0.00       0.01       0.83

--------------------------------------------------------------------------------
--- CHEMPLP breakdown of terms                                               ---
--------------------------------------------------------------------------------
CHEMPLP = - ( 1.0000*S(PLP) + -3.0000*S(hbond) + -6.0000*S(metal) + -3.0000*S(cho) )

Score = CHEMPLP - 1.0000*DE(clash) - 2.0000*DE(tors)


--------------------------------------------------------------------------------


--------------------------------------------------------------------------------
--- PLP analysis of protein-ligand interactions                              ---
--------------------------------------------------------------------------------
hydrogen bonding        :      -4.37
metal                   :       0.00
buried (polar-nonpolar) :      -1.49
nonpolar                :     -30.23
repulsive               :       5.36
--------------------------------------------------------------------------------


--------------------------------------------------------------------------------
--- ChemScore analysis of protein-ligand interactions                        ---
--------------------------------------------------------------------------------

* Hydrogen bonds                                                                
Protein donor 9120 hydrogen 9141 Ligand acceptor   11 bond energy  1.00 wt 0.99


* CH..O interactions                                                            
  CH group selection                       : activated ring CH (adjacent to hetatom)

--------------------------------------------------------------------------------


--------------------------------------------------------------------------------
--- Intra-ligand clashes                                                     ---
--------------------------------------------------------------------------------

Ligand
  7 (C7   ) -   4 (C4   ):   0.01 (dist   2.75)
--------------------------------------------------------------------------------


--------------------------------------------------------------------------------
--- Chromosome decoded                                                       ---
--------------------------------------------------------------------------------
Ligand Torsions
[   6    2    1    3]   86.12
[  12    5    1    2] -167.76
Protein Torsions
[9141 9120 9119 9117]  -12.43 
[9040 9030 9029 9026]   84.15 
[8396 8366 8365 8363]  -65.10 
Mapping
Ligand acceptors to protein hydrogens (mapping then atom ids)
Ligand hydrogens to protein acceptors (mapping then atom ids)
Ligand shape atoms to protein points (mapping then atom ids & coords)
  2  3305 [  6->(122.750 245.250 356.250)]
  3  4424 [  7->(124.000 244.750 358.250)]
  5  1418 [ 13->(117.500 247.750 359.750)]
Chromosome values
Integers:
  -1   -1   -1   -1   -1   -1 3304 4423   -1 1417   -1   -1 
--------------------------------------------------------------------------------


--------------------------------------------------------------------------------
--- Diverse Solutions Stats                                                  ---
--------------------------------------------------------------------------------
  Move attempts                            :  15677
  Move failures                            :      0
  Failure rate                             :   0.000

--------------------------------------------------------------------------------

Current Ranking  3  1  2

--------------------------------------------------------------------------------

* GA execution time :                                                           
  total  0.8841 user  0.8296 sys  0.0545

--------------------------------------------------------------------------------
Fitness function evaluations: 15941

--------------------------------------------------------------------------------
** Docking run number  4 **
--------------------------------------------------------------------------------
  Rank fitness base is 5000.00 ; increment is 11.2233

* Initialising population(s) ...                                                
Number of constraints mappings 0
Number of constraints 0
  Population no.                           :      1
  Population size                          :    100
  Number of duplicates                     :      0
  Number of niche violations               :      0
  Number of errors                         :    226


Doing GA, no. of population(s) 1 size 100 selection pressure 1.100000

 Operation      Fitness  S(hb_ext) S(vdw_ext)  S(hb_int)    S(int)      intcor
         0      42.79       1.51      30.34       0.00      -2.17      -0.76
       255      40.28       1.47      28.62       0.00      -2.17      -0.76
       464      37.11      10.36      19.89       0.00      -2.02      -0.76
      1065      32.55       2.44      22.62       0.00      -2.02      -0.76
      1339      34.64       0.12      25.66       0.00      -1.23      -0.76
      1477      34.57       0.08      25.72       0.00      -1.23      -0.76
      2366      31.65       0.00      23.92       0.00      -1.23      -0.76
--------------------------------------------------------------------------------
Best docking solution after GA:
      2500      31.65       0.00      23.92       0.00      -1.23      -0.76

#ops:       2500 #mutates:   1233 #cross:     1267 #dups:       459 
#niche:     1178 #errors:      62 
--------------------------------------------------------------------------------

Doing AMOEBA simplex on best individual
Done simplexing #iterations 517, best score  37.56

Ligand is stored in gold_soln_ligand_prepared_m1_4.mol2


--------------------------------------------------------------------------------
--- GoldScore breakdown of terms                                             ---
--------------------------------------------------------------------------------
Fitness = S(hb_ext) + 1.3750*S(vdw_ext) + S(hb_int) + 1.0000*S(int)
S(int)  = S(vdw_int) + S(tors)

Internal terms are relative to best energy found (intcor).

--------------------------------------------------------------------------------


     Fitness  S(hb_ext) S(vdw_ext)  S(hb_int)    S(int)      intcor
     37.56       0.00      27.58       0.00      -0.36      -0.76

--------------------------------------------------------------------------------
--- GoldScore analysis of protein-ligand interactions                        ---
--------------------------------------------------------------------------------


--------------------------------------------------------------------------------

--------------------------------------------------------------------------------
--- Rescoring solution                                                       ---
--------------------------------------------------------------------------------

     Score     S(PLP)   S(hbond)     S(cho)   S(metal)  DE(clash)   DE(tors)
     15.06     -13.77       0.63       0.00       0.00       0.00       0.30

Doing AMOEBA simplex on best individual
Done simplexing #iterations 785, best score  38.15

     Score     S(PLP)   S(hbond)     S(cho)   S(metal)  DE(clash)   DE(tors)
     38.15     -37.22       0.79       0.00       0.00       0.00       0.71

--------------------------------------------------------------------------------
--- CHEMPLP breakdown of terms                                               ---
--------------------------------------------------------------------------------
CHEMPLP = - ( 1.0000*S(PLP) + -3.0000*S(hbond) + -6.0000*S(metal) + -3.0000*S(cho) )

Score = CHEMPLP - 1.0000*DE(clash) - 2.0000*DE(tors)


--------------------------------------------------------------------------------


--------------------------------------------------------------------------------
--- PLP analysis of protein-ligand interactions                              ---
--------------------------------------------------------------------------------
hydrogen bonding        :      -2.70
metal                   :       0.00
buried (polar-nonpolar) :      10.15
nonpolar                :     -45.88
repulsive               :       0.51
--------------------------------------------------------------------------------


--------------------------------------------------------------------------------
--- ChemScore analysis of protein-ligand interactions                        ---
--------------------------------------------------------------------------------

* Hydrogen bonds                                                                
Ligand donor    8 hydrogen   22 Protein acceptor 9234 bond energy  1.00 wt 0.24
Protein donor 5622 hydrogen 5648 Ligand acceptor   11 bond energy  1.00 wt 0.55


* CH..O interactions                                                            
  CH group selection                       : activated ring CH (adjacent to hetatom)

--------------------------------------------------------------------------------


--------------------------------------------------------------------------------
--- Intra-ligand clashes                                                     ---
--------------------------------------------------------------------------------

Ligand
--------------------------------------------------------------------------------


--------------------------------------------------------------------------------
--- Chromosome decoded                                                       ---
--------------------------------------------------------------------------------
Ligand Torsions
[   6    2    1    3]  -49.92
[  12    5    1    2]  169.62
Protein Torsions
[9141 9120 9119 9117] -104.89 
[9040 9030 9029 9026] -167.19 
[8396 8366 8365 8363] -100.32 
Mapping
Ligand acceptors to protein hydrogens (mapping then atom ids)
Ligand hydrogens to protein acceptors (mapping then atom ids)
Ligand shape atoms to protein points (mapping then atom ids & coords)
  1  2995 [  5->(122.250 245.000 359.250)]
  2  1912 [  6->(118.750 246.250 358.000)]
  5  1986 [ 13->(119.000 246.750 358.000)]
  6  1687 [ 14->(118.000 247.000 360.250)]
  7   393 [ 16->(116.250 247.000 359.250)]
Chromosome values
Integers:
  -1   -1   -1   -1   -1 2994 1911   -1   -1 1985 1686  392 
--------------------------------------------------------------------------------


--------------------------------------------------------------------------------
--- Diverse Solutions Stats                                                  ---
--------------------------------------------------------------------------------
  Move attempts                            :  16022
  Move failures                            :      0
  Failure rate                             :   0.000

--------------------------------------------------------------------------------

Current Ranking  3  4  1  2

--------------------------------------------------------------------------------

* GA execution time :                                                           
  total  0.8423 user  0.8013 sys  0.0411

--------------------------------------------------------------------------------
Fitness function evaluations: 16311

--------------------------------------------------------------------------------
** Docking run number  5 **
--------------------------------------------------------------------------------
  Rank fitness base is 5000.00 ; increment is 11.2233

* Initialising population(s) ...                                                
Number of constraints mappings 0
Number of constraints 0
  Population no.                           :      1
  Population size                          :    100
  Number of duplicates                     :      0
  Number of niche violations               :      0
  Number of errors                         :    250


Doing GA, no. of population(s) 1 size 100 selection pressure 1.100000

 Operation      Fitness  S(hb_ext) S(vdw_ext)  S(hb_int)    S(int)      intcor
         0      51.16       0.36      39.66       0.00     -18.66      -0.76
       550      43.44       0.22      35.79       0.00     -18.66      -0.76
Reordering...
      1125      32.75       4.89      21.75       0.00      -3.89      -0.76
      1273      32.84       4.89      21.74       0.00      -3.31      -0.76
      1933      31.58       4.89      21.41       0.00      -2.75      -0.76
      2077      31.62       4.89      21.44       0.00      -2.75      -0.76
      2113      31.79       4.89      21.56       0.00      -2.75      -0.76
      2303      31.80       4.91      21.84       0.00      -3.14      -0.76
      2419      31.80       4.89      21.58       0.00      -2.76      -0.76
      2443      32.04       4.91      21.51       0.00      -2.44      -0.76
      2475      32.10       4.89      21.64       0.00      -2.53      -0.76
--------------------------------------------------------------------------------
Best docking solution after GA:
      2500      32.10       4.89      21.64       0.00      -2.53      -0.76

#ops:       2500 #mutates:   1231 #cross:     1269 #dups:       528 
#niche:     1204 #errors:      43 
--------------------------------------------------------------------------------

Doing AMOEBA simplex on best individual
Done simplexing #iterations 507, best score  35.48

Ligand is stored in gold_soln_ligand_prepared_m1_5.mol2


--------------------------------------------------------------------------------
--- GoldScore breakdown of terms                                             ---
--------------------------------------------------------------------------------
Fitness = S(hb_ext) + 1.3750*S(vdw_ext) + S(hb_int) + 1.0000*S(int)
S(int)  = S(vdw_int) + S(tors)

Internal terms are relative to best energy found (intcor).

--------------------------------------------------------------------------------


     Fitness  S(hb_ext) S(vdw_ext)  S(hb_int)    S(int)      intcor
     35.48       5.16      22.97       0.00      -1.26      -0.76

--------------------------------------------------------------------------------
--- GoldScore analysis of protein-ligand interactions                        ---
--------------------------------------------------------------------------------

  Ligand donor   10 hydrogen   23 Protein acceptor 9234 bond energy  6.00 wt 0.86

--------------------------------------------------------------------------------

--------------------------------------------------------------------------------
--- Rescoring solution                                                       ---
--------------------------------------------------------------------------------

     Score     S(PLP)   S(hbond)     S(cho)   S(metal)  DE(clash)   DE(tors)
     12.30     -10.82       1.00       0.00       0.00       1.28       0.12

Doing AMOEBA simplex on best individual
Done simplexing #iterations 820, best score  29.67

     Score     S(PLP)   S(hbond)     S(cho)   S(metal)  DE(clash)   DE(tors)
     29.67     -30.35       0.33       0.00       0.00       0.88       0.39

--------------------------------------------------------------------------------
--- CHEMPLP breakdown of terms                                               ---
--------------------------------------------------------------------------------
CHEMPLP = - ( 1.0000*S(PLP) + -3.0000*S(hbond) + -6.0000*S(metal) + -3.0000*S(cho) )

Score = CHEMPLP - 1.0000*DE(clash) - 2.0000*DE(tors)


--------------------------------------------------------------------------------


--------------------------------------------------------------------------------
--- PLP analysis of protein-ligand interactions                              ---
--------------------------------------------------------------------------------
hydrogen bonding        :      -2.76
metal                   :       0.00
buried (polar-nonpolar) :      -6.45
nonpolar                :     -22.39
repulsive               :       0.56
--------------------------------------------------------------------------------


--------------------------------------------------------------------------------
--- ChemScore analysis of protein-ligand interactions                        ---
--------------------------------------------------------------------------------

* Hydrogen bonds                                                                
Ligand donor   10 hydrogen   23 Protein acceptor 9234 bond energy  1.00 wt 0.33


* CH..O interactions                                                            
  CH group selection                       : activated ring CH (adjacent to hetatom)

--------------------------------------------------------------------------------


--------------------------------------------------------------------------------
--- Intra-ligand clashes                                                     ---
--------------------------------------------------------------------------------

Ligand
  7 (C7   ) -   4 (C4   ):   0.88 (dist   2.73)
--------------------------------------------------------------------------------


--------------------------------------------------------------------------------
--- Chromosome decoded                                                       ---
--------------------------------------------------------------------------------
Ligand Torsions
[   6    2    1    3]   75.09
[  12    5    1    2] -172.30
Protein Torsions
[9141 9120 9119 9117]  -44.61 
[9040 9030 9029 9026]  152.18 
[8396 8366 8365 8363]   75.17 
Mapping
Ligand acceptors to protein hydrogens (mapping then atom ids)
Ligand hydrogens to protein acceptors (mapping then atom ids)
  2  10 [ 23->9234]
Ligand shape atoms to protein points (mapping then atom ids & coords)
  1  5850 [  5->(125.500 244.750 356.500)]
  3  4736 [  7->(124.250 245.000 353.500)]
Chromosome values
Integers:
  -1   -1   -1   -1    9 5849   -1 4735   -1   -1   -1   -1 
--------------------------------------------------------------------------------


--------------------------------------------------------------------------------
--- Diverse Solutions Stats                                                  ---
--------------------------------------------------------------------------------
  Move attempts                            :  16023
  Move failures                            :      0
  Failure rate                             :   0.000

--------------------------------------------------------------------------------

Current Ranking  3  4  1  2  5

--------------------------------------------------------------------------------

* GA execution time :                                                           
  total  0.7787 user  0.7617 sys  0.0171

--------------------------------------------------------------------------------
Fitness function evaluations: 16318

--------------------------------------------------------------------------------
** Docking run number  6 **
--------------------------------------------------------------------------------
  Rank fitness base is 5000.00 ; increment is 11.2233

* Initialising population(s) ...                                                
Number of constraints mappings 0
Number of constraints 0
  Population no.                           :      1
  Population size                          :    100
  Number of duplicates                     :      0
  Number of niche violations               :      0
  Number of errors                         :    235


Doing GA, no. of population(s) 1 size 100 selection pressure 1.100000

 Operation      Fitness  S(hb_ext) S(vdw_ext)  S(hb_int)    S(int)      intcor
         0      42.82       0.11      35.61       0.00     -31.27      -0.76
       207      40.29       0.04      34.68       0.00     -31.27      -0.76
       242      39.55       0.03      34.26       0.00     -31.27      -0.76
       493      36.68       0.03      33.68       0.00     -32.09      -0.76
Reordering...
       625      33.99       0.00      30.84       0.00     -24.60      -0.76
       757      32.71       0.80      23.48       0.00      -0.99      -0.76
       868      32.51       0.80      23.36       0.00      -0.99      -0.76
      1105      32.81       1.31      23.28       0.00      -0.99      -0.76
Reordering...
      1550      31.38       0.33      22.94       0.00      -0.65      -0.76
      1589      31.62       0.88      22.72       0.00      -0.65      -0.76
      1734      31.55       0.82      22.77       0.00      -0.66      -0.76
      2044      31.92       1.21      23.05       0.00      -0.99      -0.76
      2256      31.99       0.81      23.46       0.00      -1.07      -0.76
      2298      32.13       1.21      23.20       0.00      -0.99      -0.76
--------------------------------------------------------------------------------
Best docking solution after GA:
      2500      32.13       1.21      23.20       0.00      -0.99      -0.76

#ops:       2500 #mutates:   1250 #cross:     1250 #dups:       552 
#niche:     1274 #errors:      29 
--------------------------------------------------------------------------------

Doing AMOEBA simplex on best individual
Done simplexing #iterations 518, best score  33.97

Ligand is stored in gold_soln_ligand_prepared_m1_6.mol2


--------------------------------------------------------------------------------
--- GoldScore breakdown of terms                                             ---
--------------------------------------------------------------------------------
Fitness = S(hb_ext) + 1.3750*S(vdw_ext) + S(hb_int) + 1.0000*S(int)
S(int)  = S(vdw_int) + S(tors)

Internal terms are relative to best energy found (intcor).

--------------------------------------------------------------------------------


     Fitness  S(hb_ext) S(vdw_ext)  S(hb_int)    S(int)      intcor
     33.97       1.31      24.46       0.00      -0.98      -0.76

--------------------------------------------------------------------------------
--- GoldScore analysis of protein-ligand interactions                        ---
--------------------------------------------------------------------------------

  Ligand acceptor   11 Protein hydrogen 9141 donor 9120 bond energy  2.00 wt 0.65

--------------------------------------------------------------------------------

--------------------------------------------------------------------------------
--- Rescoring solution                                                       ---
--------------------------------------------------------------------------------

     Score     S(PLP)   S(hbond)     S(cho)   S(metal)  DE(clash)   DE(tors)
     18.92     -18.02       1.00       0.00       0.00       0.00       1.05

Doing AMOEBA simplex on best individual
Done simplexing #iterations 581, best score  33.41

     Score     S(PLP)   S(hbond)     S(cho)   S(metal)  DE(clash)   DE(tors)
     33.41     -31.93       1.02       0.00       0.00       1.35       0.12

--------------------------------------------------------------------------------
--- CHEMPLP breakdown of terms                                               ---
--------------------------------------------------------------------------------
CHEMPLP = - ( 1.0000*S(PLP) + -3.0000*S(hbond) + -6.0000*S(metal) + -3.0000*S(cho) )

Score = CHEMPLP - 1.0000*DE(clash) - 2.0000*DE(tors)


--------------------------------------------------------------------------------


--------------------------------------------------------------------------------
--- PLP analysis of protein-ligand interactions                              ---
--------------------------------------------------------------------------------
hydrogen bonding        :      -3.05
metal                   :       0.00
buried (polar-nonpolar) :      -6.89
nonpolar                :     -23.44
repulsive               :       0.48
--------------------------------------------------------------------------------


--------------------------------------------------------------------------------
--- ChemScore analysis of protein-ligand interactions                        ---
--------------------------------------------------------------------------------

* Hydrogen bonds                                                                
Protein donor 9120 hydrogen 9141 Ligand acceptor   11 bond energy  1.00 wt 1.00
Protein donor 5622 hydrogen 5648 Ligand acceptor    9 bond energy  1.00 wt 0.02


* CH..O interactions                                                            
  CH group selection                       : activated ring CH (adjacent to hetatom)

--------------------------------------------------------------------------------


--------------------------------------------------------------------------------
--- Intra-ligand clashes                                                     ---
--------------------------------------------------------------------------------

Ligand
  7 (C7   ) -   4 (C4   ):   1.35 (dist   2.71)
--------------------------------------------------------------------------------


--------------------------------------------------------------------------------
--- Chromosome decoded                                                       ---
--------------------------------------------------------------------------------
Ligand Torsions
[   6    2    1    3]   81.02
[  12    5    1    2] -165.54
Protein Torsions
[9141 9120 9119 9117]  -13.91 
[9040 9030 9029 9026]  -82.78 
[8396 8366 8365 8363] -150.45 
Mapping
Ligand acceptors to protein hydrogens (mapping then atom ids)
  2   6 [ 11->9141]
Ligand hydrogens to protein acceptors (mapping then atom ids)
Ligand shape atoms to protein points (mapping then atom ids & coords)
  1  5888 [  5->(125.500 245.250 356.250)]
  2  5712 [  6->(125.250 245.250 355.000)]
  4  5652 [ 12->(125.250 244.500 357.000)]
Chromosome values
Integers:
  -1    5   -1   -1   -1 5887 5711   -1 5651   -1   -1   -1 
--------------------------------------------------------------------------------


--------------------------------------------------------------------------------
--- Diverse Solutions Stats                                                  ---
--------------------------------------------------------------------------------
  Move attempts                            :  15684
  Move failures                            :      0
  Failure rate                             :   0.000

--------------------------------------------------------------------------------

Current Ranking  3  4  1  2  5  6

--------------------------------------------------------------------------------

* GA execution time :                                                           
  total  0.8065 user  0.8065 sys  0.0000

--------------------------------------------------------------------------------
Fitness function evaluations: 15949

--------------------------------------------------------------------------------
** Docking run number  7 **
--------------------------------------------------------------------------------
  Rank fitness base is 5000.00 ; increment is 11.2233

* Initialising population(s) ...                                                
Number of constraints mappings 0
Number of constraints 0
  Population no.                           :      1
  Population size                          :    100
  Number of duplicates                     :      0
  Number of niche violations               :      0
  Number of errors                         :    241


Doing GA, no. of population(s) 1 size 100 selection pressure 1.100000

 Operation      Fitness  S(hb_ext) S(vdw_ext)  S(hb_int)    S(int)      intcor
         0      41.33       2.84      29.60       0.00     -11.05      -0.76
         2      41.59       0.09      31.27       0.00      -7.54      -0.76
Reordering...
        75      39.38       2.79      28.33       0.00     -11.05      -0.76
Reordering...
       125      39.29       0.09      29.73       0.00      -7.54      -0.76
Reordering...
       150      37.26       2.74      26.94       0.00     -11.05      -0.76
       214      41.76       0.46      31.44       0.00      -8.09      -0.76
       416      44.17       0.32      35.28       0.00     -16.53      -0.76
       564      42.08       0.37      35.13       0.00     -20.59      -0.76
Reordering...
      1050      29.75       2.11      20.98       0.00      -2.47      -0.76
      1079      29.82       4.23      19.11       0.00      -1.38      -0.76
Reordering...
      1125      29.51       2.09      20.88       0.00      -2.47      -0.76
      1476      31.13       4.55      20.60       0.00      -2.47      -0.76
--------------------------------------------------------------------------------
Best docking solution after GA:
      2500      30.27       4.41      20.60       0.00      -2.47      -0.76

#ops:       2500 #mutates:   1248 #cross:     1252 #dups:       471 
#niche:     1161 #errors:      93 
--------------------------------------------------------------------------------

Doing AMOEBA simplex on best individual
Done simplexing #iterations 542, best score  35.17

Ligand is stored in gold_soln_ligand_prepared_m1_7.mol2


--------------------------------------------------------------------------------
--- GoldScore breakdown of terms                                             ---
--------------------------------------------------------------------------------
Fitness = S(hb_ext) + 1.3750*S(vdw_ext) + S(hb_int) + 1.0000*S(int)
S(int)  = S(vdw_int) + S(tors)

Internal terms are relative to best energy found (intcor).

--------------------------------------------------------------------------------


     Fitness  S(hb_ext) S(vdw_ext)  S(hb_int)    S(int)      intcor
     35.17       4.42      23.11       0.00      -1.02      -0.76

--------------------------------------------------------------------------------
--- GoldScore analysis of protein-ligand interactions                        ---
--------------------------------------------------------------------------------

  Ligand acceptor   17 Protein hydrogen 9595 donor 9561 bond energy  6.00 wt 0.04
  Ligand donor   10 hydrogen   23 Protein acceptor 9396 bond energy  6.00 wt 0.70

--------------------------------------------------------------------------------

--------------------------------------------------------------------------------
--- Rescoring solution                                                       ---
--------------------------------------------------------------------------------

     Score     S(PLP)   S(hbond)     S(cho)   S(metal)  DE(clash)   DE(tors)
     15.47     -14.50       0.75       0.00       0.00       0.00       0.64

Doing AMOEBA simplex on best individual
Done simplexing #iterations 661, best score  29.38

     Score     S(PLP)   S(hbond)     S(cho)   S(metal)  DE(clash)   DE(tors)
     29.38     -28.26       0.69       0.00       0.00       0.00       0.47

--------------------------------------------------------------------------------
--- CHEMPLP breakdown of terms                                               ---
--------------------------------------------------------------------------------
CHEMPLP = - ( 1.0000*S(PLP) + -3.0000*S(hbond) + -6.0000*S(metal) + -3.0000*S(cho) )

Score = CHEMPLP - 1.0000*DE(clash) - 2.0000*DE(tors)


--------------------------------------------------------------------------------


--------------------------------------------------------------------------------
--- PLP analysis of protein-ligand interactions                              ---
--------------------------------------------------------------------------------
hydrogen bonding        :      -5.60
metal                   :       0.00
buried (polar-nonpolar) :       3.69
nonpolar                :     -28.44
repulsive               :       0.77
--------------------------------------------------------------------------------


--------------------------------------------------------------------------------
--- ChemScore analysis of protein-ligand interactions                        ---
--------------------------------------------------------------------------------

* Hydrogen bonds                                                                
Ligand donor   10 hydrogen   23 Protein acceptor 9396 bond energy  1.00 wt 0.69


* CH..O interactions                                                            
  CH group selection                       : activated ring CH (adjacent to hetatom)

--------------------------------------------------------------------------------


--------------------------------------------------------------------------------
--- Intra-ligand clashes                                                     ---
--------------------------------------------------------------------------------

Ligand
--------------------------------------------------------------------------------


--------------------------------------------------------------------------------
--- Chromosome decoded                                                       ---
--------------------------------------------------------------------------------
Ligand Torsions
[   6    2    1    3]  137.86
[  12    5    1    2]  174.33
Protein Torsions
[9141 9120 9119 9117]   22.92 
[9040 9030 9029 9026]  111.49 
[8396 8366 8365 8363]   13.36 
Mapping
Ligand acceptors to protein hydrogens (mapping then atom ids)
Ligand hydrogens to protein acceptors (mapping then atom ids)
  2  22 [ 23->9396]
Ligand shape atoms to protein points (mapping then atom ids & coords)
  1  5261 [  5->(124.750 245.000 353.750)]
  2  2066 [  6->(119.250 247.250 357.500)]
Chromosome values
Integers:
  -1   -1   -1   -1   21 5260 2065   -1   -1   -1   -1   -1 
--------------------------------------------------------------------------------


--------------------------------------------------------------------------------
--- Diverse Solutions Stats                                                  ---
--------------------------------------------------------------------------------
  Move attempts                            :  15913
  Move failures                            :     42
  Failure rate                             :   0.003

--------------------------------------------------------------------------------

Current Ranking  3  4  1  2  5  7  6

--------------------------------------------------------------------------------

* GA execution time :                                                           
  total  0.8062 user  0.8050 sys  0.0012

--------------------------------------------------------------------------------
Fitness function evaluations: 16206

--------------------------------------------------------------------------------
** Docking run number  8 **
--------------------------------------------------------------------------------
  Rank fitness base is 5000.00 ; increment is 11.2233

* Initialising population(s) ...                                                
Number of constraints mappings 0
Number of constraints 0
  Population no.                           :      1
  Population size                          :    100
  Number of duplicates                     :      0
  Number of niche violations               :      0
  Number of errors                         :    286


Doing GA, no. of population(s) 1 size 100 selection pressure 1.100000

 Operation      Fitness  S(hb_ext) S(vdw_ext)  S(hb_int)    S(int)      intcor
         0      42.05       3.02      30.20       0.00     -12.49      -0.76
       190      40.72       2.99      30.76       0.00     -19.70      -0.76
       389      38.87       0.13      29.91       0.00      -8.63      -0.76
       741      31.69       0.00      25.57       0.00      -9.33      -0.76
Reordering...
       750      29.99       1.84      22.39       0.00      -6.90      -0.76
       771      31.08       0.03      23.46       0.00      -3.17      -0.76
Reordering...
       900      29.40       1.72      22.30       0.00      -6.90      -0.76
      1188      29.08       2.74      20.59       0.00      -3.60      -0.76
      1256      28.63       3.21      19.51       0.00      -2.41      -0.76
      1383      28.41       3.15      19.52       0.00      -2.41      -0.76
      1446      28.41       1.79      21.11       0.00      -3.54      -0.76
      1531      28.26       1.74      21.19       0.00      -3.54      -0.76
Reordering...
      1700      27.76       3.00      19.52       0.00      -2.41      -0.76
      1714      29.52       1.10      22.80       0.00      -3.42      -0.76
      2088      28.85       0.24      23.69       0.00      -3.96      -0.76
      2291      28.92       0.24      23.74       0.00      -3.96      -0.76
      2327      29.34       0.90      22.96       0.00      -3.12      -0.76
      2476      29.39       0.94      23.03       0.00      -3.22      -0.76
--------------------------------------------------------------------------------
Best docking solution after GA:
      2500      29.39       0.94      23.03       0.00      -3.22      -0.76

#ops:       2500 #mutates:   1217 #cross:     1283 #dups:       588 
#niche:     1431 #errors:      64 
--------------------------------------------------------------------------------

Doing AMOEBA simplex on best individual
Done simplexing #iterations 531, best score  30.99

Ligand is stored in gold_soln_ligand_prepared_m1_8.mol2


--------------------------------------------------------------------------------
--- GoldScore breakdown of terms                                             ---
--------------------------------------------------------------------------------
Fitness = S(hb_ext) + 1.3750*S(vdw_ext) + S(hb_int) + 1.0000*S(int)
S(int)  = S(vdw_int) + S(tors)

Internal terms are relative to best energy found (intcor).

--------------------------------------------------------------------------------


     Fitness  S(hb_ext) S(vdw_ext)  S(hb_int)    S(int)      intcor
     30.99       0.85      24.20       0.00      -3.13      -0.76

--------------------------------------------------------------------------------
--- GoldScore analysis of protein-ligand interactions                        ---
--------------------------------------------------------------------------------

  Ligand acceptor    9 Protein hydrogen 9141 donor 9120 bond energy  2.00 wt 0.20
  Ligand donor    8 hydrogen   22 Protein acceptor 9230 bond energy  2.00 wt 0.15
  Ligand donor   10 hydrogen   23 Protein acceptor 13460 bond energy  6.00 wt 0.02

--------------------------------------------------------------------------------

--------------------------------------------------------------------------------
--- Rescoring solution                                                       ---
--------------------------------------------------------------------------------

     Score     S(PLP)   S(hbond)     S(cho)   S(metal)  DE(clash)   DE(tors)
     -1.51       0.67       0.36       0.00       0.00       0.86       0.53

Doing AMOEBA simplex on best individual
Done simplexing #iterations 625, best score  27.05

     Score     S(PLP)   S(hbond)     S(cho)   S(metal)  DE(clash)   DE(tors)
     27.05     -25.70       1.00       0.00       0.00       1.38       0.13

--------------------------------------------------------------------------------
--- CHEMPLP breakdown of terms                                               ---
--------------------------------------------------------------------------------
CHEMPLP = - ( 1.0000*S(PLP) + -3.0000*S(hbond) + -6.0000*S(metal) + -3.0000*S(cho) )

Score = CHEMPLP - 1.0000*DE(clash) - 2.0000*DE(tors)


--------------------------------------------------------------------------------


--------------------------------------------------------------------------------
--- PLP analysis of protein-ligand interactions                              ---
--------------------------------------------------------------------------------
hydrogen bonding        :      -2.00
metal                   :       0.00
buried (polar-nonpolar) :      -2.87
nonpolar                :     -24.02
repulsive               :       3.00
--------------------------------------------------------------------------------


--------------------------------------------------------------------------------
--- ChemScore analysis of protein-ligand interactions                        ---
--------------------------------------------------------------------------------

* Hydrogen bonds                                                                
Protein donor 9120 hydrogen 9141 Ligand acceptor    9 bond energy  1.00 wt 1.00


* CH..O interactions                                                            
  CH group selection                       : activated ring CH (adjacent to hetatom)

--------------------------------------------------------------------------------


--------------------------------------------------------------------------------
--- Intra-ligand clashes                                                     ---
--------------------------------------------------------------------------------

Ligand
  7 (C7   ) -   3 (C3   ):   1.38 (dist   2.71)
--------------------------------------------------------------------------------


--------------------------------------------------------------------------------
--- Chromosome decoded                                                       ---
--------------------------------------------------------------------------------
Ligand Torsions
[   6    2    1    3]  166.78
[  12    5    1    2]   44.71
Protein Torsions
[9141 9120 9119 9117]  -15.99 
[9040 9030 9029 9026]  122.39 
[8396 8366 8365 8363]  124.01 
Mapping
Ligand acceptors to protein hydrogens (mapping then atom ids)
Ligand hydrogens to protein acceptors (mapping then atom ids)
  2  34 [ 23->13460]
Ligand shape atoms to protein points (mapping then atom ids & coords)
  1  6010 [  5->(125.750 244.750 356.750)]
  5  2445 [ 13->(120.750 245.500 358.250)]
  6  2799 [ 14->(121.750 245.500 358.000)]
Chromosome values
Integers:
  -1   -1   -1   -1   33 6009   -1   -1   -1 2444 2798   -1 
--------------------------------------------------------------------------------


--------------------------------------------------------------------------------
--- Diverse Solutions Stats                                                  ---
--------------------------------------------------------------------------------
  Move attempts                            :  15701
  Move failures                            :     58
  Failure rate                             :   0.004

--------------------------------------------------------------------------------

Current Ranking  3  4  1  2  5  7  6  8

--------------------------------------------------------------------------------

* GA execution time :                                                           
  total  0.7550 user  0.7493 sys  0.0057

--------------------------------------------------------------------------------
Fitness function evaluations: 15993

--------------------------------------------------------------------------------
** Docking run number  9 **
--------------------------------------------------------------------------------
  Rank fitness base is 5000.00 ; increment is 11.2233

* Initialising population(s) ...                                                
Number of constraints mappings 0
Number of constraints 0
  Population no.                           :      1
  Population size                          :    100
  Number of duplicates                     :      0
  Number of niche violations               :      0
  Number of errors                         :    323


Doing GA, no. of population(s) 1 size 100 selection pressure 1.100000

 Operation      Fitness  S(hb_ext) S(vdw_ext)  S(hb_int)    S(int)      intcor
         0      36.76      10.27      21.48       0.00     -15.19      -0.76
       139      44.53       0.45      34.86       0.00     -17.30      -0.76
       262      42.40       1.08      33.17       0.00     -17.30      -0.76
Reordering...
       825      30.25       0.36      22.53       0.00      -2.68      -0.76
       855      33.64       0.24      25.27       0.00      -3.25      -0.76
Reordering...
      1125      27.36       0.34      20.68       0.00      -2.68      -0.76
      1641      22.33       0.57      16.86       0.00      -1.77      -0.76
Reordering...
      1725      20.97       0.22      15.11       0.00      -0.03      -0.76
      1770      21.13       0.90      22.34       0.00     -11.69      -0.76
Reordering...
      1775      20.97       0.22      15.11       0.00      -0.03      -0.76
Reordering...
      1800      20.58       0.81      22.34       0.00     -11.69      -0.76
Reordering...
      1825      20.52       0.18      14.81       0.00      -0.03      -0.76
      1874      21.22       2.16      15.49       0.00      -2.29      -0.76
      1879      21.60       1.41      16.77       0.00      -2.86      -0.76
      2004      28.23       0.57      21.69       0.00      -2.17      -0.76
      2096      29.15       4.18      19.45       0.00      -1.77      -0.76
--------------------------------------------------------------------------------
Best docking solution after GA:
      2500      29.15       4.18      19.45       0.00      -1.77      -0.76

#ops:       2500 #mutates:   1280 #cross:     1220 #dups:       471 
#niche:     1085 #errors:     105 
--------------------------------------------------------------------------------

Doing AMOEBA simplex on best individual
Done simplexing #iterations 599, best score  33.59

Ligand is stored in gold_soln_ligand_prepared_m1_9.mol2


--------------------------------------------------------------------------------
--- GoldScore breakdown of terms                                             ---
--------------------------------------------------------------------------------
Fitness = S(hb_ext) + 1.3750*S(vdw_ext) + S(hb_int) + 1.0000*S(int)
S(int)  = S(vdw_int) + S(tors)

Internal terms are relative to best energy found (intcor).

--------------------------------------------------------------------------------


     Fitness  S(hb_ext) S(vdw_ext)  S(hb_int)    S(int)      intcor
     33.59       4.51      22.20       0.00      -1.44      -0.76

--------------------------------------------------------------------------------
--- GoldScore analysis of protein-ligand interactions                        ---
--------------------------------------------------------------------------------

  Ligand donor    8 hydrogen   22 Protein acceptor 9396 bond energy  6.00 wt 0.75

--------------------------------------------------------------------------------

--------------------------------------------------------------------------------
--- Rescoring solution                                                       ---
--------------------------------------------------------------------------------

     Score     S(PLP)   S(hbond)     S(cho)   S(metal)  DE(clash)   DE(tors)
     -3.67       2.80       0.48       0.00       0.00       0.77       0.77

Doing AMOEBA simplex on best individual
Done simplexing #iterations 685, best score  21.73

     Score     S(PLP)   S(hbond)     S(cho)   S(metal)  DE(clash)   DE(tors)
     21.73     -22.04       0.68       0.00       0.00       0.79       0.78

--------------------------------------------------------------------------------
--- CHEMPLP breakdown of terms                                               ---
--------------------------------------------------------------------------------
CHEMPLP = - ( 1.0000*S(PLP) + -3.0000*S(hbond) + -6.0000*S(metal) + -3.0000*S(cho) )

Score = CHEMPLP - 1.0000*DE(clash) - 2.0000*DE(tors)


--------------------------------------------------------------------------------


--------------------------------------------------------------------------------
--- PLP analysis of protein-ligand interactions                              ---
--------------------------------------------------------------------------------
hydrogen bonding        :      -3.01
metal                   :       0.00
buried (polar-nonpolar) :       0.22
nonpolar                :     -21.71
repulsive               :       0.81
--------------------------------------------------------------------------------


--------------------------------------------------------------------------------
--- ChemScore analysis of protein-ligand interactions                        ---
--------------------------------------------------------------------------------

* Hydrogen bonds                                                                
Ligand donor    8 hydrogen   22 Protein acceptor 9396 bond energy  1.00 wt 0.68


* CH..O interactions                                                            
  CH group selection                       : activated ring CH (adjacent to hetatom)

--------------------------------------------------------------------------------


--------------------------------------------------------------------------------
--- Intra-ligand clashes                                                     ---
--------------------------------------------------------------------------------

Ligand
  6 (C6   ) -   4 (C4   ):   0.79 (dist   2.73)
--------------------------------------------------------------------------------


--------------------------------------------------------------------------------
--- Chromosome decoded                                                       ---
--------------------------------------------------------------------------------
Ligand Torsions
[   6    2    1    3] -101.86
[  12    5    1    2] -175.39
Protein Torsions
[9141 9120 9119 9117]   23.18 
[9040 9030 9029 9026]  -54.98 
[8396 8366 8365 8363]  -33.07 
Mapping
Ligand acceptors to protein hydrogens (mapping then atom ids)
Ligand hydrogens to protein acceptors (mapping then atom ids)
  1  22 [ 22->9396]
Ligand shape atoms to protein points (mapping then atom ids & coords)
  4  2918 [ 12->(122.000 246.000 357.500)]
  6  3961 [ 14->(123.500 245.500 351.750)]
Chromosome values
Integers:
  -1   -1   -1   21   -1   -1   -1   -1 2917   -1 3960   -1 
--------------------------------------------------------------------------------


--------------------------------------------------------------------------------
--- Diverse Solutions Stats                                                  ---
--------------------------------------------------------------------------------
  Move attempts                            :  16040
  Move failures                            :    130
  Failure rate                             :   0.008

--------------------------------------------------------------------------------

Current Ranking  3  4  1  2  5  7  6  9  8

--------------------------------------------------------------------------------

* GA execution time :                                                           
  total  0.7567 user  0.7538 sys  0.0030

--------------------------------------------------------------------------------
Fitness function evaluations: 16341

--------------------------------------------------------------------------------
** Docking run number 10 **
--------------------------------------------------------------------------------
  Rank fitness base is 5000.00 ; increment is 11.2233

* Initialising population(s) ...                                                
Number of constraints mappings 0
Number of constraints 0
  Population no.                           :      1
  Population size                          :    100
  Number of duplicates                     :      0
  Number of niche violations               :      0
  Number of errors                         :    290


Doing GA, no. of population(s) 1 size 100 selection pressure 1.100000

 Operation      Fitness  S(hb_ext) S(vdw_ext)  S(hb_int)    S(int)      intcor
         0      36.62       0.22      26.72       0.00      -1.73      -0.76
       121      36.11       0.16      26.24       0.00      -0.58      -0.76
       136      37.71       0.59      29.66       0.00     -16.46      -0.76
       152      38.10       0.59      29.89       0.00     -15.77      -0.76
       402      37.96       1.85      26.62       0.00      -1.73      -0.76
       593      35.06       1.73      24.65       0.00      -1.73      -0.76
       656      34.15       0.15      25.38       0.00      -2.55      -0.76
       936      31.56       0.17      24.50       0.00      -5.22      -0.76
Reordering...
       975      30.40       0.08      22.91       0.00      -2.55      -0.76
      1249      30.42       4.37      20.17       0.00      -2.94      -0.76
      1611      30.14       2.55      24.63       0.00      -7.95      -0.76
      1633      30.12       2.55      24.72       0.00      -7.95      -0.76
Reordering...
      1850      28.70       4.31      19.82       0.00      -2.94      -0.76
      2133      29.07       4.03      20.72       0.00      -3.46      -0.76
      2142      29.75       4.07      20.88       0.00      -3.03      -0.76
      2489      29.76       4.07      20.89       0.00      -3.03      -0.76
--------------------------------------------------------------------------------
Best docking solution after GA:
      2500      29.76       4.07      20.89       0.00      -3.03      -0.76

#ops:       2500 #mutates:   1226 #cross:     1274 #dups:       437 
#niche:     1058 #errors:     115 
--------------------------------------------------------------------------------

Doing AMOEBA simplex on best individual
Done simplexing #iterations 484, best score  31.52

Ligand is stored in gold_soln_ligand_prepared_m1_10.mol2


--------------------------------------------------------------------------------
--- GoldScore breakdown of terms                                             ---
--------------------------------------------------------------------------------
Fitness = S(hb_ext) + 1.3750*S(vdw_ext) + S(hb_int) + 1.0000*S(int)
S(int)  = S(vdw_int) + S(tors)

Internal terms are relative to best energy found (intcor).

--------------------------------------------------------------------------------


     Fitness  S(hb_ext) S(vdw_ext)  S(hb_int)    S(int)      intcor
     31.52       3.90      21.96       0.00      -2.58      -0.76

--------------------------------------------------------------------------------
--- GoldScore analysis of protein-ligand interactions                        ---
--------------------------------------------------------------------------------

  Ligand donor    8 hydrogen   22 Protein acceptor 13325 bond energy  6.00 wt 0.01
  Ligand donor   10 hydrogen   23 Protein acceptor 9396 bond energy  6.00 wt 0.64

--------------------------------------------------------------------------------

--------------------------------------------------------------------------------
--- Rescoring solution                                                       ---
--------------------------------------------------------------------------------

     Score     S(PLP)   S(hbond)     S(cho)   S(metal)  DE(clash)   DE(tors)
    -12.09      11.47       0.60       0.00       0.00       1.79       0.32

Doing AMOEBA simplex on best individual
Done simplexing #iterations 816, best score  15.33

     Score     S(PLP)   S(hbond)     S(cho)   S(metal)  DE(clash)   DE(tors)
     15.33     -11.59       1.99       0.00       0.00       2.12       0.06

--------------------------------------------------------------------------------
--- CHEMPLP breakdown of terms                                               ---
--------------------------------------------------------------------------------
CHEMPLP = - ( 1.0000*S(PLP) + -3.0000*S(hbond) + -6.0000*S(metal) + -3.0000*S(cho) )

Score = CHEMPLP - 1.0000*DE(clash) - 2.0000*DE(tors)


--------------------------------------------------------------------------------


--------------------------------------------------------------------------------
--- PLP analysis of protein-ligand interactions                              ---
--------------------------------------------------------------------------------
hydrogen bonding        :      -3.59
metal                   :       0.00
buried (polar-nonpolar) :       3.08
nonpolar                :     -15.26
repulsive               :       2.99
--------------------------------------------------------------------------------


--------------------------------------------------------------------------------
--- ChemScore analysis of protein-ligand interactions                        ---
--------------------------------------------------------------------------------

* Hydrogen bonds                                                                
Ligand donor    8 hydrogen   22 Protein acceptor 13331 bond energy  1.00 wt 0.99
Ligand donor   10 hydrogen   23 Protein acceptor 9396 bond energy  1.00 wt 1.00


* CH..O interactions                                                            
  CH group selection                       : activated ring CH (adjacent to hetatom)

--------------------------------------------------------------------------------


--------------------------------------------------------------------------------
--- Intra-ligand clashes                                                     ---
--------------------------------------------------------------------------------

Ligand
  6 (C6   ) -   4 (C4   ):   2.12 (dist   2.69)
--------------------------------------------------------------------------------


--------------------------------------------------------------------------------
--- Chromosome decoded                                                       ---
--------------------------------------------------------------------------------
Ligand Torsions
[   6    2    1    3] -110.23
[  12    5    1    2] -169.74
Protein Torsions
[9141 9120 9119 9117]  174.14 
[9040 9030 9029 9026]  -16.43 
[8396 8366 8365 8363] -113.32 
Mapping
Ligand acceptors to protein hydrogens (mapping then atom ids)
Ligand hydrogens to protein acceptors (mapping then atom ids)
  2  22 [ 23->9396]
Ligand shape atoms to protein points (mapping then atom ids & coords)
  1  5449 [  5->(125.000 244.500 357.750)]
  4  3022 [ 12->(122.250 245.750 357.500)]
  5  6467 [ 13->(126.750 246.000 355.750)]
Chromosome values
Integers:
  -1   -1   -1   -1   21 5448   -1   -1 3021 6466   -1   -1 
--------------------------------------------------------------------------------


--------------------------------------------------------------------------------
--- Diverse Solutions Stats                                                  ---
--------------------------------------------------------------------------------
  Move attempts                            :  16081
  Move failures                            :    170
  Failure rate                             :   0.011

--------------------------------------------------------------------------------

Current Ranking  3  4  1  2  5  7  6  9 10  8

--------------------------------------------------------------------------------

* GA execution time :                                                           
  total  0.8511 user  0.8378 sys  0.0132

--------------------------------------------------------------------------------
Fitness function evaluations: 16318

--------------------------------------------------------------------------------
--- Ranking analysis                                                         ---
--------------------------------------------------------------------------------


* Final ranked order of GA solutions:                                           
   3  4  1  2  5  7  6  9 10  8 

  _______________________________
  RMSD Matrix of RANKED solutions

        2    3    4    5    6    7    8    9   10  

   1 :  4.0  2.5  3.9  5.1  1.6  4.7  4.2  4.5  3.0
   2 :       3.7  5.5  6.1  3.8  5.5  5.7  6.1  4.1
   3 :            4.3  4.5  2.5  4.1  4.4  4.0  1.1
   4 :                 3.1  3.7  2.6  1.0  3.7  4.4
   5 :                      5.0  1.7  2.8  3.3  4.3
   6 :                           4.4  3.9  4.7  3.1
   7 :                                2.6  3.6  4.1
   8 :                                     3.5  4.4
   9 :                                          3.8

  Clustering method                        : complete linkage
  Structure ids in cluster table           : rank nos.
  Ordering of clusters and their members   : by rank (order if from rms_analysis)

  Distance | Clusters
   0.96    |  1 |  2 |  3 |  4  8 |  5 |  6 |  7 |  9 | 10 |
   1.09    |  1 |  2 |  3 10 |  4  8 |  5 |  6 |  7 |  9 |
   1.59    |  1  6 |  2 |  3 10 |  4  8 |  5 |  7 |  9 |
   1.68    |  1  6 |  2 |  3 10 |  4  8 |  5  7 |  9 |
   3.09    |  1  6 |  2 |  3 10 |  4  5  7  8 |  9 |
   3.10    |  1  3  6 10 |  2 |  4  5  7  8 |  9 |
   3.72    |  1  3  6 10 |  2 |  4  5  7  8  9 |
   4.06    |  1  2  3  6 10 |  4  5  7  8  9 |
   6.08    |  1  2  3  4  5  6  7  8  9 10 |
  Finished Docking Ligand                  : /mnt/c/Users/ricca/Desktop/Documents/1_Coding/1_Script_Github/Reverse_Docking_Explore_V3/4uh5/ligand_prepared.mol2
--------------------------------------------------------------------------------

  Relative_Ligand_Energy (best encountered) :  -0.759
  Relative_Ligand_Energy: fitness values have been corrected using this amount
