
--------------------------------------------------------------------------------
--- Ligand                                                                   ---
--------------------------------------------------------------------------------
  Ligand loaded from file                  : /mnt/c/Users/ricca/Desktop/Documents/1_Coding/1_Script_Github/Reverse_Docking_Explore_V3/3nx8/ligand_prepared.mol2
  Ligand name                              :  
  "CT1002167954                                                             "

--------------------------------------------------------------------------------
  N.plc donors                             : 
  none found

  Acidic nitrogen acceptors                : 
  none found
  Sulfur acceptors                         :
  none found


  Donor atoms                              :      2
  8   10  
  Acceptor atoms                           :      3
  9   11  17  

  Hydrogens                                :  (n = 2)
  22   23   

  Lone pairs added to molecule             :      6
  Numbering                                : from 30 to 35

--------------------------------------------------------------------------------
--- Postprocessing of typing                                                 ---
--------------------------------------------------------------------------------
  Fragment file                            : /home/hitesit/CCDC/Discovery_2022/GOLD/gold/rotatable_bond_override.mol2
  acylurea fragment                        : 2 matches
  Ligand bond 15-8  set to flip
  Ligand bond 15-10  set to flip
  Ligand bond 15-10  set to 1
  Ligand bond 15-8  set to 1
  Ligand bond 10-4  set to flip
  Ligand bond 8-3  set to flip
  thioacylthiourea fragment                : no matches
  acylthiourea fragment                    : no matches
  thioacylurea fragment                    : no matches
  diarylamine fragment >C.ar-NH-C.ar<      : no matches
  sec-amine (1) fragment                   : no matches
  sec-amine (2) fragment                   : no matches
  sec-amine (3) fragment                   : no matches
  carboxylic ester                         : no matches

* Rotatable bonds in /mnt/c/Users/ricca/D  :
  [   1    2] [   1    5] 
  No. of rotatable bonds                   :      2


* Reading torsional distributions from file:
  /home/hitesit/CCDC/Discovery_2022/GOLD/gold/gold.tordist
  No. of bins in torsional distributions   :     36
  Minimum size of largest peak             :      0
  Removing high energy torsions            : on
  Delta E set to                           :   2.500

* Fragments found in /mnt/c/Users/ricca/D  :
  atom   2: benzene
  atom   6: benzene
  atom   7: benzene
  atom  13: benzene
  atom  14: benzene
  atom  16: benzene


* Checking torsion distributions:                                               
  No. of matched torsions                  :      0

--------------------------------------------------------------------------------
--- Shape fitting atoms selection (hydrophobic atoms)                        ---
--------------------------------------------------------------------------------
  Molecule                                 : /mnt/c/Users/ricca/Desktop/Documents/1_Coding/1_Script_Github/Reverse_Docking_Explore_V3/3nx8/ligand_prepared.mol2
  Selection                                : carbons only
  Atom numbers                             :  (n = 7)
  5    6    7    12   13   14   16   

--------------------------------------------------------------------------------
--- Diverse Solutions Setup                                                  ---
--------------------------------------------------------------------------------
  Cluster size                             :      2
  RMSD                                     :   2.000
  Refinement                               :      0


--------------------------------------------------------------------------------
--- ChemScore ligand setup summary                                           ---
--------------------------------------------------------------------------------
  ChemScore ligand acceptors               :      3
  9 11 17 
  ChemScore ligand donors                  :      2
  8 ( 22  ) 10 ( 23  ) 
  ChemScore ligand CH donors               :      0
  

  ChemScore ligand lipophilic atoms        :  (n = 9)
  1    2    5    6    7    12   13   14   16   

  ChemScore ligand rotatable bonds         :      2
  1   (C1 ) - 2   (C2 ): SP3_SP2_BOND
  1   (C1 ) - 5   (C5 ): SP3_SP3_BOND

--------------------------------------------------------------------------------
--- PLP ligand setup summary                                                 ---
--------------------------------------------------------------------------------
    1    C1   C.3 NONPOLAR
    2    C2  C.ar NONPOLAR
    3    C3   C.2 NONPOLAR
    4    C4   C.2 NONPOLAR
    5    C5   C.3 NONPOLAR
    6    C6  C.ar NONPOLAR
    7    C7  C.ar NONPOLAR
    8    N8  N.am DONOR
    9    O9   O.2 ACCEPTOR
   10   N10  N.am DONOR
   11   O11   O.2 ACCEPTOR
   12   C12   C.3 NONPOLAR
   13   C13  C.ar NONPOLAR
   14   C14  C.ar NONPOLAR
   15   C15   C.2 NONPOLAR
   16   C16  C.ar NONPOLAR
   17   O17   O.2 ACCEPTOR

--------------------------------------------------------------------------------
--- Automatic parameter setting                                              ---
--------------------------------------------------------------------------------
  Contribution base                        :   2500
  Contribution per rotatable bond          :   6000
  Contribution per df                      :   4000
  Contribution per water                   :  10000
  Ligand rotatable bonds                   :      2
  Protein flexible side chain bonds        :      0
  Total rotatable bonds                    :      2
  Hydrophobic vol ratio (P/L)              :   0.800
  Base multiplier (polar)                  :   1.000
  Base multiplier (apolar)                 :   1.119
  Base contribution                        : 5000.000
  Fitting points                           :      5
  Estimated maxops needed (optimal)        :  17500
  Autoscale factor (in percent)            :     10
  Scaled maxops                            :   2000

--------------------------------------------------------------------------------

* Population settings                                                           
  maxops                                   :   2000
  popsiz                                   :    100
  select_pressure                          :   1.100
  n_islands                                :      1
  niche_siz                                :      2

* GA settings                                                                   
  pt_crosswt                               :    100
  allele_mutatewt                          :    100
  migratewt                                :      0

* Search settings                                                               
  start_vdw_linear_cutoff                  :   6.000
  initial_virtual_pt_match_max             :   3.000
  Scaling of internal VDW energy           : log scale from  0.2 to    1
                                             over 1500 ops
  Sampling interval (operations)           :     20
  Scaling of virtual pt maximum length     : linear scale from    3 to    2
                                             over  1500 ops
  Sampling interval (operations)           :     60
  Scaling of 4-8 potential cutoff          : log scale from    6 to 1.2e+02
                                             over 1500 ops
  Sampling interval (operations)           :     60

--------------------------------------------------------------------------------

* Ligand initialisation time :                                                  
  total  0.1006 user  0.0146 sys  0.0860

--------------------------------------------------------------------------------

--------------------------------------------------------------------------------
** Docking run number  1 **
--------------------------------------------------------------------------------
  Rank fitness base is 5000.00 ; increment is 11.2233

* Initialising population(s) ...                                                
Number of constraints mappings 0
Number of constraints 0
  Population no.                           :      1
  Population size                          :    100
  Number of duplicates                     :      0
  Number of niche violations               :      0


Doing GA, no. of population(s) 1 size 100 selection pressure 1.100000

 Operation      Fitness  S(hb_ext) S(vdw_ext)  S(hb_int)    S(int)      intcor
         0      35.85       0.35      27.37       0.00     -10.71      -0.82
        26      35.76       0.41      27.34       0.00     -10.99      -0.82
        48      39.78       6.54      27.18       0.00     -19.80      -0.82
       309      32.36       6.48      22.79       0.00     -19.80      -0.82
       421      28.64       0.27      20.70       0.00      -0.28      -0.82
Reordering...
       480      27.32       0.22      22.39       0.00     -10.99      -0.82
       497      28.40       6.43      17.07       0.00      -4.47      -0.82
Reordering...
       540      26.22       0.21      21.78       0.00     -10.99      -0.82
       546      28.80       0.00      24.97       0.00     -15.51      -0.82
       671      26.59       0.38      20.14       0.00      -3.65      -0.82
       678      31.47       0.00      23.45       0.00      -1.89      -0.82
       784      39.64       0.02      29.45       0.00      -1.89      -0.82
       900      39.16       0.00      29.20       0.00      -1.89      -0.82
       993      38.87       0.09      28.99       0.00      -1.89      -0.82
--------------------------------------------------------------------------------
Best docking solution after GA:
      2000      37.54       0.04      28.65       0.00      -1.89      -0.82

#ops:       2000 #mutates:    983 #cross:     1017 #dups:       370 
#niche:      990 #errors:       4 
--------------------------------------------------------------------------------

Doing AMOEBA simplex on best individual
Done simplexing #iterations 498, best score  42.99

Ligand is stored in gold_soln_ligand_prepared_m1_1.mol2


--------------------------------------------------------------------------------
--- GoldScore breakdown of terms                                             ---
--------------------------------------------------------------------------------
Fitness = S(hb_ext) + 1.3750*S(vdw_ext) + S(hb_int) + 1.0000*S(int)
S(int)  = S(vdw_int) + S(tors)

Internal terms are relative to best energy found (intcor).

--------------------------------------------------------------------------------


     Fitness  S(hb_ext) S(vdw_ext)  S(hb_int)    S(int)      intcor
     42.99       0.11      32.29       0.00      -1.52      -0.82

--------------------------------------------------------------------------------
--- GoldScore analysis of protein-ligand interactions                        ---
--------------------------------------------------------------------------------

  Ligand acceptor    9 Protein hydrogen 2770 donor 2763 bond energy  2.00 wt 0.02
  Ligand donor   10 hydrogen   23 Protein acceptor  534 bond energy  2.00 wt 0.03

--------------------------------------------------------------------------------

--------------------------------------------------------------------------------
--- Rescoring solution                                                       ---
--------------------------------------------------------------------------------

     Score     S(PLP)   S(hbond)     S(cho)   S(metal)  DE(clash)   DE(tors)
     14.65     -15.22       0.30       0.00       0.00       1.23       0.12

Doing AMOEBA simplex on best individual
Done simplexing #iterations 689, best score  27.26

     Score     S(PLP)   S(hbond)     S(cho)   S(metal)  DE(clash)   DE(tors)
     27.26     -24.61       1.46       0.00       0.00       1.34       0.20

--------------------------------------------------------------------------------
--- CHEMPLP breakdown of terms                                               ---
--------------------------------------------------------------------------------
CHEMPLP = - ( 1.0000*S(PLP) + -3.0000*S(hbond) + -6.0000*S(metal) + -3.0000*S(cho) )

Score = CHEMPLP - 1.0000*DE(clash) - 2.0000*DE(tors)


--------------------------------------------------------------------------------


--------------------------------------------------------------------------------
--- PLP analysis of protein-ligand interactions                              ---
--------------------------------------------------------------------------------
hydrogen bonding        :      -2.99
metal                   :       0.00
buried (polar-nonpolar) :      10.78
nonpolar                :     -35.16
repulsive               :       2.78
--------------------------------------------------------------------------------


--------------------------------------------------------------------------------
--- ChemScore analysis of protein-ligand interactions                        ---
--------------------------------------------------------------------------------

* Hydrogen bonds                                                                
Protein donor 2763 hydrogen 2770 Ligand acceptor    9 bond energy  1.00 wt 1.00
Protein donor  552 hydrogen  556 Ligand acceptor   17 bond energy  1.00 wt 0.46


* CH..O interactions                                                            
  CH group selection                       : activated ring CH (adjacent to hetatom)

--------------------------------------------------------------------------------


--------------------------------------------------------------------------------
--- Intra-ligand clashes                                                     ---
--------------------------------------------------------------------------------

Ligand
  7 (C7   ) -   3 (C3   ):   1.34 (dist   2.71)
--------------------------------------------------------------------------------


--------------------------------------------------------------------------------
--- Chromosome decoded                                                       ---
--------------------------------------------------------------------------------
Ligand Torsions
[   6    2    1    3]  169.84
[  12    5    1    2]  175.32
Protein Torsions
[1751 1744 1743 1741]   65.87 
[2770 2763 2761 2758]  -91.33 
[5056 5047 5046 5044]   68.49 
Mapping
Ligand acceptors to protein hydrogens (mapping then atom ids)
Ligand hydrogens to protein acceptors (mapping then atom ids)
Ligand shape atoms to protein points (mapping then atom ids & coords)
  1   457 [  5->( 25.500   8.500  -4.250)]
  2  2082 [  6->( 28.750   9.750  -5.250)]
  3  2367 [  7->( 30.500  10.000  -2.000)]
  5  2212 [ 13->( 29.500  10.000  -3.750)]
  6  2334 [ 14->( 30.250  10.250  -3.500)]
  7  2376 [ 16->( 30.500  10.250  -3.500)]
Chromosome values
Integers:
  -1   -1   -1   -1   -1  456 2081 2366   -1 2211 2333 2375 
--------------------------------------------------------------------------------


--------------------------------------------------------------------------------
--- Diverse Solutions Stats                                                  ---
--------------------------------------------------------------------------------
  Move attempts                            :  15051
  Move failures                            :      0
  Failure rate                             :   0.000

--------------------------------------------------------------------------------

Current Ranking  1

--------------------------------------------------------------------------------

* GA execution time :                                                           
  total  0.9080 user  0.8034 sys  0.1046

--------------------------------------------------------------------------------
Fitness function evaluations: 15053

--------------------------------------------------------------------------------
** Docking run number  2 **
--------------------------------------------------------------------------------
  Rank fitness base is 5000.00 ; increment is 11.2233

* Initialising population(s) ...                                                
Number of constraints mappings 0
Number of constraints 0
  Population no.                           :      1
  Population size                          :    100
  Number of duplicates                     :      0
  Number of niche violations               :      0


Doing GA, no. of population(s) 1 size 100 selection pressure 1.100000

 Operation      Fitness  S(hb_ext) S(vdw_ext)  S(hb_int)    S(int)      intcor
         0      40.68       0.00      31.14       0.00     -10.71      -0.82
       709      38.68       0.00      28.42       0.00      -0.94      -0.82
      1405      37.58       0.00      27.94       0.00      -0.94      -0.82
      1721      37.75       0.00      28.13       0.00      -0.94      -0.82
      1737      38.06       0.00      28.36       0.00      -0.94      -0.82
      1842      38.86       0.00      28.98       0.00      -0.98      -0.82
      1951      39.84       0.00      29.69       0.00      -0.98      -0.82
--------------------------------------------------------------------------------
Best docking solution after GA:
      2000      39.84       0.00      29.69       0.00      -0.98      -0.82

#ops:       2000 #mutates:   1006 #cross:      994 #dups:       412 
#niche:     1040 #errors:       3 
--------------------------------------------------------------------------------

Doing AMOEBA simplex on best individual
Done simplexing #iterations 602, best score  43.72

Ligand is stored in gold_soln_ligand_prepared_m1_2.mol2


--------------------------------------------------------------------------------
--- GoldScore breakdown of terms                                             ---
--------------------------------------------------------------------------------
Fitness = S(hb_ext) + 1.3750*S(vdw_ext) + S(hb_int) + 1.0000*S(int)
S(int)  = S(vdw_int) + S(tors)

Internal terms are relative to best energy found (intcor).

--------------------------------------------------------------------------------


     Fitness  S(hb_ext) S(vdw_ext)  S(hb_int)    S(int)      intcor
     43.72       0.03      32.66       0.00      -1.22      -0.82

--------------------------------------------------------------------------------
--- GoldScore analysis of protein-ligand interactions                        ---
--------------------------------------------------------------------------------

  Ligand donor   10 hydrogen   23 Protein acceptor  534 bond energy  2.00 wt 0.01

--------------------------------------------------------------------------------

--------------------------------------------------------------------------------
--- Rescoring solution                                                       ---
--------------------------------------------------------------------------------

     Score     S(PLP)   S(hbond)     S(cho)   S(metal)  DE(clash)   DE(tors)
      4.18      -6.08       0.05       0.00       0.00       0.00       1.03

Doing AMOEBA simplex on best individual
Done simplexing #iterations 1074, best score  25.55

     Score     S(PLP)   S(hbond)     S(cho)   S(metal)  DE(clash)   DE(tors)
     25.55     -25.60       0.74       0.00       0.00       1.38       0.44

--------------------------------------------------------------------------------
--- CHEMPLP breakdown of terms                                               ---
--------------------------------------------------------------------------------
CHEMPLP = - ( 1.0000*S(PLP) + -3.0000*S(hbond) + -6.0000*S(metal) + -3.0000*S(cho) )

Score = CHEMPLP - 1.0000*DE(clash) - 2.0000*DE(tors)


--------------------------------------------------------------------------------


--------------------------------------------------------------------------------
--- PLP analysis of protein-ligand interactions                              ---
--------------------------------------------------------------------------------
hydrogen bonding        :      -3.35
metal                   :       0.00
buried (polar-nonpolar) :       8.69
nonpolar                :     -35.44
repulsive               :       3.78
--------------------------------------------------------------------------------


--------------------------------------------------------------------------------
--- ChemScore analysis of protein-ligand interactions                        ---
--------------------------------------------------------------------------------

* Hydrogen bonds                                                                
Protein donor 2763 hydrogen 2770 Ligand acceptor    9 bond energy  1.00 wt 0.48
Protein donor  552 hydrogen  556 Ligand acceptor   17 bond energy  1.00 wt 0.26


* CH..O interactions                                                            
  CH group selection                       : activated ring CH (adjacent to hetatom)

--------------------------------------------------------------------------------


--------------------------------------------------------------------------------
--- Intra-ligand clashes                                                     ---
--------------------------------------------------------------------------------

Ligand
  7 (C7   ) -   3 (C3   ):   1.38 (dist   2.71)
--------------------------------------------------------------------------------


--------------------------------------------------------------------------------
--- Chromosome decoded                                                       ---
--------------------------------------------------------------------------------
Ligand Torsions
[   6    2    1    3]  165.27
[  12    5    1    2]  171.29
Protein Torsions
[1751 1744 1743 1741] -175.60 
[2770 2763 2761 2758]  -53.30 
[5056 5047 5046 5044]   39.72 
Mapping
Ligand acceptors to protein hydrogens (mapping then atom ids)
Ligand hydrogens to protein acceptors (mapping then atom ids)
Ligand shape atoms to protein points (mapping then atom ids & coords)
  1   597 [  5->( 25.750   8.250  -3.500)]
  2  2059 [  6->( 28.500  10.500  -5.000)]
  4   271 [ 12->( 25.000   8.750  -4.750)]
  7  2434 [ 16->( 30.750  10.500  -3.750)]
Chromosome values
Integers:
  -1   -1   -1   -1   -1  596 2058   -1  270   -1   -1 2433 
--------------------------------------------------------------------------------


--------------------------------------------------------------------------------
--- Diverse Solutions Stats                                                  ---
--------------------------------------------------------------------------------
  Move attempts                            :  15712
  Move failures                            :      0
  Failure rate                             :   0.000

--------------------------------------------------------------------------------

Current Ranking  2  1

--------------------------------------------------------------------------------

* GA execution time :                                                           
  total  0.8840 user  0.8165 sys  0.0676

--------------------------------------------------------------------------------
Fitness function evaluations: 15713

--------------------------------------------------------------------------------
** Docking run number  3 **
--------------------------------------------------------------------------------
  Rank fitness base is 5000.00 ; increment is 11.2233

* Initialising population(s) ...                                                
Number of constraints mappings 0
Number of constraints 0
  Population no.                           :      1
  Population size                          :    100
  Number of duplicates                     :      0
  Number of niche violations               :      0
  Number of errors                         :     24


Doing GA, no. of population(s) 1 size 100 selection pressure 1.100000

 Operation      Fitness  S(hb_ext) S(vdw_ext)  S(hb_int)    S(int)      intcor
         0      38.96       1.71      28.02       0.00      -6.40      -0.77
       154      37.41       0.05      28.35       0.00      -6.97      -0.77
       186      40.14       0.45      29.02       0.00      -0.86      -0.77
       572      36.96       0.32      26.88       0.00      -0.86      -0.77
       673      34.56       0.27      25.19       0.00      -0.86      -0.77
       819      31.63       0.23      23.13       0.00      -0.86      -0.77
       945      28.37       0.00      20.98       0.00      -0.86      -0.77
      1083      26.46       0.08      21.00       0.00      -3.90      -0.77
Reordering...
      1400      22.54       0.00      16.78       0.00      -0.60      -0.77
Reordering...
      1440      21.93       0.00      18.61       0.00      -3.90      -0.77
Reordering...
      1500      21.44       0.17      18.23       0.00      -3.80      -0.77
      1581      22.65       0.00      16.53       0.00      -0.08      -0.77
      1692      23.03       0.00      17.71       0.00      -1.33      -0.77
      1727      31.01       0.21      23.02       0.00      -0.86      -0.77
--------------------------------------------------------------------------------
Best docking solution after GA:
      2000      31.01       0.21      23.02       0.00      -0.86      -0.77

#ops:       2000 #mutates:    975 #cross:     1025 #dups:       395 
#niche:     1081 #errors:      42 
--------------------------------------------------------------------------------

Doing AMOEBA simplex on best individual
Done simplexing #iterations 586, best score  41.41

Ligand is stored in gold_soln_ligand_prepared_m1_3.mol2


--------------------------------------------------------------------------------
--- GoldScore breakdown of terms                                             ---
--------------------------------------------------------------------------------
Fitness = S(hb_ext) + 1.3750*S(vdw_ext) + S(hb_int) + 1.0000*S(int)
S(int)  = S(vdw_int) + S(tors)

Internal terms are relative to best energy found (intcor).

--------------------------------------------------------------------------------


     Fitness  S(hb_ext) S(vdw_ext)  S(hb_int)    S(int)      intcor
     41.41       1.60      29.50       0.00      -0.75      -0.77

--------------------------------------------------------------------------------
--- GoldScore analysis of protein-ligand interactions                        ---
--------------------------------------------------------------------------------

  Ligand donor    8 hydrogen   22 Protein acceptor 2555 bond energy  2.00 wt 0.80

--------------------------------------------------------------------------------

--------------------------------------------------------------------------------
--- Rescoring solution                                                       ---
--------------------------------------------------------------------------------

     Score     S(PLP)   S(hbond)     S(cho)   S(metal)  DE(clash)   DE(tors)
      9.32      -8.76       1.06       0.00       0.00       0.00       1.32

Doing AMOEBA simplex on best individual
Done simplexing #iterations 801, best score  23.78

     Score     S(PLP)   S(hbond)     S(cho)   S(metal)  DE(clash)   DE(tors)
     23.78     -22.52       1.12       0.00       0.00       0.00       1.05

--------------------------------------------------------------------------------
--- CHEMPLP breakdown of terms                                               ---
--------------------------------------------------------------------------------
CHEMPLP = - ( 1.0000*S(PLP) + -3.0000*S(hbond) + -6.0000*S(metal) + -3.0000*S(cho) )

Score = CHEMPLP - 1.0000*DE(clash) - 2.0000*DE(tors)


--------------------------------------------------------------------------------


--------------------------------------------------------------------------------
--- PLP analysis of protein-ligand interactions                              ---
--------------------------------------------------------------------------------
hydrogen bonding        :      -3.00
metal                   :       0.00
buried (polar-nonpolar) :      14.90
nonpolar                :     -37.65
repulsive               :       2.79
--------------------------------------------------------------------------------


--------------------------------------------------------------------------------
--- ChemScore analysis of protein-ligand interactions                        ---
--------------------------------------------------------------------------------

* Hydrogen bonds                                                                
Ligand donor    8 hydrogen   22 Protein acceptor 2555 bond energy  1.00 wt 0.56
Ligand donor   10 hydrogen   23 Protein acceptor  541 bond energy  1.00 wt 0.56


* CH..O interactions                                                            
  CH group selection                       : activated ring CH (adjacent to hetatom)

--------------------------------------------------------------------------------


--------------------------------------------------------------------------------
--- Intra-ligand clashes                                                     ---
--------------------------------------------------------------------------------

Ligand
--------------------------------------------------------------------------------


--------------------------------------------------------------------------------
--- Chromosome decoded                                                       ---
--------------------------------------------------------------------------------
Ligand Torsions
[   6    2    1    3]   91.73
[  12    5    1    2] -163.43
Protein Torsions
[1751 1744 1743 1741] -164.49 
[2770 2763 2761 2758]   71.83 
[5056 5047 5046 5044]   99.59 
Mapping
Ligand acceptors to protein hydrogens (mapping then atom ids)
Ligand hydrogens to protein acceptors (mapping then atom ids)
Ligand shape atoms to protein points (mapping then atom ids & coords)
  1  2290 [  5->( 30.000  10.250  -4.500)]
  3  1254 [  7->( 26.500  10.000  -0.750)]
  4  1273 [ 12->( 26.500  10.500  -4.250)]
  7  1420 [ 16->( 26.750  10.250   0.250)]
Chromosome values
Integers:
  -1   -1   -1   -1   -1 2289   -1 1253 1272   -1   -1 1419 
--------------------------------------------------------------------------------


--------------------------------------------------------------------------------
--- Diverse Solutions Stats                                                  ---
--------------------------------------------------------------------------------
  Move attempts                            :  15494
  Move failures                            :     65
  Failure rate                             :   0.004

--------------------------------------------------------------------------------

Current Ranking  2  1  3

--------------------------------------------------------------------------------

* GA execution time :                                                           
  total  0.8760 user  0.8210 sys  0.0551

--------------------------------------------------------------------------------
Fitness function evaluations: 15493

--------------------------------------------------------------------------------
** Docking run number  4 **
--------------------------------------------------------------------------------
  Rank fitness base is 5000.00 ; increment is 11.2233

* Initialising population(s) ...                                                
Number of constraints mappings 0
Number of constraints 0
  Population no.                           :      1
  Population size                          :    100
  Number of duplicates                     :      0
  Number of niche violations               :      0
  Number of errors                         :     20


Doing GA, no. of population(s) 1 size 100 selection pressure 1.100000

 Operation      Fitness  S(hb_ext) S(vdw_ext)  S(hb_int)    S(int)      intcor
         0      36.62       6.32      24.19       0.00     -14.83      -0.77
Reordering...
       120      32.93       1.48      26.56       0.00     -22.28      -0.77
Reordering...
       180      31.86       0.13      25.29       0.00     -12.51      -0.77
       273      31.06       0.21      24.84       0.00     -12.51      -0.77
       307      30.63       0.03      26.07       0.00     -19.04      -0.77
       312      30.86       0.07      22.74       0.00      -1.73      -0.77
       314      32.66       1.15      26.47       0.00     -17.67      -0.77
       376      31.44       1.12      25.83       0.00     -17.67      -0.77
       477      33.38       0.97      23.90       0.00      -1.35      -0.77
       520      32.58       0.87      23.41       0.00      -1.35      -0.77
       537      32.63       0.98      23.36       0.00      -1.35      -0.77
       615      31.82       0.74      22.98       0.00      -1.35      -0.77
       623      31.82       0.74      22.99       0.00      -1.35      -0.77
       647      32.66       0.80      23.57       0.00      -1.35      -0.77
       656      32.82       0.90      23.61       0.00      -1.35      -0.77
       765      34.58       0.98      24.88       0.00      -1.35      -0.77
       975      35.22       1.52      25.06       0.00      -1.35      -0.77
      1037      34.62       1.52      24.66       0.00      -1.35      -0.77
      1465      32.27       1.50      23.32       0.00      -1.35      -0.77
      1775      33.18       1.47      24.05       0.00      -1.35      -0.77
      1924      33.28       1.47      24.11       0.00      -1.35      -0.77
--------------------------------------------------------------------------------
Best docking solution after GA:
      2000      33.28       1.47      24.11       0.00      -1.35      -0.77

#ops:       2000 #mutates:   1027 #cross:      973 #dups:       389 
#niche:      991 #errors:      55 
--------------------------------------------------------------------------------

Doing AMOEBA simplex on best individual
Done simplexing #iterations 627, best score  35.81

Ligand is stored in gold_soln_ligand_prepared_m1_4.mol2


--------------------------------------------------------------------------------
--- GoldScore breakdown of terms                                             ---
--------------------------------------------------------------------------------
Fitness = S(hb_ext) + 1.3750*S(vdw_ext) + S(hb_int) + 1.0000*S(int)
S(int)  = S(vdw_int) + S(tors)

Internal terms are relative to best energy found (intcor).

--------------------------------------------------------------------------------


     Fitness  S(hb_ext) S(vdw_ext)  S(hb_int)    S(int)      intcor
     35.81       1.55      25.42       0.00      -0.69      -0.77

--------------------------------------------------------------------------------
--- GoldScore analysis of protein-ligand interactions                        ---
--------------------------------------------------------------------------------

  Ligand donor   10 hydrogen   23 Protein acceptor 2555 bond energy  2.00 wt 0.78

--------------------------------------------------------------------------------

--------------------------------------------------------------------------------
--- Rescoring solution                                                       ---
--------------------------------------------------------------------------------

     Score     S(PLP)   S(hbond)     S(cho)   S(metal)  DE(clash)   DE(tors)
     15.05     -14.00       1.09       0.00       0.00       0.00       1.10

Doing AMOEBA simplex on best individual
Done simplexing #iterations 706, best score  28.11

     Score     S(PLP)   S(hbond)     S(cho)   S(metal)  DE(clash)   DE(tors)
     28.11     -26.75       1.23       0.00       0.00       0.00       1.16

--------------------------------------------------------------------------------
--- CHEMPLP breakdown of terms                                               ---
--------------------------------------------------------------------------------
CHEMPLP = - ( 1.0000*S(PLP) + -3.0000*S(hbond) + -6.0000*S(metal) + -3.0000*S(cho) )

Score = CHEMPLP - 1.0000*DE(clash) - 2.0000*DE(tors)


--------------------------------------------------------------------------------


--------------------------------------------------------------------------------
--- PLP analysis of protein-ligand interactions                              ---
--------------------------------------------------------------------------------
hydrogen bonding        :      -3.44
metal                   :       0.00
buried (polar-nonpolar) :      10.63
nonpolar                :     -35.71
repulsive               :       2.09
--------------------------------------------------------------------------------


--------------------------------------------------------------------------------
--- ChemScore analysis of protein-ligand interactions                        ---
--------------------------------------------------------------------------------

* Hydrogen bonds                                                                
Ligand donor    8 hydrogen   22 Protein acceptor  541 bond energy  1.00 wt 0.24
Ligand donor   10 hydrogen   23 Protein acceptor 2555 bond energy  1.00 wt 0.99


* CH..O interactions                                                            
  CH group selection                       : activated ring CH (adjacent to hetatom)

--------------------------------------------------------------------------------


--------------------------------------------------------------------------------
--- Intra-ligand clashes                                                     ---
--------------------------------------------------------------------------------

Ligand
--------------------------------------------------------------------------------


--------------------------------------------------------------------------------
--- Chromosome decoded                                                       ---
--------------------------------------------------------------------------------
Ligand Torsions
[   6    2    1    3]  144.35
[  12    5    1    2]  166.40
Protein Torsions
[1751 1744 1743 1741] -103.74 
[2770 2763 2761 2758]  -70.79 
[5056 5047 5046 5044]  102.59 
Mapping
Ligand acceptors to protein hydrogens (mapping then atom ids)
Ligand hydrogens to protein acceptors (mapping then atom ids)
  2  26 [ 23->2555]
Ligand shape atoms to protein points (mapping then atom ids & coords)
  1  1213 [  5->( 26.500   9.500  -1.250)]
  2  2126 [  6->( 29.000   9.750  -4.750)]
  7  2206 [ 16->( 29.500  10.000  -5.250)]
Chromosome values
Integers:
  -1   -1   -1   -1   25 1212 2125   -1   -1   -1   -1 2205 
--------------------------------------------------------------------------------


--------------------------------------------------------------------------------
--- Diverse Solutions Stats                                                  ---
--------------------------------------------------------------------------------
  Move attempts                            :  15333
  Move failures                            :     67
  Failure rate                             :   0.004

--------------------------------------------------------------------------------

Current Ranking  2  1  3  4

--------------------------------------------------------------------------------

* GA execution time :                                                           
  total  0.9096 user  0.7954 sys  0.1142

--------------------------------------------------------------------------------
Fitness function evaluations: 15339

--------------------------------------------------------------------------------
** Docking run number  5 **
--------------------------------------------------------------------------------
  Rank fitness base is 5000.00 ; increment is 11.2233

* Initialising population(s) ...                                                
Number of constraints mappings 0
Number of constraints 0
  Population no.                           :      1
  Population size                          :    100
  Number of duplicates                     :      0
  Number of niche violations               :      0
  Number of errors                         :     21


Doing GA, no. of population(s) 1 size 100 selection pressure 1.100000

 Operation      Fitness  S(hb_ext) S(vdw_ext)  S(hb_int)    S(int)      intcor
         0      37.80       6.00      25.59       0.00     -16.91      -0.76
Reordering...
        60      36.94       0.09      29.03       0.00     -14.36      -0.76
        61      38.07       6.01      24.19       0.00      -5.64      -0.76
        73      40.48       6.15      25.84       0.00      -5.64      -0.76
       255      38.28       5.34      25.02       0.00      -5.64      -0.76
Reordering...
       360      35.64       0.06      27.17       0.00      -6.07      -0.76
       480      34.01       0.05      26.17       0.00      -6.07      -0.76
       487      37.38       4.88      23.82       0.00      -0.77      -0.76
Reordering...
       500      33.96       0.05      26.17       0.00      -6.07      -0.76
       776      30.79       2.62      20.76       0.00      -0.84      -0.76
Reordering...
       780      30.12       0.03      23.93       0.00      -6.07      -0.76
      1069      27.85       0.04      22.56       0.00      -5.14      -0.76
      1107      28.57       4.11      20.41       0.00      -5.55      -0.76
Reordering...
      1200      26.05       0.02      21.64       0.00      -5.14      -0.76
Reordering...
      1380      23.52       1.51      19.55       0.00      -5.55      -0.76
Reordering...
      1420      23.32       0.00      20.39       0.00      -5.14      -0.76
Reordering...
      1440      23.12       1.43      19.55       0.00      -5.55      -0.76
      1812      27.84       1.15      20.42       0.00      -1.38      -0.76
      1933      27.85       1.15      20.44       0.00      -1.41      -0.76
--------------------------------------------------------------------------------
Best docking solution after GA:
      2000      27.85       1.15      20.44       0.00      -1.41      -0.76

#ops:       2000 #mutates:    977 #cross:     1023 #dups:       365 
#niche:     1125 #errors:      62 
--------------------------------------------------------------------------------

Doing AMOEBA simplex on best individual
Done simplexing #iterations 597, best score  32.93

Ligand is stored in gold_soln_ligand_prepared_m1_5.mol2


--------------------------------------------------------------------------------
--- GoldScore breakdown of terms                                             ---
--------------------------------------------------------------------------------
Fitness = S(hb_ext) + 1.3750*S(vdw_ext) + S(hb_int) + 1.0000*S(int)
S(int)  = S(vdw_int) + S(tors)

Internal terms are relative to best energy found (intcor).

--------------------------------------------------------------------------------


     Fitness  S(hb_ext) S(vdw_ext)  S(hb_int)    S(int)      intcor
     32.93       0.44      24.73       0.00      -1.51      -0.76

--------------------------------------------------------------------------------
--- GoldScore analysis of protein-ligand interactions                        ---
--------------------------------------------------------------------------------

  Ligand donor   10 hydrogen   23 Protein acceptor 2777 bond energy  6.00 wt 0.07

--------------------------------------------------------------------------------

--------------------------------------------------------------------------------
--- Rescoring solution                                                       ---
--------------------------------------------------------------------------------

     Score     S(PLP)   S(hbond)     S(cho)   S(metal)  DE(clash)   DE(tors)
    -14.44      13.27       0.19       0.00       0.00       0.63       0.55

Doing AMOEBA simplex on best individual
Done simplexing #iterations 891, best score  15.98

     Score     S(PLP)   S(hbond)     S(cho)   S(metal)  DE(clash)   DE(tors)
     15.98     -16.97       0.27       0.00       0.00       0.00       0.91

--------------------------------------------------------------------------------
--- CHEMPLP breakdown of terms                                               ---
--------------------------------------------------------------------------------
CHEMPLP = - ( 1.0000*S(PLP) + -3.0000*S(hbond) + -6.0000*S(metal) + -3.0000*S(cho) )

Score = CHEMPLP - 1.0000*DE(clash) - 2.0000*DE(tors)


--------------------------------------------------------------------------------


--------------------------------------------------------------------------------
--- PLP analysis of protein-ligand interactions                              ---
--------------------------------------------------------------------------------
hydrogen bonding        :      -1.00
metal                   :       0.00
buried (polar-nonpolar) :      11.33
nonpolar                :     -34.33
repulsive               :       5.68
--------------------------------------------------------------------------------


--------------------------------------------------------------------------------
--- ChemScore analysis of protein-ligand interactions                        ---
--------------------------------------------------------------------------------

* Hydrogen bonds                                                                
Ligand donor    8 hydrogen   22 Protein acceptor 2555 bond energy  1.00 wt 0.27


* CH..O interactions                                                            
  CH group selection                       : activated ring CH (adjacent to hetatom)

--------------------------------------------------------------------------------


--------------------------------------------------------------------------------
--- Intra-ligand clashes                                                     ---
--------------------------------------------------------------------------------

Ligand
--------------------------------------------------------------------------------


--------------------------------------------------------------------------------
--- Chromosome decoded                                                       ---
--------------------------------------------------------------------------------
Ligand Torsions
[   6    2    1    3]   80.43
[  12    5    1    2] -176.68
Protein Torsions
[1751 1744 1743 1741]  158.74 
[2770 2763 2761 2758]  -52.85 
[5056 5047 5046 5044] -100.60 
Mapping
Ligand acceptors to protein hydrogens (mapping then atom ids)
Ligand hydrogens to protein acceptors (mapping then atom ids)
  2  29 [ 23->2777]
Ligand shape atoms to protein points (mapping then atom ids & coords)
  2  2033 [  6->( 28.500   9.750  -4.250)]
  3  2277 [  7->( 30.000  10.000  -4.000)]
  4  1200 [ 12->( 26.500   9.500  -4.500)]
  7  2422 [ 16->( 30.750  10.250  -3.250)]
Chromosome values
Integers:
  -1   -1   -1   -1   28   -1 2032 2276 1199   -1   -1 2421 
--------------------------------------------------------------------------------


--------------------------------------------------------------------------------
--- Diverse Solutions Stats                                                  ---
--------------------------------------------------------------------------------
  Move attempts                            :  15697
  Move failures                            :     90
  Failure rate                             :   0.006

--------------------------------------------------------------------------------

Current Ranking  2  1  3  4  5

--------------------------------------------------------------------------------

* GA execution time :                                                           
  total  0.9327 user  0.8405 sys  0.0922

--------------------------------------------------------------------------------
Fitness function evaluations: 15700

--------------------------------------------------------------------------------
** Docking run number  6 **
--------------------------------------------------------------------------------
  Rank fitness base is 5000.00 ; increment is 11.2233

* Initialising population(s) ...                                                
Number of constraints mappings 0
Number of constraints 0
  Population no.                           :      1
  Population size                          :    100
  Number of duplicates                     :      0
  Number of niche violations               :      0
  Number of errors                         :     26


Doing GA, no. of population(s) 1 size 100 selection pressure 1.100000

 Operation      Fitness  S(hb_ext) S(vdw_ext)  S(hb_int)    S(int)      intcor
         0      39.75       0.12      30.55       0.00     -11.91      -0.76
        80      39.86       0.85      30.26       0.00     -11.91      -0.76
       542      32.59       1.43      23.09       0.00      -1.67      -0.76
       682      33.76       1.31      24.10       0.00      -1.67      -0.76
       778      33.09       1.25      23.70       0.00      -1.67      -0.76
       785      33.39       1.38      25.47       0.00      -6.52      -0.76
      1040      33.35       1.51      26.05       0.00      -6.52      -0.76
      1046      34.56       1.49      26.95       0.00      -6.52      -0.76
      1048      34.56       1.49      26.95       0.00      -6.52      -0.76
      1191      37.03       1.48      27.57       0.00      -3.33      -0.76
      1303      36.96       1.48      27.95       0.00      -3.65      -0.76
      1513      36.72       0.25      29.18       0.00      -3.65      -0.76
--------------------------------------------------------------------------------
Best docking solution after GA:
      2000      36.72       0.25      29.18       0.00      -3.65      -0.76

#ops:       2000 #mutates:    986 #cross:     1014 #dups:       397 
#niche:     1132 #errors:      33 
--------------------------------------------------------------------------------

Doing AMOEBA simplex on best individual
Done simplexing #iterations 540, best score  40.11

Ligand is stored in gold_soln_ligand_prepared_m1_6.mol2


--------------------------------------------------------------------------------
--- GoldScore breakdown of terms                                             ---
--------------------------------------------------------------------------------
Fitness = S(hb_ext) + 1.3750*S(vdw_ext) + S(hb_int) + 1.0000*S(int)
S(int)  = S(vdw_int) + S(tors)

Internal terms are relative to best energy found (intcor).

--------------------------------------------------------------------------------


     Fitness  S(hb_ext) S(vdw_ext)  S(hb_int)    S(int)      intcor
     40.11       0.24      31.60       0.00      -3.59      -0.76

--------------------------------------------------------------------------------
--- GoldScore analysis of protein-ligand interactions                        ---
--------------------------------------------------------------------------------

  Ligand donor    8 hydrogen   22 Protein acceptor 2555 bond energy  2.00 wt 0.07
  Ligand donor   10 hydrogen   23 Protein acceptor  541 bond energy  2.00 wt 0.05

--------------------------------------------------------------------------------

--------------------------------------------------------------------------------
--- Rescoring solution                                                       ---
--------------------------------------------------------------------------------

     Score     S(PLP)   S(hbond)     S(cho)   S(metal)  DE(clash)   DE(tors)
      0.27       0.27       0.96       0.00       0.00       0.00       1.17

Doing AMOEBA simplex on best individual
Done simplexing #iterations 777, best score  26.27

     Score     S(PLP)   S(hbond)     S(cho)   S(metal)  DE(clash)   DE(tors)
     26.27     -23.90       1.44       0.00       0.00       0.00       0.97

--------------------------------------------------------------------------------
--- CHEMPLP breakdown of terms                                               ---
--------------------------------------------------------------------------------
CHEMPLP = - ( 1.0000*S(PLP) + -3.0000*S(hbond) + -6.0000*S(metal) + -3.0000*S(cho) )

Score = CHEMPLP - 1.0000*DE(clash) - 2.0000*DE(tors)


--------------------------------------------------------------------------------


--------------------------------------------------------------------------------
--- PLP analysis of protein-ligand interactions                              ---
--------------------------------------------------------------------------------
hydrogen bonding        :      -3.65
metal                   :       0.00
buried (polar-nonpolar) :      14.89
nonpolar                :     -35.16
repulsive               :       2.15
--------------------------------------------------------------------------------


--------------------------------------------------------------------------------
--- ChemScore analysis of protein-ligand interactions                        ---
--------------------------------------------------------------------------------

* Hydrogen bonds                                                                
Ligand donor    8 hydrogen   22 Protein acceptor 2574 bond energy  1.00 wt 0.83
Ligand donor   10 hydrogen   23 Protein acceptor  541 bond energy  1.00 wt 0.61


* CH..O interactions                                                            
  CH group selection                       : activated ring CH (adjacent to hetatom)

--------------------------------------------------------------------------------


--------------------------------------------------------------------------------
--- Intra-ligand clashes                                                     ---
--------------------------------------------------------------------------------

Ligand
--------------------------------------------------------------------------------


--------------------------------------------------------------------------------
--- Chromosome decoded                                                       ---
--------------------------------------------------------------------------------
Ligand Torsions
[   6    2    1    3]  -95.45
[  12    5    1    2]  -47.97
Protein Torsions
[1751 1744 1743 1741]  160.10 
[2770 2763 2761 2758]   25.69 
[5056 5047 5046 5044]   13.73 
Mapping
Ligand acceptors to protein hydrogens (mapping then atom ids)
Ligand hydrogens to protein acceptors (mapping then atom ids)
  2  27 [ 23-> 541]
Ligand shape atoms to protein points (mapping then atom ids & coords)
  1  1703 [  5->( 27.500   9.250  -5.750)]
  5   904 [ 13->( 26.000  10.000   0.250)]
Chromosome values
Integers:
  -1   -1   -1   -1   26 1702   -1   -1   -1  903   -1   -1 
--------------------------------------------------------------------------------


--------------------------------------------------------------------------------
--- Diverse Solutions Stats                                                  ---
--------------------------------------------------------------------------------
  Move attempts                            :  15291
  Move failures                            :     56
  Failure rate                             :   0.004

--------------------------------------------------------------------------------

Current Ranking  2  1  3  6  4  5

--------------------------------------------------------------------------------

* GA execution time :                                                           
  total  0.8465 user  0.7382 sys  0.1082

--------------------------------------------------------------------------------
Fitness function evaluations: 15293

--------------------------------------------------------------------------------
** Docking run number  7 **
--------------------------------------------------------------------------------
  Rank fitness base is 5000.00 ; increment is 11.2233

* Initialising population(s) ...                                                
Number of constraints mappings 0
Number of constraints 0
  Population no.                           :      1
  Population size                          :    100
  Number of duplicates                     :      0
  Number of niche violations               :      0
  Number of errors                         :     36


Doing GA, no. of population(s) 1 size 100 selection pressure 1.100000

 Operation      Fitness  S(hb_ext) S(vdw_ext)  S(hb_int)    S(int)      intcor
         0      38.52       0.16      28.83       0.00      -6.40      -0.76
       177      38.05       2.99      25.76       0.00      -1.53      -0.76
       223      38.14       1.77      26.74       0.00      -1.53      -0.76
       268      37.68       1.73      26.44       0.00      -1.53      -0.76
       327      37.42       1.68      26.49       0.00      -2.43      -0.76
       456      36.34       1.59      25.84       0.00      -2.43      -0.76
       604      34.39       0.26      25.16       0.00      -1.24      -0.76
Reordering...
       660      33.35       1.40      23.95       0.00      -2.43      -0.76
       696      33.48       1.40      24.07       0.00      -2.43      -0.76
       898      30.89       1.52      21.77       0.00      -1.08      -0.76
      1034      29.07       0.29      21.42       0.00      -1.14      -0.76
      1232      30.19       0.00      22.60       0.00      -1.19      -0.76
      1546      27.23       0.00      20.67       0.00      -1.19      -0.76
--------------------------------------------------------------------------------
Best docking solution after GA:
      2000      27.23       0.00      20.67       0.00      -1.19      -0.76

#ops:       2000 #mutates:    953 #cross:     1047 #dups:       403 
#niche:     1097 #errors:      62 
--------------------------------------------------------------------------------

Doing AMOEBA simplex on best individual
Done simplexing #iterations 403, best score  37.95

Ligand is stored in gold_soln_ligand_prepared_m1_7.mol2


--------------------------------------------------------------------------------
--- GoldScore breakdown of terms                                             ---
--------------------------------------------------------------------------------
Fitness = S(hb_ext) + 1.3750*S(vdw_ext) + S(hb_int) + 1.0000*S(int)
S(int)  = S(vdw_int) + S(tors)

Internal terms are relative to best energy found (intcor).

--------------------------------------------------------------------------------


     Fitness  S(hb_ext) S(vdw_ext)  S(hb_int)    S(int)      intcor
     37.95       0.04      28.03       0.00      -0.63      -0.76

--------------------------------------------------------------------------------
--- GoldScore analysis of protein-ligand interactions                        ---
--------------------------------------------------------------------------------

  Ligand donor    8 hydrogen   22 Protein acceptor 2574 bond energy  2.00 wt 0.02

--------------------------------------------------------------------------------

--------------------------------------------------------------------------------
--- Rescoring solution                                                       ---
--------------------------------------------------------------------------------

     Score     S(PLP)   S(hbond)     S(cho)   S(metal)  DE(clash)   DE(tors)
     -1.60      -0.34       0.03       0.00       0.00       0.00       1.01

Doing AMOEBA simplex on best individual
Done simplexing #iterations 728, best score  17.36

     Score     S(PLP)   S(hbond)     S(cho)   S(metal)  DE(clash)   DE(tors)
     17.36     -19.16       0.00       0.00       0.00       0.00       0.90

--------------------------------------------------------------------------------
--- CHEMPLP breakdown of terms                                               ---
--------------------------------------------------------------------------------
CHEMPLP = - ( 1.0000*S(PLP) + -3.0000*S(hbond) + -6.0000*S(metal) + -3.0000*S(cho) )

Score = CHEMPLP - 1.0000*DE(clash) - 2.0000*DE(tors)


--------------------------------------------------------------------------------


--------------------------------------------------------------------------------
--- PLP analysis of protein-ligand interactions                              ---
--------------------------------------------------------------------------------
hydrogen bonding        :       0.00
metal                   :       0.00
buried (polar-nonpolar) :      13.05
nonpolar                :     -36.37
repulsive               :       3.72
--------------------------------------------------------------------------------


--------------------------------------------------------------------------------
--- ChemScore analysis of protein-ligand interactions                        ---
--------------------------------------------------------------------------------

* Hydrogen bonds                                                                


* CH..O interactions                                                            
  CH group selection                       : activated ring CH (adjacent to hetatom)

--------------------------------------------------------------------------------


--------------------------------------------------------------------------------
--- Intra-ligand clashes                                                     ---
--------------------------------------------------------------------------------

Ligand
--------------------------------------------------------------------------------


--------------------------------------------------------------------------------
--- Chromosome decoded                                                       ---
--------------------------------------------------------------------------------
Ligand Torsions
[   6    2    1    3]  104.51
[  12    5    1    2] -171.12
Protein Torsions
[1751 1744 1743 1741]  146.33 
[2770 2763 2761 2758]  -93.78 
[5056 5047 5046 5044]   92.30 
Mapping
Ligand acceptors to protein hydrogens (mapping then atom ids)
Ligand hydrogens to protein acceptors (mapping then atom ids)
Ligand shape atoms to protein points (mapping then atom ids & coords)
  1   833 [  5->( 26.000   9.250  -5.000)]
  2  2199 [  6->( 29.500   9.750  -5.000)]
  3  1635 [  7->( 27.250   9.750  -1.000)]
  5  2491 [ 13->( 31.000  10.500  -2.750)]
  7  2665 [ 16->( 31.750  10.500  -3.750)]
Chromosome values
Integers:
  -1   -1   -1   -1   -1  832 2198 1634   -1 2490   -1 2664 
--------------------------------------------------------------------------------


--------------------------------------------------------------------------------
--- Diverse Solutions Stats                                                  ---
--------------------------------------------------------------------------------
  Move attempts                            :  15248
  Move failures                            :    548
  Failure rate                             :   0.036

--------------------------------------------------------------------------------

Current Ranking  2  1  3  6  7  4  5

--------------------------------------------------------------------------------

* GA execution time :                                                           
  total  0.8178 user  0.7955 sys  0.0223

--------------------------------------------------------------------------------
Fitness function evaluations: 15248

--------------------------------------------------------------------------------
** Docking run number  8 **
--------------------------------------------------------------------------------
  Rank fitness base is 5000.00 ; increment is 11.2233

* Initialising population(s) ...                                                
Number of constraints mappings 0
Number of constraints 0
  Population no.                           :      1
  Population size                          :    100
  Number of duplicates                     :      0
  Number of niche violations               :      0
  Number of errors                         :     37


Doing GA, no. of population(s) 1 size 100 selection pressure 1.100000

 Operation      Fitness  S(hb_ext) S(vdw_ext)  S(hb_int)    S(int)      intcor
         0      35.60       1.47      27.19       0.00     -16.32      -0.76
        46      37.00       2.04      30.13       0.00     -31.02      -0.76
Reordering...
       360      29.94       1.71      27.49       0.00     -32.52      -0.76
       372      30.87       1.84      28.07       0.00     -32.52      -0.76
       564      32.94       1.93      23.58       0.00      -3.86      -0.76
Reordering...
       660      30.38       1.81      22.29       0.00      -5.11      -0.76
       697      30.39       1.81      22.33       0.00      -5.11      -0.76
       740      30.06       1.49      22.42       0.00      -5.11      -0.76
       804      29.20       1.49      21.91       0.00      -5.11      -0.76
       890      28.46       2.20      19.60       0.00      -1.35      -0.76
Reordering...
       900      27.15       1.47      20.62       0.00      -5.11      -0.76
      1065      25.08       1.46      19.49       0.00      -5.11      -0.76
Reordering...
      1260      20.37       1.81      16.38       0.00      -5.11      -0.76
      1273      21.32       1.43      15.92       0.00      -2.60      -0.76
      1309      25.05       1.43      18.26       0.00      -1.84      -0.76
      1618      18.31       1.40      13.64       0.00      -1.84      -0.76
      1650      18.61       1.81      13.57       0.00      -1.84      -0.76
      1677      18.61       1.81      13.57       0.00      -1.84      -0.76
      1888      18.82       1.80      13.62       0.00      -1.71      -0.76
      1908      19.43       1.80      14.06       0.00      -1.71      -0.76
--------------------------------------------------------------------------------
Best docking solution after GA:
      2000      19.43       1.80      14.06       0.00      -1.71      -0.76

#ops:       2000 #mutates:    968 #cross:     1032 #dups:       471 
#niche:     1028 #errors:      66 
--------------------------------------------------------------------------------

Doing AMOEBA simplex on best individual
Done simplexing #iterations 706, best score  25.54

Ligand is stored in gold_soln_ligand_prepared_m1_8.mol2


--------------------------------------------------------------------------------
--- GoldScore breakdown of terms                                             ---
--------------------------------------------------------------------------------
Fitness = S(hb_ext) + 1.3750*S(vdw_ext) + S(hb_int) + 1.0000*S(int)
S(int)  = S(vdw_int) + S(tors)

Internal terms are relative to best energy found (intcor).

--------------------------------------------------------------------------------


     Fitness  S(hb_ext) S(vdw_ext)  S(hb_int)    S(int)      intcor
     25.54       1.64      18.21       0.00      -1.13      -0.76

--------------------------------------------------------------------------------
--- GoldScore analysis of protein-ligand interactions                        ---
--------------------------------------------------------------------------------

  Ligand donor   10 hydrogen   23 Protein acceptor 2574 bond energy  2.00 wt 0.82

--------------------------------------------------------------------------------

--------------------------------------------------------------------------------
--- Rescoring solution                                                       ---
--------------------------------------------------------------------------------

     Score     S(PLP)   S(hbond)     S(cho)   S(metal)  DE(clash)   DE(tors)
      6.09      -5.11       1.01       0.00       0.00       0.44       0.81

Doing AMOEBA simplex on best individual
Done simplexing #iterations 955, best score  29.36

     Score     S(PLP)   S(hbond)     S(cho)   S(metal)  DE(clash)   DE(tors)
     29.36     -27.93       1.21       0.00       0.00       0.00       1.09

--------------------------------------------------------------------------------
--- CHEMPLP breakdown of terms                                               ---
--------------------------------------------------------------------------------
CHEMPLP = - ( 1.0000*S(PLP) + -3.0000*S(hbond) + -6.0000*S(metal) + -3.0000*S(cho) )

Score = CHEMPLP - 1.0000*DE(clash) - 2.0000*DE(tors)


--------------------------------------------------------------------------------


--------------------------------------------------------------------------------
--- PLP analysis of protein-ligand interactions                              ---
--------------------------------------------------------------------------------
hydrogen bonding        :      -3.57
metal                   :       0.00
buried (polar-nonpolar) :      11.75
nonpolar                :     -37.66
repulsive               :       2.03
--------------------------------------------------------------------------------


--------------------------------------------------------------------------------
--- ChemScore analysis of protein-ligand interactions                        ---
--------------------------------------------------------------------------------

* Hydrogen bonds                                                                
Ligand donor    8 hydrogen   22 Protein acceptor  541 bond energy  1.00 wt 0.23
Ligand donor   10 hydrogen   23 Protein acceptor 2555 bond energy  1.00 wt 0.98


* CH..O interactions                                                            
  CH group selection                       : activated ring CH (adjacent to hetatom)

--------------------------------------------------------------------------------


--------------------------------------------------------------------------------
--- Intra-ligand clashes                                                     ---
--------------------------------------------------------------------------------

Ligand
--------------------------------------------------------------------------------


--------------------------------------------------------------------------------
--- Chromosome decoded                                                       ---
--------------------------------------------------------------------------------
Ligand Torsions
[   6    2    1    3]  161.83
[  12    5    1    2]  168.91
Protein Torsions
[1751 1744 1743 1741]   15.56 
[2770 2763 2761 2758]   20.43 
[5056 5047 5046 5044]  -41.59 
Mapping
Ligand acceptors to protein hydrogens (mapping then atom ids)
Ligand hydrogens to protein acceptors (mapping then atom ids)
  2  28 [ 23->2574]
Ligand shape atoms to protein points (mapping then atom ids & coords)
  1   902 [  5->( 26.000  10.000  -0.250)]
  3  2062 [  7->( 28.500  10.500  -4.250)]
Chromosome values
Integers:
  -1   -1   -1   -1   27  901   -1 2061   -1   -1   -1   -1 
--------------------------------------------------------------------------------


--------------------------------------------------------------------------------
--- Diverse Solutions Stats                                                  ---
--------------------------------------------------------------------------------
  Move attempts                            :  15827
  Move failures                            :     97
  Failure rate                             :   0.006

--------------------------------------------------------------------------------

Current Ranking  2  1  3  6  7  4  5  8

--------------------------------------------------------------------------------

* GA execution time :                                                           
  total  1.0447 user  0.8622 sys  0.1825

--------------------------------------------------------------------------------
Fitness function evaluations: 15831

--------------------------------------------------------------------------------
** Docking run number  9 **
--------------------------------------------------------------------------------
  Rank fitness base is 5000.00 ; increment is 11.2233

* Initialising population(s) ...                                                
Number of constraints mappings 0
Number of constraints 0
  Population no.                           :      1
  Population size                          :    100
  Number of duplicates                     :      0
  Number of niche violations               :      0
  Number of errors                         :     51


Doing GA, no. of population(s) 1 size 100 selection pressure 1.100000

 Operation      Fitness  S(hb_ext) S(vdw_ext)  S(hb_int)    S(int)      intcor
         0      38.98       0.66      28.06       0.00      -1.28      -0.76
       302      32.38       0.57      23.39       0.00      -1.28      -0.76
       306      32.59       0.47      23.55       0.00      -0.98      -0.76
       401      33.08       0.62      23.95       0.00      -1.52      -0.76
       582      29.00       0.56      25.60       0.00     -18.14      -0.76
Reordering...
       780      22.78       2.96      14.77       0.00      -1.07      -0.76
       814      24.58       0.00      18.57       0.00      -2.02      -0.76
       817      25.54       0.51      20.07       0.00      -5.43      -0.76
       832      27.50       0.50      20.17       0.00      -1.52      -0.76
       935      24.13       0.43      19.35       0.00      -5.43      -0.76
       981      22.74       0.00      17.38       0.00      -2.02      -0.76
       988      26.26       0.00      19.94       0.00      -2.02      -0.76
Reordering...
      1200      20.09       0.43      17.01       0.00      -5.14      -0.76
      1693      17.73       0.53      16.25       0.00      -5.14      -0.76
      1763      20.80       0.15      15.84       0.00      -1.13      -0.76
--------------------------------------------------------------------------------
Best docking solution after GA:
      2000      20.80       0.15      15.84       0.00      -1.13      -0.76

#ops:       2000 #mutates:    996 #cross:     1004 #dups:       361 
#niche:     1088 #errors:      66 
--------------------------------------------------------------------------------

Doing AMOEBA simplex on best individual
Done simplexing #iterations 684, best score  35.75

Ligand is stored in gold_soln_ligand_prepared_m1_9.mol2


--------------------------------------------------------------------------------
--- GoldScore breakdown of terms                                             ---
--------------------------------------------------------------------------------
Fitness = S(hb_ext) + 1.3750*S(vdw_ext) + S(hb_int) + 1.0000*S(int)
S(int)  = S(vdw_int) + S(tors)

Internal terms are relative to best energy found (intcor).

--------------------------------------------------------------------------------


     Fitness  S(hb_ext) S(vdw_ext)  S(hb_int)    S(int)      intcor
     35.75       0.16      26.39       0.00      -0.69      -0.76

--------------------------------------------------------------------------------
--- GoldScore analysis of protein-ligand interactions                        ---
--------------------------------------------------------------------------------

  Ligand donor    8 hydrogen   22 Protein acceptor  515 bond energy  2.00 wt 0.08

--------------------------------------------------------------------------------

--------------------------------------------------------------------------------
--- Rescoring solution                                                       ---
--------------------------------------------------------------------------------

     Score     S(PLP)   S(hbond)     S(cho)   S(metal)  DE(clash)   DE(tors)
     -2.87       1.08       0.00       0.00       0.00       0.00       0.89

Doing AMOEBA simplex on best individual
Done simplexing #iterations 777, best score  11.05

     Score     S(PLP)   S(hbond)     S(cho)   S(metal)  DE(clash)   DE(tors)
     11.05     -11.83       0.29       0.00       0.00       0.00       0.82

--------------------------------------------------------------------------------
--- CHEMPLP breakdown of terms                                               ---
--------------------------------------------------------------------------------
CHEMPLP = - ( 1.0000*S(PLP) + -3.0000*S(hbond) + -6.0000*S(metal) + -3.0000*S(cho) )

Score = CHEMPLP - 1.0000*DE(clash) - 2.0000*DE(tors)


--------------------------------------------------------------------------------


--------------------------------------------------------------------------------
--- PLP analysis of protein-ligand interactions                              ---
--------------------------------------------------------------------------------
hydrogen bonding        :      -2.35
metal                   :       0.00
buried (polar-nonpolar) :      23.08
nonpolar                :     -41.21
repulsive               :      10.03
--------------------------------------------------------------------------------


--------------------------------------------------------------------------------
--- ChemScore analysis of protein-ligand interactions                        ---
--------------------------------------------------------------------------------

* Hydrogen bonds                                                                
Ligand donor   10 hydrogen   23 Protein acceptor 1806 bond energy  1.00 wt 0.29


* CH..O interactions                                                            
  CH group selection                       : activated ring CH (adjacent to hetatom)

--------------------------------------------------------------------------------


--------------------------------------------------------------------------------
--- Intra-ligand clashes                                                     ---
--------------------------------------------------------------------------------

Ligand
--------------------------------------------------------------------------------


--------------------------------------------------------------------------------
--- Chromosome decoded                                                       ---
--------------------------------------------------------------------------------
Ligand Torsions
[   6    2    1    3]  144.88
[  12    5    1    2]  166.54
Protein Torsions
[1751 1744 1743 1741]   61.63 
[2770 2763 2761 2758]  -91.24 
[5056 5047 5046 5044]  -91.25 
Mapping
Ligand acceptors to protein hydrogens (mapping then atom ids)
Ligand hydrogens to protein acceptors (mapping then atom ids)
Ligand shape atoms to protein points (mapping then atom ids & coords)
  1   703 [  5->( 25.750  10.000  -2.000)]
  3  2526 [  7->( 31.250  10.250  -4.000)]
  5  2777 [ 13->( 32.250  10.250  -1.750)]
  6  2779 [ 14->( 32.250  10.500  -5.000)]
  7  2868 [ 16->( 32.750  10.250  -2.750)]
Chromosome values
Integers:
  -1   -1   -1   -1   -1  702   -1 2525   -1 2776 2778 2867 
--------------------------------------------------------------------------------


--------------------------------------------------------------------------------
--- Diverse Solutions Stats                                                  ---
--------------------------------------------------------------------------------
  Move attempts                            :  15676
  Move failures                            :    114
  Failure rate                             :   0.007

--------------------------------------------------------------------------------

Current Ranking  2  1  3  6  7  4  9  5  8

--------------------------------------------------------------------------------

* GA execution time :                                                           
  total  0.8946 user  0.8216 sys  0.0730

--------------------------------------------------------------------------------
Fitness function evaluations: 15677

--------------------------------------------------------------------------------
** Docking run number 10 **
--------------------------------------------------------------------------------
  Rank fitness base is 5000.00 ; increment is 11.2233

* Initialising population(s) ...                                                
Number of constraints mappings 0
Number of constraints 0
  Population no.                           :      1
  Population size                          :    100
  Number of duplicates                     :      0
  Number of niche violations               :      0
  Number of errors                         :     56


Doing GA, no. of population(s) 1 size 100 selection pressure 1.100000

 Operation      Fitness  S(hb_ext) S(vdw_ext)  S(hb_int)    S(int)      intcor
         0      37.13       0.73      29.82       0.00     -23.02      -0.76
        46      36.93       0.59      29.92       0.00     -23.02      -0.76
       501      28.82       0.81      23.70       0.00     -13.40      -0.76
       714      24.73       0.55      20.55       0.00      -9.61      -0.76
       748      31.44       1.55      22.62       0.00      -2.75      -0.76
      1518      17.30       1.64      14.07       0.00      -3.69      -0.76
      1540      17.65       1.64      14.32       0.00      -3.69      -0.76
      1668      17.94       1.56      12.75       0.00      -1.15      -0.76
      1894      24.45       1.47      17.95       0.00      -1.71      -0.76
--------------------------------------------------------------------------------
Best docking solution after GA:
      2000      24.45       1.47      17.95       0.00      -1.71      -0.76

#ops:       2000 #mutates:   1012 #cross:      988 #dups:       448 
#niche:      953 #errors:      76 
--------------------------------------------------------------------------------

Doing AMOEBA simplex on best individual
Done simplexing #iterations 594, best score  35.92

Ligand is stored in gold_soln_ligand_prepared_m1_10.mol2


--------------------------------------------------------------------------------
--- GoldScore breakdown of terms                                             ---
--------------------------------------------------------------------------------
Fitness = S(hb_ext) + 1.3750*S(vdw_ext) + S(hb_int) + 1.0000*S(int)
S(int)  = S(vdw_int) + S(tors)

Internal terms are relative to best energy found (intcor).

--------------------------------------------------------------------------------


     Fitness  S(hb_ext) S(vdw_ext)  S(hb_int)    S(int)      intcor
     35.92       1.77      25.38       0.00      -0.76      -0.76

--------------------------------------------------------------------------------
--- GoldScore analysis of protein-ligand interactions                        ---
--------------------------------------------------------------------------------

  Ligand donor   10 hydrogen   23 Protein acceptor 2555 bond energy  2.00 wt 0.89

--------------------------------------------------------------------------------

--------------------------------------------------------------------------------
--- Rescoring solution                                                       ---
--------------------------------------------------------------------------------

     Score     S(PLP)   S(hbond)     S(cho)   S(metal)  DE(clash)   DE(tors)
      8.92      -8.80       1.00       0.00       0.00       0.00       1.44

Doing AMOEBA simplex on best individual
Done simplexing #iterations 514, best score  28.87

     Score     S(PLP)   S(hbond)     S(cho)   S(metal)  DE(clash)   DE(tors)
     28.87     -27.92       1.23       0.00       0.00       0.00       1.37

--------------------------------------------------------------------------------
--- CHEMPLP breakdown of terms                                               ---
--------------------------------------------------------------------------------
CHEMPLP = - ( 1.0000*S(PLP) + -3.0000*S(hbond) + -6.0000*S(metal) + -3.0000*S(cho) )

Score = CHEMPLP - 1.0000*DE(clash) - 2.0000*DE(tors)


--------------------------------------------------------------------------------


--------------------------------------------------------------------------------
--- PLP analysis of protein-ligand interactions                              ---
--------------------------------------------------------------------------------
hydrogen bonding        :      -3.57
metal                   :       0.00
buried (polar-nonpolar) :      10.80
nonpolar                :     -37.82
repulsive               :       2.09
--------------------------------------------------------------------------------


--------------------------------------------------------------------------------
--- ChemScore analysis of protein-ligand interactions                        ---
--------------------------------------------------------------------------------

* Hydrogen bonds                                                                
Ligand donor    8 hydrogen   22 Protein acceptor  541 bond energy  1.00 wt 0.23
Ligand donor   10 hydrogen   23 Protein acceptor 2555 bond energy  1.00 wt 1.00


* CH..O interactions                                                            
  CH group selection                       : activated ring CH (adjacent to hetatom)

--------------------------------------------------------------------------------


--------------------------------------------------------------------------------
--- Intra-ligand clashes                                                     ---
--------------------------------------------------------------------------------

Ligand
--------------------------------------------------------------------------------


--------------------------------------------------------------------------------
--- Chromosome decoded                                                       ---
--------------------------------------------------------------------------------
Ligand Torsions
[   6    2    1    3]  -32.75
[  12    5    1    2]  163.80
Protein Torsions
[1751 1744 1743 1741]  155.70 
[2770 2763 2761 2758]  -79.42 
[5056 5047 5046 5044]   96.49 
Mapping
Ligand acceptors to protein hydrogens (mapping then atom ids)
Ligand hydrogens to protein acceptors (mapping then atom ids)
Ligand shape atoms to protein points (mapping then atom ids & coords)
  1  1380 [  5->( 26.750   9.750  -2.750)]
  2  1678 [  6->( 27.250  10.500  -4.000)]
  3  2322 [  7->( 30.250  10.000  -2.750)]
  4   860 [ 12->( 26.000   9.500  -2.250)]
  5  1998 [ 13->( 28.250  10.500  -5.750)]
  6  2465 [ 14->( 31.000  10.000  -1.750)]
  7  2103 [ 16->( 28.750  10.250  -4.750)]
Chromosome values
Integers:
  -1   -1   -1   -1   -1 1379 1677 2321  859 1997 2464 2102 
--------------------------------------------------------------------------------


--------------------------------------------------------------------------------
--- Diverse Solutions Stats                                                  ---
--------------------------------------------------------------------------------
  Move attempts                            :  14978
  Move failures                            :    129
  Failure rate                             :   0.009

--------------------------------------------------------------------------------

Current Ranking  2  1  3  6  7 10  4  9  5  8

--------------------------------------------------------------------------------

* GA execution time :                                                           
  total  0.8395 user  0.8070 sys  0.0325

--------------------------------------------------------------------------------
Fitness function evaluations: 14981

--------------------------------------------------------------------------------
--- Ranking analysis                                                         ---
--------------------------------------------------------------------------------


* Final ranked order of GA solutions:                                           
   2  1  3  6  7 10  4  9  5  8 

  _______________________________
  RMSD Matrix of RANKED solutions

        2    3    4    5    6    7    8    9   10  

   1 :  0.7  3.7  3.6  2.0  2.9  3.2  3.4  2.9  2.9
   2 :       3.7  3.5  1.8  2.9  3.2  3.5  2.8  2.6
   3 :            1.0  3.1  3.3  3.4  3.7  3.4  3.4
   4 :                 2.6  3.0  3.1  3.8  2.9  3.1
   5 :                      2.5  2.7  3.3  1.3  2.6
   6 :                           0.5  2.6  2.5  2.1
   7 :                                2.9  2.6  2.4
   8 :                                     3.1  3.4
   9 :                                          2.9

  Clustering method                        : complete linkage
  Structure ids in cluster table           : rank nos.
  Ordering of clusters and their members   : by rank (order if from rms_analysis)

  Distance | Clusters
   0.53    |  1 |  2 |  3 |  4 |  5 |  6  7 |  8 |  9 | 10 |
   0.72    |  1  2 |  3 |  4 |  5 |  6  7 |  8 |  9 | 10 |
   0.96    |  1  2 |  3  4 |  5 |  6  7 |  8 |  9 | 10 |
   1.34    |  1  2 |  3  4 |  5  9 |  6  7 |  8 | 10 |
   2.39    |  1  2 |  3  4 |  5  9 |  6  7 10 |  8 |
   2.93    |  1  2 |  3  4 |  5  6  7  9 10 |  8 |
   3.19    |  1  2  5  6  7  9 10 |  3  4 |  8 |
   3.52    |  1  2  5  6  7  8  9 10 |  3  4 |
   3.78    |  1  2  3  4  5  6  7  8  9 10 |
  Finished Docking Ligand                  : /mnt/c/Users/ricca/Desktop/Documents/1_Coding/1_Script_Github/Reverse_Docking_Explore_V3/3nx8/ligand_prepared.mol2
--------------------------------------------------------------------------------

  Relative_Ligand_Energy (best encountered) :  -0.759
  Relative_Ligand_Energy: fitness values have been corrected using this amount
