
--------------------------------------------------------------------------------
--- Ligand                                                                   ---
--------------------------------------------------------------------------------
  Ligand loaded from file                  : /mnt/c/Users/ricca/Desktop/Documents/1_Coding/1_Script_Github/Reverse_Docking_Explore_V3/3oog/ligand_prepared.mol2
  Ligand name                              :  
  "CT1002167954                                                             "

--------------------------------------------------------------------------------
  N.plc donors                             : 
  none found

  Acidic nitrogen acceptors                : 
  none found
  Sulfur acceptors                         :
  none found


  Donor atoms                              :      2
  8   10  
  Acceptor atoms                           :      3
  9   11  17  

  Hydrogens                                :  (n = 2)
  22   23   

  Lone pairs added to molecule             :      6
  Numbering                                : from 30 to 35

--------------------------------------------------------------------------------
--- Postprocessing of typing                                                 ---
--------------------------------------------------------------------------------
  Fragment file                            : /home/hitesit/CCDC/Discovery_2022/GOLD/gold/rotatable_bond_override.mol2
  acylurea fragment                        : 2 matches
  Ligand bond 15-8  set to flip
  Ligand bond 15-10  set to flip
  Ligand bond 15-10  set to 1
  Ligand bond 15-8  set to 1
  Ligand bond 10-4  set to flip
  Ligand bond 8-3  set to flip
  thioacylthiourea fragment                : no matches
  acylthiourea fragment                    : no matches
  thioacylurea fragment                    : no matches
  diarylamine fragment >C.ar-NH-C.ar<      : no matches
  sec-amine (1) fragment                   : no matches
  sec-amine (2) fragment                   : no matches
  sec-amine (3) fragment                   : no matches
  carboxylic ester                         : no matches

* Rotatable bonds in /mnt/c/Users/ricca/D  :
  [   1    2] [   1    5] 
  No. of rotatable bonds                   :      2


* Reading torsional distributions from file:
  /home/hitesit/CCDC/Discovery_2022/GOLD/gold/gold.tordist
  No. of bins in torsional distributions   :     36
  Minimum size of largest peak             :      0
  Removing high energy torsions            : on
  Delta E set to                           :   2.500

* Fragments found in /mnt/c/Users/ricca/D  :
  atom   2: benzene
  atom   6: benzene
  atom   7: benzene
  atom  13: benzene
  atom  14: benzene
  atom  16: benzene


* Checking torsion distributions:                                               
  No. of matched torsions                  :      0

--------------------------------------------------------------------------------
--- Shape fitting atoms selection (hydrophobic atoms)                        ---
--------------------------------------------------------------------------------
  Molecule                                 : /mnt/c/Users/ricca/Desktop/Documents/1_Coding/1_Script_Github/Reverse_Docking_Explore_V3/3oog/ligand_prepared.mol2
  Selection                                : carbons only
  Atom numbers                             :  (n = 7)
  5    6    7    12   13   14   16   

--------------------------------------------------------------------------------
--- Diverse Solutions Setup                                                  ---
--------------------------------------------------------------------------------
  Cluster size                             :      2
  RMSD                                     :   2.000
  Refinement                               :      0


--------------------------------------------------------------------------------
--- ChemScore ligand setup summary                                           ---
--------------------------------------------------------------------------------
  ChemScore ligand acceptors               :      3
  9 11 17 
  ChemScore ligand donors                  :      2
  8 ( 22  ) 10 ( 23  ) 
  ChemScore ligand CH donors               :      0
  

  ChemScore ligand lipophilic atoms        :  (n = 9)
  1    2    5    6    7    12   13   14   16   

  ChemScore ligand rotatable bonds         :      2
  1   (C1 ) - 2   (C2 ): SP3_SP2_BOND
  1   (C1 ) - 5   (C5 ): SP3_SP3_BOND

--------------------------------------------------------------------------------
--- PLP ligand setup summary                                                 ---
--------------------------------------------------------------------------------
    1    C1   C.3 NONPOLAR
    2    C2  C.ar NONPOLAR
    3    C3   C.2 NONPOLAR
    4    C4   C.2 NONPOLAR
    5    C5   C.3 NONPOLAR
    6    C6  C.ar NONPOLAR
    7    C7  C.ar NONPOLAR
    8    N8  N.am DONOR
    9    O9   O.2 ACCEPTOR
   10   N10  N.am DONOR
   11   O11   O.2 ACCEPTOR
   12   C12   C.3 NONPOLAR
   13   C13  C.ar NONPOLAR
   14   C14  C.ar NONPOLAR
   15   C15   C.2 NONPOLAR
   16   C16  C.ar NONPOLAR
   17   O17   O.2 ACCEPTOR

--------------------------------------------------------------------------------
--- Automatic parameter setting                                              ---
--------------------------------------------------------------------------------
  Contribution base                        :   2500
  Contribution per rotatable bond          :   6000
  Contribution per df                      :   4000
  Contribution per water                   :  10000
  Ligand rotatable bonds                   :      2
  Protein flexible side chain bonds        :      0
  Total rotatable bonds                    :      2
  Hydrophobic vol ratio (P/L)              :   3.671
  Base multiplier (polar)                  :   1.000
  Base multiplier (apolar)                 :   5.140
  Base contribution                        : 15000.000
  Fitting points                           :      5
  Estimated maxops needed (optimal)        :  27500
  Autoscale factor (in percent)            :     10
  Scaled maxops                            :   3000

--------------------------------------------------------------------------------

* Population settings                                                           
  maxops                                   :   3000
  popsiz                                   :    100
  select_pressure                          :   1.100
  n_islands                                :      1
  niche_siz                                :      2

* GA settings                                                                   
  pt_crosswt                               :    100
  allele_mutatewt                          :    100
  migratewt                                :      0

* Search settings                                                               
  start_vdw_linear_cutoff                  :   6.000
  initial_virtual_pt_match_max             :   3.000
  Scaling of internal VDW energy           : log scale from  0.2 to    1
                                             over 2250 ops
  Sampling interval (operations)           :     30
  Scaling of virtual pt maximum length     : linear scale from    3 to    2
                                             over  2250 ops
  Sampling interval (operations)           :     90
  Scaling of 4-8 potential cutoff          : log scale from    6 to 1.2e+02
                                             over 2250 ops
  Sampling interval (operations)           :     90

--------------------------------------------------------------------------------

* Ligand initialisation time :                                                  
  total  0.1185 user  0.0256 sys  0.0929

--------------------------------------------------------------------------------

--------------------------------------------------------------------------------
** Docking run number  1 **
--------------------------------------------------------------------------------
  Rank fitness base is 5000.00 ; increment is 11.2233

* Initialising population(s) ...                                                
Number of constraints mappings 0
Number of constraints 0
  Population no.                           :      1
  Population size                          :    100
  Number of duplicates                     :      0
  Number of niche violations               :      0
  Number of errors                         :  36447


Doing GA, no. of population(s) 1 size 100 selection pressure 1.100000

 Operation      Fitness  S(hb_ext) S(vdw_ext)  S(hb_int)    S(int)      intcor
         0      29.05       2.95      19.77       0.00      -5.42      -0.83
        54      29.60       3.03      19.90       0.00      -3.90      -0.83
Reordering...
        90      28.45       2.93      19.40       0.00      -5.42      -0.83
       555      24.68       0.07      21.89       0.00     -18.61      -0.83
Reordering...
       570      24.57       2.84      16.99       0.00      -5.42      -0.83
Reordering...
       630      23.88       0.06      21.57       0.00     -18.63      -0.81
       655      29.34       0.13      22.37       0.00      -4.95      -0.81
       732      29.27       0.14      22.49       0.00      -5.36      -0.81
      1402      27.20       0.50      21.51       0.00      -5.37      -0.80
      1566      26.85       0.07      20.39       0.00      -2.06      -0.79
Reordering...
      1890      25.74       0.09      19.63       0.00      -1.72      -0.79
      2090      25.99       0.08      19.57       0.00      -1.13      -0.79
      2098      26.03       0.14      19.55       0.00      -1.13      -0.79
      2311      27.55       0.00      21.53       0.00      -2.06      -0.79
      2434      27.79       0.00      21.71       0.00      -2.06      -0.79
      2607      28.43       0.00      22.03       0.00      -1.86      -0.79
      2857      29.77       0.00      23.07       0.00      -1.96      -0.79
--------------------------------------------------------------------------------
Best docking solution after GA:
      3000      29.77       0.00      23.07       0.00      -1.96      -0.79

#ops:       3000 #mutates:   1549 #cross:     1451 #dups:       644 
#niche:     1337 #errors:     717 
--------------------------------------------------------------------------------

Doing AMOEBA simplex on best individual
Done simplexing #iterations 723, best score  35.71

Ligand is stored in gold_soln_ligand_prepared_m1_1.mol2


--------------------------------------------------------------------------------
--- GoldScore breakdown of terms                                             ---
--------------------------------------------------------------------------------
Fitness = S(hb_ext) + 1.3750*S(vdw_ext) + S(hb_int) + 1.0000*S(int)
S(int)  = S(vdw_int) + S(tors)

Internal terms are relative to best energy found (intcor).

--------------------------------------------------------------------------------


     Fitness  S(hb_ext) S(vdw_ext)  S(hb_int)    S(int)      intcor
     35.71       0.03      27.53       0.00      -2.17      -0.79

--------------------------------------------------------------------------------
--- GoldScore analysis of protein-ligand interactions                        ---
--------------------------------------------------------------------------------

  Ligand acceptor   11 Protein hydrogen  557 donor  547 bond energy  2.00 wt 0.02

--------------------------------------------------------------------------------

--------------------------------------------------------------------------------
--- Rescoring solution                                                       ---
--------------------------------------------------------------------------------

     Score     S(PLP)   S(hbond)     S(cho)   S(metal)  DE(clash)   DE(tors)
     14.03     -15.55       0.00       0.00       0.00       1.23       0.15

Doing AMOEBA simplex on best individual
Done simplexing #iterations 739, best score  26.62

     Score     S(PLP)   S(hbond)     S(cho)   S(metal)  DE(clash)   DE(tors)
     26.62     -28.04       0.00       0.00       0.00       1.28       0.07

--------------------------------------------------------------------------------
--- CHEMPLP breakdown of terms                                               ---
--------------------------------------------------------------------------------
CHEMPLP = - ( 1.0000*S(PLP) + -3.0000*S(hbond) + -6.0000*S(metal) + -3.0000*S(cho) )

Score = CHEMPLP - 1.0000*DE(clash) - 2.0000*DE(tors)


--------------------------------------------------------------------------------


--------------------------------------------------------------------------------
--- PLP analysis of protein-ligand interactions                              ---
--------------------------------------------------------------------------------
hydrogen bonding        :      -1.82
metal                   :       0.00
buried (polar-nonpolar) :       0.62
nonpolar                :     -28.19
repulsive               :       0.21
--------------------------------------------------------------------------------


--------------------------------------------------------------------------------
--- ChemScore analysis of protein-ligand interactions                        ---
--------------------------------------------------------------------------------

* Hydrogen bonds                                                                


* CH..O interactions                                                            
  CH group selection                       : activated ring CH (adjacent to hetatom)

--------------------------------------------------------------------------------


--------------------------------------------------------------------------------
--- Intra-ligand clashes                                                     ---
--------------------------------------------------------------------------------

Ligand
  7 (C7   ) -   3 (C3   ):   1.28 (dist   2.71)
--------------------------------------------------------------------------------


--------------------------------------------------------------------------------
--- Chromosome decoded                                                       ---
--------------------------------------------------------------------------------
Ligand Torsions
[   6    2    1    3]  175.25
[  12    5    1    2]  174.95
Protein Torsions
[3557 3548 3547 3545]    5.93 
[3477 3468 3467 3465]  -92.80 
[3738 3729 3728 3726]   60.66 
[3042 3035 3033 3030]  -59.18 
[4996 4987 4986 4984]  144.90 
[2507 2496 2495 2494]  -30.80 
[1848 1843 1842 1839]  -63.27 
[3092 3083 3082 3080]   -6.96 
[ 556  552  551  548]  114.61 
Mapping
Ligand acceptors to protein hydrogens (mapping then atom ids)
Ligand hydrogens to protein acceptors (mapping then atom ids)
Ligand shape atoms to protein points (mapping then atom ids & coords)
  2  8289 [  6->( 20.750  11.000   2.250)]
  3  8304 [  7->( 20.750  11.250   2.750)]
  4  7619 [ 12->( 20.000   8.250   2.500)]
  7  8747 [ 16->( 21.250  12.250   1.750)]
Chromosome values
Integers:
  -1   -1   -1   -1   -1   -1 8288 8303 7618   -1   -1 8746 
--------------------------------------------------------------------------------


--------------------------------------------------------------------------------
--- Diverse Solutions Stats                                                  ---
--------------------------------------------------------------------------------
  Move attempts                            :  16328
  Move failures                            :      0
  Failure rate                             :   0.000

--------------------------------------------------------------------------------

Current Ranking  1

--------------------------------------------------------------------------------

* GA execution time :                                                           
  total  1.1383 user  1.0742 sys  0.0641

--------------------------------------------------------------------------------
Fitness function evaluations: 53514

--------------------------------------------------------------------------------
** Docking run number  2 **
--------------------------------------------------------------------------------
  Rank fitness base is 5000.00 ; increment is 11.2233

* Initialising population(s) ...                                                
Number of constraints mappings 0
Number of constraints 0
  Population no.                           :      1
  Population size                          :    100
  Number of duplicates                     :      0
  Number of niche violations               :      0
  Number of errors                         :  36049


Doing GA, no. of population(s) 1 size 100 selection pressure 1.100000

 Operation      Fitness  S(hb_ext) S(vdw_ext)  S(hb_int)    S(int)      intcor
         0      28.74       6.31      18.63       0.00     -15.94      -0.79
       271      26.70       6.10      17.28       0.00     -13.05      -0.79
       479      24.37       4.03      15.39       0.00      -2.98      -0.79
       529      27.31       6.93      15.09       0.00      -1.28      -0.79
Reordering...
       990      22.73       5.66      16.70       0.00     -14.52      -0.79
       999      25.76       0.08      19.71       0.00      -3.53      -0.79
      1408      24.79       4.35      14.93       0.00      -0.18      -0.79
      1538      24.11       4.19      14.53       0.00      -0.10      -0.79
      1666      24.53       1.12      17.07       0.00      -0.10      -0.79
      2105      25.52       1.09      17.83       0.00      -0.10      -0.79
      2280      25.81       1.29      17.90       0.00      -0.10      -0.79
      2301      27.15       1.52      18.71       0.00      -0.10      -0.79
      2559      28.05       1.59      19.32       0.00      -0.10      -0.79
--------------------------------------------------------------------------------
Best docking solution after GA:
      3000      28.05       1.59      19.32       0.00      -0.10      -0.79

#ops:       3000 #mutates:   1571 #cross:     1429 #dups:       540 
#niche:     1426 #errors:     593 
--------------------------------------------------------------------------------

Doing AMOEBA simplex on best individual
Done simplexing #iterations 1082, best score  33.12

Ligand is stored in gold_soln_ligand_prepared_m1_2.mol2


--------------------------------------------------------------------------------
--- GoldScore breakdown of terms                                             ---
--------------------------------------------------------------------------------
Fitness = S(hb_ext) + 1.3750*S(vdw_ext) + S(hb_int) + 1.0000*S(int)
S(int)  = S(vdw_int) + S(tors)

Internal terms are relative to best energy found (intcor).

--------------------------------------------------------------------------------


     Fitness  S(hb_ext) S(vdw_ext)  S(hb_int)    S(int)      intcor
     33.12       2.31      22.45       0.00      -0.06      -0.79

--------------------------------------------------------------------------------
--- GoldScore analysis of protein-ligand interactions                        ---
--------------------------------------------------------------------------------

  Ligand acceptor   17 Protein hydrogen 4996 donor 4987 bond energy  2.00 wt 0.99
  Ligand donor   10 hydrogen   23 Protein acceptor  503 bond energy  2.00 wt 0.17

--------------------------------------------------------------------------------

--------------------------------------------------------------------------------
--- Rescoring solution                                                       ---
--------------------------------------------------------------------------------

     Score     S(PLP)   S(hbond)     S(cho)   S(metal)  DE(clash)   DE(tors)
      7.56      -4.07       1.78       0.00       0.00       0.00       0.93

Doing AMOEBA simplex on best individual
Done simplexing #iterations 982, best score  31.75

     Score     S(PLP)   S(hbond)     S(cho)   S(metal)  DE(clash)   DE(tors)
     31.75     -26.32       1.96       0.00       0.00       0.00       0.22

--------------------------------------------------------------------------------
--- CHEMPLP breakdown of terms                                               ---
--------------------------------------------------------------------------------
CHEMPLP = - ( 1.0000*S(PLP) + -3.0000*S(hbond) + -6.0000*S(metal) + -3.0000*S(cho) )

Score = CHEMPLP - 1.0000*DE(clash) - 2.0000*DE(tors)


--------------------------------------------------------------------------------


--------------------------------------------------------------------------------
--- PLP analysis of protein-ligand interactions                              ---
--------------------------------------------------------------------------------
hydrogen bonding        :      -3.28
metal                   :       0.00
buried (polar-nonpolar) :      -0.75
nonpolar                :     -25.77
repulsive               :       1.67
--------------------------------------------------------------------------------


--------------------------------------------------------------------------------
--- ChemScore analysis of protein-ligand interactions                        ---
--------------------------------------------------------------------------------

* Hydrogen bonds                                                                
Ligand donor   10 hydrogen   23 Protein acceptor  503 bond energy  1.00 wt 1.00
Protein donor 4987 hydrogen 4996 Ligand acceptor   17 bond energy  1.00 wt 0.96


* CH..O interactions                                                            
  CH group selection                       : activated ring CH (adjacent to hetatom)

--------------------------------------------------------------------------------


--------------------------------------------------------------------------------
--- Intra-ligand clashes                                                     ---
--------------------------------------------------------------------------------

Ligand
--------------------------------------------------------------------------------


--------------------------------------------------------------------------------
--- Chromosome decoded                                                       ---
--------------------------------------------------------------------------------
Ligand Torsions
[   6    2    1    3]  -76.98
[  12    5    1    2] -169.37
Protein Torsions
[3557 3548 3547 3545]  -21.00 
[3477 3468 3467 3465]  -15.04 
[3738 3729 3728 3726] -176.64 
[3042 3035 3033 3030] -130.90 
[4996 4987 4986 4984]   63.33 
[2507 2496 2495 2494]    9.32 
[1848 1843 1842 1839]   -7.39 
[3092 3083 3082 3080]  -35.08 
[ 556  552  551  548]  -78.14 
Mapping
Ligand acceptors to protein hydrogens (mapping then atom ids)
Ligand hydrogens to protein acceptors (mapping then atom ids)
  2  44 [ 23-> 503]
Ligand shape atoms to protein points (mapping then atom ids & coords)
  1 11789 [  5->( 26.500   8.500  -3.000)]
  3 10637 [  7->( 23.750  10.500  -1.500)]
  4 11949 [ 12->( 26.750   8.000  -3.000)]
  7 10311 [ 16->( 23.250  11.000  -1.500)]
Chromosome values
Integers:
  -1   -1   -1   -1   43 11788   -1 10636 11948   -1   -1 10310 
--------------------------------------------------------------------------------


--------------------------------------------------------------------------------
--- Diverse Solutions Stats                                                  ---
--------------------------------------------------------------------------------
  Move attempts                            :  17412
  Move failures                            :      0
  Failure rate                             :   0.000

--------------------------------------------------------------------------------

Current Ranking  1  2

--------------------------------------------------------------------------------

* GA execution time :                                                           
  total  1.1095 user  1.0591 sys  0.0503

--------------------------------------------------------------------------------
Fitness function evaluations: 54078

--------------------------------------------------------------------------------
** Docking run number  3 **
--------------------------------------------------------------------------------
  Rank fitness base is 5000.00 ; increment is 11.2233

* Initialising population(s) ...                                                
Number of constraints mappings 0
Number of constraints 0
  Population no.                           :      1
  Population size                          :    100
  Number of duplicates                     :      0
  Number of niche violations               :      0
  Number of errors                         :  35281


Doing GA, no. of population(s) 1 size 100 selection pressure 1.100000

 Operation      Fitness  S(hb_ext) S(vdw_ext)  S(hb_int)    S(int)      intcor
         0      30.63       4.95      18.72       0.00      -0.28      -0.77
       573      29.17       4.63      17.92       0.00      -0.30      -0.77
      1222      27.49       4.21      17.03       0.00      -0.30      -0.77
Reordering...
      1350      26.86       2.17      18.53       0.00      -1.52      -0.77
      1594      26.65       2.53      17.92       0.00      -0.84      -0.77
      2131      25.52       7.39      13.28       0.00      -0.15      -0.77
--------------------------------------------------------------------------------
Best docking solution after GA:
      3000      25.47       7.37      13.28       0.00      -0.15      -0.77

#ops:       3000 #mutates:   1502 #cross:     1498 #dups:       560 
#niche:     1462 #errors:     639 
--------------------------------------------------------------------------------

Doing AMOEBA simplex on best individual
Done simplexing #iterations 1120, best score  28.66

Ligand is stored in gold_soln_ligand_prepared_m1_3.mol2


--------------------------------------------------------------------------------
--- GoldScore breakdown of terms                                             ---
--------------------------------------------------------------------------------
Fitness = S(hb_ext) + 1.3750*S(vdw_ext) + S(hb_int) + 1.0000*S(int)
S(int)  = S(vdw_int) + S(tors)

Internal terms are relative to best energy found (intcor).

--------------------------------------------------------------------------------


     Fitness  S(hb_ext) S(vdw_ext)  S(hb_int)    S(int)      intcor
     28.66       7.97      15.13       0.00      -0.12      -0.77

--------------------------------------------------------------------------------
--- GoldScore analysis of protein-ligand interactions                        ---
--------------------------------------------------------------------------------

  Ligand acceptor    9 Protein hydrogen 2507 donor 2496 bond energy  6.00 wt 1.00
  Ligand acceptor   11 Protein hydrogen  557 donor  547 bond energy  2.00 wt 0.99

--------------------------------------------------------------------------------

--------------------------------------------------------------------------------
--- Rescoring solution                                                       ---
--------------------------------------------------------------------------------

     Score     S(PLP)   S(hbond)     S(cho)   S(metal)  DE(clash)   DE(tors)
      8.96      -7.15       1.28       0.00       0.00       0.00       1.02

Doing AMOEBA simplex on best individual
Done simplexing #iterations 1044, best score  27.24

     Score     S(PLP)   S(hbond)     S(cho)   S(metal)  DE(clash)   DE(tors)
     27.24     -21.52       1.94       0.00       0.00       0.00       0.06

--------------------------------------------------------------------------------
--- CHEMPLP breakdown of terms                                               ---
--------------------------------------------------------------------------------
CHEMPLP = - ( 1.0000*S(PLP) + -3.0000*S(hbond) + -6.0000*S(metal) + -3.0000*S(cho) )

Score = CHEMPLP - 1.0000*DE(clash) - 2.0000*DE(tors)


--------------------------------------------------------------------------------


--------------------------------------------------------------------------------
--- PLP analysis of protein-ligand interactions                              ---
--------------------------------------------------------------------------------
hydrogen bonding        :      -3.00
metal                   :       0.00
buried (polar-nonpolar) :      -2.86
nonpolar                :     -16.86
repulsive               :       0.25
--------------------------------------------------------------------------------


--------------------------------------------------------------------------------
--- ChemScore analysis of protein-ligand interactions                        ---
--------------------------------------------------------------------------------

* Hydrogen bonds                                                                
Protein donor 2496 hydrogen 2507 Ligand acceptor    9 bond energy  1.00 wt 0.94
Protein donor  547 hydrogen  557 Ligand acceptor   11 bond energy  1.00 wt 1.00


* CH..O interactions                                                            
  CH group selection                       : activated ring CH (adjacent to hetatom)

--------------------------------------------------------------------------------


--------------------------------------------------------------------------------
--- Intra-ligand clashes                                                     ---
--------------------------------------------------------------------------------

Ligand
--------------------------------------------------------------------------------


--------------------------------------------------------------------------------
--- Chromosome decoded                                                       ---
--------------------------------------------------------------------------------
Ligand Torsions
[   6    2    1    3]  -79.90
[  12    5    1    2] -171.50
Protein Torsions
[3557 3548 3547 3545]  -11.47 
[3477 3468 3467 3465]   62.16 
[3738 3729 3728 3726]  -84.01 
[3042 3035 3033 3030]   -5.07 
[4996 4987 4986 4984]  -13.03 
[2507 2496 2495 2494]  154.40 
[1848 1843 1842 1839]   96.11 
[3092 3083 3082 3080]   66.90 
[ 556  552  551  548]   46.69 
Mapping
Ligand acceptors to protein hydrogens (mapping then atom ids)
Ligand hydrogens to protein acceptors (mapping then atom ids)
Ligand shape atoms to protein points (mapping then atom ids & coords)
  2  7093 [  6->( 19.250   9.500   3.250)]
  3  8024 [  7->( 20.500   9.250   2.750)]
  6  7863 [ 14->( 20.250   9.500   4.250)]
  7  7688 [ 16->( 20.000   9.500   5.000)]
Chromosome values
Integers:
  -1   -1   -1   -1   -1   -1 7092 8023   -1   -1 7862 7687 
--------------------------------------------------------------------------------


--------------------------------------------------------------------------------
--- Diverse Solutions Stats                                                  ---
--------------------------------------------------------------------------------
  Move attempts                            :  17572
  Move failures                            :      0
  Failure rate                             :   0.000

--------------------------------------------------------------------------------

Current Ranking  1  2  3

--------------------------------------------------------------------------------

* GA execution time :                                                           
  total  1.1596 user  1.1258 sys  0.0337

--------------------------------------------------------------------------------
Fitness function evaluations: 53513

--------------------------------------------------------------------------------
** Docking run number  4 **
--------------------------------------------------------------------------------
  Rank fitness base is 5000.00 ; increment is 11.2233

* Initialising population(s) ...                                                
Number of constraints mappings 0
Number of constraints 0
  Population no.                           :      1
  Population size                          :    100
  Number of duplicates                     :      0
  Number of niche violations               :      0
  Number of errors                         :  36407


Doing GA, no. of population(s) 1 size 100 selection pressure 1.100000

 Operation      Fitness  S(hb_ext) S(vdw_ext)  S(hb_int)    S(int)      intcor
         0      26.01       6.60      15.39       0.00      -8.73      -0.77
        80      26.15       6.85      15.36       0.00      -8.73      -0.77
Reordering...
       450      21.08       3.46      14.63       0.00      -9.06      -0.77
       523      21.76       6.51      11.98       0.00      -4.23      -0.77
       531      21.98       5.58      12.85       0.00      -4.43      -0.77
Reordering...
       540      20.80       3.44      14.57       0.00      -9.06      -0.77
       548      21.71       0.00      19.43       0.00     -17.01      -0.77
       660      23.25       2.47      15.42       0.00      -1.32      -0.77
       790      22.98       2.43      15.28       0.00      -1.32      -0.77
       985      24.97       3.66      16.25       0.00      -2.58      -0.77
Reordering...
      1530      22.61       1.58      16.36       0.00      -2.45      -0.77
      2171      21.62       2.51      16.59       0.00      -3.95      -0.77
      2267      22.00       1.45      16.73       0.00      -2.45      -0.77
      2358      22.75       1.42      15.64       0.00      -0.18      -0.77
--------------------------------------------------------------------------------
Best docking solution after GA:
      3000      22.75       1.42      15.64       0.00      -0.18      -0.77

#ops:       3000 #mutates:   1530 #cross:     1470 #dups:       483 
#niche:     1343 #errors:     582 
--------------------------------------------------------------------------------

Doing AMOEBA simplex on best individual
Done simplexing #iterations 1146, best score  31.09

Ligand is stored in gold_soln_ligand_prepared_m1_4.mol2


--------------------------------------------------------------------------------
--- GoldScore breakdown of terms                                             ---
--------------------------------------------------------------------------------
Fitness = S(hb_ext) + 1.3750*S(vdw_ext) + S(hb_int) + 1.0000*S(int)
S(int)  = S(vdw_int) + S(tors)

Internal terms are relative to best energy found (intcor).

--------------------------------------------------------------------------------


     Fitness  S(hb_ext) S(vdw_ext)  S(hb_int)    S(int)      intcor
     31.09       3.46      20.15       0.00      -0.07      -0.77

--------------------------------------------------------------------------------
--- GoldScore analysis of protein-ligand interactions                        ---
--------------------------------------------------------------------------------

  Ligand donor   10 hydrogen   23 Protein acceptor 2756 bond energy  6.00 wt 0.58

--------------------------------------------------------------------------------

--------------------------------------------------------------------------------
--- Rescoring solution                                                       ---
--------------------------------------------------------------------------------

     Score     S(PLP)   S(hbond)     S(cho)   S(metal)  DE(clash)   DE(tors)
     15.70     -13.47       0.85       0.00       0.00       0.00       0.16

Doing AMOEBA simplex on best individual
Done simplexing #iterations 961, best score  31.93

     Score     S(PLP)   S(hbond)     S(cho)   S(metal)  DE(clash)   DE(tors)
     31.93     -29.11       1.00       0.00       0.00       0.00       0.09

--------------------------------------------------------------------------------
--- CHEMPLP breakdown of terms                                               ---
--------------------------------------------------------------------------------
CHEMPLP = - ( 1.0000*S(PLP) + -3.0000*S(hbond) + -6.0000*S(metal) + -3.0000*S(cho) )

Score = CHEMPLP - 1.0000*DE(clash) - 2.0000*DE(tors)


--------------------------------------------------------------------------------


--------------------------------------------------------------------------------
--- PLP analysis of protein-ligand interactions                              ---
--------------------------------------------------------------------------------
hydrogen bonding        :      -1.00
metal                   :       0.00
buried (polar-nonpolar) :      -5.55
nonpolar                :     -23.47
repulsive               :       0.36
--------------------------------------------------------------------------------


--------------------------------------------------------------------------------
--- ChemScore analysis of protein-ligand interactions                        ---
--------------------------------------------------------------------------------

* Hydrogen bonds                                                                
Ligand donor   10 hydrogen   23 Protein acceptor 2756 bond energy  1.00 wt 1.00


* CH..O interactions                                                            
  CH group selection                       : activated ring CH (adjacent to hetatom)

--------------------------------------------------------------------------------


--------------------------------------------------------------------------------
--- Intra-ligand clashes                                                     ---
--------------------------------------------------------------------------------

Ligand
--------------------------------------------------------------------------------


--------------------------------------------------------------------------------
--- Chromosome decoded                                                       ---
--------------------------------------------------------------------------------
Ligand Torsions
[   6    2    1    3]  -66.36
[  12    5    1    2] -174.62
Protein Torsions
[3557 3548 3547 3545]  145.99 
[3477 3468 3467 3465]  -39.49 
[3738 3729 3728 3726]  -33.27 
[3042 3035 3033 3030]  105.42 
[4996 4987 4986 4984]  -15.94 
[2507 2496 2495 2494]  -97.09 
[1848 1843 1842 1839]  131.50 
[3092 3083 3082 3080]   19.77 
[ 556  552  551  548] -127.94 
Mapping
Ligand acceptors to protein hydrogens (mapping then atom ids)
Ligand hydrogens to protein acceptors (mapping then atom ids)
Ligand shape atoms to protein points (mapping then atom ids & coords)
  2 11494 [  6->( 26.000   8.500  -3.750)]
  5 12319 [ 13->( 27.250   8.000  -4.000)]
  7 11797 [ 16->( 26.500   8.750  -3.750)]
Chromosome values
Integers:
  -1   -1   -1   -1   -1   -1 11493   -1   -1 12318   -1 11796 
--------------------------------------------------------------------------------


--------------------------------------------------------------------------------
--- Diverse Solutions Stats                                                  ---
--------------------------------------------------------------------------------
  Move attempts                            :  17410
  Move failures                            :      0
  Failure rate                             :   0.000

--------------------------------------------------------------------------------

Current Ranking  1  2  4  3

--------------------------------------------------------------------------------

* GA execution time :                                                           
  total  1.3425 user  1.2563 sys  0.0861

--------------------------------------------------------------------------------
Fitness function evaluations: 54421

--------------------------------------------------------------------------------
** Docking run number  5 **
--------------------------------------------------------------------------------
  Rank fitness base is 5000.00 ; increment is 11.2233

* Initialising population(s) ...                                                
Number of constraints mappings 0
Number of constraints 0
  Population no.                           :      1
  Population size                          :    100
  Number of duplicates                     :      0
  Number of niche violations               :      0
  Number of errors                         :  36029


Doing GA, no. of population(s) 1 size 100 selection pressure 1.100000

 Operation      Fitness  S(hb_ext) S(vdw_ext)  S(hb_int)    S(int)      intcor
         0      26.22       2.88      19.92       0.00     -20.24      -0.76
       117      25.78       6.57      15.76       0.00     -11.51      -0.76
       143      25.74       6.57      15.77       0.00     -11.51      -0.76
       275      30.22       8.18      16.33       0.00      -1.69      -0.76
       542      29.39       9.11      15.11       0.00      -1.69      -0.76
       763      29.70       8.92      15.53       0.00      -1.69      -0.76
       898      29.53       8.82      15.32       0.00      -0.96      -0.76
      1381      29.66       6.35      17.27       0.00      -0.83      -0.76
      1793      28.78       7.84      15.66       0.00      -0.83      -0.76
Reordering...
      1800      28.34       6.12      16.59       0.00      -0.83      -0.76
--------------------------------------------------------------------------------
Best docking solution after GA:
      3000      27.19       6.00      16.01       0.00      -0.83      -0.76

#ops:       3000 #mutates:   1493 #cross:     1507 #dups:       528 
#niche:     1440 #errors:     649 
--------------------------------------------------------------------------------

Doing AMOEBA simplex on best individual
Done simplexing #iterations 910, best score  31.70

Ligand is stored in gold_soln_ligand_prepared_m1_5.mol2


--------------------------------------------------------------------------------
--- GoldScore breakdown of terms                                             ---
--------------------------------------------------------------------------------
Fitness = S(hb_ext) + 1.3750*S(vdw_ext) + S(hb_int) + 1.0000*S(int)
S(int)  = S(vdw_int) + S(tors)

Internal terms are relative to best energy found (intcor).

--------------------------------------------------------------------------------


     Fitness  S(hb_ext) S(vdw_ext)  S(hb_int)    S(int)      intcor
     31.70       6.32      19.08       0.00      -0.85      -0.76

--------------------------------------------------------------------------------
--- GoldScore analysis of protein-ligand interactions                        ---
--------------------------------------------------------------------------------

  Ligand acceptor   17 Protein hydrogen 2508 donor 2496 bond energy  6.00 wt 1.00
  Ligand donor   10 hydrogen   23 Protein acceptor 2464 bond energy  6.00 wt 0.05

--------------------------------------------------------------------------------

--------------------------------------------------------------------------------
--- Rescoring solution                                                       ---
--------------------------------------------------------------------------------

     Score     S(PLP)   S(hbond)     S(cho)   S(metal)  DE(clash)   DE(tors)
      2.47      -0.28       1.29       0.00       0.00       0.00       0.84

Doing AMOEBA simplex on best individual
Done simplexing #iterations 844, best score  19.01

     Score     S(PLP)   S(hbond)     S(cho)   S(metal)  DE(clash)   DE(tors)
     19.01     -18.10       1.00       0.00       0.00       0.00       1.05

--------------------------------------------------------------------------------
--- CHEMPLP breakdown of terms                                               ---
--------------------------------------------------------------------------------
CHEMPLP = - ( 1.0000*S(PLP) + -3.0000*S(hbond) + -6.0000*S(metal) + -3.0000*S(cho) )

Score = CHEMPLP - 1.0000*DE(clash) - 2.0000*DE(tors)


--------------------------------------------------------------------------------


--------------------------------------------------------------------------------
--- PLP analysis of protein-ligand interactions                              ---
--------------------------------------------------------------------------------
hydrogen bonding        :      -3.17
metal                   :       0.00
buried (polar-nonpolar) :       7.01
nonpolar                :     -25.96
repulsive               :       2.88
--------------------------------------------------------------------------------


--------------------------------------------------------------------------------
--- ChemScore analysis of protein-ligand interactions                        ---
--------------------------------------------------------------------------------

* Hydrogen bonds                                                                
Protein donor 2496 hydrogen 2508 Ligand acceptor   17 bond energy  1.00 wt 1.00


* CH..O interactions                                                            
  CH group selection                       : activated ring CH (adjacent to hetatom)

--------------------------------------------------------------------------------


--------------------------------------------------------------------------------
--- Intra-ligand clashes                                                     ---
--------------------------------------------------------------------------------

Ligand
--------------------------------------------------------------------------------


--------------------------------------------------------------------------------
--- Chromosome decoded                                                       ---
--------------------------------------------------------------------------------
Ligand Torsions
[   6    2    1    3]  139.11
[  12    5    1    2]  172.95
Protein Torsions
[3557 3548 3547 3545] -114.77 
[3477 3468 3467 3465]  144.87 
[3738 3729 3728 3726]  154.45 
[3042 3035 3033 3030]  -35.88 
[4996 4987 4986 4984] -125.57 
[2507 2496 2495 2494]   31.82 
[1848 1843 1842 1839]  -58.06 
[3092 3083 3082 3080]   88.54 
[ 556  552  551  548]  129.99 
Mapping
Ligand acceptors to protein hydrogens (mapping then atom ids)
  3  30 [ 17->2508]
Ligand hydrogens to protein acceptors (mapping then atom ids)
Ligand shape atoms to protein points (mapping then atom ids & coords)
  2  8132 [  6->( 20.500  11.500   2.250)]
  3  8295 [  7->( 20.750  11.250   0.500)]
  6  8349 [ 14->( 20.750  12.500   0.750)]
Chromosome values
Integers:
  -1   -1   29   -1   -1   -1 8131 8294   -1   -1 8348   -1 
--------------------------------------------------------------------------------


--------------------------------------------------------------------------------
--- Diverse Solutions Stats                                                  ---
--------------------------------------------------------------------------------
  Move attempts                            :  16922
  Move failures                            :      0
  Failure rate                             :   0.000

--------------------------------------------------------------------------------

Current Ranking  1  2  5  4  3

--------------------------------------------------------------------------------

* GA execution time :                                                           
  total  1.3624 user  1.2630 sys  0.0994

--------------------------------------------------------------------------------
Fitness function evaluations: 53620

--------------------------------------------------------------------------------
** Docking run number  6 **
--------------------------------------------------------------------------------
  Rank fitness base is 5000.00 ; increment is 11.2233

* Initialising population(s) ...                                                
Number of constraints mappings 0
Number of constraints 0
  Population no.                           :      1
  Population size                          :    100
  Number of duplicates                     :      0
  Number of niche violations               :      0
  Number of errors                         :  36228


Doing GA, no. of population(s) 1 size 100 selection pressure 1.100000

 Operation      Fitness  S(hb_ext) S(vdw_ext)  S(hb_int)    S(int)      intcor
         0      27.03       5.70      17.14       0.00     -11.16      -0.76
       143      26.90       5.66      15.77       0.00      -2.03      -0.76
       880      27.38       1.08      19.34       0.00      -0.82      -0.76
      1076      29.48       4.44      18.46       0.00      -0.82      -0.76
      1208      29.73       4.32      18.58       0.00      -0.31      -0.76
      2701      28.69       3.41      18.61       0.00      -0.31      -0.76
--------------------------------------------------------------------------------
Best docking solution after GA:
      3000      28.69       3.41      18.61       0.00      -0.31      -0.76

#ops:       3000 #mutates:   1503 #cross:     1497 #dups:       535 
#niche:     1492 #errors:     633 
--------------------------------------------------------------------------------

Doing AMOEBA simplex on best individual
Done simplexing #iterations 788, best score  32.25

Ligand is stored in gold_soln_ligand_prepared_m1_6.mol2


--------------------------------------------------------------------------------
--- GoldScore breakdown of terms                                             ---
--------------------------------------------------------------------------------
Fitness = S(hb_ext) + 1.3750*S(vdw_ext) + S(hb_int) + 1.0000*S(int)
S(int)  = S(vdw_int) + S(tors)

Internal terms are relative to best energy found (intcor).

--------------------------------------------------------------------------------


     Fitness  S(hb_ext) S(vdw_ext)  S(hb_int)    S(int)      intcor
     32.25       6.14      19.15       0.00      -0.22      -0.76

--------------------------------------------------------------------------------
--- GoldScore analysis of protein-ligand interactions                        ---
--------------------------------------------------------------------------------

  Ligand acceptor   17 Protein hydrogen 2507 donor 2496 bond energy  6.00 wt 1.00
  Ligand donor    8 hydrogen   22 Protein acceptor 2546 bond energy  2.00 wt 0.08

--------------------------------------------------------------------------------

--------------------------------------------------------------------------------
--- Rescoring solution                                                       ---
--------------------------------------------------------------------------------

     Score     S(PLP)   S(hbond)     S(cho)   S(metal)  DE(clash)   DE(tors)
      8.48      -8.14       0.91       0.00       0.00       0.00       1.19

Doing AMOEBA simplex on best individual
Done simplexing #iterations 994, best score  21.98

     Score     S(PLP)   S(hbond)     S(cho)   S(metal)  DE(clash)   DE(tors)
     21.98     -20.82       1.26       0.00       0.00       0.00       1.31

--------------------------------------------------------------------------------
--- CHEMPLP breakdown of terms                                               ---
--------------------------------------------------------------------------------
CHEMPLP = - ( 1.0000*S(PLP) + -3.0000*S(hbond) + -6.0000*S(metal) + -3.0000*S(cho) )

Score = CHEMPLP - 1.0000*DE(clash) - 2.0000*DE(tors)


--------------------------------------------------------------------------------


--------------------------------------------------------------------------------
--- PLP analysis of protein-ligand interactions                              ---
--------------------------------------------------------------------------------
hydrogen bonding        :      -2.00
metal                   :       0.00
buried (polar-nonpolar) :      -1.19
nonpolar                :     -21.28
repulsive               :       3.41
--------------------------------------------------------------------------------


--------------------------------------------------------------------------------
--- ChemScore analysis of protein-ligand interactions                        ---
--------------------------------------------------------------------------------

* Hydrogen bonds                                                                
Ligand donor    8 hydrogen   22 Protein acceptor 2546 bond energy  1.00 wt 1.00
Protein donor 2496 hydrogen 2507 Ligand acceptor   17 bond energy  1.00 wt 0.26


* CH..O interactions                                                            
  CH group selection                       : activated ring CH (adjacent to hetatom)

--------------------------------------------------------------------------------


--------------------------------------------------------------------------------
--- Intra-ligand clashes                                                     ---
--------------------------------------------------------------------------------

Ligand
--------------------------------------------------------------------------------


--------------------------------------------------------------------------------
--- Chromosome decoded                                                       ---
--------------------------------------------------------------------------------
Ligand Torsions
[   6    2    1    3]  -84.68
[  12    5    1    2] -167.89
Protein Torsions
[3557 3548 3547 3545]  -29.60 
[3477 3468 3467 3465]  159.55 
[3738 3729 3728 3726]   89.82 
[3042 3035 3033 3030] -113.86 
[4996 4987 4986 4984]  158.40 
[2507 2496 2495 2494] -140.27 
[1848 1843 1842 1839]  -15.32 
[3092 3083 3082 3080]    3.13 
[ 556  552  551  548]  -65.78 
Mapping
Ligand acceptors to protein hydrogens (mapping then atom ids)
  3  29 [ 17->2507]
Ligand hydrogens to protein acceptors (mapping then atom ids)
  1  55 [ 22->2546]
Ligand shape atoms to protein points (mapping then atom ids & coords)
  7 10359 [ 16->( 23.250  12.000  -2.250)]
Chromosome values
Integers:
  -1   -1   28   54   -1   -1   -1   -1   -1   -1   -1 10358 
--------------------------------------------------------------------------------


--------------------------------------------------------------------------------
--- Diverse Solutions Stats                                                  ---
--------------------------------------------------------------------------------
  Move attempts                            :  17036
  Move failures                            :      0
  Failure rate                             :   0.000

--------------------------------------------------------------------------------

Current Ranking  1  2  6  5  4  3

--------------------------------------------------------------------------------

* GA execution time :                                                           
  total  1.3589 user  1.3155 sys  0.0433

--------------------------------------------------------------------------------
Fitness function evaluations: 53920

--------------------------------------------------------------------------------
** Docking run number  7 **
--------------------------------------------------------------------------------
  Rank fitness base is 5000.00 ; increment is 11.2233

* Initialising population(s) ...                                                
Number of constraints mappings 0
Number of constraints 0
  Population no.                           :      1
  Population size                          :    100
  Number of duplicates                     :      0
  Number of niche violations               :      0
  Number of errors                         :  36593


Doing GA, no. of population(s) 1 size 100 selection pressure 1.100000

 Operation      Fitness  S(hb_ext) S(vdw_ext)  S(hb_int)    S(int)      intcor
         0      28.95       6.64      17.85       0.00     -11.16      -0.76
       192      29.91       6.51      17.54       0.00      -3.16      -0.76
       502      28.86       5.33      17.87       0.00      -3.67      -0.76
       876      27.65       5.16      17.35       0.00      -3.67      -0.76
Reordering...
       900      27.46       4.02      17.28       0.00      -0.85      -0.76
       926      27.48       5.23      17.29       0.00      -3.99      -0.76
Reordering...
       930      27.46       4.02      17.28       0.00      -0.85      -0.76
       966      28.33       4.54      18.12       0.00      -2.84      -0.76
      1080      27.86       2.14      18.98       0.00      -0.85      -0.76
      1938      27.72       1.23      19.75       0.00      -0.85      -0.76
      2013      27.80       2.08      19.23       0.00      -0.85      -0.76
      2083      28.29       6.17      16.72       0.00      -0.99      -0.76
      2840      28.13       6.12      16.80       0.00      -1.08      -0.76
--------------------------------------------------------------------------------
Best docking solution after GA:
      3000      28.13       6.12      16.80       0.00      -1.08      -0.76

#ops:       3000 #mutates:   1522 #cross:     1478 #dups:       585 
#niche:     1364 #errors:     572 
--------------------------------------------------------------------------------

Doing AMOEBA simplex on best individual
Done simplexing #iterations 770, best score  33.52

Ligand is stored in gold_soln_ligand_prepared_m1_7.mol2


--------------------------------------------------------------------------------
--- GoldScore breakdown of terms                                             ---
--------------------------------------------------------------------------------
Fitness = S(hb_ext) + 1.3750*S(vdw_ext) + S(hb_int) + 1.0000*S(int)
S(int)  = S(vdw_int) + S(tors)

Internal terms are relative to best energy found (intcor).

--------------------------------------------------------------------------------


     Fitness  S(hb_ext) S(vdw_ext)  S(hb_int)    S(int)      intcor
     33.52       7.93      19.34       0.00      -1.01      -0.76

--------------------------------------------------------------------------------
--- GoldScore analysis of protein-ligand interactions                        ---
--------------------------------------------------------------------------------

  Ligand acceptor    9 Protein hydrogen 2507 donor 2496 bond energy  6.00 wt 1.00
  Ligand donor    8 hydrogen   22 Protein acceptor 2464 bond energy  6.00 wt 0.32

--------------------------------------------------------------------------------

--------------------------------------------------------------------------------
--- Rescoring solution                                                       ---
--------------------------------------------------------------------------------

     Score     S(PLP)   S(hbond)     S(cho)   S(metal)  DE(clash)   DE(tors)
      4.44      -2.21       1.40       0.00       0.00       0.00       0.98

Doing AMOEBA simplex on best individual
Done simplexing #iterations 1006, best score  25.21

     Score     S(PLP)   S(hbond)     S(cho)   S(metal)  DE(clash)   DE(tors)
     25.21     -21.10       2.00       0.00       0.00       0.48       0.70

--------------------------------------------------------------------------------
--- CHEMPLP breakdown of terms                                               ---
--------------------------------------------------------------------------------
CHEMPLP = - ( 1.0000*S(PLP) + -3.0000*S(hbond) + -6.0000*S(metal) + -3.0000*S(cho) )

Score = CHEMPLP - 1.0000*DE(clash) - 2.0000*DE(tors)


--------------------------------------------------------------------------------


--------------------------------------------------------------------------------
--- PLP analysis of protein-ligand interactions                              ---
--------------------------------------------------------------------------------
hydrogen bonding        :      -3.37
metal                   :       0.00
buried (polar-nonpolar) :      -2.41
nonpolar                :     -16.70
repulsive               :       0.55
--------------------------------------------------------------------------------


--------------------------------------------------------------------------------
--- ChemScore analysis of protein-ligand interactions                        ---
--------------------------------------------------------------------------------

* Hydrogen bonds                                                                
Ligand donor    8 hydrogen   22 Protein acceptor 2464 bond energy  1.00 wt 1.00
Protein donor 2496 hydrogen 2507 Ligand acceptor    9 bond energy  1.00 wt 1.00


* CH..O interactions                                                            
  CH group selection                       : activated ring CH (adjacent to hetatom)

--------------------------------------------------------------------------------


--------------------------------------------------------------------------------
--- Intra-ligand clashes                                                     ---
--------------------------------------------------------------------------------

Ligand
  7 (C7   ) -   4 (C4   ):   0.48 (dist   2.74)
--------------------------------------------------------------------------------


--------------------------------------------------------------------------------
--- Chromosome decoded                                                       ---
--------------------------------------------------------------------------------
Ligand Torsions
[   6    2    1    3]   79.03
[  12    5    1    2] -168.00
Protein Torsions
[3557 3548 3547 3545]  110.68 
[3477 3468 3467 3465]   55.40 
[3738 3729 3728 3726] -110.17 
[3042 3035 3033 3030]  122.79 
[4996 4987 4986 4984]  164.02 
[2507 2496 2495 2494]  154.79 
[1848 1843 1842 1839]   80.10 
[3092 3083 3082 3080] -179.42 
[ 556  552  551  548]   60.58 
Mapping
Ligand acceptors to protein hydrogens (mapping then atom ids)
  1  29 [  9->2507]
Ligand hydrogens to protein acceptors (mapping then atom ids)
Ligand shape atoms to protein points (mapping then atom ids & coords)
  3  8691 [  7->( 21.250  11.250   2.250)]
  5  8474 [ 13->( 21.000  11.000   0.750)]
  6  8517 [ 14->( 21.000  11.750   1.000)]
  7  9768 [ 16->( 22.500  11.000  -1.500)]
Chromosome values
Integers:
  28   -1   -1   -1   -1   -1   -1 8690   -1 8473 8516 9767 
--------------------------------------------------------------------------------


--------------------------------------------------------------------------------
--- Diverse Solutions Stats                                                  ---
--------------------------------------------------------------------------------
  Move attempts                            :  16856
  Move failures                            :      0
  Failure rate                             :   0.000

--------------------------------------------------------------------------------

Current Ranking  1  7  2  6  5  4  3

--------------------------------------------------------------------------------

* GA execution time :                                                           
  total  1.3161 user  1.1974 sys  0.1186

--------------------------------------------------------------------------------
Fitness function evaluations: 54042

--------------------------------------------------------------------------------
** Docking run number  8 **
--------------------------------------------------------------------------------
  Rank fitness base is 5000.00 ; increment is 11.2233

* Initialising population(s) ...                                                
Number of constraints mappings 0
Number of constraints 0
  Population no.                           :      1
  Population size                          :    100
  Number of duplicates                     :      0
  Number of niche violations               :      1
  Number of errors                         :  36522


Doing GA, no. of population(s) 1 size 100 selection pressure 1.100000

 Operation      Fitness  S(hb_ext) S(vdw_ext)  S(hb_int)    S(int)      intcor
         0      32.07      11.58      15.10       0.00      -1.38      -0.76
       420      31.45       7.07      17.89       0.00      -0.79      -0.76
       667      29.24       7.53      16.04       0.00      -1.08      -0.76
       744      29.36       7.97      15.75       0.00      -0.79      -0.76
       896      28.77       7.80      16.61       0.00      -5.03      -0.76
       903      28.30       7.14      17.30       0.00      -6.91      -0.76
      1119      27.76       7.09      17.26       0.00      -6.91      -0.76
Reordering...
      1380      26.66       0.10      19.95       0.00      -1.62      -0.76
      1411      26.78       7.01      17.13       0.00      -6.91      -0.76
Reordering...
      1500      26.41       0.10      19.82       0.00      -1.62      -0.76
      1720      25.59       0.10      19.34       0.00      -1.62      -0.76
      1895      24.89       0.10      18.94       0.00      -1.62      -0.76
      2316      22.91       5.72      13.35       0.00      -1.17      -0.76
      2581      22.93       5.72      13.37       0.00      -1.17      -0.76
      2647      23.40       5.52      14.86       0.00      -2.56      -0.76
      2746      23.68       6.42      13.37       0.00      -1.13      -0.76
--------------------------------------------------------------------------------
Best docking solution after GA:
      3000      23.68       6.42      13.37       0.00      -1.13      -0.76

#ops:       3000 #mutates:   1544 #cross:     1456 #dups:       513 
#niche:     1399 #errors:     505 
--------------------------------------------------------------------------------

Doing AMOEBA simplex on best individual
Done simplexing #iterations 524, best score  24.86

Ligand is stored in gold_soln_ligand_prepared_m1_8.mol2


--------------------------------------------------------------------------------
--- GoldScore breakdown of terms                                             ---
--------------------------------------------------------------------------------
Fitness = S(hb_ext) + 1.3750*S(vdw_ext) + S(hb_int) + 1.0000*S(int)
S(int)  = S(vdw_int) + S(tors)

Internal terms are relative to best energy found (intcor).

--------------------------------------------------------------------------------


     Fitness  S(hb_ext) S(vdw_ext)  S(hb_int)    S(int)      intcor
     24.86       6.96      13.86       0.00      -1.16      -0.76

--------------------------------------------------------------------------------
--- GoldScore analysis of protein-ligand interactions                        ---
--------------------------------------------------------------------------------

  Ligand acceptor    9 Protein hydrogen 2507 donor 2496 bond energy  6.00 wt 0.99
  Ligand donor   10 hydrogen   23 Protein acceptor  529 bond energy  2.00 wt 0.52

--------------------------------------------------------------------------------

--------------------------------------------------------------------------------
--- Rescoring solution                                                       ---
--------------------------------------------------------------------------------

     Score     S(PLP)   S(hbond)     S(cho)   S(metal)  DE(clash)   DE(tors)
     16.45     -12.20       2.00       0.00       0.00       0.27       0.74

Doing AMOEBA simplex on best individual
Done simplexing #iterations 830, best score  22.75

     Score     S(PLP)   S(hbond)     S(cho)   S(metal)  DE(clash)   DE(tors)
     22.75     -18.55       2.00       0.00       0.00       0.00       0.90

--------------------------------------------------------------------------------
--- CHEMPLP breakdown of terms                                               ---
--------------------------------------------------------------------------------
CHEMPLP = - ( 1.0000*S(PLP) + -3.0000*S(hbond) + -6.0000*S(metal) + -3.0000*S(cho) )

Score = CHEMPLP - 1.0000*DE(clash) - 2.0000*DE(tors)


--------------------------------------------------------------------------------


--------------------------------------------------------------------------------
--- PLP analysis of protein-ligand interactions                              ---
--------------------------------------------------------------------------------
hydrogen bonding        :      -2.00
metal                   :       0.00
buried (polar-nonpolar) :      -3.81
nonpolar                :     -14.19
repulsive               :       0.77
--------------------------------------------------------------------------------


--------------------------------------------------------------------------------
--- ChemScore analysis of protein-ligand interactions                        ---
--------------------------------------------------------------------------------

* Hydrogen bonds                                                                
Ligand donor   10 hydrogen   23 Protein acceptor  529 bond energy  1.00 wt 1.00
Protein donor 2496 hydrogen 2507 Ligand acceptor    9 bond energy  1.00 wt 1.00


* CH..O interactions                                                            
  CH group selection                       : activated ring CH (adjacent to hetatom)

--------------------------------------------------------------------------------


--------------------------------------------------------------------------------
--- Intra-ligand clashes                                                     ---
--------------------------------------------------------------------------------

Ligand
--------------------------------------------------------------------------------


--------------------------------------------------------------------------------
--- Chromosome decoded                                                       ---
--------------------------------------------------------------------------------
Ligand Torsions
[   6    2    1    3]  163.18
[  12    5    1    2]  171.26
Protein Torsions
[3557 3548 3547 3545]   82.15 
[3477 3468 3467 3465]   93.17 
[3738 3729 3728 3726]  153.23 
[3042 3035 3033 3030]   51.61 
[4996 4987 4986 4984]   84.72 
[2507 2496 2495 2494] -168.47 
[1848 1843 1842 1839]  -27.89 
[3092 3083 3082 3080] -160.59 
[ 556  552  551  548]  -39.81 
Mapping
Ligand acceptors to protein hydrogens (mapping then atom ids)
  1  29 [  9->2507]
Ligand hydrogens to protein acceptors (mapping then atom ids)
  2  41 [ 23-> 529]
Ligand shape atoms to protein points (mapping then atom ids & coords)
  1  9561 [  5->( 22.250   7.000  -2.750)]
  4  9379 [ 12->( 22.000   7.250  -1.750)]
  5  8533 [ 13->( 21.000  12.000   1.750)]
  6  7512 [ 14->( 19.750   9.750   3.750)]
Chromosome values
Integers:
  28   -1   -1   -1   40 9560   -1   -1 9378 8532 7511   -1 
--------------------------------------------------------------------------------


--------------------------------------------------------------------------------
--- Diverse Solutions Stats                                                  ---
--------------------------------------------------------------------------------
  Move attempts                            :  16381
  Move failures                            :      0
  Failure rate                             :   0.000

--------------------------------------------------------------------------------

Current Ranking  1  7  2  6  5  4  3  8

--------------------------------------------------------------------------------

* GA execution time :                                                           
  total  1.1821 user  1.1497 sys  0.0324

--------------------------------------------------------------------------------
Fitness function evaluations: 53430

--------------------------------------------------------------------------------
** Docking run number  9 **
--------------------------------------------------------------------------------
  Rank fitness base is 5000.00 ; increment is 11.2233

* Initialising population(s) ...                                                
Number of constraints mappings 0
Number of constraints 0
  Population no.                           :      1
  Population size                          :    100
  Number of duplicates                     :      0
  Number of niche violations               :      0
  Number of errors                         :  35520


Doing GA, no. of population(s) 1 size 100 selection pressure 1.100000

 Operation      Fitness  S(hb_ext) S(vdw_ext)  S(hb_int)    S(int)      intcor
         0      27.31       3.11      19.42       0.00     -12.53      -0.76
        55      27.52       0.13      20.07       0.00      -1.06      -0.76
       136      29.52       8.84      15.90       0.00      -5.41      -0.76
       191      29.83       5.11      18.87       0.00      -5.40      -0.76
       463      28.86       1.12      22.41       0.00     -11.15      -0.76
Reordering...
       540      28.49       4.71      18.46       0.00      -5.40      -0.76
       943      30.19       3.67      22.44       0.00     -11.15      -0.76
Reordering...
      1350      27.16       3.89      17.32       0.00      -1.03      -0.76
      1396      27.30       3.89      17.43       0.00      -1.03      -0.76
      1593      27.43       3.81      17.75       0.00      -1.25      -0.76
      1693      28.20       6.15      18.21       0.00      -4.49      -0.76
Reordering...
      2160      26.72       3.49      17.75       0.00      -1.25      -0.76
      2435      26.85       5.89      18.24       0.00      -4.12      -0.76
--------------------------------------------------------------------------------
Best docking solution after GA:
      3000      26.85       5.89      18.24       0.00      -4.12      -0.76

#ops:       3000 #mutates:   1498 #cross:     1502 #dups:       598 
#niche:     1427 #errors:     612 
--------------------------------------------------------------------------------

Doing AMOEBA simplex on best individual
Done simplexing #iterations 806, best score  31.92

Ligand is stored in gold_soln_ligand_prepared_m1_9.mol2


--------------------------------------------------------------------------------
--- GoldScore breakdown of terms                                             ---
--------------------------------------------------------------------------------
Fitness = S(hb_ext) + 1.3750*S(vdw_ext) + S(hb_int) + 1.0000*S(int)
S(int)  = S(vdw_int) + S(tors)

Internal terms are relative to best energy found (intcor).

--------------------------------------------------------------------------------


     Fitness  S(hb_ext) S(vdw_ext)  S(hb_int)    S(int)      intcor
     31.92       7.59      20.59       0.00      -3.97      -0.76

--------------------------------------------------------------------------------
--- GoldScore analysis of protein-ligand interactions                        ---
--------------------------------------------------------------------------------

  Ligand acceptor    9 Protein hydrogen 2507 donor 2496 bond energy  6.00 wt 1.00
  Ligand donor    8 hydrogen   22 Protein acceptor 2464 bond energy  6.00 wt 0.26

--------------------------------------------------------------------------------

--------------------------------------------------------------------------------
--- Rescoring solution                                                       ---
--------------------------------------------------------------------------------

     Score     S(PLP)   S(hbond)     S(cho)   S(metal)  DE(clash)   DE(tors)
     -0.31       1.37       1.05       0.00       0.00       2.06       0.02

Doing AMOEBA simplex on best individual
Done simplexing #iterations 1221, best score  25.56

     Score     S(PLP)   S(hbond)     S(cho)   S(metal)  DE(clash)   DE(tors)
     25.56     -21.97       2.00       0.00       0.00       0.56       0.92

--------------------------------------------------------------------------------
--- CHEMPLP breakdown of terms                                               ---
--------------------------------------------------------------------------------
CHEMPLP = - ( 1.0000*S(PLP) + -3.0000*S(hbond) + -6.0000*S(metal) + -3.0000*S(cho) )

Score = CHEMPLP - 1.0000*DE(clash) - 2.0000*DE(tors)


--------------------------------------------------------------------------------


--------------------------------------------------------------------------------
--- PLP analysis of protein-ligand interactions                              ---
--------------------------------------------------------------------------------
hydrogen bonding        :      -3.08
metal                   :       0.00
buried (polar-nonpolar) :      -4.31
nonpolar                :     -15.93
repulsive               :       0.59
--------------------------------------------------------------------------------


--------------------------------------------------------------------------------
--- ChemScore analysis of protein-ligand interactions                        ---
--------------------------------------------------------------------------------

* Hydrogen bonds                                                                
Ligand donor    8 hydrogen   22 Protein acceptor 2464 bond energy  1.00 wt 1.00
Protein donor 2496 hydrogen 2507 Ligand acceptor    9 bond energy  1.00 wt 1.00


* CH..O interactions                                                            
  CH group selection                       : activated ring CH (adjacent to hetatom)

--------------------------------------------------------------------------------


--------------------------------------------------------------------------------
--- Intra-ligand clashes                                                     ---
--------------------------------------------------------------------------------

Ligand
  6 (C6   ) -   3 (C3   ):   0.56 (dist   2.73)
--------------------------------------------------------------------------------


--------------------------------------------------------------------------------
--- Chromosome decoded                                                       ---
--------------------------------------------------------------------------------
Ligand Torsions
[   6    2    1    3]   -0.19
[  12    5    1    2] -178.18
Protein Torsions
[3557 3548 3547 3545]   85.49 
[3477 3468 3467 3465]  -39.46 
[3738 3729 3728 3726]   -5.60 
[3042 3035 3033 3030]  127.63 
[4996 4987 4986 4984]  -55.50 
[2507 2496 2495 2494]  149.69 
[1848 1843 1842 1839]   62.97 
[3092 3083 3082 3080]   27.53 
[ 556  552  551  548]  137.53 
Mapping
Ligand acceptors to protein hydrogens (mapping then atom ids)
Ligand hydrogens to protein acceptors (mapping then atom ids)
  1  53 [ 22->2464]
Ligand shape atoms to protein points (mapping then atom ids & coords)
  6  8491 [ 14->( 21.000  11.250   1.250)]
  7  9642 [ 16->( 22.250  12.250  -0.250)]
Chromosome values
Integers:
  -1   -1   -1   52   -1   -1   -1   -1   -1   -1 8490 9641 
--------------------------------------------------------------------------------


--------------------------------------------------------------------------------
--- Diverse Solutions Stats                                                  ---
--------------------------------------------------------------------------------
  Move attempts                            :  17278
  Move failures                            :      0
  Failure rate                             :   0.000

--------------------------------------------------------------------------------

Current Ranking  1  7  2  6  9  5  4  3  8

--------------------------------------------------------------------------------

* GA execution time :                                                           
  total  1.3229 user  1.2625 sys  0.0604

--------------------------------------------------------------------------------
Fitness function evaluations: 53430

--------------------------------------------------------------------------------
** Docking run number 10 **
--------------------------------------------------------------------------------
  Rank fitness base is 5000.00 ; increment is 11.2233

* Initialising population(s) ...                                                
Number of constraints mappings 0
Number of constraints 0
  Population no.                           :      1
  Population size                          :    100
  Number of duplicates                     :      0
  Number of niche violations               :      0
  Number of errors                         :  36074


Doing GA, no. of population(s) 1 size 100 selection pressure 1.100000

 Operation      Fitness  S(hb_ext) S(vdw_ext)  S(hb_int)    S(int)      intcor
         0      29.15       3.49      20.04       0.00      -9.46      -0.76
       384      27.88       5.71      16.89       0.00      -4.08      -0.76
       448      27.95       5.71      16.98       0.00      -4.08      -0.76
       782      26.27       5.49      16.16       0.00      -4.13      -0.76
       831      26.31       6.09      16.36       0.00      -6.37      -0.76
      1157      24.80       4.35      15.43       0.00      -1.69      -0.76
      1339      24.44       4.15      15.39       0.00      -1.69      -0.76
Reordering...
      1440      23.87       4.63      14.23       0.00      -0.60      -0.76
      1518      24.45       4.61      15.15       0.00      -1.69      -0.76
Reordering...
      1740      23.44       4.28      14.23       0.00      -0.60      -0.76
      1791      24.58       2.55      16.31       0.00      -0.56      -0.76
      1819      24.87       3.89      16.15       0.00      -1.69      -0.76
      1901      25.38       3.58      15.95       0.00      -0.16      -0.76
      1967      26.35       2.64      17.32       0.00      -0.13      -0.76
--------------------------------------------------------------------------------
Best docking solution after GA:
      3000      26.18       2.50      17.32       0.00      -0.13      -0.76

#ops:       3000 #mutates:   1525 #cross:     1475 #dups:       542 
#niche:     1531 #errors:     614 
--------------------------------------------------------------------------------

Doing AMOEBA simplex on best individual
Done simplexing #iterations 665, best score  29.94

Ligand is stored in gold_soln_ligand_prepared_m1_10.mol2


--------------------------------------------------------------------------------
--- GoldScore breakdown of terms                                             ---
--------------------------------------------------------------------------------
Fitness = S(hb_ext) + 1.3750*S(vdw_ext) + S(hb_int) + 1.0000*S(int)
S(int)  = S(vdw_int) + S(tors)

Internal terms are relative to best energy found (intcor).

--------------------------------------------------------------------------------


     Fitness  S(hb_ext) S(vdw_ext)  S(hb_int)    S(int)      intcor
     29.94       3.44      19.34       0.00      -0.08      -0.76

--------------------------------------------------------------------------------
--- GoldScore analysis of protein-ligand interactions                        ---
--------------------------------------------------------------------------------

  Ligand acceptor   11 Protein hydrogen  557 donor  547 bond energy  2.00 wt 0.45
  Ligand acceptor   11 Protein hydrogen  556 donor  552 bond energy  2.00 wt 1.00
  Ligand donor    8 hydrogen   22 Protein acceptor 2546 bond energy  2.00 wt 0.27

--------------------------------------------------------------------------------

--------------------------------------------------------------------------------
--- Rescoring solution                                                       ---
--------------------------------------------------------------------------------

     Score     S(PLP)   S(hbond)     S(cho)   S(metal)  DE(clash)   DE(tors)
     20.26     -16.84       1.70       0.00       0.00       0.00       0.84

Doing AMOEBA simplex on best individual
Done simplexing #iterations 1106, best score  31.06

     Score     S(PLP)   S(hbond)     S(cho)   S(metal)  DE(clash)   DE(tors)
     31.06     -26.71       2.00       0.00       0.00       0.00       0.83

--------------------------------------------------------------------------------
--- CHEMPLP breakdown of terms                                               ---
--------------------------------------------------------------------------------
CHEMPLP = - ( 1.0000*S(PLP) + -3.0000*S(hbond) + -6.0000*S(metal) + -3.0000*S(cho) )

Score = CHEMPLP - 1.0000*DE(clash) - 2.0000*DE(tors)


--------------------------------------------------------------------------------


--------------------------------------------------------------------------------
--- PLP analysis of protein-ligand interactions                              ---
--------------------------------------------------------------------------------
hydrogen bonding        :      -3.62
metal                   :       0.00
buried (polar-nonpolar) :       0.34
nonpolar                :     -24.39
repulsive               :       0.31
--------------------------------------------------------------------------------


--------------------------------------------------------------------------------
--- ChemScore analysis of protein-ligand interactions                        ---
--------------------------------------------------------------------------------

* Hydrogen bonds                                                                
Protein donor  547 hydrogen  557 Ligand acceptor   11 bond energy  1.00 wt 1.00
Protein donor  552 hydrogen  556 Ligand acceptor   11 bond energy  1.00 wt 1.00


* CH..O interactions                                                            
  CH group selection                       : activated ring CH (adjacent to hetatom)

--------------------------------------------------------------------------------


--------------------------------------------------------------------------------
--- Intra-ligand clashes                                                     ---
--------------------------------------------------------------------------------

Ligand
--------------------------------------------------------------------------------


--------------------------------------------------------------------------------
--- Chromosome decoded                                                       ---
--------------------------------------------------------------------------------
Ligand Torsions
[   6    2    1    3]  -78.17
[  12    5    1    2] -171.23
Protein Torsions
[3557 3548 3547 3545]  101.12 
[3477 3468 3467 3465]  -24.42 
[3738 3729 3728 3726]  138.11 
[3042 3035 3033 3030]  153.02 
[4996 4987 4986 4984]  148.49 
[2507 2496 2495 2494]  -64.26 
[1848 1843 1842 1839] -166.71 
[3092 3083 3082 3080]   40.64 
[ 556  552  551  548]  -71.90 
Mapping
Ligand acceptors to protein hydrogens (mapping then atom ids)
  2  49 [ 11-> 557]
Ligand hydrogens to protein acceptors (mapping then atom ids)
Ligand shape atoms to protein points (mapping then atom ids & coords)
  3  9168 [  7->( 21.750  11.250   2.000)]
  4 10017 [ 12->( 22.750  12.500  -1.250)]
Chromosome values
Integers:
  -1   48   -1   -1   -1   -1   -1 9167 10016   -1   -1   -1 
--------------------------------------------------------------------------------


--------------------------------------------------------------------------------
--- Diverse Solutions Stats                                                  ---
--------------------------------------------------------------------------------
  Move attempts                            :  16992
  Move failures                            :      3
  Failure rate                             :   0.000

--------------------------------------------------------------------------------

Current Ranking  1  7  2  6  9  5  4 10  3  8

--------------------------------------------------------------------------------

* GA execution time :                                                           
  total  1.1454 user  1.0776 sys  0.0678

--------------------------------------------------------------------------------
Fitness function evaluations: 53700

--------------------------------------------------------------------------------
--- Ranking analysis                                                         ---
--------------------------------------------------------------------------------


* Final ranked order of GA solutions:                                           
   1  7  2  6  9  5  4 10  3  8 

  _______________________________
  RMSD Matrix of RANKED solutions

        2    3    4    5    6    7    8    9   10  

   1 :  2.8  9.4  7.3  3.1  2.7  9.2  4.8  4.2  5.2
   2 :       9.1  7.0  0.9  2.7  8.5  4.9  4.6  5.4
   3 :            4.7  8.9  8.3  4.0  6.5  8.3  6.0
   4 :                 6.9  6.4  3.7  5.6  6.2  4.4
   5 :                      2.8  8.1  4.8  4.7  5.4
   6 :                           7.8  3.8  4.0  4.5
   7 :                                6.9  8.2  6.4
   8 :                                     3.2  3.1
   9 :                                          2.6

  Clustering method                        : complete linkage
  Structure ids in cluster table           : rank nos.
  Ordering of clusters and their members   : by rank (order if from rms_analysis)

  Distance | Clusters
   0.86    |  1 |  2  5 |  3 |  4 |  6 |  7 |  8 |  9 | 10 |
   2.60    |  1 |  2  5 |  3 |  4 |  6 |  7 |  8 |  9 10 |
   2.68    |  1  6 |  2  5 |  3 |  4 |  7 |  8 |  9 10 |
   3.05    |  1  2  5  6 |  3 |  4 |  7 |  8 |  9 10 |
   3.15    |  1  2  5  6 |  3 |  4 |  7 |  8  9 10 |
   3.74    |  1  2  5  6 |  3 |  4  7 |  8  9 10 |
   4.68    |  1  2  5  6 |  3  4  7 |  8  9 10 |
   5.37    |  1  2  5  6  8  9 10 |  3  4  7 |
   9.36    |  1  2  3  4  5  6  7  8  9 10 |
  Finished Docking Ligand                  : /mnt/c/Users/ricca/Desktop/Documents/1_Coding/1_Script_Github/Reverse_Docking_Explore_V3/3oog/ligand_prepared.mol2
--------------------------------------------------------------------------------

  Relative_Ligand_Energy (best encountered) :  -0.759
  Relative_Ligand_Energy: fitness values have been corrected using this amount
