
--------------------------------------------------------------------------------
--- Ligand                                                                   ---
--------------------------------------------------------------------------------
  Ligand loaded from file                  : /mnt/c/Users/ricca/Desktop/Documents/1_Coding/1_Script_Github/Reverse_Docking_Explore_V3/3nx8/ligand_prepared.mol2
  Ligand name                              :  
  "CT1002167954                                                             "

--------------------------------------------------------------------------------
  N.plc donors                             : 
  none found

  Acidic nitrogen acceptors                : 
  none found
  Sulfur acceptors                         :
  none found


  Donor atoms                              :      2
  8   10  
  Acceptor atoms                           :      3
  9   11  17  

  Hydrogens                                :  (n = 2)
  22   23   

  Lone pairs added to molecule             :      6
  Numbering                                : from 30 to 35

--------------------------------------------------------------------------------
--- Postprocessing of typing                                                 ---
--------------------------------------------------------------------------------
  Fragment file                            : /home/hitesit/CCDC/Discovery_2022/GOLD/gold/rotatable_bond_override.mol2
  acylurea fragment                        : 2 matches
  Ligand bond 15-8  set to flip
  Ligand bond 15-10  set to flip
  Ligand bond 15-10  set to 1
  Ligand bond 15-8  set to 1
  Ligand bond 10-4  set to flip
  Ligand bond 8-3  set to flip
  thioacylthiourea fragment                : no matches
  acylthiourea fragment                    : no matches
  thioacylurea fragment                    : no matches
  diarylamine fragment >C.ar-NH-C.ar<      : no matches
  sec-amine (1) fragment                   : no matches
  sec-amine (2) fragment                   : no matches
  sec-amine (3) fragment                   : no matches
  carboxylic ester                         : no matches

* Rotatable bonds in /mnt/c/Users/ricca/D  :
  [   1    2] [   1    5] 
  No. of rotatable bonds                   :      2


* Reading torsional distributions from file:
  /home/hitesit/CCDC/Discovery_2022/GOLD/gold/gold.tordist
  No. of bins in torsional distributions   :     36
  Minimum size of largest peak             :      0
  Removing high energy torsions            : on
  Delta E set to                           :   2.500

* Fragments found in /mnt/c/Users/ricca/D  :
  atom   2: benzene
  atom   6: benzene
  atom   7: benzene
  atom  13: benzene
  atom  14: benzene
  atom  16: benzene


* Checking torsion distributions:                                               
  No. of matched torsions                  :      0

--------------------------------------------------------------------------------
--- Shape fitting atoms selection (hydrophobic atoms)                        ---
--------------------------------------------------------------------------------
  Molecule                                 : /mnt/c/Users/ricca/Desktop/Documents/1_Coding/1_Script_Github/Reverse_Docking_Explore_V3/3nx8/ligand_prepared.mol2
  Selection                                : carbons only
  Atom numbers                             :  (n = 7)
  5    6    7    12   13   14   16   

--------------------------------------------------------------------------------
--- Diverse Solutions Setup                                                  ---
--------------------------------------------------------------------------------
  Cluster size                             :      2
  RMSD                                     :   2.000
  Refinement                               :      0


--------------------------------------------------------------------------------
--- ChemScore ligand setup summary                                           ---
--------------------------------------------------------------------------------
  ChemScore ligand acceptors               :      3
  9 11 17 
  ChemScore ligand donors                  :      2
  8 ( 22  ) 10 ( 23  ) 
  ChemScore ligand CH donors               :      0
  

  ChemScore ligand lipophilic atoms        :  (n = 9)
  1    2    5    6    7    12   13   14   16   

  ChemScore ligand rotatable bonds         :      2
  1   (C1 ) - 2   (C2 ): SP3_SP2_BOND
  1   (C1 ) - 5   (C5 ): SP3_SP3_BOND

--------------------------------------------------------------------------------
--- PLP ligand setup summary                                                 ---
--------------------------------------------------------------------------------
    1    C1   C.3 NONPOLAR
    2    C2  C.ar NONPOLAR
    3    C3   C.2 NONPOLAR
    4    C4   C.2 NONPOLAR
    5    C5   C.3 NONPOLAR
    6    C6  C.ar NONPOLAR
    7    C7  C.ar NONPOLAR
    8    N8  N.am DONOR
    9    O9   O.2 ACCEPTOR
   10   N10  N.am DONOR
   11   O11   O.2 ACCEPTOR
   12   C12   C.3 NONPOLAR
   13   C13  C.ar NONPOLAR
   14   C14  C.ar NONPOLAR
   15   C15   C.2 NONPOLAR
   16   C16  C.ar NONPOLAR
   17   O17   O.2 ACCEPTOR

--------------------------------------------------------------------------------
--- Automatic parameter setting                                              ---
--------------------------------------------------------------------------------
  Contribution base                        :   2500
  Contribution per rotatable bond          :   6000
  Contribution per df                      :   4000
  Contribution per water                   :  10000
  Ligand rotatable bonds                   :      2
  Protein flexible side chain bonds        :      0
  Total rotatable bonds                    :      2
  Hydrophobic vol ratio (P/L)              :   0.293
  Base multiplier (polar)                  :   1.000
  Base multiplier (apolar)                 :   0.410
  Base contribution                        : 2500.000
  Fitting points                           :      5
  Estimated maxops needed (optimal)        :  15000
  Autoscale factor (in percent)            :     10
  Scaled maxops                            :   1750

--------------------------------------------------------------------------------

* Population settings                                                           
  maxops                                   :   1750
  popsiz                                   :    100
  select_pressure                          :   1.100
  n_islands                                :      1
  niche_siz                                :      2

* GA settings                                                                   
  pt_crosswt                               :    100
  allele_mutatewt                          :    100
  migratewt                                :      0

* Search settings                                                               
  start_vdw_linear_cutoff                  :   6.000
  initial_virtual_pt_match_max             :   3.000
  Scaling of internal VDW energy           : log scale from  0.2 to    1
                                             over 1312 ops
  Sampling interval (operations)           :     17
  Scaling of virtual pt maximum length     : linear scale from    3 to    2
                                             over  1312 ops
  Sampling interval (operations)           :     52
  Scaling of 4-8 potential cutoff          : log scale from    6 to 1.2e+02
                                             over 1312 ops
  Sampling interval (operations)           :     52

--------------------------------------------------------------------------------

* Ligand initialisation time :                                                  
  total  0.0546 user  0.0036 sys  0.0510

--------------------------------------------------------------------------------

--------------------------------------------------------------------------------
** Docking run number  1 **
--------------------------------------------------------------------------------
  Rank fitness base is 5000.00 ; increment is 11.2233

* Initialising population(s) ...                                                
Number of constraints mappings 0
Number of constraints 0
  Population no.                           :      1
  Population size                          :    100
  Number of duplicates                     :      0
  Number of niche violations               :      0


Doing GA, no. of population(s) 1 size 100 selection pressure 1.100000

 Operation      Fitness  S(hb_ext) S(vdw_ext)  S(hb_int)    S(int)      intcor
         0      33.86       5.87      22.36       0.00     -13.77      -0.81
Reordering...
        52      33.48       0.10      24.48       0.00      -1.34      -0.81
       196      33.68       1.55      24.09       0.00      -3.96      -0.81
       236      38.91       6.00      24.39       0.00      -2.36      -0.81
       531      36.47       6.00      22.62       0.00      -1.66      -0.81
       694      35.42       6.00      22.19       0.00      -2.36      -0.81
Reordering...
       936      32.72       0.42      23.75       0.00      -0.56      -0.81
       937      33.49       1.17      24.26       0.00      -1.66      -0.81
      1143      33.13       0.48      24.09       0.00      -0.59      -0.79
--------------------------------------------------------------------------------
Best docking solution after GA:
      1750      33.01       0.48      24.09       0.00      -0.59      -0.79

#ops:       1750 #mutates:    889 #cross:      861 #dups:       499 
#niche:     1031 #errors:       1 
--------------------------------------------------------------------------------

Doing AMOEBA simplex on best individual
Done simplexing #iterations 463, best score  34.16

Ligand is stored in gold_soln_ligand_prepared_m1_1.mol2


--------------------------------------------------------------------------------
--- GoldScore breakdown of terms                                             ---
--------------------------------------------------------------------------------
Fitness = S(hb_ext) + 1.3750*S(vdw_ext) + S(hb_int) + 1.0000*S(int)
S(int)  = S(vdw_int) + S(tors)

Internal terms are relative to best energy found (intcor).

--------------------------------------------------------------------------------


     Fitness  S(hb_ext) S(vdw_ext)  S(hb_int)    S(int)      intcor
     34.16       0.53      24.98       0.00      -0.72      -0.79

--------------------------------------------------------------------------------
--- GoldScore analysis of protein-ligand interactions                        ---
--------------------------------------------------------------------------------

  Ligand acceptor    9 Protein hydrogen  448 donor  433 bond energy  2.00 wt 0.26

--------------------------------------------------------------------------------

--------------------------------------------------------------------------------
--- Rescoring solution                                                       ---
--------------------------------------------------------------------------------

     Score     S(PLP)   S(hbond)     S(cho)   S(metal)  DE(clash)   DE(tors)
     29.27     -28.83       0.86       0.00       0.00       0.00       1.07

Doing AMOEBA simplex on best individual
Done simplexing #iterations 807, best score  42.90

     Score     S(PLP)   S(hbond)     S(cho)   S(metal)  DE(clash)   DE(tors)
     42.90     -41.95       1.00       0.00       0.00       1.13       0.46

--------------------------------------------------------------------------------
--- CHEMPLP breakdown of terms                                               ---
--------------------------------------------------------------------------------
CHEMPLP = - ( 1.0000*S(PLP) + -3.0000*S(hbond) + -6.0000*S(metal) + -3.0000*S(cho) )

Score = CHEMPLP - 1.0000*DE(clash) - 2.0000*DE(tors)


--------------------------------------------------------------------------------


--------------------------------------------------------------------------------
--- PLP analysis of protein-ligand interactions                              ---
--------------------------------------------------------------------------------
hydrogen bonding        :      -1.00
metal                   :       0.00
buried (polar-nonpolar) :      -4.20
nonpolar                :     -37.47
repulsive               :       0.13
--------------------------------------------------------------------------------


--------------------------------------------------------------------------------
--- ChemScore analysis of protein-ligand interactions                        ---
--------------------------------------------------------------------------------

* Hydrogen bonds                                                                
Protein donor  433 hydrogen  448 Ligand acceptor    9 bond energy  1.00 wt 1.00


* CH..O interactions                                                            
  CH group selection                       : activated ring CH (adjacent to hetatom)

--------------------------------------------------------------------------------


--------------------------------------------------------------------------------
--- Intra-ligand clashes                                                     ---
--------------------------------------------------------------------------------

Ligand
  7 (C7   ) -   4 (C4   ):   1.13 (dist   2.72)
--------------------------------------------------------------------------------


--------------------------------------------------------------------------------
--- Chromosome decoded                                                       ---
--------------------------------------------------------------------------------
Ligand Torsions
[   6    2    1    3]   89.23
[  12    5    1    2] -164.04
Protein Torsions
[1667 1658 1657 1655]   35.03 
[ 510  504  502  499]   74.03 
Mapping
Ligand acceptors to protein hydrogens (mapping then atom ids)
  1   5 [  9-> 448]
Ligand hydrogens to protein acceptors (mapping then atom ids)
Ligand shape atoms to protein points (mapping then atom ids & coords)
  1   948 [  5->( 33.500  28.750  -3.500)]
  2   421 [  6->( 31.500  24.500  -3.000)]
  3   374 [  7->( 31.250  25.250  -3.250)]
  5   363 [ 13->( 31.250  24.000  -3.000)]
  6   457 [ 14->( 31.750  23.500  -3.000)]
  7   356 [ 16->( 31.250  23.500  -2.750)]
Chromosome values
Integers:
   4   -1   -1   -1   -1  947  420  373   -1  362  456  355 
--------------------------------------------------------------------------------


--------------------------------------------------------------------------------
--- Diverse Solutions Stats                                                  ---
--------------------------------------------------------------------------------
  Move attempts                            :  17457
  Move failures                            :      0
  Failure rate                             :   0.000

--------------------------------------------------------------------------------

Current Ranking  1

--------------------------------------------------------------------------------

* GA execution time :                                                           
  total  0.7871 user  0.7449 sys  0.0422

--------------------------------------------------------------------------------
Fitness function evaluations: 17456

--------------------------------------------------------------------------------
** Docking run number  2 **
--------------------------------------------------------------------------------
  Rank fitness base is 5000.00 ; increment is 11.2233

* Initialising population(s) ...                                                
Number of constraints mappings 0
Number of constraints 0
  Population no.                           :      1
  Population size                          :    100
  Number of duplicates                     :      0
  Number of niche violations               :      0


Doing GA, no. of population(s) 1 size 100 selection pressure 1.100000

 Operation      Fitness  S(hb_ext) S(vdw_ext)  S(hb_int)    S(int)      intcor
         0      38.78       5.04      26.41       0.00     -12.87      -0.78
       557      34.64       4.87      23.45       0.00      -6.33      -0.78
       808      34.14       4.76      21.85       0.00      -1.24      -0.78
       996      32.57       4.65      20.99       0.00      -1.41      -0.78
      1130      32.00       5.61      19.97       0.00      -1.35      -0.78
      1169      31.34       6.00      19.17       0.00      -1.24      -0.78
      1202      31.54       5.44      19.75       0.00      -1.24      -0.78
      1287      32.90       5.19      21.01       0.00      -1.24      -0.78
--------------------------------------------------------------------------------
Best docking solution after GA:
      1750      32.82       5.17      21.01       0.00      -1.24      -0.78

#ops:       1750 #mutates:    888 #cross:      862 #dups:       497 
#niche:      930 #errors:       0 
--------------------------------------------------------------------------------

Doing AMOEBA simplex on best individual
Done simplexing #iterations 565, best score  35.43

Ligand is stored in gold_soln_ligand_prepared_m1_2.mol2


--------------------------------------------------------------------------------
--- GoldScore breakdown of terms                                             ---
--------------------------------------------------------------------------------
Fitness = S(hb_ext) + 1.3750*S(vdw_ext) + S(hb_int) + 1.0000*S(int)
S(int)  = S(vdw_int) + S(tors)

Internal terms are relative to best energy found (intcor).

--------------------------------------------------------------------------------


     Fitness  S(hb_ext) S(vdw_ext)  S(hb_int)    S(int)      intcor
     35.43       4.93      23.03       0.00      -1.16      -0.78

--------------------------------------------------------------------------------
--- GoldScore analysis of protein-ligand interactions                        ---
--------------------------------------------------------------------------------

  Ligand acceptor   11 Protein hydrogen  447 donor  443 bond energy  6.00 wt 0.82

--------------------------------------------------------------------------------

--------------------------------------------------------------------------------
--- Rescoring solution                                                       ---
--------------------------------------------------------------------------------

     Score     S(PLP)   S(hbond)     S(cho)   S(metal)  DE(clash)   DE(tors)
     19.63     -21.20       0.29       0.00       0.00       0.78       0.84

Doing AMOEBA simplex on best individual
Done simplexing #iterations 424, best score  37.38

     Score     S(PLP)   S(hbond)     S(cho)   S(metal)  DE(clash)   DE(tors)
     37.38     -39.49       0.00       0.00       0.00       1.97       0.07

--------------------------------------------------------------------------------
--- CHEMPLP breakdown of terms                                               ---
--------------------------------------------------------------------------------
CHEMPLP = - ( 1.0000*S(PLP) + -3.0000*S(hbond) + -6.0000*S(metal) + -3.0000*S(cho) )

Score = CHEMPLP - 1.0000*DE(clash) - 2.0000*DE(tors)


--------------------------------------------------------------------------------


--------------------------------------------------------------------------------
--- PLP analysis of protein-ligand interactions                              ---
--------------------------------------------------------------------------------
hydrogen bonding        :       0.00
metal                   :       0.00
buried (polar-nonpolar) :      -4.60
nonpolar                :     -35.84
repulsive               :       0.28
--------------------------------------------------------------------------------


--------------------------------------------------------------------------------
--- ChemScore analysis of protein-ligand interactions                        ---
--------------------------------------------------------------------------------

* Hydrogen bonds                                                                


* CH..O interactions                                                            
  CH group selection                       : activated ring CH (adjacent to hetatom)

--------------------------------------------------------------------------------


--------------------------------------------------------------------------------
--- Intra-ligand clashes                                                     ---
--------------------------------------------------------------------------------

Ligand
  6 (C6   ) -   3 (C3   ):   1.97 (dist   2.70)
--------------------------------------------------------------------------------


--------------------------------------------------------------------------------
--- Chromosome decoded                                                       ---
--------------------------------------------------------------------------------
Ligand Torsions
[   6    2    1    3]  -20.25
[  12    5    1    2]  171.27
Protein Torsions
[1667 1658 1657 1655] -101.86 
[ 510  504  502  499]   65.63 
Mapping
Ligand acceptors to protein hydrogens (mapping then atom ids)
  2  10 [ 11-> 447]
Ligand hydrogens to protein acceptors (mapping then atom ids)
Ligand shape atoms to protein points (mapping then atom ids & coords)
  2   625 [  6->( 32.250  25.500  -3.500)]
  3   373 [  7->( 31.250  25.000  -3.000)]
  5   523 [ 13->( 32.000  23.750  -3.000)]
  6   265 [ 14->( 30.750  24.500  -3.250)]
  7   683 [ 16->( 32.500  23.750  -3.000)]
Chromosome values
Integers:
  -1    9   -1   -1   -1   -1  624  372   -1  522  264  682 
--------------------------------------------------------------------------------


--------------------------------------------------------------------------------
--- Diverse Solutions Stats                                                  ---
--------------------------------------------------------------------------------
  Move attempts                            :  17117
  Move failures                            :      0
  Failure rate                             :   0.000

--------------------------------------------------------------------------------

Current Ranking  2  1

--------------------------------------------------------------------------------

* GA execution time :                                                           
  total  0.9787 user  0.8095 sys  0.1691

--------------------------------------------------------------------------------
Fitness function evaluations: 17115

--------------------------------------------------------------------------------
** Docking run number  3 **
--------------------------------------------------------------------------------
  Rank fitness base is 5000.00 ; increment is 11.2233

* Initialising population(s) ...                                                
Number of constraints mappings 0
Number of constraints 0
  Population no.                           :      1
  Population size                          :    100
  Number of duplicates                     :      0
  Number of niche violations               :      0


Doing GA, no. of population(s) 1 size 100 selection pressure 1.100000

 Operation      Fitness  S(hb_ext) S(vdw_ext)  S(hb_int)    S(int)      intcor
         0      34.74       0.87      25.20       0.00      -3.86      -0.77
        46      38.79       6.00      26.33       0.00     -16.37      -0.77
       229      39.81       5.63      25.34       0.00      -2.58      -0.77
Reordering...
       676      35.24       4.90      23.55       0.00      -4.54      -0.77
       908      33.49       4.79      22.87       0.00      -4.54      -0.77
Reordering...
      1040      31.65       4.73      21.93       0.00      -4.54      -0.77
Reordering...
      1092      31.16       0.00      24.15       0.00      -2.70      -0.77
      1287      30.84       0.58      23.48       0.00      -2.11      -0.77
      1421      32.53       0.00      24.48       0.00      -1.13      -0.77
      1650      32.92       3.93      22.45       0.00      -1.88      -0.77
--------------------------------------------------------------------------------
Best docking solution after GA:
      1750      32.92       3.93      22.45       0.00      -1.88      -0.77

#ops:       1750 #mutates:    897 #cross:      853 #dups:       484 
#niche:      978 #errors:       0 
--------------------------------------------------------------------------------

Doing AMOEBA simplex on best individual
Done simplexing #iterations 559, best score  34.33

Ligand is stored in gold_soln_ligand_prepared_m1_3.mol2


--------------------------------------------------------------------------------
--- GoldScore breakdown of terms                                             ---
--------------------------------------------------------------------------------
Fitness = S(hb_ext) + 1.3750*S(vdw_ext) + S(hb_int) + 1.0000*S(int)
S(int)  = S(vdw_int) + S(tors)

Internal terms are relative to best energy found (intcor).

--------------------------------------------------------------------------------


     Fitness  S(hb_ext) S(vdw_ext)  S(hb_int)    S(int)      intcor
     34.33       4.39      22.90       0.00      -1.55      -0.77

--------------------------------------------------------------------------------
--- GoldScore analysis of protein-ligand interactions                        ---
--------------------------------------------------------------------------------

  Ligand acceptor   11 Protein hydrogen  447 donor  443 bond energy  6.00 wt 0.73

--------------------------------------------------------------------------------

--------------------------------------------------------------------------------
--- Rescoring solution                                                       ---
--------------------------------------------------------------------------------

     Score     S(PLP)   S(hbond)     S(cho)   S(metal)  DE(clash)   DE(tors)
     19.28     -20.78       0.00       0.00       0.00       1.07       0.22

Doing AMOEBA simplex on best individual
Done simplexing #iterations 478, best score  38.12

     Score     S(PLP)   S(hbond)     S(cho)   S(metal)  DE(clash)   DE(tors)
     38.12     -39.60       0.00       0.00       0.00       1.13       0.17

--------------------------------------------------------------------------------
--- CHEMPLP breakdown of terms                                               ---
--------------------------------------------------------------------------------
CHEMPLP = - ( 1.0000*S(PLP) + -3.0000*S(hbond) + -6.0000*S(metal) + -3.0000*S(cho) )

Score = CHEMPLP - 1.0000*DE(clash) - 2.0000*DE(tors)


--------------------------------------------------------------------------------


--------------------------------------------------------------------------------
--- PLP analysis of protein-ligand interactions                              ---
--------------------------------------------------------------------------------
hydrogen bonding        :       0.00
metal                   :       0.00
buried (polar-nonpolar) :      -4.61
nonpolar                :     -36.04
repulsive               :       0.29
--------------------------------------------------------------------------------


--------------------------------------------------------------------------------
--- ChemScore analysis of protein-ligand interactions                        ---
--------------------------------------------------------------------------------

* Hydrogen bonds                                                                


* CH..O interactions                                                            
  CH group selection                       : activated ring CH (adjacent to hetatom)

--------------------------------------------------------------------------------


--------------------------------------------------------------------------------
--- Intra-ligand clashes                                                     ---
--------------------------------------------------------------------------------

Ligand
  7 (C7   ) -   3 (C3   ):   1.13 (dist   2.72)
--------------------------------------------------------------------------------


--------------------------------------------------------------------------------
--- Chromosome decoded                                                       ---
--------------------------------------------------------------------------------
Ligand Torsions
[   6    2    1    3]  169.45
[  12    5    1    2]  175.79
Protein Torsions
[1667 1658 1657 1655]  -29.42 
[ 510  504  502  499]  -55.89 
Mapping
Ligand acceptors to protein hydrogens (mapping then atom ids)
Ligand hydrogens to protein acceptors (mapping then atom ids)
Ligand shape atoms to protein points (mapping then atom ids & coords)
  1   393 [  5->( 31.250  27.000  -3.250)]
  2   173 [  6->( 30.250  24.750  -3.250)]
  3   555 [  7->( 32.000  26.250  -3.750)]
  5   129 [ 13->( 30.000  24.250  -3.000)]
  6   879 [ 14->( 33.000  25.000  -3.500)]
  7   787 [ 16->( 32.750  24.750  -3.000)]
Chromosome values
Integers:
  -1   -1   -1   -1   -1  392  172  554   -1  128  878  786 
--------------------------------------------------------------------------------


--------------------------------------------------------------------------------
--- Diverse Solutions Stats                                                  ---
--------------------------------------------------------------------------------
  Move attempts                            :  17118
  Move failures                            :      0
  Failure rate                             :   0.000

--------------------------------------------------------------------------------

Current Ranking  2  3  1

--------------------------------------------------------------------------------

* GA execution time :                                                           
  total  0.7931 user  0.6326 sys  0.1606

--------------------------------------------------------------------------------
Fitness function evaluations: 17116

--------------------------------------------------------------------------------
** Docking run number  4 **
--------------------------------------------------------------------------------
  Rank fitness base is 5000.00 ; increment is 11.2233

* Initialising population(s) ...                                                
Number of constraints mappings 0
Number of constraints 0
  Population no.                           :      1
  Population size                          :    100
  Number of duplicates                     :      0
  Number of niche violations               :      0
  Number of errors                         :     23


Doing GA, no. of population(s) 1 size 100 selection pressure 1.100000

 Operation      Fitness  S(hb_ext) S(vdw_ext)  S(hb_int)    S(int)      intcor
         0      34.06       0.05      25.79       0.00      -7.23      -0.77
       106      33.88       0.04      26.05       0.00      -8.72      -0.77
       184      36.20       1.41      25.85       0.00      -3.04      -0.77
       193      37.63       1.21      27.05       0.00      -3.04      -0.77
Reordering...
       364      35.14       0.51      25.88       0.00      -3.09      -0.77
       509      34.78       5.99      22.22       0.00      -4.80      -0.77
Reordering...
       520      34.33       0.51      25.44       0.00      -3.09      -0.77
       622      34.58       0.35      25.82       0.00      -3.01      -0.77
       742      34.52       0.41      25.88       0.00      -3.01      -0.77
       834      35.41       0.45      26.64       0.00      -3.01      -0.77
      1329      34.17       0.39      26.04       0.00      -2.02      -0.77
      1401      35.78       0.45      26.63       0.00      -1.28      -0.77
      1681      36.16       0.37      26.85       0.00      -1.13      -0.77
--------------------------------------------------------------------------------
Best docking solution after GA:
      1750      36.16       0.37      26.85       0.00      -1.13      -0.77

#ops:       1750 #mutates:    862 #cross:      888 #dups:       471 
#niche:     1031 #errors:      69 
--------------------------------------------------------------------------------

Doing AMOEBA simplex on best individual
Done simplexing #iterations 437, best score  37.50

Ligand is stored in gold_soln_ligand_prepared_m1_4.mol2


--------------------------------------------------------------------------------
--- GoldScore breakdown of terms                                             ---
--------------------------------------------------------------------------------
Fitness = S(hb_ext) + 1.3750*S(vdw_ext) + S(hb_int) + 1.0000*S(int)
S(int)  = S(vdw_int) + S(tors)

Internal terms are relative to best energy found (intcor).

--------------------------------------------------------------------------------


     Fitness  S(hb_ext) S(vdw_ext)  S(hb_int)    S(int)      intcor
     37.50       0.39      27.37       0.00      -0.53      -0.77

--------------------------------------------------------------------------------
--- GoldScore analysis of protein-ligand interactions                        ---
--------------------------------------------------------------------------------

  Ligand acceptor   11 Protein hydrogen  448 donor  433 bond energy  2.00 wt 0.20

--------------------------------------------------------------------------------

--------------------------------------------------------------------------------
--- Rescoring solution                                                       ---
--------------------------------------------------------------------------------

     Score     S(PLP)   S(hbond)     S(cho)   S(metal)  DE(clash)   DE(tors)
     25.84     -24.74       1.00       0.00       0.00       0.00       0.95

Doing AMOEBA simplex on best individual
Done simplexing #iterations 482, best score  37.65

     Score     S(PLP)   S(hbond)     S(cho)   S(metal)  DE(clash)   DE(tors)
     37.65     -35.69       1.00       0.00       0.00       0.00       0.52

--------------------------------------------------------------------------------
--- CHEMPLP breakdown of terms                                               ---
--------------------------------------------------------------------------------
CHEMPLP = - ( 1.0000*S(PLP) + -3.0000*S(hbond) + -6.0000*S(metal) + -3.0000*S(cho) )

Score = CHEMPLP - 1.0000*DE(clash) - 2.0000*DE(tors)


--------------------------------------------------------------------------------


--------------------------------------------------------------------------------
--- PLP analysis of protein-ligand interactions                              ---
--------------------------------------------------------------------------------
hydrogen bonding        :      -1.98
metal                   :       0.00
buried (polar-nonpolar) :       0.03
nonpolar                :     -34.76
repulsive               :       0.37
--------------------------------------------------------------------------------


--------------------------------------------------------------------------------
--- ChemScore analysis of protein-ligand interactions                        ---
--------------------------------------------------------------------------------

* Hydrogen bonds                                                                
Protein donor  433 hydrogen  448 Ligand acceptor   11 bond energy  1.00 wt 1.00


* CH..O interactions                                                            
  CH group selection                       : activated ring CH (adjacent to hetatom)

--------------------------------------------------------------------------------


--------------------------------------------------------------------------------
--- Intra-ligand clashes                                                     ---
--------------------------------------------------------------------------------

Ligand
--------------------------------------------------------------------------------


--------------------------------------------------------------------------------
--- Chromosome decoded                                                       ---
--------------------------------------------------------------------------------
Ligand Torsions
[   6    2    1    3]   97.66
[  12    5    1    2] -167.85
Protein Torsions
[1667 1658 1657 1655]  -11.97 
[ 510  504  502  499] -178.34 
Mapping
Ligand acceptors to protein hydrogens (mapping then atom ids)
  2   5 [ 11-> 448]
Ligand hydrogens to protein acceptors (mapping then atom ids)
Ligand shape atoms to protein points (mapping then atom ids & coords)
  2   232 [  6->( 30.500  26.750  -3.500)]
  3   699 [  7->( 32.500  24.750  -3.000)]
  5   454 [ 13->( 31.750  23.250  -3.000)]
  6   369 [ 14->( 31.250  24.500  -3.000)]
Chromosome values
Integers:
  -1    4   -1   -1   -1   -1  231  698   -1  453  368   -1 
--------------------------------------------------------------------------------


--------------------------------------------------------------------------------
--- Diverse Solutions Stats                                                  ---
--------------------------------------------------------------------------------
  Move attempts                            :  17050
  Move failures                            :    103
  Failure rate                             :   0.006

--------------------------------------------------------------------------------

Current Ranking  4  2  3  1

--------------------------------------------------------------------------------

* GA execution time :                                                           
  total  0.8799 user  0.7727 sys  0.1072

--------------------------------------------------------------------------------
Fitness function evaluations: 17050

--------------------------------------------------------------------------------
** Docking run number  5 **
--------------------------------------------------------------------------------
  Rank fitness base is 5000.00 ; increment is 11.2233

* Initialising population(s) ...                                                
Number of constraints mappings 0
Number of constraints 0
  Population no.                           :      1
  Population size                          :    100
  Number of duplicates                     :      0
  Number of niche violations               :      0
  Number of errors                         :     23


Doing GA, no. of population(s) 1 size 100 selection pressure 1.100000

 Operation      Fitness  S(hb_ext) S(vdw_ext)  S(hb_int)    S(int)      intcor
         0      35.38       1.91      24.62       0.00      -1.89      -0.77
Reordering...
       416      30.64       0.24      22.34       0.00      -0.98      -0.77
       495      30.46       0.22      22.37       0.00      -1.42      -0.77
Reordering...
       572      29.41       0.23      21.50       0.00      -0.98      -0.77
       609      29.75       0.34      21.68       0.00      -0.98      -0.77
       688      29.31       0.00      22.36       0.00      -3.11      -0.77
       788      29.61       0.00      22.34       0.00      -2.12      -0.77
       810      29.77       0.41      22.07       0.00      -1.84      -0.77
      1026      29.68       0.44      22.13       0.00      -1.69      -0.77
Reordering...
      1040      29.42       0.39      22.07       0.00      -1.84      -0.77
      1048      30.57       0.00      22.66       0.00      -0.82      -0.77
      1511      30.50       0.00      22.66       0.00      -0.65      -0.77
--------------------------------------------------------------------------------
Best docking solution after GA:
      1750      30.50       0.00      22.66       0.00      -0.65      -0.77

#ops:       1750 #mutates:    873 #cross:      877 #dups:       502 
#niche:     1004 #errors:      87 
--------------------------------------------------------------------------------

Doing AMOEBA simplex on best individual
Done simplexing #iterations 521, best score  33.08

Ligand is stored in gold_soln_ligand_prepared_m1_5.mol2


--------------------------------------------------------------------------------
--- GoldScore breakdown of terms                                             ---
--------------------------------------------------------------------------------
Fitness = S(hb_ext) + 1.3750*S(vdw_ext) + S(hb_int) + 1.0000*S(int)
S(int)  = S(vdw_int) + S(tors)

Internal terms are relative to best energy found (intcor).

--------------------------------------------------------------------------------


     Fitness  S(hb_ext) S(vdw_ext)  S(hb_int)    S(int)      intcor
     33.08       0.00      24.51       0.00      -0.63      -0.77

--------------------------------------------------------------------------------
--- GoldScore analysis of protein-ligand interactions                        ---
--------------------------------------------------------------------------------


--------------------------------------------------------------------------------

--------------------------------------------------------------------------------
--- Rescoring solution                                                       ---
--------------------------------------------------------------------------------

     Score     S(PLP)   S(hbond)     S(cho)   S(metal)  DE(clash)   DE(tors)
     24.47     -26.64       0.00       0.00       0.00       0.00       1.09

Doing AMOEBA simplex on best individual
Done simplexing #iterations 573, best score  36.87

     Score     S(PLP)   S(hbond)     S(cho)   S(metal)  DE(clash)   DE(tors)
     36.87     -38.64       0.00       0.00       0.00       0.12       0.82

--------------------------------------------------------------------------------
--- CHEMPLP breakdown of terms                                               ---
--------------------------------------------------------------------------------
CHEMPLP = - ( 1.0000*S(PLP) + -3.0000*S(hbond) + -6.0000*S(metal) + -3.0000*S(cho) )

Score = CHEMPLP - 1.0000*DE(clash) - 2.0000*DE(tors)


--------------------------------------------------------------------------------


--------------------------------------------------------------------------------
--- PLP analysis of protein-ligand interactions                              ---
--------------------------------------------------------------------------------
hydrogen bonding        :       0.00
metal                   :       0.00
buried (polar-nonpolar) :      -3.55
nonpolar                :     -36.24
repulsive               :       0.20
--------------------------------------------------------------------------------


--------------------------------------------------------------------------------
--- ChemScore analysis of protein-ligand interactions                        ---
--------------------------------------------------------------------------------

* Hydrogen bonds                                                                


* CH..O interactions                                                            
  CH group selection                       : activated ring CH (adjacent to hetatom)

--------------------------------------------------------------------------------


--------------------------------------------------------------------------------
--- Intra-ligand clashes                                                     ---
--------------------------------------------------------------------------------

Ligand
  7 (C7   ) -   3 (C3   ):   0.12 (dist   2.75)
--------------------------------------------------------------------------------


--------------------------------------------------------------------------------
--- Chromosome decoded                                                       ---
--------------------------------------------------------------------------------
Ligand Torsions
[   6    2    1    3]  139.45
[  12    5    1    2]  169.92
Protein Torsions
[1667 1658 1657 1655]   33.44 
[ 510  504  502  499]  168.51 
Mapping
Ligand acceptors to protein hydrogens (mapping then atom ids)
Ligand hydrogens to protein acceptors (mapping then atom ids)
Ligand shape atoms to protein points (mapping then atom ids & coords)
  1   572 [  5->( 32.000  27.250  -4.250)]
  2   883 [  6->( 33.000  25.250  -3.250)]
  3   178 [  7->( 30.250  26.250  -3.500)]
  5   788 [ 13->( 32.750  24.750  -2.750)]
  6   170 [ 14->( 30.250  24.500  -3.250)]
  7   401 [ 16->( 31.500  23.250  -3.500)]
Chromosome values
Integers:
  -1   -1   -1   -1   -1  571  882  177   -1  787  169  400 
--------------------------------------------------------------------------------


--------------------------------------------------------------------------------
--- Diverse Solutions Stats                                                  ---
--------------------------------------------------------------------------------
  Move attempts                            :  17270
  Move failures                            :    110
  Failure rate                             :   0.006

--------------------------------------------------------------------------------

Current Ranking  4  2  3  1  5

--------------------------------------------------------------------------------

* GA execution time :                                                           
  total  0.7845 user  0.6715 sys  0.1130

--------------------------------------------------------------------------------
Fitness function evaluations: 17268

--------------------------------------------------------------------------------
** Docking run number  6 **
--------------------------------------------------------------------------------
  Rank fitness base is 5000.00 ; increment is 11.2233

* Initialising population(s) ...                                                
Number of constraints mappings 0
Number of constraints 0
  Population no.                           :      1
  Population size                          :    100
  Number of duplicates                     :      0
  Number of niche violations               :      0
  Number of errors                         :     69


Doing GA, no. of population(s) 1 size 100 selection pressure 1.100000

 Operation      Fitness  S(hb_ext) S(vdw_ext)  S(hb_int)    S(int)      intcor
         0      33.90       0.76      25.74       0.00     -11.24      -0.77
        41      34.21       0.44      25.18       0.00      -4.08      -0.77
       218      32.45       0.16      23.98       0.00      -2.66      -0.77
       398      30.65       0.13      22.24       0.00      -0.16      -0.77
       469      32.24       0.25      23.30       0.00      -0.16      -0.77
       884      30.25       0.08      22.35       0.00      -0.95      -0.77
Reordering...
      1092      28.17       0.07      20.95       0.00      -0.93      -0.77
      1719      28.26       0.15      21.63       0.00      -1.63      -0.77
--------------------------------------------------------------------------------
Best docking solution after GA:
      1750      28.26       0.15      21.63       0.00      -1.63      -0.77

#ops:       1750 #mutates:    901 #cross:      849 #dups:       395 
#niche:      856 #errors:     197 
--------------------------------------------------------------------------------

Doing AMOEBA simplex on best individual
Done simplexing #iterations 525, best score  33.81

Ligand is stored in gold_soln_ligand_prepared_m1_6.mol2


--------------------------------------------------------------------------------
--- GoldScore breakdown of terms                                             ---
--------------------------------------------------------------------------------
Fitness = S(hb_ext) + 1.3750*S(vdw_ext) + S(hb_int) + 1.0000*S(int)
S(int)  = S(vdw_int) + S(tors)

Internal terms are relative to best energy found (intcor).

--------------------------------------------------------------------------------


     Fitness  S(hb_ext) S(vdw_ext)  S(hb_int)    S(int)      intcor
     33.81       0.33      25.04       0.00      -0.95      -0.77

--------------------------------------------------------------------------------
--- GoldScore analysis of protein-ligand interactions                        ---
--------------------------------------------------------------------------------

  Ligand donor    8 hydrogen   22 Protein acceptor  379 bond energy  2.00 wt 0.16

--------------------------------------------------------------------------------

--------------------------------------------------------------------------------
--- Rescoring solution                                                       ---
--------------------------------------------------------------------------------

     Score     S(PLP)   S(hbond)     S(cho)   S(metal)  DE(clash)   DE(tors)
     22.51     -24.16       0.00       0.00       0.00       0.44       0.60

Doing AMOEBA simplex on best individual
Done simplexing #iterations 726, best score  37.32

     Score     S(PLP)   S(hbond)     S(cho)   S(metal)  DE(clash)   DE(tors)
     37.32     -34.38       1.00       0.00       0.00       0.00       0.03

--------------------------------------------------------------------------------
--- CHEMPLP breakdown of terms                                               ---
--------------------------------------------------------------------------------
CHEMPLP = - ( 1.0000*S(PLP) + -3.0000*S(hbond) + -6.0000*S(metal) + -3.0000*S(cho) )

Score = CHEMPLP - 1.0000*DE(clash) - 2.0000*DE(tors)


--------------------------------------------------------------------------------


--------------------------------------------------------------------------------
--- PLP analysis of protein-ligand interactions                              ---
--------------------------------------------------------------------------------
hydrogen bonding        :      -2.00
metal                   :       0.00
buried (polar-nonpolar) :       1.29
nonpolar                :     -34.16
repulsive               :       0.46
--------------------------------------------------------------------------------


--------------------------------------------------------------------------------
--- ChemScore analysis of protein-ligand interactions                        ---
--------------------------------------------------------------------------------

* Hydrogen bonds                                                                
Protein donor  433 hydrogen  448 Ligand acceptor   11 bond energy  1.00 wt 1.00


* CH..O interactions                                                            
  CH group selection                       : activated ring CH (adjacent to hetatom)

--------------------------------------------------------------------------------


--------------------------------------------------------------------------------
--- Intra-ligand clashes                                                     ---
--------------------------------------------------------------------------------

Ligand
--------------------------------------------------------------------------------


--------------------------------------------------------------------------------
--- Chromosome decoded                                                       ---
--------------------------------------------------------------------------------
Ligand Torsions
[   6    2    1    3]  157.35
[  12    5    1    2]  168.80
Protein Torsions
[1667 1658 1657 1655]   28.36 
[ 510  504  502  499]   77.63 
Mapping
Ligand acceptors to protein hydrogens (mapping then atom ids)
Ligand hydrogens to protein acceptors (mapping then atom ids)
  1   2 [ 22-> 379]
Ligand shape atoms to protein points (mapping then atom ids & coords)
  1   186 [  5->( 30.250  27.250  -4.250)]
  2   141 [  6->( 30.000  27.250  -3.750)]
  3   716 [  7->( 32.500  25.750  -2.750)]
  5   405 [ 13->( 31.500  23.500  -3.500)]
  6   619 [ 14->( 32.250  25.000  -3.000)]
  7   712 [ 16->( 32.500  25.500  -2.750)]
Chromosome values
Integers:
  -1   -1   -1    1   -1  185  140  715   -1  404  618  711 
--------------------------------------------------------------------------------


--------------------------------------------------------------------------------
--- Diverse Solutions Stats                                                  ---
--------------------------------------------------------------------------------
  Move attempts                            :  17499
  Move failures                            :    271
  Failure rate                             :   0.015

--------------------------------------------------------------------------------

Current Ranking  4  2  3  1  6  5

--------------------------------------------------------------------------------

* GA execution time :                                                           
  total  0.7302 user  0.6147 sys  0.1155

--------------------------------------------------------------------------------
Fitness function evaluations: 17498

--------------------------------------------------------------------------------
** Docking run number  7 **
--------------------------------------------------------------------------------
  Rank fitness base is 5000.00 ; increment is 11.2233

* Initialising population(s) ...                                                
Number of constraints mappings 0
Number of constraints 0
  Population no.                           :      1
  Population size                          :    100
  Number of duplicates                     :      0
  Number of niche violations               :      0
  Number of errors                         :    118


Doing GA, no. of population(s) 1 size 100 selection pressure 1.100000

 Operation      Fitness  S(hb_ext) S(vdw_ext)  S(hb_int)    S(int)      intcor
         0      31.86       1.66      25.18       0.00     -22.13      -0.77
       495      26.13       0.00      19.30       0.00      -1.10      -0.77
       516      27.19       1.79      21.33       0.00     -10.53      -0.77
       967      23.91       5.58      14.92       0.00      -3.39      -0.77
Reordering...
      1092      22.03       0.09      18.46       0.00      -4.52      -0.77
      1465      22.63       0.00      16.86       0.00      -0.56      -0.77
      1492      25.18       4.13      16.92       0.00      -2.23      -0.77
--------------------------------------------------------------------------------
Best docking solution after GA:
      1750      25.18       4.13      16.92       0.00      -2.23      -0.77

#ops:       1750 #mutates:    896 #cross:      854 #dups:       395 
#niche:      776 #errors:     199 
--------------------------------------------------------------------------------

Doing AMOEBA simplex on best individual
Done simplexing #iterations 451, best score  27.59

Ligand is stored in gold_soln_ligand_prepared_m1_7.mol2


--------------------------------------------------------------------------------
--- GoldScore breakdown of terms                                             ---
--------------------------------------------------------------------------------
Fitness = S(hb_ext) + 1.3750*S(vdw_ext) + S(hb_int) + 1.0000*S(int)
S(int)  = S(vdw_int) + S(tors)

Internal terms are relative to best energy found (intcor).

--------------------------------------------------------------------------------


     Fitness  S(hb_ext) S(vdw_ext)  S(hb_int)    S(int)      intcor
     27.59       5.00      18.36       0.00      -2.65      -0.77

--------------------------------------------------------------------------------
--- GoldScore analysis of protein-ligand interactions                        ---
--------------------------------------------------------------------------------

  Ligand acceptor   11 Protein hydrogen  447 donor  443 bond energy  6.00 wt 0.83

--------------------------------------------------------------------------------

--------------------------------------------------------------------------------
--- Rescoring solution                                                       ---
--------------------------------------------------------------------------------

     Score     S(PLP)   S(hbond)     S(cho)   S(metal)  DE(clash)   DE(tors)
     17.18     -19.45       0.00       0.00       0.00       1.76       0.26

Doing AMOEBA simplex on best individual
Done simplexing #iterations 710, best score  31.10

     Score     S(PLP)   S(hbond)     S(cho)   S(metal)  DE(clash)   DE(tors)
     31.10     -30.31       1.00       0.00       0.00       1.89       0.16

--------------------------------------------------------------------------------
--- CHEMPLP breakdown of terms                                               ---
--------------------------------------------------------------------------------
CHEMPLP = - ( 1.0000*S(PLP) + -3.0000*S(hbond) + -6.0000*S(metal) + -3.0000*S(cho) )

Score = CHEMPLP - 1.0000*DE(clash) - 2.0000*DE(tors)


--------------------------------------------------------------------------------


--------------------------------------------------------------------------------
--- PLP analysis of protein-ligand interactions                              ---
--------------------------------------------------------------------------------
hydrogen bonding        :      -1.00
metal                   :       0.00
buried (polar-nonpolar) :       0.65
nonpolar                :     -29.13
repulsive               :       0.02
--------------------------------------------------------------------------------


--------------------------------------------------------------------------------
--- ChemScore analysis of protein-ligand interactions                        ---
--------------------------------------------------------------------------------

* Hydrogen bonds                                                                
Protein donor  443 hydrogen  447 Ligand acceptor   11 bond energy  1.00 wt 1.00


* CH..O interactions                                                            
  CH group selection                       : activated ring CH (adjacent to hetatom)

--------------------------------------------------------------------------------


--------------------------------------------------------------------------------
--- Intra-ligand clashes                                                     ---
--------------------------------------------------------------------------------

Ligand
  6 (C6   ) -   3 (C3   ):   1.89 (dist   2.70)
--------------------------------------------------------------------------------


--------------------------------------------------------------------------------
--- Chromosome decoded                                                       ---
--------------------------------------------------------------------------------
Ligand Torsions
[   6    2    1    3]   -6.19
[  12    5    1    2]  175.51
Protein Torsions
[1667 1658 1657 1655] -113.75 
[ 510  504  502  499]    8.98 
Mapping
Ligand acceptors to protein hydrogens (mapping then atom ids)
Ligand hydrogens to protein acceptors (mapping then atom ids)
Ligand shape atoms to protein points (mapping then atom ids & coords)
  2   724 [  6->( 32.500  26.250  -3.000)]
  3   389 [  7->( 31.250  26.750  -3.500)]
  5   836 [ 13->( 32.750  27.750  -3.250)]
  6   369 [ 14->( 31.250  24.500  -3.000)]
  7   738 [ 16->( 32.500  27.000  -3.250)]
Chromosome values
Integers:
  -1   -1   -1   -1   -1   -1  723  388   -1  835  368  737 
--------------------------------------------------------------------------------


--------------------------------------------------------------------------------
--- Diverse Solutions Stats                                                  ---
--------------------------------------------------------------------------------
  Move attempts                            :  17494
  Move failures                            :    726
  Failure rate                             :   0.041

--------------------------------------------------------------------------------

Current Ranking  4  2  3  1  6  5  7

--------------------------------------------------------------------------------

* GA execution time :                                                           
  total  0.7212 user  0.6095 sys  0.1117

--------------------------------------------------------------------------------
Fitness function evaluations: 17492

--------------------------------------------------------------------------------
** Docking run number  8 **
--------------------------------------------------------------------------------
  Rank fitness base is 5000.00 ; increment is 11.2233

* Initialising population(s) ...                                                
Number of constraints mappings 0
Number of constraints 0
  Population no.                           :      1
  Population size                          :    100
  Number of duplicates                     :      0
  Number of niche violations               :      0
  Number of errors                         :    121


Doing GA, no. of population(s) 1 size 100 selection pressure 1.100000

 Operation      Fitness  S(hb_ext) S(vdw_ext)  S(hb_int)    S(int)      intcor
         0      29.57       2.89      20.45       0.00      -7.25      -0.77
        80      28.92       2.83      19.42       0.00      -2.84      -0.77
       138      27.66       2.92      18.48       0.00      -2.84      -0.77
       208      26.82       2.55      19.71       0.00     -11.03      -0.77
       257      28.71       0.19      22.30       0.00      -7.82      -0.77
       337      30.28       1.04      21.40       0.00      -0.64      -0.77
       643      28.33       2.91      18.85       0.00      -1.17      -0.77
       851      27.59       2.83      18.62       0.00      -1.49      -0.77
Reordering...
       884      27.33       2.88      18.28       0.00      -1.17      -0.77
       909      27.42       2.23      18.37       0.00      -0.11      -0.77
       921      28.16       2.75      18.77       0.00      -0.66      -0.77
       949      28.23       2.12      19.03       0.00      -0.09      -0.77
      1321      28.63       2.02      19.42       0.00      -0.09      -0.77
      1606      29.57       2.11      20.19       0.00      -0.30      -0.77
--------------------------------------------------------------------------------
Best docking solution after GA:
      1750      29.57       2.11      20.19       0.00      -0.30      -0.77

#ops:       1750 #mutates:    883 #cross:      867 #dups:       377 
#niche:     1034 #errors:      94 
--------------------------------------------------------------------------------

Doing AMOEBA simplex on best individual
Done simplexing #iterations 607, best score  32.46

Ligand is stored in gold_soln_ligand_prepared_m1_8.mol2


--------------------------------------------------------------------------------
--- GoldScore breakdown of terms                                             ---
--------------------------------------------------------------------------------
Fitness = S(hb_ext) + 1.3750*S(vdw_ext) + S(hb_int) + 1.0000*S(int)
S(int)  = S(vdw_int) + S(tors)

Internal terms are relative to best energy found (intcor).

--------------------------------------------------------------------------------


     Fitness  S(hb_ext) S(vdw_ext)  S(hb_int)    S(int)      intcor
     32.46       0.94      22.96       0.00      -0.05      -0.77

--------------------------------------------------------------------------------
--- GoldScore analysis of protein-ligand interactions                        ---
--------------------------------------------------------------------------------

  Ligand acceptor   17 Protein hydrogen 5115 donor 5107 bond energy  2.00 wt 0.26
  Ligand donor   10 hydrogen   23 Protein acceptor 5110 bond energy  2.00 wt 0.21

--------------------------------------------------------------------------------

--------------------------------------------------------------------------------
--- Rescoring solution                                                       ---
--------------------------------------------------------------------------------

     Score     S(PLP)   S(hbond)     S(cho)   S(metal)  DE(clash)   DE(tors)
     32.84     -30.31       1.00       0.00       0.00       0.00       0.24

Doing AMOEBA simplex on best individual
Done simplexing #iterations 477, best score  38.96

     Score     S(PLP)   S(hbond)     S(cho)   S(metal)  DE(clash)   DE(tors)
     38.96     -35.98       1.00       0.00       0.00       0.00       0.01

--------------------------------------------------------------------------------
--- CHEMPLP breakdown of terms                                               ---
--------------------------------------------------------------------------------
CHEMPLP = - ( 1.0000*S(PLP) + -3.0000*S(hbond) + -6.0000*S(metal) + -3.0000*S(cho) )

Score = CHEMPLP - 1.0000*DE(clash) - 2.0000*DE(tors)


--------------------------------------------------------------------------------


--------------------------------------------------------------------------------
--- PLP analysis of protein-ligand interactions                              ---
--------------------------------------------------------------------------------
hydrogen bonding        :      -1.35
metal                   :       0.00
buried (polar-nonpolar) :      -3.41
nonpolar                :     -32.09
repulsive               :       0.35
--------------------------------------------------------------------------------


--------------------------------------------------------------------------------
--- ChemScore analysis of protein-ligand interactions                        ---
--------------------------------------------------------------------------------

* Hydrogen bonds                                                                
Protein donor 5107 hydrogen 5115 Ligand acceptor   17 bond energy  1.00 wt 1.00


* CH..O interactions                                                            
  CH group selection                       : activated ring CH (adjacent to hetatom)

--------------------------------------------------------------------------------


--------------------------------------------------------------------------------
--- Intra-ligand clashes                                                     ---
--------------------------------------------------------------------------------

Ligand
--------------------------------------------------------------------------------


--------------------------------------------------------------------------------
--- Chromosome decoded                                                       ---
--------------------------------------------------------------------------------
Ligand Torsions
[   6    2    1    3]  -49.51
[  12    5    1    2]  173.61
Protein Torsions
[1667 1658 1657 1655]   12.40 
[ 510  504  502  499]  -49.15 
Mapping
Ligand acceptors to protein hydrogens (mapping then atom ids)
  3  13 [ 17->5115]
Ligand hydrogens to protein acceptors (mapping then atom ids)
  2   7 [ 23->5110]
Ligand shape atoms to protein points (mapping then atom ids & coords)
  3   835 [  7->( 32.750  27.750  -3.500)]
  5   179 [ 13->( 30.250  26.250  -3.250)]
  6   474 [ 14->( 31.750  24.750  -3.000)]
  7   348 [ 16->( 31.250  23.000  -3.000)]
Chromosome values
Integers:
  -1   -1   12   -1    6   -1   -1  834   -1  178  473  347 
--------------------------------------------------------------------------------


--------------------------------------------------------------------------------
--- Diverse Solutions Stats                                                  ---
--------------------------------------------------------------------------------
  Move attempts                            :  17361
  Move failures                            :    235
  Failure rate                             :   0.014

--------------------------------------------------------------------------------

Current Ranking  4  2  3  1  6  5  8  7

--------------------------------------------------------------------------------

* GA execution time :                                                           
  total  0.6951 user  0.6178 sys  0.0773

--------------------------------------------------------------------------------
Fitness function evaluations: 17359

--------------------------------------------------------------------------------
** Docking run number  9 **
--------------------------------------------------------------------------------
  Rank fitness base is 5000.00 ; increment is 11.2233

* Initialising population(s) ...                                                
Number of constraints mappings 0
Number of constraints 0
  Population no.                           :      1
  Population size                          :    100
  Number of duplicates                     :      0
  Number of niche violations               :      0
  Number of errors                         :    119


Doing GA, no. of population(s) 1 size 100 selection pressure 1.100000

 Operation      Fitness  S(hb_ext) S(vdw_ext)  S(hb_int)    S(int)      intcor
         0      29.54       1.57      21.80       0.00     -10.00      -0.77
       103      30.60       1.83      21.41       0.00      -2.94      -0.77
       274      28.36       0.87      21.89       0.00      -9.37      -0.77
       382      28.39       1.66      19.96       0.00      -2.28      -0.77
       671      24.33       1.37      17.44       0.00      -2.28      -0.77
Reordering...
       728      22.91       0.02      18.28       0.00      -4.69      -0.77
Reordering...
       969      21.44       0.00      15.90       0.00      -0.64      -0.77
      1000      24.38       1.40      17.82       0.00      -2.28      -0.77
      1096      24.49       0.00      18.38       0.00      -1.04      -0.77
      1174      25.56       0.04      19.16       0.00      -0.97      -0.77
      1225      25.19       0.98      18.24       0.00      -0.97      -0.77
      1227      26.58       1.45      18.91       0.00      -0.97      -0.77
      1390      25.67       0.00      19.88       0.00      -1.66      -0.77
      1442      25.96       0.00      19.94       0.00      -1.46      -0.77
      1584      26.13       0.00      19.95       0.00      -1.29      -0.77
      1680      26.44       1.06      18.95       0.00      -0.67      -0.77
--------------------------------------------------------------------------------
Best docking solution after GA:
      1750      26.44       1.06      18.95       0.00      -0.67      -0.77

#ops:       1750 #mutates:    853 #cross:      897 #dups:       446 
#niche:      867 #errors:     199 
--------------------------------------------------------------------------------

Doing AMOEBA simplex on best individual
Done simplexing #iterations 443, best score  31.01

Ligand is stored in gold_soln_ligand_prepared_m1_9.mol2


--------------------------------------------------------------------------------
--- GoldScore breakdown of terms                                             ---
--------------------------------------------------------------------------------
Fitness = S(hb_ext) + 1.3750*S(vdw_ext) + S(hb_int) + 1.0000*S(int)
S(int)  = S(vdw_int) + S(tors)

Internal terms are relative to best energy found (intcor).

--------------------------------------------------------------------------------


     Fitness  S(hb_ext) S(vdw_ext)  S(hb_int)    S(int)      intcor
     31.01       0.64      22.61       0.00      -0.72      -0.77

--------------------------------------------------------------------------------
--- GoldScore analysis of protein-ligand interactions                        ---
--------------------------------------------------------------------------------

  Ligand acceptor   17 Protein hydrogen 5115 donor 5107 bond energy  2.00 wt 0.23
  Ligand donor   10 hydrogen   23 Protein acceptor 5110 bond energy  2.00 wt 0.08

--------------------------------------------------------------------------------

--------------------------------------------------------------------------------
--- Rescoring solution                                                       ---
--------------------------------------------------------------------------------

     Score     S(PLP)   S(hbond)     S(cho)   S(metal)  DE(clash)   DE(tors)
     26.19     -28.57       0.00       0.00       0.00       0.00       1.19

Doing AMOEBA simplex on best individual
Done simplexing #iterations 609, best score  39.74

     Score     S(PLP)   S(hbond)     S(cho)   S(metal)  DE(clash)   DE(tors)
     39.74     -37.57       1.00       0.00       0.00       0.00       0.42

--------------------------------------------------------------------------------
--- CHEMPLP breakdown of terms                                               ---
--------------------------------------------------------------------------------
CHEMPLP = - ( 1.0000*S(PLP) + -3.0000*S(hbond) + -6.0000*S(metal) + -3.0000*S(cho) )

Score = CHEMPLP - 1.0000*DE(clash) - 2.0000*DE(tors)


--------------------------------------------------------------------------------


--------------------------------------------------------------------------------
--- PLP analysis of protein-ligand interactions                              ---
--------------------------------------------------------------------------------
hydrogen bonding        :      -1.86
metal                   :       0.00
buried (polar-nonpolar) :      -3.41
nonpolar                :     -33.40
repulsive               :       0.32
--------------------------------------------------------------------------------


--------------------------------------------------------------------------------
--- ChemScore analysis of protein-ligand interactions                        ---
--------------------------------------------------------------------------------

* Hydrogen bonds                                                                
Protein donor 5107 hydrogen 5115 Ligand acceptor   17 bond energy  1.00 wt 1.00


* CH..O interactions                                                            
  CH group selection                       : activated ring CH (adjacent to hetatom)

--------------------------------------------------------------------------------


--------------------------------------------------------------------------------
--- Intra-ligand clashes                                                     ---
--------------------------------------------------------------------------------

Ligand
--------------------------------------------------------------------------------


--------------------------------------------------------------------------------
--- Chromosome decoded                                                       ---
--------------------------------------------------------------------------------
Ligand Torsions
[   6    2    1    3]  -94.28
[  12    5    1    2] -167.59
Protein Torsions
[1667 1658 1657 1655]  174.59 
[ 510  504  502  499]   26.93 
Mapping
Ligand acceptors to protein hydrogens (mapping then atom ids)
Ligand hydrogens to protein acceptors (mapping then atom ids)
  2   7 [ 23->5110]
Ligand shape atoms to protein points (mapping then atom ids & coords)
  3   491 [  7->( 31.750  26.500  -3.500)]
  5   428 [ 13->( 31.500  25.500  -3.250)]
  7   772 [ 16->( 32.750  23.750  -2.750)]
Chromosome values
Integers:
  -1   -1   -1   -1    6   -1   -1  490   -1  427   -1  771 
--------------------------------------------------------------------------------


--------------------------------------------------------------------------------
--- Diverse Solutions Stats                                                  ---
--------------------------------------------------------------------------------
  Move attempts                            :  17269
  Move failures                            :    546
  Failure rate                             :   0.032

--------------------------------------------------------------------------------

Current Ranking  4  2  3  1  6  5  8  9  7

--------------------------------------------------------------------------------

* GA execution time :                                                           
  total  0.7180 user  0.7009 sys  0.0171

--------------------------------------------------------------------------------
Fitness function evaluations: 17268

--------------------------------------------------------------------------------
** Docking run number 10 **
--------------------------------------------------------------------------------
  Rank fitness base is 5000.00 ; increment is 11.2233

* Initialising population(s) ...                                                
Number of constraints mappings 0
Number of constraints 0
  Population no.                           :      1
  Population size                          :    100
  Number of duplicates                     :      0
  Number of niche violations               :      0
  Number of errors                         :    169


Doing GA, no. of population(s) 1 size 100 selection pressure 1.100000

 Operation      Fitness  S(hb_ext) S(vdw_ext)  S(hb_int)    S(int)      intcor
         0      29.22       0.47      21.27       0.00      -2.48      -0.77
        93      28.04       0.33      21.90       0.00     -10.80      -0.77
Reordering...
       104      26.68       0.06      23.09       0.00     -22.63      -0.77
Reordering...
       119      26.62       0.42      19.47       0.00      -2.48      -0.77
       134      30.13       0.48      22.73       0.00      -6.91      -0.77
Reordering...
       728      20.32       0.06      14.84       0.00      -0.30      -0.77
       736      21.24       0.00      16.07       0.00      -1.75      -0.77
       808      22.60       0.00      16.55       0.00      -0.30      -0.77
       923      25.47       0.00      19.31       0.00      -1.75      -0.77
      1741      26.15       0.00      19.68       0.00      -0.91      -0.77
--------------------------------------------------------------------------------
Best docking solution after GA:
      1750      26.15       0.00      19.68       0.00      -0.91      -0.77

#ops:       1750 #mutates:    910 #cross:      840 #dups:       341 
#niche:      918 #errors:     158 
--------------------------------------------------------------------------------

Doing AMOEBA simplex on best individual
Done simplexing #iterations 522, best score  29.17

Ligand is stored in gold_soln_ligand_prepared_m1_10.mol2


--------------------------------------------------------------------------------
--- GoldScore breakdown of terms                                             ---
--------------------------------------------------------------------------------
Fitness = S(hb_ext) + 1.3750*S(vdw_ext) + S(hb_int) + 1.0000*S(int)
S(int)  = S(vdw_int) + S(tors)

Internal terms are relative to best energy found (intcor).

--------------------------------------------------------------------------------


     Fitness  S(hb_ext) S(vdw_ext)  S(hb_int)    S(int)      intcor
     29.17       0.00      21.79       0.00      -0.79      -0.77

--------------------------------------------------------------------------------
--- GoldScore analysis of protein-ligand interactions                        ---
--------------------------------------------------------------------------------


--------------------------------------------------------------------------------

--------------------------------------------------------------------------------
--- Rescoring solution                                                       ---
--------------------------------------------------------------------------------

     Score     S(PLP)   S(hbond)     S(cho)   S(metal)  DE(clash)   DE(tors)
     14.77     -16.78       0.00       0.00       0.00       0.00       1.00

Doing AMOEBA simplex on best individual
Done simplexing #iterations 556, best score  36.83

     Score     S(PLP)   S(hbond)     S(cho)   S(metal)  DE(clash)   DE(tors)
     36.83     -39.20       0.00       0.00       0.00       0.00       1.19

--------------------------------------------------------------------------------
--- CHEMPLP breakdown of terms                                               ---
--------------------------------------------------------------------------------
CHEMPLP = - ( 1.0000*S(PLP) + -3.0000*S(hbond) + -6.0000*S(metal) + -3.0000*S(cho) )

Score = CHEMPLP - 1.0000*DE(clash) - 2.0000*DE(tors)


--------------------------------------------------------------------------------


--------------------------------------------------------------------------------
--- PLP analysis of protein-ligand interactions                              ---
--------------------------------------------------------------------------------
hydrogen bonding        :       0.00
metal                   :       0.00
buried (polar-nonpolar) :      -2.12
nonpolar                :     -37.58
repulsive               :       0.04
--------------------------------------------------------------------------------


--------------------------------------------------------------------------------
--- ChemScore analysis of protein-ligand interactions                        ---
--------------------------------------------------------------------------------

* Hydrogen bonds                                                                


* CH..O interactions                                                            
  CH group selection                       : activated ring CH (adjacent to hetatom)

--------------------------------------------------------------------------------


--------------------------------------------------------------------------------
--- Intra-ligand clashes                                                     ---
--------------------------------------------------------------------------------

Ligand
--------------------------------------------------------------------------------


--------------------------------------------------------------------------------
--- Chromosome decoded                                                       ---
--------------------------------------------------------------------------------
Ligand Torsions
[   6    2    1    3]   83.74
[  12    5    1    2] -168.90
Protein Torsions
[1667 1658 1657 1655] -165.60 
[ 510  504  502  499] -165.49 
Mapping
Ligand acceptors to protein hydrogens (mapping then atom ids)
Ligand hydrogens to protein acceptors (mapping then atom ids)
Ligand shape atoms to protein points (mapping then atom ids & coords)
  2   229 [  6->( 30.500  26.250  -3.500)]
  3   385 [  7->( 31.250  26.250  -3.000)]
  5   708 [ 13->( 32.500  25.250  -2.750)]
  6   719 [ 14->( 32.500  26.000  -3.000)]
  7   539 [ 16->( 32.000  24.750  -3.000)]
Chromosome values
Integers:
  -1   -1   -1   -1   -1   -1  228  384   -1  707  718  538 
--------------------------------------------------------------------------------


--------------------------------------------------------------------------------
--- Diverse Solutions Stats                                                  ---
--------------------------------------------------------------------------------
  Move attempts                            :  17351
  Move failures                            :    329
  Failure rate                             :   0.019

--------------------------------------------------------------------------------

Current Ranking  4  2  3  1  6  5  8  9 10  7

--------------------------------------------------------------------------------

* GA execution time :                                                           
  total  0.7714 user  0.7572 sys  0.0142

--------------------------------------------------------------------------------
Fitness function evaluations: 17351

--------------------------------------------------------------------------------
--- Ranking analysis                                                         ---
--------------------------------------------------------------------------------


* Final ranked order of GA solutions:                                           
   4  2  3  1  6  5  8  9 10  7 

  _______________________________
  RMSD Matrix of RANKED solutions

        2    3    4    5    6    7    8    9   10  

   1 :  3.0  3.0  2.8  1.3  3.0  4.1  3.9  3.5  3.8
   2 :       0.4  2.3  2.7  2.7  2.8  2.7  3.3  2.2
   3 :            2.3  2.7  2.7  2.8  2.7  3.2  2.0
   4 :                 2.9  1.9  2.2  2.1  3.2  3.0
   5 :                      3.4  4.3  4.2  4.1  3.8
   6 :                           2.1  2.0  2.5  2.9
   7 :                                0.5  2.6  2.5
   8 :                                     2.7  2.4
   9 :                                          2.5

  Clustering method                        : complete linkage
  Structure ids in cluster table           : rank nos.
  Ordering of clusters and their members   : by rank (order if from rms_analysis)

  Distance | Clusters
   0.36    |  1 |  2  3 |  4 |  5 |  6 |  7 |  8 |  9 | 10 |
   0.51    |  1 |  2  3 |  4 |  5 |  6 |  7  8 |  9 | 10 |
   1.27    |  1  5 |  2  3 |  4 |  6 |  7  8 |  9 | 10 |
   1.90    |  1  5 |  2  3 |  4  6 |  7  8 |  9 | 10 |
   2.19    |  1  5 |  2  3 10 |  4  6 |  7  8 |  9 |
   2.21    |  1  5 |  2  3 10 |  4  6  7  8 |  9 |
   3.00    |  1  5 |  2  3  4  6  7  8 10 |  9 |
   3.33    |  1  5 |  2  3  4  6  7  8  9 10 |
   4.32    |  1  2  3  4  5  6  7  8  9 10 |
  Finished Docking Ligand                  : /mnt/c/Users/ricca/Desktop/Documents/1_Coding/1_Script_Github/Reverse_Docking_Explore_V3/3nx8/ligand_prepared.mol2
--------------------------------------------------------------------------------

  Relative_Ligand_Energy (best encountered) :  -0.765
  Relative_Ligand_Energy: fitness values have been corrected using this amount
