
--------------------------------------------------------------------------------
--- Ligand                                                                   ---
--------------------------------------------------------------------------------
  Ligand loaded from file                  : /mnt/c/Users/ricca/Desktop/Documents/1_Coding/1_Script_Github/Reverse_Docking_Explore_V3/7ts3/ligand_prepared.mol2
  Ligand name                              :  
  "CT1002167954                                                             "

--------------------------------------------------------------------------------
  N.plc donors                             : 
  none found

  Acidic nitrogen acceptors                : 
  none found
  Sulfur acceptors                         :
  none found


  Donor atoms                              :      2
  8   10  
  Acceptor atoms                           :      3
  9   11  17  

  Hydrogens                                :  (n = 2)
  22   23   

  Lone pairs added to molecule             :      6
  Numbering                                : from 30 to 35

--------------------------------------------------------------------------------
--- Postprocessing of typing                                                 ---
--------------------------------------------------------------------------------
  Fragment file                            : /home/hitesit/CCDC/Discovery_2022/GOLD/gold/rotatable_bond_override.mol2
  acylurea fragment                        : 2 matches
  Ligand bond 15-8  set to flip
  Ligand bond 15-10  set to flip
  Ligand bond 15-10  set to 1
  Ligand bond 15-8  set to 1
  Ligand bond 10-4  set to flip
  Ligand bond 8-3  set to flip
  thioacylthiourea fragment                : no matches
  acylthiourea fragment                    : no matches
  thioacylurea fragment                    : no matches
  diarylamine fragment >C.ar-NH-C.ar<      : no matches
  sec-amine (1) fragment                   : no matches
  sec-amine (2) fragment                   : no matches
  sec-amine (3) fragment                   : no matches
  carboxylic ester                         : no matches

* Rotatable bonds in /mnt/c/Users/ricca/D  :
  [   1    2] [   1    5] 
  No. of rotatable bonds                   :      2


* Reading torsional distributions from file:
  /home/hitesit/CCDC/Discovery_2022/GOLD/gold/gold.tordist
  No. of bins in torsional distributions   :     36
  Minimum size of largest peak             :      0
  Removing high energy torsions            : on
  Delta E set to                           :   2.500

* Fragments found in /mnt/c/Users/ricca/D  :
  atom   2: benzene
  atom   6: benzene
  atom   7: benzene
  atom  13: benzene
  atom  14: benzene
  atom  16: benzene


* Checking torsion distributions:                                               
  No. of matched torsions                  :      0

--------------------------------------------------------------------------------
--- Shape fitting atoms selection (hydrophobic atoms)                        ---
--------------------------------------------------------------------------------
  Molecule                                 : /mnt/c/Users/ricca/Desktop/Documents/1_Coding/1_Script_Github/Reverse_Docking_Explore_V3/7ts3/ligand_prepared.mol2
  Selection                                : carbons only
  Atom numbers                             :  (n = 7)
  5    6    7    12   13   14   16   

--------------------------------------------------------------------------------
--- Diverse Solutions Setup                                                  ---
--------------------------------------------------------------------------------
  Cluster size                             :      2
  RMSD                                     :   2.000
  Refinement                               :      0


--------------------------------------------------------------------------------
--- ChemScore ligand setup summary                                           ---
--------------------------------------------------------------------------------
  ChemScore ligand acceptors               :      3
  9 11 17 
  ChemScore ligand donors                  :      2
  8 ( 22  ) 10 ( 23  ) 
  ChemScore ligand CH donors               :      0
  

  ChemScore ligand lipophilic atoms        :  (n = 9)
  1    2    5    6    7    12   13   14   16   

  ChemScore ligand rotatable bonds         :      2
  1   (C1 ) - 2   (C2 ): SP3_SP2_BOND
  1   (C1 ) - 5   (C5 ): SP3_SP3_BOND

--------------------------------------------------------------------------------
--- PLP ligand setup summary                                                 ---
--------------------------------------------------------------------------------
    1    C1   C.3 NONPOLAR
    2    C2  C.ar NONPOLAR
    3    C3   C.2 NONPOLAR
    4    C4   C.2 NONPOLAR
    5    C5   C.3 NONPOLAR
    6    C6  C.ar NONPOLAR
    7    C7  C.ar NONPOLAR
    8    N8  N.am DONOR
    9    O9   O.2 ACCEPTOR
   10   N10  N.am DONOR
   11   O11   O.2 ACCEPTOR
   12   C12   C.3 NONPOLAR
   13   C13  C.ar NONPOLAR
   14   C14  C.ar NONPOLAR
   15   C15   C.2 NONPOLAR
   16   C16  C.ar NONPOLAR
   17   O17   O.2 ACCEPTOR

--------------------------------------------------------------------------------
--- Automatic parameter setting                                              ---
--------------------------------------------------------------------------------
  Contribution base                        :   2500
  Contribution per rotatable bond          :   6000
  Contribution per df                      :   4000
  Contribution per water                   :  10000
  Ligand rotatable bonds                   :      2
  Protein flexible side chain bonds        :      0
  Total rotatable bonds                    :      2
  Hydrophobic vol ratio (P/L)              :   1.043
  Base multiplier (polar)                  :   1.000
  Base multiplier (apolar)                 :   1.461
  Base contribution                        : 5000.000
  Fitting points                           :      5
  Estimated maxops needed (optimal)        :  17500
  Autoscale factor (in percent)            :     10
  Scaled maxops                            :   2000

--------------------------------------------------------------------------------

* Population settings                                                           
  maxops                                   :   2000
  popsiz                                   :    100
  select_pressure                          :   1.100
  n_islands                                :      1
  niche_siz                                :      2

* GA settings                                                                   
  pt_crosswt                               :    100
  allele_mutatewt                          :    100
  migratewt                                :      0

* Search settings                                                               
  start_vdw_linear_cutoff                  :   6.000
  initial_virtual_pt_match_max             :   3.000
  Scaling of internal VDW energy           : log scale from  0.2 to    1
                                             over 1500 ops
  Sampling interval (operations)           :     20
  Scaling of virtual pt maximum length     : linear scale from    3 to    2
                                             over  1500 ops
  Sampling interval (operations)           :     60
  Scaling of 4-8 potential cutoff          : log scale from    6 to 1.2e+02
                                             over 1500 ops
  Sampling interval (operations)           :     60

--------------------------------------------------------------------------------

* Ligand initialisation time :                                                  
  total  0.0117 user  0.0117 sys  0.0000

--------------------------------------------------------------------------------

--------------------------------------------------------------------------------
** Docking run number  1 **
--------------------------------------------------------------------------------
  Rank fitness base is 5000.00 ; increment is 11.2233

* Initialising population(s) ...                                                
Number of constraints mappings 0
Number of constraints 0
  Population no.                           :      1
  Population size                          :    100
  Number of duplicates                     :      0
  Number of niche violations               :      0
  Number of errors                         :    172


Doing GA, no. of population(s) 1 size 100 selection pressure 1.100000

 Operation      Fitness  S(hb_ext) S(vdw_ext)  S(hb_int)    S(int)      intcor
         0      26.81       0.57      19.41       0.00      -2.20      -0.79
Reordering...
       120      24.74       5.24      17.84       0.00     -22.12      -0.79
       251      24.36       0.17      21.31       0.00     -19.74      -0.79
       265      24.72       3.99      15.24       0.00      -0.83      -0.79
       291      24.99       4.62      15.04       0.00      -1.11      -0.79
       585      23.92       0.23      17.53       0.00      -1.11      -0.79
       800      24.09       2.00      16.50       0.00      -1.26      -0.79
Reordering...
       900      23.67       1.90      16.34       0.00      -1.34      -0.78
       910      23.78       2.47      15.87       0.00      -0.97      -0.78
Reordering...
       960      23.68       1.85      16.47       0.00      -1.47      -0.78
       979      25.51       6.04      15.34       0.00      -2.89      -0.78
Reordering...
      1220      23.51       1.90      17.10       0.00      -2.59      -0.78
      1262      23.36       6.04      14.22       0.00      -2.89      -0.78
      1267      23.74       6.04      14.50       0.00      -2.89      -0.78
      1521      22.92       5.94      18.14       0.00      -7.96      -0.78
      1611      28.24       4.33      19.27       0.00      -2.59      -0.78
      1703      28.31       5.94      17.71       0.00      -1.97      -0.78
      1884      28.32       5.94      17.71       0.00      -1.97      -0.78
      1958      29.58       3.27      20.25       0.00      -1.52      -0.78
--------------------------------------------------------------------------------
Best docking solution after GA:
      2000      29.58       3.27      20.25       0.00      -1.52      -0.78

#ops:       2000 #mutates:   1011 #cross:      989 #dups:       420 
#niche:     1020 #errors:      34 
--------------------------------------------------------------------------------

Doing AMOEBA simplex on best individual
Done simplexing #iterations 1568, best score  35.21

Ligand is stored in gold_soln_ligand_prepared_m1_1.mol2


--------------------------------------------------------------------------------
--- GoldScore breakdown of terms                                             ---
--------------------------------------------------------------------------------
Fitness = S(hb_ext) + 1.3750*S(vdw_ext) + S(hb_int) + 1.0000*S(int)
S(int)  = S(vdw_int) + S(tors)

Internal terms are relative to best energy found (intcor).

--------------------------------------------------------------------------------


     Fitness  S(hb_ext) S(vdw_ext)  S(hb_int)    S(int)      intcor
     35.21       4.25      22.92       0.00      -0.56      -0.78

--------------------------------------------------------------------------------
--- GoldScore analysis of protein-ligand interactions                        ---
--------------------------------------------------------------------------------

  Ligand acceptor   17 Protein hydrogen 6724 donor 6703 bond energy  6.00 wt 0.68
  Ligand donor   10 hydrogen   23 Protein acceptor 7808 bond energy  2.00 wt 0.09

--------------------------------------------------------------------------------

--------------------------------------------------------------------------------
--- Rescoring solution                                                       ---
--------------------------------------------------------------------------------

     Score     S(PLP)   S(hbond)     S(cho)   S(metal)  DE(clash)   DE(tors)
     16.94     -15.72       0.98       0.00       0.00       0.77       0.47

Doing AMOEBA simplex on best individual
AMOEBA simplex failed to converge after 2000 iterations
Done simplexing #iterations 2000, best score  28.15

     Score     S(PLP)   S(hbond)     S(cho)   S(metal)  DE(clash)   DE(tors)
     28.15     -25.99       1.00       0.00       0.00       0.00       0.42

--------------------------------------------------------------------------------
--- CHEMPLP breakdown of terms                                               ---
--------------------------------------------------------------------------------
CHEMPLP = - ( 1.0000*S(PLP) + -3.0000*S(hbond) + -6.0000*S(metal) + -3.0000*S(cho) )

Score = CHEMPLP - 1.0000*DE(clash) - 2.0000*DE(tors)


--------------------------------------------------------------------------------


--------------------------------------------------------------------------------
--- PLP analysis of protein-ligand interactions                              ---
--------------------------------------------------------------------------------
hydrogen bonding        :      -1.51
metal                   :       0.00
buried (polar-nonpolar) :      -4.14
nonpolar                :     -22.28
repulsive               :       1.60
--------------------------------------------------------------------------------


--------------------------------------------------------------------------------
--- ChemScore analysis of protein-ligand interactions                        ---
--------------------------------------------------------------------------------

* Hydrogen bonds                                                                
Protein donor 6703 hydrogen 6724 Ligand acceptor   17 bond energy  1.00 wt 1.00


* CH..O interactions                                                            
  CH group selection                       : activated ring CH (adjacent to hetatom)

--------------------------------------------------------------------------------


--------------------------------------------------------------------------------
--- Intra-ligand clashes                                                     ---
--------------------------------------------------------------------------------

Ligand
--------------------------------------------------------------------------------


--------------------------------------------------------------------------------
--- Chromosome decoded                                                       ---
--------------------------------------------------------------------------------
Ligand Torsions
[   6    2    1    3]   91.58
[  12    5    1    2] -166.87
Protein Torsions
[7881 7855 7856 7857]   16.24 
[7957 7941 7942 7943]  123.01 
[8037 8019 8020 8021]  127.20 
[8097 8083 8084 8085]  159.04 
[8177 8155 8156 8157]   65.09 
[9486 9456 9455 9453] -100.52 
[7821 7805 7806 7807]   67.59 
[7825 7810 7809 7806]   94.95 
[7891 7863 7862 7861]  -19.01 
[6481 6465 6466 6467]  -55.88 
[6573 6549 6550 6551]  -60.60 
[8245 8229 8230 8231] -115.89 
[10140 10113 10114 10115]  -75.21 
[6713 6695 6696 6697]   53.89 
[27271 7808 7807 7806]   12.97 
[27274 7858 7857 7856]  -60.21 
[27277 7944 7943 7942]   81.05 
[27280 8022 8021 8020]   22.60 
[27283 8086 8085 8084]    0.17 
[27288 10020 10019 10017]  -92.47 
[27290 6468 6467 6466]   55.17 
[27292 7728 7727 7726]  142.24 
[27299 6228 6227 6226]   -8.35 
[27303 10116 10115 10114] -150.85 
[27305 6274 6273 6272]    8.30 
Mapping
Ligand acceptors to protein hydrogens (mapping then atom ids)
Ligand hydrogens to protein acceptors (mapping then atom ids)
Ligand shape atoms to protein points (mapping then atom ids & coords)
  2   929 [  6->(222.000 343.500 -113.500)]
  5   318 [ 13->(221.500 342.750 -113.750)]
  7  2777 [ 16->(223.250 345.000 -113.750)]
Chromosome values
Integers:
  -1   -1   -1   -1   -1   -1  928   -1   -1  317   -1 2776 
--------------------------------------------------------------------------------


--------------------------------------------------------------------------------
--- Diverse Solutions Stats                                                  ---
--------------------------------------------------------------------------------
  Move attempts                            :  18776
  Move failures                            :      0
  Failure rate                             :   0.000

--------------------------------------------------------------------------------

Current Ranking  1

--------------------------------------------------------------------------------

* GA execution time :                                                           
  total  0.3816 user  0.3788 sys  0.0028

--------------------------------------------------------------------------------
Fitness function evaluations: 18980

--------------------------------------------------------------------------------
** Docking run number  2 **
--------------------------------------------------------------------------------
  Rank fitness base is 5000.00 ; increment is 11.2233

* Initialising population(s) ...                                                
Number of constraints mappings 0
Number of constraints 0
  Population no.                           :      1
  Population size                          :    100
  Number of duplicates                     :      0
  Number of niche violations               :      0
  Number of errors                         :    157


Doing GA, no. of population(s) 1 size 100 selection pressure 1.100000

 Operation      Fitness  S(hb_ext) S(vdw_ext)  S(hb_int)    S(int)      intcor
         0      26.82       0.32      21.11       0.00     -12.65      -0.78
Reordering...
        60      26.17       2.81      18.90       0.00     -12.31      -0.78
        76      27.65       2.81      18.83       0.00      -4.93      -0.78
       273      26.88       1.29      21.31       0.00     -14.01      -0.78
       354      28.80       4.64      18.60       0.00      -4.93      -0.78
       399      27.79       0.89      21.07       0.00      -6.88      -0.78
       597      27.43       1.42      20.78       0.00      -6.88      -0.78
       728      27.23       1.40      20.31       0.00      -4.81      -0.78
       879      26.53       1.38      19.91       0.00      -4.41      -0.78
Reordering...
      1020      25.38       1.67      18.92       0.00      -3.85      -0.78
      1157      25.29       2.00      18.84       0.00      -3.85      -0.78
      1171      25.33       2.00      18.91       0.00      -3.85      -0.78
      1351      24.80       2.00      18.94       0.00      -3.85      -0.78
      1772      26.63       4.48      19.36       0.00      -4.47      -0.78
--------------------------------------------------------------------------------
Best docking solution after GA:
      2000      26.63       4.48      19.36       0.00      -4.47      -0.78

#ops:       2000 #mutates:    999 #cross:     1001 #dups:       399 
#niche:     1107 #errors:      36 
--------------------------------------------------------------------------------

Doing AMOEBA simplex on best individual
Done simplexing #iterations 1208, best score  31.75

Ligand is stored in gold_soln_ligand_prepared_m1_2.mol2


--------------------------------------------------------------------------------
--- GoldScore breakdown of terms                                             ---
--------------------------------------------------------------------------------
Fitness = S(hb_ext) + 1.3750*S(vdw_ext) + S(hb_int) + 1.0000*S(int)
S(int)  = S(vdw_int) + S(tors)

Internal terms are relative to best energy found (intcor).

--------------------------------------------------------------------------------


     Fitness  S(hb_ext) S(vdw_ext)  S(hb_int)    S(int)      intcor
     31.75       4.17      22.28       0.00      -3.05      -0.78

--------------------------------------------------------------------------------
--- GoldScore analysis of protein-ligand interactions                        ---
--------------------------------------------------------------------------------

  Ligand acceptor    9 Protein hydrogen 7957 donor 7941 bond energy  2.00 wt 0.48
  Ligand donor    8 hydrogen   22 Protein acceptor 7858 bond energy  2.00 wt 1.00
  Ligand donor   10 hydrogen   23 Protein acceptor 9456 bond energy  2.00 wt 0.60

--------------------------------------------------------------------------------

--------------------------------------------------------------------------------
--- Rescoring solution                                                       ---
--------------------------------------------------------------------------------

     Score     S(PLP)   S(hbond)     S(cho)   S(metal)  DE(clash)   DE(tors)
      0.74       0.14       0.87       0.00       0.00       1.37       0.17

Doing AMOEBA simplex on best individual
AMOEBA simplex failed to converge after 2000 iterations
Done simplexing #iterations 2000, best score  21.89

     Score     S(PLP)   S(hbond)     S(cho)   S(metal)  DE(clash)   DE(tors)
     21.89     -20.46       1.00       0.00       0.00       1.38       0.09

--------------------------------------------------------------------------------
--- CHEMPLP breakdown of terms                                               ---
--------------------------------------------------------------------------------
CHEMPLP = - ( 1.0000*S(PLP) + -3.0000*S(hbond) + -6.0000*S(metal) + -3.0000*S(cho) )

Score = CHEMPLP - 1.0000*DE(clash) - 2.0000*DE(tors)


--------------------------------------------------------------------------------


--------------------------------------------------------------------------------
--- PLP analysis of protein-ligand interactions                              ---
--------------------------------------------------------------------------------
hydrogen bonding        :      -3.58
metal                   :       0.00
buried (polar-nonpolar) :      -0.42
nonpolar                :     -17.59
repulsive               :       0.47
--------------------------------------------------------------------------------


--------------------------------------------------------------------------------
--- ChemScore analysis of protein-ligand interactions                        ---
--------------------------------------------------------------------------------

* Hydrogen bonds                                                                
Protein donor 7941 hydrogen 7957 Ligand acceptor    9 bond energy  1.00 wt 1.00


* CH..O interactions                                                            
  CH group selection                       : activated ring CH (adjacent to hetatom)

--------------------------------------------------------------------------------


--------------------------------------------------------------------------------
--- Intra-ligand clashes                                                     ---
--------------------------------------------------------------------------------

Ligand
  7 (C7   ) -   3 (C3   ):   1.38 (dist   2.71)
--------------------------------------------------------------------------------


--------------------------------------------------------------------------------
--- Chromosome decoded                                                       ---
--------------------------------------------------------------------------------
Ligand Torsions
[   6    2    1    3]  179.13
[  12    5    1    2]  172.71
Protein Torsions
[7881 7855 7856 7857]   47.74 
[7957 7941 7942 7943]  -30.44 
[8037 8019 8020 8021]  170.13 
[8097 8083 8084 8085]  140.27 
[8177 8155 8156 8157]  -53.98 
[9486 9456 9455 9453]   11.68 
[7821 7805 7806 7807]  -73.27 
[7825 7810 7809 7806]  -54.32 
[7891 7863 7862 7861] -152.51 
[6481 6465 6466 6467]  136.45 
[6573 6549 6550 6551]   29.70 
[8245 8229 8230 8231]   95.39 
[10140 10113 10114 10115]   67.89 
[6713 6695 6696 6697]  -15.10 
[27271 7808 7807 7806]  -31.92 
[27274 7858 7857 7856]  -91.04 
[27277 7944 7943 7942]  153.36 
[27280 8022 8021 8020]  -99.89 
[27283 8086 8085 8084]   88.41 
[27288 10020 10019 10017]  -38.04 
[27290 6468 6467 6466]  -58.76 
[27292 7728 7727 7726]  173.00 
[27299 6228 6227 6226]   84.51 
[27303 10116 10115 10114]  110.77 
[27305 6274 6273 6272] -128.37 
Mapping
Ligand acceptors to protein hydrogens (mapping then atom ids)
  1   5 [  9->7957]
Ligand hydrogens to protein acceptors (mapping then atom ids)
  1   3 [ 22->7858]
  2  12 [ 23->9456]
Ligand shape atoms to protein points (mapping then atom ids & coords)
  3  1637 [  7->(222.500 342.750 -108.750)]
  7  3195 [ 16->(224.000 340.750 -106.500)]
Chromosome values
Integers:
   4   -1   -1    2   11   -1   -1 1636   -1   -1   -1 3194 
--------------------------------------------------------------------------------


--------------------------------------------------------------------------------
--- Diverse Solutions Stats                                                  ---
--------------------------------------------------------------------------------
  Move attempts                            :  18321
  Move failures                            :      0
  Failure rate                             :   0.000

--------------------------------------------------------------------------------

Current Ranking  1  2

--------------------------------------------------------------------------------

* GA execution time :                                                           
  total  0.3780 user  0.3555 sys  0.0225

--------------------------------------------------------------------------------
Fitness function evaluations: 18514

--------------------------------------------------------------------------------
** Docking run number  3 **
--------------------------------------------------------------------------------
  Rank fitness base is 5000.00 ; increment is 11.2233

* Initialising population(s) ...                                                
Number of constraints mappings 0
Number of constraints 0
  Population no.                           :      1
  Population size                          :    100
  Number of duplicates                     :      0
  Number of niche violations               :      0
  Number of errors                         :    141


Doing GA, no. of population(s) 1 size 100 selection pressure 1.100000

 Operation      Fitness  S(hb_ext) S(vdw_ext)  S(hb_int)    S(int)      intcor
         0      36.37       0.14      29.74       0.00     -23.32      -0.78
       254      28.51       0.09      25.06       0.00     -23.32      -0.78
Reordering...
       300      27.24       1.79      18.68       0.00      -0.87      -0.78
Reordering...
       420      25.58       2.07      17.29       0.00      -0.87      -0.78
       460      26.33       2.29      18.17       0.00      -2.86      -0.78
       468      26.67       1.53      19.04       0.00      -3.17      -0.78
       621      26.40       2.50      18.28       0.00      -3.17      -0.78
Reordering...
       840      24.54       0.34      18.78       0.00      -3.28      -0.78
       960      26.26       4.00      17.35       0.00      -2.86      -0.78
      1089      26.22       3.97      17.10       0.00      -1.97      -0.78
      1276      25.12       3.94      16.51       0.00      -1.97      -0.78
      1397      24.64       3.93      15.45       0.00      -0.59      -0.78
      1553      24.05       3.91      15.25       0.00      -0.83      -0.78
--------------------------------------------------------------------------------
Best docking solution after GA:
      2000      24.05       3.91      15.25       0.00      -0.83      -0.78

#ops:       2000 #mutates:   1028 #cross:      972 #dups:       323 
#niche:     1032 #errors:      26 
--------------------------------------------------------------------------------

Doing AMOEBA simplex on best individual
Done simplexing #iterations 1469, best score  27.78

Ligand is stored in gold_soln_ligand_prepared_m1_3.mol2


--------------------------------------------------------------------------------
--- GoldScore breakdown of terms                                             ---
--------------------------------------------------------------------------------
Fitness = S(hb_ext) + 1.3750*S(vdw_ext) + S(hb_int) + 1.0000*S(int)
S(int)  = S(vdw_int) + S(tors)

Internal terms are relative to best energy found (intcor).

--------------------------------------------------------------------------------


     Fitness  S(hb_ext) S(vdw_ext)  S(hb_int)    S(int)      intcor
     27.78       4.10      17.72       0.00      -0.67      -0.78

--------------------------------------------------------------------------------
--- GoldScore analysis of protein-ligand interactions                        ---
--------------------------------------------------------------------------------

  Ligand acceptor    9 Protein hydrogen 7957 donor 7941 bond energy  2.00 wt 0.07
  Ligand donor    8 hydrogen   22 Protein acceptor 7858 bond energy  2.00 wt 0.99
  Ligand donor   10 hydrogen   23 Protein acceptor 9456 bond energy  2.00 wt 0.98

--------------------------------------------------------------------------------

--------------------------------------------------------------------------------
--- Rescoring solution                                                       ---
--------------------------------------------------------------------------------

     Score     S(PLP)   S(hbond)     S(cho)   S(metal)  DE(clash)   DE(tors)
     -6.27       9.46       1.85       0.00       0.00       0.00       1.19

Doing AMOEBA simplex on best individual
AMOEBA simplex failed to converge after 2000 iterations
Done simplexing #iterations 2000, best score  22.20

     Score     S(PLP)   S(hbond)     S(cho)   S(metal)  DE(clash)   DE(tors)
     22.20     -21.03       1.03       0.00       0.00       0.00       0.96

--------------------------------------------------------------------------------
--- CHEMPLP breakdown of terms                                               ---
--------------------------------------------------------------------------------
CHEMPLP = - ( 1.0000*S(PLP) + -3.0000*S(hbond) + -6.0000*S(metal) + -3.0000*S(cho) )

Score = CHEMPLP - 1.0000*DE(clash) - 2.0000*DE(tors)


--------------------------------------------------------------------------------


--------------------------------------------------------------------------------
--- PLP analysis of protein-ligand interactions                              ---
--------------------------------------------------------------------------------
hydrogen bonding        :      -2.20
metal                   :       0.00
buried (polar-nonpolar) :      -4.45
nonpolar                :     -16.31
repulsive               :       0.85
--------------------------------------------------------------------------------


--------------------------------------------------------------------------------
--- ChemScore analysis of protein-ligand interactions                        ---
--------------------------------------------------------------------------------

* Hydrogen bonds                                                                
Ligand donor    8 hydrogen   22 Protein acceptor 7858 bond energy  1.00 wt 0.04
Ligand donor   10 hydrogen   23 Protein acceptor 9456 bond energy  1.00 wt 0.99


* CH..O interactions                                                            
  CH group selection                       : activated ring CH (adjacent to hetatom)

--------------------------------------------------------------------------------


--------------------------------------------------------------------------------
--- Intra-ligand clashes                                                     ---
--------------------------------------------------------------------------------

Ligand
--------------------------------------------------------------------------------


--------------------------------------------------------------------------------
--- Chromosome decoded                                                       ---
--------------------------------------------------------------------------------
Ligand Torsions
[   6    2    1    3]   96.34
[  12    5    1    2] -164.65
Protein Torsions
[7881 7855 7856 7857]  -26.90 
[7957 7941 7942 7943]  -58.47 
[8037 8019 8020 8021]  109.81 
[8097 8083 8084 8085]  -87.78 
[8177 8155 8156 8157] -147.29 
[9486 9456 9455 9453]   -8.33 
[7821 7805 7806 7807]  104.27 
[7825 7810 7809 7806]  135.51 
[7891 7863 7862 7861]  -15.08 
[6481 6465 6466 6467]  -70.72 
[6573 6549 6550 6551] -148.86 
[8245 8229 8230 8231]   55.43 
[10140 10113 10114 10115]  163.08 
[6713 6695 6696 6697] -150.67 
[27271 7808 7807 7806] -171.34 
[27274 7858 7857 7856]   65.33 
[27277 7944 7943 7942]  -18.15 
[27280 8022 8021 8020]  116.24 
[27283 8086 8085 8084]   48.64 
[27288 10020 10019 10017]  -48.60 
[27290 6468 6467 6466] -135.24 
[27292 7728 7727 7726]   58.22 
[27299 6228 6227 6226]   18.27 
[27303 10116 10115 10114] -175.10 
[27305 6274 6273 6272]   59.46 
Mapping
Ligand acceptors to protein hydrogens (mapping then atom ids)
  1   5 [  9->7957]
Ligand hydrogens to protein acceptors (mapping then atom ids)
  1   3 [ 22->7858]
  2  12 [ 23->9456]
Ligand shape atoms to protein points (mapping then atom ids & coords)
Chromosome values
Integers:
   4   -1   -1    2   11   -1   -1   -1   -1   -1   -1   -1 
--------------------------------------------------------------------------------


--------------------------------------------------------------------------------
--- Diverse Solutions Stats                                                  ---
--------------------------------------------------------------------------------
  Move attempts                            :  18695
  Move failures                            :      0
  Failure rate                             :   0.000

--------------------------------------------------------------------------------

Current Ranking  1  2  3

--------------------------------------------------------------------------------

* GA execution time :                                                           
  total  0.3799 user  0.3694 sys  0.0105

--------------------------------------------------------------------------------
Fitness function evaluations: 18861

--------------------------------------------------------------------------------
** Docking run number  4 **
--------------------------------------------------------------------------------
  Rank fitness base is 5000.00 ; increment is 11.2233

* Initialising population(s) ...                                                
Number of constraints mappings 0
Number of constraints 0
  Population no.                           :      1
  Population size                          :    100
  Number of duplicates                     :      0
  Number of niche violations               :      1
  Number of errors                         :    164


Doing GA, no. of population(s) 1 size 100 selection pressure 1.100000

 Operation      Fitness  S(hb_ext) S(vdw_ext)  S(hb_int)    S(int)      intcor
         0      28.49       0.35      20.73       0.00      -1.77      -0.78
        22      31.21       6.27      18.40       0.00      -1.81      -0.78
Reordering...
       180      27.38       0.26      20.04       0.00      -1.77      -0.78
       240      28.09       0.91      20.15       0.00      -2.00      -0.78
       504      27.27       5.51      16.78       0.00      -3.84      -0.78
       657      27.85       6.05      16.38       0.00      -1.81      -0.78
--------------------------------------------------------------------------------
Best docking solution after GA:
      2000      26.67       6.00      16.35       0.00      -1.81      -0.78

#ops:       2000 #mutates:   1008 #cross:      992 #dups:       445 
#niche:     1068 #errors:      35 
--------------------------------------------------------------------------------

Doing AMOEBA simplex on best individual
Done simplexing #iterations 1306, best score  28.31

Ligand is stored in gold_soln_ligand_prepared_m1_4.mol2


--------------------------------------------------------------------------------
--- GoldScore breakdown of terms                                             ---
--------------------------------------------------------------------------------
Fitness = S(hb_ext) + 1.3750*S(vdw_ext) + S(hb_int) + 1.0000*S(int)
S(int)  = S(vdw_int) + S(tors)

Internal terms are relative to best energy found (intcor).

--------------------------------------------------------------------------------


     Fitness  S(hb_ext) S(vdw_ext)  S(hb_int)    S(int)      intcor
     28.31       6.00      17.46       0.00      -1.69      -0.78

--------------------------------------------------------------------------------
--- GoldScore analysis of protein-ligand interactions                        ---
--------------------------------------------------------------------------------

  Ligand acceptor    9 Protein hydrogen 6724 donor 6703 bond energy  6.00 wt 1.00

--------------------------------------------------------------------------------

--------------------------------------------------------------------------------
--- Rescoring solution                                                       ---
--------------------------------------------------------------------------------

     Score     S(PLP)   S(hbond)     S(cho)   S(metal)  DE(clash)   DE(tors)
      4.13      -2.61       1.05       0.00       0.00       1.02       0.32

Doing AMOEBA simplex on best individual
Done simplexing #iterations 1959, best score  22.01

     Score     S(PLP)   S(hbond)     S(cho)   S(metal)  DE(clash)   DE(tors)
     22.01     -20.84       0.93       0.00       0.00       1.08       0.27

--------------------------------------------------------------------------------
--- CHEMPLP breakdown of terms                                               ---
--------------------------------------------------------------------------------
CHEMPLP = - ( 1.0000*S(PLP) + -3.0000*S(hbond) + -6.0000*S(metal) + -3.0000*S(cho) )

Score = CHEMPLP - 1.0000*DE(clash) - 2.0000*DE(tors)


--------------------------------------------------------------------------------


--------------------------------------------------------------------------------
--- PLP analysis of protein-ligand interactions                              ---
--------------------------------------------------------------------------------
hydrogen bonding        :      -1.00
metal                   :       0.00
buried (polar-nonpolar) :      -3.09
nonpolar                :     -18.37
repulsive               :       1.13
--------------------------------------------------------------------------------


--------------------------------------------------------------------------------
--- ChemScore analysis of protein-ligand interactions                        ---
--------------------------------------------------------------------------------

* Hydrogen bonds                                                                
Protein donor 6703 hydrogen 6724 Ligand acceptor    9 bond energy  1.00 wt 0.93


* CH..O interactions                                                            
  CH group selection                       : activated ring CH (adjacent to hetatom)

--------------------------------------------------------------------------------


--------------------------------------------------------------------------------
--- Intra-ligand clashes                                                     ---
--------------------------------------------------------------------------------

Ligand
  7 (C7   ) -   4 (C4   ):   1.08 (dist   2.72)
--------------------------------------------------------------------------------


--------------------------------------------------------------------------------
--- Chromosome decoded                                                       ---
--------------------------------------------------------------------------------
Ligand Torsions
[   6    2    1    3]   70.69
[  12    5    1    2] -176.00
Protein Torsions
[7881 7855 7856 7857]  132.08 
[7957 7941 7942 7943]  141.11 
[8037 8019 8020 8021]  -20.82 
[8097 8083 8084 8085]  178.52 
[8177 8155 8156 8157]  121.68 
[9486 9456 9455 9453]  -32.47 
[7821 7805 7806 7807]    8.52 
[7825 7810 7809 7806]  -40.87 
[7891 7863 7862 7861]  133.59 
[6481 6465 6466 6467]  -88.54 
[6573 6549 6550 6551]  -69.01 
[8245 8229 8230 8231] -167.08 
[10140 10113 10114 10115]   20.52 
[6713 6695 6696 6697] -159.29 
[27271 7808 7807 7806] -121.52 
[27274 7858 7857 7856]  -66.55 
[27277 7944 7943 7942]  107.79 
[27280 8022 8021 8020]  -55.15 
[27283 8086 8085 8084]  120.76 
[27288 10020 10019 10017]  151.12 
[27290 6468 6467 6466]   60.84 
[27292 7728 7727 7726]    5.06 
[27299 6228 6227 6226]   71.95 
[27303 10116 10115 10114]  -51.75 
[27305 6274 6273 6272] -158.68 
Mapping
Ligand acceptors to protein hydrogens (mapping then atom ids)
  1   2 [  9->6724]
Ligand hydrogens to protein acceptors (mapping then atom ids)
Ligand shape atoms to protein points (mapping then atom ids & coords)
  1  3296 [  5->(224.250 340.500 -106.250)]
  2  1732 [  6->(222.500 343.500 -109.750)]
  5  1397 [ 13->(222.250 344.000 -111.000)]
  6   839 [ 14->(222.000 342.750 -112.000)]
  7  1290 [ 16->(222.250 343.250 -110.750)]
Chromosome values
Integers:
   1   -1   -1   -1   -1 3295 1731   -1   -1 1396  838 1289 
--------------------------------------------------------------------------------


--------------------------------------------------------------------------------
--- Diverse Solutions Stats                                                  ---
--------------------------------------------------------------------------------
  Move attempts                            :  18903
  Move failures                            :     18
  Failure rate                             :   0.001

--------------------------------------------------------------------------------

Current Ranking  1  2  4  3

--------------------------------------------------------------------------------

* GA execution time :                                                           
  total  0.3688 user  0.3399 sys  0.0289

--------------------------------------------------------------------------------
Fitness function evaluations: 19083

--------------------------------------------------------------------------------
** Docking run number  5 **
--------------------------------------------------------------------------------
  Rank fitness base is 5000.00 ; increment is 11.2233

* Initialising population(s) ...                                                
Number of constraints mappings 0
Number of constraints 0
  Population no.                           :      1
  Population size                          :    100
  Number of duplicates                     :      0
  Number of niche violations               :      0
  Number of errors                         :    183


Doing GA, no. of population(s) 1 size 100 selection pressure 1.100000

 Operation      Fitness  S(hb_ext) S(vdw_ext)  S(hb_int)    S(int)      intcor
         0      25.60       1.57      23.07       0.00     -38.41      -0.78
       102      26.95       1.50      22.22       0.00     -22.93      -0.78
       208      29.31       1.41      20.63       0.00      -1.85      -0.78
       225      31.15       0.69      22.47       0.00      -1.75      -0.78
Reordering...
       300      28.48       0.32      21.72       0.00      -6.21      -0.78
Reordering...
       600      24.86       0.00      19.10       0.00      -3.67      -0.78
       733      27.75       0.15      21.07       0.00      -3.16      -0.78
Reordering...
      1200      22.60       0.00      18.37       0.00      -3.67      -0.78
      1215      23.00       0.00      18.54       0.00      -3.43      -0.78
      1579      22.29       5.35      13.65       0.00      -1.83      -0.78
      1712      22.31       0.00      17.73       0.00      -2.06      -0.78
      1882      22.33       0.00      18.74       0.00      -3.43      -0.78
      1899      23.20       0.00      17.47       0.00      -0.82      -0.78
      1961      24.00       1.56      17.49       0.00      -1.61      -0.78
--------------------------------------------------------------------------------
Best docking solution after GA:
      2000      24.00       1.56      17.49       0.00      -1.61      -0.78

#ops:       2000 #mutates:    987 #cross:     1013 #dups:       318 
#niche:      943 #errors:      58 
--------------------------------------------------------------------------------

Doing AMOEBA simplex on best individual
Done simplexing #iterations 1737, best score  36.04

Ligand is stored in gold_soln_ligand_prepared_m1_5.mol2


--------------------------------------------------------------------------------
--- GoldScore breakdown of terms                                             ---
--------------------------------------------------------------------------------
Fitness = S(hb_ext) + 1.3750*S(vdw_ext) + S(hb_int) + 1.0000*S(int)
S(int)  = S(vdw_int) + S(tors)

Internal terms are relative to best energy found (intcor).

--------------------------------------------------------------------------------


     Fitness  S(hb_ext) S(vdw_ext)  S(hb_int)    S(int)      intcor
     36.04       5.79      22.46       0.00      -0.63      -0.78

--------------------------------------------------------------------------------
--- GoldScore analysis of protein-ligand interactions                        ---
--------------------------------------------------------------------------------

  Ligand acceptor   17 Protein hydrogen 6724 donor 6703 bond energy  6.00 wt 0.97

--------------------------------------------------------------------------------

--------------------------------------------------------------------------------
--- Rescoring solution                                                       ---
--------------------------------------------------------------------------------

     Score     S(PLP)   S(hbond)     S(cho)   S(metal)  DE(clash)   DE(tors)
      6.42      -6.86       0.17       0.00       0.00       0.00       0.47

Doing AMOEBA simplex on best individual
Done simplexing #iterations 1668, best score  27.50

     Score     S(PLP)   S(hbond)     S(cho)   S(metal)  DE(clash)   DE(tors)
     27.50     -26.26       0.64       0.00       0.00       0.00       0.34

--------------------------------------------------------------------------------
--- CHEMPLP breakdown of terms                                               ---
--------------------------------------------------------------------------------
CHEMPLP = - ( 1.0000*S(PLP) + -3.0000*S(hbond) + -6.0000*S(metal) + -3.0000*S(cho) )

Score = CHEMPLP - 1.0000*DE(clash) - 2.0000*DE(tors)


--------------------------------------------------------------------------------


--------------------------------------------------------------------------------
--- PLP analysis of protein-ligand interactions                              ---
--------------------------------------------------------------------------------
hydrogen bonding        :      -1.75
metal                   :       0.00
buried (polar-nonpolar) :      -2.73
nonpolar                :     -23.67
repulsive               :       2.32
--------------------------------------------------------------------------------


--------------------------------------------------------------------------------
--- ChemScore analysis of protein-ligand interactions                        ---
--------------------------------------------------------------------------------

* Hydrogen bonds                                                                
Protein donor 6703 hydrogen 6724 Ligand acceptor   17 bond energy  1.00 wt 0.64


* CH..O interactions                                                            
  CH group selection                       : activated ring CH (adjacent to hetatom)

--------------------------------------------------------------------------------


--------------------------------------------------------------------------------
--- Intra-ligand clashes                                                     ---
--------------------------------------------------------------------------------

Ligand
--------------------------------------------------------------------------------


--------------------------------------------------------------------------------
--- Chromosome decoded                                                       ---
--------------------------------------------------------------------------------
Ligand Torsions
[   6    2    1    3]  105.80
[  12    5    1    2] -171.10
Protein Torsions
[7881 7855 7856 7857]   82.46 
[7957 7941 7942 7943]  172.96 
[8037 8019 8020 8021] -128.72 
[8097 8083 8084 8085] -129.05 
[8177 8155 8156 8157]   49.87 
[9486 9456 9455 9453]  -35.29 
[7821 7805 7806 7807]   79.55 
[7825 7810 7809 7806]  -36.52 
[7891 7863 7862 7861]  -29.46 
[6481 6465 6466 6467] -145.70 
[6573 6549 6550 6551]  -25.95 
[8245 8229 8230 8231]   94.04 
[10140 10113 10114 10115] -161.11 
[6713 6695 6696 6697] -165.81 
[27271 7808 7807 7806]  -49.52 
[27274 7858 7857 7856] -109.51 
[27277 7944 7943 7942]   16.30 
[27280 8022 8021 8020] -152.20 
[27283 8086 8085 8084]   78.45 
[27288 10020 10019 10017] -104.46 
[27290 6468 6467 6466]  -54.85 
[27292 7728 7727 7726] -156.72 
[27299 6228 6227 6226]  140.44 
[27303 10116 10115 10114]  -83.16 
[27305 6274 6273 6272]  154.08 
Mapping
Ligand acceptors to protein hydrogens (mapping then atom ids)
Ligand hydrogens to protein acceptors (mapping then atom ids)
Ligand shape atoms to protein points (mapping then atom ids & coords)
  2   551 [  6->(221.750 342.750 -113.000)]
  3  2178 [  7->(222.750 344.250 -111.500)]
  5  1758 [ 13->(222.500 343.750 -112.250)]
  7  2738 [ 16->(223.250 344.250 -113.250)]
Chromosome values
Integers:
  -1   -1   -1   -1   -1   -1  550 2177   -1 1757   -1 2737 
--------------------------------------------------------------------------------


--------------------------------------------------------------------------------
--- Diverse Solutions Stats                                                  ---
--------------------------------------------------------------------------------
  Move attempts                            :  18917
  Move failures                            :     16
  Failure rate                             :   0.001

--------------------------------------------------------------------------------

Current Ranking  5  1  2  4  3

--------------------------------------------------------------------------------

* GA execution time :                                                           
  total  0.3846 user  0.3846 sys  0.0000

--------------------------------------------------------------------------------
Fitness function evaluations: 19143

--------------------------------------------------------------------------------
** Docking run number  6 **
--------------------------------------------------------------------------------
  Rank fitness base is 5000.00 ; increment is 11.2233

* Initialising population(s) ...                                                
Number of constraints mappings 0
Number of constraints 0
  Population no.                           :      1
  Population size                          :    100
  Number of duplicates                     :      0
  Number of niche violations               :      0
  Number of errors                         :    172


Doing GA, no. of population(s) 1 size 100 selection pressure 1.100000

 Operation      Fitness  S(hb_ext) S(vdw_ext)  S(hb_int)    S(int)      intcor
         0      30.09       6.00      17.93       0.00      -2.83      -0.78
Reordering...
       120      28.64       4.48      19.71       0.00     -12.98      -0.78
       136      28.71       6.00      16.98       0.00      -2.83      -0.78
Reordering...
       180      28.22       4.42      19.60       0.00     -12.98      -0.78
       463      29.65       4.17      19.00       0.00      -1.96      -0.78
      1031      26.65       3.42      17.75       0.00      -1.96      -0.78
      1407      26.09       6.00      17.12       0.00      -3.84      -0.78
      1886      25.77       6.00      17.17       0.00      -3.84      -0.78
--------------------------------------------------------------------------------
Best docking solution after GA:
      2000      25.77       6.00      17.17       0.00      -3.84      -0.78

#ops:       2000 #mutates:    972 #cross:     1028 #dups:       377 
#niche:      969 #errors:      68 
--------------------------------------------------------------------------------

Doing AMOEBA simplex on best individual
Done simplexing #iterations 1194, best score  27.66

Ligand is stored in gold_soln_ligand_prepared_m1_6.mol2


--------------------------------------------------------------------------------
--- GoldScore breakdown of terms                                             ---
--------------------------------------------------------------------------------
Fitness = S(hb_ext) + 1.3750*S(vdw_ext) + S(hb_int) + 1.0000*S(int)
S(int)  = S(vdw_int) + S(tors)

Internal terms are relative to best energy found (intcor).

--------------------------------------------------------------------------------


     Fitness  S(hb_ext) S(vdw_ext)  S(hb_int)    S(int)      intcor
     27.66       6.00      17.85       0.00      -2.88      -0.78

--------------------------------------------------------------------------------
--- GoldScore analysis of protein-ligand interactions                        ---
--------------------------------------------------------------------------------

  Ligand acceptor    9 Protein hydrogen 6724 donor 6703 bond energy  6.00 wt 1.00

--------------------------------------------------------------------------------

--------------------------------------------------------------------------------
--- Rescoring solution                                                       ---
--------------------------------------------------------------------------------

     Score     S(PLP)   S(hbond)     S(cho)   S(metal)  DE(clash)   DE(tors)
     10.56     -10.05       0.94       0.00       0.00       1.88       0.22

Doing AMOEBA simplex on best individual
AMOEBA simplex failed to converge after 2000 iterations
Done simplexing #iterations 2000, best score  19.13

     Score     S(PLP)   S(hbond)     S(cho)   S(metal)  DE(clash)   DE(tors)
     19.13     -18.47       0.99       0.00       0.00       1.52       0.40

--------------------------------------------------------------------------------
--- CHEMPLP breakdown of terms                                               ---
--------------------------------------------------------------------------------
CHEMPLP = - ( 1.0000*S(PLP) + -3.0000*S(hbond) + -6.0000*S(metal) + -3.0000*S(cho) )

Score = CHEMPLP - 1.0000*DE(clash) - 2.0000*DE(tors)


--------------------------------------------------------------------------------


--------------------------------------------------------------------------------
--- PLP analysis of protein-ligand interactions                              ---
--------------------------------------------------------------------------------
hydrogen bonding        :      -0.88
metal                   :       0.00
buried (polar-nonpolar) :      -1.50
nonpolar                :     -16.48
repulsive               :       0.65
--------------------------------------------------------------------------------


--------------------------------------------------------------------------------
--- ChemScore analysis of protein-ligand interactions                        ---
--------------------------------------------------------------------------------

* Hydrogen bonds                                                                
Protein donor 6703 hydrogen 6724 Ligand acceptor    9 bond energy  1.00 wt 0.99


* CH..O interactions                                                            
  CH group selection                       : activated ring CH (adjacent to hetatom)

--------------------------------------------------------------------------------


--------------------------------------------------------------------------------
--- Intra-ligand clashes                                                     ---
--------------------------------------------------------------------------------

Ligand
  6 (C6   ) -   4 (C4   ):   1.52 (dist   2.71)
--------------------------------------------------------------------------------


--------------------------------------------------------------------------------
--- Chromosome decoded                                                       ---
--------------------------------------------------------------------------------
Ligand Torsions
[   6    2    1    3] -112.03
[  12    5    1    2]  179.11
Protein Torsions
[7881 7855 7856 7857]  -16.71 
[7957 7941 7942 7943]  172.83 
[8037 8019 8020 8021]   76.69 
[8097 8083 8084 8085]  177.03 
[8177 8155 8156 8157]   17.42 
[9486 9456 9455 9453] -137.02 
[7821 7805 7806 7807]  147.92 
[7825 7810 7809 7806] -151.51 
[7891 7863 7862 7861]  176.48 
[6481 6465 6466 6467]  -39.27 
[6573 6549 6550 6551]   29.07 
[8245 8229 8230 8231]  159.77 
[10140 10113 10114 10115] -131.97 
[6713 6695 6696 6697]   90.74 
[27271 7808 7807 7806]   16.33 
[27274 7858 7857 7856] -114.75 
[27277 7944 7943 7942]  -72.49 
[27280 8022 8021 8020]   90.83 
[27283 8086 8085 8084] -149.93 
[27288 10020 10019 10017] -172.74 
[27290 6468 6467 6466]   54.54 
[27292 7728 7727 7726] -165.61 
[27299 6228 6227 6226]   94.45 
[27303 10116 10115 10114] -147.23 
[27305 6274 6273 6272]   31.24 
Mapping
Ligand acceptors to protein hydrogens (mapping then atom ids)
  1   2 [  9->6724]
Ligand hydrogens to protein acceptors (mapping then atom ids)
Ligand shape atoms to protein points (mapping then atom ids & coords)
  1  3376 [  5->(224.500 340.500 -106.500)]
  2   562 [  6->(221.750 342.750 -110.250)]
  4  3317 [ 12->(224.250 341.250 -106.000)]
  6   977 [ 14->(222.000 343.750 -110.250)]
  7  1248 [ 16->(222.250 343.000 -112.250)]
Chromosome values
Integers:
   1   -1   -1   -1   -1 3375  561   -1 3316   -1  976 1247 
--------------------------------------------------------------------------------


--------------------------------------------------------------------------------
--- Diverse Solutions Stats                                                  ---
--------------------------------------------------------------------------------
  Move attempts                            :  18545
  Move failures                            :     42
  Failure rate                             :   0.002

--------------------------------------------------------------------------------

Current Ranking  5  1  2  4  3  6

--------------------------------------------------------------------------------

* GA execution time :                                                           
  total  0.3763 user  0.3569 sys  0.0194

--------------------------------------------------------------------------------
Fitness function evaluations: 18745

--------------------------------------------------------------------------------
** Docking run number  7 **
--------------------------------------------------------------------------------
  Rank fitness base is 5000.00 ; increment is 11.2233

* Initialising population(s) ...                                                
Number of constraints mappings 0
Number of constraints 0
  Population no.                           :      1
  Population size                          :    100
  Number of duplicates                     :      0
  Number of niche violations               :      0
  Number of errors                         :    172


Doing GA, no. of population(s) 1 size 100 selection pressure 1.100000

 Operation      Fitness  S(hb_ext) S(vdw_ext)  S(hb_int)    S(int)      intcor
         0      29.65       0.45      22.85       0.00     -11.06      -0.76
Reordering...
       360      23.40       1.40      18.35       0.00     -10.97      -0.76
Reordering...
       460      22.76       1.71      17.03       0.00      -7.21      -0.76
Reordering...
       480      22.37       1.35      17.96       0.00     -10.97      -0.76
Reordering...
       500      22.31       1.66      16.81       0.00      -7.21      -0.76
Reordering...
       540      21.82       1.30      17.77       0.00     -10.97      -0.76
Reordering...
       560      21.75       1.61      16.57       0.00      -7.21      -0.76
       563      21.96       2.15      16.61       0.00      -8.30      -0.76
       566      22.01       2.15      16.64       0.00      -8.30      -0.76
Reordering...
       600      21.25       0.16      15.57       0.00      -0.84      -0.76
       613      21.38       0.29      15.57       0.00      -0.84      -0.76
       622      26.02       0.00      20.56       0.00      -5.79      -0.76
      1020      25.33       0.00      19.77       0.00      -3.10      -0.76
      1030      26.20       0.00      20.40       0.00      -3.10      -0.76
      1256      25.71       0.00      20.41       0.00      -3.10      -0.76
      1850      25.05       0.00      20.41       0.00      -3.01      -0.76
--------------------------------------------------------------------------------
Best docking solution after GA:
      2000      25.05       0.00      20.41       0.00      -3.01      -0.76

#ops:       2000 #mutates:   1004 #cross:      996 #dups:       469 
#niche:      890 #errors:      80 
--------------------------------------------------------------------------------

Doing AMOEBA simplex on best individual
Done simplexing #iterations 1559, best score  27.06

Ligand is stored in gold_soln_ligand_prepared_m1_7.mol2


--------------------------------------------------------------------------------
--- GoldScore breakdown of terms                                             ---
--------------------------------------------------------------------------------
Fitness = S(hb_ext) + 1.3750*S(vdw_ext) + S(hb_int) + 1.0000*S(int)
S(int)  = S(vdw_int) + S(tors)

Internal terms are relative to best energy found (intcor).

--------------------------------------------------------------------------------


     Fitness  S(hb_ext) S(vdw_ext)  S(hb_int)    S(int)      intcor
     27.06       0.00      21.83       0.00      -2.95      -0.76

--------------------------------------------------------------------------------
--- GoldScore analysis of protein-ligand interactions                        ---
--------------------------------------------------------------------------------


--------------------------------------------------------------------------------

--------------------------------------------------------------------------------
--- Rescoring solution                                                       ---
--------------------------------------------------------------------------------

     Score     S(PLP)   S(hbond)     S(cho)   S(metal)  DE(clash)   DE(tors)
     18.40     -19.98       0.00       0.00       0.00       1.34       0.12

Doing AMOEBA simplex on best individual
AMOEBA simplex failed to converge after 2000 iterations
Done simplexing #iterations 2000, best score  26.40

     Score     S(PLP)   S(hbond)     S(cho)   S(metal)  DE(clash)   DE(tors)
     26.40     -28.33       0.00       0.00       0.00       1.18       0.37

--------------------------------------------------------------------------------
--- CHEMPLP breakdown of terms                                               ---
--------------------------------------------------------------------------------
CHEMPLP = - ( 1.0000*S(PLP) + -3.0000*S(hbond) + -6.0000*S(metal) + -3.0000*S(cho) )

Score = CHEMPLP - 1.0000*DE(clash) - 2.0000*DE(tors)


--------------------------------------------------------------------------------


--------------------------------------------------------------------------------
--- PLP analysis of protein-ligand interactions                              ---
--------------------------------------------------------------------------------
hydrogen bonding        :       0.00
metal                   :       0.00
buried (polar-nonpolar) :      -2.77
nonpolar                :     -26.69
repulsive               :       0.27
--------------------------------------------------------------------------------


--------------------------------------------------------------------------------
--- ChemScore analysis of protein-ligand interactions                        ---
--------------------------------------------------------------------------------

* Hydrogen bonds                                                                


* CH..O interactions                                                            
  CH group selection                       : activated ring CH (adjacent to hetatom)

--------------------------------------------------------------------------------


--------------------------------------------------------------------------------
--- Intra-ligand clashes                                                     ---
--------------------------------------------------------------------------------

Ligand
  7 (C7   ) -   4 (C4   ):   1.18 (dist   2.72)
--------------------------------------------------------------------------------


--------------------------------------------------------------------------------
--- Chromosome decoded                                                       ---
--------------------------------------------------------------------------------
Ligand Torsions
[   6    2    1    3]   63.89
[  12    5    1    2] -172.13
Protein Torsions
[7881 7855 7856 7857]   97.20 
[7957 7941 7942 7943]  115.38 
[8037 8019 8020 8021]   42.93 
[8097 8083 8084 8085] -163.95 
[8177 8155 8156 8157]   49.19 
[9486 9456 9455 9453]  -94.44 
[7821 7805 7806 7807]   76.15 
[7825 7810 7809 7806]  149.47 
[7891 7863 7862 7861] -177.97 
[6481 6465 6466 6467]  138.94 
[6573 6549 6550 6551]  -55.94 
[8245 8229 8230 8231] -133.32 
[10140 10113 10114 10115]   10.60 
[6713 6695 6696 6697]  175.43 
[27271 7808 7807 7806]  124.99 
[27274 7858 7857 7856]  -15.40 
[27277 7944 7943 7942]   48.99 
[27280 8022 8021 8020] -164.51 
[27283 8086 8085 8084]  -92.81 
[27288 10020 10019 10017] -156.07 
[27290 6468 6467 6466] -106.87 
[27292 7728 7727 7726] -137.95 
[27299 6228 6227 6226] -140.64 
[27303 10116 10115 10114]    0.06 
[27305 6274 6273 6272]  130.80 
Mapping
Ligand acceptors to protein hydrogens (mapping then atom ids)
  3  18 [ 17->7893]
Ligand hydrogens to protein acceptors (mapping then atom ids)
Ligand shape atoms to protein points (mapping then atom ids & coords)
  2  1423 [  6->(222.250 344.250 -112.000)]
  3  1754 [  7->(222.500 343.750 -113.250)]
  5  2471 [ 13->(223.000 344.250 -113.000)]
  7  3013 [ 16->(223.500 346.000 -114.250)]
Chromosome values
Integers:
  -1   -1   17   -1   -1   -1 1422 1753   -1 2470   -1 3012 
--------------------------------------------------------------------------------


--------------------------------------------------------------------------------
--- Diverse Solutions Stats                                                  ---
--------------------------------------------------------------------------------
  Move attempts                            :  18940
  Move failures                            :     65
  Failure rate                             :   0.003

--------------------------------------------------------------------------------

Current Ranking  5  1  2  4  3  6  7

--------------------------------------------------------------------------------

* GA execution time :                                                           
  total  0.3887 user  0.3791 sys  0.0096

--------------------------------------------------------------------------------
Fitness function evaluations: 19130

--------------------------------------------------------------------------------
** Docking run number  8 **
--------------------------------------------------------------------------------
  Rank fitness base is 5000.00 ; increment is 11.2233

* Initialising population(s) ...                                                
Number of constraints mappings 0
Number of constraints 0
  Population no.                           :      1
  Population size                          :    100
  Number of duplicates                     :      0
  Number of niche violations               :      0
  Number of errors                         :    166


Doing GA, no. of population(s) 1 size 100 selection pressure 1.100000

 Operation      Fitness  S(hb_ext) S(vdw_ext)  S(hb_int)    S(int)      intcor
         0      26.40       4.52      18.43       0.00     -17.31      -0.76
         9      30.49       0.11      25.18       0.00     -21.21      -0.76
        92      29.08       0.00      24.51       0.00     -21.21      -0.76
Reordering...
       180      26.10       0.48      18.82       0.00      -1.06      -0.76
       240      25.57       1.83      18.61       0.00      -7.14      -0.76
       333      27.90       1.30      20.81       0.00      -7.14      -0.76
       691      26.30       1.58      20.14       0.00      -7.14      -0.76
       705      26.86       2.10      20.21       0.00      -7.14      -0.76
       761      26.60       2.19      20.10       0.00      -7.14      -0.76
Reordering...
      1140      23.61       1.84      16.28       0.00      -0.91      -0.76
      1332      25.04       0.84      17.83       0.00      -0.39      -0.76
      1978      25.60       0.86      18.71       0.00      -0.98      -0.76
--------------------------------------------------------------------------------
Best docking solution after GA:
      2000      25.60       0.86      18.71       0.00      -0.98      -0.76

#ops:       2000 #mutates:   1006 #cross:      994 #dups:       415 
#niche:      935 #errors:      83 
--------------------------------------------------------------------------------

Doing AMOEBA simplex on best individual
Done simplexing #iterations 1378, best score  28.02

Ligand is stored in gold_soln_ligand_prepared_m1_8.mol2


--------------------------------------------------------------------------------
--- GoldScore breakdown of terms                                             ---
--------------------------------------------------------------------------------
Fitness = S(hb_ext) + 1.3750*S(vdw_ext) + S(hb_int) + 1.0000*S(int)
S(int)  = S(vdw_int) + S(tors)

Internal terms are relative to best energy found (intcor).

--------------------------------------------------------------------------------


     Fitness  S(hb_ext) S(vdw_ext)  S(hb_int)    S(int)      intcor
     28.02       1.40      20.41       0.00      -1.45      -0.76

--------------------------------------------------------------------------------
--- GoldScore analysis of protein-ligand interactions                        ---
--------------------------------------------------------------------------------

  Ligand acceptor   11 Protein hydrogen 6724 donor 6703 bond energy  6.00 wt 0.23

--------------------------------------------------------------------------------

--------------------------------------------------------------------------------
--- Rescoring solution                                                       ---
--------------------------------------------------------------------------------

     Score     S(PLP)   S(hbond)     S(cho)   S(metal)  DE(clash)   DE(tors)
     17.75     -17.69       0.78       0.00       0.00       0.16       1.07

Doing AMOEBA simplex on best individual
AMOEBA simplex failed to converge after 2000 iterations
Done simplexing #iterations 2000, best score  23.39

     Score     S(PLP)   S(hbond)     S(cho)   S(metal)  DE(clash)   DE(tors)
     23.39     -22.92       0.83       0.00       0.00       0.00       1.01

--------------------------------------------------------------------------------
--- CHEMPLP breakdown of terms                                               ---
--------------------------------------------------------------------------------
CHEMPLP = - ( 1.0000*S(PLP) + -3.0000*S(hbond) + -6.0000*S(metal) + -3.0000*S(cho) )

Score = CHEMPLP - 1.0000*DE(clash) - 2.0000*DE(tors)


--------------------------------------------------------------------------------


--------------------------------------------------------------------------------
--- PLP analysis of protein-ligand interactions                              ---
--------------------------------------------------------------------------------
hydrogen bonding        :      -1.00
metal                   :       0.00
buried (polar-nonpolar) :      -3.45
nonpolar                :     -19.90
repulsive               :       1.05
--------------------------------------------------------------------------------


--------------------------------------------------------------------------------
--- ChemScore analysis of protein-ligand interactions                        ---
--------------------------------------------------------------------------------

* Hydrogen bonds                                                                
Protein donor 6703 hydrogen 6724 Ligand acceptor   11 bond energy  1.00 wt 0.83


* CH..O interactions                                                            
  CH group selection                       : activated ring CH (adjacent to hetatom)

--------------------------------------------------------------------------------


--------------------------------------------------------------------------------
--- Intra-ligand clashes                                                     ---
--------------------------------------------------------------------------------

Ligand
--------------------------------------------------------------------------------


--------------------------------------------------------------------------------
--- Chromosome decoded                                                       ---
--------------------------------------------------------------------------------
Ligand Torsions
[   6    2    1    3]  -16.83
[  12    5    1    2]  170.64
Protein Torsions
[7881 7855 7856 7857] -117.91 
[7957 7941 7942 7943]  -91.32 
[8037 8019 8020 8021]  -73.18 
[8097 8083 8084 8085] -178.86 
[8177 8155 8156 8157] -159.63 
[9486 9456 9455 9453]  165.13 
[7821 7805 7806 7807] -165.25 
[7825 7810 7809 7806] -121.73 
[7891 7863 7862 7861]  176.40 
[6481 6465 6466 6467]  -89.45 
[6573 6549 6550 6551]   11.28 
[8245 8229 8230 8231]  116.92 
[10140 10113 10114 10115]  -69.28 
[6713 6695 6696 6697]    5.01 
[27271 7808 7807 7806]   40.08 
[27274 7858 7857 7856]  166.77 
[27277 7944 7943 7942]  -42.92 
[27280 8022 8021 8020]   19.76 
[27283 8086 8085 8084]  108.57 
[27288 10020 10019 10017]   44.19 
[27290 6468 6467 6466] -135.56 
[27292 7728 7727 7726]  -18.59 
[27299 6228 6227 6226]  -67.84 
[27303 10116 10115 10114]  -17.71 
[27305 6274 6273 6272]  161.26 
Mapping
Ligand acceptors to protein hydrogens (mapping then atom ids)
  2   2 [ 11->6724]
Ligand hydrogens to protein acceptors (mapping then atom ids)
Ligand shape atoms to protein points (mapping then atom ids & coords)
  1   703 [  5->(221.750 344.250 -110.250)]
  3  3329 [  7->(224.250 341.750 -106.000)]
  4   432 [ 12->(221.500 344.000 -109.750)]
  5  3286 [ 13->(224.250 340.250 -107.250)]
  6  3399 [ 14->(224.500 341.750 -106.500)]
  7  3414 [ 16->(224.750 339.250 -106.750)]
Chromosome values
Integers:
  -1    1   -1   -1   -1  702   -1 3328  431 3285 3398 3413 
--------------------------------------------------------------------------------


--------------------------------------------------------------------------------
--- Diverse Solutions Stats                                                  ---
--------------------------------------------------------------------------------
  Move attempts                            :  18707
  Move failures                            :     65
  Failure rate                             :   0.003

--------------------------------------------------------------------------------

Current Ranking  5  1  2  4  8  3  6  7

--------------------------------------------------------------------------------

* GA execution time :                                                           
  total  0.3876 user  0.3866 sys  0.0010

--------------------------------------------------------------------------------
Fitness function evaluations: 18891

--------------------------------------------------------------------------------
** Docking run number  9 **
--------------------------------------------------------------------------------
  Rank fitness base is 5000.00 ; increment is 11.2233

* Initialising population(s) ...                                                
Number of constraints mappings 0
Number of constraints 0
  Population no.                           :      1
  Population size                          :    100
  Number of duplicates                     :      0
  Number of niche violations               :      0
  Number of errors                         :    171


Doing GA, no. of population(s) 1 size 100 selection pressure 1.100000

 Operation      Fitness  S(hb_ext) S(vdw_ext)  S(hb_int)    S(int)      intcor
         0      31.53       0.35      23.47       0.00      -5.41      -0.76
       132      24.39       0.25      18.45       0.00      -5.41      -0.76
       139      24.70       0.21      18.70       0.00      -5.41      -0.76
Reordering...
       180      22.56       2.40      14.87       0.00      -1.18      -0.76
       270      24.57       6.74      13.45       0.00      -2.51      -0.76
       335      26.74       8.02      14.21       0.00      -2.94      -0.76
       977      25.50       7.76      14.10       0.00      -2.94      -0.76
      1030      26.83       8.31      14.74       0.00      -2.94      -0.76
      1842      25.42       7.95      14.84       0.00      -2.94      -0.76
      1966      25.87       7.99      14.49       0.00      -2.05      -0.76
--------------------------------------------------------------------------------
Best docking solution after GA:
      2000      25.87       7.99      14.49       0.00      -2.05      -0.76

#ops:       2000 #mutates:   1003 #cross:      997 #dups:       313 
#niche:     1033 #errors:      52 
--------------------------------------------------------------------------------

Doing AMOEBA simplex on best individual
Done simplexing #iterations 1345, best score  27.94

Ligand is stored in gold_soln_ligand_prepared_m1_9.mol2


--------------------------------------------------------------------------------
--- GoldScore breakdown of terms                                             ---
--------------------------------------------------------------------------------
Fitness = S(hb_ext) + 1.3750*S(vdw_ext) + S(hb_int) + 1.0000*S(int)
S(int)  = S(vdw_int) + S(tors)

Internal terms are relative to best energy found (intcor).

--------------------------------------------------------------------------------


     Fitness  S(hb_ext) S(vdw_ext)  S(hb_int)    S(int)      intcor
     27.94       7.99      15.48       0.00      -1.34      -0.76

--------------------------------------------------------------------------------
--- GoldScore analysis of protein-ligand interactions                        ---
--------------------------------------------------------------------------------

  Ligand acceptor   11 Protein hydrogen 6724 donor 6703 bond energy  6.00 wt 0.05
  Ligand acceptor   17 Protein hydrogen 8097 donor 8083 bond energy  2.00 wt 0.84
  Ligand donor    8 hydrogen   22 Protein acceptor 8027 bond energy  6.00 wt 1.00

--------------------------------------------------------------------------------

--------------------------------------------------------------------------------
--- Rescoring solution                                                       ---
--------------------------------------------------------------------------------

     Score     S(PLP)   S(hbond)     S(cho)   S(metal)  DE(clash)   DE(tors)
     18.36     -15.14       1.84       0.00       0.00       1.66       0.33

Doing AMOEBA simplex on best individual
Done simplexing #iterations 1497, best score  26.85

     Score     S(PLP)   S(hbond)     S(cho)   S(metal)  DE(clash)   DE(tors)
     26.85     -21.04       2.70       0.00       0.00       1.50       0.39

--------------------------------------------------------------------------------
--- CHEMPLP breakdown of terms                                               ---
--------------------------------------------------------------------------------
CHEMPLP = - ( 1.0000*S(PLP) + -3.0000*S(hbond) + -6.0000*S(metal) + -3.0000*S(cho) )

Score = CHEMPLP - 1.0000*DE(clash) - 2.0000*DE(tors)


--------------------------------------------------------------------------------


--------------------------------------------------------------------------------
--- PLP analysis of protein-ligand interactions                              ---
--------------------------------------------------------------------------------
hydrogen bonding        :      -3.00
metal                   :       0.00
buried (polar-nonpolar) :      -5.65
nonpolar                :     -13.88
repulsive               :       0.43
--------------------------------------------------------------------------------


--------------------------------------------------------------------------------
--- ChemScore analysis of protein-ligand interactions                        ---
--------------------------------------------------------------------------------

* Hydrogen bonds                                                                
Ligand donor    8 hydrogen   22 Protein acceptor 8027 bond energy  1.00 wt 0.91
Protein donor 6703 hydrogen 6724 Ligand acceptor   11 bond energy  1.00 wt 0.78
Protein donor 8083 hydrogen 8097 Ligand acceptor   17 bond energy  1.00 wt 1.00


* CH..O interactions                                                            
  CH group selection                       : activated ring CH (adjacent to hetatom)

--------------------------------------------------------------------------------


--------------------------------------------------------------------------------
--- Intra-ligand clashes                                                     ---
--------------------------------------------------------------------------------

Ligand
  6 (C6   ) -   3 (C3   ):   1.50 (dist   2.71)
--------------------------------------------------------------------------------


--------------------------------------------------------------------------------
--- Chromosome decoded                                                       ---
--------------------------------------------------------------------------------
Ligand Torsions
[   6    2    1    3]  -17.98
[  12    5    1    2]  173.20
Protein Torsions
[7881 7855 7856 7857]   17.76 
[7957 7941 7942 7943]  172.40 
[8037 8019 8020 8021]   38.91 
[8097 8083 8084 8085]   90.22 
[8177 8155 8156 8157]  -41.81 
[9486 9456 9455 9453]   -0.40 
[7821 7805 7806 7807]  -68.56 
[7825 7810 7809 7806]   52.29 
[7891 7863 7862 7861]  124.40 
[6481 6465 6466 6467] -115.11 
[6573 6549 6550 6551] -127.72 
[8245 8229 8230 8231]  168.38 
[10140 10113 10114 10115] -123.21 
[6713 6695 6696 6697]  104.54 
[27271 7808 7807 7806] -153.78 
[27274 7858 7857 7856]  132.90 
[27277 7944 7943 7942]  -55.95 
[27280 8022 8021 8020]  167.35 
[27283 8086 8085 8084]   19.42 
[27288 10020 10019 10017] -154.92 
[27290 6468 6467 6466]  -56.31 
[27292 7728 7727 7726]   84.87 
[27299 6228 6227 6226]  120.33 
[27303 10116 10115 10114]  139.17 
[27305 6274 6273 6272]  -12.28 
Mapping
Ligand acceptors to protein hydrogens (mapping then atom ids)
  2   2 [ 11->6724]
  3   9 [ 17->8097]
Ligand hydrogens to protein acceptors (mapping then atom ids)
  1   8 [ 22->8027]
Ligand shape atoms to protein points (mapping then atom ids & coords)
  2   597 [  6->(221.750 343.000 -108.000)]
Chromosome values
Integers:
  -1    1    8    7   -1   -1  596   -1   -1   -1   -1   -1 
--------------------------------------------------------------------------------


--------------------------------------------------------------------------------
--- Diverse Solutions Stats                                                  ---
--------------------------------------------------------------------------------
  Move attempts                            :  18053
  Move failures                            :     44
  Failure rate                             :   0.002

--------------------------------------------------------------------------------

Current Ranking  5  1  2  4  8  9  3  6  7

--------------------------------------------------------------------------------

* GA execution time :                                                           
  total  0.3784 user  0.3784 sys  0.0000

--------------------------------------------------------------------------------
Fitness function evaluations: 18233

--------------------------------------------------------------------------------
** Docking run number 10 **
--------------------------------------------------------------------------------
  Rank fitness base is 5000.00 ; increment is 11.2233

* Initialising population(s) ...                                                
Number of constraints mappings 0
Number of constraints 0
  Population no.                           :      1
  Population size                          :    100
  Number of duplicates                     :      0
  Number of niche violations               :      0
  Number of errors                         :    174


Doing GA, no. of population(s) 1 size 100 selection pressure 1.100000

 Operation      Fitness  S(hb_ext) S(vdw_ext)  S(hb_int)    S(int)      intcor
         0      27.81       2.52      20.27       0.00     -12.93      -0.76
        23      30.62       4.89      19.52       0.00      -5.46      -0.76
        55      30.70       4.89      19.60       0.00      -5.46      -0.76
        94      29.91       4.56      19.30       0.00      -5.46      -0.76
Reordering...
       120      28.73       4.43      18.57       0.00      -5.46      -0.76
       234      27.54       4.52      17.75       0.00      -5.46      -0.76
       253      28.68       3.49      18.74       0.00      -2.22      -0.76
       503      25.20       2.78      16.86       0.00      -2.22      -0.76
Reordering...
       540      24.43       1.48      16.90       0.00      -0.81      -0.76
       707      23.33       1.38      16.67       0.00      -2.28      -0.76
       713      23.60       1.39      17.59       0.00      -4.67      -0.76
Reordering...
       780      22.88       1.35      16.43       0.00      -2.28      -0.76
       876      22.69       1.05      17.45       0.00      -4.67      -0.76
Reordering...
       900      22.46       1.53      16.09       0.00      -2.28      -0.76
       925      22.88       1.24      17.56       0.00      -4.67      -0.76
      1018      22.90       1.25      16.98       0.00      -2.90      -0.76
      1079      22.73       1.24      16.99       0.00      -2.99      -0.76
      1167      23.43       1.49      17.11       0.00      -2.28      -0.76
      1196      23.98       1.61      17.06       0.00      -1.53      -0.76
      1288      23.32       1.77      16.55       0.00      -1.53      -0.76
      1454      23.37       0.92      16.52       0.00      -0.28      -0.76
      1856      23.26       1.35      16.06       0.00      -0.17      -0.76
--------------------------------------------------------------------------------
Best docking solution after GA:
      2000      23.26       1.35      16.06       0.00      -0.17      -0.76

#ops:       2000 #mutates:   1020 #cross:      980 #dups:       426 
#niche:      946 #errors:      98 
--------------------------------------------------------------------------------

Doing AMOEBA simplex on best individual
Done simplexing #iterations 1218, best score  25.91

Ligand is stored in gold_soln_ligand_prepared_m1_10.mol2


--------------------------------------------------------------------------------
--- GoldScore breakdown of terms                                             ---
--------------------------------------------------------------------------------
Fitness = S(hb_ext) + 1.3750*S(vdw_ext) + S(hb_int) + 1.0000*S(int)
S(int)  = S(vdw_int) + S(tors)

Internal terms are relative to best energy found (intcor).

--------------------------------------------------------------------------------


     Fitness  S(hb_ext) S(vdw_ext)  S(hb_int)    S(int)      intcor
     25.91       0.86      18.27       0.00      -0.07      -0.76

--------------------------------------------------------------------------------
--- GoldScore analysis of protein-ligand interactions                        ---
--------------------------------------------------------------------------------

  Ligand donor   10 hydrogen   23 Protein acceptor 7808 bond energy  2.00 wt 0.43

--------------------------------------------------------------------------------

--------------------------------------------------------------------------------
--- Rescoring solution                                                       ---
--------------------------------------------------------------------------------

     Score     S(PLP)   S(hbond)     S(cho)   S(metal)  DE(clash)   DE(tors)
      3.00      -1.11       0.88       0.00       0.00       0.00       0.37

Doing AMOEBA simplex on best individual
Done simplexing #iterations 1694, best score  18.02

     Score     S(PLP)   S(hbond)     S(cho)   S(metal)  DE(clash)   DE(tors)
     18.02     -16.74       0.65       0.00       0.00       0.00       0.33

--------------------------------------------------------------------------------
--- CHEMPLP breakdown of terms                                               ---
--------------------------------------------------------------------------------
CHEMPLP = - ( 1.0000*S(PLP) + -3.0000*S(hbond) + -6.0000*S(metal) + -3.0000*S(cho) )

Score = CHEMPLP - 1.0000*DE(clash) - 2.0000*DE(tors)


--------------------------------------------------------------------------------


--------------------------------------------------------------------------------
--- PLP analysis of protein-ligand interactions                              ---
--------------------------------------------------------------------------------
hydrogen bonding        :      -2.94
metal                   :       0.00
buried (polar-nonpolar) :       4.08
nonpolar                :     -23.52
repulsive               :       4.98
--------------------------------------------------------------------------------


--------------------------------------------------------------------------------
--- ChemScore analysis of protein-ligand interactions                        ---
--------------------------------------------------------------------------------

* Hydrogen bonds                                                                
Ligand donor   10 hydrogen   23 Protein acceptor 7808 bond energy  1.00 wt 0.65


* CH..O interactions                                                            
  CH group selection                       : activated ring CH (adjacent to hetatom)

--------------------------------------------------------------------------------


--------------------------------------------------------------------------------
--- Intra-ligand clashes                                                     ---
--------------------------------------------------------------------------------

Ligand
--------------------------------------------------------------------------------


--------------------------------------------------------------------------------
--- Chromosome decoded                                                       ---
--------------------------------------------------------------------------------
Ligand Torsions
[   6    2    1    3]  -50.16
[  12    5    1    2]  174.31
Protein Torsions
[7881 7855 7856 7857] -169.33 
[7957 7941 7942 7943]  -72.51 
[8037 8019 8020 8021]  -49.80 
[8097 8083 8084 8085]  -49.80 
[8177 8155 8156 8157] -143.62 
[9486 9456 9455 9453]  -93.96 
[7821 7805 7806 7807]  174.57 
[7825 7810 7809 7806]  126.76 
[7891 7863 7862 7861]  151.95 
[6481 6465 6466 6467]  136.18 
[6573 6549 6550 6551]  -86.11 
[8245 8229 8230 8231]  161.52 
[10140 10113 10114 10115]   52.73 
[6713 6695 6696 6697]   48.18 
[27271 7808 7807 7806] -130.68 
[27274 7858 7857 7856]  152.26 
[27277 7944 7943 7942]  -67.47 
[27280 8022 8021 8020]  117.02 
[27283 8086 8085 8084]   53.30 
[27288 10020 10019 10017]  -87.46 
[27290 6468 6467 6466] -167.69 
[27292 7728 7727 7726]  -49.16 
[27299 6228 6227 6226]  -15.38 
[27303 10116 10115 10114]  -44.12 
[27305 6274 6273 6272]   29.00 
Mapping
Ligand acceptors to protein hydrogens (mapping then atom ids)
Ligand hydrogens to protein acceptors (mapping then atom ids)
  2   1 [ 23->7808]
Ligand shape atoms to protein points (mapping then atom ids & coords)
  1   414 [  5->(221.500 343.750 -110.500)]
  4  1359 [ 12->(222.250 343.750 -111.500)]
  6  3389 [ 14->(224.500 341.250 -106.750)]
Chromosome values
Integers:
  -1   -1   -1   -1    0  413   -1   -1 1358   -1 3388   -1 
--------------------------------------------------------------------------------


--------------------------------------------------------------------------------
--- Diverse Solutions Stats                                                  ---
--------------------------------------------------------------------------------
  Move attempts                            :  18188
  Move failures                            :     76
  Failure rate                             :   0.004

--------------------------------------------------------------------------------

Current Ranking  5  1  2  4  8  9  3  6  7 10

--------------------------------------------------------------------------------

* GA execution time :                                                           
  total  0.3804 user  0.3618 sys  0.0186

--------------------------------------------------------------------------------
Fitness function evaluations: 18382

--------------------------------------------------------------------------------
--- Ranking analysis                                                         ---
--------------------------------------------------------------------------------


* Final ranked order of GA solutions:                                           
   5  1  2  4  8  9  3  6  7 10 

  _______________________________
  RMSD Matrix of RANKED solutions

        2    3    4    5    6    7    8    9   10  

   1 :  0.7  4.2  4.0  4.7  4.6  4.2  4.0  3.2  4.7
   2 :       4.3  4.2  4.9  4.8  4.3  4.2  3.2  4.7
   3 :            5.2  3.8  5.0  1.2  5.3  4.7  3.7
   4 :                 3.6  3.5  5.5  0.2  5.5  4.5
   5 :                      4.8  4.2  3.6  5.5  2.4
   6 :                           4.8  3.4  6.4  4.8
   7 :                                5.5  4.6  3.7
   8 :                                     5.6  4.4
   9 :                                          5.3

  Clustering method                        : complete linkage
  Structure ids in cluster table           : rank nos.
  Ordering of clusters and their members   : by rank (order if from rms_analysis)

  Distance | Clusters
   0.21    |  1 |  2 |  3 |  4  8 |  5 |  6 |  7 |  9 | 10 |
   0.73    |  1  2 |  3 |  4  8 |  5 |  6 |  7 |  9 | 10 |
   1.17    |  1  2 |  3  7 |  4  8 |  5 |  6 |  9 | 10 |
   2.43    |  1  2 |  3  7 |  4  8 |  5 10 |  6 |  9 |
   3.25    |  1  2  9 |  3  7 |  4  8 |  5 10 |  6 |
   3.45    |  1  2  9 |  3  7 |  4  6  8 |  5 10 |
   4.19    |  1  2  9 |  3  5  7 10 |  4  6  8 |
   5.46    |  1  2  9 |  3  4  5  6  7  8 10 |
   6.43    |  1  2  3  4  5  6  7  8  9 10 |
  Finished Docking Ligand                  : /mnt/c/Users/ricca/Desktop/Documents/1_Coding/1_Script_Github/Reverse_Docking_Explore_V3/7ts3/ligand_prepared.mol2
--------------------------------------------------------------------------------

  Relative_Ligand_Energy (best encountered) :  -0.759
  Relative_Ligand_Energy: fitness values have been corrected using this amount
