
--------------------------------------------------------------------------------
--- Ligand                                                                   ---
--------------------------------------------------------------------------------
  Ligand loaded from file                  : /mnt/c/Users/ricca/Desktop/Documents/1_Coding/1_Script_Github/Reverse_Docking_Explore_V3/4d1n/ligand_prepared.mol2
  Ligand name                              :  
  "CT1002167954                                                             "

--------------------------------------------------------------------------------
  N.plc donors                             : 
  none found

  Acidic nitrogen acceptors                : 
  none found
  Sulfur acceptors                         :
  none found


  Donor atoms                              :      2
  8   10  
  Acceptor atoms                           :      3
  9   11  17  

  Hydrogens                                :  (n = 2)
  22   23   

  Lone pairs added to molecule             :      6
  Numbering                                : from 30 to 35

--------------------------------------------------------------------------------
--- Postprocessing of typing                                                 ---
--------------------------------------------------------------------------------
  Fragment file                            : /home/hitesit/CCDC/Discovery_2022/GOLD/gold/rotatable_bond_override.mol2
  acylurea fragment                        : 2 matches
  Ligand bond 15-8  set to flip
  Ligand bond 15-10  set to flip
  Ligand bond 15-10  set to 1
  Ligand bond 15-8  set to 1
  Ligand bond 10-4  set to flip
  Ligand bond 8-3  set to flip
  thioacylthiourea fragment                : no matches
  acylthiourea fragment                    : no matches
  thioacylurea fragment                    : no matches
  diarylamine fragment >C.ar-NH-C.ar<      : no matches
  sec-amine (1) fragment                   : no matches
  sec-amine (2) fragment                   : no matches
  sec-amine (3) fragment                   : no matches
  carboxylic ester                         : no matches

* Rotatable bonds in /mnt/c/Users/ricca/D  :
  [   1    2] [   1    5] 
  No. of rotatable bonds                   :      2


* Reading torsional distributions from file:
  /home/hitesit/CCDC/Discovery_2022/GOLD/gold/gold.tordist
  No. of bins in torsional distributions   :     36
  Minimum size of largest peak             :      0
  Removing high energy torsions            : on
  Delta E set to                           :   2.500

* Fragments found in /mnt/c/Users/ricca/D  :
  atom   2: benzene
  atom   6: benzene
  atom   7: benzene
  atom  13: benzene
  atom  14: benzene
  atom  16: benzene


* Checking torsion distributions:                                               
  No. of matched torsions                  :      0

--------------------------------------------------------------------------------
--- Shape fitting atoms selection (hydrophobic atoms)                        ---
--------------------------------------------------------------------------------
  Molecule                                 : /mnt/c/Users/ricca/Desktop/Documents/1_Coding/1_Script_Github/Reverse_Docking_Explore_V3/4d1n/ligand_prepared.mol2
  Selection                                : carbons only
  Atom numbers                             :  (n = 7)
  5    6    7    12   13   14   16   

--------------------------------------------------------------------------------
--- Diverse Solutions Setup                                                  ---
--------------------------------------------------------------------------------
  Cluster size                             :      2
  RMSD                                     :   2.000
  Refinement                               :      0


--------------------------------------------------------------------------------
--- ChemScore ligand setup summary                                           ---
--------------------------------------------------------------------------------
  ChemScore ligand acceptors               :      3
  9 11 17 
  ChemScore ligand donors                  :      2
  8 ( 22  ) 10 ( 23  ) 
  ChemScore ligand CH donors               :      0
  

  ChemScore ligand lipophilic atoms        :  (n = 9)
  1    2    5    6    7    12   13   14   16   

  ChemScore ligand rotatable bonds         :      2
  1   (C1 ) - 2   (C2 ): SP3_SP2_BOND
  1   (C1 ) - 5   (C5 ): SP3_SP3_BOND

--------------------------------------------------------------------------------
--- PLP ligand setup summary                                                 ---
--------------------------------------------------------------------------------
    1    C1   C.3 NONPOLAR
    2    C2  C.ar NONPOLAR
    3    C3   C.2 NONPOLAR
    4    C4   C.2 NONPOLAR
    5    C5   C.3 NONPOLAR
    6    C6  C.ar NONPOLAR
    7    C7  C.ar NONPOLAR
    8    N8  N.am DONOR
    9    O9   O.2 ACCEPTOR
   10   N10  N.am DONOR
   11   O11   O.2 ACCEPTOR
   12   C12   C.3 NONPOLAR
   13   C13  C.ar NONPOLAR
   14   C14  C.ar NONPOLAR
   15   C15   C.2 NONPOLAR
   16   C16  C.ar NONPOLAR
   17   O17   O.2 ACCEPTOR

--------------------------------------------------------------------------------
--- Automatic parameter setting                                              ---
--------------------------------------------------------------------------------
  Contribution base                        :   2500
  Contribution per rotatable bond          :   6000
  Contribution per df                      :   4000
  Contribution per water                   :  10000
  Ligand rotatable bonds                   :      2
  Protein flexible side chain bonds        :      0
  Total rotatable bonds                    :      2
  Hydrophobic vol ratio (P/L)              :   1.000
  Base multiplier (polar)                  :   1.000
  Base multiplier (apolar)                 :   1.400
  Base contribution                        : 5000.000
  Fitting points                           :      5
  Estimated maxops needed (optimal)        :  17500
  Autoscale factor (in percent)            :     10
  Scaled maxops                            :   2000

--------------------------------------------------------------------------------

* Population settings                                                           
  maxops                                   :   2000
  popsiz                                   :    100
  select_pressure                          :   1.100
  n_islands                                :      1
  niche_siz                                :      2

* GA settings                                                                   
  pt_crosswt                               :    100
  allele_mutatewt                          :    100
  migratewt                                :      0

* Search settings                                                               
  start_vdw_linear_cutoff                  :   6.000
  initial_virtual_pt_match_max             :   3.000
  Scaling of internal VDW energy           : log scale from  0.2 to    1
                                             over 1500 ops
  Sampling interval (operations)           :     20
  Scaling of virtual pt maximum length     : linear scale from    3 to    2
                                             over  1500 ops
  Sampling interval (operations)           :     60
  Scaling of 4-8 potential cutoff          : log scale from    6 to 1.2e+02
                                             over 1500 ops
  Sampling interval (operations)           :     60

--------------------------------------------------------------------------------

* Ligand initialisation time :                                                  
  total  0.0122 user  0.0036 sys  0.0086

--------------------------------------------------------------------------------

--------------------------------------------------------------------------------
** Docking run number  1 **
--------------------------------------------------------------------------------
  Rank fitness base is 5000.00 ; increment is 11.2233

* Initialising population(s) ...                                                
Number of constraints mappings 0
Number of constraints 0
  Population no.                           :      1
  Population size                          :    100
  Number of duplicates                     :      0
  Number of niche violations               :      0
  Number of errors                         :   1209


Doing GA, no. of population(s) 1 size 100 selection pressure 1.100000

 Operation      Fitness  S(hb_ext) S(vdw_ext)  S(hb_int)    S(int)      intcor
         0      26.34       2.83      20.51       0.00     -23.45      -0.77
        72      25.65       4.91      16.15       0.00      -6.88      -0.77
        95      26.30       2.77      20.17       0.00     -19.31      -0.77
       117      26.95       6.14      15.65       0.00      -3.18      -0.77
Reordering...
       360      22.34       4.49      14.45       0.00      -6.88      -0.77
Reordering...
       420      21.75      12.21       9.65       0.00     -11.88      -0.77
       471      21.66       5.52      12.62       0.00      -3.69      -0.77
Reordering...
       480      21.12      12.20       9.38       0.00     -11.88      -0.77
       492      24.66      12.00       9.28       0.00      -0.28      -0.77
       799      23.35      11.99       8.36       0.00      -0.28      -0.77
       999      22.59      12.09       7.75       0.00      -0.28      -0.77
Reordering...
      1500      21.67      12.34       6.99       0.00      -0.28      -0.77
      1817      21.98      12.66       7.67       0.00      -1.22      -0.77
      1864      26.99      13.22      10.90       0.00      -1.22      -0.77
--------------------------------------------------------------------------------
Best docking solution after GA:
      2000      26.99      13.22      10.90       0.00      -1.22      -0.77

#ops:       2000 #mutates:   1012 #cross:      988 #dups:       660 
#niche:     1052 #errors:      76 
--------------------------------------------------------------------------------

Doing AMOEBA simplex on best individual
Done simplexing #iterations 1334, best score  31.77

Ligand is stored in gold_soln_ligand_prepared_m1_1.mol2


--------------------------------------------------------------------------------
--- GoldScore breakdown of terms                                             ---
--------------------------------------------------------------------------------
Fitness = S(hb_ext) + 1.3750*S(vdw_ext) + S(hb_int) + 1.0000*S(int)
S(int)  = S(vdw_int) + S(tors)

Internal terms are relative to best energy found (intcor).

--------------------------------------------------------------------------------


     Fitness  S(hb_ext) S(vdw_ext)  S(hb_int)    S(int)      intcor
     31.77      12.26      14.74       0.00      -0.77      -0.77

--------------------------------------------------------------------------------
--- GoldScore analysis of protein-ligand interactions                        ---
--------------------------------------------------------------------------------

  Ligand acceptor   11 Protein hydrogen 6863 donor 6812 bond energy  6.00 wt 0.89
  Ligand acceptor    9 Protein hydrogen 8143 donor 8111 bond energy  2.00 wt 0.10
  Ligand acceptor   17 Protein hydrogen 8200 donor 8166 bond energy  2.00 wt 0.37
  Ligand donor    8 hydrogen   22 Protein acceptor 8112 bond energy  6.00 wt 1.00

--------------------------------------------------------------------------------

--------------------------------------------------------------------------------
--- Rescoring solution                                                       ---
--------------------------------------------------------------------------------

     Score     S(PLP)   S(hbond)     S(cho)   S(metal)  DE(clash)   DE(tors)
     17.31     -10.19       2.40       0.00       0.00       0.00       0.04

Doing AMOEBA simplex on best individual
Done simplexing #iterations 1716, best score  32.04

     Score     S(PLP)   S(hbond)     S(cho)   S(metal)  DE(clash)   DE(tors)
     32.04     -20.23       3.96       0.00       0.00       0.00       0.03

--------------------------------------------------------------------------------
--- CHEMPLP breakdown of terms                                               ---
--------------------------------------------------------------------------------
CHEMPLP = - ( 1.0000*S(PLP) + -3.0000*S(hbond) + -6.0000*S(metal) + -3.0000*S(cho) )

Score = CHEMPLP - 1.0000*DE(clash) - 2.0000*DE(tors)


--------------------------------------------------------------------------------


--------------------------------------------------------------------------------
--- PLP analysis of protein-ligand interactions                              ---
--------------------------------------------------------------------------------
hydrogen bonding        :      -4.00
metal                   :       0.00
buried (polar-nonpolar) :      -1.81
nonpolar                :     -15.47
repulsive               :       0.50
--------------------------------------------------------------------------------


--------------------------------------------------------------------------------
--- ChemScore analysis of protein-ligand interactions                        ---
--------------------------------------------------------------------------------

* Hydrogen bonds                                                                
Ligand donor    8 hydrogen   22 Protein acceptor 8112 bond energy  1.00 wt 0.98
Protein donor 6812 hydrogen 6863 Ligand acceptor   11 bond energy  1.00 wt 1.00
Protein donor 8111 hydrogen 8143 Ligand acceptor    9 bond energy  1.00 wt 0.99
Protein donor 8166 hydrogen 8200 Ligand acceptor   17 bond energy  1.00 wt 0.99


* CH..O interactions                                                            
  CH group selection                       : activated ring CH (adjacent to hetatom)

--------------------------------------------------------------------------------


--------------------------------------------------------------------------------
--- Intra-ligand clashes                                                     ---
--------------------------------------------------------------------------------

Ligand
--------------------------------------------------------------------------------


--------------------------------------------------------------------------------
--- Chromosome decoded                                                       ---
--------------------------------------------------------------------------------
Ligand Torsions
[   6    2    1    3]  126.86
[  12    5    1    2]  175.88
Protein Torsions
[6614 6573 6574 6575]  125.23 
[6700 6661 6662 6663] -155.44 
[8066 8025 8026 8027]    0.51 
[8137 8104 8105 8106]   64.61 
[8200 8166 8167 8168]   93.30 
[8280 8242 8243 8244]   77.48 
[8333 8313 8314 8315]  140.23 
[9580 9544 9543 9541]   23.47 
[10226 10185 10186 10187]  145.68 
[7988 7940 7941 7942]  -52.49 
[7908 7887 7888 7889] -170.15 
[7912 7892 7891 7888]    2.06 
[6852 6804 6805 6806]   10.58 
[27193 6336 6335 6334]  101.86 
[27195 6500 6499 6498]  173.14 
[27198 6576 6575 6574]   31.14 
[27201 7890 7889 7888]   84.30 
[27204 8028 8027 8026]    6.71 
[27207 8107 8106 8105]  -46.28 
[27210 8169 8168 8167] -145.90 
[27213 10098 10097 10096]  -12.08 
[27215 10188 10187 10186]  150.91 
[27217 8245 8244 8243]   99.04 
[27224 7943 7942 7941]   -4.41 
[27226 7818 7817 7816]  -29.77 
Mapping
Ligand acceptors to protein hydrogens (mapping then atom ids)
  2   4 [ 11->6863]
  3  10 [ 17->8200]
Ligand hydrogens to protein acceptors (mapping then atom ids)
  1  11 [ 22->8112]
Ligand shape atoms to protein points (mapping then atom ids & coords)
Chromosome values
Integers:
  -1    3    9   10   -1   -1   -1   -1   -1   -1   -1   -1 
--------------------------------------------------------------------------------


--------------------------------------------------------------------------------
--- Diverse Solutions Stats                                                  ---
--------------------------------------------------------------------------------
  Move attempts                            :  18413
  Move failures                            :      0
  Failure rate                             :   0.000

--------------------------------------------------------------------------------

Current Ranking  1

--------------------------------------------------------------------------------

* GA execution time :                                                           
  total  0.3629 user  0.3559 sys  0.0070

--------------------------------------------------------------------------------
Fitness function evaluations: 19708

--------------------------------------------------------------------------------
** Docking run number  2 **
--------------------------------------------------------------------------------
  Rank fitness base is 5000.00 ; increment is 11.2233

* Initialising population(s) ...                                                
Number of constraints mappings 0
Number of constraints 0
  Population no.                           :      1
  Population size                          :    100
  Number of duplicates                     :      0
  Number of niche violations               :      0
  Number of errors                         :   1227


Doing GA, no. of population(s) 1 size 100 selection pressure 1.100000

 Operation      Fitness  S(hb_ext) S(vdw_ext)  S(hb_int)    S(int)      intcor
         0      24.79      12.01      10.10       0.00      -5.54      -0.77
        19      25.67      12.01      10.04       0.00      -0.71      -0.77
       315      24.87      12.00       9.97       0.00      -3.07      -0.77
       495      24.04      12.00       9.50       0.00      -3.07      -0.77
       676      23.37      12.00       9.10       0.00      -2.80      -0.77
       979      22.54      11.99       7.96       0.00      -0.70      -0.77
      1408      22.21      11.97       7.45       0.00      -0.01      -0.77
--------------------------------------------------------------------------------
Best docking solution after GA:
      2000      22.20      11.97       7.45       0.00      -0.01      -0.76

#ops:       2000 #mutates:    995 #cross:     1005 #dups:       584 
#niche:      987 #errors:     100 
--------------------------------------------------------------------------------

Doing AMOEBA simplex on best individual
Done simplexing #iterations 1289, best score  32.72

Ligand is stored in gold_soln_ligand_prepared_m1_2.mol2


--------------------------------------------------------------------------------
--- GoldScore breakdown of terms                                             ---
--------------------------------------------------------------------------------
Fitness = S(hb_ext) + 1.3750*S(vdw_ext) + S(hb_int) + 1.0000*S(int)
S(int)  = S(vdw_int) + S(tors)

Internal terms are relative to best energy found (intcor).

--------------------------------------------------------------------------------


     Fitness  S(hb_ext) S(vdw_ext)  S(hb_int)    S(int)      intcor
     32.72      12.17      14.96       0.00      -0.02      -0.76

--------------------------------------------------------------------------------
--- GoldScore analysis of protein-ligand interactions                        ---
--------------------------------------------------------------------------------

  Ligand acceptor   11 Protein hydrogen 6863 donor 6812 bond energy  6.00 wt 0.99
  Ligand acceptor    9 Protein hydrogen 8143 donor 8111 bond energy  2.00 wt 0.14
  Ligand donor    8 hydrogen   22 Protein acceptor 8112 bond energy  6.00 wt 1.00

--------------------------------------------------------------------------------

--------------------------------------------------------------------------------
--- Rescoring solution                                                       ---
--------------------------------------------------------------------------------

     Score     S(PLP)   S(hbond)     S(cho)   S(metal)  DE(clash)   DE(tors)
      7.59      -3.38       1.54       0.00       0.00       0.00       0.20

Doing AMOEBA simplex on best individual
Done simplexing #iterations 1892, best score  28.14

     Score     S(PLP)   S(hbond)     S(cho)   S(metal)  DE(clash)   DE(tors)
     28.14     -19.23       2.99       0.00       0.00       0.00       0.03

--------------------------------------------------------------------------------
--- CHEMPLP breakdown of terms                                               ---
--------------------------------------------------------------------------------
CHEMPLP = - ( 1.0000*S(PLP) + -3.0000*S(hbond) + -6.0000*S(metal) + -3.0000*S(cho) )

Score = CHEMPLP - 1.0000*DE(clash) - 2.0000*DE(tors)


--------------------------------------------------------------------------------


--------------------------------------------------------------------------------
--- PLP analysis of protein-ligand interactions                              ---
--------------------------------------------------------------------------------
hydrogen bonding        :      -4.00
metal                   :       0.00
buried (polar-nonpolar) :      -1.94
nonpolar                :     -14.36
repulsive               :       0.49
--------------------------------------------------------------------------------


--------------------------------------------------------------------------------
--- ChemScore analysis of protein-ligand interactions                        ---
--------------------------------------------------------------------------------

* Hydrogen bonds                                                                
Ligand donor    8 hydrogen   22 Protein acceptor 8112 bond energy  1.00 wt 0.99
Protein donor 6812 hydrogen 6863 Ligand acceptor   11 bond energy  1.00 wt 1.00
Protein donor 8111 hydrogen 8143 Ligand acceptor    9 bond energy  1.00 wt 1.00


* CH..O interactions                                                            
  CH group selection                       : activated ring CH (adjacent to hetatom)

--------------------------------------------------------------------------------


--------------------------------------------------------------------------------
--- Intra-ligand clashes                                                     ---
--------------------------------------------------------------------------------

Ligand
--------------------------------------------------------------------------------


--------------------------------------------------------------------------------
--- Chromosome decoded                                                       ---
--------------------------------------------------------------------------------
Ligand Torsions
[   6    2    1    3]  -69.63
[  12    5    1    2] -174.43
Protein Torsions
[6614 6573 6574 6575]  -88.70 
[6700 6661 6662 6663]   57.39 
[8066 8025 8026 8027]   -3.33 
[8137 8104 8105 8106]  160.48 
[8200 8166 8167 8168] -166.54 
[8280 8242 8243 8244] -174.09 
[8333 8313 8314 8315] -178.72 
[9580 9544 9543 9541]  -80.55 
[10226 10185 10186 10187]   30.07 
[7988 7940 7941 7942] -106.60 
[7908 7887 7888 7889]  -77.37 
[7912 7892 7891 7888]   37.13 
[6852 6804 6805 6806]  147.54 
[27193 6336 6335 6334] -118.74 
[27195 6500 6499 6498]  149.88 
[27198 6576 6575 6574]   41.46 
[27201 7890 7889 7888]  -53.33 
[27204 8028 8027 8026]   46.81 
[27207 8107 8106 8105]  -29.20 
[27210 8169 8168 8167]  -72.74 
[27213 10098 10097 10096]  118.04 
[27215 10188 10187 10186] -165.87 
[27217 8245 8244 8243]   48.01 
[27224 7943 7942 7941]   -5.59 
[27226 7818 7817 7816]   40.75 
Mapping
Ligand acceptors to protein hydrogens (mapping then atom ids)
  1   8 [  9->8143]
  2   4 [ 11->6863]
Ligand hydrogens to protein acceptors (mapping then atom ids)
  1  11 [ 22->8112]
Ligand shape atoms to protein points (mapping then atom ids & coords)
Chromosome values
Integers:
   7    3   -1   10   -1   -1   -1   -1   -1   -1   -1   -1 
--------------------------------------------------------------------------------


--------------------------------------------------------------------------------
--- Diverse Solutions Stats                                                  ---
--------------------------------------------------------------------------------
  Move attempts                            :  18965
  Move failures                            :      0
  Failure rate                             :   0.000

--------------------------------------------------------------------------------

Current Ranking  2  1

--------------------------------------------------------------------------------

* GA execution time :                                                           
  total  0.3658 user  0.3526 sys  0.0131

--------------------------------------------------------------------------------
Fitness function evaluations: 20302

--------------------------------------------------------------------------------
** Docking run number  3 **
--------------------------------------------------------------------------------
  Rank fitness base is 5000.00 ; increment is 11.2233

* Initialising population(s) ...                                                
Number of constraints mappings 0
Number of constraints 0
  Population no.                           :      1
  Population size                          :    100
  Number of duplicates                     :      0
  Number of niche violations               :      0
  Number of errors                         :   1162


Doing GA, no. of population(s) 1 size 100 selection pressure 1.100000

 Operation      Fitness  S(hb_ext) S(vdw_ext)  S(hb_int)    S(int)      intcor
         0      27.13       2.60      20.95       0.00     -21.39      -0.76
        61      30.59       3.23      20.59       0.00      -4.48      -0.76
       608      21.58       2.63      15.39       0.00      -5.82      -0.76
       740      19.30       2.48      13.84       0.00      -5.00      -0.76
Reordering...
       840      17.31       1.23      12.74       0.00      -2.92      -0.76
       874      19.86       1.51      14.31       0.00      -2.64      -0.76
       897      22.70       1.51      15.71       0.00      -0.81      -0.76
       920      22.35       1.44      15.45       0.00      -0.60      -0.76
      1462      17.00       0.73      11.98       0.00      -0.21      -0.76
      1536      16.55       0.65      11.76       0.00      -0.26      -0.76
--------------------------------------------------------------------------------
Best docking solution after GA:
      2000      16.55       0.65      11.76       0.00      -0.26      -0.76

#ops:       2000 #mutates:   1051 #cross:      949 #dups:       574 
#niche:      943 #errors:     112 
--------------------------------------------------------------------------------

Doing AMOEBA simplex on best individual
Done simplexing #iterations 1768, best score  39.38

Ligand is stored in gold_soln_ligand_prepared_m1_3.mol2


--------------------------------------------------------------------------------
--- GoldScore breakdown of terms                                             ---
--------------------------------------------------------------------------------
Fitness = S(hb_ext) + 1.3750*S(vdw_ext) + S(hb_int) + 1.0000*S(int)
S(int)  = S(vdw_int) + S(tors)

Internal terms are relative to best energy found (intcor).

--------------------------------------------------------------------------------


     Fitness  S(hb_ext) S(vdw_ext)  S(hb_int)    S(int)      intcor
     39.38       6.13      24.36       0.00      -0.25      -0.76

--------------------------------------------------------------------------------
--- GoldScore analysis of protein-ligand interactions                        ---
--------------------------------------------------------------------------------

  Ligand acceptor   17 Protein hydrogen 8066 donor 8025 bond energy  2.00 wt 0.06
  Ligand donor   10 hydrogen   23 Protein acceptor 8104 bond energy  6.00 wt 1.00

--------------------------------------------------------------------------------

--------------------------------------------------------------------------------
--- Rescoring solution                                                       ---
--------------------------------------------------------------------------------

     Score     S(PLP)   S(hbond)     S(cho)   S(metal)  DE(clash)   DE(tors)
      2.37      -2.86       0.60       0.00       0.00       0.00       1.15

Doing AMOEBA simplex on best individual
Done simplexing #iterations 1484, best score  30.65

     Score     S(PLP)   S(hbond)     S(cho)   S(metal)  DE(clash)   DE(tors)
     30.65     -28.13       1.21       0.00       0.00       0.00       0.56

--------------------------------------------------------------------------------
--- CHEMPLP breakdown of terms                                               ---
--------------------------------------------------------------------------------
CHEMPLP = - ( 1.0000*S(PLP) + -3.0000*S(hbond) + -6.0000*S(metal) + -3.0000*S(cho) )

Score = CHEMPLP - 1.0000*DE(clash) - 2.0000*DE(tors)


--------------------------------------------------------------------------------


--------------------------------------------------------------------------------
--- PLP analysis of protein-ligand interactions                              ---
--------------------------------------------------------------------------------
hydrogen bonding        :      -2.32
metal                   :       0.00
buried (polar-nonpolar) :      -4.40
nonpolar                :     -22.69
repulsive               :       0.30
--------------------------------------------------------------------------------


--------------------------------------------------------------------------------
--- ChemScore analysis of protein-ligand interactions                        ---
--------------------------------------------------------------------------------

* Hydrogen bonds                                                                
Ligand donor   10 hydrogen   23 Protein acceptor 8104 bond energy  1.00 wt 0.22
Protein donor 8025 hydrogen 8066 Ligand acceptor   17 bond energy  1.00 wt 0.99


* CH..O interactions                                                            
  CH group selection                       : activated ring CH (adjacent to hetatom)

--------------------------------------------------------------------------------


--------------------------------------------------------------------------------
--- Intra-ligand clashes                                                     ---
--------------------------------------------------------------------------------

Ligand
--------------------------------------------------------------------------------


--------------------------------------------------------------------------------
--- Chromosome decoded                                                       ---
--------------------------------------------------------------------------------
Ligand Torsions
[   6    2    1    3]  -83.24
[  12    5    1    2] -166.72
Protein Torsions
[6614 6573 6574 6575]  103.09 
[6700 6661 6662 6663]   44.43 
[8066 8025 8026 8027]    8.11 
[8137 8104 8105 8106]   16.55 
[8200 8166 8167 8168]  159.10 
[8280 8242 8243 8244] -120.78 
[8333 8313 8314 8315] -147.88 
[9580 9544 9543 9541] -105.34 
[10226 10185 10186 10187]  -62.47 
[7988 7940 7941 7942]  160.43 
[7908 7887 7888 7889]  -52.85 
[7912 7892 7891 7888]   60.04 
[6852 6804 6805 6806] -123.33 
[27193 6336 6335 6334]  122.32 
[27195 6500 6499 6498]  159.80 
[27198 6576 6575 6574]  -49.72 
[27201 7890 7889 7888]   93.51 
[27204 8028 8027 8026]   21.17 
[27207 8107 8106 8105]  104.57 
[27210 8169 8168 8167]   39.19 
[27213 10098 10097 10096]  -59.31 
[27215 10188 10187 10186]  -90.78 
[27217 8245 8244 8243]  114.73 
[27224 7943 7942 7941]  135.84 
[27226 7818 7817 7816]  -66.62 
Mapping
Ligand acceptors to protein hydrogens (mapping then atom ids)
  2  13 [ 11->9580]
  3   6 [ 17->8066]
Ligand hydrogens to protein acceptors (mapping then atom ids)
  2  12 [ 23->8166]
Ligand shape atoms to protein points (mapping then atom ids & coords)
Chromosome values
Integers:
  -1   12    5   -1   11   -1   -1   -1   -1   -1   -1   -1 
--------------------------------------------------------------------------------


--------------------------------------------------------------------------------
--- Diverse Solutions Stats                                                  ---
--------------------------------------------------------------------------------
  Move attempts                            :  18845
  Move failures                            :      7
  Failure rate                             :   0.000

--------------------------------------------------------------------------------

Current Ranking  3  2  1

--------------------------------------------------------------------------------

* GA execution time :                                                           
  total  0.3958 user  0.3894 sys  0.0065

--------------------------------------------------------------------------------
Fitness function evaluations: 20119

--------------------------------------------------------------------------------
** Docking run number  4 **
--------------------------------------------------------------------------------
  Rank fitness base is 5000.00 ; increment is 11.2233

* Initialising population(s) ...                                                
Number of constraints mappings 0
Number of constraints 0
  Population no.                           :      1
  Population size                          :    100
  Number of duplicates                     :      0
  Number of niche violations               :      0
  Number of errors                         :   1176


Doing GA, no. of population(s) 1 size 100 selection pressure 1.100000

 Operation      Fitness  S(hb_ext) S(vdw_ext)  S(hb_int)    S(int)      intcor
         0      23.25      13.26       8.58       0.00      -9.02      -0.76
        85      24.19       5.75      15.48       0.00     -13.07      -0.76
       116      24.42       1.29      17.30       0.00      -2.98      -0.76
       186      25.69       8.37      13.96       0.00      -7.74      -0.76
       230      27.75       6.03      17.12       0.00      -7.18      -0.76
       953      19.70       4.32      12.69       0.00      -3.77      -0.76
      1006      24.31       6.94      12.86       0.00      -0.54      -0.76
      1324      22.46       6.69      12.39       0.00      -1.54      -0.76
      1385      22.82       6.65      12.39       0.00      -0.98      -0.76
      1865      24.00       6.58      13.59       0.00      -1.27      -0.76
--------------------------------------------------------------------------------
Best docking solution after GA:
      2000      24.00       6.58      13.59       0.00      -1.27      -0.76

#ops:       2000 #mutates:   1007 #cross:      993 #dups:       548 
#niche:      996 #errors:     104 
--------------------------------------------------------------------------------

Doing AMOEBA simplex on best individual
Done simplexing #iterations 1507, best score  28.81

Ligand is stored in gold_soln_ligand_prepared_m1_4.mol2


--------------------------------------------------------------------------------
--- GoldScore breakdown of terms                                             ---
--------------------------------------------------------------------------------
Fitness = S(hb_ext) + 1.3750*S(vdw_ext) + S(hb_int) + 1.0000*S(int)
S(int)  = S(vdw_int) + S(tors)

Internal terms are relative to best energy found (intcor).

--------------------------------------------------------------------------------


     Fitness  S(hb_ext) S(vdw_ext)  S(hb_int)    S(int)      intcor
     28.81       6.82      16.63       0.00      -0.87      -0.76

--------------------------------------------------------------------------------
--- GoldScore analysis of protein-ligand interactions                        ---
--------------------------------------------------------------------------------

  Ligand acceptor    9 Protein hydrogen 6863 donor 6812 bond energy  6.00 wt 1.00
  Ligand acceptor   17 Protein hydrogen 8066 donor 8025 bond energy  2.00 wt 0.29
  Ligand acceptor   17 Protein hydrogen 8137 donor 8104 bond energy  2.00 wt 0.01
  Ligand acceptor   11 Protein hydrogen 8143 donor 8111 bond energy  2.00 wt 0.11

--------------------------------------------------------------------------------

--------------------------------------------------------------------------------
--- Rescoring solution                                                       ---
--------------------------------------------------------------------------------

     Score     S(PLP)   S(hbond)     S(cho)   S(metal)  DE(clash)   DE(tors)
      8.70       0.07       2.98       0.00       0.00       0.00       0.08

Doing AMOEBA simplex on best individual
Done simplexing #iterations 1580, best score  30.48

     Score     S(PLP)   S(hbond)     S(cho)   S(metal)  DE(clash)   DE(tors)
     30.48     -22.59       2.66       0.00       0.00       0.00       0.04

--------------------------------------------------------------------------------
--- CHEMPLP breakdown of terms                                               ---
--------------------------------------------------------------------------------
CHEMPLP = - ( 1.0000*S(PLP) + -3.0000*S(hbond) + -6.0000*S(metal) + -3.0000*S(cho) )

Score = CHEMPLP - 1.0000*DE(clash) - 2.0000*DE(tors)


--------------------------------------------------------------------------------


--------------------------------------------------------------------------------
--- PLP analysis of protein-ligand interactions                              ---
--------------------------------------------------------------------------------
hydrogen bonding        :      -3.29
metal                   :       0.00
buried (polar-nonpolar) :      -2.36
nonpolar                :     -18.48
repulsive               :       0.39
--------------------------------------------------------------------------------


--------------------------------------------------------------------------------
--- ChemScore analysis of protein-ligand interactions                        ---
--------------------------------------------------------------------------------

* Hydrogen bonds                                                                
Protein donor 6812 hydrogen 6863 Ligand acceptor    9 bond energy  1.00 wt 1.00
Protein donor 8025 hydrogen 8066 Ligand acceptor   17 bond energy  1.00 wt 1.00
Protein donor 8111 hydrogen 8143 Ligand acceptor   11 bond energy  1.00 wt 0.66


* CH..O interactions                                                            
  CH group selection                       : activated ring CH (adjacent to hetatom)

--------------------------------------------------------------------------------


--------------------------------------------------------------------------------
--- Intra-ligand clashes                                                     ---
--------------------------------------------------------------------------------

Ligand
--------------------------------------------------------------------------------


--------------------------------------------------------------------------------
--- Chromosome decoded                                                       ---
--------------------------------------------------------------------------------
Ligand Torsions
[   6    2    1    3]  116.67
[  12    5    1    2]  179.86
Protein Torsions
[6614 6573 6574 6575] -124.28 
[6700 6661 6662 6663]   60.81 
[8066 8025 8026 8027]  -26.75 
[8137 8104 8105 8106] -140.13 
[8200 8166 8167 8168]  -40.55 
[8280 8242 8243 8244]  -59.77 
[8333 8313 8314 8315] -112.53 
[9580 9544 9543 9541] -125.70 
[10226 10185 10186 10187]   37.35 
[7988 7940 7941 7942]  -64.38 
[7908 7887 7888 7889]  130.89 
[7912 7892 7891 7888]  -85.27 
[6852 6804 6805 6806]   20.11 
[27193 6336 6335 6334]  126.07 
[27195 6500 6499 6498]   53.02 
[27198 6576 6575 6574]  103.35 
[27201 7890 7889 7888]  152.40 
[27204 8028 8027 8026]   77.11 
[27207 8107 8106 8105]  134.42 
[27210 8169 8168 8167] -143.50 
[27213 10098 10097 10096]  -15.88 
[27215 10188 10187 10186]    5.47 
[27217 8245 8244 8243]   54.22 
[27224 7943 7942 7941]   35.94 
[27226 7818 7817 7816] -169.19 
Mapping
Ligand acceptors to protein hydrogens (mapping then atom ids)
  1   4 [  9->6863]
  2   8 [ 11->8143]
  3   7 [ 17->8137]
Ligand hydrogens to protein acceptors (mapping then atom ids)
Ligand shape atoms to protein points (mapping then atom ids & coords)
Chromosome values
Integers:
   3    7    6   -1   -1   -1   -1   -1   -1   -1   -1   -1 
--------------------------------------------------------------------------------


--------------------------------------------------------------------------------
--- Diverse Solutions Stats                                                  ---
--------------------------------------------------------------------------------
  Move attempts                            :  18453
  Move failures                            :     10
  Failure rate                             :   0.001

--------------------------------------------------------------------------------

Current Ranking  3  2  1  4

--------------------------------------------------------------------------------

* GA execution time :                                                           
  total  0.3687 user  0.3470 sys  0.0217

--------------------------------------------------------------------------------
Fitness function evaluations: 19734

--------------------------------------------------------------------------------
** Docking run number  5 **
--------------------------------------------------------------------------------
  Rank fitness base is 5000.00 ; increment is 11.2233

* Initialising population(s) ...                                                
Number of constraints mappings 0
Number of constraints 0
  Population no.                           :      1
  Population size                          :    100
  Number of duplicates                     :      0
  Number of niche violations               :      0
  Number of errors                         :   1172


Doing GA, no. of population(s) 1 size 100 selection pressure 1.100000

 Operation      Fitness  S(hb_ext) S(vdw_ext)  S(hb_int)    S(int)      intcor
         0      22.96       6.39      12.47       0.00      -2.92      -0.76
       109      22.39       4.86      15.73       0.00     -18.43      -0.76
       259      20.68       1.24      14.38       0.00      -1.29      -0.76
Reordering...
       300      19.90       4.56      14.86       0.00     -18.43      -0.76
       328      24.90       6.74      14.01       0.00      -3.90      -0.76
       565      22.10       6.46      12.10       0.00      -2.73      -0.76
       578      22.27       6.46      12.23       0.00      -2.76      -0.76
       688      20.99       6.31      11.51       0.00      -2.78      -0.76
       724      22.57       6.13      12.83       0.00      -2.78      -0.76
      1084      16.25       5.66       8.98       0.00      -2.78      -0.76
      1122      21.03       4.14      13.63       0.00      -2.78      -0.76
      1491      19.82       3.80      13.63       0.00      -2.78      -0.76
--------------------------------------------------------------------------------
Best docking solution after GA:
      2000      19.65       3.69      13.63       0.00      -2.78      -0.76

#ops:       2000 #mutates:    999 #cross:     1001 #dups:       572 
#niche:      915 #errors:     134 
--------------------------------------------------------------------------------

Doing AMOEBA simplex on best individual
Done simplexing #iterations 1596, best score  29.27

Ligand is stored in gold_soln_ligand_prepared_m1_5.mol2


--------------------------------------------------------------------------------
--- GoldScore breakdown of terms                                             ---
--------------------------------------------------------------------------------
Fitness = S(hb_ext) + 1.3750*S(vdw_ext) + S(hb_int) + 1.0000*S(int)
S(int)  = S(vdw_int) + S(tors)

Internal terms are relative to best energy found (intcor).

--------------------------------------------------------------------------------


     Fitness  S(hb_ext) S(vdw_ext)  S(hb_int)    S(int)      intcor
     29.27       5.09      18.76       0.00      -1.61      -0.76

--------------------------------------------------------------------------------
--- GoldScore analysis of protein-ligand interactions                        ---
--------------------------------------------------------------------------------

  Ligand acceptor    9 Protein hydrogen 6863 donor 6812 bond energy  6.00 wt 0.56
  Ligand acceptor   17 Protein hydrogen 8066 donor 8025 bond energy  2.00 wt 0.42
  Ligand acceptor   11 Protein hydrogen 8143 donor 8111 bond energy  2.00 wt 0.01
  Ligand donor    8 hydrogen   22 Protein acceptor 7890 bond energy  2.00 wt 0.41

--------------------------------------------------------------------------------

--------------------------------------------------------------------------------
--- Rescoring solution                                                       ---
--------------------------------------------------------------------------------

     Score     S(PLP)   S(hbond)     S(cho)   S(metal)  DE(clash)   DE(tors)
     22.15     -16.75       2.45       0.00       0.00       0.00       0.97

Doing AMOEBA simplex on best individual
Done simplexing #iterations 1530, best score  32.26

     Score     S(PLP)   S(hbond)     S(cho)   S(metal)  DE(clash)   DE(tors)
     32.26     -26.03       2.59       0.00       0.00       0.95       0.30

--------------------------------------------------------------------------------
--- CHEMPLP breakdown of terms                                               ---
--------------------------------------------------------------------------------
CHEMPLP = - ( 1.0000*S(PLP) + -3.0000*S(hbond) + -6.0000*S(metal) + -3.0000*S(cho) )

Score = CHEMPLP - 1.0000*DE(clash) - 2.0000*DE(tors)


--------------------------------------------------------------------------------


--------------------------------------------------------------------------------
--- PLP analysis of protein-ligand interactions                              ---
--------------------------------------------------------------------------------
hydrogen bonding        :      -3.50
metal                   :       0.00
buried (polar-nonpolar) :      -3.71
nonpolar                :     -20.60
repulsive               :       0.42
--------------------------------------------------------------------------------


--------------------------------------------------------------------------------
--- ChemScore analysis of protein-ligand interactions                        ---
--------------------------------------------------------------------------------

* Hydrogen bonds                                                                
Protein donor 6812 hydrogen 6863 Ligand acceptor    9 bond energy  1.00 wt 1.00
Protein donor 8025 hydrogen 8066 Ligand acceptor   17 bond energy  1.00 wt 1.00
Protein donor 8111 hydrogen 8143 Ligand acceptor   11 bond energy  1.00 wt 0.59


* CH..O interactions                                                            
  CH group selection                       : activated ring CH (adjacent to hetatom)

--------------------------------------------------------------------------------


--------------------------------------------------------------------------------
--- Intra-ligand clashes                                                     ---
--------------------------------------------------------------------------------

Ligand
  7 (C7   ) -   3 (C3   ):   0.95 (dist   2.72)
--------------------------------------------------------------------------------


--------------------------------------------------------------------------------
--- Chromosome decoded                                                       ---
--------------------------------------------------------------------------------
Ligand Torsions
[   6    2    1    3]  168.05
[  12    5    1    2]  178.42
Protein Torsions
[6614 6573 6574 6575]  -25.72 
[6700 6661 6662 6663]   37.44 
[8066 8025 8026 8027]  -43.26 
[8137 8104 8105 8106]   95.52 
[8200 8166 8167 8168]  157.60 
[8280 8242 8243 8244]  149.48 
[8333 8313 8314 8315] -118.47 
[9580 9544 9543 9541]  -87.46 
[10226 10185 10186 10187]   64.53 
[7988 7940 7941 7942]  -84.76 
[7908 7887 7888 7889] -142.99 
[7912 7892 7891 7888]   41.15 
[6852 6804 6805 6806]  -62.01 
[27193 6336 6335 6334]  123.86 
[27195 6500 6499 6498] -115.92 
[27198 6576 6575 6574]  178.89 
[27201 7890 7889 7888] -154.71 
[27204 8028 8027 8026]   90.00 
[27207 8107 8106 8105]   90.05 
[27210 8169 8168 8167]  -30.40 
[27213 10098 10097 10096] -107.45 
[27215 10188 10187 10186]   84.64 
[27217 8245 8244 8243]   36.13 
[27224 7943 7942 7941]   46.49 
[27226 7818 7817 7816]  103.04 
Mapping
Ligand acceptors to protein hydrogens (mapping then atom ids)
  2   8 [ 11->8143]
  3   6 [ 17->8066]
Ligand hydrogens to protein acceptors (mapping then atom ids)
  1   6 [ 22->7890]
Ligand shape atoms to protein points (mapping then atom ids & coords)
Chromosome values
Integers:
  -1    7    5    5   -1   -1   -1   -1   -1   -1   -1   -1 
--------------------------------------------------------------------------------


--------------------------------------------------------------------------------
--- Diverse Solutions Stats                                                  ---
--------------------------------------------------------------------------------
  Move attempts                            :  18474
  Move failures                            :     16
  Failure rate                             :   0.001

--------------------------------------------------------------------------------

Current Ranking  3  2  1  5  4

--------------------------------------------------------------------------------

* GA execution time :                                                           
  total  0.3757 user  0.3654 sys  0.0102

--------------------------------------------------------------------------------
Fitness function evaluations: 19771

--------------------------------------------------------------------------------
** Docking run number  6 **
--------------------------------------------------------------------------------
  Rank fitness base is 5000.00 ; increment is 11.2233

* Initialising population(s) ...                                                
Number of constraints mappings 0
Number of constraints 0
  Population no.                           :      1
  Population size                          :    100
  Number of duplicates                     :      0
  Number of niche violations               :      0
  Number of errors                         :   1238


Doing GA, no. of population(s) 1 size 100 selection pressure 1.100000

 Operation      Fitness  S(hb_ext) S(vdw_ext)  S(hb_int)    S(int)      intcor
         0      24.94       1.04      19.02       0.00     -11.28      -0.76
       146      21.54       1.02      16.54       0.00      -9.51      -0.76
       157      24.29       7.61      12.94       0.00      -4.77      -0.76
       256      23.48       7.43      12.89       0.00      -6.50      -0.76
       372      25.27       7.34      13.99       0.00      -4.42      -0.76
       775      21.93       7.03      12.29       0.00      -4.42      -0.76
       939      20.41       6.85      10.49       0.00      -1.60      -0.76
      1409      19.51       6.51      10.50       0.00      -1.60      -0.76
      1729      19.37       6.33      10.55       0.00      -1.48      -0.76
      1806      19.52       6.42      10.60       0.00      -1.48      -0.76
      1814      20.13       6.33      10.65       0.00      -0.84      -0.76
--------------------------------------------------------------------------------
Best docking solution after GA:
      2000      20.13       6.33      10.65       0.00      -0.84      -0.76

#ops:       2000 #mutates:    995 #cross:     1005 #dups:       595 
#niche:      887 #errors:     203 
--------------------------------------------------------------------------------

Doing AMOEBA simplex on best individual
AMOEBA simplex failed to converge after 2000 iterations
Done simplexing #iterations 2000, best score  29.14

Ligand is stored in gold_soln_ligand_prepared_m1_6.mol2


--------------------------------------------------------------------------------
--- GoldScore breakdown of terms                                             ---
--------------------------------------------------------------------------------
Fitness = S(hb_ext) + 1.3750*S(vdw_ext) + S(hb_int) + 1.0000*S(int)
S(int)  = S(vdw_int) + S(tors)

Internal terms are relative to best energy found (intcor).

--------------------------------------------------------------------------------


     Fitness  S(hb_ext) S(vdw_ext)  S(hb_int)    S(int)      intcor
     29.14      12.16      12.97       0.00      -0.85      -0.76

--------------------------------------------------------------------------------
--- GoldScore analysis of protein-ligand interactions                        ---
--------------------------------------------------------------------------------

  Ligand acceptor    9 Protein hydrogen 6863 donor 6812 bond energy  6.00 wt 1.00
  Ligand acceptor   11 Protein hydrogen 8143 donor 8111 bond energy  2.00 wt 0.09
  Ligand donor   10 hydrogen   23 Protein acceptor 8112 bond energy  6.00 wt 1.00

--------------------------------------------------------------------------------

--------------------------------------------------------------------------------
--- Rescoring solution                                                       ---
--------------------------------------------------------------------------------

     Score     S(PLP)   S(hbond)     S(cho)   S(metal)  DE(clash)   DE(tors)
     -4.38       7.37       1.81       0.00       0.00       0.00       1.22

Doing AMOEBA simplex on best individual
AMOEBA simplex failed to converge after 2000 iterations
Done simplexing #iterations 2000, best score  17.02

     Score     S(PLP)   S(hbond)     S(cho)   S(metal)  DE(clash)   DE(tors)
     17.02     -17.19       0.00       0.00       0.00       0.00       0.08

--------------------------------------------------------------------------------
--- CHEMPLP breakdown of terms                                               ---
--------------------------------------------------------------------------------
CHEMPLP = - ( 1.0000*S(PLP) + -3.0000*S(hbond) + -6.0000*S(metal) + -3.0000*S(cho) )

Score = CHEMPLP - 1.0000*DE(clash) - 2.0000*DE(tors)


--------------------------------------------------------------------------------


--------------------------------------------------------------------------------
--- PLP analysis of protein-ligand interactions                              ---
--------------------------------------------------------------------------------
hydrogen bonding        :      -1.09
metal                   :       0.00
buried (polar-nonpolar) :      -1.36
nonpolar                :     -17.55
repulsive               :       2.33
--------------------------------------------------------------------------------


--------------------------------------------------------------------------------
--- ChemScore analysis of protein-ligand interactions                        ---
--------------------------------------------------------------------------------

* Hydrogen bonds                                                                


* CH..O interactions                                                            
  CH group selection                       : activated ring CH (adjacent to hetatom)

--------------------------------------------------------------------------------


--------------------------------------------------------------------------------
--- Intra-ligand clashes                                                     ---
--------------------------------------------------------------------------------

Ligand
--------------------------------------------------------------------------------


--------------------------------------------------------------------------------
--- Chromosome decoded                                                       ---
--------------------------------------------------------------------------------
Ligand Torsions
[   6    2    1    3]  152.23
[  12    5    1    2]  166.76
Protein Torsions
[6614 6573 6574 6575]  175.11 
[6700 6661 6662 6663]  119.00 
[8066 8025 8026 8027] -120.93 
[8137 8104 8105 8106]  -46.75 
[8200 8166 8167 8168]   -1.92 
[8280 8242 8243 8244]  129.67 
[8333 8313 8314 8315] -178.46 
[9580 9544 9543 9541]   69.39 
[10226 10185 10186 10187]  119.49 
[7988 7940 7941 7942]  -19.61 
[7908 7887 7888 7889]   74.85 
[7912 7892 7891 7888]  137.10 
[6852 6804 6805 6806] -116.24 
[27193 6336 6335 6334]  -38.76 
[27195 6500 6499 6498] -100.24 
[27198 6576 6575 6574] -142.85 
[27201 7890 7889 7888]   94.41 
[27204 8028 8027 8026]   80.86 
[27207 8107 8106 8105]   95.18 
[27210 8169 8168 8167] -105.95 
[27213 10098 10097 10096]  171.90 
[27215 10188 10187 10186]  175.29 
[27217 8245 8244 8243]  166.07 
[27224 7943 7942 7941]   86.72 
[27226 7818 7817 7816] -108.83 
Mapping
Ligand acceptors to protein hydrogens (mapping then atom ids)
  1   4 [  9->6863]
  3  10 [ 17->8200]
Ligand hydrogens to protein acceptors (mapping then atom ids)
  1   3 [ 22->6573]
Ligand shape atoms to protein points (mapping then atom ids & coords)
Chromosome values
Integers:
   3   -1    9    2   -1   -1   -1   -1   -1   -1   -1   -1 
--------------------------------------------------------------------------------


--------------------------------------------------------------------------------
--- Diverse Solutions Stats                                                  ---
--------------------------------------------------------------------------------
  Move attempts                            :  18624
  Move failures                            :     52
  Failure rate                             :   0.003

--------------------------------------------------------------------------------

Current Ranking  3  2  1  5  6  4

--------------------------------------------------------------------------------

* GA execution time :                                                           
  total  0.3676 user  0.3648 sys  0.0028

--------------------------------------------------------------------------------
Fitness function evaluations: 20095

--------------------------------------------------------------------------------
** Docking run number  7 **
--------------------------------------------------------------------------------
  Rank fitness base is 5000.00 ; increment is 11.2233

* Initialising population(s) ...                                                
Number of constraints mappings 0
Number of constraints 0
  Population no.                           :      1
  Population size                          :    100
  Number of duplicates                     :      0
  Number of niche violations               :      0
  Number of errors                         :   1248


Doing GA, no. of population(s) 1 size 100 selection pressure 1.100000

 Operation      Fitness  S(hb_ext) S(vdw_ext)  S(hb_int)    S(int)      intcor
         0      29.09       0.75      24.52       0.00     -26.91      -0.76
         6      29.78       3.12      22.46       0.00     -21.11      -0.76
Reordering...
       120      26.93       0.69      23.53       0.00     -26.91      -0.76
Reordering...
       600      16.98       1.33      11.67       0.00      -1.05      -0.76
       703      17.37       2.95      11.18       0.00      -2.26      -0.76
Reordering...
       720      16.66       1.25      11.54       0.00      -1.05      -0.76
       723      17.12       2.92      10.40       0.00      -0.25      -0.76
       796      16.13      12.89       4.17       0.00      -5.38      -0.76
       931      14.64      12.89       3.37       0.00      -5.38      -0.76
Reordering...
       960      13.99       1.12       9.43       0.00      -0.16      -0.76
       967      18.06       0.42      13.21       0.00      -0.92      -0.76
Reordering...
      1320      13.84       1.01       9.43       0.00      -0.16      -0.76
      1505      13.76       0.95       9.44       0.00      -0.16      -0.76
      1993      16.67       0.38      12.52       0.00      -0.92      -0.76
--------------------------------------------------------------------------------
Best docking solution after GA:
      2000      16.67       0.38      12.52       0.00      -0.92      -0.76

#ops:       2000 #mutates:   1009 #cross:      991 #dups:       498 
#niche:      937 #errors:     140 
--------------------------------------------------------------------------------

Doing AMOEBA simplex on best individual
Done simplexing #iterations 1274, best score  29.46

Ligand is stored in gold_soln_ligand_prepared_m1_7.mol2


--------------------------------------------------------------------------------
--- GoldScore breakdown of terms                                             ---
--------------------------------------------------------------------------------
Fitness = S(hb_ext) + 1.3750*S(vdw_ext) + S(hb_int) + 1.0000*S(int)
S(int)  = S(vdw_int) + S(tors)

Internal terms are relative to best energy found (intcor).

--------------------------------------------------------------------------------


     Fitness  S(hb_ext) S(vdw_ext)  S(hb_int)    S(int)      intcor
     29.46       0.25      21.75       0.00      -0.70      -0.76

--------------------------------------------------------------------------------
--- GoldScore analysis of protein-ligand interactions                        ---
--------------------------------------------------------------------------------

  Ligand acceptor   17 Protein hydrogen 8066 donor 8025 bond energy  2.00 wt 0.08
  Ligand acceptor    9 Protein hydrogen 9580 donor 9544 bond energy  2.00 wt 0.04

--------------------------------------------------------------------------------

--------------------------------------------------------------------------------
--- Rescoring solution                                                       ---
--------------------------------------------------------------------------------

     Score     S(PLP)   S(hbond)     S(cho)   S(metal)  DE(clash)   DE(tors)
     22.97     -19.58       1.80       0.00       0.00       0.00       1.01

Doing AMOEBA simplex on best individual
AMOEBA simplex failed to converge after 2000 iterations
Done simplexing #iterations 2000, best score  41.00

     Score     S(PLP)   S(hbond)     S(cho)   S(metal)  DE(clash)   DE(tors)
     41.00     -35.75       1.98       0.00       0.00       0.00       0.34

--------------------------------------------------------------------------------
--- CHEMPLP breakdown of terms                                               ---
--------------------------------------------------------------------------------
CHEMPLP = - ( 1.0000*S(PLP) + -3.0000*S(hbond) + -6.0000*S(metal) + -3.0000*S(cho) )

Score = CHEMPLP - 1.0000*DE(clash) - 2.0000*DE(tors)


--------------------------------------------------------------------------------


--------------------------------------------------------------------------------
--- PLP analysis of protein-ligand interactions                              ---
--------------------------------------------------------------------------------
hydrogen bonding        :      -2.05
metal                   :       0.00
buried (polar-nonpolar) :      -5.18
nonpolar                :     -30.50
repulsive               :       0.35
--------------------------------------------------------------------------------


--------------------------------------------------------------------------------
--- ChemScore analysis of protein-ligand interactions                        ---
--------------------------------------------------------------------------------

* Hydrogen bonds                                                                
Protein donor 8025 hydrogen 8066 Ligand acceptor   17 bond energy  1.00 wt 1.00
Protein donor 9544 hydrogen 9580 Ligand acceptor    9 bond energy  1.00 wt 0.98


* CH..O interactions                                                            
  CH group selection                       : activated ring CH (adjacent to hetatom)

--------------------------------------------------------------------------------


--------------------------------------------------------------------------------
--- Intra-ligand clashes                                                     ---
--------------------------------------------------------------------------------

Ligand
--------------------------------------------------------------------------------


--------------------------------------------------------------------------------
--- Chromosome decoded                                                       ---
--------------------------------------------------------------------------------
Ligand Torsions
[   6    2    1    3]  -31.51
[  12    5    1    2]  172.42
Protein Torsions
[6614 6573 6574 6575]  149.07 
[6700 6661 6662 6663]   46.74 
[8066 8025 8026 8027]   -2.30 
[8137 8104 8105 8106]  164.77 
[8200 8166 8167 8168]   36.62 
[8280 8242 8243 8244]   44.56 
[8333 8313 8314 8315]  -94.62 
[9580 9544 9543 9541] -163.91 
[10226 10185 10186 10187]   37.96 
[7988 7940 7941 7942]   75.61 
[7908 7887 7888 7889]  113.12 
[7912 7892 7891 7888]   74.48 
[6852 6804 6805 6806] -130.08 
[27193 6336 6335 6334] -177.18 
[27195 6500 6499 6498]  130.25 
[27198 6576 6575 6574]  175.48 
[27201 7890 7889 7888]  -77.56 
[27204 8028 8027 8026]  110.03 
[27207 8107 8106 8105] -156.91 
[27210 8169 8168 8167]  138.47 
[27213 10098 10097 10096]   84.90 
[27215 10188 10187 10186] -170.03 
[27217 8245 8244 8243]   35.19 
[27224 7943 7942 7941]   95.16 
[27226 7818 7817 7816]   42.10 
Mapping
Ligand acceptors to protein hydrogens (mapping then atom ids)
  1  13 [  9->9580]
  3   6 [ 17->8066]
Ligand hydrogens to protein acceptors (mapping then atom ids)
  1   9 [ 22->8104]
Ligand shape atoms to protein points (mapping then atom ids & coords)
Chromosome values
Integers:
  12   -1    5    8   -1   -1   -1   -1   -1   -1   -1   -1 
--------------------------------------------------------------------------------


--------------------------------------------------------------------------------
--- Diverse Solutions Stats                                                  ---
--------------------------------------------------------------------------------
  Move attempts                            :  18092
  Move failures                            :     23
  Failure rate                             :   0.001

--------------------------------------------------------------------------------

Current Ranking  3  2  1  7  5  6  4

--------------------------------------------------------------------------------

* GA execution time :                                                           
  total  0.3820 user  0.3625 sys  0.0195

--------------------------------------------------------------------------------
Fitness function evaluations: 19463

--------------------------------------------------------------------------------
** Docking run number  8 **
--------------------------------------------------------------------------------
  Rank fitness base is 5000.00 ; increment is 11.2233

* Initialising population(s) ...                                                
Number of constraints mappings 0
Number of constraints 0
  Population no.                           :      1
  Population size                          :    100
  Number of duplicates                     :      0
  Number of niche violations               :      0
  Number of errors                         :   1139


Doing GA, no. of population(s) 1 size 100 selection pressure 1.100000

 Operation      Fitness  S(hb_ext) S(vdw_ext)  S(hb_int)    S(int)      intcor
         0      21.22       3.91      13.90       0.00      -9.01      -0.76
        40      21.57       4.37      13.87       0.00      -9.01      -0.76
       129      19.11       4.22      12.76       0.00     -11.62      -0.76
       145      19.96       4.93      13.79       0.00     -16.92      -0.76
       203      23.98       7.51      15.03       0.00     -16.92      -0.76
       441      22.21       7.36      14.75       0.00     -16.92      -0.76
       825      21.06       6.58      12.51       0.00      -5.66      -0.76
      1100      18.86       6.91      10.87       0.00      -4.61      -0.76
Reordering...
      1400      16.83      13.49       4.30       0.00      -2.86      -0.76
      1509      17.92       6.50      11.46       0.00      -4.33      -0.76
--------------------------------------------------------------------------------
Best docking solution after GA:
      2000      17.92       6.50      11.46       0.00      -4.33      -0.76

#ops:       2000 #mutates:    946 #cross:     1054 #dups:       558 
#niche:      938 #errors:     170 
--------------------------------------------------------------------------------

Doing AMOEBA simplex on best individual
Done simplexing #iterations 1410, best score  22.87

Ligand is stored in gold_soln_ligand_prepared_m1_8.mol2


--------------------------------------------------------------------------------
--- GoldScore breakdown of terms                                             ---
--------------------------------------------------------------------------------
Fitness = S(hb_ext) + 1.3750*S(vdw_ext) + S(hb_int) + 1.0000*S(int)
S(int)  = S(vdw_int) + S(tors)

Internal terms are relative to best energy found (intcor).

--------------------------------------------------------------------------------


     Fitness  S(hb_ext) S(vdw_ext)  S(hb_int)    S(int)      intcor
     22.87       7.33      13.57       0.00      -3.13      -0.76

--------------------------------------------------------------------------------
--- GoldScore analysis of protein-ligand interactions                        ---
--------------------------------------------------------------------------------

  Ligand acceptor   17 Protein hydrogen 6863 donor 6812 bond energy  6.00 wt 0.97
  Ligand acceptor    9 Protein hydrogen 8066 donor 8025 bond energy  2.00 wt 0.38
  Ligand donor    8 hydrogen   22 Protein acceptor 7890 bond energy  2.00 wt 0.38

--------------------------------------------------------------------------------

--------------------------------------------------------------------------------
--- Rescoring solution                                                       ---
--------------------------------------------------------------------------------

     Score     S(PLP)   S(hbond)     S(cho)   S(metal)  DE(clash)   DE(tors)
     12.46      -8.66       1.91       0.00       0.00       1.36       0.28

Doing AMOEBA simplex on best individual
AMOEBA simplex failed to converge after 2000 iterations
Done simplexing #iterations 2000, best score  18.41

     Score     S(PLP)   S(hbond)     S(cho)   S(metal)  DE(clash)   DE(tors)
     18.41     -12.92       2.30       0.00       0.00       1.36       0.02

--------------------------------------------------------------------------------
--- CHEMPLP breakdown of terms                                               ---
--------------------------------------------------------------------------------
CHEMPLP = - ( 1.0000*S(PLP) + -3.0000*S(hbond) + -6.0000*S(metal) + -3.0000*S(cho) )

Score = CHEMPLP - 1.0000*DE(clash) - 2.0000*DE(tors)


--------------------------------------------------------------------------------


--------------------------------------------------------------------------------
--- PLP analysis of protein-ligand interactions                              ---
--------------------------------------------------------------------------------
hydrogen bonding        :      -2.99
metal                   :       0.00
buried (polar-nonpolar) :       1.44
nonpolar                :     -12.22
repulsive               :       0.35
--------------------------------------------------------------------------------


--------------------------------------------------------------------------------
--- ChemScore analysis of protein-ligand interactions                        ---
--------------------------------------------------------------------------------

* Hydrogen bonds                                                                
Protein donor 6812 hydrogen 6863 Ligand acceptor   17 bond energy  1.00 wt 1.00
Protein donor 8025 hydrogen 8066 Ligand acceptor    9 bond energy  1.00 wt 0.99
Protein donor 8111 hydrogen 8143 Ligand acceptor   11 bond energy  1.00 wt 0.30


* CH..O interactions                                                            
  CH group selection                       : activated ring CH (adjacent to hetatom)

--------------------------------------------------------------------------------


--------------------------------------------------------------------------------
--- Intra-ligand clashes                                                     ---
--------------------------------------------------------------------------------

Ligand
  7 (C7   ) -   3 (C3   ):   1.36 (dist   2.71)
--------------------------------------------------------------------------------


--------------------------------------------------------------------------------
--- Chromosome decoded                                                       ---
--------------------------------------------------------------------------------
Ligand Torsions
[   6    2    1    3]  167.62
[  12    5    1    2]   43.98
Protein Torsions
[6614 6573 6574 6575] -110.34 
[6700 6661 6662 6663] -107.98 
[8066 8025 8026 8027]  -59.39 
[8137 8104 8105 8106] -111.57 
[8200 8166 8167 8168]  178.30 
[8280 8242 8243 8244]  -41.67 
[8333 8313 8314 8315]   24.88 
[9580 9544 9543 9541] -116.50 
[10226 10185 10186 10187]    5.12 
[7988 7940 7941 7942] -122.03 
[7908 7887 7888 7889] -107.59 
[7912 7892 7891 7888] -101.42 
[6852 6804 6805 6806]  126.05 
[27193 6336 6335 6334]    6.16 
[27195 6500 6499 6498]   41.72 
[27198 6576 6575 6574]   -2.44 
[27201 7890 7889 7888]   -4.27 
[27204 8028 8027 8026] -121.16 
[27207 8107 8106 8105]  -83.91 
[27210 8169 8168 8167] -177.15 
[27213 10098 10097 10096] -129.50 
[27215 10188 10187 10186]  130.83 
[27217 8245 8244 8243]   72.44 
[27224 7943 7942 7941] -151.25 
[27226 7818 7817 7816] -151.19 
Mapping
Ligand acceptors to protein hydrogens (mapping then atom ids)
  1   6 [  9->8066]
  3   4 [ 17->6863]
Ligand hydrogens to protein acceptors (mapping then atom ids)
  1   6 [ 22->7890]
Ligand shape atoms to protein points (mapping then atom ids & coords)
Chromosome values
Integers:
   5   -1    3    5   -1   -1   -1   -1   -1   -1   -1   -1 
--------------------------------------------------------------------------------


--------------------------------------------------------------------------------
--- Diverse Solutions Stats                                                  ---
--------------------------------------------------------------------------------
  Move attempts                            :  18657
  Move failures                            :     71
  Failure rate                             :   0.004

--------------------------------------------------------------------------------

Current Ranking  3  2  1  7  5  6  4  8

--------------------------------------------------------------------------------

* GA execution time :                                                           
  total  0.3688 user  0.3377 sys  0.0311

--------------------------------------------------------------------------------
Fitness function evaluations: 19903

--------------------------------------------------------------------------------
** Docking run number  9 **
--------------------------------------------------------------------------------
  Rank fitness base is 5000.00 ; increment is 11.2233

* Initialising population(s) ...                                                
Number of constraints mappings 0
Number of constraints 0
  Population no.                           :      1
  Population size                          :    100
  Number of duplicates                     :      0
  Number of niche violations               :      0
  Number of errors                         :   1219


Doing GA, no. of population(s) 1 size 100 selection pressure 1.100000

 Operation      Fitness  S(hb_ext) S(vdw_ext)  S(hb_int)    S(int)      intcor
         0      24.59      12.91       8.64       0.00      -0.99      -0.76
       148      23.80      12.91       8.08       0.00      -0.99      -0.76
       735      21.02      13.64       5.68       0.00      -0.99      -0.76
      1413      18.45      12.87       4.53       0.00      -0.72      -0.76
--------------------------------------------------------------------------------
Best docking solution after GA:
      2000      18.37      12.86       4.53       0.00      -0.72      -0.76

#ops:       2000 #mutates:   1034 #cross:      966 #dups:       537 
#niche:      958 #errors:     161 
--------------------------------------------------------------------------------

Doing AMOEBA simplex on best individual
AMOEBA simplex failed to converge after 2000 iterations
Done simplexing #iterations 2000, best score  27.68

Ligand is stored in gold_soln_ligand_prepared_m1_9.mol2


--------------------------------------------------------------------------------
--- GoldScore breakdown of terms                                             ---
--------------------------------------------------------------------------------
Fitness = S(hb_ext) + 1.3750*S(vdw_ext) + S(hb_int) + 1.0000*S(int)
S(int)  = S(vdw_int) + S(tors)

Internal terms are relative to best energy found (intcor).

--------------------------------------------------------------------------------


     Fitness  S(hb_ext) S(vdw_ext)  S(hb_int)    S(int)      intcor
     27.68      12.30      11.57       0.00      -0.54      -0.76

--------------------------------------------------------------------------------
--- GoldScore analysis of protein-ligand interactions                        ---
--------------------------------------------------------------------------------

  Ligand acceptor    9 Protein hydrogen 6863 donor 6812 bond energy  6.00 wt 1.00
  Ligand acceptor   11 Protein hydrogen 8143 donor 8111 bond energy  2.00 wt 0.15
  Ligand donor   10 hydrogen   23 Protein acceptor 8112 bond energy  6.00 wt 1.00

--------------------------------------------------------------------------------

--------------------------------------------------------------------------------
--- Rescoring solution                                                       ---
--------------------------------------------------------------------------------

     Score     S(PLP)   S(hbond)     S(cho)   S(metal)  DE(clash)   DE(tors)
     -0.43       2.93       1.64       0.00       0.00       0.00       1.21

Doing AMOEBA simplex on best individual
AMOEBA simplex failed to converge after 2000 iterations
Done simplexing #iterations 2000, best score  21.16

     Score     S(PLP)   S(hbond)     S(cho)   S(metal)  DE(clash)   DE(tors)
     21.16     -14.38       2.94       0.00       0.00       0.00       1.03

--------------------------------------------------------------------------------
--- CHEMPLP breakdown of terms                                               ---
--------------------------------------------------------------------------------
CHEMPLP = - ( 1.0000*S(PLP) + -3.0000*S(hbond) + -6.0000*S(metal) + -3.0000*S(cho) )

Score = CHEMPLP - 1.0000*DE(clash) - 2.0000*DE(tors)


--------------------------------------------------------------------------------


--------------------------------------------------------------------------------
--- PLP analysis of protein-ligand interactions                              ---
--------------------------------------------------------------------------------
hydrogen bonding        :      -4.00
metal                   :       0.00
buried (polar-nonpolar) :      -1.94
nonpolar                :      -9.36
repulsive               :       0.47
--------------------------------------------------------------------------------


--------------------------------------------------------------------------------
--- ChemScore analysis of protein-ligand interactions                        ---
--------------------------------------------------------------------------------

* Hydrogen bonds                                                                
Ligand donor   10 hydrogen   23 Protein acceptor 8112 bond energy  1.00 wt 1.00
Protein donor 6812 hydrogen 6863 Ligand acceptor    9 bond energy  1.00 wt 1.00
Protein donor 8111 hydrogen 8143 Ligand acceptor   11 bond energy  1.00 wt 0.94


* CH..O interactions                                                            
  CH group selection                       : activated ring CH (adjacent to hetatom)

--------------------------------------------------------------------------------


--------------------------------------------------------------------------------
--- Intra-ligand clashes                                                     ---
--------------------------------------------------------------------------------

Ligand
--------------------------------------------------------------------------------


--------------------------------------------------------------------------------
--- Chromosome decoded                                                       ---
--------------------------------------------------------------------------------
Ligand Torsions
[   6    2    1    3]   98.53
[  12    5    1    2] -168.73
Protein Torsions
[6614 6573 6574 6575]  166.36 
[6700 6661 6662 6663] -145.08 
[8066 8025 8026 8027]  -24.49 
[8137 8104 8105 8106]   19.30 
[8200 8166 8167 8168]  -81.38 
[8280 8242 8243 8244]  -93.37 
[8333 8313 8314 8315]  -56.18 
[9580 9544 9543 9541]   48.80 
[10226 10185 10186 10187]   72.95 
[7988 7940 7941 7942] -134.56 
[7908 7887 7888 7889]  -22.33 
[7912 7892 7891 7888]  -77.47 
[6852 6804 6805 6806]   60.74 
[27193 6336 6335 6334]  -58.07 
[27195 6500 6499 6498]   70.28 
[27198 6576 6575 6574]  148.25 
[27201 7890 7889 7888]  159.38 
[27204 8028 8027 8026]   11.28 
[27207 8107 8106 8105] -127.60 
[27210 8169 8168 8167]   61.52 
[27213 10098 10097 10096]   65.62 
[27215 10188 10187 10186]   81.12 
[27217 8245 8244 8243]  149.65 
[27224 7943 7942 7941] -172.09 
[27226 7818 7817 7816] -107.31 
Mapping
Ligand acceptors to protein hydrogens (mapping then atom ids)
  1   4 [  9->6863]
  2   8 [ 11->8143]
Ligand hydrogens to protein acceptors (mapping then atom ids)
  2  11 [ 23->8112]
Ligand shape atoms to protein points (mapping then atom ids & coords)
Chromosome values
Integers:
   3    7   -1   -1   10   -1   -1   -1   -1   -1   -1   -1 
--------------------------------------------------------------------------------


--------------------------------------------------------------------------------
--- Diverse Solutions Stats                                                  ---
--------------------------------------------------------------------------------
  Move attempts                            :  19264
  Move failures                            :     78
  Failure rate                             :   0.004

--------------------------------------------------------------------------------

Current Ranking  3  2  1  7  5  6  4  9  8

--------------------------------------------------------------------------------

* GA execution time :                                                           
  total  0.3849 user  0.3760 sys  0.0089

--------------------------------------------------------------------------------
Fitness function evaluations: 20578

--------------------------------------------------------------------------------
** Docking run number 10 **
--------------------------------------------------------------------------------
  Rank fitness base is 5000.00 ; increment is 11.2233

* Initialising population(s) ...                                                
Number of constraints mappings 0
Number of constraints 0
  Population no.                           :      1
  Population size                          :    100
  Number of duplicates                     :      0
  Number of niche violations               :      0
  Number of errors                         :   1235


Doing GA, no. of population(s) 1 size 100 selection pressure 1.100000

 Operation      Fitness  S(hb_ext) S(vdw_ext)  S(hb_int)    S(int)      intcor
         0      23.02       0.60      19.42       0.00     -21.39      -0.76
Reordering...
        60      21.18       2.55      13.79       0.00      -1.54      -0.76
       118      21.19       2.55      13.74       0.00      -1.17      -0.76
       173      21.28       1.58      14.81       0.00      -2.79      -0.76
       250      21.48       3.97      13.06       0.00      -1.71      -0.76
       614      18.00       3.43      10.98       0.00      -1.36      -0.76
       618      18.47       1.90      12.82       0.00      -2.79      -0.76
      1312      14.81       1.70      10.18       0.00      -1.09      -0.76
--------------------------------------------------------------------------------
Best docking solution after GA:
      2000      13.86       1.60       9.71       0.00      -1.09      -0.76

#ops:       2000 #mutates:   1006 #cross:      994 #dups:       514 
#niche:      919 #errors:     159 
--------------------------------------------------------------------------------

Doing AMOEBA simplex on best individual
Done simplexing #iterations 1548, best score  19.37

Ligand is stored in gold_soln_ligand_prepared_m1_10.mol2


--------------------------------------------------------------------------------
--- GoldScore breakdown of terms                                             ---
--------------------------------------------------------------------------------
Fitness = S(hb_ext) + 1.3750*S(vdw_ext) + S(hb_int) + 1.0000*S(int)
S(int)  = S(vdw_int) + S(tors)

Internal terms are relative to best energy found (intcor).

--------------------------------------------------------------------------------


     Fitness  S(hb_ext) S(vdw_ext)  S(hb_int)    S(int)      intcor
     19.37       2.20      13.25       0.00      -1.06      -0.76

--------------------------------------------------------------------------------
--- GoldScore analysis of protein-ligand interactions                        ---
--------------------------------------------------------------------------------

  Ligand acceptor   17 Protein hydrogen 8066 donor 8025 bond energy  2.00 wt 0.09
  Ligand acceptor   11 Protein hydrogen 8144 donor 8111 bond energy  2.00 wt 0.01
  Ligand donor   10 hydrogen   23 Protein acceptor 8028 bond energy  2.00 wt 1.00

--------------------------------------------------------------------------------

--------------------------------------------------------------------------------
--- Rescoring solution                                                       ---
--------------------------------------------------------------------------------

     Score     S(PLP)   S(hbond)     S(cho)   S(metal)  DE(clash)   DE(tors)
     14.99     -12.85       1.48       0.00       0.00       0.38       0.96

Doing AMOEBA simplex on best individual
AMOEBA simplex failed to converge after 2000 iterations
Done simplexing #iterations 2000, best score  20.82

     Score     S(PLP)   S(hbond)     S(cho)   S(metal)  DE(clash)   DE(tors)
     20.82     -17.31       1.88       0.00       0.00       0.08       1.02

--------------------------------------------------------------------------------
--- CHEMPLP breakdown of terms                                               ---
--------------------------------------------------------------------------------
CHEMPLP = - ( 1.0000*S(PLP) + -3.0000*S(hbond) + -6.0000*S(metal) + -3.0000*S(cho) )

Score = CHEMPLP - 1.0000*DE(clash) - 2.0000*DE(tors)


--------------------------------------------------------------------------------


--------------------------------------------------------------------------------
--- PLP analysis of protein-ligand interactions                              ---
--------------------------------------------------------------------------------
hydrogen bonding        :      -3.26
metal                   :       0.00
buried (polar-nonpolar) :      -3.22
nonpolar                :     -11.80
repulsive               :       0.35
--------------------------------------------------------------------------------


--------------------------------------------------------------------------------
--- ChemScore analysis of protein-ligand interactions                        ---
--------------------------------------------------------------------------------

* Hydrogen bonds                                                                
Protein donor 8025 hydrogen 8066 Ligand acceptor   17 bond energy  1.00 wt 0.88
Protein donor 8111 hydrogen 8144 Ligand acceptor   11 bond energy  1.00 wt 1.00


* CH..O interactions                                                            
  CH group selection                       : activated ring CH (adjacent to hetatom)

--------------------------------------------------------------------------------


--------------------------------------------------------------------------------
--- Intra-ligand clashes                                                     ---
--------------------------------------------------------------------------------

Ligand
  6 (C6   ) -   3 (C3   ):   0.08 (dist   2.75)
--------------------------------------------------------------------------------


--------------------------------------------------------------------------------
--- Chromosome decoded                                                       ---
--------------------------------------------------------------------------------
Ligand Torsions
[   6    2    1    3]  -22.51
[  12    5    1    2]  171.32
Protein Torsions
[6614 6573 6574 6575]  100.39 
[6700 6661 6662 6663]  168.69 
[8066 8025 8026 8027]   30.60 
[8137 8104 8105 8106]   54.89 
[8200 8166 8167 8168]  -86.33 
[8280 8242 8243 8244]  121.70 
[8333 8313 8314 8315]  -53.67 
[9580 9544 9543 9541]  176.02 
[10226 10185 10186 10187]  131.48 
[7988 7940 7941 7942]  128.80 
[7908 7887 7888 7889]  127.43 
[7912 7892 7891 7888]   -9.55 
[6852 6804 6805 6806]  -39.67 
[27193 6336 6335 6334]   -7.16 
[27195 6500 6499 6498]  -10.86 
[27198 6576 6575 6574]  -83.57 
[27201 7890 7889 7888]  -40.31 
[27204 8028 8027 8026]  -89.28 
[27207 8107 8106 8105]   11.65 
[27210 8169 8168 8167]  -84.52 
[27213 10098 10097 10096] -171.60 
[27215 10188 10187 10186]  117.80 
[27217 8245 8244 8243]  -83.13 
[27224 7943 7942 7941]  144.95 
[27226 7818 7817 7816]  -51.66 
Mapping
Ligand acceptors to protein hydrogens (mapping then atom ids)
  2   9 [ 11->8144]
  3   6 [ 17->8066]
Ligand hydrogens to protein acceptors (mapping then atom ids)
  2   8 [ 23->8028]
Ligand shape atoms to protein points (mapping then atom ids & coords)
Chromosome values
Integers:
  -1    8    5   -1    7   -1   -1   -1   -1   -1   -1   -1 
--------------------------------------------------------------------------------


--------------------------------------------------------------------------------
--- Diverse Solutions Stats                                                  ---
--------------------------------------------------------------------------------
  Move attempts                            :  18921
  Move failures                            :     58
  Failure rate                             :   0.003

--------------------------------------------------------------------------------

Current Ranking  3  2  1  7  5  6  4  9  8 10

--------------------------------------------------------------------------------

* GA execution time :                                                           
  total  0.3885 user  0.3683 sys  0.0202

--------------------------------------------------------------------------------
Fitness function evaluations: 20265

--------------------------------------------------------------------------------
--- Ranking analysis                                                         ---
--------------------------------------------------------------------------------


* Final ranked order of GA solutions:                                           
   3  2  1  7  5  6  4  9  8 10 

  _______________________________
  RMSD Matrix of RANKED solutions

        2    3    4    5    6    7    8    9   10  

   1 :  6.6  6.8  3.9  7.4  7.7  7.8  8.1  4.1  2.8
   2 :       0.3  6.9  4.2  3.7  4.2  3.9  3.9  5.2
   3 :            7.0  4.2  3.7  4.2  3.8  4.0  5.3
   4 :                 7.9  8.9  8.6  9.2  5.1  5.3
   5 :                      3.7  1.1  3.8  5.6  5.6
   6 :                           3.4  0.8  5.1  5.8
   7 :                                3.4  6.0  6.0
   8 :                                     5.4  6.0
   9 :                                          2.7

  Clustering method                        : complete linkage
  Structure ids in cluster table           : rank nos.
  Ordering of clusters and their members   : by rank (order if from rms_analysis)

  Distance | Clusters
   0.31    |  1 |  2  3 |  4 |  5 |  6 |  7 |  8 |  9 | 10 |
   0.81    |  1 |  2  3 |  4 |  5 |  6  8 |  7 |  9 | 10 |
   1.10    |  1 |  2  3 |  4 |  5  7 |  6  8 |  9 | 10 |
   2.75    |  1 |  2  3 |  4 |  5  7 |  6  8 |  9 10 |
   3.79    |  1 |  2  3 |  4 |  5  6  7  8 |  9 10 |
   3.88    |  1  4 |  2  3 |  5  6  7  8 |  9 10 |
   4.24    |  1  4 |  2  3  5  6  7  8 |  9 10 |
   5.25    |  1  4  9 10 |  2  3  5  6  7  8 |
   9.23    |  1  2  3  4  5  6  7  8  9 10 |
  Finished Docking Ligand                  : /mnt/c/Users/ricca/Desktop/Documents/1_Coding/1_Script_Github/Reverse_Docking_Explore_V3/4d1n/ligand_prepared.mol2
--------------------------------------------------------------------------------

  Relative_Ligand_Energy (best encountered) :  -0.756
  Relative_Ligand_Energy: fitness values have been corrected using this amount
