
--------------------------------------------------------------------------------
--- Ligand                                                                   ---
--------------------------------------------------------------------------------
  Ligand loaded from file                  : /mnt/c/Users/ricca/Desktop/Documents/1_Coding/1_Script_Github/Reverse_Docking_Explore_V3/7rmi_cavity/ligand_prepared.mol2
  Ligand name                              :  
  "CT1002167954                                                             "

--------------------------------------------------------------------------------
  N.plc donors                             : 
  none found

  Acidic nitrogen acceptors                : 
  none found
  Sulfur acceptors                         :
  none found


  Donor atoms                              :      2
  8   10  
  Acceptor atoms                           :      3
  9   11  17  

  Hydrogens                                :  (n = 2)
  22   23   

  Lone pairs added to molecule             :      6
  Numbering                                : from 30 to 35

--------------------------------------------------------------------------------
--- Postprocessing of typing                                                 ---
--------------------------------------------------------------------------------
  Fragment file                            : /home/hitesit/CCDC/Discovery_2022/GOLD/gold/rotatable_bond_override.mol2
  acylurea fragment                        : 2 matches
  Ligand bond 15-8  set to flip
  Ligand bond 15-10  set to flip
  Ligand bond 15-10  set to 1
  Ligand bond 15-8  set to 1
  Ligand bond 10-4  set to flip
  Ligand bond 8-3  set to flip
  thioacylthiourea fragment                : no matches
  acylthiourea fragment                    : no matches
  thioacylurea fragment                    : no matches
  diarylamine fragment >C.ar-NH-C.ar<      : no matches
  sec-amine (1) fragment                   : no matches
  sec-amine (2) fragment                   : no matches
  sec-amine (3) fragment                   : no matches
  carboxylic ester                         : no matches

* Rotatable bonds in /mnt/c/Users/ricca/D  :
  [   1    2] [   1    5] 
  No. of rotatable bonds                   :      2


* Reading torsional distributions from file:
  /home/hitesit/CCDC/Discovery_2022/GOLD/gold/gold.tordist
  No. of bins in torsional distributions   :     36
  Minimum size of largest peak             :      0
  Removing high energy torsions            : on
  Delta E set to                           :   2.500

* Fragments found in /mnt/c/Users/ricca/D  :
  atom   2: benzene
  atom   6: benzene
  atom   7: benzene
  atom  13: benzene
  atom  14: benzene
  atom  16: benzene


* Checking torsion distributions:                                               
  No. of matched torsions                  :      0

--------------------------------------------------------------------------------
--- Shape fitting atoms selection (hydrophobic atoms)                        ---
--------------------------------------------------------------------------------
  Molecule                                 : /mnt/c/Users/ricca/Desktop/Documents/1_Coding/1_Script_Github/Reverse_Docking_Explore_V3/7rmi_cavity/ligand_prepared.mol2
  Selection                                : carbons only
  Atom numbers                             :  (n = 7)
  5    6    7    12   13   14   16   

--------------------------------------------------------------------------------
--- Diverse Solutions Setup                                                  ---
--------------------------------------------------------------------------------
  Cluster size                             :      2
  RMSD                                     :   2.000
  Refinement                               :      0


--------------------------------------------------------------------------------
--- ChemScore ligand setup summary                                           ---
--------------------------------------------------------------------------------
  ChemScore ligand acceptors               :      3
  9 11 17 
  ChemScore ligand donors                  :      2
  8 ( 22  ) 10 ( 23  ) 
  ChemScore ligand CH donors               :      0
  

  ChemScore ligand lipophilic atoms        :  (n = 9)
  1    2    5    6    7    12   13   14   16   

  ChemScore ligand rotatable bonds         :      2
  1   (C1 ) - 2   (C2 ): SP3_SP2_BOND
  1   (C1 ) - 5   (C5 ): SP3_SP3_BOND

--------------------------------------------------------------------------------
--- PLP ligand setup summary                                                 ---
--------------------------------------------------------------------------------
    1    C1   C.3 NONPOLAR
    2    C2  C.ar NONPOLAR
    3    C3   C.2 NONPOLAR
    4    C4   C.2 NONPOLAR
    5    C5   C.3 NONPOLAR
    6    C6  C.ar NONPOLAR
    7    C7  C.ar NONPOLAR
    8    N8  N.am DONOR
    9    O9   O.2 ACCEPTOR
   10   N10  N.am DONOR
   11   O11   O.2 ACCEPTOR
   12   C12   C.3 NONPOLAR
   13   C13  C.ar NONPOLAR
   14   C14  C.ar NONPOLAR
   15   C15   C.2 NONPOLAR
   16   C16  C.ar NONPOLAR
   17   O17   O.2 ACCEPTOR

--------------------------------------------------------------------------------
--- Automatic parameter setting                                              ---
--------------------------------------------------------------------------------
  Contribution base                        :   2500
  Contribution per rotatable bond          :   6000
  Contribution per df                      :   4000
  Contribution per water                   :  10000
  Ligand rotatable bonds                   :      2
  Protein flexible side chain bonds        :      0
  Total rotatable bonds                    :      2
  Hydrophobic vol ratio (P/L)              :  10.685
  Base multiplier (polar)                  :   1.000
  Base multiplier (apolar)                 :  14.959
  Base contribution                        : 37500.000
  Fitting points                           :      5
  Estimated maxops needed (optimal)        :  50000
  Autoscale factor (in percent)            :     10
  Scaled maxops                            :   5250

--------------------------------------------------------------------------------

* Population settings                                                           
  maxops                                   :   5250
  popsiz                                   :    100
  select_pressure                          :   1.100
  n_islands                                :      1
  niche_siz                                :      2

* GA settings                                                                   
  pt_crosswt                               :    100
  allele_mutatewt                          :    100
  migratewt                                :      0

* Search settings                                                               
  start_vdw_linear_cutoff                  :   6.000
  initial_virtual_pt_match_max             :   3.000
  Scaling of internal VDW energy           : log scale from  0.2 to    1
                                             over 3937 ops
  Sampling interval (operations)           :     52
  Scaling of virtual pt maximum length     : linear scale from    3 to    2
                                             over  3937 ops
  Sampling interval (operations)           :    157
  Scaling of 4-8 potential cutoff          : log scale from    6 to 1.2e+02
                                             over 3937 ops
  Sampling interval (operations)           :    157

--------------------------------------------------------------------------------

* Ligand initialisation time :                                                  
  total  0.0140 user  0.0041 sys  0.0099

--------------------------------------------------------------------------------

--------------------------------------------------------------------------------
** Docking run number  1 **
--------------------------------------------------------------------------------
  Rank fitness base is 5000.00 ; increment is 11.2233

* Initialising population(s) ...                                                
Number of constraints mappings 0
Number of constraints 0
  Population no.                           :      1
  Population size                          :    100
  Number of duplicates                     :      0
  Number of niche violations               :      0
  Number of errors                         : 597952


Doing GA, no. of population(s) 1 size 100 selection pressure 1.100000

 Operation      Fitness  S(hb_ext) S(vdw_ext)  S(hb_int)    S(int)      intcor
         0      34.18       2.78      23.96       0.00      -7.70      -0.89
       275      31.39       2.73      21.24       0.00      -2.46      -0.89
       401      31.22       0.90      23.71       0.00      -9.82      -0.89
       639      30.30       1.11      21.57       0.00      -1.83      -0.89
       709      32.31       1.20      23.09       0.00      -2.42      -0.89
      1213      33.07       1.09      23.75       0.00      -2.05      -0.89
      1907      31.15       1.20      22.44       0.00      -2.11      -0.83
      2020      32.20       1.77      22.30       0.00      -0.52      -0.83
      2047      31.98       1.77      22.46       0.00      -1.47      -0.83
      2101      31.99       1.77      22.38       0.00      -1.17      -0.83
      2393      33.29       1.56      23.89       0.00      -2.11      -0.83
      3218      31.94       1.56      23.02       0.00      -1.73      -0.83
Reordering...
      3611      30.71       2.00      21.58       0.00      -1.10      -0.83
      4164      30.58       1.54      21.92       0.00      -1.10      -0.83
      4198      31.85       1.55      24.16       0.00      -2.92      -0.83
      4395      32.16       1.77      22.90       0.00      -1.10      -0.83
      4573      33.69       1.38      24.03       0.00      -0.73      -0.83
      4813      33.87       1.60      23.99       0.00      -0.73      -0.83
      5232      34.05       1.77      24.17       0.00      -0.96      -0.83
--------------------------------------------------------------------------------
Best docking solution after GA:
      5250      34.05       1.77      24.17       0.00      -0.96      -0.83

#ops:       5250 #mutates:   2664 #cross:     2586 #dups:      1045 
#niche:     2867 #errors:    1217 
--------------------------------------------------------------------------------

Doing AMOEBA simplex on best individual
Done simplexing #iterations 632, best score  35.76

Ligand is stored in gold_soln_ligand_prepared_m1_1.mol2


--------------------------------------------------------------------------------
--- GoldScore breakdown of terms                                             ---
--------------------------------------------------------------------------------
Fitness = S(hb_ext) + 1.3750*S(vdw_ext) + S(hb_int) + 1.0000*S(int)
S(int)  = S(vdw_int) + S(tors)

Internal terms are relative to best energy found (intcor).

--------------------------------------------------------------------------------


     Fitness  S(hb_ext) S(vdw_ext)  S(hb_int)    S(int)      intcor
     35.76       1.67      25.45       0.00      -0.90      -0.83

--------------------------------------------------------------------------------
--- GoldScore analysis of protein-ligand interactions                        ---
--------------------------------------------------------------------------------

  Ligand acceptor   17 Protein hydrogen 4762 donor 4756 bond energy  2.00 wt 0.83

--------------------------------------------------------------------------------

--------------------------------------------------------------------------------
--- Rescoring solution                                                       ---
--------------------------------------------------------------------------------

     Score     S(PLP)   S(hbond)     S(cho)   S(metal)  DE(clash)   DE(tors)
     25.77     -24.56       1.00       0.00       0.00       0.00       0.89

Doing AMOEBA simplex on best individual
Done simplexing #iterations 825, best score  34.35

     Score     S(PLP)   S(hbond)     S(cho)   S(metal)  DE(clash)   DE(tors)
     34.35     -33.57       1.00       0.00       0.00       0.44       0.89

--------------------------------------------------------------------------------
--- CHEMPLP breakdown of terms                                               ---
--------------------------------------------------------------------------------
CHEMPLP = - ( 1.0000*S(PLP) + -3.0000*S(hbond) + -6.0000*S(metal) + -3.0000*S(cho) )

Score = CHEMPLP - 1.0000*DE(clash) - 2.0000*DE(tors)


--------------------------------------------------------------------------------


--------------------------------------------------------------------------------
--- PLP analysis of protein-ligand interactions                              ---
--------------------------------------------------------------------------------
hydrogen bonding        :      -2.30
metal                   :       0.00
buried (polar-nonpolar) :      -9.05
nonpolar                :     -25.24
repulsive               :       2.38
--------------------------------------------------------------------------------


--------------------------------------------------------------------------------
--- ChemScore analysis of protein-ligand interactions                        ---
--------------------------------------------------------------------------------

* Hydrogen bonds                                                                
Protein donor 4756 hydrogen 4762 Ligand acceptor   17 bond energy  1.00 wt 1.00


* CH..O interactions                                                            
  CH group selection                       : activated ring CH (adjacent to hetatom)

--------------------------------------------------------------------------------


--------------------------------------------------------------------------------
--- Intra-ligand clashes                                                     ---
--------------------------------------------------------------------------------

Ligand
  7 (C7   ) -   4 (C4   ):   0.44 (dist   2.74)
--------------------------------------------------------------------------------


--------------------------------------------------------------------------------
--- Chromosome decoded                                                       ---
--------------------------------------------------------------------------------
Ligand Torsions
[   6    2    1    3]   79.51
[  12    5    1    2] -169.55
Protein Torsions
[4998 4979 4980 4981] -178.63 
[5077 5072 5071 5069]   86.78 
[5036 5025 5024 5021] -118.63 
[5037 5026 5027 5028]   49.25 
[5041 5031 5030 5027] -134.54 
[5133 5126 5127 5128]   43.38 
[14305 4982 4981 4980]   23.88 
[14326 5029 5028 5027]   37.82 
Mapping
Ligand acceptors to protein hydrogens (mapping then atom ids)
  3   5 [ 17->4762]
Ligand hydrogens to protein acceptors (mapping then atom ids)
Ligand shape atoms to protein points (mapping then atom ids & coords)
  1 11173 [  5->(137.250 145.500 165.000)]
  3 12186 [  7->(137.500 145.750 168.000)]
  4 13690 [ 12->(138.000 142.250 164.750)]
Chromosome values
Integers:
  -1   -1    4   -1   -1 11172   -1 12185 13689   -1   -1   -1 
--------------------------------------------------------------------------------


--------------------------------------------------------------------------------
--- Diverse Solutions Stats                                                  ---
--------------------------------------------------------------------------------
  Move attempts                            :  21705
  Move failures                            :      0
  Failure rate                             :   0.000

--------------------------------------------------------------------------------

Current Ranking  1

--------------------------------------------------------------------------------

* GA execution time :                                                           
  total  2.2440 user  2.2139 sys  0.0301

--------------------------------------------------------------------------------
Fitness function evaluations: 620897

--------------------------------------------------------------------------------
** Docking run number  2 **
--------------------------------------------------------------------------------
  Rank fitness base is 5000.00 ; increment is 11.2233

* Initialising population(s) ...                                                
Number of constraints mappings 0
Number of constraints 0
  Population no.                           :      1
  Population size                          :    100
  Number of duplicates                     :      0
  Number of niche violations               :      0
  Number of errors                         : 587547


Doing GA, no. of population(s) 1 size 100 selection pressure 1.100000

 Operation      Fitness  S(hb_ext) S(vdw_ext)  S(hb_int)    S(int)      intcor
         0      28.26       0.09      21.12       0.00      -4.35      -0.76
       243      28.42       0.00      22.62       0.00     -12.30      -0.76
       298      28.48       0.00      21.79       0.00      -6.64      -0.76
       299      29.54       0.15      21.65       0.00      -1.74      -0.76
       443      29.80       1.46      21.76       0.00      -6.64      -0.76
       558      29.46       0.31      23.07       0.00     -10.43      -0.76
       602      30.27       1.33      21.58       0.00      -2.92      -0.76
       651      29.84       1.31      21.30       0.00      -2.92      -0.76
       764      30.34       1.31      21.37       0.00      -1.30      -0.76
       812      31.38       1.51      22.90       0.00      -5.88      -0.76
      1062      31.17       1.30      23.03       0.00      -5.88      -0.76
      1074      31.81       2.00      22.99       0.00      -5.88      -0.76
      1110      31.68       0.78      23.00       0.00      -2.34      -0.76
      1121      34.12       0.90      24.61       0.00      -1.97      -0.76
Reordering...
      1413      33.83       0.75      24.62       0.00      -2.16      -0.76
      1438      33.86       0.90      24.36       0.00      -1.48      -0.76
Reordering...
      1570      33.77       0.73      24.62       0.00      -2.16      -0.76
      1697      34.55       0.97      24.55       0.00      -0.46      -0.76
      1854      34.65       0.77      24.91       0.00      -0.89      -0.76
      1868      34.73       0.70      25.01       0.00      -0.87      -0.76
      2342      34.94       0.84      25.13       0.00      -0.89      -0.76
      2846      34.89       0.80      25.07       0.00      -0.60      -0.76
      3230      34.86       0.78      25.07       0.00      -0.53      -0.76
--------------------------------------------------------------------------------
Best docking solution after GA:
      5250      34.64       0.70      25.07       0.00      -0.53      -0.76

#ops:       5250 #mutates:   2609 #cross:     2641 #dups:      1315 
#niche:     2950 #errors:    1020 
--------------------------------------------------------------------------------

Doing AMOEBA simplex on best individual
Done simplexing #iterations 776, best score  36.34

Ligand is stored in gold_soln_ligand_prepared_m1_2.mol2


--------------------------------------------------------------------------------
--- GoldScore breakdown of terms                                             ---
--------------------------------------------------------------------------------
Fitness = S(hb_ext) + 1.3750*S(vdw_ext) + S(hb_int) + 1.0000*S(int)
S(int)  = S(vdw_int) + S(tors)

Internal terms are relative to best energy found (intcor).

--------------------------------------------------------------------------------


     Fitness  S(hb_ext) S(vdw_ext)  S(hb_int)    S(int)      intcor
     36.34       0.43      26.22       0.00      -0.13      -0.76

--------------------------------------------------------------------------------
--- GoldScore analysis of protein-ligand interactions                        ---
--------------------------------------------------------------------------------

  Ligand acceptor   17 Protein hydrogen 4762 donor 4756 bond energy  2.00 wt 0.21

--------------------------------------------------------------------------------

--------------------------------------------------------------------------------
--- Rescoring solution                                                       ---
--------------------------------------------------------------------------------

     Score     S(PLP)   S(hbond)     S(cho)   S(metal)  DE(clash)   DE(tors)
     15.24     -17.63       0.00       0.00       0.00       0.00       1.20

Doing AMOEBA simplex on best individual
Done simplexing #iterations 931, best score  24.93

     Score     S(PLP)   S(hbond)     S(cho)   S(metal)  DE(clash)   DE(tors)
     24.93     -26.95       0.00       0.00       0.00       0.00       1.01

--------------------------------------------------------------------------------
--- CHEMPLP breakdown of terms                                               ---
--------------------------------------------------------------------------------
CHEMPLP = - ( 1.0000*S(PLP) + -3.0000*S(hbond) + -6.0000*S(metal) + -3.0000*S(cho) )

Score = CHEMPLP - 1.0000*DE(clash) - 2.0000*DE(tors)


--------------------------------------------------------------------------------


--------------------------------------------------------------------------------
--- PLP analysis of protein-ligand interactions                              ---
--------------------------------------------------------------------------------
hydrogen bonding        :      -2.94
metal                   :       0.00
buried (polar-nonpolar) :      -4.24
nonpolar                :     -24.17
repulsive               :       3.35
--------------------------------------------------------------------------------


--------------------------------------------------------------------------------
--- ChemScore analysis of protein-ligand interactions                        ---
--------------------------------------------------------------------------------

* Hydrogen bonds                                                                


* CH..O interactions                                                            
  CH group selection                       : activated ring CH (adjacent to hetatom)

--------------------------------------------------------------------------------


--------------------------------------------------------------------------------
--- Intra-ligand clashes                                                     ---
--------------------------------------------------------------------------------

Ligand
--------------------------------------------------------------------------------


--------------------------------------------------------------------------------
--- Chromosome decoded                                                       ---
--------------------------------------------------------------------------------
Ligand Torsions
[   6    2    1    3]  -80.64
[  12    5    1    2] -170.96
Protein Torsions
[4998 4979 4980 4981]  -50.78 
[5077 5072 5071 5069]  -95.91 
[5036 5025 5024 5021]   62.70 
[5037 5026 5027 5028]  -20.02 
[5041 5031 5030 5027]  -34.70 
[5133 5126 5127 5128]   53.80 
[14305 4982 4981 4980]   -8.40 
[14326 5029 5028 5027]  122.22 
Mapping
Ligand acceptors to protein hydrogens (mapping then atom ids)
  3   5 [ 17->4762]
Ligand hydrogens to protein acceptors (mapping then atom ids)
Ligand shape atoms to protein points (mapping then atom ids & coords)
  1 10067 [  5->(137.000 144.000 166.250)]
  2 11974 [  6->(137.500 143.250 165.250)]
  3  6151 [  7->(136.000 141.750 164.750)]
  4  7202 [ 12->(136.250 144.500 167.750)]
  7  6050 [ 16->(136.000 140.000 165.000)]
Chromosome values
Integers:
  -1   -1    4   -1   -1 10066 11973 6150 7201   -1   -1 6049 
--------------------------------------------------------------------------------


--------------------------------------------------------------------------------
--- Diverse Solutions Stats                                                  ---
--------------------------------------------------------------------------------
  Move attempts                            :  22123
  Move failures                            :      0
  Failure rate                             :   0.000

--------------------------------------------------------------------------------

Current Ranking  2  1

--------------------------------------------------------------------------------

* GA execution time :                                                           
  total  2.2009 user  2.1810 sys  0.0199

--------------------------------------------------------------------------------
Fitness function evaluations: 610713

--------------------------------------------------------------------------------
** Docking run number  3 **
--------------------------------------------------------------------------------
  Rank fitness base is 5000.00 ; increment is 11.2233

* Initialising population(s) ...                                                
Number of constraints mappings 0
Number of constraints 0
  Population no.                           :      1
  Population size                          :    100
  Number of duplicates                     :      0
  Number of niche violations               :      0
  Number of errors                         : 606859


Doing GA, no. of population(s) 1 size 100 selection pressure 1.100000

 Operation      Fitness  S(hb_ext) S(vdw_ext)  S(hb_int)    S(int)      intcor
         0      31.20       0.97      23.82       0.00     -12.59      -0.76
       594      28.26       1.88      19.96       0.00      -4.22      -0.76
       630      27.81       2.00      20.50       0.00      -9.23      -0.76
       722      29.01       1.41      23.62       0.00     -18.46      -0.76
Reordering...
      1040      26.76       2.00      20.06       0.00      -9.23      -0.76
      1063      28.59       1.50      21.88       0.00      -9.75      -0.76
      1197      28.67       1.71      21.00       0.00      -5.87      -0.76
      1314      29.45       0.43      21.81       0.00      -2.82      -0.76
      1344      30.98       0.00      23.51       0.00      -3.96      -0.76
      1871      30.97       1.97      23.17       0.00      -6.77      -0.76
      2396      30.63       2.00      23.44       0.00      -6.77      -0.76
      3086      31.56       2.00      21.72       0.00      -0.44      -0.76
      4454      31.83       1.87      22.37       0.00      -0.80      -0.76
      4941      31.86       1.87      22.37       0.00      -0.77      -0.76
      5104      32.06       2.00      22.21       0.00      -0.48      -0.76
      5128      32.21       1.95      22.48       0.00      -0.65      -0.76
--------------------------------------------------------------------------------
Best docking solution after GA:
      5250      32.21       1.95      22.48       0.00      -0.65      -0.76

#ops:       5250 #mutates:   2599 #cross:     2651 #dups:      1059 
#niche:     2655 #errors:    1332 
--------------------------------------------------------------------------------

Doing AMOEBA simplex on best individual
Done simplexing #iterations 653, best score  34.90

Ligand is stored in gold_soln_ligand_prepared_m1_3.mol2


--------------------------------------------------------------------------------
--- GoldScore breakdown of terms                                             ---
--------------------------------------------------------------------------------
Fitness = S(hb_ext) + 1.3750*S(vdw_ext) + S(hb_int) + 1.0000*S(int)
S(int)  = S(vdw_int) + S(tors)

Internal terms are relative to best energy found (intcor).

--------------------------------------------------------------------------------


     Fitness  S(hb_ext) S(vdw_ext)  S(hb_int)    S(int)      intcor
     34.90       1.96      24.14       0.00      -0.24      -0.76

--------------------------------------------------------------------------------
--- GoldScore analysis of protein-ligand interactions                        ---
--------------------------------------------------------------------------------

  Ligand acceptor   17 Protein hydrogen 4762 donor 4756 bond energy  2.00 wt 0.98

--------------------------------------------------------------------------------

--------------------------------------------------------------------------------
--- Rescoring solution                                                       ---
--------------------------------------------------------------------------------

     Score     S(PLP)   S(hbond)     S(cho)   S(metal)  DE(clash)   DE(tors)
     20.77     -21.19       0.70       0.00       0.00       0.00       1.26

Doing AMOEBA simplex on best individual
Done simplexing #iterations 700, best score  25.75

     Score     S(PLP)   S(hbond)     S(cho)   S(metal)  DE(clash)   DE(tors)
     25.75     -24.98       0.94       0.00       0.00       0.00       1.03

--------------------------------------------------------------------------------
--- CHEMPLP breakdown of terms                                               ---
--------------------------------------------------------------------------------
CHEMPLP = - ( 1.0000*S(PLP) + -3.0000*S(hbond) + -6.0000*S(metal) + -3.0000*S(cho) )

Score = CHEMPLP - 1.0000*DE(clash) - 2.0000*DE(tors)


--------------------------------------------------------------------------------


--------------------------------------------------------------------------------
--- PLP analysis of protein-ligand interactions                              ---
--------------------------------------------------------------------------------
hydrogen bonding        :      -2.49
metal                   :       0.00
buried (polar-nonpolar) :      -3.87
nonpolar                :     -21.40
repulsive               :       0.64
--------------------------------------------------------------------------------


--------------------------------------------------------------------------------
--- ChemScore analysis of protein-ligand interactions                        ---
--------------------------------------------------------------------------------

* Hydrogen bonds                                                                
Protein donor 4756 hydrogen 4762 Ligand acceptor   17 bond energy  1.00 wt 0.94


* CH..O interactions                                                            
  CH group selection                       : activated ring CH (adjacent to hetatom)

--------------------------------------------------------------------------------


--------------------------------------------------------------------------------
--- Intra-ligand clashes                                                     ---
--------------------------------------------------------------------------------

Ligand
--------------------------------------------------------------------------------


--------------------------------------------------------------------------------
--- Chromosome decoded                                                       ---
--------------------------------------------------------------------------------
Ligand Torsions
[   6    2    1    3]  -83.82
[  12    5    1    2] -166.92
Protein Torsions
[4998 4979 4980 4981]  114.49 
[5077 5072 5071 5069]   25.95 
[5036 5025 5024 5021]   -0.71 
[5037 5026 5027 5028] -101.45 
[5041 5031 5030 5027]  -13.98 
[5133 5126 5127 5128]  -56.90 
[14305 4982 4981 4980]   13.95 
[14326 5029 5028 5027]  -58.85 
Mapping
Ligand acceptors to protein hydrogens (mapping then atom ids)
  3   5 [ 17->4762]
Ligand hydrogens to protein acceptors (mapping then atom ids)
Ligand shape atoms to protein points (mapping then atom ids & coords)
  2 10943 [  6->(137.250 142.250 165.250)]
  6  7045 [ 14->(136.250 141.250 166.000)]
Chromosome values
Integers:
  -1   -1    4   -1   -1   -1 10942   -1   -1   -1 7044   -1 
--------------------------------------------------------------------------------


--------------------------------------------------------------------------------
--- Diverse Solutions Stats                                                  ---
--------------------------------------------------------------------------------
  Move attempts                            :  21561
  Move failures                            :      0
  Failure rate                             :   0.000

--------------------------------------------------------------------------------

Current Ranking  2  1  3

--------------------------------------------------------------------------------

* GA execution time :                                                           
  total  2.2508 user  2.2508 sys  0.0000

--------------------------------------------------------------------------------
Fitness function evaluations: 629776

--------------------------------------------------------------------------------
** Docking run number  4 **
--------------------------------------------------------------------------------
  Rank fitness base is 5000.00 ; increment is 11.2233

* Initialising population(s) ...                                                
Number of constraints mappings 0
Number of constraints 0
  Population no.                           :      1
  Population size                          :    100
  Number of duplicates                     :      0
  Number of niche violations               :      0
  Number of errors                         : 571083


Doing GA, no. of population(s) 1 size 100 selection pressure 1.100000

 Operation      Fitness  S(hb_ext) S(vdw_ext)  S(hb_int)    S(int)      intcor
         0      29.09       0.26      22.92       0.00     -13.40      -0.76
       118      29.32       0.21      23.39       0.00     -14.66      -0.76
       147      34.05       1.95      24.24       0.00      -5.90      -0.76
       527      35.12       2.00      24.31       0.00      -1.23      -0.76
       573      35.56       1.29      25.15       0.00      -1.23      -0.76
       773      36.07       1.29      25.62       0.00      -1.67      -0.76
      1087      35.76       1.29      25.31       0.00      -1.06      -0.76
      1203      35.57       1.49      25.07       0.00      -1.18      -0.76
Reordering...
      1256      35.37       1.29      25.04       0.00      -1.06      -0.76
      1753      34.82       1.29      24.70       0.00      -1.06      -0.76
      1872      35.61       1.31      25.66       0.00      -2.29      -0.76
      2431      35.44       1.31      26.14       0.00      -3.42      -0.76
      2939      35.05       1.31      25.89       0.00      -2.82      -0.76
      3219      34.87       1.31      26.07       0.00      -3.13      -0.76
Reordering...
      3484      34.56       1.31      25.89       0.00      -2.82      -0.76
Reordering...
      3744      34.33       1.48      24.32       0.00      -0.65      -0.76
      3831      34.40       1.31      25.63       0.00      -2.27      -0.76
Reordering...
      3937      34.28       1.48      24.32       0.00      -0.65      -0.76
--------------------------------------------------------------------------------
Best docking solution after GA:
      5250      34.28       1.48      24.32       0.00      -0.65      -0.76

#ops:       5250 #mutates:   2680 #cross:     2570 #dups:      1562 
#niche:     2968 #errors:     989 
--------------------------------------------------------------------------------

Doing AMOEBA simplex on best individual
Done simplexing #iterations 757, best score  36.16

Ligand is stored in gold_soln_ligand_prepared_m1_4.mol2


--------------------------------------------------------------------------------
--- GoldScore breakdown of terms                                             ---
--------------------------------------------------------------------------------
Fitness = S(hb_ext) + 1.3750*S(vdw_ext) + S(hb_int) + 1.0000*S(int)
S(int)  = S(vdw_int) + S(tors)

Internal terms are relative to best energy found (intcor).

--------------------------------------------------------------------------------


     Fitness  S(hb_ext) S(vdw_ext)  S(hb_int)    S(int)      intcor
     36.16       1.46      25.92       0.00      -0.94      -0.76

--------------------------------------------------------------------------------
--- GoldScore analysis of protein-ligand interactions                        ---
--------------------------------------------------------------------------------

  Ligand acceptor   17 Protein hydrogen 4762 donor 4756 bond energy  2.00 wt 0.73

--------------------------------------------------------------------------------

--------------------------------------------------------------------------------
--- Rescoring solution                                                       ---
--------------------------------------------------------------------------------

     Score     S(PLP)   S(hbond)     S(cho)   S(metal)  DE(clash)   DE(tors)
     23.17     -22.70       1.00       0.00       0.00       0.00       1.27

Doing AMOEBA simplex on best individual
Done simplexing #iterations 933, best score  32.28

     Score     S(PLP)   S(hbond)     S(cho)   S(metal)  DE(clash)   DE(tors)
     32.28     -31.69       1.00       0.00       0.00       0.00       1.21

--------------------------------------------------------------------------------
--- CHEMPLP breakdown of terms                                               ---
--------------------------------------------------------------------------------
CHEMPLP = - ( 1.0000*S(PLP) + -3.0000*S(hbond) + -6.0000*S(metal) + -3.0000*S(cho) )

Score = CHEMPLP - 1.0000*DE(clash) - 2.0000*DE(tors)


--------------------------------------------------------------------------------


--------------------------------------------------------------------------------
--- PLP analysis of protein-ligand interactions                              ---
--------------------------------------------------------------------------------
hydrogen bonding        :      -2.08
metal                   :       0.00
buried (polar-nonpolar) :      -8.16
nonpolar                :     -24.03
repulsive               :       2.13
--------------------------------------------------------------------------------


--------------------------------------------------------------------------------
--- ChemScore analysis of protein-ligand interactions                        ---
--------------------------------------------------------------------------------

* Hydrogen bonds                                                                
Protein donor 4756 hydrogen 4762 Ligand acceptor   17 bond energy  1.00 wt 1.00


* CH..O interactions                                                            
  CH group selection                       : activated ring CH (adjacent to hetatom)

--------------------------------------------------------------------------------


--------------------------------------------------------------------------------
--- Intra-ligand clashes                                                     ---
--------------------------------------------------------------------------------

Ligand
--------------------------------------------------------------------------------


--------------------------------------------------------------------------------
--- Chromosome decoded                                                       ---
--------------------------------------------------------------------------------
Ligand Torsions
[   6    2    1    3]   82.23
[  12    5    1    2] -165.11
Protein Torsions
[4998 4979 4980 4981]  -88.16 
[5077 5072 5071 5069]   56.56 
[5036 5025 5024 5021]   24.64 
[5037 5026 5027 5028] -148.84 
[5041 5031 5030 5027]   44.13 
[5133 5126 5127 5128]   95.70 
[14305 4982 4981 4980]   18.38 
[14326 5029 5028 5027] -112.90 
Mapping
Ligand acceptors to protein hydrogens (mapping then atom ids)
  3   5 [ 17->4762]
Ligand hydrogens to protein acceptors (mapping then atom ids)
Ligand shape atoms to protein points (mapping then atom ids & coords)
  1 12926 [  5->(137.750 143.750 164.250)]
  3 12255 [  7->(137.500 147.000 168.500)]
Chromosome values
Integers:
  -1   -1    4   -1   -1 12925   -1 12254   -1   -1   -1   -1 
--------------------------------------------------------------------------------


--------------------------------------------------------------------------------
--- Diverse Solutions Stats                                                  ---
--------------------------------------------------------------------------------
  Move attempts                            :  22079
  Move failures                            :     39
  Failure rate                             :   0.002

--------------------------------------------------------------------------------

Current Ranking  2  4  1  3

--------------------------------------------------------------------------------

* GA execution time :                                                           
  total  2.1650 user  2.1647 sys  0.0003

--------------------------------------------------------------------------------
Fitness function evaluations: 594135

--------------------------------------------------------------------------------
** Docking run number  5 **
--------------------------------------------------------------------------------
  Rank fitness base is 5000.00 ; increment is 11.2233

* Initialising population(s) ...                                                
Number of constraints mappings 0
Number of constraints 0
  Population no.                           :      1
  Population size                          :    100
  Number of duplicates                     :      0
  Number of niche violations               :      0
  Number of errors                         : 585394


Doing GA, no. of population(s) 1 size 100 selection pressure 1.100000

 Operation      Fitness  S(hb_ext) S(vdw_ext)  S(hb_int)    S(int)      intcor
         0      31.29       1.96      21.80       0.00      -3.23      -0.76
        66      32.16       2.78      22.01       0.00      -4.32      -0.76
        82      34.76       1.20      24.73       0.00      -2.20      -0.76
       584      30.94       1.13      21.70       0.00      -0.11      -0.76
Reordering...
       628      30.40       1.96      21.29       0.00      -3.23      -0.76
       976      31.43       0.00      22.89       0.00      -0.14      -0.76
      1440      30.98       1.93      21.41       0.00      -1.10      -0.76
      1990      29.53       1.93      20.38       0.00      -0.94      -0.76
Reordering...
      2041      29.18       0.00      22.48       0.00      -3.75      -0.76
Reordering...
      2669      28.18       0.00      22.39       0.00      -4.41      -0.76
Reordering...
      2808      28.03       0.00      20.52       0.00      -0.31      -0.76
      4042      28.90       0.00      21.07       0.00      -0.07      -0.76
      4725      29.69       0.00      21.77       0.00      -0.25      -0.76
      5072      29.92       0.00      22.02       0.00      -0.36      -0.76
--------------------------------------------------------------------------------
Best docking solution after GA:
      5250      29.92       0.00      22.02       0.00      -0.36      -0.76

#ops:       5250 #mutates:   2668 #cross:     2582 #dups:      1205 
#niche:     2973 #errors:    1062 
--------------------------------------------------------------------------------

Doing AMOEBA simplex on best individual
Done simplexing #iterations 1096, best score  36.81

Ligand is stored in gold_soln_ligand_prepared_m1_5.mol2


--------------------------------------------------------------------------------
--- GoldScore breakdown of terms                                             ---
--------------------------------------------------------------------------------
Fitness = S(hb_ext) + 1.3750*S(vdw_ext) + S(hb_int) + 1.0000*S(int)
S(int)  = S(vdw_int) + S(tors)

Internal terms are relative to best energy found (intcor).

--------------------------------------------------------------------------------


     Fitness  S(hb_ext) S(vdw_ext)  S(hb_int)    S(int)      intcor
     36.81       0.00      26.98       0.00      -0.29      -0.76

--------------------------------------------------------------------------------
--- GoldScore analysis of protein-ligand interactions                        ---
--------------------------------------------------------------------------------


--------------------------------------------------------------------------------

--------------------------------------------------------------------------------
--- Rescoring solution                                                       ---
--------------------------------------------------------------------------------

     Score     S(PLP)   S(hbond)     S(cho)   S(metal)  DE(clash)   DE(tors)
      1.73      -1.97       0.00       0.00       0.00       0.00       0.12

Doing AMOEBA simplex on best individual
Done simplexing #iterations 988, best score  18.83

     Score     S(PLP)   S(hbond)     S(cho)   S(metal)  DE(clash)   DE(tors)
     18.83     -19.08       0.00       0.00       0.00       0.00       0.13

--------------------------------------------------------------------------------
--- CHEMPLP breakdown of terms                                               ---
--------------------------------------------------------------------------------
CHEMPLP = - ( 1.0000*S(PLP) + -3.0000*S(hbond) + -6.0000*S(metal) + -3.0000*S(cho) )

Score = CHEMPLP - 1.0000*DE(clash) - 2.0000*DE(tors)


--------------------------------------------------------------------------------


--------------------------------------------------------------------------------
--- PLP analysis of protein-ligand interactions                              ---
--------------------------------------------------------------------------------
hydrogen bonding        :      -1.93
metal                   :       0.00
buried (polar-nonpolar) :       1.32
nonpolar                :     -20.25
repulsive               :       0.54
--------------------------------------------------------------------------------


--------------------------------------------------------------------------------
--- ChemScore analysis of protein-ligand interactions                        ---
--------------------------------------------------------------------------------

* Hydrogen bonds                                                                


* CH..O interactions                                                            
  CH group selection                       : activated ring CH (adjacent to hetatom)

--------------------------------------------------------------------------------


--------------------------------------------------------------------------------
--- Intra-ligand clashes                                                     ---
--------------------------------------------------------------------------------

Ligand
--------------------------------------------------------------------------------


--------------------------------------------------------------------------------
--- Chromosome decoded                                                       ---
--------------------------------------------------------------------------------
Ligand Torsions
[   6    2    1    3]  -56.21
[  12    5    1    2]  173.77
Protein Torsions
[4998 4979 4980 4981]  118.31 
[5077 5072 5071 5069] -179.00 
[5036 5025 5024 5021]   53.62 
[5037 5026 5027 5028]  120.93 
[5041 5031 5030 5027]  135.23 
[5133 5126 5127 5128]  -94.18 
[14305 4982 4981 4980]  -80.40 
[14326 5029 5028 5027]   17.83 
Mapping
Ligand acceptors to protein hydrogens (mapping then atom ids)
Ligand hydrogens to protein acceptors (mapping then atom ids)
Ligand shape atoms to protein points (mapping then atom ids & coords)
  1  8207 [  5->(136.500 145.250 166.500)]
  4  9160 [ 12->(136.750 145.500 168.500)]
  7 13232 [ 16->(137.750 148.250 165.000)]
Chromosome values
Integers:
  -1   -1   -1   -1   -1 8206   -1   -1 9159   -1   -1 13231 
--------------------------------------------------------------------------------


--------------------------------------------------------------------------------
--- Diverse Solutions Stats                                                  ---
--------------------------------------------------------------------------------
  Move attempts                            :  22671
  Move failures                            :     86
  Failure rate                             :   0.004

--------------------------------------------------------------------------------

Current Ranking  5  2  4  1  3

--------------------------------------------------------------------------------

* GA execution time :                                                           
  total  2.3242 user  2.3140 sys  0.0102

--------------------------------------------------------------------------------
Fitness function evaluations: 609064

--------------------------------------------------------------------------------
** Docking run number  6 **
--------------------------------------------------------------------------------
  Rank fitness base is 5000.00 ; increment is 11.2233

* Initialising population(s) ...                                                
Number of constraints mappings 0
Number of constraints 0
  Population no.                           :      1
  Population size                          :    100
  Number of duplicates                     :      0
  Number of niche violations               :      0
  Number of errors                         : 584910


Doing GA, no. of population(s) 1 size 100 selection pressure 1.100000

 Operation      Fitness  S(hb_ext) S(vdw_ext)  S(hb_int)    S(int)      intcor
         0      29.58       2.00      20.46       0.00      -2.77      -0.76
       112      30.87       0.00      23.08       0.00      -4.11      -0.76
      1431      29.47       0.40      22.37       0.00      -4.75      -0.76
      1516      30.78       0.55      22.25       0.00      -0.98      -0.76
      1977      31.22       1.92      21.63       0.00      -0.98      -0.76
      2036      33.28       2.00      23.08       0.00      -0.98      -0.76
      2757      33.30       2.00      23.20       0.00      -0.98      -0.76
      3015      34.03       2.00      23.32       0.00      -0.06      -0.76
--------------------------------------------------------------------------------
Best docking solution after GA:
      5250      34.01       2.00      23.32       0.00      -0.06      -0.76

#ops:       5250 #mutates:   2646 #cross:     2604 #dups:      1215 
#niche:     2768 #errors:    1201 
--------------------------------------------------------------------------------

Doing AMOEBA simplex on best individual
Done simplexing #iterations 604, best score  34.66

Ligand is stored in gold_soln_ligand_prepared_m1_6.mol2


--------------------------------------------------------------------------------
--- GoldScore breakdown of terms                                             ---
--------------------------------------------------------------------------------
Fitness = S(hb_ext) + 1.3750*S(vdw_ext) + S(hb_int) + 1.0000*S(int)
S(int)  = S(vdw_int) + S(tors)

Internal terms are relative to best energy found (intcor).

--------------------------------------------------------------------------------


     Fitness  S(hb_ext) S(vdw_ext)  S(hb_int)    S(int)      intcor
     34.66       1.87      23.89       0.00      -0.06      -0.76

--------------------------------------------------------------------------------
--- GoldScore analysis of protein-ligand interactions                        ---
--------------------------------------------------------------------------------

  Ligand donor   10 hydrogen   23 Protein acceptor 4728 bond energy  2.00 wt 0.94

--------------------------------------------------------------------------------

--------------------------------------------------------------------------------
--- Rescoring solution                                                       ---
--------------------------------------------------------------------------------

     Score     S(PLP)   S(hbond)     S(cho)   S(metal)  DE(clash)   DE(tors)
      8.14      -6.54       1.00       0.00       0.00       0.00       0.70

Doing AMOEBA simplex on best individual
Done simplexing #iterations 1103, best score  19.08

     Score     S(PLP)   S(hbond)     S(cho)   S(metal)  DE(clash)   DE(tors)
     19.08     -19.88       0.00       0.00       0.00       0.00       0.40

--------------------------------------------------------------------------------
--- CHEMPLP breakdown of terms                                               ---
--------------------------------------------------------------------------------
CHEMPLP = - ( 1.0000*S(PLP) + -3.0000*S(hbond) + -6.0000*S(metal) + -3.0000*S(cho) )

Score = CHEMPLP - 1.0000*DE(clash) - 2.0000*DE(tors)


--------------------------------------------------------------------------------


--------------------------------------------------------------------------------
--- PLP analysis of protein-ligand interactions                              ---
--------------------------------------------------------------------------------
hydrogen bonding        :      -0.97
metal                   :       0.00
buried (polar-nonpolar) :      -0.63
nonpolar                :     -20.48
repulsive               :       1.06
--------------------------------------------------------------------------------


--------------------------------------------------------------------------------
--- ChemScore analysis of protein-ligand interactions                        ---
--------------------------------------------------------------------------------

* Hydrogen bonds                                                                


* CH..O interactions                                                            
  CH group selection                       : activated ring CH (adjacent to hetatom)

--------------------------------------------------------------------------------


--------------------------------------------------------------------------------
--- Intra-ligand clashes                                                     ---
--------------------------------------------------------------------------------

Ligand
--------------------------------------------------------------------------------


--------------------------------------------------------------------------------
--- Chromosome decoded                                                       ---
--------------------------------------------------------------------------------
Ligand Torsions
[   6    2    1    3]  -76.16
[  12    5    1    2] -170.14
Protein Torsions
[4998 4979 4980 4981]  -78.41 
[5077 5072 5071 5069] -167.98 
[5036 5025 5024 5021] -120.15 
[5037 5026 5027 5028]  112.13 
[5041 5031 5030 5027]  108.53 
[5133 5126 5127 5128]    9.79 
[14305 4982 4981 4980]   67.62 
[14326 5029 5028 5027] -162.12 
Mapping
Ligand acceptors to protein hydrogens (mapping then atom ids)
Ligand hydrogens to protein acceptors (mapping then atom ids)
  2   7 [ 23->4728]
Ligand shape atoms to protein points (mapping then atom ids & coords)
  3 14013 [  7->(138.000 146.750 165.000)]
  5 11336 [ 13->(137.250 147.750 164.500)]
  7 12310 [ 16->(137.500 148.000 165.000)]
Chromosome values
Integers:
  -1   -1   -1   -1    6   -1   -1 14012   -1 11335   -1 12309 
--------------------------------------------------------------------------------


--------------------------------------------------------------------------------
--- Diverse Solutions Stats                                                  ---
--------------------------------------------------------------------------------
  Move attempts                            :  21980
  Move failures                            :     32
  Failure rate                             :   0.001

--------------------------------------------------------------------------------

Current Ranking  5  2  4  1  3  6

--------------------------------------------------------------------------------

* GA execution time :                                                           
  total  2.2637 user  2.2637 sys  0.0000

--------------------------------------------------------------------------------
Fitness function evaluations: 608082

--------------------------------------------------------------------------------
** Docking run number  7 **
--------------------------------------------------------------------------------
  Rank fitness base is 5000.00 ; increment is 11.2233

* Initialising population(s) ...                                                
Number of constraints mappings 0
Number of constraints 0
  Population no.                           :      1
  Population size                          :    100
  Number of duplicates                     :      0
  Number of niche violations               :      0
  Number of errors                         : 599536


Doing GA, no. of population(s) 1 size 100 selection pressure 1.100000

 Operation      Fitness  S(hb_ext) S(vdw_ext)  S(hb_int)    S(int)      intcor
         0      28.99       0.00      21.47       0.00      -2.68      -0.76
        47      29.34       2.77      20.38       0.00      -7.26      -0.76
       127      31.57       1.93      24.01       0.00     -16.19      -0.76
       143      34.94       2.08      24.52       0.00      -4.13      -0.76
Reordering...
       628      31.21       1.77      22.19       0.00      -4.13      -0.76
       732      31.17       1.77      22.24       0.00      -4.36      -0.76
      1032      32.01       1.65      23.50       0.00      -6.53      -0.76
      2525      28.40       0.49      20.33       0.00      -0.09      -0.76
      2680      28.62       0.34      22.22       0.00      -3.84      -0.76
      2820      29.06       0.34      22.20       0.00      -2.85      -0.76
      2848      30.19       2.00      20.89       0.00      -0.84      -0.76
      3340      29.73       0.33      21.81       0.00      -0.76      -0.76
      3697      29.96       0.26      22.11       0.00      -0.77      -0.76
      5148      29.91       0.38      21.84       0.00      -0.50      -0.76
--------------------------------------------------------------------------------
Best docking solution after GA:
      5250      29.91       0.38      21.84       0.00      -0.50      -0.76

#ops:       5250 #mutates:   2618 #cross:     2632 #dups:      1154 
#niche:     2947 #errors:    1364 
--------------------------------------------------------------------------------

Doing AMOEBA simplex on best individual
Done simplexing #iterations 789, best score  32.24

Ligand is stored in gold_soln_ligand_prepared_m1_7.mol2


--------------------------------------------------------------------------------
--- GoldScore breakdown of terms                                             ---
--------------------------------------------------------------------------------
Fitness = S(hb_ext) + 1.3750*S(vdw_ext) + S(hb_int) + 1.0000*S(int)
S(int)  = S(vdw_int) + S(tors)

Internal terms are relative to best energy found (intcor).

--------------------------------------------------------------------------------


     Fitness  S(hb_ext) S(vdw_ext)  S(hb_int)    S(int)      intcor
     32.24       0.36      23.48       0.00      -0.41      -0.76

--------------------------------------------------------------------------------
--- GoldScore analysis of protein-ligand interactions                        ---
--------------------------------------------------------------------------------

  Ligand donor    8 hydrogen   22 Protein acceptor 4728 bond energy  2.00 wt 0.18

--------------------------------------------------------------------------------

--------------------------------------------------------------------------------
--- Rescoring solution                                                       ---
--------------------------------------------------------------------------------

     Score     S(PLP)   S(hbond)     S(cho)   S(metal)  DE(clash)   DE(tors)
      5.17      -7.21       0.13       0.00       0.00       0.00       1.22

Doing AMOEBA simplex on best individual
Done simplexing #iterations 1433, best score  29.91

     Score     S(PLP)   S(hbond)     S(cho)   S(metal)  DE(clash)   DE(tors)
     29.91     -27.08       1.00       0.00       0.00       0.00       0.08

--------------------------------------------------------------------------------
--- CHEMPLP breakdown of terms                                               ---
--------------------------------------------------------------------------------
CHEMPLP = - ( 1.0000*S(PLP) + -3.0000*S(hbond) + -6.0000*S(metal) + -3.0000*S(cho) )

Score = CHEMPLP - 1.0000*DE(clash) - 2.0000*DE(tors)


--------------------------------------------------------------------------------


--------------------------------------------------------------------------------
--- PLP analysis of protein-ligand interactions                              ---
--------------------------------------------------------------------------------
hydrogen bonding        :      -2.96
metal                   :       0.00
buried (polar-nonpolar) :      -4.15
nonpolar                :     -25.09
repulsive               :       3.61
--------------------------------------------------------------------------------


--------------------------------------------------------------------------------
--- ChemScore analysis of protein-ligand interactions                        ---
--------------------------------------------------------------------------------

* Hydrogen bonds                                                                
Ligand donor    8 hydrogen   22 Protein acceptor 4728 bond energy  1.00 wt 1.00


* CH..O interactions                                                            
  CH group selection                       : activated ring CH (adjacent to hetatom)

--------------------------------------------------------------------------------


--------------------------------------------------------------------------------
--- Intra-ligand clashes                                                     ---
--------------------------------------------------------------------------------

Ligand
--------------------------------------------------------------------------------


--------------------------------------------------------------------------------
--- Chromosome decoded                                                       ---
--------------------------------------------------------------------------------
Ligand Torsions
[   6    2    1    3]  -89.35
[  12    5    1    2] -168.32
Protein Torsions
[4998 4979 4980 4981]  -70.09 
[5077 5072 5071 5069]  134.91 
[5036 5025 5024 5021]  164.23 
[5037 5026 5027 5028] -153.73 
[5041 5031 5030 5027]  -25.86 
[5133 5126 5127 5128]  -18.09 
[14305 4982 4981 4980]   21.54 
[14326 5029 5028 5027]  177.00 
Mapping
Ligand acceptors to protein hydrogens (mapping then atom ids)
Ligand hydrogens to protein acceptors (mapping then atom ids)
Ligand shape atoms to protein points (mapping then atom ids & coords)
  1  4662 [  5->(135.500 141.000 166.000)]
  2  9995 [  6->(137.000 143.000 167.750)]
  5 10146 [ 13->(137.000 145.000 168.500)]
Chromosome values
Integers:
  -1   -1   -1   -1   -1 4661 9994   -1   -1 10145   -1   -1 
--------------------------------------------------------------------------------


--------------------------------------------------------------------------------
--- Diverse Solutions Stats                                                  ---
--------------------------------------------------------------------------------
  Move attempts                            :  22638
  Move failures                            :    181
  Failure rate                             :   0.008

--------------------------------------------------------------------------------

Current Ranking  5  2  4  1  3  6  7

--------------------------------------------------------------------------------

* GA execution time :                                                           
  total  2.3476 user  2.3476 sys  0.0000

--------------------------------------------------------------------------------
Fitness function evaluations: 623381

--------------------------------------------------------------------------------
** Docking run number  8 **
--------------------------------------------------------------------------------
  Rank fitness base is 5000.00 ; increment is 11.2233

* Initialising population(s) ...                                                
Number of constraints mappings 0
Number of constraints 0
  Population no.                           :      1
  Population size                          :    100
  Number of duplicates                     :      0
  Number of niche violations               :      0
  Number of errors                         : 577764


Doing GA, no. of population(s) 1 size 100 selection pressure 1.100000

 Operation      Fitness  S(hb_ext) S(vdw_ext)  S(hb_int)    S(int)      intcor
         0      29.55       0.88      21.78       0.00      -6.36      -0.76
         8      30.30       0.71      21.95       0.00      -2.95      -0.76
        88      31.48       5.51      19.74       0.00      -5.67      -0.76
Reordering...
       157      29.37       0.70      21.30       0.00      -2.95      -0.76
       307      31.51       0.83      22.59       0.00      -1.73      -0.76
       946      33.67       2.00      23.24       0.00      -0.95      -0.76
      1421      32.34       2.00      22.38       0.00      -1.24      -0.76
Reordering...
      2041      29.58       1.76      20.58       0.00      -1.03      -0.76
      2763      29.87       1.42      21.13       0.00      -0.98      -0.76
--------------------------------------------------------------------------------
Best docking solution after GA:
      5250      29.39       1.31      21.13       0.00      -0.98      -0.76

#ops:       5250 #mutates:   2638 #cross:     2612 #dups:      1195 
#niche:     2635 #errors:    1255 
--------------------------------------------------------------------------------

Doing AMOEBA simplex on best individual
Done simplexing #iterations 787, best score  31.91

Ligand is stored in gold_soln_ligand_prepared_m1_8.mol2


--------------------------------------------------------------------------------
--- GoldScore breakdown of terms                                             ---
--------------------------------------------------------------------------------
Fitness = S(hb_ext) + 1.3750*S(vdw_ext) + S(hb_int) + 1.0000*S(int)
S(int)  = S(vdw_int) + S(tors)

Internal terms are relative to best energy found (intcor).

--------------------------------------------------------------------------------


     Fitness  S(hb_ext) S(vdw_ext)  S(hb_int)    S(int)      intcor
     31.91       0.46      23.39       0.00      -0.72      -0.76

--------------------------------------------------------------------------------
--- GoldScore analysis of protein-ligand interactions                        ---
--------------------------------------------------------------------------------

  Ligand donor    8 hydrogen   22 Protein acceptor 4728 bond energy  2.00 wt 0.23

--------------------------------------------------------------------------------

--------------------------------------------------------------------------------
--- Rescoring solution                                                       ---
--------------------------------------------------------------------------------

     Score     S(PLP)   S(hbond)     S(cho)   S(metal)  DE(clash)   DE(tors)
     -0.58       0.89       0.99       0.00       0.00       0.00       1.33

Doing AMOEBA simplex on best individual
Done simplexing #iterations 1628, best score  27.54

     Score     S(PLP)   S(hbond)     S(cho)   S(metal)  DE(clash)   DE(tors)
     27.54     -26.82       1.00       0.00       0.00       0.00       1.14

--------------------------------------------------------------------------------
--- CHEMPLP breakdown of terms                                               ---
--------------------------------------------------------------------------------
CHEMPLP = - ( 1.0000*S(PLP) + -3.0000*S(hbond) + -6.0000*S(metal) + -3.0000*S(cho) )

Score = CHEMPLP - 1.0000*DE(clash) - 2.0000*DE(tors)


--------------------------------------------------------------------------------


--------------------------------------------------------------------------------
--- PLP analysis of protein-ligand interactions                              ---
--------------------------------------------------------------------------------
hydrogen bonding        :      -3.24
metal                   :       0.00
buried (polar-nonpolar) :      -3.54
nonpolar                :     -25.68
repulsive               :       4.00
--------------------------------------------------------------------------------


--------------------------------------------------------------------------------
--- ChemScore analysis of protein-ligand interactions                        ---
--------------------------------------------------------------------------------

* Hydrogen bonds                                                                
Ligand donor    8 hydrogen   22 Protein acceptor 4728 bond energy  1.00 wt 1.00


* CH..O interactions                                                            
  CH group selection                       : activated ring CH (adjacent to hetatom)

--------------------------------------------------------------------------------


--------------------------------------------------------------------------------
--- Intra-ligand clashes                                                     ---
--------------------------------------------------------------------------------

Ligand
--------------------------------------------------------------------------------


--------------------------------------------------------------------------------
--- Chromosome decoded                                                       ---
--------------------------------------------------------------------------------
Ligand Torsions
[   6    2    1    3]  146.01
[  12    5    1    2]  165.98
Protein Torsions
[4998 4979 4980 4981]   41.44 
[5077 5072 5071 5069] -137.60 
[5036 5025 5024 5021] -103.68 
[5037 5026 5027 5028]  -69.36 
[5041 5031 5030 5027]   90.18 
[5133 5126 5127 5128]   80.06 
[14305 4982 4981 4980]   82.58 
[14326 5029 5028 5027]  -28.02 
Mapping
Ligand acceptors to protein hydrogens (mapping then atom ids)
Ligand hydrogens to protein acceptors (mapping then atom ids)
  1   7 [ 22->4728]
Ligand shape atoms to protein points (mapping then atom ids & coords)
  1 12827 [  5->(137.750 142.500 164.750)]
  3 15818 [  7->(138.750 144.250 165.250)]
  5  6360 [ 13->(136.000 146.500 168.500)]
  6  8269 [ 14->(136.500 146.250 166.750)]
  7 11235 [ 16->(137.250 146.250 167.000)]
Chromosome values
Integers:
  -1   -1   -1    6   -1 12826   -1 15817   -1 6359 8268 11234 
--------------------------------------------------------------------------------


--------------------------------------------------------------------------------
--- Diverse Solutions Stats                                                  ---
--------------------------------------------------------------------------------
  Move attempts                            :  22974
  Move failures                            :     26
  Failure rate                             :   0.001

--------------------------------------------------------------------------------

Current Ranking  5  2  4  1  3  6  7  8

--------------------------------------------------------------------------------

* GA execution time :                                                           
  total  2.3143 user  2.2745 sys  0.0398

--------------------------------------------------------------------------------
Fitness function evaluations: 601991

--------------------------------------------------------------------------------
** Docking run number  9 **
--------------------------------------------------------------------------------
  Rank fitness base is 5000.00 ; increment is 11.2233

* Initialising population(s) ...                                                
Number of constraints mappings 0
Number of constraints 0
  Population no.                           :      1
  Population size                          :    100
  Number of duplicates                     :      0
  Number of niche violations               :      0
  Number of errors                         : 579950


Doing GA, no. of population(s) 1 size 100 selection pressure 1.100000

 Operation      Fitness  S(hb_ext) S(vdw_ext)  S(hb_int)    S(int)      intcor
         0      28.79       2.78      24.43       0.00     -37.90      -0.76
         9      29.98       3.99      24.41       0.00     -37.90      -0.76
Reordering...
       157      27.50       0.03      22.27       0.00     -14.75      -0.76
       301      28.81       1.11      22.42       0.00     -14.05      -0.76
       306      31.79       1.11      22.87       0.00      -3.44      -0.76
       531      29.56       1.12      21.40       0.00      -3.98      -0.76
       657      30.09       0.00      22.38       0.00      -2.65      -0.76
       875      34.44       0.00      25.21       0.00      -0.82      -0.76
      1502      30.64       0.00      22.47       0.00      -0.70      -0.76
Reordering...
      1884      27.21       1.74      18.91       0.00      -1.23      -0.76
      2904      26.22       0.00      20.03       0.00      -2.05      -0.76
      3274      26.35       0.00      21.01       0.00      -3.39      -0.76
      3518      26.05       1.73      18.38       0.00      -1.14      -0.76
      3610      26.33       1.56      19.39       0.00      -2.17      -0.76
      3982      26.43       1.53      19.46       0.00      -1.85      -0.76
      4054      26.74       1.53      19.48       0.00      -1.57      -0.76
      4653      27.04       1.53      19.60       0.00      -1.43      -0.76
--------------------------------------------------------------------------------
Best docking solution after GA:
      5250      27.04       1.53      19.60       0.00      -1.43      -0.76

#ops:       5250 #mutates:   2642 #cross:     2608 #dups:       982 
#niche:     2707 #errors:    1411 
--------------------------------------------------------------------------------

Doing AMOEBA simplex on best individual
Done simplexing #iterations 834, best score  33.89

Ligand is stored in gold_soln_ligand_prepared_m1_9.mol2


--------------------------------------------------------------------------------
--- GoldScore breakdown of terms                                             ---
--------------------------------------------------------------------------------
Fitness = S(hb_ext) + 1.3750*S(vdw_ext) + S(hb_int) + 1.0000*S(int)
S(int)  = S(vdw_int) + S(tors)

Internal terms are relative to best energy found (intcor).

--------------------------------------------------------------------------------


     Fitness  S(hb_ext) S(vdw_ext)  S(hb_int)    S(int)      intcor
     33.89       1.18      24.84       0.00      -1.46      -0.76

--------------------------------------------------------------------------------
--- GoldScore analysis of protein-ligand interactions                        ---
--------------------------------------------------------------------------------

  Ligand donor   10 hydrogen   23 Protein acceptor 4728 bond energy  2.00 wt 0.59

--------------------------------------------------------------------------------

--------------------------------------------------------------------------------
--- Rescoring solution                                                       ---
--------------------------------------------------------------------------------

     Score     S(PLP)   S(hbond)     S(cho)   S(metal)  DE(clash)   DE(tors)
     -4.20       4.82       0.75       0.00       0.00       0.86       0.39

Doing AMOEBA simplex on best individual
Done simplexing #iterations 1289, best score  15.64

     Score     S(PLP)   S(hbond)     S(cho)   S(metal)  DE(clash)   DE(tors)
     15.64     -17.17       0.00       0.00       0.00       1.32       0.10

--------------------------------------------------------------------------------
--- CHEMPLP breakdown of terms                                               ---
--------------------------------------------------------------------------------
CHEMPLP = - ( 1.0000*S(PLP) + -3.0000*S(hbond) + -6.0000*S(metal) + -3.0000*S(cho) )

Score = CHEMPLP - 1.0000*DE(clash) - 2.0000*DE(tors)


--------------------------------------------------------------------------------


--------------------------------------------------------------------------------
--- PLP analysis of protein-ligand interactions                              ---
--------------------------------------------------------------------------------
hydrogen bonding        :      -1.27
metal                   :       0.00
buried (polar-nonpolar) :       3.10
nonpolar                :     -27.41
repulsive               :       7.49
--------------------------------------------------------------------------------


--------------------------------------------------------------------------------
--- ChemScore analysis of protein-ligand interactions                        ---
--------------------------------------------------------------------------------

* Hydrogen bonds                                                                


* CH..O interactions                                                            
  CH group selection                       : activated ring CH (adjacent to hetatom)

--------------------------------------------------------------------------------


--------------------------------------------------------------------------------
--- Intra-ligand clashes                                                     ---
--------------------------------------------------------------------------------

Ligand
  7 (C7   ) -   3 (C3   ):   1.32 (dist   2.71)
--------------------------------------------------------------------------------


--------------------------------------------------------------------------------
--- Chromosome decoded                                                       ---
--------------------------------------------------------------------------------
Ligand Torsions
[   6    2    1    3]  167.93
[  12    5    1    2]  175.25
Protein Torsions
[4998 4979 4980 4981]    8.64 
[5077 5072 5071 5069]   98.81 
[5036 5025 5024 5021] -131.91 
[5037 5026 5027 5028]  109.14 
[5041 5031 5030 5027] -176.44 
[5133 5126 5127 5128]   79.61 
[14305 4982 4981 4980]  -95.65 
[14326 5029 5028 5027]  123.39 
Mapping
Ligand acceptors to protein hydrogens (mapping then atom ids)
Ligand hydrogens to protein acceptors (mapping then atom ids)
  2   7 [ 23->4728]
Ligand shape atoms to protein points (mapping then atom ids & coords)
  1 14504 [  5->(138.250 142.750 168.000)]
  2  8199 [  6->(136.500 145.000 167.500)]
  7  8414 [ 16->(136.500 148.000 167.750)]
Chromosome values
Integers:
  -1   -1   -1   -1    6 14503 8198   -1   -1   -1   -1 8413 
--------------------------------------------------------------------------------


--------------------------------------------------------------------------------
--- Diverse Solutions Stats                                                  ---
--------------------------------------------------------------------------------
  Move attempts                            :  22598
  Move failures                            :    139
  Failure rate                             :   0.006

--------------------------------------------------------------------------------

Current Ranking  5  2  4  1  3  6  9  7  8

--------------------------------------------------------------------------------

* GA execution time :                                                           
  total  2.2475 user  2.2277 sys  0.0199

--------------------------------------------------------------------------------
Fitness function evaluations: 603846

--------------------------------------------------------------------------------
** Docking run number 10 **
--------------------------------------------------------------------------------
  Rank fitness base is 5000.00 ; increment is 11.2233

* Initialising population(s) ...                                                
Number of constraints mappings 0
Number of constraints 0
  Population no.                           :      1
  Population size                          :    100
  Number of duplicates                     :      0
  Number of niche violations               :      0
  Number of errors                         : 597132


Doing GA, no. of population(s) 1 size 100 selection pressure 1.100000

 Operation      Fitness  S(hb_ext) S(vdw_ext)  S(hb_int)    S(int)      intcor
         0      27.76       1.78      19.25       0.00      -2.51      -0.76
       118      28.80       0.40      20.72       0.00      -0.42      -0.76
       254      32.38       1.38      22.95       0.00      -2.51      -0.76
      1337      29.17       1.31      20.73       0.00      -1.89      -0.76
Reordering...
      1570      28.02       2.00      19.57       0.00      -2.35      -0.76
Reordering...
      1664      27.98       1.28      19.96       0.00      -1.89      -0.76
Reordering...
      1727      27.79       0.49      20.07       0.00      -0.73      -0.76
      1809      28.25       2.00      19.24       0.00      -0.48      -0.76
      1935      31.02       0.72      22.14       0.00      -0.32      -0.76
      2935      33.78       1.60      23.58       0.00      -0.37      -0.76
      3674      33.76       1.56      23.73       0.00      -0.48      -0.76
      3880      33.83       1.55      23.71       0.00      -0.33      -0.76
      4574      33.82       1.54      23.66       0.00      -0.26      -0.76
--------------------------------------------------------------------------------
Best docking solution after GA:
      5250      33.82       1.54      23.66       0.00      -0.26      -0.76

#ops:       5250 #mutates:   2563 #cross:     2687 #dups:      1206 
#niche:     2749 #errors:    1399 
--------------------------------------------------------------------------------

Doing AMOEBA simplex on best individual
Done simplexing #iterations 829, best score  35.07

Ligand is stored in gold_soln_ligand_prepared_m1_10.mol2


--------------------------------------------------------------------------------
--- GoldScore breakdown of terms                                             ---
--------------------------------------------------------------------------------
Fitness = S(hb_ext) + 1.3750*S(vdw_ext) + S(hb_int) + 1.0000*S(int)
S(int)  = S(vdw_int) + S(tors)

Internal terms are relative to best energy found (intcor).

--------------------------------------------------------------------------------


     Fitness  S(hb_ext) S(vdw_ext)  S(hb_int)    S(int)      intcor
     35.07       1.34      24.71       0.00      -0.26      -0.76

--------------------------------------------------------------------------------
--- GoldScore analysis of protein-ligand interactions                        ---
--------------------------------------------------------------------------------

  Ligand donor   10 hydrogen   23 Protein acceptor 4728 bond energy  2.00 wt 0.67

--------------------------------------------------------------------------------

--------------------------------------------------------------------------------
--- Rescoring solution                                                       ---
--------------------------------------------------------------------------------

     Score     S(PLP)   S(hbond)     S(cho)   S(metal)  DE(clash)   DE(tors)
      9.93     -11.89       0.11       0.00       0.00       0.00       1.15

Doing AMOEBA simplex on best individual
Done simplexing #iterations 842, best score  17.75

     Score     S(PLP)   S(hbond)     S(cho)   S(metal)  DE(clash)   DE(tors)
     17.75     -18.29       0.00       0.00       0.00       0.00       0.27

--------------------------------------------------------------------------------
--- CHEMPLP breakdown of terms                                               ---
--------------------------------------------------------------------------------
CHEMPLP = - ( 1.0000*S(PLP) + -3.0000*S(hbond) + -6.0000*S(metal) + -3.0000*S(cho) )

Score = CHEMPLP - 1.0000*DE(clash) - 2.0000*DE(tors)


--------------------------------------------------------------------------------


--------------------------------------------------------------------------------
--- PLP analysis of protein-ligand interactions                              ---
--------------------------------------------------------------------------------
hydrogen bonding        :      -1.99
metal                   :       0.00
buried (polar-nonpolar) :       3.26
nonpolar                :     -22.20
repulsive               :       1.86
--------------------------------------------------------------------------------


--------------------------------------------------------------------------------
--- ChemScore analysis of protein-ligand interactions                        ---
--------------------------------------------------------------------------------

* Hydrogen bonds                                                                


* CH..O interactions                                                            
  CH group selection                       : activated ring CH (adjacent to hetatom)

--------------------------------------------------------------------------------


--------------------------------------------------------------------------------
--- Intra-ligand clashes                                                     ---
--------------------------------------------------------------------------------

Ligand
--------------------------------------------------------------------------------


--------------------------------------------------------------------------------
--- Chromosome decoded                                                       ---
--------------------------------------------------------------------------------
Ligand Torsions
[   6    2    1    3]  -83.70
[  12    5    1    2] -166.62
Protein Torsions
[4998 4979 4980 4981]  -43.62 
[5077 5072 5071 5069]  153.66 
[5036 5025 5024 5021]   26.78 
[5037 5026 5027 5028] -153.26 
[5041 5031 5030 5027]  -46.77 
[5133 5126 5127 5128]   52.60 
[14305 4982 4981 4980] -129.60 
[14326 5029 5028 5027]   62.17 
Mapping
Ligand acceptors to protein hydrogens (mapping then atom ids)
Ligand hydrogens to protein acceptors (mapping then atom ids)
  2   7 [ 23->4728]
Ligand shape atoms to protein points (mapping then atom ids & coords)
  4 14655 [ 12->(138.250 144.500 168.000)]
  7 11387 [ 16->(137.250 148.500 165.000)]
Chromosome values
Integers:
  -1   -1   -1   -1    6   -1   -1   -1 14654   -1   -1 11386 
--------------------------------------------------------------------------------


--------------------------------------------------------------------------------
--- Diverse Solutions Stats                                                  ---
--------------------------------------------------------------------------------
  Move attempts                            :  21772
  Move failures                            :     91
  Failure rate                             :   0.004

--------------------------------------------------------------------------------

Current Ranking  5  2  4  1 10  3  6  9  7  8

--------------------------------------------------------------------------------

* GA execution time :                                                           
  total  2.2252 user  2.2251 sys  0.0000

--------------------------------------------------------------------------------
Fitness function evaluations: 620235

--------------------------------------------------------------------------------
--- Ranking analysis                                                         ---
--------------------------------------------------------------------------------


* Final ranked order of GA solutions:                                           
   5  2  4  1 10  3  6  9  7  8 

  _______________________________
  RMSD Matrix of RANKED solutions

        2    3    4    5    6    7    8    9   10  

   1 :  5.8  4.3  4.4  4.1  5.6  4.4  6.0  6.3  5.7
   2 :       4.1  4.1  4.4  1.1  4.3  4.4  4.4  4.1
   3 :            0.4  3.6  3.8  3.6  4.2  4.3  3.4
   4 :                 3.7  3.8  3.7  4.1  4.2  3.4
   5 :                      4.2  0.5  3.2  4.3  3.6
   6 :                           4.1  4.3  4.6  4.2
   7 :                                2.8  3.9  3.2
   8 :                                     2.4  2.4
   9 :                                          1.3

  Clustering method                        : complete linkage
  Structure ids in cluster table           : rank nos.
  Ordering of clusters and their members   : by rank (order if from rms_analysis)

  Distance | Clusters
   0.37    |  1 |  2 |  3  4 |  5 |  6 |  7 |  8 |  9 | 10 |
   0.48    |  1 |  2 |  3  4 |  5  7 |  6 |  8 |  9 | 10 |
   1.10    |  1 |  2  6 |  3  4 |  5  7 |  8 |  9 | 10 |
   1.31    |  1 |  2  6 |  3  4 |  5  7 |  8 |  9 10 |
   2.43    |  1 |  2  6 |  3  4 |  5  7 |  8  9 10 |
   3.72    |  1 |  2  6 |  3  4  5  7 |  8  9 10 |
   4.29    |  1 |  2  6 |  3  4  5  7  8  9 10 |
   4.57    |  1 |  2  3  4  5  6  7  8  9 10 |
   6.31    |  1  2  3  4  5  6  7  8  9 10 |
  Finished Docking Ligand                  : /mnt/c/Users/ricca/Desktop/Documents/1_Coding/1_Script_Github/Reverse_Docking_Explore_V3/7rmi_cavity/ligand_prepared.mol2
--------------------------------------------------------------------------------

  Relative_Ligand_Energy (best encountered) :  -0.759
  Relative_Ligand_Energy: fitness values have been corrected using this amount
