
--------------------------------------------------------------------------------
--- Ligand                                                                   ---
--------------------------------------------------------------------------------
  Ligand loaded from file                  : /mnt/c/Users/ricca/Desktop/Documents/1_Coding/1_Script_Github/Reverse_Docking_Explore_V3/3mvj/ligand_prepared.mol2
  Ligand name                              :  
  "CT1002167954                                                             "

--------------------------------------------------------------------------------
  N.plc donors                             : 
  none found

  Acidic nitrogen acceptors                : 
  none found
  Sulfur acceptors                         :
  none found


  Donor atoms                              :      2
  8   10  
  Acceptor atoms                           :      3
  9   11  17  

  Hydrogens                                :  (n = 2)
  22   23   

  Lone pairs added to molecule             :      6
  Numbering                                : from 30 to 35

--------------------------------------------------------------------------------
--- Postprocessing of typing                                                 ---
--------------------------------------------------------------------------------
  Fragment file                            : /home/hitesit/CCDC/Discovery_2022/GOLD/gold/rotatable_bond_override.mol2
  acylurea fragment                        : 2 matches
  Ligand bond 15-8  set to flip
  Ligand bond 15-10  set to flip
  Ligand bond 15-10  set to 1
  Ligand bond 15-8  set to 1
  Ligand bond 10-4  set to flip
  Ligand bond 8-3  set to flip
  thioacylthiourea fragment                : no matches
  acylthiourea fragment                    : no matches
  thioacylurea fragment                    : no matches
  diarylamine fragment >C.ar-NH-C.ar<      : no matches
  sec-amine (1) fragment                   : no matches
  sec-amine (2) fragment                   : no matches
  sec-amine (3) fragment                   : no matches
  carboxylic ester                         : no matches

* Rotatable bonds in /mnt/c/Users/ricca/D  :
  [   1    2] [   1    5] 
  No. of rotatable bonds                   :      2


* Reading torsional distributions from file:
  /home/hitesit/CCDC/Discovery_2022/GOLD/gold/gold.tordist
  No. of bins in torsional distributions   :     36
  Minimum size of largest peak             :      0
  Removing high energy torsions            : on
  Delta E set to                           :   2.500

* Fragments found in /mnt/c/Users/ricca/D  :
  atom   2: benzene
  atom   6: benzene
  atom   7: benzene
  atom  13: benzene
  atom  14: benzene
  atom  16: benzene


* Checking torsion distributions:                                               
  No. of matched torsions                  :      0

--------------------------------------------------------------------------------
--- Shape fitting atoms selection (hydrophobic atoms)                        ---
--------------------------------------------------------------------------------
  Molecule                                 : /mnt/c/Users/ricca/Desktop/Documents/1_Coding/1_Script_Github/Reverse_Docking_Explore_V3/3mvj/ligand_prepared.mol2
  Selection                                : carbons only
  Atom numbers                             :  (n = 7)
  5    6    7    12   13   14   16   

--------------------------------------------------------------------------------
--- Diverse Solutions Setup                                                  ---
--------------------------------------------------------------------------------
  Cluster size                             :      2
  RMSD                                     :   2.000
  Refinement                               :      0


--------------------------------------------------------------------------------
--- ChemScore ligand setup summary                                           ---
--------------------------------------------------------------------------------
  ChemScore ligand acceptors               :      3
  9 11 17 
  ChemScore ligand donors                  :      2
  8 ( 22  ) 10 ( 23  ) 
  ChemScore ligand CH donors               :      0
  

  ChemScore ligand lipophilic atoms        :  (n = 9)
  1    2    5    6    7    12   13   14   16   

  ChemScore ligand rotatable bonds         :      2
  1   (C1 ) - 2   (C2 ): SP3_SP2_BOND
  1   (C1 ) - 5   (C5 ): SP3_SP3_BOND

--------------------------------------------------------------------------------
--- PLP ligand setup summary                                                 ---
--------------------------------------------------------------------------------
    1    C1   C.3 NONPOLAR
    2    C2  C.ar NONPOLAR
    3    C3   C.2 NONPOLAR
    4    C4   C.2 NONPOLAR
    5    C5   C.3 NONPOLAR
    6    C6  C.ar NONPOLAR
    7    C7  C.ar NONPOLAR
    8    N8  N.am DONOR
    9    O9   O.2 ACCEPTOR
   10   N10  N.am DONOR
   11   O11   O.2 ACCEPTOR
   12   C12   C.3 NONPOLAR
   13   C13  C.ar NONPOLAR
   14   C14  C.ar NONPOLAR
   15   C15   C.2 NONPOLAR
   16   C16  C.ar NONPOLAR
   17   O17   O.2 ACCEPTOR

--------------------------------------------------------------------------------
--- Automatic parameter setting                                              ---
--------------------------------------------------------------------------------
  Contribution base                        :   2500
  Contribution per rotatable bond          :   6000
  Contribution per df                      :   4000
  Contribution per water                   :  10000
  Ligand rotatable bonds                   :      2
  Protein flexible side chain bonds        :      0
  Total rotatable bonds                    :      2
  Hydrophobic vol ratio (P/L)              :   2.042
  Base multiplier (polar)                  :   1.000
  Base multiplier (apolar)                 :   2.859
  Base contribution                        : 7500.000
  Fitting points                           :      5
  Estimated maxops needed (optimal)        :  20000
  Autoscale factor (in percent)            :     10
  Scaled maxops                            :   2250

--------------------------------------------------------------------------------

* Population settings                                                           
  maxops                                   :   2250
  popsiz                                   :    100
  select_pressure                          :   1.100
  n_islands                                :      1
  niche_siz                                :      2

* GA settings                                                                   
  pt_crosswt                               :    100
  allele_mutatewt                          :    100
  migratewt                                :      0

* Search settings                                                               
  start_vdw_linear_cutoff                  :   6.000
  initial_virtual_pt_match_max             :   3.000
  Scaling of internal VDW energy           : log scale from  0.2 to    1
                                             over 1687 ops
  Sampling interval (operations)           :     22
  Scaling of virtual pt maximum length     : linear scale from    3 to    2
                                             over  1687 ops
  Sampling interval (operations)           :     67
  Scaling of 4-8 potential cutoff          : log scale from    6 to 1.2e+02
                                             over 1687 ops
  Sampling interval (operations)           :     67

--------------------------------------------------------------------------------

* Ligand initialisation time :                                                  
  total  0.1211 user  0.0217 sys  0.0994

--------------------------------------------------------------------------------

--------------------------------------------------------------------------------
** Docking run number  1 **
--------------------------------------------------------------------------------
  Rank fitness base is 5000.00 ; increment is 11.2233

* Initialising population(s) ...                                                
Number of constraints mappings 0
Number of constraints 0
  Population no.                           :      1
  Population size                          :    100
  Number of duplicates                     :      0
  Number of niche violations               :      0
  Number of errors                         :     83


Doing GA, no. of population(s) 1 size 100 selection pressure 1.100000

 Operation      Fitness  S(hb_ext) S(vdw_ext)  S(hb_int)    S(int)      intcor
         0      35.32       0.27      25.87       0.00      -2.63      -0.77
       230      33.90       5.72      21.87       0.00      -7.64      -0.77
       304      33.70       0.37      25.42       0.00      -6.21      -0.77
Reordering...
       469      31.62       1.53      23.24       0.00      -6.02      -0.77
       470      36.69       0.16      27.45       0.00      -3.89      -0.77
Reordering...
       871      34.83       0.09      26.76       0.00      -4.54      -0.77
      1120      35.06       0.06      25.90       0.00      -1.06      -0.77
Reordering...
      1166      34.94       0.22      26.98       0.00      -3.89      -0.77
Reordering...
      1496      34.08       0.12      25.59       0.00      -1.46      -0.77
Reordering...
      1541      33.93       0.22      26.98       0.00      -3.89      -0.77
      1643      34.56       0.22      27.47       0.00      -3.63      -0.77
      1843      35.42       0.21      26.38       0.00      -1.06      -0.77
      2032      35.45       0.21      26.40       0.00      -1.06      -0.77
      2244      35.75       0.21      26.75       0.00      -1.25      -0.77
--------------------------------------------------------------------------------
Best docking solution after GA:
      2250      35.75       0.21      26.75       0.00      -1.25      -0.77

#ops:       2250 #mutates:   1107 #cross:     1143 #dups:       462 
#niche:     1152 #errors:      14 
--------------------------------------------------------------------------------

Doing AMOEBA simplex on best individual
Done simplexing #iterations 655, best score  39.06

Ligand is stored in gold_soln_ligand_prepared_m1_1.mol2


--------------------------------------------------------------------------------
--- GoldScore breakdown of terms                                             ---
--------------------------------------------------------------------------------
Fitness = S(hb_ext) + 1.3750*S(vdw_ext) + S(hb_int) + 1.0000*S(int)
S(int)  = S(vdw_int) + S(tors)

Internal terms are relative to best energy found (intcor).

--------------------------------------------------------------------------------


     Fitness  S(hb_ext) S(vdw_ext)  S(hb_int)    S(int)      intcor
     39.06       0.20      29.18       0.00      -1.27      -0.77

--------------------------------------------------------------------------------
--- GoldScore analysis of protein-ligand interactions                        ---
--------------------------------------------------------------------------------

  Ligand donor    8 hydrogen   22 Protein acceptor 1729 bond energy  2.00 wt 0.10

--------------------------------------------------------------------------------

--------------------------------------------------------------------------------
--- Rescoring solution                                                       ---
--------------------------------------------------------------------------------

     Score     S(PLP)   S(hbond)     S(cho)   S(metal)  DE(clash)   DE(tors)
     26.52     -27.20       0.34       0.00       0.00       0.59       0.56

Doing AMOEBA simplex on best individual
Done simplexing #iterations 669, best score  34.47

     Score     S(PLP)   S(hbond)     S(cho)   S(metal)  DE(clash)   DE(tors)
     34.47     -34.12       0.58       0.00       0.00       1.31       0.05

--------------------------------------------------------------------------------
--- CHEMPLP breakdown of terms                                               ---
--------------------------------------------------------------------------------
CHEMPLP = - ( 1.0000*S(PLP) + -3.0000*S(hbond) + -6.0000*S(metal) + -3.0000*S(cho) )

Score = CHEMPLP - 1.0000*DE(clash) - 2.0000*DE(tors)


--------------------------------------------------------------------------------


--------------------------------------------------------------------------------
--- PLP analysis of protein-ligand interactions                              ---
--------------------------------------------------------------------------------
hydrogen bonding        :      -0.54
metal                   :       0.00
buried (polar-nonpolar) :      -2.09
nonpolar                :     -34.47
repulsive               :       1.99
--------------------------------------------------------------------------------


--------------------------------------------------------------------------------
--- ChemScore analysis of protein-ligand interactions                        ---
--------------------------------------------------------------------------------

* Hydrogen bonds                                                                
Ligand donor    8 hydrogen   22 Protein acceptor 1729 bond energy  1.00 wt 0.58


* CH..O interactions                                                            
  CH group selection                       : activated ring CH (adjacent to hetatom)

--------------------------------------------------------------------------------


--------------------------------------------------------------------------------
--- Intra-ligand clashes                                                     ---
--------------------------------------------------------------------------------

Ligand
  7 (C7   ) -   3 (C3   ):   1.31 (dist   2.71)
--------------------------------------------------------------------------------


--------------------------------------------------------------------------------
--- Chromosome decoded                                                       ---
--------------------------------------------------------------------------------
Ligand Torsions
[   6    2    1    3]  165.47
[  12    5    1    2]  172.48
Protein Torsions
[8483 8455 8453 8450]   -2.76 
[15483 15454 15453 15451]   78.80 
[5446 5415 5414 5412]   63.08 
[7755 7713 7712 7711]   10.34 
[7530 7488 7487 7485]   58.61 
Mapping
Ligand acceptors to protein hydrogens (mapping then atom ids)
Ligand hydrogens to protein acceptors (mapping then atom ids)
  1   1 [ 22->1729]
Ligand shape atoms to protein points (mapping then atom ids & coords)
  1  4290 [  5->( 14.750  14.750  14.500)]
  5  3833 [ 13->( 14.500  12.750  10.500)]
  6  4085 [ 14->( 14.750  12.250  11.250)]
  7  3807 [ 16->( 14.500  12.500   9.750)]
Chromosome values
Integers:
  -1   -1   -1    0   -1 4289   -1   -1   -1 3832 4084 3806 
--------------------------------------------------------------------------------


--------------------------------------------------------------------------------
--- Diverse Solutions Stats                                                  ---
--------------------------------------------------------------------------------
  Move attempts                            :  18322
  Move failures                            :      0
  Failure rate                             :   0.000

--------------------------------------------------------------------------------

Current Ranking  1

--------------------------------------------------------------------------------

* GA execution time :                                                           
  total  1.0694 user  1.0002 sys  0.0692

--------------------------------------------------------------------------------
Fitness function evaluations: 18418

--------------------------------------------------------------------------------
** Docking run number  2 **
--------------------------------------------------------------------------------
  Rank fitness base is 5000.00 ; increment is 11.2233

* Initialising population(s) ...                                                
Number of constraints mappings 0
Number of constraints 0
  Population no.                           :      1
  Population size                          :    100
  Number of duplicates                     :      0
  Number of niche violations               :      0
  Number of errors                         :     77


Doing GA, no. of population(s) 1 size 100 selection pressure 1.100000

 Operation      Fitness  S(hb_ext) S(vdw_ext)  S(hb_int)    S(int)      intcor
         0      32.50       1.36      24.45       0.00     -12.36      -0.77
Reordering...
        67      31.56       2.17      21.71       0.00      -2.19      -0.77
        83      36.58       6.22      22.23       0.00      -0.98      -0.77
       340      35.43       6.20      21.45       0.00      -0.98      -0.77
       379      37.08       6.10      22.74       0.00      -0.98      -0.77
       490      36.59       6.09      22.63       0.00      -1.95      -0.77
       799      36.56       6.03      22.81       0.00      -1.95      -0.77
       875      36.31       6.02      22.67       0.00      -1.95      -0.77
      1633      33.47       6.00      21.32       0.00      -1.95      -0.77
Reordering...
      1672      33.40       6.37      19.97       0.00      -0.44      -0.77
Reordering...
      1675      33.39       6.00      21.32       0.00      -1.95      -0.77
Reordering...
      1687      33.37       6.34      19.97       0.00      -0.44      -0.77
      1713      33.52       6.34      20.09       0.00      -0.44      -0.77
      2210      34.08       6.08      21.01       0.00      -0.89      -0.77
--------------------------------------------------------------------------------
Best docking solution after GA:
      2250      34.08       6.08      21.01       0.00      -0.89      -0.77

#ops:       2250 #mutates:   1100 #cross:     1150 #dups:       456 
#niche:     1240 #errors:      10 
--------------------------------------------------------------------------------

Doing AMOEBA simplex on best individual
Done simplexing #iterations 705, best score  36.94

Ligand is stored in gold_soln_ligand_prepared_m1_2.mol2


--------------------------------------------------------------------------------
--- GoldScore breakdown of terms                                             ---
--------------------------------------------------------------------------------
Fitness = S(hb_ext) + 1.3750*S(vdw_ext) + S(hb_int) + 1.0000*S(int)
S(int)  = S(vdw_int) + S(tors)

Internal terms are relative to best energy found (intcor).

--------------------------------------------------------------------------------


     Fitness  S(hb_ext) S(vdw_ext)  S(hb_int)    S(int)      intcor
     36.94       6.03      22.67       0.00      -0.26      -0.77

--------------------------------------------------------------------------------
--- GoldScore analysis of protein-ligand interactions                        ---
--------------------------------------------------------------------------------

  Ligand acceptor   17 Protein hydrogen 2846 donor 2793 bond energy  6.00 wt 1.00
  Ligand donor   10 hydrogen   23 Protein acceptor 8455 bond energy  2.00 wt 0.02

--------------------------------------------------------------------------------

--------------------------------------------------------------------------------
--- Rescoring solution                                                       ---
--------------------------------------------------------------------------------

     Score     S(PLP)   S(hbond)     S(cho)   S(metal)  DE(clash)   DE(tors)
     15.30     -15.08       0.98       0.00       0.00       0.00       1.35

Doing AMOEBA simplex on best individual
Done simplexing #iterations 1069, best score  28.13

     Score     S(PLP)   S(hbond)     S(cho)   S(metal)  DE(clash)   DE(tors)
     28.13     -25.50       1.00       0.00       0.00       0.00       0.19

--------------------------------------------------------------------------------
--- CHEMPLP breakdown of terms                                               ---
--------------------------------------------------------------------------------
CHEMPLP = - ( 1.0000*S(PLP) + -3.0000*S(hbond) + -6.0000*S(metal) + -3.0000*S(cho) )

Score = CHEMPLP - 1.0000*DE(clash) - 2.0000*DE(tors)


--------------------------------------------------------------------------------


--------------------------------------------------------------------------------
--- PLP analysis of protein-ligand interactions                              ---
--------------------------------------------------------------------------------
hydrogen bonding        :      -1.56
metal                   :       0.00
buried (polar-nonpolar) :      -3.53
nonpolar                :     -22.19
repulsive               :       1.95
--------------------------------------------------------------------------------


--------------------------------------------------------------------------------
--- ChemScore analysis of protein-ligand interactions                        ---
--------------------------------------------------------------------------------

* Hydrogen bonds                                                                
Protein donor 2793 hydrogen 2846 Ligand acceptor   17 bond energy  1.00 wt 1.00


* CH..O interactions                                                            
  CH group selection                       : activated ring CH (adjacent to hetatom)

--------------------------------------------------------------------------------


--------------------------------------------------------------------------------
--- Intra-ligand clashes                                                     ---
--------------------------------------------------------------------------------

Ligand
--------------------------------------------------------------------------------


--------------------------------------------------------------------------------
--- Chromosome decoded                                                       ---
--------------------------------------------------------------------------------
Ligand Torsions
[   6    2    1    3]  -79.93
[  12    5    1    2] -166.54
Protein Torsions
[8483 8455 8453 8450] -129.61 
[15483 15454 15453 15451] -105.58 
[5446 5415 5414 5412] -130.16 
[7755 7713 7712 7711]  -20.75 
[7530 7488 7487 7485]  -69.29 
Mapping
Ligand acceptors to protein hydrogens (mapping then atom ids)
  3   8 [ 17->2846]
Ligand hydrogens to protein acceptors (mapping then atom ids)
Ligand shape atoms to protein points (mapping then atom ids & coords)
  1  6040 [  5->( 17.000  14.750  14.750)]
  2  2179 [  6->( 12.500  12.500  14.750)]
  3  3267 [  7->( 14.000  12.250  14.250)]
  4  6431 [ 12->( 18.000  14.000  14.500)]
  6  1324 [ 14->( 11.000  12.250  14.500)]
Chromosome values
Integers:
  -1   -1    7   -1   -1 6039 2178 3266 6430   -1 1323   -1 
--------------------------------------------------------------------------------


--------------------------------------------------------------------------------
--- Diverse Solutions Stats                                                  ---
--------------------------------------------------------------------------------
  Move attempts                            :  18870
  Move failures                            :      0
  Failure rate                             :   0.000

--------------------------------------------------------------------------------

Current Ranking  1  2

--------------------------------------------------------------------------------

* GA execution time :                                                           
  total  1.1384 user  1.0351 sys  0.1033

--------------------------------------------------------------------------------
Fitness function evaluations: 18955

--------------------------------------------------------------------------------
** Docking run number  3 **
--------------------------------------------------------------------------------
  Rank fitness base is 5000.00 ; increment is 11.2233

* Initialising population(s) ...                                                
Number of constraints mappings 0
Number of constraints 0
  Population no.                           :      1
  Population size                          :    100
  Number of duplicates                     :      0
  Number of niche violations               :      0
  Number of errors                         :     68


Doing GA, no. of population(s) 1 size 100 selection pressure 1.100000

 Operation      Fitness  S(hb_ext) S(vdw_ext)  S(hb_int)    S(int)      intcor
         0      33.79       4.40      23.26       0.00     -12.97      -0.77
       101      32.49       3.22      24.41       0.00     -19.71      -0.77
       129      33.83       4.31      23.39       0.00     -11.92      -0.77
       258      32.68       0.17      26.36       0.00     -14.84      -0.77
       342      32.36       0.85      26.22       0.00     -16.55      -0.77
       399      33.09       2.27      22.90       0.00      -2.31      -0.77
       411      32.83       2.26      22.73       0.00      -2.31      -0.77
       559      32.21       2.19      22.75       0.00      -3.75      -0.77
       577      32.35       2.12      22.92       0.00      -3.75      -0.77
       591      34.66       6.04      21.20       0.00      -1.54      -0.77
       625      36.49       5.61      23.45       0.00      -3.83      -0.77
       670      37.87       5.58      24.08       0.00      -2.19      -0.77
       808      38.34       5.87      24.29       0.00      -2.19      -0.77
      2043      36.41       5.50      23.48       0.00      -1.38      -0.77
      2134      36.86       4.92      24.00       0.00      -1.06      -0.77
      2177      36.93       6.07      23.44       0.00      -1.38      -0.77
--------------------------------------------------------------------------------
Best docking solution after GA:
      2250      36.93       6.07      23.44       0.00      -1.38      -0.77

#ops:       2250 #mutates:   1193 #cross:     1057 #dups:       409 
#niche:     1153 #errors:      17 
--------------------------------------------------------------------------------

Doing AMOEBA simplex on best individual
Done simplexing #iterations 608, best score  42.42

Ligand is stored in gold_soln_ligand_prepared_m1_3.mol2


--------------------------------------------------------------------------------
--- GoldScore breakdown of terms                                             ---
--------------------------------------------------------------------------------
Fitness = S(hb_ext) + 1.3750*S(vdw_ext) + S(hb_int) + 1.0000*S(int)
S(int)  = S(vdw_int) + S(tors)

Internal terms are relative to best energy found (intcor).

--------------------------------------------------------------------------------


     Fitness  S(hb_ext) S(vdw_ext)  S(hb_int)    S(int)      intcor
     42.42       7.94      26.01       0.00      -1.29      -0.77

--------------------------------------------------------------------------------
--- GoldScore analysis of protein-ligand interactions                        ---
--------------------------------------------------------------------------------

  Ligand acceptor    9 Protein hydrogen 8483 donor 8455 bond energy  2.00 wt 1.00
  Ligand donor    8 hydrogen   22 Protein acceptor 8498 bond energy  6.00 wt 0.98
  Ligand donor   10 hydrogen   23 Protein acceptor 1786 bond energy  2.00 wt 0.02

--------------------------------------------------------------------------------

--------------------------------------------------------------------------------
--- Rescoring solution                                                       ---
--------------------------------------------------------------------------------

     Score     S(PLP)   S(hbond)     S(cho)   S(metal)  DE(clash)   DE(tors)
     22.22     -20.93       0.98       0.00       0.00       0.09       0.78

Doing AMOEBA simplex on best individual
Done simplexing #iterations 646, best score  38.54

     Score     S(PLP)   S(hbond)     S(cho)   S(metal)  DE(clash)   DE(tors)
     38.54     -34.18       2.00       0.00       0.00       1.01       0.31

--------------------------------------------------------------------------------
--- CHEMPLP breakdown of terms                                               ---
--------------------------------------------------------------------------------
CHEMPLP = - ( 1.0000*S(PLP) + -3.0000*S(hbond) + -6.0000*S(metal) + -3.0000*S(cho) )

Score = CHEMPLP - 1.0000*DE(clash) - 2.0000*DE(tors)


--------------------------------------------------------------------------------


--------------------------------------------------------------------------------
--- PLP analysis of protein-ligand interactions                              ---
--------------------------------------------------------------------------------
hydrogen bonding        :      -2.00
metal                   :       0.00
buried (polar-nonpolar) :       0.90
nonpolar                :     -34.03
repulsive               :       0.56
--------------------------------------------------------------------------------


--------------------------------------------------------------------------------
--- ChemScore analysis of protein-ligand interactions                        ---
--------------------------------------------------------------------------------

* Hydrogen bonds                                                                
Ligand donor    8 hydrogen   22 Protein acceptor 8498 bond energy  1.00 wt 1.00
Protein donor 8455 hydrogen 8483 Ligand acceptor    9 bond energy  1.00 wt 1.00


* CH..O interactions                                                            
  CH group selection                       : activated ring CH (adjacent to hetatom)

--------------------------------------------------------------------------------


--------------------------------------------------------------------------------
--- Intra-ligand clashes                                                     ---
--------------------------------------------------------------------------------

Ligand
  7 (C7   ) -   3 (C3   ):   1.01 (dist   2.72)
--------------------------------------------------------------------------------


--------------------------------------------------------------------------------
--- Chromosome decoded                                                       ---
--------------------------------------------------------------------------------
Ligand Torsions
[   6    2    1    3]  161.48
[  12    5    1    2]  174.96
Protein Torsions
[8483 8455 8453 8450]   97.95 
[15483 15454 15453 15451] -143.22 
[5446 5415 5414 5412]   17.89 
[7755 7713 7712 7711]   -5.90 
[7530 7488 7487 7485]   23.43 
Mapping
Ligand acceptors to protein hydrogens (mapping then atom ids)
  1  16 [  9->8483]
Ligand hydrogens to protein acceptors (mapping then atom ids)
  1  14 [ 22->8498]
Ligand shape atoms to protein points (mapping then atom ids & coords)
  1  4817 [  5->( 15.250  15.000  15.500)]
  3  5275 [  7->( 15.750  16.250  11.750)]
  4  4205 [ 12->( 14.750  13.500  15.000)]
Chromosome values
Integers:
  15   -1   -1   13   -1 4816   -1 5274 4204   -1   -1   -1 
--------------------------------------------------------------------------------


--------------------------------------------------------------------------------
--- Diverse Solutions Stats                                                  ---
--------------------------------------------------------------------------------
  Move attempts                            :  18081
  Move failures                            :      0
  Failure rate                             :   0.000

--------------------------------------------------------------------------------

Current Ranking  3  1  2

--------------------------------------------------------------------------------

* GA execution time :                                                           
  total  1.1366 user  1.0832 sys  0.0534

--------------------------------------------------------------------------------
Fitness function evaluations: 18164

--------------------------------------------------------------------------------
** Docking run number  4 **
--------------------------------------------------------------------------------
  Rank fitness base is 5000.00 ; increment is 11.2233

* Initialising population(s) ...                                                
Number of constraints mappings 0
Number of constraints 0
  Population no.                           :      1
  Population size                          :    100
  Number of duplicates                     :      0
  Number of niche violations               :      0
  Number of errors                         :     57


Doing GA, no. of population(s) 1 size 100 selection pressure 1.100000

 Operation      Fitness  S(hb_ext) S(vdw_ext)  S(hb_int)    S(int)      intcor
         0      33.92       1.31      24.12       0.00      -2.78      -0.77
        18      35.07       1.65      24.71       0.00      -2.78      -0.77
        99      34.73       1.65      24.26       0.00      -1.32      -0.77
       238      33.82       4.18      21.89       0.00      -1.88      -0.77
Reordering...
       268      33.32       1.65      23.28       0.00      -1.32      -0.77
Reordering...
       402      32.33       1.52      22.62       0.00      -0.99      -0.77
       440      34.33       1.20      24.58       0.00      -2.22      -0.77
       617      33.42       2.07      23.94       0.00      -4.35      -0.77
       677      33.02       2.06      23.71       0.00      -4.35      -0.77
Reordering...
       871      31.31       1.10      22.29       0.00      -0.99      -0.77
       874      31.77       4.99      20.26       0.00      -2.37      -0.77
Reordering...
       938      31.25       1.07      22.29       0.00      -0.99      -0.77
      1222      31.17       0.95      22.33       0.00      -0.75      -0.77
      1810      30.79       0.74      22.39       0.00      -0.75      -0.77
--------------------------------------------------------------------------------
Best docking solution after GA:
      2250      30.79       0.74      22.39       0.00      -0.75      -0.77

#ops:       2250 #mutates:   1110 #cross:     1140 #dups:       428 
#niche:     1290 #errors:      13 
--------------------------------------------------------------------------------

Doing AMOEBA simplex on best individual
Done simplexing #iterations 724, best score  36.30

Ligand is stored in gold_soln_ligand_prepared_m1_4.mol2


--------------------------------------------------------------------------------
--- GoldScore breakdown of terms                                             ---
--------------------------------------------------------------------------------
Fitness = S(hb_ext) + 1.3750*S(vdw_ext) + S(hb_int) + 1.0000*S(int)
S(int)  = S(vdw_int) + S(tors)

Internal terms are relative to best energy found (intcor).

--------------------------------------------------------------------------------


     Fitness  S(hb_ext) S(vdw_ext)  S(hb_int)    S(int)      intcor
     36.30       1.90      25.17       0.00      -0.20      -0.77

--------------------------------------------------------------------------------
--- GoldScore analysis of protein-ligand interactions                        ---
--------------------------------------------------------------------------------

  Ligand donor   10 hydrogen   23 Protein acceptor 7865 bond energy  2.00 wt 0.95

--------------------------------------------------------------------------------

--------------------------------------------------------------------------------
--- Rescoring solution                                                       ---
--------------------------------------------------------------------------------

     Score     S(PLP)   S(hbond)     S(cho)   S(metal)  DE(clash)   DE(tors)
     -6.59       9.10       0.90       0.00       0.00       0.00       0.09

Doing AMOEBA simplex on best individual
Done simplexing #iterations 852, best score  23.82

     Score     S(PLP)   S(hbond)     S(cho)   S(metal)  DE(clash)   DE(tors)
     23.82     -22.81       0.39       0.00       0.00       0.00       0.08

--------------------------------------------------------------------------------
--- CHEMPLP breakdown of terms                                               ---
--------------------------------------------------------------------------------
CHEMPLP = - ( 1.0000*S(PLP) + -3.0000*S(hbond) + -6.0000*S(metal) + -3.0000*S(cho) )

Score = CHEMPLP - 1.0000*DE(clash) - 2.0000*DE(tors)


--------------------------------------------------------------------------------


--------------------------------------------------------------------------------
--- PLP analysis of protein-ligand interactions                              ---
--------------------------------------------------------------------------------
hydrogen bonding        :      -1.41
metal                   :       0.00
buried (polar-nonpolar) :      -0.90
nonpolar                :     -26.73
repulsive               :       5.06
--------------------------------------------------------------------------------


--------------------------------------------------------------------------------
--- ChemScore analysis of protein-ligand interactions                        ---
--------------------------------------------------------------------------------

* Hydrogen bonds                                                                
Ligand donor   10 hydrogen   23 Protein acceptor 7865 bond energy  1.00 wt 0.39


* CH..O interactions                                                            
  CH group selection                       : activated ring CH (adjacent to hetatom)

--------------------------------------------------------------------------------


--------------------------------------------------------------------------------
--- Intra-ligand clashes                                                     ---
--------------------------------------------------------------------------------

Ligand
--------------------------------------------------------------------------------


--------------------------------------------------------------------------------
--- Chromosome decoded                                                       ---
--------------------------------------------------------------------------------
Ligand Torsions
[   6    2    1    3]  -62.01
[  12    5    1    2] -176.02
Protein Torsions
[8483 8455 8453 8450]  -94.60 
[15483 15454 15453 15451]  -15.51 
[5446 5415 5414 5412]   89.65 
[7755 7713 7712 7711]    1.36 
[7530 7488 7487 7485]  130.31 
Mapping
Ligand acceptors to protein hydrogens (mapping then atom ids)
Ligand hydrogens to protein acceptors (mapping then atom ids)
  2  10 [ 23->7865]
Ligand shape atoms to protein points (mapping then atom ids & coords)
  1   474 [  5->(  8.750  12.500  10.000)]
  5  3119 [ 13->( 13.750  13.250  11.500)]
  6  2184 [ 14->( 12.500  12.750   9.000)]
  7  3089 [ 16->( 13.750  13.000   9.750)]
Chromosome values
Integers:
  -1   -1   -1   -1    9  473   -1   -1   -1 3118 2183 3088 
--------------------------------------------------------------------------------


--------------------------------------------------------------------------------
--- Diverse Solutions Stats                                                  ---
--------------------------------------------------------------------------------
  Move attempts                            :  18752
  Move failures                            :      0
  Failure rate                             :   0.000

--------------------------------------------------------------------------------

Current Ranking  3  1  2  4

--------------------------------------------------------------------------------

* GA execution time :                                                           
  total  1.0436 user  0.9767 sys  0.0669

--------------------------------------------------------------------------------
Fitness function evaluations: 18820

--------------------------------------------------------------------------------
** Docking run number  5 **
--------------------------------------------------------------------------------
  Rank fitness base is 5000.00 ; increment is 11.2233

* Initialising population(s) ...                                                
Number of constraints mappings 0
Number of constraints 0
  Population no.                           :      1
  Population size                          :    100
  Number of duplicates                     :      0
  Number of niche violations               :      0
  Number of errors                         :     58


Doing GA, no. of population(s) 1 size 100 selection pressure 1.100000

 Operation      Fitness  S(hb_ext) S(vdw_ext)  S(hb_int)    S(int)      intcor
         0      38.00       7.00      22.65       0.00      -0.72      -0.77
Reordering...
       268      34.61       6.07      21.07       0.00      -1.71      -0.77
       394      34.11       6.13      20.70       0.00      -1.71      -0.77
Reordering...
       469      33.24       2.01      24.51       0.00      -7.95      -0.77
       471      36.06       6.11      22.03       0.00      -1.11      -0.77
Reordering...
      1005      32.71       2.69      23.03       0.00      -3.20      -0.77
      1166      33.24       6.00      20.67       0.00      -1.94      -0.77
      1352      32.42       6.51      19.43       0.00      -1.11      -0.77
      1375      33.09       6.00      20.29       0.00      -1.11      -0.77
Reordering...
      1474      32.40       6.03      21.52       0.00      -3.94      -0.77
Reordering...
      1496      32.37       6.00      19.85       0.00      -1.11      -0.77
Reordering...
      1541      32.18       6.03      21.52       0.00      -3.94      -0.77
Reordering...
      1672      31.76       6.00      19.71       0.00      -1.36      -0.77
      1838      32.17       6.00      19.86       0.00      -1.13      -0.77
      2229      32.18       6.00      19.86       0.00      -1.13      -0.77
      2240      32.18       6.00      19.87       0.00      -1.13      -0.77
--------------------------------------------------------------------------------
Best docking solution after GA:
      2250      32.18       6.00      19.87       0.00      -1.13      -0.77

#ops:       2250 #mutates:   1125 #cross:     1125 #dups:       460 
#niche:     1156 #errors:      17 
--------------------------------------------------------------------------------

Doing AMOEBA simplex on best individual
Done simplexing #iterations 635, best score  35.07

Ligand is stored in gold_soln_ligand_prepared_m1_5.mol2


--------------------------------------------------------------------------------
--- GoldScore breakdown of terms                                             ---
--------------------------------------------------------------------------------
Fitness = S(hb_ext) + 1.3750*S(vdw_ext) + S(hb_int) + 1.0000*S(int)
S(int)  = S(vdw_int) + S(tors)

Internal terms are relative to best energy found (intcor).

--------------------------------------------------------------------------------


     Fitness  S(hb_ext) S(vdw_ext)  S(hb_int)    S(int)      intcor
     35.07       5.42      22.36       0.00      -1.09      -0.77

--------------------------------------------------------------------------------
--- GoldScore analysis of protein-ligand interactions                        ---
--------------------------------------------------------------------------------

  Ligand acceptor   17 Protein hydrogen 2846 donor 2793 bond energy  6.00 wt 0.88
  Ligand donor   10 hydrogen   23 Protein acceptor 8455 bond energy  2.00 wt 0.07

--------------------------------------------------------------------------------

--------------------------------------------------------------------------------
--- Rescoring solution                                                       ---
--------------------------------------------------------------------------------

     Score     S(PLP)   S(hbond)     S(cho)   S(metal)  DE(clash)   DE(tors)
     15.62     -14.76       0.86       0.00       0.00       0.12       0.80

Doing AMOEBA simplex on best individual
Done simplexing #iterations 879, best score  31.47

     Score     S(PLP)   S(hbond)     S(cho)   S(metal)  DE(clash)   DE(tors)
     31.47     -30.65       1.00       0.00       0.00       0.00       1.09

--------------------------------------------------------------------------------
--- CHEMPLP breakdown of terms                                               ---
--------------------------------------------------------------------------------
CHEMPLP = - ( 1.0000*S(PLP) + -3.0000*S(hbond) + -6.0000*S(metal) + -3.0000*S(cho) )

Score = CHEMPLP - 1.0000*DE(clash) - 2.0000*DE(tors)


--------------------------------------------------------------------------------


--------------------------------------------------------------------------------
--- PLP analysis of protein-ligand interactions                              ---
--------------------------------------------------------------------------------
hydrogen bonding        :      -1.00
metal                   :       0.00
buried (polar-nonpolar) :      -4.99
nonpolar                :     -26.15
repulsive               :       0.42
--------------------------------------------------------------------------------


--------------------------------------------------------------------------------
--- ChemScore analysis of protein-ligand interactions                        ---
--------------------------------------------------------------------------------

* Hydrogen bonds                                                                
Ligand donor   10 hydrogen   23 Protein acceptor 8455 bond energy  1.00 wt 1.00


* CH..O interactions                                                            
  CH group selection                       : activated ring CH (adjacent to hetatom)

--------------------------------------------------------------------------------


--------------------------------------------------------------------------------
--- Intra-ligand clashes                                                     ---
--------------------------------------------------------------------------------

Ligand
--------------------------------------------------------------------------------


--------------------------------------------------------------------------------
--- Chromosome decoded                                                       ---
--------------------------------------------------------------------------------
Ligand Torsions
[   6    2    1    3]   77.91
[  12    5    1    2] -172.17
Protein Torsions
[8483 8455 8453 8450]   -6.67 
[15483 15454 15453 15451]   45.51 
[5446 5415 5414 5412] -153.58 
[7755 7713 7712 7711]  164.71 
[7530 7488 7487 7485]   35.00 
Mapping
Ligand acceptors to protein hydrogens (mapping then atom ids)
  3   8 [ 17->2846]
Ligand hydrogens to protein acceptors (mapping then atom ids)
Ligand shape atoms to protein points (mapping then atom ids & coords)
  1  5857 [  5->( 16.750  14.000  14.000)]
  4  5360 [ 12->( 16.000  14.000  15.250)]
  5  2259 [ 13->( 12.750   9.500  16.250)]
  6  2428 [ 14->( 12.750  14.000  14.500)]
  7  1972 [ 16->( 12.250  11.750  15.000)]
Chromosome values
Integers:
  -1   -1    7   -1   -1 5856   -1   -1 5359 2258 2427 1971 
--------------------------------------------------------------------------------


--------------------------------------------------------------------------------
--- Diverse Solutions Stats                                                  ---
--------------------------------------------------------------------------------
  Move attempts                            :  18593
  Move failures                            :      0
  Failure rate                             :   0.000

--------------------------------------------------------------------------------

Current Ranking  3  1  2  4  5

--------------------------------------------------------------------------------

* GA execution time :                                                           
  total  1.1165 user  1.0745 sys  0.0420

--------------------------------------------------------------------------------
Fitness function evaluations: 18669

--------------------------------------------------------------------------------
** Docking run number  6 **
--------------------------------------------------------------------------------
  Rank fitness base is 5000.00 ; increment is 11.2233

* Initialising population(s) ...                                                
Number of constraints mappings 0
Number of constraints 0
  Population no.                           :      1
  Population size                          :    100
  Number of duplicates                     :      0
  Number of niche violations               :      0
  Number of errors                         :    100


Doing GA, no. of population(s) 1 size 100 selection pressure 1.100000

 Operation      Fitness  S(hb_ext) S(vdw_ext)  S(hb_int)    S(int)      intcor
         0      35.35       2.14      26.56       0.00     -16.52      -0.77
       266      34.20       1.60      24.11       0.00      -2.15      -0.77
       336      36.53       5.50      24.17       0.00      -8.05      -0.77
       428      35.85       1.68      25.32       0.00      -2.15      -0.77
       613      34.92       1.44      24.90       0.00      -2.15      -0.77
Reordering...
      1072      30.97       1.72      23.26       0.00      -5.00      -0.77
      1192      30.96       1.32      22.53       0.00      -2.15      -0.77
Reordering...
      1206      30.59       1.71      23.26       0.00      -5.00      -0.77
      1674      29.60       1.67      23.90       0.00      -5.00      -0.77
      1692      30.81       2.12      26.58       0.00      -7.86      -0.77
      2077      30.87       2.00      24.63       0.00      -5.00      -0.77
      2122      31.31       2.00      24.42       0.00      -4.27      -0.77
--------------------------------------------------------------------------------
Best docking solution after GA:
      2250      31.31       2.00      24.42       0.00      -4.27      -0.77

#ops:       2250 #mutates:   1121 #cross:     1129 #dups:       385 
#niche:     1094 #errors:      16 
--------------------------------------------------------------------------------

Doing AMOEBA simplex on best individual
Done simplexing #iterations 816, best score  33.84

Ligand is stored in gold_soln_ligand_prepared_m1_6.mol2


--------------------------------------------------------------------------------
--- GoldScore breakdown of terms                                             ---
--------------------------------------------------------------------------------
Fitness = S(hb_ext) + 1.3750*S(vdw_ext) + S(hb_int) + 1.0000*S(int)
S(int)  = S(vdw_int) + S(tors)

Internal terms are relative to best energy found (intcor).

--------------------------------------------------------------------------------


     Fitness  S(hb_ext) S(vdw_ext)  S(hb_int)    S(int)      intcor
     33.84       2.00      25.70       0.00      -3.49      -0.77

--------------------------------------------------------------------------------
--- GoldScore analysis of protein-ligand interactions                        ---
--------------------------------------------------------------------------------

  Ligand donor   10 hydrogen   23 Protein acceptor 8455 bond energy  2.00 wt 1.00

--------------------------------------------------------------------------------

--------------------------------------------------------------------------------
--- Rescoring solution                                                       ---
--------------------------------------------------------------------------------

     Score     S(PLP)   S(hbond)     S(cho)   S(metal)  DE(clash)   DE(tors)
     27.16     -27.15       1.00       0.00       0.00       1.43       0.77

Doing AMOEBA simplex on best individual
Done simplexing #iterations 637, best score  33.37

     Score     S(PLP)   S(hbond)     S(cho)   S(metal)  DE(clash)   DE(tors)
     33.37     -33.06       1.00       0.00       0.00       1.95       0.37

--------------------------------------------------------------------------------
--- CHEMPLP breakdown of terms                                               ---
--------------------------------------------------------------------------------
CHEMPLP = - ( 1.0000*S(PLP) + -3.0000*S(hbond) + -6.0000*S(metal) + -3.0000*S(cho) )

Score = CHEMPLP - 1.0000*DE(clash) - 2.0000*DE(tors)


--------------------------------------------------------------------------------


--------------------------------------------------------------------------------
--- PLP analysis of protein-ligand interactions                              ---
--------------------------------------------------------------------------------
hydrogen bonding        :      -2.00
metal                   :       0.00
buried (polar-nonpolar) :      -2.61
nonpolar                :     -30.64
repulsive               :       0.41
--------------------------------------------------------------------------------


--------------------------------------------------------------------------------
--- ChemScore analysis of protein-ligand interactions                        ---
--------------------------------------------------------------------------------

* Hydrogen bonds                                                                
Ligand donor   10 hydrogen   23 Protein acceptor 8455 bond energy  1.00 wt 1.00


* CH..O interactions                                                            
  CH group selection                       : activated ring CH (adjacent to hetatom)

--------------------------------------------------------------------------------


--------------------------------------------------------------------------------
--- Intra-ligand clashes                                                     ---
--------------------------------------------------------------------------------

Ligand
  6 (C6   ) -   4 (C4   ):   1.95 (dist   2.70)
--------------------------------------------------------------------------------


--------------------------------------------------------------------------------
--- Chromosome decoded                                                       ---
--------------------------------------------------------------------------------
Ligand Torsions
[   6    2    1    3] -104.79
[  12    5    1    2]  -42.08
Protein Torsions
[8483 8455 8453 8450]  -47.11 
[15483 15454 15453 15451] -117.41 
[5446 5415 5414 5412]  120.88 
[7755 7713 7712 7711]   70.25 
[7530 7488 7487 7485]  -86.76 
Mapping
Ligand acceptors to protein hydrogens (mapping then atom ids)
Ligand hydrogens to protein acceptors (mapping then atom ids)
  2  12 [ 23->8455]
Ligand shape atoms to protein points (mapping then atom ids & coords)
  4  3036 [ 12->( 13.750  12.250  15.250)]
  5  4121 [ 13->( 14.750  12.750  10.500)]
  6  4125 [ 14->( 14.750  12.750  11.500)]
  7  4097 [ 16->( 14.750  12.500   9.500)]
Chromosome values
Integers:
  -1   -1   -1   -1   11   -1   -1   -1 3035 4120 4124 4096 
--------------------------------------------------------------------------------


--------------------------------------------------------------------------------
--- Diverse Solutions Stats                                                  ---
--------------------------------------------------------------------------------
  Move attempts                            :  18457
  Move failures                            :     32
  Failure rate                             :   0.002

--------------------------------------------------------------------------------

Current Ranking  3  1  2  4  5  6

--------------------------------------------------------------------------------

* GA execution time :                                                           
  total  1.2799 user  1.2044 sys  0.0755

--------------------------------------------------------------------------------
Fitness function evaluations: 18539

--------------------------------------------------------------------------------
** Docking run number  7 **
--------------------------------------------------------------------------------
  Rank fitness base is 5000.00 ; increment is 11.2233

* Initialising population(s) ...                                                
Number of constraints mappings 0
Number of constraints 0
  Population no.                           :      1
  Population size                          :    100
  Number of duplicates                     :      0
  Number of niche violations               :      0
  Number of errors                         :     88


Doing GA, no. of population(s) 1 size 100 selection pressure 1.100000

 Operation      Fitness  S(hb_ext) S(vdw_ext)  S(hb_int)    S(int)      intcor
         0      33.00       3.96      21.93       0.00      -5.56      -0.76
Reordering...
        67      32.02       0.02      23.42       0.00      -0.98      -0.76
Reordering...
       134      31.15       1.92      22.70       0.00      -8.69      -0.76
       149      34.95       1.94      25.64       0.00      -9.88      -0.76
       420      33.77       1.93      24.96       0.00      -8.30      -0.76
       587      35.49       0.02      26.04       0.00      -0.98      -0.76
       812      34.35       0.00      25.52       0.00      -1.74      -0.76
      1657      31.48       1.39      25.31       0.00      -4.88      -0.76
      1921      33.36       4.51      22.25       0.00      -1.74      -0.76
--------------------------------------------------------------------------------
Best docking solution after GA:
      2250      33.36       4.51      22.25       0.00      -1.74      -0.76

#ops:       2250 #mutates:   1129 #cross:     1121 #dups:       482 
#niche:     1073 #errors:      27 
--------------------------------------------------------------------------------

Doing AMOEBA simplex on best individual
Done simplexing #iterations 710, best score  42.61

Ligand is stored in gold_soln_ligand_prepared_m1_7.mol2


--------------------------------------------------------------------------------
--- GoldScore breakdown of terms                                             ---
--------------------------------------------------------------------------------
Fitness = S(hb_ext) + 1.3750*S(vdw_ext) + S(hb_int) + 1.0000*S(int)
S(int)  = S(vdw_int) + S(tors)

Internal terms are relative to best energy found (intcor).

--------------------------------------------------------------------------------


     Fitness  S(hb_ext) S(vdw_ext)  S(hb_int)    S(int)      intcor
     42.61       5.72      27.42       0.00      -0.82      -0.76

--------------------------------------------------------------------------------
--- GoldScore analysis of protein-ligand interactions                        ---
--------------------------------------------------------------------------------

  Ligand acceptor   17 Protein hydrogen 2846 donor 2793 bond energy  6.00 wt 0.95

--------------------------------------------------------------------------------

--------------------------------------------------------------------------------
--- Rescoring solution                                                       ---
--------------------------------------------------------------------------------

     Score     S(PLP)   S(hbond)     S(cho)   S(metal)  DE(clash)   DE(tors)
     14.54     -13.97       0.89       0.00       0.00       0.16       0.97

Doing AMOEBA simplex on best individual
Done simplexing #iterations 764, best score  31.25

     Score     S(PLP)   S(hbond)     S(cho)   S(metal)  DE(clash)   DE(tors)
     31.25     -30.26       1.00       0.00       0.00       0.00       1.01

--------------------------------------------------------------------------------
--- CHEMPLP breakdown of terms                                               ---
--------------------------------------------------------------------------------
CHEMPLP = - ( 1.0000*S(PLP) + -3.0000*S(hbond) + -6.0000*S(metal) + -3.0000*S(cho) )

Score = CHEMPLP - 1.0000*DE(clash) - 2.0000*DE(tors)


--------------------------------------------------------------------------------


--------------------------------------------------------------------------------
--- PLP analysis of protein-ligand interactions                              ---
--------------------------------------------------------------------------------
hydrogen bonding        :      -0.87
metal                   :       0.00
buried (polar-nonpolar) :       1.09
nonpolar                :     -33.95
repulsive               :       2.06
--------------------------------------------------------------------------------


--------------------------------------------------------------------------------
--- ChemScore analysis of protein-ligand interactions                        ---
--------------------------------------------------------------------------------

* Hydrogen bonds                                                                
Protein donor 2793 hydrogen 2846 Ligand acceptor   17 bond energy  1.00 wt 1.00


* CH..O interactions                                                            
  CH group selection                       : activated ring CH (adjacent to hetatom)

--------------------------------------------------------------------------------


--------------------------------------------------------------------------------
--- Intra-ligand clashes                                                     ---
--------------------------------------------------------------------------------

Ligand
  6 (C6   ) -   3 (C3   ):   0.00 (dist   2.75)
--------------------------------------------------------------------------------


--------------------------------------------------------------------------------
--- Chromosome decoded                                                       ---
--------------------------------------------------------------------------------
Ligand Torsions
[   6    2    1    3]  -27.42
[  12    5    1    2]  166.57
Protein Torsions
[8483 8455 8453 8450]   34.81 
[15483 15454 15453 15451]   -8.01 
[5446 5415 5414 5412]   48.68 
[7755 7713 7712 7711]   39.85 
[7530 7488 7487 7485]   16.85 
Mapping
Ligand acceptors to protein hydrogens (mapping then atom ids)
Ligand hydrogens to protein acceptors (mapping then atom ids)
Ligand shape atoms to protein points (mapping then atom ids & coords)
  1  2946 [  5->( 13.500  14.000  14.250)]
  2  6282 [  6->( 17.500  15.250  14.250)]
  6  6713 [ 14->( 18.750  14.250  15.000)]
  7  7427 [ 16->( 21.250  16.250  15.250)]
Chromosome values
Integers:
  -1   -1   -1   -1   -1 2945 6281   -1   -1   -1 6712 7426 
--------------------------------------------------------------------------------


--------------------------------------------------------------------------------
--- Diverse Solutions Stats                                                  ---
--------------------------------------------------------------------------------
  Move attempts                            :  18543
  Move failures                            :     39
  Failure rate                             :   0.002

--------------------------------------------------------------------------------

Current Ranking  7  3  1  2  4  5  6

--------------------------------------------------------------------------------

* GA execution time :                                                           
  total  1.2166 user  1.1365 sys  0.0801

--------------------------------------------------------------------------------
Fitness function evaluations: 18618

--------------------------------------------------------------------------------
** Docking run number  8 **
--------------------------------------------------------------------------------
  Rank fitness base is 5000.00 ; increment is 11.2233

* Initialising population(s) ...                                                
Number of constraints mappings 0
Number of constraints 0
  Population no.                           :      1
  Population size                          :    100
  Number of duplicates                     :      0
  Number of niche violations               :      0
  Number of errors                         :    104


Doing GA, no. of population(s) 1 size 100 selection pressure 1.100000

 Operation      Fitness  S(hb_ext) S(vdw_ext)  S(hb_int)    S(int)      intcor
         0      38.18       0.06      28.55       0.00      -5.67      -0.76
      1103      34.78       0.18      25.43       0.00      -0.65      -0.76
      1162      34.73       0.03      27.42       0.00      -5.04      -0.76
Reordering...
      1232      34.25       0.13      25.12       0.00      -0.65      -0.76
      1275      34.27       0.07      25.19       0.00      -0.66      -0.76
Reordering...
      1340      33.64       0.08      24.74       0.00      -0.65      -0.76
      1366      35.58       0.00      26.61       0.00      -1.38      -0.76
      1543      34.51       0.00      25.97       0.00      -1.38      -0.76
      1768      33.69       0.03      25.45       0.00      -1.33      -0.76
--------------------------------------------------------------------------------
Best docking solution after GA:
      2250      33.69       0.03      25.45       0.00      -1.33      -0.76

#ops:       2250 #mutates:   1153 #cross:     1097 #dups:       419 
#niche:     1124 #errors:      16 
--------------------------------------------------------------------------------

Doing AMOEBA simplex on best individual
Done simplexing #iterations 752, best score  39.24

Ligand is stored in gold_soln_ligand_prepared_m1_8.mol2


--------------------------------------------------------------------------------
--- GoldScore breakdown of terms                                             ---
--------------------------------------------------------------------------------
Fitness = S(hb_ext) + 1.3750*S(vdw_ext) + S(hb_int) + 1.0000*S(int)
S(int)  = S(vdw_int) + S(tors)

Internal terms are relative to best energy found (intcor).

--------------------------------------------------------------------------------


     Fitness  S(hb_ext) S(vdw_ext)  S(hb_int)    S(int)      intcor
     39.24       0.06      29.31       0.00      -1.12      -0.76

--------------------------------------------------------------------------------
--- GoldScore analysis of protein-ligand interactions                        ---
--------------------------------------------------------------------------------

  Ligand donor    8 hydrogen   22 Protein acceptor 1729 bond energy  2.00 wt 0.03

--------------------------------------------------------------------------------

--------------------------------------------------------------------------------
--- Rescoring solution                                                       ---
--------------------------------------------------------------------------------

     Score     S(PLP)   S(hbond)     S(cho)   S(metal)  DE(clash)   DE(tors)
     24.84     -26.67       0.00       0.00       0.00       0.59       0.62

Doing AMOEBA simplex on best individual
Done simplexing #iterations 543, best score  33.09

     Score     S(PLP)   S(hbond)     S(cho)   S(metal)  DE(clash)   DE(tors)
     33.09     -34.68       0.00       0.00       0.00       1.17       0.21

--------------------------------------------------------------------------------
--- CHEMPLP breakdown of terms                                               ---
--------------------------------------------------------------------------------
CHEMPLP = - ( 1.0000*S(PLP) + -3.0000*S(hbond) + -6.0000*S(metal) + -3.0000*S(cho) )

Score = CHEMPLP - 1.0000*DE(clash) - 2.0000*DE(tors)


--------------------------------------------------------------------------------


--------------------------------------------------------------------------------
--- PLP analysis of protein-ligand interactions                              ---
--------------------------------------------------------------------------------
hydrogen bonding        :       0.00
metal                   :       0.00
buried (polar-nonpolar) :      -2.53
nonpolar                :     -34.62
repulsive               :       1.09
--------------------------------------------------------------------------------


--------------------------------------------------------------------------------
--- ChemScore analysis of protein-ligand interactions                        ---
--------------------------------------------------------------------------------

* Hydrogen bonds                                                                


* CH..O interactions                                                            
  CH group selection                       : activated ring CH (adjacent to hetatom)

--------------------------------------------------------------------------------


--------------------------------------------------------------------------------
--- Intra-ligand clashes                                                     ---
--------------------------------------------------------------------------------

Ligand
  7 (C7   ) -   3 (C3   ):   1.17 (dist   2.72)
--------------------------------------------------------------------------------


--------------------------------------------------------------------------------
--- Chromosome decoded                                                       ---
--------------------------------------------------------------------------------
Ligand Torsions
[   6    2    1    3]  161.92
[  12    5    1    2]  171.25
Protein Torsions
[8483 8455 8453 8450]   -5.28 
[15483 15454 15453 15451]   69.32 
[5446 5415 5414 5412]  138.99 
[7755 7713 7712 7711]   31.16 
[7530 7488 7487 7485] -150.64 
Mapping
Ligand acceptors to protein hydrogens (mapping then atom ids)
Ligand hydrogens to protein acceptors (mapping then atom ids)
Ligand shape atoms to protein points (mapping then atom ids & coords)
  1  4300 [  5->( 14.750  15.000  13.750)]
  6  4693 [ 14->( 15.250  12.750  12.000)]
  7  4385 [ 16->( 15.000  12.250  10.500)]
Chromosome values
Integers:
  -1   -1   -1   -1   -1 4299   -1   -1   -1   -1 4692 4384 
--------------------------------------------------------------------------------


--------------------------------------------------------------------------------
--- Diverse Solutions Stats                                                  ---
--------------------------------------------------------------------------------
  Move attempts                            :  18388
  Move failures                            :     22
  Failure rate                             :   0.001

--------------------------------------------------------------------------------

Current Ranking  7  3  8  1  2  4  5  6

--------------------------------------------------------------------------------

* GA execution time :                                                           
  total  1.0867 user  1.0443 sys  0.0424

--------------------------------------------------------------------------------
Fitness function evaluations: 18484

--------------------------------------------------------------------------------
** Docking run number  9 **
--------------------------------------------------------------------------------
  Rank fitness base is 5000.00 ; increment is 11.2233

* Initialising population(s) ...                                                
Number of constraints mappings 0
Number of constraints 0
  Population no.                           :      1
  Population size                          :    100
  Number of duplicates                     :      0
  Number of niche violations               :      0
  Number of errors                         :    111


Doing GA, no. of population(s) 1 size 100 selection pressure 1.100000

 Operation      Fitness  S(hb_ext) S(vdw_ext)  S(hb_int)    S(int)      intcor
         0      35.41       4.72      24.74       0.00     -16.60      -0.76
       322      33.96       0.56      24.93       0.00      -3.30      -0.76
       492      33.27       4.49      23.88       0.00     -12.76      -0.76
Reordering...
       670      31.65       0.45      23.59       0.00      -3.30      -0.76
       721      36.18       1.05      25.92       0.00      -1.30      -0.76
       871      35.62       0.86      25.71       0.00      -1.30      -0.76
      1805      32.04       0.14      24.15       0.00      -1.30      -0.76
--------------------------------------------------------------------------------
Best docking solution after GA:
      2250      32.04       0.14      24.15       0.00      -1.30      -0.76

#ops:       2250 #mutates:   1126 #cross:     1124 #dups:       423 
#niche:     1207 #errors:      18 
--------------------------------------------------------------------------------

Doing AMOEBA simplex on best individual
Done simplexing #iterations 564, best score  36.85

Ligand is stored in gold_soln_ligand_prepared_m1_9.mol2


--------------------------------------------------------------------------------
--- GoldScore breakdown of terms                                             ---
--------------------------------------------------------------------------------
Fitness = S(hb_ext) + 1.3750*S(vdw_ext) + S(hb_int) + 1.0000*S(int)
S(int)  = S(vdw_int) + S(tors)

Internal terms are relative to best energy found (intcor).

--------------------------------------------------------------------------------


     Fitness  S(hb_ext) S(vdw_ext)  S(hb_int)    S(int)      intcor
     36.85       0.92      27.08       0.00      -1.31      -0.76

--------------------------------------------------------------------------------
--- GoldScore analysis of protein-ligand interactions                        ---
--------------------------------------------------------------------------------

  Ligand acceptor    9 Protein hydrogen 2846 donor 2793 bond energy  6.00 wt 0.15

--------------------------------------------------------------------------------

--------------------------------------------------------------------------------
--- Rescoring solution                                                       ---
--------------------------------------------------------------------------------

     Score     S(PLP)   S(hbond)     S(cho)   S(metal)  DE(clash)   DE(tors)
     10.42     -12.51       0.00       0.00       0.00       0.00       1.04

Doing AMOEBA simplex on best individual
Done simplexing #iterations 621, best score  36.92

     Score     S(PLP)   S(hbond)     S(cho)   S(metal)  DE(clash)   DE(tors)
     36.92     -36.63       0.96       0.00       0.00       0.08       1.25

--------------------------------------------------------------------------------
--- CHEMPLP breakdown of terms                                               ---
--------------------------------------------------------------------------------
CHEMPLP = - ( 1.0000*S(PLP) + -3.0000*S(hbond) + -6.0000*S(metal) + -3.0000*S(cho) )

Score = CHEMPLP - 1.0000*DE(clash) - 2.0000*DE(tors)


--------------------------------------------------------------------------------


--------------------------------------------------------------------------------
--- PLP analysis of protein-ligand interactions                              ---
--------------------------------------------------------------------------------
hydrogen bonding        :      -2.73
metal                   :       0.00
buried (polar-nonpolar) :      -4.77
nonpolar                :     -31.69
repulsive               :       0.57
--------------------------------------------------------------------------------


--------------------------------------------------------------------------------
--- ChemScore analysis of protein-ligand interactions                        ---
--------------------------------------------------------------------------------

* Hydrogen bonds                                                                
Protein donor 8455 hydrogen 8483 Ligand acceptor    9 bond energy  1.00 wt 0.96


* CH..O interactions                                                            
  CH group selection                       : activated ring CH (adjacent to hetatom)

--------------------------------------------------------------------------------


--------------------------------------------------------------------------------
--- Intra-ligand clashes                                                     ---
--------------------------------------------------------------------------------

Ligand
  7 (C7   ) -   4 (C4   ):   0.08 (dist   2.75)
--------------------------------------------------------------------------------


--------------------------------------------------------------------------------
--- Chromosome decoded                                                       ---
--------------------------------------------------------------------------------
Ligand Torsions
[   6    2    1    3]   80.08
[  12    5    1    2] -162.47
Protein Torsions
[8483 8455 8453 8450]  105.04 
[15483 15454 15453 15451]  124.31 
[5446 5415 5414 5412]  -39.61 
[7755 7713 7712 7711]  -39.13 
[7530 7488 7487 7485]   35.66 
Mapping
Ligand acceptors to protein hydrogens (mapping then atom ids)
Ligand hydrogens to protein acceptors (mapping then atom ids)
Ligand shape atoms to protein points (mapping then atom ids & coords)
  1  1883 [  5->( 12.000  13.250  14.250)]
  2  3729 [  6->( 14.250  15.250  15.000)]
  3  5535 [  7->( 16.250  13.750  14.500)]
  4  3051 [ 12->( 13.750  12.500  12.500)]
  5  6268 [ 13->( 17.500  14.750  14.500)]
  7  6791 [ 16->( 19.000  14.000  15.750)]
Chromosome values
Integers:
  -1   -1   -1   -1   -1 1882 3728 5534 3050 6267   -1 6790 
--------------------------------------------------------------------------------


--------------------------------------------------------------------------------
--- Diverse Solutions Stats                                                  ---
--------------------------------------------------------------------------------
  Move attempts                            :  18175
  Move failures                            :     58
  Failure rate                             :   0.003

--------------------------------------------------------------------------------

Current Ranking  7  3  8  1  2  9  4  5  6

--------------------------------------------------------------------------------

* GA execution time :                                                           
  total  1.1170 user  1.0122 sys  0.1048

--------------------------------------------------------------------------------
Fitness function evaluations: 18245

--------------------------------------------------------------------------------
** Docking run number 10 **
--------------------------------------------------------------------------------
  Rank fitness base is 5000.00 ; increment is 11.2233

* Initialising population(s) ...                                                
Number of constraints mappings 0
Number of constraints 0
  Population no.                           :      1
  Population size                          :    100
  Number of duplicates                     :      0
  Number of niche violations               :      0
  Number of errors                         :    104


Doing GA, no. of population(s) 1 size 100 selection pressure 1.100000

 Operation      Fitness  S(hb_ext) S(vdw_ext)  S(hb_int)    S(int)      intcor
         0      35.24       3.98      23.43       0.00      -4.81      -0.76
Reordering...
        67      34.52       1.09      25.07       0.00      -4.85      -0.76
       158      34.13       1.24      24.41       0.00      -2.93      -0.76
       448      32.75       0.11      24.80       0.00      -4.81      -0.76
       578      33.50       0.14      24.49       0.00      -0.89      -0.76
      1138      32.05       3.30      23.93       0.00      -7.11      -0.76
      1189      31.84       2.81      24.33       0.00      -7.11      -0.76
      1244      32.77       2.77      24.03       0.00      -4.71      -0.76
Reordering...
      1496      31.76       0.00      23.53       0.00      -0.70      -0.76
      1645      33.41       2.43      24.53       0.00      -2.91      -0.76
      1791      33.94       5.58      24.21       0.00      -4.93      -0.76
      1995      34.52       6.00      24.32       0.00      -4.93      -0.76
      2008      34.82       4.01      24.55       0.00      -2.95      -0.76
      2019      34.84       4.01      24.57       0.00      -2.95      -0.76
      2119      36.04       6.00      24.00       0.00      -2.95      -0.76
      2141      36.58       6.00      24.01       0.00      -2.44      -0.76
--------------------------------------------------------------------------------
Best docking solution after GA:
      2250      36.58       6.00      24.01       0.00      -2.44      -0.76

#ops:       2250 #mutates:   1106 #cross:     1144 #dups:       479 
#niche:     1086 #errors:      70 
--------------------------------------------------------------------------------

Doing AMOEBA simplex on best individual
Done simplexing #iterations 685, best score  37.61

Ligand is stored in gold_soln_ligand_prepared_m1_10.mol2


--------------------------------------------------------------------------------
--- GoldScore breakdown of terms                                             ---
--------------------------------------------------------------------------------
Fitness = S(hb_ext) + 1.3750*S(vdw_ext) + S(hb_int) + 1.0000*S(int)
S(int)  = S(vdw_int) + S(tors)

Internal terms are relative to best energy found (intcor).

--------------------------------------------------------------------------------


     Fitness  S(hb_ext) S(vdw_ext)  S(hb_int)    S(int)      intcor
     37.61       6.00      24.80       0.00      -2.48      -0.76

--------------------------------------------------------------------------------
--- GoldScore analysis of protein-ligand interactions                        ---
--------------------------------------------------------------------------------

  Ligand acceptor   17 Protein hydrogen 7755 donor 7713 bond energy  6.00 wt 1.00

--------------------------------------------------------------------------------

--------------------------------------------------------------------------------
--- Rescoring solution                                                       ---
--------------------------------------------------------------------------------

     Score     S(PLP)   S(hbond)     S(cho)   S(metal)  DE(clash)   DE(tors)
      9.11      -7.50       1.00       0.00       0.00       1.33       0.03

Doing AMOEBA simplex on best individual
Done simplexing #iterations 1485, best score  27.07

     Score     S(PLP)   S(hbond)     S(cho)   S(metal)  DE(clash)   DE(tors)
     27.07     -26.24       1.20       0.00       0.00       0.62       1.08

--------------------------------------------------------------------------------
--- CHEMPLP breakdown of terms                                               ---
--------------------------------------------------------------------------------
CHEMPLP = - ( 1.0000*S(PLP) + -3.0000*S(hbond) + -6.0000*S(metal) + -3.0000*S(cho) )

Score = CHEMPLP - 1.0000*DE(clash) - 2.0000*DE(tors)


--------------------------------------------------------------------------------


--------------------------------------------------------------------------------
--- PLP analysis of protein-ligand interactions                              ---
--------------------------------------------------------------------------------
hydrogen bonding        :      -1.87
metal                   :       0.00
buried (polar-nonpolar) :       2.32
nonpolar                :     -30.26
repulsive               :       2.02
--------------------------------------------------------------------------------


--------------------------------------------------------------------------------
--- ChemScore analysis of protein-ligand interactions                        ---
--------------------------------------------------------------------------------

* Hydrogen bonds                                                                
Ligand donor    8 hydrogen   22 Protein acceptor 7865 bond energy  1.00 wt 1.00
Protein donor 1804 hydrogen 1839 Ligand acceptor   11 bond energy  1.00 wt 0.20


* CH..O interactions                                                            
  CH group selection                       : activated ring CH (adjacent to hetatom)

--------------------------------------------------------------------------------


--------------------------------------------------------------------------------
--- Intra-ligand clashes                                                     ---
--------------------------------------------------------------------------------

Ligand
  7 (C7   ) -   3 (C3   ):   0.62 (dist   2.73)
--------------------------------------------------------------------------------


--------------------------------------------------------------------------------
--- Chromosome decoded                                                       ---
--------------------------------------------------------------------------------
Ligand Torsions
[   6    2    1    3]  176.43
[  12    5    1    2] -178.06
Protein Torsions
[8483 8455 8453 8450]  117.53 
[15483 15454 15453 15451]  -16.48 
[5446 5415 5414 5412] -178.88 
[7755 7713 7712 7711] -104.51 
[7530 7488 7487 7485]  158.10 
Mapping
Ligand acceptors to protein hydrogens (mapping then atom ids)
  3  36 [ 17->7755]
Ligand hydrogens to protein acceptors (mapping then atom ids)
Ligand shape atoms to protein points (mapping then atom ids & coords)
  1  3388 [  5->( 14.000  13.500  14.750)]
  4  4011 [ 12->( 14.500  15.000  15.250)]
  5  4668 [ 13->( 15.250  12.000  11.250)]
  6  3787 [ 14->( 14.500  12.250  10.750)]
  7  3754 [ 16->( 14.500  11.750  10.000)]
Chromosome values
Integers:
  -1   -1   35   -1   -1 3387   -1   -1 4010 4667 3786 3753 
--------------------------------------------------------------------------------


--------------------------------------------------------------------------------
--- Diverse Solutions Stats                                                  ---
--------------------------------------------------------------------------------
  Move attempts                            :  19457
  Move failures                            :    102
  Failure rate                             :   0.005

--------------------------------------------------------------------------------

Current Ranking  7  3  8  1 10  2  9  4  5  6

--------------------------------------------------------------------------------

* GA execution time :                                                           
  total  1.4920 user  1.3473 sys  0.1447

--------------------------------------------------------------------------------
Fitness function evaluations: 19528

--------------------------------------------------------------------------------
--- Ranking analysis                                                         ---
--------------------------------------------------------------------------------


* Final ranked order of GA solutions:                                           
   7  3  8  1 10  2  9  4  5  6 

  _______________________________
  RMSD Matrix of RANKED solutions

        2    3    4    5    6    7    8    9   10  

   1 :  2.6  4.4  4.4  5.2  4.1  2.8  7.3  3.9  3.9
   2 :       4.2  4.2  4.9  4.8  3.1  7.2  4.8  4.1
   3 :            0.4  4.8  4.3  4.5  6.9  4.2  2.3
   4 :                 4.7  4.2  4.4  6.8  4.1  2.1
   5 :                      4.5  4.7  3.8  4.5  4.4
   6 :                           4.1  6.3  0.6  3.8
   7 :                                6.2  4.1  4.3
   8 :                                     6.6  6.3
   9 :                                          3.7

  Clustering method                        : complete linkage
  Structure ids in cluster table           : rank nos.
  Ordering of clusters and their members   : by rank (order if from rms_analysis)

  Distance | Clusters
   0.42    |  1 |  2 |  3  4 |  5 |  6 |  7 |  8 |  9 | 10 |
   0.65    |  1 |  2 |  3  4 |  5 |  6  9 |  7 |  8 | 10 |
   2.35    |  1 |  2 |  3  4 10 |  5 |  6  9 |  7 |  8 |
   2.61    |  1  2 |  3  4 10 |  5 |  6  9 |  7 |  8 |
   3.06    |  1  2  7 |  3  4 10 |  5 |  6  9 |  8 |
   3.82    |  1  2  7 |  3  4 10 |  5  8 |  6  9 |
   4.26    |  1  2  7 |  3  4  6  9 10 |  5  8 |
   4.84    |  1  2  3  4  6  7  9 10 |  5  8 |
   7.28    |  1  2  3  4  5  6  7  8  9 10 |
  Finished Docking Ligand                  : /mnt/c/Users/ricca/Desktop/Documents/1_Coding/1_Script_Github/Reverse_Docking_Explore_V3/3mvj/ligand_prepared.mol2
--------------------------------------------------------------------------------

  Relative_Ligand_Energy (best encountered) :  -0.759
  Relative_Ligand_Energy: fitness values have been corrected using this amount
