
--------------------------------------------------------------------------------
--- Ligand                                                                   ---
--------------------------------------------------------------------------------
  Ligand loaded from file                  : /mnt/c/Users/ricca/Desktop/Documents/1_Coding/1_Script_Github/Reverse_Docking_Explore_V3/3nnw/ligand_prepared.mol2
  Ligand name                              :  
  "CT1002167954                                                             "

--------------------------------------------------------------------------------
  N.plc donors                             : 
  none found

  Acidic nitrogen acceptors                : 
  none found
  Sulfur acceptors                         :
  none found


  Donor atoms                              :      2
  8   10  
  Acceptor atoms                           :      3
  9   11  17  

  Hydrogens                                :  (n = 2)
  22   23   

  Lone pairs added to molecule             :      6
  Numbering                                : from 30 to 35

--------------------------------------------------------------------------------
--- Postprocessing of typing                                                 ---
--------------------------------------------------------------------------------
  Fragment file                            : /home/hitesit/CCDC/Discovery_2022/GOLD/gold/rotatable_bond_override.mol2
  acylurea fragment                        : 2 matches
  Ligand bond 15-8  set to flip
  Ligand bond 15-10  set to flip
  Ligand bond 15-10  set to 1
  Ligand bond 15-8  set to 1
  Ligand bond 10-4  set to flip
  Ligand bond 8-3  set to flip
  thioacylthiourea fragment                : no matches
  acylthiourea fragment                    : no matches
  thioacylurea fragment                    : no matches
  diarylamine fragment >C.ar-NH-C.ar<      : no matches
  sec-amine (1) fragment                   : no matches
  sec-amine (2) fragment                   : no matches
  sec-amine (3) fragment                   : no matches
  carboxylic ester                         : no matches

* Rotatable bonds in /mnt/c/Users/ricca/D  :
  [   1    2] [   1    5] 
  No. of rotatable bonds                   :      2


* Reading torsional distributions from file:
  /home/hitesit/CCDC/Discovery_2022/GOLD/gold/gold.tordist
  No. of bins in torsional distributions   :     36
  Minimum size of largest peak             :      0
  Removing high energy torsions            : on
  Delta E set to                           :   2.500

* Fragments found in /mnt/c/Users/ricca/D  :
  atom   2: benzene
  atom   6: benzene
  atom   7: benzene
  atom  13: benzene
  atom  14: benzene
  atom  16: benzene


* Checking torsion distributions:                                               
  No. of matched torsions                  :      0

--------------------------------------------------------------------------------
--- Shape fitting atoms selection (hydrophobic atoms)                        ---
--------------------------------------------------------------------------------
  Molecule                                 : /mnt/c/Users/ricca/Desktop/Documents/1_Coding/1_Script_Github/Reverse_Docking_Explore_V3/3nnw/ligand_prepared.mol2
  Selection                                : carbons only
  Atom numbers                             :  (n = 7)
  5    6    7    12   13   14   16   

--------------------------------------------------------------------------------
--- Diverse Solutions Setup                                                  ---
--------------------------------------------------------------------------------
  Cluster size                             :      2
  RMSD                                     :   2.000
  Refinement                               :      0


--------------------------------------------------------------------------------
--- ChemScore ligand setup summary                                           ---
--------------------------------------------------------------------------------
  ChemScore ligand acceptors               :      3
  9 11 17 
  ChemScore ligand donors                  :      2
  8 ( 22  ) 10 ( 23  ) 
  ChemScore ligand CH donors               :      0
  

  ChemScore ligand lipophilic atoms        :  (n = 9)
  1    2    5    6    7    12   13   14   16   

  ChemScore ligand rotatable bonds         :      2
  1   (C1 ) - 2   (C2 ): SP3_SP2_BOND
  1   (C1 ) - 5   (C5 ): SP3_SP3_BOND

--------------------------------------------------------------------------------
--- PLP ligand setup summary                                                 ---
--------------------------------------------------------------------------------
    1    C1   C.3 NONPOLAR
    2    C2  C.ar NONPOLAR
    3    C3   C.2 NONPOLAR
    4    C4   C.2 NONPOLAR
    5    C5   C.3 NONPOLAR
    6    C6  C.ar NONPOLAR
    7    C7  C.ar NONPOLAR
    8    N8  N.am DONOR
    9    O9   O.2 ACCEPTOR
   10   N10  N.am DONOR
   11   O11   O.2 ACCEPTOR
   12   C12   C.3 NONPOLAR
   13   C13  C.ar NONPOLAR
   14   C14  C.ar NONPOLAR
   15   C15   C.2 NONPOLAR
   16   C16  C.ar NONPOLAR
   17   O17   O.2 ACCEPTOR

--------------------------------------------------------------------------------
--- Automatic parameter setting                                              ---
--------------------------------------------------------------------------------
  Contribution base                        :   2500
  Contribution per rotatable bond          :   6000
  Contribution per df                      :   4000
  Contribution per water                   :  10000
  Ligand rotatable bonds                   :      2
  Protein flexible side chain bonds        :      0
  Total rotatable bonds                    :      2
  Hydrophobic vol ratio (P/L)              :   3.308
  Base multiplier (polar)                  :   1.000
  Base multiplier (apolar)                 :   4.631
  Base contribution                        : 12500.000
  Fitting points                           :      5
  Estimated maxops needed (optimal)        :  25000
  Autoscale factor (in percent)            :     10
  Scaled maxops                            :   2750

--------------------------------------------------------------------------------

* Population settings                                                           
  maxops                                   :   2750
  popsiz                                   :    100
  select_pressure                          :   1.100
  n_islands                                :      1
  niche_siz                                :      2

* GA settings                                                                   
  pt_crosswt                               :    100
  allele_mutatewt                          :    100
  migratewt                                :      0

* Search settings                                                               
  start_vdw_linear_cutoff                  :   6.000
  initial_virtual_pt_match_max             :   3.000
  Scaling of internal VDW energy           : log scale from  0.2 to    1
                                             over 2062 ops
  Sampling interval (operations)           :     27
  Scaling of virtual pt maximum length     : linear scale from    3 to    2
                                             over  2062 ops
  Sampling interval (operations)           :     82
  Scaling of 4-8 potential cutoff          : log scale from    6 to 1.2e+02
                                             over 2062 ops
  Sampling interval (operations)           :     82

--------------------------------------------------------------------------------

* Ligand initialisation time :                                                  
  total  0.0945 user  0.0370 sys  0.0576

--------------------------------------------------------------------------------

--------------------------------------------------------------------------------
** Docking run number  1 **
--------------------------------------------------------------------------------
  Rank fitness base is 5000.00 ; increment is 11.2233

* Initialising population(s) ...                                                
Number of constraints mappings 0
Number of constraints 0
  Population no.                           :      1
  Population size                          :    100
  Number of duplicates                     :      0
  Number of niche violations               :      0
  Number of errors                         :   1238


Doing GA, no. of population(s) 1 size 100 selection pressure 1.100000

 Operation      Fitness  S(hb_ext) S(vdw_ext)  S(hb_int)    S(int)      intcor
         0      32.43       4.36      23.78       0.00     -23.12      -0.79
       115      32.17       2.00      22.71       0.00      -4.90      -0.79
       197      32.50       2.40      23.08       0.00      -7.02      -0.79
       321      30.70       0.56      22.36       0.00      -2.41      -0.79
       329      30.85       0.05      26.23       0.00     -20.42      -0.79
       534      29.24       1.79      20.29       0.00      -1.49      -0.79
       542      29.92       0.49      22.74       0.00      -6.01      -0.79
Reordering...
       656      28.43       0.02      24.49       0.00     -15.88      -0.79
       695      29.62       0.24      22.10       0.00      -2.96      -0.79
       864      29.44       1.29      21.87       0.00      -4.90      -0.79
Reordering...
       902      29.20       0.24      21.93       0.00      -2.96      -0.79
       927      29.23       0.79      21.13       0.00      -1.49      -0.79
      1022      30.07       1.89      21.82       0.00      -4.18      -0.79
      1242      31.48       2.35      21.76       0.00      -1.49      -0.79
      1502      32.12       1.92      22.19       0.00      -0.50      -0.79
Reordering...
      1558      30.26       2.14      21.18       0.00      -1.49      -0.79
      1639      30.88       1.61      21.54       0.00      -0.50      -0.79
Reordering...
      1640      29.88       2.08      20.99       0.00      -1.49      -0.79
      1759      32.75       1.84      23.33       0.00      -1.49      -0.79
      2616      36.62       2.27      25.57       0.00      -0.82      -0.79
--------------------------------------------------------------------------------
Best docking solution after GA:
      2750      36.62       2.27      25.57       0.00      -0.82      -0.79

#ops:       2750 #mutates:   1394 #cross:     1356 #dups:       696 
#niche:     1408 #errors:     117 
--------------------------------------------------------------------------------

Doing AMOEBA simplex on best individual
Done simplexing #iterations 609, best score  39.70

Ligand is stored in gold_soln_ligand_prepared_m1_1.mol2


--------------------------------------------------------------------------------
--- GoldScore breakdown of terms                                             ---
--------------------------------------------------------------------------------
Fitness = S(hb_ext) + 1.3750*S(vdw_ext) + S(hb_int) + 1.0000*S(int)
S(int)  = S(vdw_int) + S(tors)

Internal terms are relative to best energy found (intcor).

--------------------------------------------------------------------------------


     Fitness  S(hb_ext) S(vdw_ext)  S(hb_int)    S(int)      intcor
     39.70       2.31      27.77       0.00      -0.80      -0.79

--------------------------------------------------------------------------------
--- GoldScore analysis of protein-ligand interactions                        ---
--------------------------------------------------------------------------------

  Ligand acceptor   17 Protein hydrogen 1046 donor 1030 bond energy  6.00 wt 0.05
  Ligand donor    8 hydrogen   22 Protein acceptor 1026 bond energy  2.00 wt 0.01
  Ligand donor   10 hydrogen   23 Protein acceptor 2744 bond energy  2.00 wt 1.00

--------------------------------------------------------------------------------

--------------------------------------------------------------------------------
--- Rescoring solution                                                       ---
--------------------------------------------------------------------------------

     Score     S(PLP)   S(hbond)     S(cho)   S(metal)  DE(clash)   DE(tors)
     18.24     -17.03       1.16       0.00       0.00       0.00       1.14

Doing AMOEBA simplex on best individual
Done simplexing #iterations 550, best score  33.50

     Score     S(PLP)   S(hbond)     S(cho)   S(metal)  DE(clash)   DE(tors)
     33.50     -30.07       1.76       0.00       0.00       0.99       0.43

--------------------------------------------------------------------------------
--- CHEMPLP breakdown of terms                                               ---
--------------------------------------------------------------------------------
CHEMPLP = - ( 1.0000*S(PLP) + -3.0000*S(hbond) + -6.0000*S(metal) + -3.0000*S(cho) )

Score = CHEMPLP - 1.0000*DE(clash) - 2.0000*DE(tors)


--------------------------------------------------------------------------------


--------------------------------------------------------------------------------
--- PLP analysis of protein-ligand interactions                              ---
--------------------------------------------------------------------------------
hydrogen bonding        :      -2.08
metal                   :       0.00
buried (polar-nonpolar) :      -1.04
nonpolar                :     -31.74
repulsive               :       4.47
--------------------------------------------------------------------------------


--------------------------------------------------------------------------------
--- ChemScore analysis of protein-ligand interactions                        ---
--------------------------------------------------------------------------------

* Hydrogen bonds                                                                
Ligand donor   10 hydrogen   23 Protein acceptor 2744 bond energy  1.00 wt 0.94
Protein donor 1030 hydrogen 1046 Ligand acceptor   17 bond energy  1.00 wt 0.82


* CH..O interactions                                                            
  CH group selection                       : activated ring CH (adjacent to hetatom)

--------------------------------------------------------------------------------


--------------------------------------------------------------------------------
--- Intra-ligand clashes                                                     ---
--------------------------------------------------------------------------------

Ligand
  7 (C7   ) -   4 (C4   ):   0.99 (dist   2.72)
--------------------------------------------------------------------------------


--------------------------------------------------------------------------------
--- Chromosome decoded                                                       ---
--------------------------------------------------------------------------------
Ligand Torsions
[   6    2    1    3]   83.06
[  12    5    1    2] -169.14
Protein Torsions
[1705 1700 1698 1695] -103.11 
[ 530  527  526  524]  154.31 
[1060 1053 1051 1048]   86.70 
[5171 5162 5161 5159] -116.28 
Mapping
Ligand acceptors to protein hydrogens (mapping then atom ids)
Ligand hydrogens to protein acceptors (mapping then atom ids)
  2  27 [ 23->2744]
Ligand shape atoms to protein points (mapping then atom ids & coords)
  2  1657 [  6->( 14.250  16.500  25.000)]
  7  1344 [ 16->( 14.000  15.750  24.750)]
Chromosome values
Integers:
  -1   -1   -1   -1   26   -1 1656   -1   -1   -1   -1 1343 
--------------------------------------------------------------------------------


--------------------------------------------------------------------------------
--- Diverse Solutions Stats                                                  ---
--------------------------------------------------------------------------------
  Move attempts                            :  18676
  Move failures                            :      0
  Failure rate                             :   0.000

--------------------------------------------------------------------------------

Current Ranking  1

--------------------------------------------------------------------------------

* GA execution time :                                                           
  total  1.2592 user  1.1264 sys  0.1327

--------------------------------------------------------------------------------
Fitness function evaluations: 20038

--------------------------------------------------------------------------------
** Docking run number  2 **
--------------------------------------------------------------------------------
  Rank fitness base is 5000.00 ; increment is 11.2233

* Initialising population(s) ...                                                
Number of constraints mappings 0
Number of constraints 0
  Population no.                           :      1
  Population size                          :    100
  Number of duplicates                     :      0
  Number of niche violations               :      0
  Number of errors                         :   1195


Doing GA, no. of population(s) 1 size 100 selection pressure 1.100000

 Operation      Fitness  S(hb_ext) S(vdw_ext)  S(hb_int)    S(int)      intcor
         0      36.33       1.69      26.87       0.00     -11.55      -0.79
       201      37.50       0.09      28.57       0.00      -8.11      -0.79
Reordering...
       410      35.18       0.11      27.12       0.00      -8.11      -0.79
       462      35.24       3.27      26.94       0.00     -17.72      -0.79
Reordering...
       492      34.58       0.11      26.79       0.00      -8.11      -0.79
       923      32.09       0.11      24.51       0.00      -4.22      -0.79
      1352      29.72       2.12      21.67       0.00      -3.82      -0.79
Reordering...
      1476      28.76       0.02      21.74       0.00      -1.85      -0.79
      1632      32.60       0.10      24.03       0.00      -0.78      -0.79
Reordering...
      1886      29.09       0.27      21.45       0.00      -0.78      -0.79
      1924      31.17       0.00      23.25       0.00      -0.89      -0.79
      2530      31.35       0.00      23.34       0.00      -0.75      -0.79
--------------------------------------------------------------------------------
Best docking solution after GA:
      2750      31.35       0.00      23.34       0.00      -0.75      -0.79

#ops:       2750 #mutates:   1307 #cross:     1443 #dups:       542 
#niche:     1262 #errors:      96 
--------------------------------------------------------------------------------

Doing AMOEBA simplex on best individual
Done simplexing #iterations 561, best score  37.20

Ligand is stored in gold_soln_ligand_prepared_m1_2.mol2


--------------------------------------------------------------------------------
--- GoldScore breakdown of terms                                             ---
--------------------------------------------------------------------------------
Fitness = S(hb_ext) + 1.3750*S(vdw_ext) + S(hb_int) + 1.0000*S(int)
S(int)  = S(vdw_int) + S(tors)

Internal terms are relative to best energy found (intcor).

--------------------------------------------------------------------------------


     Fitness  S(hb_ext) S(vdw_ext)  S(hb_int)    S(int)      intcor
     37.20       0.00      27.34       0.00      -0.39      -0.79

--------------------------------------------------------------------------------
--- GoldScore analysis of protein-ligand interactions                        ---
--------------------------------------------------------------------------------


--------------------------------------------------------------------------------

--------------------------------------------------------------------------------
--- Rescoring solution                                                       ---
--------------------------------------------------------------------------------

     Score     S(PLP)   S(hbond)     S(cho)   S(metal)  DE(clash)   DE(tors)
      6.60      -9.04       0.00       0.00       0.00       0.00       1.22

Doing AMOEBA simplex on best individual
Done simplexing #iterations 616, best score  27.21

     Score     S(PLP)   S(hbond)     S(cho)   S(metal)  DE(clash)   DE(tors)
     27.21     -29.32       0.00       0.00       0.00       0.01       1.05

--------------------------------------------------------------------------------
--- CHEMPLP breakdown of terms                                               ---
--------------------------------------------------------------------------------
CHEMPLP = - ( 1.0000*S(PLP) + -3.0000*S(hbond) + -6.0000*S(metal) + -3.0000*S(cho) )

Score = CHEMPLP - 1.0000*DE(clash) - 2.0000*DE(tors)


--------------------------------------------------------------------------------


--------------------------------------------------------------------------------
--- PLP analysis of protein-ligand interactions                              ---
--------------------------------------------------------------------------------
hydrogen bonding        :       0.00
metal                   :       0.00
buried (polar-nonpolar) :       3.93
nonpolar                :     -37.39
repulsive               :       4.13
--------------------------------------------------------------------------------


--------------------------------------------------------------------------------
--- ChemScore analysis of protein-ligand interactions                        ---
--------------------------------------------------------------------------------

* Hydrogen bonds                                                                


* CH..O interactions                                                            
  CH group selection                       : activated ring CH (adjacent to hetatom)

--------------------------------------------------------------------------------


--------------------------------------------------------------------------------
--- Intra-ligand clashes                                                     ---
--------------------------------------------------------------------------------

Ligand
  6 (C6   ) -   3 (C3   ):   0.01 (dist   2.75)
--------------------------------------------------------------------------------


--------------------------------------------------------------------------------
--- Chromosome decoded                                                       ---
--------------------------------------------------------------------------------
Ligand Torsions
[   6    2    1    3]  -34.00
[  12    5    1    2]  169.60
Protein Torsions
[1705 1700 1698 1695]  179.67 
[ 530  527  526  524]   50.97 
[1060 1053 1051 1048]  113.80 
[5171 5162 5161 5159]  -10.82 
Mapping
Ligand acceptors to protein hydrogens (mapping then atom ids)
Ligand hydrogens to protein acceptors (mapping then atom ids)
Ligand shape atoms to protein points (mapping then atom ids & coords)
  1  5384 [  5->( 16.000  14.500  21.500)]
  2  4196 [  6->( 15.500  15.500  24.750)]
  6  5374 [ 14->( 16.000  14.250  26.500)]
Chromosome values
Integers:
  -1   -1   -1   -1   -1 5383 4195   -1   -1   -1 5373   -1 
--------------------------------------------------------------------------------


--------------------------------------------------------------------------------
--- Diverse Solutions Stats                                                  ---
--------------------------------------------------------------------------------
  Move attempts                            :  18900
  Move failures                            :      0
  Failure rate                             :   0.000

--------------------------------------------------------------------------------

Current Ranking  1  2

--------------------------------------------------------------------------------

* GA execution time :                                                           
  total  1.0539 user  0.9715 sys  0.0825

--------------------------------------------------------------------------------
Fitness function evaluations: 20194

--------------------------------------------------------------------------------
** Docking run number  3 **
--------------------------------------------------------------------------------
  Rank fitness base is 5000.00 ; increment is 11.2233

* Initialising population(s) ...                                                
Number of constraints mappings 0
Number of constraints 0
  Population no.                           :      1
  Population size                          :    100
  Number of duplicates                     :      0
  Number of niche violations               :      0
  Number of errors                         :   1375


Doing GA, no. of population(s) 1 size 100 selection pressure 1.100000

 Operation      Fitness  S(hb_ext) S(vdw_ext)  S(hb_int)    S(int)      intcor
         0      40.34       2.44      27.68       0.00      -0.77      -0.76
Reordering...
       246      36.17       3.11      27.22       0.00     -18.06      -0.76
Reordering...
       783      30.90       0.62      22.18       0.00      -0.57      -0.76
       814      32.83       2.49      26.36       0.00     -15.70      -0.76
Reordering...
       999      30.80       0.56      22.18       0.00      -0.57      -0.76
      1033      34.29       2.16      26.42       0.00      -9.44      -0.76
      1606      31.75       1.93      22.77       0.00      -2.14      -0.76
      1648      31.39       0.00      23.13       0.00      -0.57      -0.76
      1889      31.79       0.00      23.37       0.00      -0.39      -0.76
      1937      32.07       0.00      23.50       0.00      -0.27      -0.76
      2260      32.10       1.07      26.44       0.00      -5.33      -0.76
      2524      32.17       0.00      24.19       0.00      -1.09      -0.76
      2552      32.33       0.00      23.66       0.00      -0.20      -0.76
--------------------------------------------------------------------------------
Best docking solution after GA:
      2750      32.33       0.00      23.66       0.00      -0.20      -0.76

#ops:       2750 #mutates:   1331 #cross:     1419 #dups:       620 
#niche:     1356 #errors:      81 
--------------------------------------------------------------------------------

Doing AMOEBA simplex on best individual
Done simplexing #iterations 535, best score  34.13

Ligand is stored in gold_soln_ligand_prepared_m1_3.mol2


--------------------------------------------------------------------------------
--- GoldScore breakdown of terms                                             ---
--------------------------------------------------------------------------------
Fitness = S(hb_ext) + 1.3750*S(vdw_ext) + S(hb_int) + 1.0000*S(int)
S(int)  = S(vdw_int) + S(tors)

Internal terms are relative to best energy found (intcor).

--------------------------------------------------------------------------------


     Fitness  S(hb_ext) S(vdw_ext)  S(hb_int)    S(int)      intcor
     34.13       0.00      25.27       0.00      -0.62      -0.76

--------------------------------------------------------------------------------
--- GoldScore analysis of protein-ligand interactions                        ---
--------------------------------------------------------------------------------


--------------------------------------------------------------------------------

--------------------------------------------------------------------------------
--- Rescoring solution                                                       ---
--------------------------------------------------------------------------------

     Score     S(PLP)   S(hbond)     S(cho)   S(metal)  DE(clash)   DE(tors)
      6.78      -8.89       0.00       0.00       0.00       0.00       1.06

Doing AMOEBA simplex on best individual
Done simplexing #iterations 703, best score  27.23

     Score     S(PLP)   S(hbond)     S(cho)   S(metal)  DE(clash)   DE(tors)
     27.23     -27.89       0.00       0.00       0.00       0.00       0.33

--------------------------------------------------------------------------------
--- CHEMPLP breakdown of terms                                               ---
--------------------------------------------------------------------------------
CHEMPLP = - ( 1.0000*S(PLP) + -3.0000*S(hbond) + -6.0000*S(metal) + -3.0000*S(cho) )

Score = CHEMPLP - 1.0000*DE(clash) - 2.0000*DE(tors)


--------------------------------------------------------------------------------


--------------------------------------------------------------------------------
--- PLP analysis of protein-ligand interactions                              ---
--------------------------------------------------------------------------------
hydrogen bonding        :      -0.58
metal                   :       0.00
buried (polar-nonpolar) :      -2.11
nonpolar                :     -25.06
repulsive               :       0.40
--------------------------------------------------------------------------------


--------------------------------------------------------------------------------
--- ChemScore analysis of protein-ligand interactions                        ---
--------------------------------------------------------------------------------

* Hydrogen bonds                                                                


* CH..O interactions                                                            
  CH group selection                       : activated ring CH (adjacent to hetatom)

--------------------------------------------------------------------------------


--------------------------------------------------------------------------------
--- Intra-ligand clashes                                                     ---
--------------------------------------------------------------------------------

Ligand
--------------------------------------------------------------------------------


--------------------------------------------------------------------------------
--- Chromosome decoded                                                       ---
--------------------------------------------------------------------------------
Ligand Torsions
[   6    2    1    3]  -86.69
[  12    5    1    2] -163.22
Protein Torsions
[1705 1700 1698 1695] -133.53 
[ 530  527  526  524]   93.95 
[1060 1053 1051 1048]   72.32 
[5171 5162 5161 5159]  -58.46 
Mapping
Ligand acceptors to protein hydrogens (mapping then atom ids)
Ligand hydrogens to protein acceptors (mapping then atom ids)
Ligand shape atoms to protein points (mapping then atom ids & coords)
  2  1660 [  6->( 14.250  18.000  26.000)]
  4  2161 [ 12->( 14.500  20.000  27.750)]
  5  5477 [ 13->( 16.000  15.250  23.250)]
  7  5345 [ 16->( 16.000  14.000  27.000)]
Chromosome values
Integers:
  -1   -1   -1   -1   -1   -1 1659   -1 2160 5476   -1 5344 
--------------------------------------------------------------------------------


--------------------------------------------------------------------------------
--- Diverse Solutions Stats                                                  ---
--------------------------------------------------------------------------------
  Move attempts                            :  18961
  Move failures                            :      0
  Failure rate                             :   0.000

--------------------------------------------------------------------------------

Current Ranking  1  2  3

--------------------------------------------------------------------------------

* GA execution time :                                                           
  total  1.0233 user  0.9892 sys  0.0341

--------------------------------------------------------------------------------
Fitness function evaluations: 20424

--------------------------------------------------------------------------------
** Docking run number  4 **
--------------------------------------------------------------------------------
  Rank fitness base is 5000.00 ; increment is 11.2233

* Initialising population(s) ...                                                
Number of constraints mappings 0
Number of constraints 0
  Population no.                           :      1
  Population size                          :    100
  Number of duplicates                     :      0
  Number of niche violations               :      0
  Number of errors                         :   1218


Doing GA, no. of population(s) 1 size 100 selection pressure 1.100000

 Operation      Fitness  S(hb_ext) S(vdw_ext)  S(hb_int)    S(int)      intcor
         0      36.48       4.72      24.45       0.00      -9.29      -0.76
       109      36.58       2.76      25.02       0.00      -2.67      -0.76
       490      31.60       0.74      24.77       0.00     -10.93      -0.76
       550      30.94       0.00      23.41       0.00      -4.08      -0.76
Reordering...
       574      30.69       0.00      22.78       0.00      -2.02      -0.76
       633      32.04       0.73      23.42       0.00      -2.78      -0.76
       797      30.81       0.09      23.17       0.00      -3.07      -0.76
      2178      32.13       0.00      26.25       0.00      -3.97      -0.76
--------------------------------------------------------------------------------
Best docking solution after GA:
      2750      32.13       0.00      26.25       0.00      -3.97      -0.76

#ops:       2750 #mutates:   1371 #cross:     1379 #dups:       562 
#niche:     1289 #errors:      96 
--------------------------------------------------------------------------------

Doing AMOEBA simplex on best individual
Done simplexing #iterations 650, best score  35.56

Ligand is stored in gold_soln_ligand_prepared_m1_4.mol2


--------------------------------------------------------------------------------
--- GoldScore breakdown of terms                                             ---
--------------------------------------------------------------------------------
Fitness = S(hb_ext) + 1.3750*S(vdw_ext) + S(hb_int) + 1.0000*S(int)
S(int)  = S(vdw_int) + S(tors)

Internal terms are relative to best energy found (intcor).

--------------------------------------------------------------------------------


     Fitness  S(hb_ext) S(vdw_ext)  S(hb_int)    S(int)      intcor
     35.56       0.00      27.70       0.00      -2.53      -0.76

--------------------------------------------------------------------------------
--- GoldScore analysis of protein-ligand interactions                        ---
--------------------------------------------------------------------------------


--------------------------------------------------------------------------------

--------------------------------------------------------------------------------
--- Rescoring solution                                                       ---
--------------------------------------------------------------------------------

     Score     S(PLP)   S(hbond)     S(cho)   S(metal)  DE(clash)   DE(tors)
     14.83     -16.73       0.00       0.00       0.00       1.02       0.44

Doing AMOEBA simplex on best individual
Done simplexing #iterations 569, best score  31.67

     Score     S(PLP)   S(hbond)     S(cho)   S(metal)  DE(clash)   DE(tors)
     31.67     -33.32       0.00       0.00       0.00       1.28       0.18

--------------------------------------------------------------------------------
--- CHEMPLP breakdown of terms                                               ---
--------------------------------------------------------------------------------
CHEMPLP = - ( 1.0000*S(PLP) + -3.0000*S(hbond) + -6.0000*S(metal) + -3.0000*S(cho) )

Score = CHEMPLP - 1.0000*DE(clash) - 2.0000*DE(tors)


--------------------------------------------------------------------------------


--------------------------------------------------------------------------------
--- PLP analysis of protein-ligand interactions                              ---
--------------------------------------------------------------------------------
hydrogen bonding        :       0.00
metal                   :       0.00
buried (polar-nonpolar) :      -0.71
nonpolar                :     -34.39
repulsive               :       0.18
--------------------------------------------------------------------------------


--------------------------------------------------------------------------------
--- ChemScore analysis of protein-ligand interactions                        ---
--------------------------------------------------------------------------------

* Hydrogen bonds                                                                


* CH..O interactions                                                            
  CH group selection                       : activated ring CH (adjacent to hetatom)

--------------------------------------------------------------------------------


--------------------------------------------------------------------------------
--- Intra-ligand clashes                                                     ---
--------------------------------------------------------------------------------

Ligand
  7 (C7   ) -   4 (C4   ):   1.28 (dist   2.71)
--------------------------------------------------------------------------------


--------------------------------------------------------------------------------
--- Chromosome decoded                                                       ---
--------------------------------------------------------------------------------
Ligand Torsions
[   6    2    1    3]   69.47
[  12    5    1    2]  174.88
Protein Torsions
[1705 1700 1698 1695]   89.61 
[ 530  527  526  524]   97.93 
[1060 1053 1051 1048] -155.93 
[5171 5162 5161 5159]   -3.43 
Mapping
Ligand acceptors to protein hydrogens (mapping then atom ids)
Ligand hydrogens to protein acceptors (mapping then atom ids)
Ligand shape atoms to protein points (mapping then atom ids & coords)
  1  7938 [  5->( 17.500  14.750  22.250)]
  2  2498 [  6->( 14.750  16.750  24.750)]
  3  3640 [  7->( 15.250  16.250  23.750)]
  4  5274 [ 12->( 16.000  13.250  22.000)]
  5  3027 [ 13->( 15.000  16.250  24.000)]
Chromosome values
Integers:
  -1   -1   -1   -1   -1 7937 2497 3639 5273 3026   -1   -1 
--------------------------------------------------------------------------------


--------------------------------------------------------------------------------
--- Diverse Solutions Stats                                                  ---
--------------------------------------------------------------------------------
  Move attempts                            :  18949
  Move failures                            :      0
  Failure rate                             :   0.000

--------------------------------------------------------------------------------

Current Ranking  1  2  4  3

--------------------------------------------------------------------------------

* GA execution time :                                                           
  total  0.9855 user  0.9441 sys  0.0414

--------------------------------------------------------------------------------
Fitness function evaluations: 20269

--------------------------------------------------------------------------------
** Docking run number  5 **
--------------------------------------------------------------------------------
  Rank fitness base is 5000.00 ; increment is 11.2233

* Initialising population(s) ...                                                
Number of constraints mappings 0
Number of constraints 0
  Population no.                           :      1
  Population size                          :    100
  Number of duplicates                     :      0
  Number of niche violations               :      0
  Number of errors                         :   1238


Doing GA, no. of population(s) 1 size 100 selection pressure 1.100000

 Operation      Fitness  S(hb_ext) S(vdw_ext)  S(hb_int)    S(int)      intcor
         0      35.85       2.89      27.82       0.00     -26.47      -0.76
       145      36.95       0.32      27.10       0.00      -2.85      -0.76
       439      33.50       3.87      22.60       0.00      -5.14      -0.76
Reordering...
       492      32.30       0.25      23.92       0.00      -2.85      -0.76
       556      32.34       2.05      25.25       0.00     -14.53      -0.76
       569      33.72       0.23      25.00       0.00      -2.84      -0.76
       934      31.22       0.00      22.73       0.00      -0.10      -0.76
      1740      30.19       0.23      21.85       0.00      -0.10      -0.76
Reordering...
      1755      28.62       0.00      20.87       0.00      -0.10      -0.76
      1881      29.32       0.00      21.61       0.00      -0.47      -0.76
--------------------------------------------------------------------------------
Best docking solution after GA:
      2750      29.25       0.00      21.61       0.00      -0.47      -0.76

#ops:       2750 #mutates:   1384 #cross:     1366 #dups:       516 
#niche:     1270 #errors:     138 
--------------------------------------------------------------------------------

Doing AMOEBA simplex on best individual
Done simplexing #iterations 718, best score  33.33

Ligand is stored in gold_soln_ligand_prepared_m1_5.mol2


--------------------------------------------------------------------------------
--- GoldScore breakdown of terms                                             ---
--------------------------------------------------------------------------------
Fitness = S(hb_ext) + 1.3750*S(vdw_ext) + S(hb_int) + 1.0000*S(int)
S(int)  = S(vdw_int) + S(tors)

Internal terms are relative to best energy found (intcor).

--------------------------------------------------------------------------------


     Fitness  S(hb_ext) S(vdw_ext)  S(hb_int)    S(int)      intcor
     33.33       0.00      24.48       0.00      -0.34      -0.76

--------------------------------------------------------------------------------
--- GoldScore analysis of protein-ligand interactions                        ---
--------------------------------------------------------------------------------


--------------------------------------------------------------------------------

--------------------------------------------------------------------------------
--- Rescoring solution                                                       ---
--------------------------------------------------------------------------------

     Score     S(PLP)   S(hbond)     S(cho)   S(metal)  DE(clash)   DE(tors)
     12.36     -12.86       0.00       0.00       0.00       0.00       0.25

Doing AMOEBA simplex on best individual
Done simplexing #iterations 575, best score  22.95

     Score     S(PLP)   S(hbond)     S(cho)   S(metal)  DE(clash)   DE(tors)
     22.95     -23.28       0.00       0.00       0.00       0.00       0.17

--------------------------------------------------------------------------------
--- CHEMPLP breakdown of terms                                               ---
--------------------------------------------------------------------------------
CHEMPLP = - ( 1.0000*S(PLP) + -3.0000*S(hbond) + -6.0000*S(metal) + -3.0000*S(cho) )

Score = CHEMPLP - 1.0000*DE(clash) - 2.0000*DE(tors)


--------------------------------------------------------------------------------


--------------------------------------------------------------------------------
--- PLP analysis of protein-ligand interactions                              ---
--------------------------------------------------------------------------------
hydrogen bonding        :      -0.54
metal                   :       0.00
buried (polar-nonpolar) :       6.00
nonpolar                :     -30.34
repulsive               :       1.23
--------------------------------------------------------------------------------


--------------------------------------------------------------------------------
--- ChemScore analysis of protein-ligand interactions                        ---
--------------------------------------------------------------------------------

* Hydrogen bonds                                                                


* CH..O interactions                                                            
  CH group selection                       : activated ring CH (adjacent to hetatom)

--------------------------------------------------------------------------------


--------------------------------------------------------------------------------
--- Intra-ligand clashes                                                     ---
--------------------------------------------------------------------------------

Ligand
--------------------------------------------------------------------------------


--------------------------------------------------------------------------------
--- Chromosome decoded                                                       ---
--------------------------------------------------------------------------------
Ligand Torsions
[   6    2    1    3]  -68.30
[  12    5    1    2] -170.95
Protein Torsions
[1705 1700 1698 1695] -144.19 
[ 530  527  526  524]  125.44 
[1060 1053 1051 1048]    7.63 
[5171 5162 5161 5159] -145.99 
Mapping
Ligand acceptors to protein hydrogens (mapping then atom ids)
Ligand hydrogens to protein acceptors (mapping then atom ids)
Ligand shape atoms to protein points (mapping then atom ids & coords)
  2  5334 [  6->( 16.000  14.000  23.250)]
  4  3086 [ 12->( 15.000  17.750  21.000)]
  7  4349 [ 16->( 15.500  17.750  27.750)]
Chromosome values
Integers:
  -1   -1   -1   -1   -1   -1 5333   -1 3085   -1   -1 4348 
--------------------------------------------------------------------------------


--------------------------------------------------------------------------------
--- Diverse Solutions Stats                                                  ---
--------------------------------------------------------------------------------
  Move attempts                            :  19009
  Move failures                            :      0
  Failure rate                             :   0.000

--------------------------------------------------------------------------------

Current Ranking  1  2  4  3  5

--------------------------------------------------------------------------------

* GA execution time :                                                           
  total  1.0532 user  0.9904 sys  0.0628

--------------------------------------------------------------------------------
Fitness function evaluations: 20390

--------------------------------------------------------------------------------
** Docking run number  6 **
--------------------------------------------------------------------------------
  Rank fitness base is 5000.00 ; increment is 11.2233

* Initialising population(s) ...                                                
Number of constraints mappings 0
Number of constraints 0
  Population no.                           :      1
  Population size                          :    100
  Number of duplicates                     :      0
  Number of niche violations               :      0
  Number of errors                         :   1223


Doing GA, no. of population(s) 1 size 100 selection pressure 1.100000

 Operation      Fitness  S(hb_ext) S(vdw_ext)  S(hb_int)    S(int)      intcor
         0      39.22       0.14      29.41       0.00      -6.79      -0.76
        66      40.32       0.14      29.45       0.00      -1.46      -0.76
       175      37.93       0.13      27.73       0.00      -1.46      -0.76
       222      41.07       0.73      29.53       0.00      -1.12      -0.76
      1786      30.37       6.00      18.61       0.00      -1.53      -0.76
      2401      30.38       6.00      18.88       0.00      -1.57      -0.76
--------------------------------------------------------------------------------
Best docking solution after GA:
      2750      30.38       6.00      18.88       0.00      -1.57      -0.76

#ops:       2750 #mutates:   1410 #cross:     1340 #dups:       542 
#niche:     1260 #errors:     118 
--------------------------------------------------------------------------------

Doing AMOEBA simplex on best individual
Done simplexing #iterations 725, best score  37.55

Ligand is stored in gold_soln_ligand_prepared_m1_6.mol2


--------------------------------------------------------------------------------
--- GoldScore breakdown of terms                                             ---
--------------------------------------------------------------------------------
Fitness = S(hb_ext) + 1.3750*S(vdw_ext) + S(hb_int) + 1.0000*S(int)
S(int)  = S(vdw_int) + S(tors)

Internal terms are relative to best energy found (intcor).

--------------------------------------------------------------------------------


     Fitness  S(hb_ext) S(vdw_ext)  S(hb_int)    S(int)      intcor
     37.55       6.00      23.92       0.00      -1.33      -0.76

--------------------------------------------------------------------------------
--- GoldScore analysis of protein-ligand interactions                        ---
--------------------------------------------------------------------------------

  Ligand acceptor   17 Protein hydrogen 1103 donor 1091 bond energy  6.00 wt 1.00

--------------------------------------------------------------------------------

--------------------------------------------------------------------------------
--- Rescoring solution                                                       ---
--------------------------------------------------------------------------------

     Score     S(PLP)   S(hbond)     S(cho)   S(metal)  DE(clash)   DE(tors)
     -3.66       5.00       1.00       0.00       0.00       0.97       0.34

Doing AMOEBA simplex on best individual
Done simplexing #iterations 864, best score  26.31

     Score     S(PLP)   S(hbond)     S(cho)   S(metal)  DE(clash)   DE(tors)
     26.31     -28.10       0.00       0.00       0.00       0.72       0.54

--------------------------------------------------------------------------------
--- CHEMPLP breakdown of terms                                               ---
--------------------------------------------------------------------------------
CHEMPLP = - ( 1.0000*S(PLP) + -3.0000*S(hbond) + -6.0000*S(metal) + -3.0000*S(cho) )

Score = CHEMPLP - 1.0000*DE(clash) - 2.0000*DE(tors)


--------------------------------------------------------------------------------


--------------------------------------------------------------------------------
--- PLP analysis of protein-ligand interactions                              ---
--------------------------------------------------------------------------------
hydrogen bonding        :      -0.95
metal                   :       0.00
buried (polar-nonpolar) :      -4.24
nonpolar                :     -24.11
repulsive               :       0.62
--------------------------------------------------------------------------------


--------------------------------------------------------------------------------
--- ChemScore analysis of protein-ligand interactions                        ---
--------------------------------------------------------------------------------

* Hydrogen bonds                                                                


* CH..O interactions                                                            
  CH group selection                       : activated ring CH (adjacent to hetatom)

--------------------------------------------------------------------------------


--------------------------------------------------------------------------------
--- Intra-ligand clashes                                                     ---
--------------------------------------------------------------------------------

Ligand
  7 (C7   ) -   3 (C3   ):   0.72 (dist   2.73)
--------------------------------------------------------------------------------


--------------------------------------------------------------------------------
--- Chromosome decoded                                                       ---
--------------------------------------------------------------------------------
Ligand Torsions
[   6    2    1    3]  166.39
[  12    5    1    2]  172.85
Protein Torsions
[1705 1700 1698 1695]  -88.78 
[ 530  527  526  524]  -86.64 
[1060 1053 1051 1048] -116.86 
[5171 5162 5161 5159]  123.27 
Mapping
Ligand acceptors to protein hydrogens (mapping then atom ids)
  3  35 [ 17->1103]
Ligand hydrogens to protein acceptors (mapping then atom ids)
Ligand shape atoms to protein points (mapping then atom ids & coords)
  2  5613 [  6->( 16.000  17.500  22.750)]
  3  1756 [  7->( 14.250  20.250  24.750)]
  5  4221 [ 13->( 15.500  15.750  23.750)]
  7  6749 [ 16->( 16.500  18.500  22.250)]
Chromosome values
Integers:
  -1   -1   34   -1   -1   -1 5612 1755   -1 4220   -1 6748 
--------------------------------------------------------------------------------


--------------------------------------------------------------------------------
--- Diverse Solutions Stats                                                  ---
--------------------------------------------------------------------------------
  Move attempts                            :  19377
  Move failures                            :      0
  Failure rate                             :   0.000

--------------------------------------------------------------------------------

Current Ranking  1  6  2  4  3  5

--------------------------------------------------------------------------------

* GA execution time :                                                           
  total  1.0303 user  1.0007 sys  0.0296

--------------------------------------------------------------------------------
Fitness function evaluations: 20726

--------------------------------------------------------------------------------
** Docking run number  7 **
--------------------------------------------------------------------------------
  Rank fitness base is 5000.00 ; increment is 11.2233

* Initialising population(s) ...                                                
Number of constraints mappings 0
Number of constraints 0
  Population no.                           :      1
  Population size                          :    100
  Number of duplicates                     :      0
  Number of niche violations               :      0
  Number of errors                         :   1319


Doing GA, no. of population(s) 1 size 100 selection pressure 1.100000

 Operation      Fitness  S(hb_ext) S(vdw_ext)  S(hb_int)    S(int)      intcor
         0      38.52       6.05      24.14       0.00      -3.64      -0.76
       108      38.02       2.04      31.84       0.00     -35.78      -0.76
Reordering...
       246      35.02       6.06      22.18       0.00      -6.32      -0.76
       829      37.24       6.02      23.07       0.00      -1.35      -0.76
       996      38.03       6.00      23.87       0.00      -1.85      -0.76
      1115      37.78       6.00      23.64       0.00      -1.52      -0.76
      1367      37.09       6.00      23.04       0.00      -1.02      -0.76
      1383      37.30       5.62      23.62       0.00      -1.35      -0.76
      1520      37.53       5.65      23.73       0.00      -1.15      -0.76
      1644      37.48       5.68      23.65       0.00      -1.02      -0.76
      1755      37.48       5.65      23.81       0.00      -1.14      -0.76
      1870      37.51       5.71      23.95       0.00      -1.32      -0.76
      2239      37.59       5.65      24.00       0.00      -1.05      -0.76
      2356      38.07       5.68      23.86       0.00      -0.43      -0.76
--------------------------------------------------------------------------------
Best docking solution after GA:
      2750      38.07       5.68      23.86       0.00      -0.43      -0.76

#ops:       2750 #mutates:   1331 #cross:     1419 #dups:       782 
#niche:     1583 #errors:     100 
--------------------------------------------------------------------------------

Doing AMOEBA simplex on best individual
Done simplexing #iterations 518, best score  38.61

Ligand is stored in gold_soln_ligand_prepared_m1_7.mol2


--------------------------------------------------------------------------------
--- GoldScore breakdown of terms                                             ---
--------------------------------------------------------------------------------
Fitness = S(hb_ext) + 1.3750*S(vdw_ext) + S(hb_int) + 1.0000*S(int)
S(int)  = S(vdw_int) + S(tors)

Internal terms are relative to best energy found (intcor).

--------------------------------------------------------------------------------


     Fitness  S(hb_ext) S(vdw_ext)  S(hb_int)    S(int)      intcor
     38.61       5.71      24.25       0.00      -0.45      -0.76

--------------------------------------------------------------------------------
--- GoldScore analysis of protein-ligand interactions                        ---
--------------------------------------------------------------------------------

  Ligand acceptor   17 Protein hydrogen 1103 donor 1091 bond energy  6.00 wt 0.95

--------------------------------------------------------------------------------

--------------------------------------------------------------------------------
--- Rescoring solution                                                       ---
--------------------------------------------------------------------------------

     Score     S(PLP)   S(hbond)     S(cho)   S(metal)  DE(clash)   DE(tors)
     19.54     -18.73       1.00       0.00       0.00       0.00       1.10

Doing AMOEBA simplex on best individual
Done simplexing #iterations 710, best score  32.18

     Score     S(PLP)   S(hbond)     S(cho)   S(metal)  DE(clash)   DE(tors)
     32.18     -31.34       0.99       0.00       0.00       0.00       1.07

--------------------------------------------------------------------------------
--- CHEMPLP breakdown of terms                                               ---
--------------------------------------------------------------------------------
CHEMPLP = - ( 1.0000*S(PLP) + -3.0000*S(hbond) + -6.0000*S(metal) + -3.0000*S(cho) )

Score = CHEMPLP - 1.0000*DE(clash) - 2.0000*DE(tors)


--------------------------------------------------------------------------------


--------------------------------------------------------------------------------
--- PLP analysis of protein-ligand interactions                              ---
--------------------------------------------------------------------------------
hydrogen bonding        :      -1.56
metal                   :       0.00
buried (polar-nonpolar) :      -4.14
nonpolar                :     -26.05
repulsive               :       0.52
--------------------------------------------------------------------------------


--------------------------------------------------------------------------------
--- ChemScore analysis of protein-ligand interactions                        ---
--------------------------------------------------------------------------------

* Hydrogen bonds                                                                
Protein donor 1091 hydrogen 1103 Ligand acceptor   17 bond energy  1.00 wt 0.99


* CH..O interactions                                                            
  CH group selection                       : activated ring CH (adjacent to hetatom)

--------------------------------------------------------------------------------


--------------------------------------------------------------------------------
--- Intra-ligand clashes                                                     ---
--------------------------------------------------------------------------------

Ligand
--------------------------------------------------------------------------------


--------------------------------------------------------------------------------
--- Chromosome decoded                                                       ---
--------------------------------------------------------------------------------
Ligand Torsions
[   6    2    1    3]  -35.42
[  12    5    1    2]  171.56
Protein Torsions
[1705 1700 1698 1695]   76.11 
[ 530  527  526  524]  117.32 
[1060 1053 1051 1048]   30.07 
[5171 5162 5161 5159] -116.52 
Mapping
Ligand acceptors to protein hydrogens (mapping then atom ids)
  3  35 [ 17->1103]
Ligand hydrogens to protein acceptors (mapping then atom ids)
Ligand shape atoms to protein points (mapping then atom ids & coords)
  1  6217 [  5->( 16.250  17.750  27.500)]
  4  3796 [ 12->( 15.250  18.750  28.000)]
  7  5042 [ 16->( 15.750  18.750  22.250)]
Chromosome values
Integers:
  -1   -1   34   -1   -1 6216   -1   -1 3795   -1   -1 5041 
--------------------------------------------------------------------------------


--------------------------------------------------------------------------------
--- Diverse Solutions Stats                                                  ---
--------------------------------------------------------------------------------
  Move attempts                            :  18889
  Move failures                            :      0
  Failure rate                             :   0.000

--------------------------------------------------------------------------------

Current Ranking  1  7  6  2  4  3  5

--------------------------------------------------------------------------------

* GA execution time :                                                           
  total  0.9647 user  0.9069 sys  0.0578

--------------------------------------------------------------------------------
Fitness function evaluations: 20318

--------------------------------------------------------------------------------
** Docking run number  8 **
--------------------------------------------------------------------------------
  Rank fitness base is 5000.00 ; increment is 11.2233

* Initialising population(s) ...                                                
Number of constraints mappings 0
Number of constraints 0
  Population no.                           :      1
  Population size                          :    100
  Number of duplicates                     :      0
  Number of niche violations               :      0
  Number of errors                         :   1256


Doing GA, no. of population(s) 1 size 100 selection pressure 1.100000

 Operation      Fitness  S(hb_ext) S(vdw_ext)  S(hb_int)    S(int)      intcor
         0      42.31       0.62      30.47       0.00      -1.03      -0.76
       281      43.37       0.53      33.13       0.00     -10.97      -0.76
       965      38.18       0.25      30.93       0.00     -10.97      -0.76
Reordering...
      1066      36.95       2.32      25.79       0.00      -1.83      -0.76
Reordering...
      1804      33.58       1.82      24.36       0.00      -2.17      -0.76
Reordering...
      1886      32.94       1.69      23.87       0.00      -1.83      -0.76
Reordering...
      2050      31.84       1.67      22.48       0.00      -0.77      -0.76
      2566      32.18       1.57      23.29       0.00      -1.41      -0.76
      2567      33.66       1.73      24.28       0.00      -1.46      -0.76
      2581      36.99       1.98      26.77       0.00      -1.81      -0.76
--------------------------------------------------------------------------------
Best docking solution after GA:
      2750      36.99       1.98      26.77       0.00      -1.81      -0.76

#ops:       2750 #mutates:   1363 #cross:     1387 #dups:       620 
#niche:     1239 #errors:     125 
--------------------------------------------------------------------------------

Doing AMOEBA simplex on best individual
Done simplexing #iterations 493, best score  39.59

Ligand is stored in gold_soln_ligand_prepared_m1_8.mol2


--------------------------------------------------------------------------------
--- GoldScore breakdown of terms                                             ---
--------------------------------------------------------------------------------
Fitness = S(hb_ext) + 1.3750*S(vdw_ext) + S(hb_int) + 1.0000*S(int)
S(int)  = S(vdw_int) + S(tors)

Internal terms are relative to best energy found (intcor).

--------------------------------------------------------------------------------


     Fitness  S(hb_ext) S(vdw_ext)  S(hb_int)    S(int)      intcor
     39.59       2.18      27.90       0.00      -0.95      -0.76

--------------------------------------------------------------------------------
--- GoldScore analysis of protein-ligand interactions                        ---
--------------------------------------------------------------------------------

  Ligand acceptor   17 Protein hydrogen 1046 donor 1030 bond energy  6.00 wt 0.03
  Ligand donor   10 hydrogen   23 Protein acceptor 2744 bond energy  2.00 wt 1.00

--------------------------------------------------------------------------------

--------------------------------------------------------------------------------
--- Rescoring solution                                                       ---
--------------------------------------------------------------------------------

     Score     S(PLP)   S(hbond)     S(cho)   S(metal)  DE(clash)   DE(tors)
    -11.73      14.27       1.56       0.00       0.00       0.00       1.07

Doing AMOEBA simplex on best individual
Done simplexing #iterations 979, best score  27.60

     Score     S(PLP)   S(hbond)     S(cho)   S(metal)  DE(clash)   DE(tors)
     27.60     -23.99       1.77       0.00       0.00       0.19       0.75

--------------------------------------------------------------------------------
--- CHEMPLP breakdown of terms                                               ---
--------------------------------------------------------------------------------
CHEMPLP = - ( 1.0000*S(PLP) + -3.0000*S(hbond) + -6.0000*S(metal) + -3.0000*S(cho) )

Score = CHEMPLP - 1.0000*DE(clash) - 2.0000*DE(tors)


--------------------------------------------------------------------------------


--------------------------------------------------------------------------------
--- PLP analysis of protein-ligand interactions                              ---
--------------------------------------------------------------------------------
hydrogen bonding        :      -2.70
metal                   :       0.00
buried (polar-nonpolar) :       2.20
nonpolar                :     -30.09
repulsive               :       6.06
--------------------------------------------------------------------------------


--------------------------------------------------------------------------------
--- ChemScore analysis of protein-ligand interactions                        ---
--------------------------------------------------------------------------------

* Hydrogen bonds                                                                
Ligand donor   10 hydrogen   23 Protein acceptor 2744 bond energy  1.00 wt 1.00
Protein donor 1030 hydrogen 1046 Ligand acceptor   17 bond energy  1.00 wt 0.77


* CH..O interactions                                                            
  CH group selection                       : activated ring CH (adjacent to hetatom)

--------------------------------------------------------------------------------


--------------------------------------------------------------------------------
--- Intra-ligand clashes                                                     ---
--------------------------------------------------------------------------------

Ligand
  7 (C7   ) -   4 (C4   ):   0.19 (dist   2.74)
--------------------------------------------------------------------------------


--------------------------------------------------------------------------------
--- Chromosome decoded                                                       ---
--------------------------------------------------------------------------------
Ligand Torsions
[   6    2    1    3]   81.71
[  12    5    1    2] -165.43
Protein Torsions
[1705 1700 1698 1695]  130.18 
[ 530  527  526  524]  -64.54 
[1060 1053 1051 1048]  -92.60 
[5171 5162 5161 5159]  -53.83 
Mapping
Ligand acceptors to protein hydrogens (mapping then atom ids)
Ligand hydrogens to protein acceptors (mapping then atom ids)
  2  27 [ 23->2744]
Ligand shape atoms to protein points (mapping then atom ids & coords)
  5  3512 [ 13->( 15.250  15.000  25.500)]
  7  6022 [ 16->( 16.250  14.250  27.250)]
Chromosome values
Integers:
  -1   -1   -1   -1   26   -1   -1   -1   -1 3511   -1 6021 
--------------------------------------------------------------------------------


--------------------------------------------------------------------------------
--- Diverse Solutions Stats                                                  ---
--------------------------------------------------------------------------------
  Move attempts                            :  19405
  Move failures                            :     14
  Failure rate                             :   0.001

--------------------------------------------------------------------------------

Current Ranking  1  8  7  6  2  4  3  5

--------------------------------------------------------------------------------

* GA execution time :                                                           
  total  1.0349 user  0.9669 sys  0.0679

--------------------------------------------------------------------------------
Fitness function evaluations: 20780

--------------------------------------------------------------------------------
** Docking run number  9 **
--------------------------------------------------------------------------------
  Rank fitness base is 5000.00 ; increment is 11.2233

* Initialising population(s) ...                                                
Number of constraints mappings 0
Number of constraints 0
  Population no.                           :      1
  Population size                          :    100
  Number of duplicates                     :      0
  Number of niche violations               :      0
  Number of errors                         :   1216


Doing GA, no. of population(s) 1 size 100 selection pressure 1.100000

 Operation      Fitness  S(hb_ext) S(vdw_ext)  S(hb_int)    S(int)      intcor
         0      36.24       1.48      25.76       0.00      -3.27      -0.76
        18      38.31       1.77      28.81       0.00     -15.36      -0.76
       286      33.01       0.78      27.02       0.00     -19.92      -0.76
       347      34.94       0.24      25.56       0.00      -1.73      -0.76
       563      33.82       0.22      24.62       0.00      -0.82      -0.76
       849      30.87       2.92      21.95       0.00      -5.82      -0.76
       939      31.13       0.66      22.66       0.00      -1.66      -0.76
Reordering...
      1066      29.48       2.79      21.33       0.00      -5.82      -0.76
Reordering...
      1148      29.02       4.21      19.08       0.00      -2.95      -0.76
      1711      31.78       3.38      23.17       0.00      -4.58      -0.76
      1939      31.94       2.36      24.74       0.00      -4.97      -0.76
      1988      32.20       2.62      24.61       0.00      -4.58      -0.76
--------------------------------------------------------------------------------
Best docking solution after GA:
      2750      31.79       2.54      24.61       0.00      -4.58      -0.76

#ops:       2750 #mutates:   1383 #cross:     1367 #dups:       561 
#niche:     1214 #errors:     168 
--------------------------------------------------------------------------------

Doing AMOEBA simplex on best individual
Done simplexing #iterations 563, best score  35.64

Ligand is stored in gold_soln_ligand_prepared_m1_9.mol2


--------------------------------------------------------------------------------
--- GoldScore breakdown of terms                                             ---
--------------------------------------------------------------------------------
Fitness = S(hb_ext) + 1.3750*S(vdw_ext) + S(hb_int) + 1.0000*S(int)
S(int)  = S(vdw_int) + S(tors)

Internal terms are relative to best energy found (intcor).

--------------------------------------------------------------------------------


     Fitness  S(hb_ext) S(vdw_ext)  S(hb_int)    S(int)      intcor
     35.64       2.15      27.34       0.00      -4.11      -0.76

--------------------------------------------------------------------------------
--- GoldScore analysis of protein-ligand interactions                        ---
--------------------------------------------------------------------------------

  Ligand acceptor   17 Protein hydrogen 1040 donor 1032 bond energy  6.00 wt 0.03
  Ligand donor    8 hydrogen   22 Protein acceptor 2744 bond energy  2.00 wt 1.00

--------------------------------------------------------------------------------

--------------------------------------------------------------------------------
--- Rescoring solution                                                       ---
--------------------------------------------------------------------------------

     Score     S(PLP)   S(hbond)     S(cho)   S(metal)  DE(clash)   DE(tors)
     14.48     -14.68       0.66       0.00       0.00       2.06       0.06

Doing AMOEBA simplex on best individual
Done simplexing #iterations 845, best score  29.02

     Score     S(PLP)   S(hbond)     S(cho)   S(metal)  DE(clash)   DE(tors)
     29.02     -30.15       0.44       0.00       0.00       2.05       0.20

--------------------------------------------------------------------------------
--- CHEMPLP breakdown of terms                                               ---
--------------------------------------------------------------------------------
CHEMPLP = - ( 1.0000*S(PLP) + -3.0000*S(hbond) + -6.0000*S(metal) + -3.0000*S(cho) )

Score = CHEMPLP - 1.0000*DE(clash) - 2.0000*DE(tors)


--------------------------------------------------------------------------------


--------------------------------------------------------------------------------
--- PLP analysis of protein-ligand interactions                              ---
--------------------------------------------------------------------------------
hydrogen bonding        :      -2.81
metal                   :       0.00
buried (polar-nonpolar) :      -0.52
nonpolar                :     -30.46
repulsive               :       3.68
--------------------------------------------------------------------------------


--------------------------------------------------------------------------------
--- ChemScore analysis of protein-ligand interactions                        ---
--------------------------------------------------------------------------------

* Hydrogen bonds                                                                
Ligand donor    8 hydrogen   22 Protein acceptor 2744 bond energy  1.00 wt 0.44


* CH..O interactions                                                            
  CH group selection                       : activated ring CH (adjacent to hetatom)

--------------------------------------------------------------------------------


--------------------------------------------------------------------------------
--- Intra-ligand clashes                                                     ---
--------------------------------------------------------------------------------

Ligand
  6 (C6   ) -   3 (C3   ):   2.05 (dist   2.69)
--------------------------------------------------------------------------------


--------------------------------------------------------------------------------
--- Chromosome decoded                                                       ---
--------------------------------------------------------------------------------
Ligand Torsions
[   6    2    1    3]   -1.07
[  12    5    1    2] -172.49
Protein Torsions
[1705 1700 1698 1695] -127.20 
[ 530  527  526  524]  -91.47 
[1060 1053 1051 1048]  -59.77 
[5171 5162 5161 5159]   50.49 
Mapping
Ligand acceptors to protein hydrogens (mapping then atom ids)
  3  20 [ 17->1040]
Ligand hydrogens to protein acceptors (mapping then atom ids)
  1  27 [ 22->2744]
Ligand shape atoms to protein points (mapping then atom ids & coords)
  1  2115 [  5->( 14.500  19.500  25.500)]
  3  4194 [  7->( 15.500  15.500  24.250)]
  4  1433 [ 12->( 14.000  20.250  27.500)]
  5  4203 [ 13->( 15.500  15.500  26.500)]
  7  6513 [ 16->( 16.500  13.500  27.250)]
Chromosome values
Integers:
  -1   -1   19   26   -1 2114   -1 4193 1432 4202   -1 6512 
--------------------------------------------------------------------------------


--------------------------------------------------------------------------------
--- Diverse Solutions Stats                                                  ---
--------------------------------------------------------------------------------
  Move attempts                            :  19257
  Move failures                            :     76
  Failure rate                             :   0.004

--------------------------------------------------------------------------------

Current Ranking  1  8  7  6  2  9  4  3  5

--------------------------------------------------------------------------------

* GA execution time :                                                           
  total  1.2217 user  1.0484 sys  0.1732

--------------------------------------------------------------------------------
Fitness function evaluations: 20588

--------------------------------------------------------------------------------
** Docking run number 10 **
--------------------------------------------------------------------------------
  Rank fitness base is 5000.00 ; increment is 11.2233

* Initialising population(s) ...                                                
Number of constraints mappings 0
Number of constraints 0
  Population no.                           :      1
  Population size                          :    100
  Number of duplicates                     :      0
  Number of niche violations               :      0
  Number of errors                         :   1317


Doing GA, no. of population(s) 1 size 100 selection pressure 1.100000

 Operation      Fitness  S(hb_ext) S(vdw_ext)  S(hb_int)    S(int)      intcor
         0      40.27       6.79      26.51       0.00     -14.88      -0.76
        19      40.30       6.79      26.53       0.00     -14.88      -0.76
       233      37.08       0.94      26.96       0.00      -3.89      -0.76
Reordering...
      1312      30.92       1.05      23.01       0.00      -3.23      -0.76
      2648      29.63       0.86      22.78       0.00      -2.55      -0.76
--------------------------------------------------------------------------------
Best docking solution after GA:
      2750      29.63       0.86      22.78       0.00      -2.55      -0.76

#ops:       2750 #mutates:   1356 #cross:     1394 #dups:       635 
#niche:     1398 #errors:     127 
--------------------------------------------------------------------------------

Doing AMOEBA simplex on best individual
Done simplexing #iterations 615, best score  32.55

Ligand is stored in gold_soln_ligand_prepared_m1_10.mol2


--------------------------------------------------------------------------------
--- GoldScore breakdown of terms                                             ---
--------------------------------------------------------------------------------
Fitness = S(hb_ext) + 1.3750*S(vdw_ext) + S(hb_int) + 1.0000*S(int)
S(int)  = S(vdw_int) + S(tors)

Internal terms are relative to best energy found (intcor).

--------------------------------------------------------------------------------


     Fitness  S(hb_ext) S(vdw_ext)  S(hb_int)    S(int)      intcor
     32.55       0.15      24.26       0.00      -0.96      -0.76

--------------------------------------------------------------------------------
--- GoldScore analysis of protein-ligand interactions                        ---
--------------------------------------------------------------------------------

  Ligand acceptor   17 Protein hydrogen 1040 donor 1032 bond energy  6.00 wt 0.03

--------------------------------------------------------------------------------

--------------------------------------------------------------------------------
--- Rescoring solution                                                       ---
--------------------------------------------------------------------------------

     Score     S(PLP)   S(hbond)     S(cho)   S(metal)  DE(clash)   DE(tors)
     30.39     -29.52       0.81       0.00       0.00       1.28       0.13

Doing AMOEBA simplex on best individual
Done simplexing #iterations 478, best score  34.71

     Score     S(PLP)   S(hbond)     S(cho)   S(metal)  DE(clash)   DE(tors)
     34.71     -33.69       0.86       0.00       0.00       1.39       0.08

--------------------------------------------------------------------------------
--- CHEMPLP breakdown of terms                                               ---
--------------------------------------------------------------------------------
CHEMPLP = - ( 1.0000*S(PLP) + -3.0000*S(hbond) + -6.0000*S(metal) + -3.0000*S(cho) )

Score = CHEMPLP - 1.0000*DE(clash) - 2.0000*DE(tors)


--------------------------------------------------------------------------------


--------------------------------------------------------------------------------
--- PLP analysis of protein-ligand interactions                              ---
--------------------------------------------------------------------------------
hydrogen bonding        :      -1.00
metal                   :       0.00
buried (polar-nonpolar) :      -5.10
nonpolar                :     -28.58
repulsive               :       0.58
--------------------------------------------------------------------------------


--------------------------------------------------------------------------------
--- ChemScore analysis of protein-ligand interactions                        ---
--------------------------------------------------------------------------------

* Hydrogen bonds                                                                
Protein donor 1032 hydrogen 1040 Ligand acceptor   17 bond energy  1.00 wt 0.86


* CH..O interactions                                                            
  CH group selection                       : activated ring CH (adjacent to hetatom)

--------------------------------------------------------------------------------


--------------------------------------------------------------------------------
--- Intra-ligand clashes                                                     ---
--------------------------------------------------------------------------------

Ligand
  7 (C7   ) -   4 (C4   ):   1.39 (dist   2.71)
--------------------------------------------------------------------------------


--------------------------------------------------------------------------------
--- Chromosome decoded                                                       ---
--------------------------------------------------------------------------------
Ligand Torsions
[   6    2    1    3]   79.67
[  12    5    1    2] -168.69
Protein Torsions
[1705 1700 1698 1695]  -72.75 
[ 530  527  526  524]  -83.97 
[1060 1053 1051 1048]  127.89 
[5171 5162 5161 5159]  -26.40 
Mapping
Ligand acceptors to protein hydrogens (mapping then atom ids)
Ligand hydrogens to protein acceptors (mapping then atom ids)
Ligand shape atoms to protein points (mapping then atom ids & coords)
  1  1036 [  5->( 13.500  19.500  26.250)]
  2  3065 [  6->( 15.000  17.000  25.000)]
  7  6637 [ 16->( 16.500  15.500  22.750)]
Chromosome values
Integers:
  -1   -1   -1   -1   -1 1035 3064   -1   -1   -1   -1 6636 
--------------------------------------------------------------------------------


--------------------------------------------------------------------------------
--- Diverse Solutions Stats                                                  ---
--------------------------------------------------------------------------------
  Move attempts                            :  18720
  Move failures                            :     52
  Failure rate                             :   0.003

--------------------------------------------------------------------------------

Current Ranking  1  8  7  6  2  9  4  3  5 10

--------------------------------------------------------------------------------

* GA execution time :                                                           
  total  1.1535 user  1.0300 sys  0.1235

--------------------------------------------------------------------------------
Fitness function evaluations: 20120

--------------------------------------------------------------------------------
--- Ranking analysis                                                         ---
--------------------------------------------------------------------------------


* Final ranked order of GA solutions:                                           
   1  8  7  6  2  9  4  3  5 10 

  _______________________________
  RMSD Matrix of RANKED solutions

        2    3    4    5    6    7    8    9   10  

   1 :  1.2  3.5  3.4  6.1  2.6  7.5  3.1  6.4  3.2
   2 :       4.1  4.0  6.0  2.6  7.7  3.2  6.4  3.7
   3 :            0.6  6.0  4.2  6.6  3.2  6.4  3.1
   4 :                 5.8  4.0  6.6  3.0  6.3  2.8
   5 :                      5.5  3.3  4.7  2.7  5.3
   6 :                           7.2  2.5  5.9  2.3
   7 :                                6.3  3.0  6.8
   8 :                                     5.3  2.7
   9 :                                          5.8

  Clustering method                        : complete linkage
  Structure ids in cluster table           : rank nos.
  Ordering of clusters and their members   : by rank (order if from rms_analysis)

  Distance | Clusters
   0.56    |  1 |  2 |  3  4 |  5 |  6 |  7 |  8 |  9 | 10 |
   1.24    |  1  2 |  3  4 |  5 |  6 |  7 |  8 |  9 | 10 |
   2.32    |  1  2 |  3  4 |  5 |  6 10 |  7 |  8 |  9 |
   2.71    |  1  2 |  3  4 |  5  9 |  6 10 |  7 |  8 |
   2.73    |  1  2 |  3  4 |  5  9 |  6  8 10 |  7 |
   3.33    |  1  2 |  3  4 |  5  7  9 |  6  8 10 |
   3.73    |  1  2  6  8 10 |  3  4 |  5  7  9 |
   4.15    |  1  2  3  4  6  8 10 |  5  7  9 |
   7.69    |  1  2  3  4  5  6  7  8  9 10 |
  Finished Docking Ligand                  : /mnt/c/Users/ricca/Desktop/Documents/1_Coding/1_Script_Github/Reverse_Docking_Explore_V3/3nnw/ligand_prepared.mol2
--------------------------------------------------------------------------------

  Relative_Ligand_Energy (best encountered) :  -0.759
  Relative_Ligand_Energy: fitness values have been corrected using this amount
