
--------------------------------------------------------------------------------
--- Ligand                                                                   ---
--------------------------------------------------------------------------------
  Ligand loaded from file                  : /mnt/c/Users/ricca/Desktop/Documents/1_Coding/1_Script_Github/Reverse_Docking_Explore_V3/3oxt/ligand_prepared.mol2
  Ligand name                              :  
  "CT1002167954                                                             "

--------------------------------------------------------------------------------
  N.plc donors                             : 
  none found

  Acidic nitrogen acceptors                : 
  none found
  Sulfur acceptors                         :
  none found


  Donor atoms                              :      2
  8   10  
  Acceptor atoms                           :      3
  9   11  17  

  Hydrogens                                :  (n = 2)
  22   23   

  Lone pairs added to molecule             :      6
  Numbering                                : from 30 to 35

--------------------------------------------------------------------------------
--- Postprocessing of typing                                                 ---
--------------------------------------------------------------------------------
  Fragment file                            : /home/hitesit/CCDC/Discovery_2022/GOLD/gold/rotatable_bond_override.mol2
  acylurea fragment                        : 2 matches
  Ligand bond 15-8  set to flip
  Ligand bond 15-10  set to flip
  Ligand bond 15-10  set to 1
  Ligand bond 15-8  set to 1
  Ligand bond 10-4  set to flip
  Ligand bond 8-3  set to flip
  thioacylthiourea fragment                : no matches
  acylthiourea fragment                    : no matches
  thioacylurea fragment                    : no matches
  diarylamine fragment >C.ar-NH-C.ar<      : no matches
  sec-amine (1) fragment                   : no matches
  sec-amine (2) fragment                   : no matches
  sec-amine (3) fragment                   : no matches
  carboxylic ester                         : no matches

* Rotatable bonds in /mnt/c/Users/ricca/D  :
  [   1    2] [   1    5] 
  No. of rotatable bonds                   :      2


* Reading torsional distributions from file:
  /home/hitesit/CCDC/Discovery_2022/GOLD/gold/gold.tordist
  No. of bins in torsional distributions   :     36
  Minimum size of largest peak             :      0
  Removing high energy torsions            : on
  Delta E set to                           :   2.500

* Fragments found in /mnt/c/Users/ricca/D  :
  atom   2: benzene
  atom   6: benzene
  atom   7: benzene
  atom  13: benzene
  atom  14: benzene
  atom  16: benzene


* Checking torsion distributions:                                               
  No. of matched torsions                  :      0

--------------------------------------------------------------------------------
--- Shape fitting atoms selection (hydrophobic atoms)                        ---
--------------------------------------------------------------------------------
  Molecule                                 : /mnt/c/Users/ricca/Desktop/Documents/1_Coding/1_Script_Github/Reverse_Docking_Explore_V3/3oxt/ligand_prepared.mol2
  Selection                                : carbons only
  Atom numbers                             :  (n = 7)
  5    6    7    12   13   14   16   

--------------------------------------------------------------------------------
--- Diverse Solutions Setup                                                  ---
--------------------------------------------------------------------------------
  Cluster size                             :      2
  RMSD                                     :   2.000
  Refinement                               :      0


--------------------------------------------------------------------------------
--- ChemScore ligand setup summary                                           ---
--------------------------------------------------------------------------------
  ChemScore ligand acceptors               :      3
  9 11 17 
  ChemScore ligand donors                  :      2
  8 ( 22  ) 10 ( 23  ) 
  ChemScore ligand CH donors               :      0
  

  ChemScore ligand lipophilic atoms        :  (n = 9)
  1    2    5    6    7    12   13   14   16   

  ChemScore ligand rotatable bonds         :      2
  1   (C1 ) - 2   (C2 ): SP3_SP2_BOND
  1   (C1 ) - 5   (C5 ): SP3_SP3_BOND

--------------------------------------------------------------------------------
--- PLP ligand setup summary                                                 ---
--------------------------------------------------------------------------------
    1    C1   C.3 NONPOLAR
    2    C2  C.ar NONPOLAR
    3    C3   C.2 NONPOLAR
    4    C4   C.2 NONPOLAR
    5    C5   C.3 NONPOLAR
    6    C6  C.ar NONPOLAR
    7    C7  C.ar NONPOLAR
    8    N8  N.am DONOR
    9    O9   O.2 ACCEPTOR
   10   N10  N.am DONOR
   11   O11   O.2 ACCEPTOR
   12   C12   C.3 NONPOLAR
   13   C13  C.ar NONPOLAR
   14   C14  C.ar NONPOLAR
   15   C15   C.2 NONPOLAR
   16   C16  C.ar NONPOLAR
   17   O17   O.2 ACCEPTOR

--------------------------------------------------------------------------------
--- Automatic parameter setting                                              ---
--------------------------------------------------------------------------------
  Contribution base                        :   2500
  Contribution per rotatable bond          :   6000
  Contribution per df                      :   4000
  Contribution per water                   :  10000
  Ligand rotatable bonds                   :      2
  Protein flexible side chain bonds        :      0
  Total rotatable bonds                    :      2
  Hydrophobic vol ratio (P/L)              :   2.193
  Base multiplier (polar)                  :   1.000
  Base multiplier (apolar)                 :   3.071
  Base contribution                        : 10000.000
  Fitting points                           :      5
  Estimated maxops needed (optimal)        :  22500
  Autoscale factor (in percent)            :     10
  Scaled maxops                            :   2500

--------------------------------------------------------------------------------

* Population settings                                                           
  maxops                                   :   2500
  popsiz                                   :    100
  select_pressure                          :   1.100
  n_islands                                :      1
  niche_siz                                :      2

* GA settings                                                                   
  pt_crosswt                               :    100
  allele_mutatewt                          :    100
  migratewt                                :      0

* Search settings                                                               
  start_vdw_linear_cutoff                  :   6.000
  initial_virtual_pt_match_max             :   3.000
  Scaling of internal VDW energy           : log scale from  0.2 to    1
                                             over 1875 ops
  Sampling interval (operations)           :     25
  Scaling of virtual pt maximum length     : linear scale from    3 to    2
                                             over  1875 ops
  Sampling interval (operations)           :     75
  Scaling of 4-8 potential cutoff          : log scale from    6 to 1.2e+02
                                             over 1875 ops
  Sampling interval (operations)           :     75

--------------------------------------------------------------------------------

* Ligand initialisation time :                                                  
  total  0.0887 user  0.0202 sys  0.0685

--------------------------------------------------------------------------------

--------------------------------------------------------------------------------
** Docking run number  1 **
--------------------------------------------------------------------------------
  Rank fitness base is 5000.00 ; increment is 11.2233

* Initialising population(s) ...                                                
Number of constraints mappings 0
Number of constraints 0
  Population no.                           :      1
  Population size                          :    100
  Number of duplicates                     :      0
  Number of niche violations               :      0
  Number of errors                         :    327


Doing GA, no. of population(s) 1 size 100 selection pressure 1.100000

 Operation      Fitness  S(hb_ext) S(vdw_ext)  S(hb_int)    S(int)      intcor
         0      35.26       5.00      22.47       0.00      -3.22      -0.78
Reordering...
        75      34.11       1.92      23.67       0.00      -1.70      -0.78
Reordering...
       225      32.55       1.01      24.04       0.00      -6.21      -0.78
Reordering...
       525      32.23       3.44      21.90       0.00      -4.22      -0.78
       680      31.76       0.04      23.76       0.00      -2.64      -0.78
       731      32.70       2.16      22.33       0.00      -0.40      -0.78
       767      32.32       2.09      22.09       0.00      -0.40      -0.78
       900      37.79       6.52      22.87       0.00      -0.40      -0.78
      1146      35.88       5.28      22.41       0.00      -0.40      -0.78
      1223      37.42       6.70      22.91       0.00      -1.39      -0.78
      1393      37.69       7.69      22.00       0.00      -0.40      -0.78
      1462      38.24       7.42      23.11       0.00      -1.39      -0.78
      1471      38.92       8.02      22.68       0.00      -0.40      -0.78
      1849      39.12      10.27      21.95       0.00      -1.39      -0.78
      2037      40.56      12.05      21.02       0.00      -0.40      -0.78
      2098      42.32      12.52      22.68       0.00      -1.39      -0.78
      2476      43.00      12.19      23.42       0.00      -1.39      -0.78
--------------------------------------------------------------------------------
Best docking solution after GA:
      2500      43.00      12.19      23.42       0.00      -1.39      -0.78

#ops:       2500 #mutates:   1228 #cross:     1272 #dups:       488 
#niche:     1248 #errors:      35 
--------------------------------------------------------------------------------

Doing AMOEBA simplex on best individual
Done simplexing #iterations 527, best score  44.18

Ligand is stored in gold_soln_ligand_prepared_m1_1.mol2


--------------------------------------------------------------------------------
--- GoldScore breakdown of terms                                             ---
--------------------------------------------------------------------------------
Fitness = S(hb_ext) + 1.3750*S(vdw_ext) + S(hb_int) + 1.0000*S(int)
S(int)  = S(vdw_int) + S(tors)

Internal terms are relative to best energy found (intcor).

--------------------------------------------------------------------------------


     Fitness  S(hb_ext) S(vdw_ext)  S(hb_int)    S(int)      intcor
     44.18      12.18      23.57       0.00      -0.41      -0.78

--------------------------------------------------------------------------------
--- GoldScore analysis of protein-ligand interactions                        ---
--------------------------------------------------------------------------------

  Ligand acceptor    9 Protein hydrogen  586 donor  580 bond energy  2.00 wt 0.74
  Ligand acceptor   17 Protein hydrogen 2545 donor 2534 bond energy  6.00 wt 0.91
  Ligand donor   10 hydrogen   23 Protein acceptor 2502 bond energy  6.00 wt 0.87

--------------------------------------------------------------------------------

--------------------------------------------------------------------------------
--- Rescoring solution                                                       ---
--------------------------------------------------------------------------------

     Score     S(PLP)   S(hbond)     S(cho)   S(metal)  DE(clash)   DE(tors)
     34.29     -29.56       2.33       0.00       0.00       0.00       1.13

Doing AMOEBA simplex on best individual
Done simplexing #iterations 516, best score  43.82

     Score     S(PLP)   S(hbond)     S(cho)   S(metal)  DE(clash)   DE(tors)
     43.82     -37.41       2.86       0.00       0.00       0.33       0.92

--------------------------------------------------------------------------------
--- CHEMPLP breakdown of terms                                               ---
--------------------------------------------------------------------------------
CHEMPLP = - ( 1.0000*S(PLP) + -3.0000*S(hbond) + -6.0000*S(metal) + -3.0000*S(cho) )

Score = CHEMPLP - 1.0000*DE(clash) - 2.0000*DE(tors)


--------------------------------------------------------------------------------


--------------------------------------------------------------------------------
--- PLP analysis of protein-ligand interactions                              ---
--------------------------------------------------------------------------------
hydrogen bonding        :      -5.00
metal                   :       0.00
buried (polar-nonpolar) :      -0.69
nonpolar                :     -34.25
repulsive               :       0.52
--------------------------------------------------------------------------------


--------------------------------------------------------------------------------
--- ChemScore analysis of protein-ligand interactions                        ---
--------------------------------------------------------------------------------

* Hydrogen bonds                                                                
Ligand donor   10 hydrogen   23 Protein acceptor 2502 bond energy  1.00 wt 1.00
Protein donor  580 hydrogen  586 Ligand acceptor    9 bond energy  1.00 wt 1.00
Protein donor 2534 hydrogen 2545 Ligand acceptor   17 bond energy  1.00 wt 0.86


* CH..O interactions                                                            
  CH group selection                       : activated ring CH (adjacent to hetatom)

--------------------------------------------------------------------------------


--------------------------------------------------------------------------------
--- Intra-ligand clashes                                                     ---
--------------------------------------------------------------------------------

Ligand
  6 (C6   ) -   4 (C4   ):   0.33 (dist   2.74)
--------------------------------------------------------------------------------


--------------------------------------------------------------------------------
--- Chromosome decoded                                                       ---
--------------------------------------------------------------------------------
Ligand Torsions
[   6    2    1    3]  -87.89
[  12    5    1    2] -171.21
Protein Torsions
[ 568  565  563  560]   99.66 
[ 590  585  584  581]  118.76 
[2787 2780 2778 2775]   18.17 
[2470 2461 2460 2458]  -27.39 
[2545 2534 2533 2532]  176.98 
[1779 1770 1769 1767]  -54.58 
[5059 5050 5049 5047] -108.17 
Mapping
Ligand acceptors to protein hydrogens (mapping then atom ids)
Ligand hydrogens to protein acceptors (mapping then atom ids)
  2  12 [ 23->2502]
Ligand shape atoms to protein points (mapping then atom ids & coords)
  3  1554 [  7->( 21.500 -12.250  -2.000)]
  7  2611 [ 16->( 23.000 -13.250  -1.250)]
Chromosome values
Integers:
  -1   -1   -1   -1   11   -1   -1 1553   -1   -1   -1 2610 
--------------------------------------------------------------------------------


--------------------------------------------------------------------------------
--- Diverse Solutions Stats                                                  ---
--------------------------------------------------------------------------------
  Move attempts                            :  15633
  Move failures                            :      0
  Failure rate                             :   0.000

--------------------------------------------------------------------------------

Current Ranking  1

--------------------------------------------------------------------------------

* GA execution time :                                                           
  total  0.8921 user  0.7796 sys  0.1125

--------------------------------------------------------------------------------
Fitness function evaluations: 15998

--------------------------------------------------------------------------------
** Docking run number  2 **
--------------------------------------------------------------------------------
  Rank fitness base is 5000.00 ; increment is 11.2233

* Initialising population(s) ...                                                
Number of constraints mappings 0
Number of constraints 0
  Population no.                           :      1
  Population size                          :    100
  Number of duplicates                     :      0
  Number of niche violations               :      0
  Number of errors                         :    314


Doing GA, no. of population(s) 1 size 100 selection pressure 1.100000

 Operation      Fitness  S(hb_ext) S(vdw_ext)  S(hb_int)    S(int)      intcor
         0      33.46       2.74      23.98       0.00     -11.20      -0.78
Reordering...
       125      32.61       2.28      22.86       0.00      -5.00      -0.78
       177      34.03       1.07      24.42       0.00      -2.66      -0.78
       251      33.75       2.23      23.83       0.00      -5.00      -0.78
       482      32.79       2.20      23.09       0.00      -3.87      -0.78
       539      32.78       2.00      23.64       0.00      -5.50      -0.78
       945      31.85       1.38      22.40       0.00      -0.75      -0.78
      1317      30.95       1.53      22.30       0.00      -2.05      -0.78
      1410      30.93       0.93      22.25       0.00      -0.89      -0.78
      1454      31.34       1.33      22.62       0.00      -1.57      -0.78
      1935      30.85       1.05      22.63       0.00      -1.32      -0.78
      2456      30.94       1.05      22.70       0.00      -1.32      -0.78
--------------------------------------------------------------------------------
Best docking solution after GA:
      2500      30.94       1.05      22.70       0.00      -1.32      -0.78

#ops:       2500 #mutates:   1261 #cross:     1239 #dups:       587 
#niche:     1556 #errors:      21 
--------------------------------------------------------------------------------

Doing AMOEBA simplex on best individual
Done simplexing #iterations 883, best score  33.51

Ligand is stored in gold_soln_ligand_prepared_m1_2.mol2


--------------------------------------------------------------------------------
--- GoldScore breakdown of terms                                             ---
--------------------------------------------------------------------------------
Fitness = S(hb_ext) + 1.3750*S(vdw_ext) + S(hb_int) + 1.0000*S(int)
S(int)  = S(vdw_int) + S(tors)

Internal terms are relative to best energy found (intcor).

--------------------------------------------------------------------------------


     Fitness  S(hb_ext) S(vdw_ext)  S(hb_int)    S(int)      intcor
     33.51       1.42      23.99       0.00      -0.89      -0.78

--------------------------------------------------------------------------------
--- GoldScore analysis of protein-ligand interactions                        ---
--------------------------------------------------------------------------------

  Ligand donor    8 hydrogen   22 Protein acceptor 2794 bond energy  6.00 wt 0.24

--------------------------------------------------------------------------------

--------------------------------------------------------------------------------
--- Rescoring solution                                                       ---
--------------------------------------------------------------------------------

     Score     S(PLP)   S(hbond)     S(cho)   S(metal)  DE(clash)   DE(tors)
     -0.27      -2.17       0.03       0.00       0.00       0.00       1.26

Doing AMOEBA simplex on best individual
Done simplexing #iterations 1243, best score  29.18

     Score     S(PLP)   S(hbond)     S(cho)   S(metal)  DE(clash)   DE(tors)
     29.18     -28.54       0.94       0.00       0.00       1.26       0.45

--------------------------------------------------------------------------------
--- CHEMPLP breakdown of terms                                               ---
--------------------------------------------------------------------------------
CHEMPLP = - ( 1.0000*S(PLP) + -3.0000*S(hbond) + -6.0000*S(metal) + -3.0000*S(cho) )

Score = CHEMPLP - 1.0000*DE(clash) - 2.0000*DE(tors)


--------------------------------------------------------------------------------


--------------------------------------------------------------------------------
--- PLP analysis of protein-ligand interactions                              ---
--------------------------------------------------------------------------------
hydrogen bonding        :      -1.69
metal                   :       0.00
buried (polar-nonpolar) :       0.23
nonpolar                :     -28.82
repulsive               :       1.64
--------------------------------------------------------------------------------


--------------------------------------------------------------------------------
--- ChemScore analysis of protein-ligand interactions                        ---
--------------------------------------------------------------------------------

* Hydrogen bonds                                                                
Ligand donor    8 hydrogen   22 Protein acceptor 2584 bond energy  1.00 wt 0.94


* CH..O interactions                                                            
  CH group selection                       : activated ring CH (adjacent to hetatom)

--------------------------------------------------------------------------------


--------------------------------------------------------------------------------
--- Intra-ligand clashes                                                     ---
--------------------------------------------------------------------------------

Ligand
  7 (C7   ) -   3 (C3   ):   1.26 (dist   2.72)
--------------------------------------------------------------------------------


--------------------------------------------------------------------------------
--- Chromosome decoded                                                       ---
--------------------------------------------------------------------------------
Ligand Torsions
[   6    2    1    3]  154.11
[  12    5    1    2]  165.93
Protein Torsions
[ 568  565  563  560]   89.60 
[ 590  585  584  581]  -17.49 
[2787 2780 2778 2775]  118.65 
[2470 2461 2460 2458]  100.78 
[2545 2534 2533 2532]  128.44 
[1779 1770 1769 1767] -116.34 
[5059 5050 5049 5047]  116.89 
Mapping
Ligand acceptors to protein hydrogens (mapping then atom ids)
Ligand hydrogens to protein acceptors (mapping then atom ids)
  1  16 [ 22->2794]
Ligand shape atoms to protein points (mapping then atom ids & coords)
  1  5507 [  5->( 26.500  -7.750   3.500)]
  2  3955 [  6->( 24.500 -11.250   1.750)]
  3  4213 [  7->( 24.750  -9.500   0.750)]
  4  5353 [ 12->( 26.250  -7.750   2.500)]
  5  3932 [ 13->( 24.500 -11.750   1.000)]
  6  3476 [ 14->( 24.000 -12.750   0.750)]
  7  4057 [ 16->( 24.750 -14.000   0.250)]
Chromosome values
Integers:
  -1   -1   -1   15   -1 5506 3954 4212 5352 3931 3475 4056 
--------------------------------------------------------------------------------


--------------------------------------------------------------------------------
--- Diverse Solutions Stats                                                  ---
--------------------------------------------------------------------------------
  Move attempts                            :  17218
  Move failures                            :      0
  Failure rate                             :   0.000

--------------------------------------------------------------------------------

Current Ranking  1  2

--------------------------------------------------------------------------------

* GA execution time :                                                           
  total  0.9294 user  0.8098 sys  0.1197

--------------------------------------------------------------------------------
Fitness function evaluations: 17557

--------------------------------------------------------------------------------
** Docking run number  3 **
--------------------------------------------------------------------------------
  Rank fitness base is 5000.00 ; increment is 11.2233

* Initialising population(s) ...                                                
Number of constraints mappings 0
Number of constraints 0
  Population no.                           :      1
  Population size                          :    100
  Number of duplicates                     :      0
  Number of niche violations               :      0
  Number of errors                         :    374


Doing GA, no. of population(s) 1 size 100 selection pressure 1.100000

 Operation      Fitness  S(hb_ext) S(vdw_ext)  S(hb_int)    S(int)      intcor
         0      31.91       0.85      24.55       0.00     -13.45      -0.78
        52      31.81       4.79      20.11       0.00      -3.00      -0.78
Reordering...
        75      31.01       0.81      24.05       0.00     -13.45      -0.78
        94      36.50       4.74      23.56       0.00      -3.01      -0.78
       784      31.26       3.09      21.78       0.00      -4.60      -0.78
       883      30.96       3.19      21.62       0.00      -4.60      -0.78
       931      30.90       0.30      22.65       0.00      -1.24      -0.78
      1077      30.94       0.12      23.87       0.00      -3.97      -0.78
      1278      32.18       2.21      22.37       0.00      -1.32      -0.78
      1284      32.24       2.21      22.41       0.00      -1.32      -0.78
      1301      32.22       2.21      22.41       0.00      -1.32      -0.78
      1423      32.14       1.52      22.91       0.00      -1.32      -0.78
      1923      31.75       1.25      23.04       0.00      -1.18      -0.78
      2120      31.75       1.25      23.04       0.00      -1.18      -0.78
      2254      31.76       1.25      23.05       0.00      -1.18      -0.78
      2340      31.88       1.24      22.99       0.00      -0.97      -0.78
--------------------------------------------------------------------------------
Best docking solution after GA:
      2500      31.88       1.24      22.99       0.00      -0.97      -0.78

#ops:       2500 #mutates:   1284 #cross:     1216 #dups:       563 
#niche:     1325 #errors:      49 
--------------------------------------------------------------------------------

Doing AMOEBA simplex on best individual
Done simplexing #iterations 840, best score  33.55

Ligand is stored in gold_soln_ligand_prepared_m1_3.mol2


--------------------------------------------------------------------------------
--- GoldScore breakdown of terms                                             ---
--------------------------------------------------------------------------------
Fitness = S(hb_ext) + 1.3750*S(vdw_ext) + S(hb_int) + 1.0000*S(int)
S(int)  = S(vdw_int) + S(tors)

Internal terms are relative to best energy found (intcor).

--------------------------------------------------------------------------------


     Fitness  S(hb_ext) S(vdw_ext)  S(hb_int)    S(int)      intcor
     33.55       2.04      23.65       0.00      -1.01      -0.78

--------------------------------------------------------------------------------
--- GoldScore analysis of protein-ligand interactions                        ---
--------------------------------------------------------------------------------

  Ligand donor    8 hydrogen   22 Protein acceptor 2794 bond energy  6.00 wt 0.34

--------------------------------------------------------------------------------

--------------------------------------------------------------------------------
--- Rescoring solution                                                       ---
--------------------------------------------------------------------------------

     Score     S(PLP)   S(hbond)     S(cho)   S(metal)  DE(clash)   DE(tors)
      7.59      -6.94       0.87       0.00       0.00       0.00       0.98

Doing AMOEBA simplex on best individual
Done simplexing #iterations 1244, best score  26.53

     Score     S(PLP)   S(hbond)     S(cho)   S(metal)  DE(clash)   DE(tors)
     26.53     -27.51       0.30       0.00       0.00       1.20       0.35

--------------------------------------------------------------------------------
--- CHEMPLP breakdown of terms                                               ---
--------------------------------------------------------------------------------
CHEMPLP = - ( 1.0000*S(PLP) + -3.0000*S(hbond) + -6.0000*S(metal) + -3.0000*S(cho) )

Score = CHEMPLP - 1.0000*DE(clash) - 2.0000*DE(tors)


--------------------------------------------------------------------------------


--------------------------------------------------------------------------------
--- PLP analysis of protein-ligand interactions                              ---
--------------------------------------------------------------------------------
hydrogen bonding        :      -1.53
metal                   :       0.00
buried (polar-nonpolar) :      -2.79
nonpolar                :     -26.76
repulsive               :       2.20
--------------------------------------------------------------------------------


--------------------------------------------------------------------------------
--- ChemScore analysis of protein-ligand interactions                        ---
--------------------------------------------------------------------------------

* Hydrogen bonds                                                                
Ligand donor    8 hydrogen   22 Protein acceptor 2584 bond energy  1.00 wt 0.30


* CH..O interactions                                                            
  CH group selection                       : activated ring CH (adjacent to hetatom)

--------------------------------------------------------------------------------


--------------------------------------------------------------------------------
--- Intra-ligand clashes                                                     ---
--------------------------------------------------------------------------------

Ligand
  7 (C7   ) -   3 (C3   ):   1.20 (dist   2.72)
--------------------------------------------------------------------------------


--------------------------------------------------------------------------------
--- Chromosome decoded                                                       ---
--------------------------------------------------------------------------------
Ligand Torsions
[   6    2    1    3]  158.11
[  12    5    1    2]  171.05
Protein Torsions
[ 568  565  563  560] -144.02 
[ 590  585  584  581]   81.31 
[2787 2780 2778 2775]  173.84 
[2470 2461 2460 2458]  146.37 
[2545 2534 2533 2532] -121.32 
[1779 1770 1769 1767]   84.60 
[5059 5050 5049 5047] -114.54 
Mapping
Ligand acceptors to protein hydrogens (mapping then atom ids)
Ligand hydrogens to protein acceptors (mapping then atom ids)
  1  16 [ 22->2794]
Ligand shape atoms to protein points (mapping then atom ids & coords)
  1  5493 [  5->( 26.500  -8.000   3.000)]
  2  4571 [  6->( 25.250 -10.500   2.500)]
  3  4381 [  7->( 25.000 -10.750   1.750)]
  4  5614 [ 12->( 26.750  -8.500   3.000)]
  6  3769 [ 14->( 24.250 -10.750   0.000)]
  7  3852 [ 16->( 24.500 -13.500   0.250)]
Chromosome values
Integers:
  -1   -1   -1   15   -1 5492 4570 4380 5613   -1 3768 3851 
--------------------------------------------------------------------------------


--------------------------------------------------------------------------------
--- Diverse Solutions Stats                                                  ---
--------------------------------------------------------------------------------
  Move attempts                            :  17124
  Move failures                            :      0
  Failure rate                             :   0.000

--------------------------------------------------------------------------------

Current Ranking  1  3  2

--------------------------------------------------------------------------------

* GA execution time :                                                           
  total  0.8176 user  0.7688 sys  0.0488

--------------------------------------------------------------------------------
Fitness function evaluations: 17549

--------------------------------------------------------------------------------
** Docking run number  4 **
--------------------------------------------------------------------------------
  Rank fitness base is 5000.00 ; increment is 11.2233

* Initialising population(s) ...                                                
Number of constraints mappings 0
Number of constraints 0
  Population no.                           :      1
  Population size                          :    100
  Number of duplicates                     :      0
  Number of niche violations               :      0
  Number of errors                         :    366


Doing GA, no. of population(s) 1 size 100 selection pressure 1.100000

 Operation      Fitness  S(hb_ext) S(vdw_ext)  S(hb_int)    S(int)      intcor
         0      34.26       3.84      23.34       0.00      -8.37      -0.78
        94      32.77       0.34      24.99       0.00      -9.06      -0.78
       175      33.09       0.26      24.72       0.00      -4.98      -0.78
       239      32.55       0.30      24.57       0.00      -6.36      -0.78
       279      32.93       1.69      23.25       0.00      -2.86      -0.78
       619      31.42       2.43      22.62       0.00      -6.31      -0.78
       725      31.64       0.22      23.51       0.00      -2.42      -0.78
       749      31.69       0.22      23.54       0.00      -2.42      -0.78
Reordering...
      1050      30.08       0.04      22.49       0.00      -1.80      -0.78
      1265      29.90       0.02      22.49       0.00      -1.80      -0.78
      1446      29.94       0.03      22.65       0.00      -1.80      -0.78
      1966      29.41       0.00      22.70       0.00      -1.81      -0.77
      2107      30.55       2.94      20.85       0.00      -1.05      -0.77
      2169      30.60       2.94      20.89       0.00      -1.05      -0.77
      2395      36.95       9.34      20.85       0.00      -1.06      -0.76
--------------------------------------------------------------------------------
Best docking solution after GA:
      2500      36.95       9.34      20.85       0.00      -1.06      -0.76

#ops:       2500 #mutates:   1244 #cross:     1256 #dups:       595 
#niche:     1251 #errors:     178 
--------------------------------------------------------------------------------

Doing AMOEBA simplex on best individual
Done simplexing #iterations 495, best score  42.65

Ligand is stored in gold_soln_ligand_prepared_m1_4.mol2


--------------------------------------------------------------------------------
--- GoldScore breakdown of terms                                             ---
--------------------------------------------------------------------------------
Fitness = S(hb_ext) + 1.3750*S(vdw_ext) + S(hb_int) + 1.0000*S(int)
S(int)  = S(vdw_int) + S(tors)

Internal terms are relative to best energy found (intcor).

--------------------------------------------------------------------------------


     Fitness  S(hb_ext) S(vdw_ext)  S(hb_int)    S(int)      intcor
     42.65      13.58      21.14       0.00      -0.01      -0.76

--------------------------------------------------------------------------------
--- GoldScore analysis of protein-ligand interactions                        ---
--------------------------------------------------------------------------------

  Ligand acceptor    9 Protein hydrogen  586 donor  580 bond energy  2.00 wt 0.94
  Ligand acceptor    9 Protein hydrogen  590 donor  585 bond energy  2.00 wt 0.24
  Ligand acceptor   17 Protein hydrogen 2546 donor 2534 bond energy  6.00 wt 0.96
  Ligand donor   10 hydrogen   23 Protein acceptor 2502 bond energy  6.00 wt 0.91

--------------------------------------------------------------------------------

--------------------------------------------------------------------------------
--- Rescoring solution                                                       ---
--------------------------------------------------------------------------------

     Score     S(PLP)   S(hbond)     S(cho)   S(metal)  DE(clash)   DE(tors)
     30.34     -20.49       3.35       0.00       0.00       0.00       0.09

Doing AMOEBA simplex on best individual
Done simplexing #iterations 951, best score  44.38

     Score     S(PLP)   S(hbond)     S(cho)   S(metal)  DE(clash)   DE(tors)
     44.38     -33.75       3.60       0.00       0.00       0.00       0.08

--------------------------------------------------------------------------------
--- CHEMPLP breakdown of terms                                               ---
--------------------------------------------------------------------------------
CHEMPLP = - ( 1.0000*S(PLP) + -3.0000*S(hbond) + -6.0000*S(metal) + -3.0000*S(cho) )

Score = CHEMPLP - 1.0000*DE(clash) - 2.0000*DE(tors)


--------------------------------------------------------------------------------


--------------------------------------------------------------------------------
--- PLP analysis of protein-ligand interactions                              ---
--------------------------------------------------------------------------------
hydrogen bonding        :      -4.90
metal                   :       0.00
buried (polar-nonpolar) :      -2.00
nonpolar                :     -28.22
repulsive               :       0.79
--------------------------------------------------------------------------------


--------------------------------------------------------------------------------
--- ChemScore analysis of protein-ligand interactions                        ---
--------------------------------------------------------------------------------

* Hydrogen bonds                                                                
Ligand donor   10 hydrogen   23 Protein acceptor 2502 bond energy  1.00 wt 0.73
Protein donor  580 hydrogen  586 Ligand acceptor    9 bond energy  1.00 wt 1.00
Protein donor  585 hydrogen  590 Ligand acceptor    9 bond energy  1.00 wt 1.00
Protein donor 2534 hydrogen 2546 Ligand acceptor   17 bond energy  1.00 wt 0.86


* CH..O interactions                                                            
  CH group selection                       : activated ring CH (adjacent to hetatom)

--------------------------------------------------------------------------------


--------------------------------------------------------------------------------
--- Intra-ligand clashes                                                     ---
--------------------------------------------------------------------------------

Ligand
--------------------------------------------------------------------------------


--------------------------------------------------------------------------------
--- Chromosome decoded                                                       ---
--------------------------------------------------------------------------------
Ligand Torsions
[   6    2    1    3]  -71.96
[  12    5    1    2] -173.02
Protein Torsions
[ 568  565  563  560]  130.85 
[ 590  585  584  581]  -51.69 
[2787 2780 2778 2775] -123.56 
[2470 2461 2460 2458]   54.69 
[2545 2534 2533 2532]   39.64 
[1779 1770 1769 1767]  161.29 
[5059 5050 5049 5047]   36.31 
Mapping
Ligand acceptors to protein hydrogens (mapping then atom ids)
  1   5 [  9-> 586]
Ligand hydrogens to protein acceptors (mapping then atom ids)
  2  12 [ 23->2502]
Ligand shape atoms to protein points (mapping then atom ids & coords)
  6  2856 [ 14->( 23.250 -13.000  -1.750)]
Chromosome values
Integers:
   4   -1   -1   -1   11   -1   -1   -1   -1   -1 2855   -1 
--------------------------------------------------------------------------------


--------------------------------------------------------------------------------
--- Diverse Solutions Stats                                                  ---
--------------------------------------------------------------------------------
  Move attempts                            :  16338
  Move failures                            :    166
  Failure rate                             :   0.010

--------------------------------------------------------------------------------

Current Ranking  1  4  3  2

--------------------------------------------------------------------------------

* GA execution time :                                                           
  total  0.8227 user  0.7911 sys  0.0317

--------------------------------------------------------------------------------
Fitness function evaluations: 16717

--------------------------------------------------------------------------------
** Docking run number  5 **
--------------------------------------------------------------------------------
  Rank fitness base is 5000.00 ; increment is 11.2233

* Initialising population(s) ...                                                
Number of constraints mappings 0
Number of constraints 0
  Population no.                           :      1
  Population size                          :    100
  Number of duplicates                     :      0
  Number of niche violations               :      0
  Number of errors                         :    397


Doing GA, no. of population(s) 1 size 100 selection pressure 1.100000

 Operation      Fitness  S(hb_ext) S(vdw_ext)  S(hb_int)    S(int)      intcor
         0      32.35       0.43      24.62       0.00      -9.65      -0.76
Reordering...
        25      32.34       1.39      22.77       0.00      -1.76      -0.76
       101      31.96       2.00      22.73       0.00      -5.96      -0.76
       139      32.12       1.88      22.28       0.00      -1.76      -0.76
Reordering...
       150      31.73       2.00      22.60       0.00      -5.96      -0.76
       202      32.29       0.10      24.79       0.00      -8.02      -0.76
Reordering...
       300      31.40       2.00      22.50       0.00      -5.96      -0.76
       339      31.94       0.05      24.73       0.00      -8.02      -0.76
       345      32.67       0.24      23.76       0.00      -0.89      -0.76
       584      31.89       0.16      23.72       0.00      -2.71      -0.76
       674      32.08       0.10      25.07       0.00      -7.12      -0.76
      1014      29.82       0.20      23.89       0.00      -6.83      -0.76
Reordering...
      1200      28.86       0.08      23.65       0.00      -6.66      -0.76
      1267      30.39       0.05      23.11       0.00      -2.45      -0.76
      1497      32.31       0.04      24.55       0.00      -2.09      -0.76
      2175      32.22       0.04      24.78       0.00      -1.89      -0.76
--------------------------------------------------------------------------------
Best docking solution after GA:
      2500      32.22       0.04      24.78       0.00      -1.89      -0.76

#ops:       2500 #mutates:   1277 #cross:     1223 #dups:       472 
#niche:     1425 #errors:     155 
--------------------------------------------------------------------------------

Doing AMOEBA simplex on best individual
Done simplexing #iterations 679, best score  35.32

Ligand is stored in gold_soln_ligand_prepared_m1_5.mol2


--------------------------------------------------------------------------------
--- GoldScore breakdown of terms                                             ---
--------------------------------------------------------------------------------
Fitness = S(hb_ext) + 1.3750*S(vdw_ext) + S(hb_int) + 1.0000*S(int)
S(int)  = S(vdw_int) + S(tors)

Internal terms are relative to best energy found (intcor).

--------------------------------------------------------------------------------


     Fitness  S(hb_ext) S(vdw_ext)  S(hb_int)    S(int)      intcor
     35.32       0.13      26.79       0.00      -1.65      -0.76

--------------------------------------------------------------------------------
--- GoldScore analysis of protein-ligand interactions                        ---
--------------------------------------------------------------------------------

  Ligand donor    8 hydrogen   22 Protein acceptor  536 bond energy  2.00 wt 0.07

--------------------------------------------------------------------------------

--------------------------------------------------------------------------------
--- Rescoring solution                                                       ---
--------------------------------------------------------------------------------

     Score     S(PLP)   S(hbond)     S(cho)   S(metal)  DE(clash)   DE(tors)
     19.60     -21.02       0.03       0.00       0.00       1.07       0.22

Doing AMOEBA simplex on best individual
Done simplexing #iterations 907, best score  28.30

     Score     S(PLP)   S(hbond)     S(cho)   S(metal)  DE(clash)   DE(tors)
     28.30     -29.94       0.00       0.00       0.00       0.24       0.70

--------------------------------------------------------------------------------
--- CHEMPLP breakdown of terms                                               ---
--------------------------------------------------------------------------------
CHEMPLP = - ( 1.0000*S(PLP) + -3.0000*S(hbond) + -6.0000*S(metal) + -3.0000*S(cho) )

Score = CHEMPLP - 1.0000*DE(clash) - 2.0000*DE(tors)


--------------------------------------------------------------------------------


--------------------------------------------------------------------------------
--- PLP analysis of protein-ligand interactions                              ---
--------------------------------------------------------------------------------
hydrogen bonding        :       0.00
metal                   :       0.00
buried (polar-nonpolar) :      -3.87
nonpolar                :     -27.94
repulsive               :       0.30
--------------------------------------------------------------------------------


--------------------------------------------------------------------------------
--- ChemScore analysis of protein-ligand interactions                        ---
--------------------------------------------------------------------------------

* Hydrogen bonds                                                                


* CH..O interactions                                                            
  CH group selection                       : activated ring CH (adjacent to hetatom)

--------------------------------------------------------------------------------


--------------------------------------------------------------------------------
--- Intra-ligand clashes                                                     ---
--------------------------------------------------------------------------------

Ligand
  7 (C7   ) -   3 (C3   ):   0.24 (dist   2.74)
--------------------------------------------------------------------------------


--------------------------------------------------------------------------------
--- Chromosome decoded                                                       ---
--------------------------------------------------------------------------------
Ligand Torsions
[   6    2    1    3]  168.22
[  12    5    1    2]  179.01
Protein Torsions
[ 568  565  563  560]   61.55 
[ 590  585  584  581] -179.00 
[2787 2780 2778 2775]   81.00 
[2470 2461 2460 2458]  -45.19 
[2545 2534 2533 2532]  -41.65 
[1779 1770 1769 1767]   89.66 
[5059 5050 5049 5047]  -89.19 
Mapping
Ligand acceptors to protein hydrogens (mapping then atom ids)
Ligand hydrogens to protein acceptors (mapping then atom ids)
  1  25 [ 22-> 536]
Ligand shape atoms to protein points (mapping then atom ids & coords)
  1  6048 [  5->( 27.500  -8.000   3.250)]
  6  4143 [ 14->( 24.750 -11.500   1.000)]
Chromosome values
Integers:
  -1   -1   -1   24   -1 6047   -1   -1   -1   -1 4142   -1 
--------------------------------------------------------------------------------


--------------------------------------------------------------------------------
--- Diverse Solutions Stats                                                  ---
--------------------------------------------------------------------------------
  Move attempts                            :  16571
  Move failures                            :    153
  Failure rate                             :   0.009

--------------------------------------------------------------------------------

Current Ranking  1  4  5  3  2

--------------------------------------------------------------------------------

* GA execution time :                                                           
  total  0.8201 user  0.7811 sys  0.0390

--------------------------------------------------------------------------------
Fitness function evaluations: 16972

--------------------------------------------------------------------------------
** Docking run number  6 **
--------------------------------------------------------------------------------
  Rank fitness base is 5000.00 ; increment is 11.2233

* Initialising population(s) ...                                                
Number of constraints mappings 0
Number of constraints 0
  Population no.                           :      1
  Population size                          :    100
  Number of duplicates                     :      0
  Number of niche violations               :      0
  Number of errors                         :    371


Doing GA, no. of population(s) 1 size 100 selection pressure 1.100000

 Operation      Fitness  S(hb_ext) S(vdw_ext)  S(hb_int)    S(int)      intcor
         0      30.63       1.98      24.55       0.00     -25.52      -0.76
        18      30.64       1.98      24.56       0.00     -25.52      -0.76
        36      32.33       2.06      24.21       0.00     -14.72      -0.76
        52      35.01       2.64      24.10       0.00      -3.67      -0.76
       426      33.49       1.70      23.31       0.00      -0.92      -0.76
       463      33.29       1.63      23.22       0.00      -0.92      -0.76
       489      33.33       1.50      23.17       0.00      -0.07      -0.76
Reordering...
       525      32.94       1.55      23.03       0.00      -0.92      -0.76
       646      32.55       1.48      22.82       0.00      -0.92      -0.76
      1029      32.49       2.86      22.17       0.00      -1.76      -0.76
      1660      31.79       2.21      22.07       0.00      -0.92      -0.76
      2364      31.52       2.10      22.07       0.00      -0.92      -0.76
--------------------------------------------------------------------------------
Best docking solution after GA:
      2500      31.52       2.10      22.07       0.00      -0.92      -0.76

#ops:       2500 #mutates:   1220 #cross:     1280 #dups:       460 
#niche:     1215 #errors:     160 
--------------------------------------------------------------------------------

Doing AMOEBA simplex on best individual
Done simplexing #iterations 860, best score  35.09

Ligand is stored in gold_soln_ligand_prepared_m1_6.mol2


--------------------------------------------------------------------------------
--- GoldScore breakdown of terms                                             ---
--------------------------------------------------------------------------------
Fitness = S(hb_ext) + 1.3750*S(vdw_ext) + S(hb_int) + 1.0000*S(int)
S(int)  = S(vdw_int) + S(tors)

Internal terms are relative to best energy found (intcor).

--------------------------------------------------------------------------------


     Fitness  S(hb_ext) S(vdw_ext)  S(hb_int)    S(int)      intcor
     35.09       2.20      24.41       0.00      -0.69      -0.76

--------------------------------------------------------------------------------
--- GoldScore analysis of protein-ligand interactions                        ---
--------------------------------------------------------------------------------

  Ligand acceptor    9 Protein hydrogen  586 donor  580 bond energy  2.00 wt 0.10
  Ligand acceptor    9 Protein hydrogen  590 donor  585 bond energy  2.00 wt 0.91
  Ligand donor   10 hydrogen   23 Protein acceptor 2584 bond energy  2.00 wt 0.09

--------------------------------------------------------------------------------

--------------------------------------------------------------------------------
--- Rescoring solution                                                       ---
--------------------------------------------------------------------------------

     Score     S(PLP)   S(hbond)     S(cho)   S(metal)  DE(clash)   DE(tors)
     10.17      -6.38       2.00       0.00       0.00       0.00       1.10

Doing AMOEBA simplex on best individual
Done simplexing #iterations 1299, best score  24.16

     Score     S(PLP)   S(hbond)     S(cho)   S(metal)  DE(clash)   DE(tors)
     24.16     -21.01       1.74       0.00       0.00       0.00       1.04

--------------------------------------------------------------------------------
--- CHEMPLP breakdown of terms                                               ---
--------------------------------------------------------------------------------
CHEMPLP = - ( 1.0000*S(PLP) + -3.0000*S(hbond) + -6.0000*S(metal) + -3.0000*S(cho) )

Score = CHEMPLP - 1.0000*DE(clash) - 2.0000*DE(tors)


--------------------------------------------------------------------------------


--------------------------------------------------------------------------------
--- PLP analysis of protein-ligand interactions                              ---
--------------------------------------------------------------------------------
hydrogen bonding        :      -1.36
metal                   :       0.00
buried (polar-nonpolar) :      -1.07
nonpolar                :     -28.58
repulsive               :       8.16
--------------------------------------------------------------------------------


--------------------------------------------------------------------------------
--- ChemScore analysis of protein-ligand interactions                        ---
--------------------------------------------------------------------------------

* Hydrogen bonds                                                                
Protein donor  580 hydrogen  586 Ligand acceptor    9 bond energy  1.00 wt 1.00
Protein donor  585 hydrogen  590 Ligand acceptor    9 bond energy  1.00 wt 0.74


* CH..O interactions                                                            
  CH group selection                       : activated ring CH (adjacent to hetatom)

--------------------------------------------------------------------------------


--------------------------------------------------------------------------------
--- Intra-ligand clashes                                                     ---
--------------------------------------------------------------------------------

Ligand
  6 (C6   ) -   4 (C4   ):   0.00 (dist   2.75)
--------------------------------------------------------------------------------


--------------------------------------------------------------------------------
--- Chromosome decoded                                                       ---
--------------------------------------------------------------------------------
Ligand Torsions
[   6    2    1    3]  -92.65
[  12    5    1    2] -171.34
Protein Torsions
[ 568  565  563  560]  -13.69 
[ 590  585  584  581]  -35.88 
[2787 2780 2778 2775]    6.93 
[2470 2461 2460 2458]  146.26 
[2545 2534 2533 2532] -156.58 
[1779 1770 1769 1767]  126.44 
[5059 5050 5049 5047]  100.42 
Mapping
Ligand acceptors to protein hydrogens (mapping then atom ids)
Ligand hydrogens to protein acceptors (mapping then atom ids)
Ligand shape atoms to protein points (mapping then atom ids & coords)
  2  3544 [  6->( 24.000 -11.250  -0.250)]
  3  2387 [  7->( 22.750 -13.000  -1.750)]
  5  3633 [ 13->( 24.250 -13.750  -0.500)]
Chromosome values
Integers:
  -1   -1   -1   -1   -1   -1 3543 2386   -1 3632   -1   -1 
--------------------------------------------------------------------------------


--------------------------------------------------------------------------------
--- Diverse Solutions Stats                                                  ---
--------------------------------------------------------------------------------
  Move attempts                            :  17341
  Move failures                            :    293
  Failure rate                             :   0.017

--------------------------------------------------------------------------------

Current Ranking  1  4  5  6  3  2

--------------------------------------------------------------------------------

* GA execution time :                                                           
  total  0.8519 user  0.8147 sys  0.0373

--------------------------------------------------------------------------------
Fitness function evaluations: 17731

--------------------------------------------------------------------------------
** Docking run number  7 **
--------------------------------------------------------------------------------
  Rank fitness base is 5000.00 ; increment is 11.2233

* Initialising population(s) ...                                                
Number of constraints mappings 0
Number of constraints 0
  Population no.                           :      1
  Population size                          :    100
  Number of duplicates                     :      0
  Number of niche violations               :      0
  Number of errors                         :    336


Doing GA, no. of population(s) 1 size 100 selection pressure 1.100000

 Operation      Fitness  S(hb_ext) S(vdw_ext)  S(hb_int)    S(int)      intcor
         0      33.25       2.53      22.45       0.00      -0.73      -0.76
Reordering...
       225      29.83       0.00      23.45       0.00      -9.92      -0.76
Reordering...
       275      29.76       2.41      20.02       0.00      -0.73      -0.76
       284      32.78       1.46      23.46       0.00      -3.70      -0.76
       609      31.34       1.46      22.63       0.00      -3.70      -0.76
       701      30.93       1.46      22.42       0.00      -3.70      -0.76
      1113      30.16       0.68      23.72       0.00      -6.09      -0.76
Reordering...
      1225      29.51       1.46      21.94       0.00      -3.70      -0.76
      1228      29.52       0.66      23.52       0.00      -6.09      -0.76
Reordering...
      1250      29.46       1.46      21.94       0.00      -3.70      -0.76
      1475      33.86       0.62      25.13       0.00      -1.85      -0.76
--------------------------------------------------------------------------------
Best docking solution after GA:
      2500      33.25       0.54      25.13       0.00      -1.85      -0.76

#ops:       2500 #mutates:   1226 #cross:     1274 #dups:       447 
#niche:     1141 #errors:     181 
--------------------------------------------------------------------------------

Doing AMOEBA simplex on best individual
Done simplexing #iterations 592, best score  36.20

Ligand is stored in gold_soln_ligand_prepared_m1_7.mol2


--------------------------------------------------------------------------------
--- GoldScore breakdown of terms                                             ---
--------------------------------------------------------------------------------
Fitness = S(hb_ext) + 1.3750*S(vdw_ext) + S(hb_int) + 1.0000*S(int)
S(int)  = S(vdw_int) + S(tors)

Internal terms are relative to best energy found (intcor).

--------------------------------------------------------------------------------


     Fitness  S(hb_ext) S(vdw_ext)  S(hb_int)    S(int)      intcor
     36.20       0.58      27.00       0.00      -1.50      -0.76

--------------------------------------------------------------------------------
--- GoldScore analysis of protein-ligand interactions                        ---
--------------------------------------------------------------------------------

  Ligand acceptor   11 Protein hydrogen 2787 donor 2780 bond energy  2.00 wt 0.24
  Ligand donor    8 hydrogen   22 Protein acceptor  536 bond energy  2.00 wt 0.05

--------------------------------------------------------------------------------

--------------------------------------------------------------------------------
--- Rescoring solution                                                       ---
--------------------------------------------------------------------------------

     Score     S(PLP)   S(hbond)     S(cho)   S(metal)  DE(clash)   DE(tors)
     16.05     -17.52       0.00       0.00       0.00       1.16       0.16

Doing AMOEBA simplex on best individual
Done simplexing #iterations 733, best score  25.27

     Score     S(PLP)   S(hbond)     S(cho)   S(metal)  DE(clash)   DE(tors)
     25.27     -25.27       0.49       0.00       0.00       1.38       0.04

--------------------------------------------------------------------------------
--- CHEMPLP breakdown of terms                                               ---
--------------------------------------------------------------------------------
CHEMPLP = - ( 1.0000*S(PLP) + -3.0000*S(hbond) + -6.0000*S(metal) + -3.0000*S(cho) )

Score = CHEMPLP - 1.0000*DE(clash) - 2.0000*DE(tors)


--------------------------------------------------------------------------------


--------------------------------------------------------------------------------
--- PLP analysis of protein-ligand interactions                              ---
--------------------------------------------------------------------------------
hydrogen bonding        :      -0.59
metal                   :       0.00
buried (polar-nonpolar) :      -0.76
nonpolar                :     -28.70
repulsive               :       4.13
--------------------------------------------------------------------------------


--------------------------------------------------------------------------------
--- ChemScore analysis of protein-ligand interactions                        ---
--------------------------------------------------------------------------------

* Hydrogen bonds                                                                
Protein donor 2780 hydrogen 2787 Ligand acceptor   11 bond energy  1.00 wt 0.49


* CH..O interactions                                                            
  CH group selection                       : activated ring CH (adjacent to hetatom)

--------------------------------------------------------------------------------


--------------------------------------------------------------------------------
--- Intra-ligand clashes                                                     ---
--------------------------------------------------------------------------------

Ligand
  7 (C7   ) -   3 (C3   ):   1.38 (dist   2.71)
--------------------------------------------------------------------------------


--------------------------------------------------------------------------------
--- Chromosome decoded                                                       ---
--------------------------------------------------------------------------------
Ligand Torsions
[   6    2    1    3]  168.25
[  12    5    1    2]  176.05
Protein Torsions
[ 568  565  563  560]  -24.09 
[ 590  585  584  581]  -33.40 
[2787 2780 2778 2775] -146.15 
[2470 2461 2460 2458]   65.15 
[2545 2534 2533 2532]  178.40 
[1779 1770 1769 1767]   63.03 
[5059 5050 5049 5047]   66.01 
Mapping
Ligand acceptors to protein hydrogens (mapping then atom ids)
  2  17 [ 11->2787]
Ligand hydrogens to protein acceptors (mapping then atom ids)
Ligand shape atoms to protein points (mapping then atom ids & coords)
  1  5793 [  5->( 27.000  -8.000   4.000)]
  3  5237 [  7->( 26.250  -9.750   2.000)]
  5  4140 [ 13->( 24.750 -11.500   0.250)]
  7  4166 [ 16->( 24.750 -11.000   1.750)]
Chromosome values
Integers:
  -1   16   -1   -1   -1 5792   -1 5236   -1 4139   -1 4165 
--------------------------------------------------------------------------------


--------------------------------------------------------------------------------
--- Diverse Solutions Stats                                                  ---
--------------------------------------------------------------------------------
  Move attempts                            :  16182
  Move failures                            :    146
  Failure rate                             :   0.009

--------------------------------------------------------------------------------

Current Ranking  1  4  7  5  6  3  2

--------------------------------------------------------------------------------

* GA execution time :                                                           
  total  0.8594 user  0.7911 sys  0.0683

--------------------------------------------------------------------------------
Fitness function evaluations: 16552

--------------------------------------------------------------------------------
** Docking run number  8 **
--------------------------------------------------------------------------------
  Rank fitness base is 5000.00 ; increment is 11.2233

* Initialising population(s) ...                                                
Number of constraints mappings 0
Number of constraints 0
  Population no.                           :      1
  Population size                          :    100
  Number of duplicates                     :      0
  Number of niche violations               :      0
  Number of errors                         :    404


Doing GA, no. of population(s) 1 size 100 selection pressure 1.100000

 Operation      Fitness  S(hb_ext) S(vdw_ext)  S(hb_int)    S(int)      intcor
         0      32.29       3.41      23.30       0.00     -15.80      -0.76
Reordering...
        75      30.69       3.38      23.90       0.00     -26.01      -0.76
       103      30.59       3.38      23.92       0.00     -26.01      -0.76
       246      29.25       0.27      21.26       0.00      -1.06      -0.76
       249      30.22       0.97      22.16       0.00      -5.06      -0.76
       309      31.82       1.27      22.57       0.00      -1.84      -0.76
Reordering...
       450      29.85       0.99      21.39       0.00      -1.84      -0.76
       501      29.98       3.39      20.62       0.00      -5.76      -0.76
Reordering...
       525      29.38       0.15      22.44       0.00      -5.21      -0.76
       585      32.45       1.29      23.10       0.00      -1.84      -0.76
Reordering...
       750      29.31       0.00      21.54       0.00      -0.81      -0.76
       868      29.29       0.00      21.55       0.00      -0.81      -0.76
       887      29.56       1.42      22.49       0.00      -6.56      -0.76
Reordering...
       950      29.26       0.00      21.55       0.00      -0.81      -0.76
      1042      29.73       1.12      22.52       0.00      -4.88      -0.76
Reordering...
      1125      29.20       0.00      21.55       0.00      -0.81      -0.76
      1489      29.12       0.00      21.60       0.00      -0.81      -0.76
      1503      29.24       0.00      21.66       0.00      -0.75      -0.76
      1783      29.10       0.00      21.66       0.00      -0.75      -0.76
      2067      29.05       0.00      21.67       0.00      -0.75      -0.76
      2071      29.65       0.76      21.58       0.00      -0.78      -0.76
      2432      29.82       0.82      21.66       0.00      -0.78      -0.76
--------------------------------------------------------------------------------
Best docking solution after GA:
      2500      29.82       0.82      21.66       0.00      -0.78      -0.76

#ops:       2500 #mutates:   1252 #cross:     1248 #dups:       489 
#niche:     1277 #errors:      77 
--------------------------------------------------------------------------------

Doing AMOEBA simplex on best individual
Done simplexing #iterations 736, best score  36.01

Ligand is stored in gold_soln_ligand_prepared_m1_8.mol2


--------------------------------------------------------------------------------
--- GoldScore breakdown of terms                                             ---
--------------------------------------------------------------------------------
Fitness = S(hb_ext) + 1.3750*S(vdw_ext) + S(hb_int) + 1.0000*S(int)
S(int)  = S(vdw_int) + S(tors)

Internal terms are relative to best energy found (intcor).

--------------------------------------------------------------------------------


     Fitness  S(hb_ext) S(vdw_ext)  S(hb_int)    S(int)      intcor
     36.01       1.21      25.78       0.00      -0.64      -0.76

--------------------------------------------------------------------------------
--- GoldScore analysis of protein-ligand interactions                        ---
--------------------------------------------------------------------------------

  Ligand donor   10 hydrogen   23 Protein acceptor 2565 bond energy  2.00 wt 0.61

--------------------------------------------------------------------------------

--------------------------------------------------------------------------------
--- Rescoring solution                                                       ---
--------------------------------------------------------------------------------

     Score     S(PLP)   S(hbond)     S(cho)   S(metal)  DE(clash)   DE(tors)
     17.14     -15.44       1.00       0.00       0.00       0.00       0.65

Doing AMOEBA simplex on best individual
Done simplexing #iterations 754, best score  35.14

     Score     S(PLP)   S(hbond)     S(cho)   S(metal)  DE(clash)   DE(tors)
     35.14     -33.32       0.90       0.00       0.00       0.00       0.43

--------------------------------------------------------------------------------
--- CHEMPLP breakdown of terms                                               ---
--------------------------------------------------------------------------------
CHEMPLP = - ( 1.0000*S(PLP) + -3.0000*S(hbond) + -6.0000*S(metal) + -3.0000*S(cho) )

Score = CHEMPLP - 1.0000*DE(clash) - 2.0000*DE(tors)


--------------------------------------------------------------------------------


--------------------------------------------------------------------------------
--- PLP analysis of protein-ligand interactions                              ---
--------------------------------------------------------------------------------
hydrogen bonding        :      -1.00
metal                   :       0.00
buried (polar-nonpolar) :      -0.81
nonpolar                :     -33.39
repulsive               :       1.27
--------------------------------------------------------------------------------


--------------------------------------------------------------------------------
--- ChemScore analysis of protein-ligand interactions                        ---
--------------------------------------------------------------------------------

* Hydrogen bonds                                                                
Ligand donor   10 hydrogen   23 Protein acceptor 2565 bond energy  1.00 wt 0.90


* CH..O interactions                                                            
  CH group selection                       : activated ring CH (adjacent to hetatom)

--------------------------------------------------------------------------------


--------------------------------------------------------------------------------
--- Intra-ligand clashes                                                     ---
--------------------------------------------------------------------------------

Ligand
--------------------------------------------------------------------------------


--------------------------------------------------------------------------------
--- Chromosome decoded                                                       ---
--------------------------------------------------------------------------------
Ligand Torsions
[   6    2    1    3]  135.99
[  12    5    1    2]  170.21
Protein Torsions
[ 568  565  563  560]  -90.10 
[ 590  585  584  581]  170.81 
[2787 2780 2778 2775] -133.03 
[2470 2461 2460 2458]    1.50 
[2545 2534 2533 2532]   53.37 
[1779 1770 1769 1767]  -49.15 
[5059 5050 5049 5047]   82.14 
Mapping
Ligand acceptors to protein hydrogens (mapping then atom ids)
Ligand hydrogens to protein acceptors (mapping then atom ids)
Ligand shape atoms to protein points (mapping then atom ids & coords)
  4  4969 [ 12->( 25.750  -9.000   0.500)]
  5  7196 [ 13->( 30.750  -9.750   1.500)]
  6  7226 [ 14->( 31.000 -10.500   5.250)]
Chromosome values
Integers:
  -1   -1   -1   -1   -1   -1   -1   -1 4968 7195 7225   -1 
--------------------------------------------------------------------------------


--------------------------------------------------------------------------------
--- Diverse Solutions Stats                                                  ---
--------------------------------------------------------------------------------
  Move attempts                            :  16404
  Move failures                            :     70
  Failure rate                             :   0.004

--------------------------------------------------------------------------------

Current Ranking  1  4  7  8  5  6  3  2

--------------------------------------------------------------------------------

* GA execution time :                                                           
  total  0.9201 user  0.8617 sys  0.0584

--------------------------------------------------------------------------------
Fitness function evaluations: 16817

--------------------------------------------------------------------------------
** Docking run number  9 **
--------------------------------------------------------------------------------
  Rank fitness base is 5000.00 ; increment is 11.2233

* Initialising population(s) ...                                                
Number of constraints mappings 0
Number of constraints 0
  Population no.                           :      1
  Population size                          :    100
  Number of duplicates                     :      0
  Number of niche violations               :      0
  Number of errors                         :    374


Doing GA, no. of population(s) 1 size 100 selection pressure 1.100000

 Operation      Fitness  S(hb_ext) S(vdw_ext)  S(hb_int)    S(int)      intcor
         0      33.82       1.47      26.33       0.00     -19.28      -0.76
Reordering...
        75      32.45       0.05      23.92       0.00      -2.24      -0.76
       130      33.08       0.06      24.83       0.00      -5.05      -0.76
       145      35.58       0.23      25.93       0.00      -1.35      -0.76
       201      35.08       1.36      25.53       0.00      -5.83      -0.76
Reordering...
       225      34.37       0.22      25.08       0.00      -1.35      -0.76
       562      31.22       0.03      23.87       0.00      -5.05      -0.76
Reordering...
       675      29.08       0.19      21.36       0.00      -1.35      -0.76
Reordering...
       750      28.22       0.00      21.92       0.00      -5.05      -0.76
       770      29.70       0.73      25.05       0.00     -14.37      -0.76
       985      28.54       1.33      22.25       0.00      -7.35      -0.76
      1147      27.83       0.76      25.18       0.00     -14.37      -0.76
Reordering...
      1150      27.69       1.31      22.06       0.00      -7.35      -0.76
      1185      27.76       1.31      22.17       0.00      -7.35      -0.76
      1232      27.91       0.74      24.94       0.00     -12.44      -0.76
      1354      29.53       0.94      25.16       0.00      -9.42      -0.76
      1409      29.81       0.70      22.59       0.00      -2.92      -0.76
      1846      27.71       0.55      21.78       0.00      -2.92      -0.76
      1871      27.91       0.77      25.12       0.00      -7.56      -0.76
      1939      29.17       0.57      23.50       0.00      -3.71      -0.76
--------------------------------------------------------------------------------
Best docking solution after GA:
      2500      29.17       0.57      23.50       0.00      -3.71      -0.76

#ops:       2500 #mutates:   1255 #cross:     1245 #dups:       463 
#niche:     1344 #errors:     129 
--------------------------------------------------------------------------------

Doing AMOEBA simplex on best individual
Done simplexing #iterations 815, best score  32.15

Ligand is stored in gold_soln_ligand_prepared_m1_9.mol2


--------------------------------------------------------------------------------
--- GoldScore breakdown of terms                                             ---
--------------------------------------------------------------------------------
Fitness = S(hb_ext) + 1.3750*S(vdw_ext) + S(hb_int) + 1.0000*S(int)
S(int)  = S(vdw_int) + S(tors)

Internal terms are relative to best energy found (intcor).

--------------------------------------------------------------------------------


     Fitness  S(hb_ext) S(vdw_ext)  S(hb_int)    S(int)      intcor
     32.15       0.37      25.53       0.00      -3.33      -0.76

--------------------------------------------------------------------------------
--- GoldScore analysis of protein-ligand interactions                        ---
--------------------------------------------------------------------------------

  Ligand donor   10 hydrogen   23 Protein acceptor 2780 bond energy  2.00 wt 0.19

--------------------------------------------------------------------------------

--------------------------------------------------------------------------------
--- Rescoring solution                                                       ---
--------------------------------------------------------------------------------

     Score     S(PLP)   S(hbond)     S(cho)   S(metal)  DE(clash)   DE(tors)
     18.62     -19.61       0.23       0.00       0.00       1.38       0.15

Doing AMOEBA simplex on best individual
Done simplexing #iterations 898, best score  31.60

     Score     S(PLP)   S(hbond)     S(cho)   S(metal)  DE(clash)   DE(tors)
     31.60     -33.35       0.00       0.00       0.00       1.37       0.19

--------------------------------------------------------------------------------
--- CHEMPLP breakdown of terms                                               ---
--------------------------------------------------------------------------------
CHEMPLP = - ( 1.0000*S(PLP) + -3.0000*S(hbond) + -6.0000*S(metal) + -3.0000*S(cho) )

Score = CHEMPLP - 1.0000*DE(clash) - 2.0000*DE(tors)


--------------------------------------------------------------------------------


--------------------------------------------------------------------------------
--- PLP analysis of protein-ligand interactions                              ---
--------------------------------------------------------------------------------
hydrogen bonding        :      -1.00
metal                   :       0.00
buried (polar-nonpolar) :      -4.49
nonpolar                :     -30.52
repulsive               :       1.78
--------------------------------------------------------------------------------


--------------------------------------------------------------------------------
--- ChemScore analysis of protein-ligand interactions                        ---
--------------------------------------------------------------------------------

* Hydrogen bonds                                                                


* CH..O interactions                                                            
  CH group selection                       : activated ring CH (adjacent to hetatom)

--------------------------------------------------------------------------------


--------------------------------------------------------------------------------
--- Intra-ligand clashes                                                     ---
--------------------------------------------------------------------------------

Ligand
  7 (C7   ) -   3 (C3   ):   1.37 (dist   2.71)
--------------------------------------------------------------------------------


--------------------------------------------------------------------------------
--- Chromosome decoded                                                       ---
--------------------------------------------------------------------------------
Ligand Torsions
[   6    2    1    3]  179.67
[  12    5    1    2]  170.79
Protein Torsions
[ 568  565  563  560] -102.35 
[ 590  585  584  581]  159.50 
[2787 2780 2778 2775]  123.52 
[2470 2461 2460 2458]  -98.04 
[2545 2534 2533 2532]   36.86 
[1779 1770 1769 1767] -176.83 
[5059 5050 5049 5047]   90.54 
Mapping
Ligand acceptors to protein hydrogens (mapping then atom ids)
Ligand hydrogens to protein acceptors (mapping then atom ids)
  2  15 [ 23->2780]
Ligand shape atoms to protein points (mapping then atom ids & coords)
  2  3946 [  6->( 24.500 -11.250  -0.500)]
  3  3927 [  7->( 24.500 -11.750  -0.250)]
  4  4688 [ 12->( 25.250  -8.000   2.500)]
  5  3902 [ 13->( 24.500 -12.250  -0.750)]
  6  3484 [ 14->( 24.000 -12.500  -0.500)]
  7  4053 [ 16->( 24.750 -14.000  -0.750)]
Chromosome values
Integers:
  -1   -1   -1   -1   14   -1 3945 3926 4687 3901 3483 4052 
--------------------------------------------------------------------------------


--------------------------------------------------------------------------------
--- Diverse Solutions Stats                                                  ---
--------------------------------------------------------------------------------
  Move attempts                            :  16739
  Move failures                            :    137
  Failure rate                             :   0.008

--------------------------------------------------------------------------------

Current Ranking  1  4  7  8  5  6  3  2  9

--------------------------------------------------------------------------------

* GA execution time :                                                           
  total  0.9669 user  0.8664 sys  0.1005

--------------------------------------------------------------------------------
Fitness function evaluations: 17112

--------------------------------------------------------------------------------
** Docking run number 10 **
--------------------------------------------------------------------------------
  Rank fitness base is 5000.00 ; increment is 11.2233

* Initialising population(s) ...                                                
Number of constraints mappings 0
Number of constraints 0
  Population no.                           :      1
  Population size                          :    100
  Number of duplicates                     :      0
  Number of niche violations               :      0
  Number of errors                         :    419


Doing GA, no. of population(s) 1 size 100 selection pressure 1.100000

 Operation      Fitness  S(hb_ext) S(vdw_ext)  S(hb_int)    S(int)      intcor
         0      33.67       1.11      25.73       0.00     -14.13      -0.76
Reordering...
        50      33.58       3.89      22.30       0.00      -4.59      -0.76
Reordering...
        75      32.80       1.07      25.27       0.00     -14.13      -0.76
Reordering...
       300      29.92       1.27      21.57       0.00      -3.86      -0.76
       606      29.81       1.33      21.46       0.00      -3.05      -0.76
       690      29.43       2.91      19.31       0.00      -0.10      -0.76
       908      30.20       0.09      22.75       0.00      -2.71      -0.76
       971      30.20       0.18      22.72       0.00      -2.71      -0.76
Reordering...
      1200      28.44       1.70      19.48       0.00      -0.10      -0.76
      1273      28.55       0.00      22.20       0.00      -3.37      -0.76
Reordering...
      1450      27.56       1.49      19.02       0.00      -0.10      -0.76
      1466      28.35       0.00      21.33       0.00      -1.41      -0.76
      1483      28.37       0.00      21.36       0.00      -1.41      -0.76
      1517      28.99       0.13      21.73       0.00      -1.41      -0.76
      1689      28.17       0.11      21.27       0.00      -1.41      -0.76
      1905      26.60       0.09      20.30       0.00      -1.41      -0.76
      2230      26.61       0.09      20.31       0.00      -1.41      -0.76
      2381      27.28       0.00      20.13       0.00      -0.39      -0.76
--------------------------------------------------------------------------------
Best docking solution after GA:
      2500      27.28       0.00      20.13       0.00      -0.39      -0.76

#ops:       2500 #mutates:   1222 #cross:     1278 #dups:       547 
#niche:     1286 #errors:     101 
--------------------------------------------------------------------------------

Doing AMOEBA simplex on best individual
Done simplexing #iterations 1057, best score  36.49

Ligand is stored in gold_soln_ligand_prepared_m1_10.mol2


--------------------------------------------------------------------------------
--- GoldScore breakdown of terms                                             ---
--------------------------------------------------------------------------------
Fitness = S(hb_ext) + 1.3750*S(vdw_ext) + S(hb_int) + 1.0000*S(int)
S(int)  = S(vdw_int) + S(tors)

Internal terms are relative to best energy found (intcor).

--------------------------------------------------------------------------------


     Fitness  S(hb_ext) S(vdw_ext)  S(hb_int)    S(int)      intcor
     36.49       2.94      25.20       0.00      -1.10      -0.76

--------------------------------------------------------------------------------
--- GoldScore analysis of protein-ligand interactions                        ---
--------------------------------------------------------------------------------

  Ligand donor    8 hydrogen   22 Protein acceptor 2794 bond energy  6.00 wt 0.49

--------------------------------------------------------------------------------

--------------------------------------------------------------------------------
--- Rescoring solution                                                       ---
--------------------------------------------------------------------------------

     Score     S(PLP)   S(hbond)     S(cho)   S(metal)  DE(clash)   DE(tors)
     19.23     -21.40       0.06       0.00       0.00       0.00       1.18

Doing AMOEBA simplex on best individual
Done simplexing #iterations 1219, best score  29.83

     Score     S(PLP)   S(hbond)     S(cho)   S(metal)  DE(clash)   DE(tors)
     29.83     -32.73       0.09       0.00       0.00       1.64       0.76

--------------------------------------------------------------------------------
--- CHEMPLP breakdown of terms                                               ---
--------------------------------------------------------------------------------
CHEMPLP = - ( 1.0000*S(PLP) + -3.0000*S(hbond) + -6.0000*S(metal) + -3.0000*S(cho) )

Score = CHEMPLP - 1.0000*DE(clash) - 2.0000*DE(tors)


--------------------------------------------------------------------------------


--------------------------------------------------------------------------------
--- PLP analysis of protein-ligand interactions                              ---
--------------------------------------------------------------------------------
hydrogen bonding        :      -1.88
metal                   :       0.00
buried (polar-nonpolar) :      -3.17
nonpolar                :     -28.23
repulsive               :       0.60
--------------------------------------------------------------------------------


--------------------------------------------------------------------------------
--- ChemScore analysis of protein-ligand interactions                        ---
--------------------------------------------------------------------------------

* Hydrogen bonds                                                                
Ligand donor   10 hydrogen   23 Protein acceptor  562 bond energy  1.00 wt 0.09


* CH..O interactions                                                            
  CH group selection                       : activated ring CH (adjacent to hetatom)

--------------------------------------------------------------------------------


--------------------------------------------------------------------------------
--- Intra-ligand clashes                                                     ---
--------------------------------------------------------------------------------

Ligand
  6 (C6   ) -   3 (C3   ):   1.64 (dist   2.70)
--------------------------------------------------------------------------------


--------------------------------------------------------------------------------
--- Chromosome decoded                                                       ---
--------------------------------------------------------------------------------
Ligand Torsions
[   6    2    1    3]  -22.50
[  12    5    1    2]  167.17
Protein Torsions
[ 568  565  563  560]  152.97 
[ 590  585  584  581] -121.99 
[2787 2780 2778 2775]   -2.84 
[2470 2461 2460 2458]  167.79 
[2545 2534 2533 2532]  175.36 
[1779 1770 1769 1767]   34.97 
[5059 5050 5049 5047]   71.94 
Mapping
Ligand acceptors to protein hydrogens (mapping then atom ids)
Ligand hydrogens to protein acceptors (mapping then atom ids)
  1  17 [ 22->2795]
Ligand shape atoms to protein points (mapping then atom ids & coords)
  2  5968 [  6->( 27.500  -9.500   4.000)]
  4  5006 [ 12->( 25.750  -8.500   2.750)]
Chromosome values
Integers:
  -1   -1   -1   16   -1   -1 5967   -1 5005   -1   -1   -1 
--------------------------------------------------------------------------------


--------------------------------------------------------------------------------
--- Diverse Solutions Stats                                                  ---
--------------------------------------------------------------------------------
  Move attempts                            :  17505
  Move failures                            :    111
  Failure rate                             :   0.006

--------------------------------------------------------------------------------

Current Ranking  1  4 10  7  8  5  6  3  2  9

--------------------------------------------------------------------------------

* GA execution time :                                                           
  total  0.9158 user  0.8480 sys  0.0677

--------------------------------------------------------------------------------
Fitness function evaluations: 17915

--------------------------------------------------------------------------------
--- Ranking analysis                                                         ---
--------------------------------------------------------------------------------


* Final ranked order of GA solutions:                                           
   1  4 10  7  8  5  6  3  2  9 

  _______________________________
  RMSD Matrix of RANKED solutions

        2    3    4    5    6    7    8    9   10  

   1 :  0.8  7.6  9.0  8.7  8.9  2.3  5.8  5.4  6.5
   2 :       7.3  8.8  8.3  8.8  2.4  5.5  5.1  6.4
   3 :            4.4  3.0  4.4  6.3  3.9  4.0  4.2
   4 :                 4.5  0.2  7.2  4.5  4.9  3.0
   5 :                      4.4  7.2  4.6  4.9  5.2
   6 :                           7.2  4.5  4.9  3.0
   7 :                                4.4  4.1  4.7
   8 :                                     0.6  3.4
   9 :                                          3.6

  Clustering method                        : complete linkage
  Structure ids in cluster table           : rank nos.
  Ordering of clusters and their members   : by rank (order if from rms_analysis)

  Distance | Clusters
   0.16    |  1 |  2 |  3 |  4  6 |  5 |  7 |  8 |  9 | 10 |
   0.57    |  1 |  2 |  3 |  4  6 |  5 |  7 |  8  9 | 10 |
   0.83    |  1  2 |  3 |  4  6 |  5 |  7 |  8  9 | 10 |
   2.35    |  1  2  7 |  3 |  4  6 |  5 |  8  9 | 10 |
   2.97    |  1  2  7 |  3 |  4  6 10 |  5 |  8  9 |
   3.03    |  1  2  7 |  3  5 |  4  6 10 |  8  9 |
   4.91    |  1  2  7 |  3  5 |  4  6  8  9 10 |
   5.24    |  1  2  7 |  3  4  5  6  8  9 10 |
   8.96    |  1  2  3  4  5  6  7  8  9 10 |
  Finished Docking Ligand                  : /mnt/c/Users/ricca/Desktop/Documents/1_Coding/1_Script_Github/Reverse_Docking_Explore_V3/3oxt/ligand_prepared.mol2
--------------------------------------------------------------------------------

  Relative_Ligand_Energy (best encountered) :  -0.755
  Relative_Ligand_Energy: fitness values have been corrected using this amount
