
--------------------------------------------------------------------------------
--- Ligand                                                                   ---
--------------------------------------------------------------------------------
  Ligand loaded from file                  : /mnt/c/Users/ricca/Desktop/Documents/1_Coding/1_Script_Github/Reverse_Docking_Explore_V3/3iw5/ligand_prepared.mol2
  Ligand name                              :  
  "CT1002167954                                                             "

--------------------------------------------------------------------------------
  N.plc donors                             : 
  none found

  Acidic nitrogen acceptors                : 
  none found
  Sulfur acceptors                         :
  none found


  Donor atoms                              :      2
  8   10  
  Acceptor atoms                           :      3
  9   11  17  

  Hydrogens                                :  (n = 2)
  22   23   

  Lone pairs added to molecule             :      6
  Numbering                                : from 30 to 35

--------------------------------------------------------------------------------
--- Postprocessing of typing                                                 ---
--------------------------------------------------------------------------------
  Fragment file                            : /home/hitesit/CCDC/Discovery_2022/GOLD/gold/rotatable_bond_override.mol2
  acylurea fragment                        : 2 matches
  Ligand bond 15-8  set to flip
  Ligand bond 15-10  set to flip
  Ligand bond 15-10  set to 1
  Ligand bond 15-8  set to 1
  Ligand bond 10-4  set to flip
  Ligand bond 8-3  set to flip
  thioacylthiourea fragment                : no matches
  acylthiourea fragment                    : no matches
  thioacylurea fragment                    : no matches
  diarylamine fragment >C.ar-NH-C.ar<      : no matches
  sec-amine (1) fragment                   : no matches
  sec-amine (2) fragment                   : no matches
  sec-amine (3) fragment                   : no matches
  carboxylic ester                         : no matches

* Rotatable bonds in /mnt/c/Users/ricca/D  :
  [   1    2] [   1    5] 
  No. of rotatable bonds                   :      2


* Reading torsional distributions from file:
  /home/hitesit/CCDC/Discovery_2022/GOLD/gold/gold.tordist
  No. of bins in torsional distributions   :     36
  Minimum size of largest peak             :      0
  Removing high energy torsions            : on
  Delta E set to                           :   2.500

* Fragments found in /mnt/c/Users/ricca/D  :
  atom   2: benzene
  atom   6: benzene
  atom   7: benzene
  atom  13: benzene
  atom  14: benzene
  atom  16: benzene


* Checking torsion distributions:                                               
  No. of matched torsions                  :      0

--------------------------------------------------------------------------------
--- Shape fitting atoms selection (hydrophobic atoms)                        ---
--------------------------------------------------------------------------------
  Molecule                                 : /mnt/c/Users/ricca/Desktop/Documents/1_Coding/1_Script_Github/Reverse_Docking_Explore_V3/3iw5/ligand_prepared.mol2
  Selection                                : carbons only
  Atom numbers                             :  (n = 7)
  5    6    7    12   13   14   16   

--------------------------------------------------------------------------------
--- Diverse Solutions Setup                                                  ---
--------------------------------------------------------------------------------
  Cluster size                             :      2
  RMSD                                     :   2.000
  Refinement                               :      0


--------------------------------------------------------------------------------
--- ChemScore ligand setup summary                                           ---
--------------------------------------------------------------------------------
  ChemScore ligand acceptors               :      3
  9 11 17 
  ChemScore ligand donors                  :      2
  8 ( 22  ) 10 ( 23  ) 
  ChemScore ligand CH donors               :      0
  

  ChemScore ligand lipophilic atoms        :  (n = 9)
  1    2    5    6    7    12   13   14   16   

  ChemScore ligand rotatable bonds         :      2
  1   (C1 ) - 2   (C2 ): SP3_SP2_BOND
  1   (C1 ) - 5   (C5 ): SP3_SP3_BOND

--------------------------------------------------------------------------------
--- PLP ligand setup summary                                                 ---
--------------------------------------------------------------------------------
    1    C1   C.3 NONPOLAR
    2    C2  C.ar NONPOLAR
    3    C3   C.2 NONPOLAR
    4    C4   C.2 NONPOLAR
    5    C5   C.3 NONPOLAR
    6    C6  C.ar NONPOLAR
    7    C7  C.ar NONPOLAR
    8    N8  N.am DONOR
    9    O9   O.2 ACCEPTOR
   10   N10  N.am DONOR
   11   O11   O.2 ACCEPTOR
   12   C12   C.3 NONPOLAR
   13   C13  C.ar NONPOLAR
   14   C14  C.ar NONPOLAR
   15   C15   C.2 NONPOLAR
   16   C16  C.ar NONPOLAR
   17   O17   O.2 ACCEPTOR

--------------------------------------------------------------------------------
--- Automatic parameter setting                                              ---
--------------------------------------------------------------------------------
  Contribution base                        :   2500
  Contribution per rotatable bond          :   6000
  Contribution per df                      :   4000
  Contribution per water                   :  10000
  Ligand rotatable bonds                   :      2
  Protein flexible side chain bonds        :      0
  Total rotatable bonds                    :      2
  Hydrophobic vol ratio (P/L)              :   2.493
  Base multiplier (polar)                  :   1.000
  Base multiplier (apolar)                 :   3.490
  Base contribution                        : 10000.000
  Fitting points                           :      5
  Estimated maxops needed (optimal)        :  22500
  Autoscale factor (in percent)            :     10
  Scaled maxops                            :   2500

--------------------------------------------------------------------------------

* Population settings                                                           
  maxops                                   :   2500
  popsiz                                   :    100
  select_pressure                          :   1.100
  n_islands                                :      1
  niche_siz                                :      2

* GA settings                                                                   
  pt_crosswt                               :    100
  allele_mutatewt                          :    100
  migratewt                                :      0

* Search settings                                                               
  start_vdw_linear_cutoff                  :   6.000
  initial_virtual_pt_match_max             :   3.000
  Scaling of internal VDW energy           : log scale from  0.2 to    1
                                             over 1875 ops
  Sampling interval (operations)           :     25
  Scaling of virtual pt maximum length     : linear scale from    3 to    2
                                             over  1875 ops
  Sampling interval (operations)           :     75
  Scaling of 4-8 potential cutoff          : log scale from    6 to 1.2e+02
                                             over 1875 ops
  Sampling interval (operations)           :     75

--------------------------------------------------------------------------------

* Ligand initialisation time :                                                  
  total  0.2742 user  0.0000 sys  0.2742

--------------------------------------------------------------------------------

--------------------------------------------------------------------------------
** Docking run number  1 **
--------------------------------------------------------------------------------
  Rank fitness base is 5000.00 ; increment is 11.2233

* Initialising population(s) ...                                                
Number of constraints mappings 0
Number of constraints 0
  Population no.                           :      1
  Population size                          :    100
  Number of duplicates                     :      0
  Number of niche violations               :      0
  Number of errors                         :     36


Doing GA, no. of population(s) 1 size 100 selection pressure 1.100000

 Operation      Fitness  S(hb_ext) S(vdw_ext)  S(hb_int)    S(int)      intcor
         0      32.08       6.07      21.55       0.00     -18.09      -0.76
Reordering...
       150      29.40       0.60      22.36       0.00      -8.54      -0.76
       206      30.26       2.55      21.39       0.00      -7.19      -0.76
       299      29.80       4.38      19.98       0.00      -8.09      -0.76
       304      30.32       1.69      22.85       0.00     -10.81      -0.76
       335      30.26       6.05      19.17       0.00      -8.09      -0.76
Reordering...
       375      29.91       1.65      22.72       0.00     -10.81      -0.76
       436      29.80       1.16      21.67       0.00      -4.02      -0.76
       448      30.07       0.93      21.85       0.00      -3.13      -0.76
Reordering...
       450      29.49       1.60      22.60       0.00     -10.81      -0.76
       497      31.66       4.30      20.95       0.00      -4.84      -0.76
       680      31.12       5.96      18.61       0.00      -1.19      -0.76
       785      31.29       5.51      21.56       0.00      -9.94      -0.76
       872      34.14       5.54      21.08       0.00      -0.94      -0.76
      1378      30.64       0.45      22.22       0.00      -0.55      -0.76
Reordering...
      1500      30.09       5.44      18.42       0.00      -0.94      -0.76
      1608      31.87       5.06      19.81       0.00      -0.55      -0.76
      1625      33.73       1.47      23.78       0.00      -0.55      -0.76
      1922      33.66       1.86      23.53       0.00      -0.55      -0.76
--------------------------------------------------------------------------------
Best docking solution after GA:
      2500      33.66       1.86      23.53       0.00      -0.55      -0.76

#ops:       2500 #mutates:   1246 #cross:     1254 #dups:       445 
#niche:     1170 #errors:      19 
--------------------------------------------------------------------------------

Doing AMOEBA simplex on best individual
Done simplexing #iterations 550, best score  34.75

Ligand is stored in gold_soln_ligand_prepared_m1_1.mol2


--------------------------------------------------------------------------------
--- GoldScore breakdown of terms                                             ---
--------------------------------------------------------------------------------
Fitness = S(hb_ext) + 1.3750*S(vdw_ext) + S(hb_int) + 1.0000*S(int)
S(int)  = S(vdw_int) + S(tors)

Internal terms are relative to best energy found (intcor).

--------------------------------------------------------------------------------


     Fitness  S(hb_ext) S(vdw_ext)  S(hb_int)    S(int)      intcor
     34.75       1.91      24.24       0.00      -0.49      -0.76

--------------------------------------------------------------------------------
--- GoldScore analysis of protein-ligand interactions                        ---
--------------------------------------------------------------------------------

  Ligand acceptor   17 Protein hydrogen  749 donor  745 bond energy  6.00 wt 0.10
  Ligand donor    8 hydrogen   22 Protein acceptor 2685 bond energy  2.00 wt 0.65

--------------------------------------------------------------------------------

--------------------------------------------------------------------------------
--- Rescoring solution                                                       ---
--------------------------------------------------------------------------------

     Score     S(PLP)   S(hbond)     S(cho)   S(metal)  DE(clash)   DE(tors)
     23.77     -23.90       0.73       0.00       0.00       0.00       1.16

Doing AMOEBA simplex on best individual
Done simplexing #iterations 606, best score  33.73

     Score     S(PLP)   S(hbond)     S(cho)   S(metal)  DE(clash)   DE(tors)
     33.73     -32.86       1.00       0.00       0.00       0.05       1.04

--------------------------------------------------------------------------------
--- CHEMPLP breakdown of terms                                               ---
--------------------------------------------------------------------------------
CHEMPLP = - ( 1.0000*S(PLP) + -3.0000*S(hbond) + -6.0000*S(metal) + -3.0000*S(cho) )

Score = CHEMPLP - 1.0000*DE(clash) - 2.0000*DE(tors)


--------------------------------------------------------------------------------


--------------------------------------------------------------------------------
--- PLP analysis of protein-ligand interactions                              ---
--------------------------------------------------------------------------------
hydrogen bonding        :      -1.00
metal                   :       0.00
buried (polar-nonpolar) :      -3.14
nonpolar                :     -29.82
repulsive               :       0.69
--------------------------------------------------------------------------------


--------------------------------------------------------------------------------
--- ChemScore analysis of protein-ligand interactions                        ---
--------------------------------------------------------------------------------

* Hydrogen bonds                                                                
Ligand donor    8 hydrogen   22 Protein acceptor 2685 bond energy  1.00 wt 1.00


* CH..O interactions                                                            
  CH group selection                       : activated ring CH (adjacent to hetatom)

--------------------------------------------------------------------------------


--------------------------------------------------------------------------------
--- Intra-ligand clashes                                                     ---
--------------------------------------------------------------------------------

Ligand
  6 (C6   ) -   3 (C3   ):   0.05 (dist   2.75)
--------------------------------------------------------------------------------


--------------------------------------------------------------------------------
--- Chromosome decoded                                                       ---
--------------------------------------------------------------------------------
Ligand Torsions
[   6    2    1    3]  -33.66
[  12    5    1    2]  171.04
Protein Torsions
[ 748  745  744  743]  128.25 
[1667 1661 1659 1656] -151.83 
[2625 2618 2617 2616]  -15.27 
[ 493  476  477  478] -131.66 
[ 472  469  468  465]  -83.40 
Mapping
Ligand acceptors to protein hydrogens (mapping then atom ids)
Ligand hydrogens to protein acceptors (mapping then atom ids)
  1  30 [ 22->2685]
Ligand shape atoms to protein points (mapping then atom ids & coords)
  2  6269 [  6->( 21.250  -3.000 -19.000)]
  4  4298 [ 12->( 20.250   0.750 -20.500)]
Chromosome values
Integers:
  -1   -1   -1   29   -1   -1 6268   -1 4297   -1   -1   -1 
--------------------------------------------------------------------------------


--------------------------------------------------------------------------------
--- Diverse Solutions Stats                                                  ---
--------------------------------------------------------------------------------
  Move attempts                            :  15863
  Move failures                            :      0
  Failure rate                             :   0.000

--------------------------------------------------------------------------------

Current Ranking  1

--------------------------------------------------------------------------------

* GA execution time :                                                           
  total  0.9595 user  0.8180 sys  0.1415

--------------------------------------------------------------------------------
Fitness function evaluations: 15919

--------------------------------------------------------------------------------
** Docking run number  2 **
--------------------------------------------------------------------------------
  Rank fitness base is 5000.00 ; increment is 11.2233

* Initialising population(s) ...                                                
Number of constraints mappings 0
Number of constraints 0
  Population no.                           :      1
  Population size                          :    100
  Number of duplicates                     :      0
  Number of niche violations               :      0
  Number of errors                         :     52


Doing GA, no. of population(s) 1 size 100 selection pressure 1.100000

 Operation      Fitness  S(hb_ext) S(vdw_ext)  S(hb_int)    S(int)      intcor
         0      33.06       5.47      21.35       0.00      -8.84      -0.76
        13      34.10       6.56      21.31       0.00      -8.84      -0.76
        85      35.36       4.88      23.55       0.00      -8.92      -0.76
       115      35.60       5.16      23.55       0.00      -8.92      -0.76
Reordering...
       375      31.42       7.93      18.93       0.00      -9.20      -0.76
       403      34.37       0.73      24.81       0.00      -1.70      -0.76
       615      33.82       0.77      24.45       0.00      -1.70      -0.76
       643      34.20       0.98      24.58       0.00      -1.70      -0.76
      1226      31.92       0.74      23.38       0.00      -1.70      -0.76
      1472      30.48       0.65      22.55       0.00      -1.70      -0.76
Reordering...
      1575      29.62       2.54      19.77       0.00      -0.13      -0.76
      1687      29.96       4.24      19.15       0.00      -0.72      -0.76
Reordering...
      1700      29.55       2.47      19.77       0.00      -0.13      -0.76
      1985      30.10       2.98      19.82       0.00      -0.13      -0.76
      2003      31.02       4.41      19.79       0.00      -0.61      -0.76
      2024      31.60       4.83      19.91       0.00      -0.61      -0.76
      2484      31.87       4.81      20.12       0.00      -0.61      -0.76
--------------------------------------------------------------------------------
Best docking solution after GA:
      2500      31.87       4.81      20.12       0.00      -0.61      -0.76

#ops:       2500 #mutates:   1223 #cross:     1277 #dups:       580 
#niche:     1263 #errors:      19 
--------------------------------------------------------------------------------

Doing AMOEBA simplex on best individual
Done simplexing #iterations 859, best score  36.38

Ligand is stored in gold_soln_ligand_prepared_m1_2.mol2


--------------------------------------------------------------------------------
--- GoldScore breakdown of terms                                             ---
--------------------------------------------------------------------------------
Fitness = S(hb_ext) + 1.3750*S(vdw_ext) + S(hb_int) + 1.0000*S(int)
S(int)  = S(vdw_int) + S(tors)

Internal terms are relative to best energy found (intcor).

--------------------------------------------------------------------------------


     Fitness  S(hb_ext) S(vdw_ext)  S(hb_int)    S(int)      intcor
     36.38       4.59      23.54       0.00      -0.58      -0.76

--------------------------------------------------------------------------------
--- GoldScore analysis of protein-ligand interactions                        ---
--------------------------------------------------------------------------------

  Ligand acceptor   17 Protein hydrogen  748 donor  745 bond energy  6.00 wt 0.01
  Ligand donor   10 hydrogen   23 Protein acceptor 2677 bond energy  6.00 wt 0.75

--------------------------------------------------------------------------------

--------------------------------------------------------------------------------
--- Rescoring solution                                                       ---
--------------------------------------------------------------------------------

     Score     S(PLP)   S(hbond)     S(cho)   S(metal)  DE(clash)   DE(tors)
      3.52      -3.82       0.36       0.00       0.00       0.00       0.68

Doing AMOEBA simplex on best individual
Done simplexing #iterations 1002, best score  34.82

     Score     S(PLP)   S(hbond)     S(cho)   S(metal)  DE(clash)   DE(tors)
     34.82     -31.68       1.08       0.00       0.00       0.00       0.06

--------------------------------------------------------------------------------
--- CHEMPLP breakdown of terms                                               ---
--------------------------------------------------------------------------------
CHEMPLP = - ( 1.0000*S(PLP) + -3.0000*S(hbond) + -6.0000*S(metal) + -3.0000*S(cho) )

Score = CHEMPLP - 1.0000*DE(clash) - 2.0000*DE(tors)


--------------------------------------------------------------------------------


--------------------------------------------------------------------------------
--- PLP analysis of protein-ligand interactions                              ---
--------------------------------------------------------------------------------
hydrogen bonding        :      -1.98
metal                   :       0.00
buried (polar-nonpolar) :      -3.96
nonpolar                :     -27.62
repulsive               :       0.35
--------------------------------------------------------------------------------


--------------------------------------------------------------------------------
--- ChemScore analysis of protein-ligand interactions                        ---
--------------------------------------------------------------------------------

* Hydrogen bonds                                                                
Ligand donor   10 hydrogen   23 Protein acceptor 2685 bond energy  1.00 wt 0.08
Protein donor  745 hydrogen  748 Ligand acceptor   17 bond energy  1.00 wt 1.00


* CH..O interactions                                                            
  CH group selection                       : activated ring CH (adjacent to hetatom)

--------------------------------------------------------------------------------


--------------------------------------------------------------------------------
--- Intra-ligand clashes                                                     ---
--------------------------------------------------------------------------------

Ligand
--------------------------------------------------------------------------------


--------------------------------------------------------------------------------
--- Chromosome decoded                                                       ---
--------------------------------------------------------------------------------
Ligand Torsions
[   6    2    1    3]   94.51
[  12    5    1    2] -169.35
Protein Torsions
[ 748  745  744  743]  -80.05 
[1667 1661 1659 1656] -169.28 
[2625 2618 2617 2616]  119.31 
[ 493  476  477  478]  135.35 
[ 472  469  468  465] -110.76 
Mapping
Ligand acceptors to protein hydrogens (mapping then atom ids)
Ligand hydrogens to protein acceptors (mapping then atom ids)
  2  36 [ 23->2677]
Ligand shape atoms to protein points (mapping then atom ids & coords)
  1  7769 [  5->( 22.250   0.000 -20.750)]
  2  4405 [  6->( 20.250   1.500 -21.250)]
  3  2050 [  7->( 19.000   1.250 -20.250)]
  4  5181 [ 12->( 20.750  -1.000 -20.750)]
  5  1038 [ 13->( 18.000   2.750 -23.000)]
  7   592 [ 16->( 17.500   3.000 -22.500)]
Chromosome values
Integers:
  -1   -1   -1   -1   35 7768 4404 2049 5180 1037   -1  591 
--------------------------------------------------------------------------------


--------------------------------------------------------------------------------
--- Diverse Solutions Stats                                                  ---
--------------------------------------------------------------------------------
  Move attempts                            :  16880
  Move failures                            :      0
  Failure rate                             :   0.000

--------------------------------------------------------------------------------

Current Ranking  2  1

--------------------------------------------------------------------------------

* GA execution time :                                                           
  total  0.9340 user  0.7508 sys  0.1831

--------------------------------------------------------------------------------
Fitness function evaluations: 16950

--------------------------------------------------------------------------------
** Docking run number  3 **
--------------------------------------------------------------------------------
  Rank fitness base is 5000.00 ; increment is 11.2233

* Initialising population(s) ...                                                
Number of constraints mappings 0
Number of constraints 0
  Population no.                           :      1
  Population size                          :    100
  Number of duplicates                     :      0
  Number of niche violations               :      0
  Number of errors                         :     44


Doing GA, no. of population(s) 1 size 100 selection pressure 1.100000

 Operation      Fitness  S(hb_ext) S(vdw_ext)  S(hb_int)    S(int)      intcor
         0      38.06       5.49      25.06       0.00      -9.49      -0.76
        57      37.99       5.52      25.06       0.00      -9.49      -0.76
       289      37.29       5.29      24.43       0.00      -6.28      -0.76
       367      38.27       4.97      25.01       0.00      -4.06      -0.76
Reordering...
       750      33.54       0.53      26.40       0.00      -8.64      -0.76
      1055      32.62       4.41      20.78       0.00      -0.75      -0.76
      1144      35.54       0.40      26.29       0.00      -1.94      -0.76
      1464      35.58       0.34      26.45       0.00      -1.61      -0.76
      2255      35.09       0.23      26.53       0.00      -1.61      -0.76
--------------------------------------------------------------------------------
Best docking solution after GA:
      2500      35.09       0.23      26.53       0.00      -1.61      -0.76

#ops:       2500 #mutates:   1244 #cross:     1256 #dups:       555 
#niche:     1326 #errors:      18 
--------------------------------------------------------------------------------

Doing AMOEBA simplex on best individual
Done simplexing #iterations 777, best score  37.54

Ligand is stored in gold_soln_ligand_prepared_m1_3.mol2


--------------------------------------------------------------------------------
--- GoldScore breakdown of terms                                             ---
--------------------------------------------------------------------------------
Fitness = S(hb_ext) + 1.3750*S(vdw_ext) + S(hb_int) + 1.0000*S(int)
S(int)  = S(vdw_int) + S(tors)

Internal terms are relative to best energy found (intcor).

--------------------------------------------------------------------------------


     Fitness  S(hb_ext) S(vdw_ext)  S(hb_int)    S(int)      intcor
     37.54       0.24      28.28       0.00      -1.59      -0.76

--------------------------------------------------------------------------------
--- GoldScore analysis of protein-ligand interactions                        ---
--------------------------------------------------------------------------------

  Ligand acceptor   11 Protein hydrogen 1726 donor 1722 bond energy  2.00 wt 0.12

--------------------------------------------------------------------------------

--------------------------------------------------------------------------------
--- Rescoring solution                                                       ---
--------------------------------------------------------------------------------

     Score     S(PLP)   S(hbond)     S(cho)   S(metal)  DE(clash)   DE(tors)
     22.52     -23.02       0.72       0.00       0.00       0.57       1.04

Doing AMOEBA simplex on best individual
Done simplexing #iterations 859, best score  31.91

     Score     S(PLP)   S(hbond)     S(cho)   S(metal)  DE(clash)   DE(tors)
     31.91     -33.80       0.19       0.00       0.00       0.00       1.24

--------------------------------------------------------------------------------
--- CHEMPLP breakdown of terms                                               ---
--------------------------------------------------------------------------------
CHEMPLP = - ( 1.0000*S(PLP) + -3.0000*S(hbond) + -6.0000*S(metal) + -3.0000*S(cho) )

Score = CHEMPLP - 1.0000*DE(clash) - 2.0000*DE(tors)


--------------------------------------------------------------------------------


--------------------------------------------------------------------------------
--- PLP analysis of protein-ligand interactions                              ---
--------------------------------------------------------------------------------
hydrogen bonding        :      -2.00
metal                   :       0.00
buried (polar-nonpolar) :      -0.89
nonpolar                :     -30.74
repulsive               :       0.24
--------------------------------------------------------------------------------


--------------------------------------------------------------------------------
--- ChemScore analysis of protein-ligand interactions                        ---
--------------------------------------------------------------------------------

* Hydrogen bonds                                                                
Protein donor 1722 hydrogen 1726 Ligand acceptor   11 bond energy  1.00 wt 0.19


* CH..O interactions                                                            
  CH group selection                       : activated ring CH (adjacent to hetatom)

--------------------------------------------------------------------------------


--------------------------------------------------------------------------------
--- Intra-ligand clashes                                                     ---
--------------------------------------------------------------------------------

Ligand
--------------------------------------------------------------------------------


--------------------------------------------------------------------------------
--- Chromosome decoded                                                       ---
--------------------------------------------------------------------------------
Ligand Torsions
[   6    2    1    3] -100.21
[  12    5    1    2] -162.74
Protein Torsions
[ 748  745  744  743]  170.77 
[1667 1661 1659 1656] -173.80 
[2625 2618 2617 2616]   42.91 
[ 493  476  477  478]   -8.04 
[ 472  469  468  465]  -48.80 
Mapping
Ligand acceptors to protein hydrogens (mapping then atom ids)
Ligand hydrogens to protein acceptors (mapping then atom ids)
Ligand shape atoms to protein points (mapping then atom ids & coords)
  1  1482 [  5->( 18.500   2.000 -24.250)]
  5  5804 [ 13->( 21.000  -0.250 -25.250)]
  7  3509 [ 16->( 20.000  -1.500 -25.250)]
Chromosome values
Integers:
  -1   -1   -1   -1   -1 1481   -1   -1   -1 5803   -1 3508 
--------------------------------------------------------------------------------


--------------------------------------------------------------------------------
--- Diverse Solutions Stats                                                  ---
--------------------------------------------------------------------------------
  Move attempts                            :  16482
  Move failures                            :      0
  Failure rate                             :   0.000

--------------------------------------------------------------------------------

Current Ranking  3  2  1

--------------------------------------------------------------------------------

* GA execution time :                                                           
  total  0.8424 user  0.7580 sys  0.0844

--------------------------------------------------------------------------------
Fitness function evaluations: 16543

--------------------------------------------------------------------------------
** Docking run number  4 **
--------------------------------------------------------------------------------
  Rank fitness base is 5000.00 ; increment is 11.2233

* Initialising population(s) ...                                                
Number of constraints mappings 0
Number of constraints 0
  Population no.                           :      1
  Population size                          :    100
  Number of duplicates                     :      0
  Number of niche violations               :      0
  Number of errors                         :     42


Doing GA, no. of population(s) 1 size 100 selection pressure 1.100000

 Operation      Fitness  S(hb_ext) S(vdw_ext)  S(hb_int)    S(int)      intcor
         0      33.96       1.36      26.23       0.00     -17.28      -0.76
       124      32.90       5.13      22.03       0.00     -11.54      -0.76
       232      34.30       2.18      23.60       0.00      -1.35      -0.76
       275      34.90       2.18      24.59       0.00      -4.28      -0.76
       341      36.89       7.86      22.78       0.00      -8.67      -0.76
       363      37.84       7.86      22.72       0.00      -4.64      -0.76
       429      37.19       7.84      21.94       0.00      -2.84      -0.76
Reordering...
       525      35.78       5.32      23.50       0.00      -5.93      -0.76
       729      34.96       3.87      24.22       0.00      -5.93      -0.76
       947      35.23       5.47      23.55       0.00      -5.93      -0.76
      1005      35.06       5.73      26.70       0.00     -15.65      -0.76
      1169      33.69       5.24      21.20       0.00      -1.32      -0.76
Reordering...
      1275      32.35       5.07      22.41       0.00      -5.93      -0.76
      1281      32.44       1.09      24.16       0.00      -3.12      -0.76
      1397      34.74       3.42      23.21       0.00      -0.92      -0.76
      2131      32.35       3.24      21.83       0.00      -0.92      -0.76
      2466      32.36       3.24      21.84       0.00      -0.92      -0.76
--------------------------------------------------------------------------------
Best docking solution after GA:
      2500      32.36       3.24      21.84       0.00      -0.92      -0.76

#ops:       2500 #mutates:   1215 #cross:     1285 #dups:       528 
#niche:     1252 #errors:      19 
--------------------------------------------------------------------------------

Doing AMOEBA simplex on best individual
Done simplexing #iterations 679, best score  39.89

Ligand is stored in gold_soln_ligand_prepared_m1_4.mol2


--------------------------------------------------------------------------------
--- GoldScore breakdown of terms                                             ---
--------------------------------------------------------------------------------
Fitness = S(hb_ext) + 1.3750*S(vdw_ext) + S(hb_int) + 1.0000*S(int)
S(int)  = S(vdw_int) + S(tors)

Internal terms are relative to best energy found (intcor).

--------------------------------------------------------------------------------


     Fitness  S(hb_ext) S(vdw_ext)  S(hb_int)    S(int)      intcor
     39.89       3.49      27.32       0.00      -1.17      -0.76

--------------------------------------------------------------------------------
--- GoldScore analysis of protein-ligand interactions                        ---
--------------------------------------------------------------------------------

  Ligand acceptor   17 Protein hydrogen 1667 donor 1661 bond energy  2.00 wt 0.07
  Ligand acceptor   11 Protein hydrogen 1713 donor 1705 bond energy  2.00 wt 0.54
  Ligand acceptor   11 Protein hydrogen 1726 donor 1722 bond energy  2.00 wt 0.01
  Ligand acceptor   17 Protein hydrogen 2627 donor 2618 bond energy  6.00 wt 0.04
  Ligand donor   10 hydrogen   23 Protein acceptor 1672 bond energy  2.00 wt 1.00

--------------------------------------------------------------------------------

--------------------------------------------------------------------------------
--- Rescoring solution                                                       ---
--------------------------------------------------------------------------------

     Score     S(PLP)   S(hbond)     S(cho)   S(metal)  DE(clash)   DE(tors)
     23.27     -20.69       1.59       0.00       0.00       0.00       1.10

Doing AMOEBA simplex on best individual
Done simplexing #iterations 756, best score  35.81

     Score     S(PLP)   S(hbond)     S(cho)   S(metal)  DE(clash)   DE(tors)
     35.81     -30.84       2.50       0.00       0.00       1.74       0.40

--------------------------------------------------------------------------------
--- CHEMPLP breakdown of terms                                               ---
--------------------------------------------------------------------------------
CHEMPLP = - ( 1.0000*S(PLP) + -3.0000*S(hbond) + -6.0000*S(metal) + -3.0000*S(cho) )

Score = CHEMPLP - 1.0000*DE(clash) - 2.0000*DE(tors)


--------------------------------------------------------------------------------


--------------------------------------------------------------------------------
--- PLP analysis of protein-ligand interactions                              ---
--------------------------------------------------------------------------------
hydrogen bonding        :      -2.51
metal                   :       0.00
buried (polar-nonpolar) :      -4.02
nonpolar                :     -25.52
repulsive               :       0.30
--------------------------------------------------------------------------------


--------------------------------------------------------------------------------
--- ChemScore analysis of protein-ligand interactions                        ---
--------------------------------------------------------------------------------

* Hydrogen bonds                                                                
Ligand donor   10 hydrogen   23 Protein acceptor 1672 bond energy  1.00 wt 1.00
Protein donor 1661 hydrogen 1667 Ligand acceptor   17 bond energy  1.00 wt 0.50
Protein donor 1705 hydrogen 1713 Ligand acceptor   11 bond energy  1.00 wt 1.00


* CH..O interactions                                                            
  CH group selection                       : activated ring CH (adjacent to hetatom)

--------------------------------------------------------------------------------


--------------------------------------------------------------------------------
--- Intra-ligand clashes                                                     ---
--------------------------------------------------------------------------------

Ligand
  6 (C6   ) -   3 (C3   ):   1.74 (dist   2.70)
--------------------------------------------------------------------------------


--------------------------------------------------------------------------------
--- Chromosome decoded                                                       ---
--------------------------------------------------------------------------------
Ligand Torsions
[   6    2    1    3]  -20.72
[  12    5    1    2]  168.59
Protein Torsions
[ 748  745  744  743]  -23.85 
[1667 1661 1659 1656] -122.62 
[2625 2618 2617 2616]   96.43 
[ 493  476  477  478]  159.46 
[ 472  469  468  465]  149.06 
Mapping
Ligand acceptors to protein hydrogens (mapping then atom ids)
  2  16 [ 11->1713]
Ligand hydrogens to protein acceptors (mapping then atom ids)
  2  14 [ 23->1672]
Ligand shape atoms to protein points (mapping then atom ids & coords)
  1  5950 [  5->( 21.000   1.000 -22.750)]
  2  1244 [  6->( 18.250   2.000 -23.250)]
Chromosome values
Integers:
  -1   15   -1   -1   13 5949 1243   -1   -1   -1   -1   -1 
--------------------------------------------------------------------------------


--------------------------------------------------------------------------------
--- Diverse Solutions Stats                                                  ---
--------------------------------------------------------------------------------
  Move attempts                            :  16293
  Move failures                            :      0
  Failure rate                             :   0.000

--------------------------------------------------------------------------------

Current Ranking  4  3  2  1

--------------------------------------------------------------------------------

* GA execution time :                                                           
  total  0.9469 user  0.7538 sys  0.1931

--------------------------------------------------------------------------------
Fitness function evaluations: 16353

--------------------------------------------------------------------------------
** Docking run number  5 **
--------------------------------------------------------------------------------
  Rank fitness base is 5000.00 ; increment is 11.2233

* Initialising population(s) ...                                                
Number of constraints mappings 0
Number of constraints 0
  Population no.                           :      1
  Population size                          :    100
  Number of duplicates                     :      0
  Number of niche violations               :      0
  Number of errors                         :     43


Doing GA, no. of population(s) 1 size 100 selection pressure 1.100000

 Operation      Fitness  S(hb_ext) S(vdw_ext)  S(hb_int)    S(int)      intcor
         0      36.11       0.02      28.19       0.00     -13.43      -0.76
       117      34.94       1.27      24.59       0.00      -0.59      -0.76
       295      37.88       3.21      25.49       0.00      -1.48      -0.76
       732      36.60       2.88      24.90       0.00      -1.39      -0.76
       960      38.66       5.26      24.58       0.00      -0.88      -0.76
--------------------------------------------------------------------------------
Best docking solution after GA:
      2500      35.06       5.02      22.49       0.00      -0.88      -0.76

#ops:       2500 #mutates:   1236 #cross:     1264 #dups:       472 
#niche:     1255 #errors:      32 
--------------------------------------------------------------------------------

Doing AMOEBA simplex on best individual
Done simplexing #iterations 497, best score  40.61

Ligand is stored in gold_soln_ligand_prepared_m1_5.mol2


--------------------------------------------------------------------------------
--- GoldScore breakdown of terms                                             ---
--------------------------------------------------------------------------------
Fitness = S(hb_ext) + 1.3750*S(vdw_ext) + S(hb_int) + 1.0000*S(int)
S(int)  = S(vdw_int) + S(tors)

Internal terms are relative to best energy found (intcor).

--------------------------------------------------------------------------------


     Fitness  S(hb_ext) S(vdw_ext)  S(hb_int)    S(int)      intcor
     40.61       5.55      26.16       0.00      -0.92      -0.76

--------------------------------------------------------------------------------
--- GoldScore analysis of protein-ligand interactions                        ---
--------------------------------------------------------------------------------

  Ligand donor    8 hydrogen   22 Protein acceptor 2677 bond energy  6.00 wt 0.93

--------------------------------------------------------------------------------

--------------------------------------------------------------------------------
--- Rescoring solution                                                       ---
--------------------------------------------------------------------------------

     Score     S(PLP)   S(hbond)     S(cho)   S(metal)  DE(clash)   DE(tors)
     17.58     -17.95       0.67       0.00       0.00       0.00       1.19

Doing AMOEBA simplex on best individual
Done simplexing #iterations 726, best score  32.66

     Score     S(PLP)   S(hbond)     S(cho)   S(metal)  DE(clash)   DE(tors)
     32.66     -31.40       0.98       0.00       0.00       0.03       0.82

--------------------------------------------------------------------------------
--- CHEMPLP breakdown of terms                                               ---
--------------------------------------------------------------------------------
CHEMPLP = - ( 1.0000*S(PLP) + -3.0000*S(hbond) + -6.0000*S(metal) + -3.0000*S(cho) )

Score = CHEMPLP - 1.0000*DE(clash) - 2.0000*DE(tors)


--------------------------------------------------------------------------------


--------------------------------------------------------------------------------
--- PLP analysis of protein-ligand interactions                              ---
--------------------------------------------------------------------------------
hydrogen bonding        :      -2.58
metal                   :       0.00
buried (polar-nonpolar) :       4.59
nonpolar                :     -34.79
repulsive               :       0.78
--------------------------------------------------------------------------------


--------------------------------------------------------------------------------
--- ChemScore analysis of protein-ligand interactions                        ---
--------------------------------------------------------------------------------

* Hydrogen bonds                                                                
Ligand donor    8 hydrogen   22 Protein acceptor 2677 bond energy  1.00 wt 0.50
Protein donor  745 hydrogen  749 Ligand acceptor   17 bond energy  1.00 wt 0.47


* CH..O interactions                                                            
  CH group selection                       : activated ring CH (adjacent to hetatom)

--------------------------------------------------------------------------------


--------------------------------------------------------------------------------
--- Intra-ligand clashes                                                     ---
--------------------------------------------------------------------------------

Ligand
  7 (C7   ) -   3 (C3   ):   0.03 (dist   2.75)
--------------------------------------------------------------------------------


--------------------------------------------------------------------------------
--- Chromosome decoded                                                       ---
--------------------------------------------------------------------------------
Ligand Torsions
[   6    2    1    3]  156.32
[  12    5    1    2]  168.86
Protein Torsions
[ 748  745  744  743]  105.20 
[1667 1661 1659 1656] -165.55 
[2625 2618 2617 2616] -111.21 
[ 493  476  477  478]  149.60 
[ 472  469  468  465]   51.86 
Mapping
Ligand acceptors to protein hydrogens (mapping then atom ids)
Ligand hydrogens to protein acceptors (mapping then atom ids)
Ligand shape atoms to protein points (mapping then atom ids & coords)
  1  6810 [  5->( 21.500  -0.750 -21.000)]
  2  8351 [  6->( 23.000  -1.500 -21.000)]
  3  7702 [  7->( 22.250  -2.250 -20.250)]
Chromosome values
Integers:
  -1   -1   -1   -1   -1 6809 8350 7701   -1   -1   -1   -1 
--------------------------------------------------------------------------------


--------------------------------------------------------------------------------
--- Diverse Solutions Stats                                                  ---
--------------------------------------------------------------------------------
  Move attempts                            :  16070
  Move failures                            :      0
  Failure rate                             :   0.000

--------------------------------------------------------------------------------

Current Ranking  5  4  3  2  1

--------------------------------------------------------------------------------

* GA execution time :                                                           
  total  1.0214 user  0.8341 sys  0.1873

--------------------------------------------------------------------------------
Fitness function evaluations: 16143

--------------------------------------------------------------------------------
** Docking run number  6 **
--------------------------------------------------------------------------------
  Rank fitness base is 5000.00 ; increment is 11.2233

* Initialising population(s) ...                                                
Number of constraints mappings 0
Number of constraints 0
  Population no.                           :      1
  Population size                          :    100
  Number of duplicates                     :      0
  Number of niche violations               :      0
  Number of errors                         :     75


Doing GA, no. of population(s) 1 size 100 selection pressure 1.100000

 Operation      Fitness  S(hb_ext) S(vdw_ext)  S(hb_int)    S(int)      intcor
         0      32.97       0.94      24.58       0.00      -8.80      -0.76
Reordering...
       150      31.57       0.00      23.09       0.00      -0.79      -0.76
       426      30.97       5.98      19.74       0.00      -7.47      -0.76
Reordering...
       525      29.96       0.00      21.97       0.00      -0.79      -0.76
       570      30.72       6.00      18.19       0.00      -0.90      -0.76
       935      31.08       2.84      20.82       0.00      -0.90      -0.76
      1092      31.37       4.12      20.15       0.00      -0.90      -0.76
      1324      32.40       5.35      20.07       0.00      -0.90      -0.76
      1337      32.58       5.35      20.21       0.00      -0.90      -0.76
      1854      29.74       5.35      18.38       0.00      -0.90      -0.76
      2032      31.61       5.90      18.83       0.00      -0.19      -0.76
      2281      31.61       5.90      18.83       0.00      -0.19      -0.76
      2362      32.56       5.90      19.52       0.00      -0.19      -0.76
--------------------------------------------------------------------------------
Best docking solution after GA:
      2500      32.56       5.90      19.52       0.00      -0.19      -0.76

#ops:       2500 #mutates:   1247 #cross:     1253 #dups:       521 
#niche:     1196 #errors:      43 
--------------------------------------------------------------------------------

Doing AMOEBA simplex on best individual
Done simplexing #iterations 615, best score  34.76

Ligand is stored in gold_soln_ligand_prepared_m1_6.mol2


--------------------------------------------------------------------------------
--- GoldScore breakdown of terms                                             ---
--------------------------------------------------------------------------------
Fitness = S(hb_ext) + 1.3750*S(vdw_ext) + S(hb_int) + 1.0000*S(int)
S(int)  = S(vdw_int) + S(tors)

Internal terms are relative to best energy found (intcor).

--------------------------------------------------------------------------------


     Fitness  S(hb_ext) S(vdw_ext)  S(hb_int)    S(int)      intcor
     34.76       6.00      20.95       0.00      -0.04      -0.76

--------------------------------------------------------------------------------
--- GoldScore analysis of protein-ligand interactions                        ---
--------------------------------------------------------------------------------

  Ligand donor   10 hydrogen   23 Protein acceptor 2677 bond energy  6.00 wt 1.00

--------------------------------------------------------------------------------

--------------------------------------------------------------------------------
--- Rescoring solution                                                       ---
--------------------------------------------------------------------------------

     Score     S(PLP)   S(hbond)     S(cho)   S(metal)  DE(clash)   DE(tors)
     18.82     -17.13       1.00       0.00       0.00       0.00       0.65

Doing AMOEBA simplex on best individual
Done simplexing #iterations 884, best score  23.69

     Score     S(PLP)   S(hbond)     S(cho)   S(metal)  DE(clash)   DE(tors)
     23.69     -21.17       1.26       0.00       0.00       0.00       0.63

--------------------------------------------------------------------------------
--- CHEMPLP breakdown of terms                                               ---
--------------------------------------------------------------------------------
CHEMPLP = - ( 1.0000*S(PLP) + -3.0000*S(hbond) + -6.0000*S(metal) + -3.0000*S(cho) )

Score = CHEMPLP - 1.0000*DE(clash) - 2.0000*DE(tors)


--------------------------------------------------------------------------------


--------------------------------------------------------------------------------
--- PLP analysis of protein-ligand interactions                              ---
--------------------------------------------------------------------------------
hydrogen bonding        :      -2.97
metal                   :       0.00
buried (polar-nonpolar) :       5.58
nonpolar                :     -24.36
repulsive               :       0.53
--------------------------------------------------------------------------------


--------------------------------------------------------------------------------
--- ChemScore analysis of protein-ligand interactions                        ---
--------------------------------------------------------------------------------

* Hydrogen bonds                                                                
Ligand donor   10 hydrogen   23 Protein acceptor 2677 bond energy  1.00 wt 1.00
Protein donor  745 hydrogen  750 Ligand acceptor   17 bond energy  1.00 wt 0.26


* CH..O interactions                                                            
  CH group selection                       : activated ring CH (adjacent to hetatom)

--------------------------------------------------------------------------------


--------------------------------------------------------------------------------
--- Intra-ligand clashes                                                     ---
--------------------------------------------------------------------------------

Ligand
--------------------------------------------------------------------------------


--------------------------------------------------------------------------------
--- Chromosome decoded                                                       ---
--------------------------------------------------------------------------------
Ligand Torsions
[   6    2    1    3]  -77.42
[  12    5    1    2] -170.89
Protein Torsions
[ 748  745  744  743]   95.97 
[1667 1661 1659 1656]   62.66 
[2625 2618 2617 2616]  -40.32 
[ 493  476  477  478]    1.97 
[ 472  469  468  465] -137.98 
Mapping
Ligand acceptors to protein hydrogens (mapping then atom ids)
Ligand hydrogens to protein acceptors (mapping then atom ids)
  2  36 [ 23->2677]
Ligand shape atoms to protein points (mapping then atom ids & coords)
  1  7930 [  5->( 22.500  -2.250 -20.500)]
  6  2518 [ 14->( 19.250   2.500 -22.250)]
Chromosome values
Integers:
  -1   -1   -1   -1   35 7929   -1   -1   -1   -1 2517   -1 
--------------------------------------------------------------------------------


--------------------------------------------------------------------------------
--- Diverse Solutions Stats                                                  ---
--------------------------------------------------------------------------------
  Move attempts                            :  16300
  Move failures                            :     14
  Failure rate                             :   0.001

--------------------------------------------------------------------------------

Current Ranking  5  4  3  2  6  1

--------------------------------------------------------------------------------

* GA execution time :                                                           
  total  0.9638 user  0.7792 sys  0.1846

--------------------------------------------------------------------------------
Fitness function evaluations: 16403

--------------------------------------------------------------------------------
** Docking run number  7 **
--------------------------------------------------------------------------------
  Rank fitness base is 5000.00 ; increment is 11.2233

* Initialising population(s) ...                                                
Number of constraints mappings 0
Number of constraints 0
  Population no.                           :      1
  Population size                          :    100
  Number of duplicates                     :      0
  Number of niche violations               :      0
  Number of errors                         :     77


Doing GA, no. of population(s) 1 size 100 selection pressure 1.100000

 Operation      Fitness  S(hb_ext) S(vdw_ext)  S(hb_int)    S(int)      intcor
         0      34.44       1.75      24.65       0.00      -6.06      -0.76
       237      32.84       4.29      21.74       0.00      -5.54      -0.76
       311      35.38       3.19      23.89       0.00      -2.53      -0.76
       829      32.87       2.70      22.69       0.00      -2.53      -0.76
       910      32.57       2.68      22.54       0.00      -2.53      -0.76
       926      32.66       2.81      22.53       0.00      -2.53      -0.76
      1072      32.13       3.07      22.04       0.00      -2.53      -0.76
Reordering...
      1275      30.67       2.72      21.43       0.00      -2.53      -0.76
      1406      30.30       3.00      21.08       0.00      -2.53      -0.76
      1407      30.73       3.39      21.11       0.00      -2.53      -0.76
      1439      30.68       2.69      21.98       0.00      -3.28      -0.76
      1649      30.55       3.65      21.49       0.00      -3.28      -0.76
      2033      28.10       3.46      20.30       0.00      -3.28      -0.76
      2074      28.46       3.11      19.44       0.00      -1.38      -0.76
      2154      29.96       2.60      20.88       0.00      -1.35      -0.76
--------------------------------------------------------------------------------
Best docking solution after GA:
      2500      29.96       2.60      20.88       0.00      -1.35      -0.76

#ops:       2500 #mutates:   1220 #cross:     1280 #dups:       520 
#niche:     1209 #errors:      42 
--------------------------------------------------------------------------------

Doing AMOEBA simplex on best individual
Done simplexing #iterations 592, best score  38.42

Ligand is stored in gold_soln_ligand_prepared_m1_7.mol2


--------------------------------------------------------------------------------
--- GoldScore breakdown of terms                                             ---
--------------------------------------------------------------------------------
Fitness = S(hb_ext) + 1.3750*S(vdw_ext) + S(hb_int) + 1.0000*S(int)
S(int)  = S(vdw_int) + S(tors)

Internal terms are relative to best energy found (intcor).

--------------------------------------------------------------------------------


     Fitness  S(hb_ext) S(vdw_ext)  S(hb_int)    S(int)      intcor
     38.42       2.94      26.79       0.00      -1.35      -0.76

--------------------------------------------------------------------------------
--- GoldScore analysis of protein-ligand interactions                        ---
--------------------------------------------------------------------------------

  Ligand acceptor   17 Protein hydrogen 1667 donor 1661 bond energy  2.00 wt 0.08
  Ligand acceptor   11 Protein hydrogen 1713 donor 1705 bond energy  2.00 wt 0.41
  Ligand donor   10 hydrogen   23 Protein acceptor 1672 bond energy  2.00 wt 0.98

--------------------------------------------------------------------------------

--------------------------------------------------------------------------------
--- Rescoring solution                                                       ---
--------------------------------------------------------------------------------

     Score     S(PLP)   S(hbond)     S(cho)   S(metal)  DE(clash)   DE(tors)
     20.84     -19.56       1.00       0.00       0.00       0.73       0.49

Doing AMOEBA simplex on best individual
Done simplexing #iterations 699, best score  33.54

     Score     S(PLP)   S(hbond)     S(cho)   S(metal)  DE(clash)   DE(tors)
     33.54     -29.23       2.00       0.00       0.00       0.76       0.46

--------------------------------------------------------------------------------
--- CHEMPLP breakdown of terms                                               ---
--------------------------------------------------------------------------------
CHEMPLP = - ( 1.0000*S(PLP) + -3.0000*S(hbond) + -6.0000*S(metal) + -3.0000*S(cho) )

Score = CHEMPLP - 1.0000*DE(clash) - 2.0000*DE(tors)


--------------------------------------------------------------------------------


--------------------------------------------------------------------------------
--- PLP analysis of protein-ligand interactions                              ---
--------------------------------------------------------------------------------
hydrogen bonding        :      -2.00
metal                   :       0.00
buried (polar-nonpolar) :      -2.17
nonpolar                :     -24.32
repulsive               :       0.24
--------------------------------------------------------------------------------


--------------------------------------------------------------------------------
--- ChemScore analysis of protein-ligand interactions                        ---
--------------------------------------------------------------------------------

* Hydrogen bonds                                                                
Ligand donor   10 hydrogen   23 Protein acceptor 1672 bond energy  1.00 wt 1.00
Protein donor 1705 hydrogen 1713 Ligand acceptor   11 bond energy  1.00 wt 1.00


* CH..O interactions                                                            
  CH group selection                       : activated ring CH (adjacent to hetatom)

--------------------------------------------------------------------------------


--------------------------------------------------------------------------------
--- Intra-ligand clashes                                                     ---
--------------------------------------------------------------------------------

Ligand
  7 (C7   ) -   3 (C3   ):   0.76 (dist   2.73)
--------------------------------------------------------------------------------


--------------------------------------------------------------------------------
--- Chromosome decoded                                                       ---
--------------------------------------------------------------------------------
Ligand Torsions
[   6    2    1    3]  166.59
[  12    5    1    2]  171.69
Protein Torsions
[ 748  745  744  743]  -46.76 
[1667 1661 1659 1656] -132.64 
[2625 2618 2617 2616]   88.38 
[ 493  476  477  478]   84.91 
[ 472  469  468  465]   64.95 
Mapping
Ligand acceptors to protein hydrogens (mapping then atom ids)
  2  17 [ 11->1726]
Ligand hydrogens to protein acceptors (mapping then atom ids)
  2  14 [ 23->1672]
Ligand shape atoms to protein points (mapping then atom ids & coords)
  3  1289 [  7->( 18.250   2.750 -23.750)]
  4  8529 [ 12->( 23.250  -1.000 -21.750)]
  6  1820 [ 14->( 18.750   3.750 -23.500)]
  7  1798 [ 16->( 18.750   3.250 -23.750)]
Chromosome values
Integers:
  -1   16   -1   -1   13   -1   -1 1288 8528   -1 1819 1797 
--------------------------------------------------------------------------------


--------------------------------------------------------------------------------
--- Diverse Solutions Stats                                                  ---
--------------------------------------------------------------------------------
  Move attempts                            :  16022
  Move failures                            :     34
  Failure rate                             :   0.002

--------------------------------------------------------------------------------

Current Ranking  5  4  7  3  2  6  1

--------------------------------------------------------------------------------

* GA execution time :                                                           
  total  0.9421 user  0.7667 sys  0.1753

--------------------------------------------------------------------------------
Fitness function evaluations: 16106

--------------------------------------------------------------------------------
** Docking run number  8 **
--------------------------------------------------------------------------------
  Rank fitness base is 5000.00 ; increment is 11.2233

* Initialising population(s) ...                                                
Number of constraints mappings 0
Number of constraints 0
  Population no.                           :      1
  Population size                          :    100
  Number of duplicates                     :      0
  Number of niche violations               :      0
  Number of errors                         :     79


Doing GA, no. of population(s) 1 size 100 selection pressure 1.100000

 Operation      Fitness  S(hb_ext) S(vdw_ext)  S(hb_int)    S(int)      intcor
         0      35.46       3.05      25.64       0.00     -14.25      -0.76
       745      28.84       0.00      21.51       0.00      -1.98      -0.76
       799      30.80       2.34      21.04       0.00      -1.20      -0.76
      1755      30.31       2.70      20.26       0.00      -0.28      -0.76
      1847      30.86       2.87      20.55       0.00      -0.28      -0.76
      2432      30.86       2.86      20.56       0.00      -0.28      -0.76
      2441      30.86       2.86      20.56       0.00      -0.28      -0.76
      2500      31.08       3.00      21.05       0.00      -0.85      -0.76
--------------------------------------------------------------------------------
Best docking solution after GA:
      2500      31.08       3.00      21.05       0.00      -0.85      -0.76

#ops:       2500 #mutates:   1263 #cross:     1237 #dups:       521 
#niche:     1276 #errors:      57 
--------------------------------------------------------------------------------

Doing AMOEBA simplex on best individual
Done simplexing #iterations 531, best score  34.14

Ligand is stored in gold_soln_ligand_prepared_m1_8.mol2


--------------------------------------------------------------------------------
--- GoldScore breakdown of terms                                             ---
--------------------------------------------------------------------------------
Fitness = S(hb_ext) + 1.3750*S(vdw_ext) + S(hb_int) + 1.0000*S(int)
S(int)  = S(vdw_int) + S(tors)

Internal terms are relative to best energy found (intcor).

--------------------------------------------------------------------------------


     Fitness  S(hb_ext) S(vdw_ext)  S(hb_int)    S(int)      intcor
     34.14       3.16      23.24       0.00      -0.97      -0.76

--------------------------------------------------------------------------------
--- GoldScore analysis of protein-ligand interactions                        ---
--------------------------------------------------------------------------------

  Ligand acceptor   17 Protein hydrogen 1713 donor 1705 bond energy  2.00 wt 0.95
  Ligand acceptor   17 Protein hydrogen 1726 donor 1722 bond energy  2.00 wt 0.63

--------------------------------------------------------------------------------

--------------------------------------------------------------------------------
--- Rescoring solution                                                       ---
--------------------------------------------------------------------------------

     Score     S(PLP)   S(hbond)     S(cho)   S(metal)  DE(clash)   DE(tors)
     31.77     -28.87       1.83       0.00       0.00       0.00       1.29

Doing AMOEBA simplex on best individual
Done simplexing #iterations 856, best score  37.27

     Score     S(PLP)   S(hbond)     S(cho)   S(metal)  DE(clash)   DE(tors)
     37.27     -33.33       2.00       0.00       0.00       0.00       1.03

--------------------------------------------------------------------------------
--- CHEMPLP breakdown of terms                                               ---
--------------------------------------------------------------------------------
CHEMPLP = - ( 1.0000*S(PLP) + -3.0000*S(hbond) + -6.0000*S(metal) + -3.0000*S(cho) )

Score = CHEMPLP - 1.0000*DE(clash) - 2.0000*DE(tors)


--------------------------------------------------------------------------------


--------------------------------------------------------------------------------
--- PLP analysis of protein-ligand interactions                              ---
--------------------------------------------------------------------------------
hydrogen bonding        :      -2.00
metal                   :       0.00
buried (polar-nonpolar) :      -4.60
nonpolar                :     -27.04
repulsive               :       0.10
--------------------------------------------------------------------------------


--------------------------------------------------------------------------------
--- ChemScore analysis of protein-ligand interactions                        ---
--------------------------------------------------------------------------------

* Hydrogen bonds                                                                
Protein donor 1705 hydrogen 1713 Ligand acceptor   17 bond energy  1.00 wt 1.00
Protein donor 1722 hydrogen 1726 Ligand acceptor   17 bond energy  1.00 wt 1.00


* CH..O interactions                                                            
  CH group selection                       : activated ring CH (adjacent to hetatom)

--------------------------------------------------------------------------------


--------------------------------------------------------------------------------
--- Intra-ligand clashes                                                     ---
--------------------------------------------------------------------------------

Ligand
--------------------------------------------------------------------------------


--------------------------------------------------------------------------------
--- Chromosome decoded                                                       ---
--------------------------------------------------------------------------------
Ligand Torsions
[   6    2    1    3]  -23.47
[  12    5    1    2]  168.59
Protein Torsions
[ 748  745  744  743]   92.78 
[1667 1661 1659 1656]  -41.77 
[2625 2618 2617 2616]   89.07 
[ 493  476  477  478] -110.55 
[ 472  469  468  465]   88.49 
Mapping
Ligand acceptors to protein hydrogens (mapping then atom ids)
  3  17 [ 17->1726]
Ligand hydrogens to protein acceptors (mapping then atom ids)
Ligand shape atoms to protein points (mapping then atom ids & coords)
  1  6429 [  5->( 21.250   0.500 -21.250)]
  4  2416 [ 12->( 19.250   0.750 -22.000)]
  7  7451 [ 16->( 22.000  -1.500 -20.500)]
Chromosome values
Integers:
  -1   -1   16   -1   -1 6428   -1   -1 2415   -1   -1 7450 
--------------------------------------------------------------------------------


--------------------------------------------------------------------------------
--- Diverse Solutions Stats                                                  ---
--------------------------------------------------------------------------------
  Move attempts                            :  16073
  Move failures                            :     60
  Failure rate                             :   0.004

--------------------------------------------------------------------------------

Current Ranking  5  4  7  3  2  6  1  8

--------------------------------------------------------------------------------

* GA execution time :                                                           
  total  0.8957 user  0.7668 sys  0.1290

--------------------------------------------------------------------------------
Fitness function evaluations: 16147

--------------------------------------------------------------------------------
** Docking run number  9 **
--------------------------------------------------------------------------------
  Rank fitness base is 5000.00 ; increment is 11.2233

* Initialising population(s) ...                                                
Number of constraints mappings 0
Number of constraints 0
  Population no.                           :      1
  Population size                          :    100
  Number of duplicates                     :      0
  Number of niche violations               :      0
  Number of errors                         :    107


Doing GA, no. of population(s) 1 size 100 selection pressure 1.100000

 Operation      Fitness  S(hb_ext) S(vdw_ext)  S(hb_int)    S(int)      intcor
         0      33.41       7.22      22.22       0.00     -21.81      -0.76
        81      32.67       7.18      21.92       0.00     -21.81      -0.76
       123      33.74       5.19      20.98       0.00      -1.32      -0.76
       484      32.27       1.83      22.88       0.00      -3.40      -0.76
       554      34.69       6.26      20.99       0.00      -1.32      -0.76
       904      33.30       6.00      20.27       0.00      -1.32      -0.76
Reordering...
      1350      29.94       1.90      21.34       0.00      -2.05      -0.76
      1581      28.95       0.16      20.99       0.00      -0.09      -0.76
      1634      29.70       1.29      20.86       0.00      -0.35      -0.76
      2085      29.85       1.27      20.83       0.00      -0.06      -0.76
      2126      30.97       1.29      21.61       0.00      -0.02      -0.76
      2148      31.36       1.09      22.03       0.00      -0.02      -0.76
      2396      31.66       1.05      22.28       0.00      -0.02      -0.76
--------------------------------------------------------------------------------
Best docking solution after GA:
      2500      31.66       1.05      22.28       0.00      -0.02      -0.76

#ops:       2500 #mutates:   1285 #cross:     1215 #dups:       465 
#niche:     1364 #errors:      35 
--------------------------------------------------------------------------------

Doing AMOEBA simplex on best individual
Done simplexing #iterations 642, best score  32.98

Ligand is stored in gold_soln_ligand_prepared_m1_9.mol2


--------------------------------------------------------------------------------
--- GoldScore breakdown of terms                                             ---
--------------------------------------------------------------------------------
Fitness = S(hb_ext) + 1.3750*S(vdw_ext) + S(hb_int) + 1.0000*S(int)
S(int)  = S(vdw_int) + S(tors)

Internal terms are relative to best energy found (intcor).

--------------------------------------------------------------------------------


     Fitness  S(hb_ext) S(vdw_ext)  S(hb_int)    S(int)      intcor
     32.98       1.18      23.15       0.00      -0.03      -0.76

--------------------------------------------------------------------------------
--- GoldScore analysis of protein-ligand interactions                        ---
--------------------------------------------------------------------------------

  Ligand acceptor   17 Protein hydrogen 1713 donor 1705 bond energy  2.00 wt 0.55
  Ligand acceptor   17 Protein hydrogen 1726 donor 1722 bond energy  2.00 wt 0.04

--------------------------------------------------------------------------------

--------------------------------------------------------------------------------
--- Rescoring solution                                                       ---
--------------------------------------------------------------------------------

     Score     S(PLP)   S(hbond)     S(cho)   S(metal)  DE(clash)   DE(tors)
     33.31     -30.32       1.00       0.00       0.00       0.00       0.01

Doing AMOEBA simplex on best individual
Done simplexing #iterations 448, best score  40.38

     Score     S(PLP)   S(hbond)     S(cho)   S(metal)  DE(clash)   DE(tors)
     40.38     -34.41       2.00       0.00       0.00       0.00       0.01

--------------------------------------------------------------------------------
--- CHEMPLP breakdown of terms                                               ---
--------------------------------------------------------------------------------
CHEMPLP = - ( 1.0000*S(PLP) + -3.0000*S(hbond) + -6.0000*S(metal) + -3.0000*S(cho) )

Score = CHEMPLP - 1.0000*DE(clash) - 2.0000*DE(tors)


--------------------------------------------------------------------------------


--------------------------------------------------------------------------------
--- PLP analysis of protein-ligand interactions                              ---
--------------------------------------------------------------------------------
hydrogen bonding        :      -2.00
metal                   :       0.00
buried (polar-nonpolar) :      -4.92
nonpolar                :     -27.85
repulsive               :       0.16
--------------------------------------------------------------------------------


--------------------------------------------------------------------------------
--- ChemScore analysis of protein-ligand interactions                        ---
--------------------------------------------------------------------------------

* Hydrogen bonds                                                                
Protein donor 1705 hydrogen 1713 Ligand acceptor   17 bond energy  1.00 wt 1.00
Protein donor 1722 hydrogen 1726 Ligand acceptor   17 bond energy  1.00 wt 1.00


* CH..O interactions                                                            
  CH group selection                       : activated ring CH (adjacent to hetatom)

--------------------------------------------------------------------------------


--------------------------------------------------------------------------------
--- Intra-ligand clashes                                                     ---
--------------------------------------------------------------------------------

Ligand
--------------------------------------------------------------------------------


--------------------------------------------------------------------------------
--- Chromosome decoded                                                       ---
--------------------------------------------------------------------------------
Ligand Torsions
[   6    2    1    3]  -60.65
[  12    5    1    2] -179.45
Protein Torsions
[ 748  745  744  743]  -45.35 
[1667 1661 1659 1656]   62.04 
[2625 2618 2617 2616] -113.72 
[ 493  476  477  478]  -13.50 
[ 472  469  468  465]  140.37 
Mapping
Ligand acceptors to protein hydrogens (mapping then atom ids)
  3  16 [ 17->1713]
Ligand hydrogens to protein acceptors (mapping then atom ids)
Ligand shape atoms to protein points (mapping then atom ids & coords)
  1  1248 [  5->( 18.250   2.000 -22.250)]
  3  4381 [  7->( 20.250   1.250 -20.000)]
  5  4878 [ 13->( 20.500   1.000 -19.500)]
  6  5400 [ 14->( 20.750   1.000 -19.500)]
Chromosome values
Integers:
  -1   -1   15   -1   -1 1247   -1 4380   -1 4877 5399   -1 
--------------------------------------------------------------------------------


--------------------------------------------------------------------------------
--- Diverse Solutions Stats                                                  ---
--------------------------------------------------------------------------------
  Move attempts                            :  15659
  Move failures                            :     70
  Failure rate                             :   0.004

--------------------------------------------------------------------------------

Current Ranking  5  4  7  3  2  6  1  8  9

--------------------------------------------------------------------------------

* GA execution time :                                                           
  total  0.9522 user  0.7806 sys  0.1716

--------------------------------------------------------------------------------
Fitness function evaluations: 15730

--------------------------------------------------------------------------------
** Docking run number 10 **
--------------------------------------------------------------------------------
  Rank fitness base is 5000.00 ; increment is 11.2233

* Initialising population(s) ...                                                
Number of constraints mappings 0
Number of constraints 0
  Population no.                           :      1
  Population size                          :    100
  Number of duplicates                     :      0
  Number of niche violations               :      0
  Number of errors                         :     83


Doing GA, no. of population(s) 1 size 100 selection pressure 1.100000

 Operation      Fitness  S(hb_ext) S(vdw_ext)  S(hb_int)    S(int)      intcor
         0      31.78       3.88      23.01       0.00     -18.71      -0.76
       213      30.32       3.86      22.48       0.00     -18.71      -0.76
Reordering...
       375      28.04       1.42      20.57       0.00      -6.02      -0.76
       409      28.10       0.59      21.88       0.00      -9.14      -0.76
Reordering...
       450      27.47       1.40      20.25       0.00      -6.02      -0.76
       503      27.82       3.44      18.28       0.00      -2.49      -0.76
Reordering...
       525      26.84       1.38      19.89       0.00      -6.02      -0.76
       528      27.14       3.39      17.50       0.00      -0.98      -0.76
Reordering...
       600      26.22       1.35      19.55       0.00      -6.02      -0.76
Reordering...
       675      25.77       0.06      19.29       0.00      -2.27      -0.76
       710      31.40       4.74      20.05       0.00      -2.49      -0.76
       851      31.02       3.98      20.42       0.00      -2.49      -0.76
      1167      28.91       1.06      21.18       0.00      -2.36      -0.76
      1338      29.79       1.16      21.36       0.00      -1.19      -0.76
      1346      29.82       1.16      21.39       0.00      -1.19      -0.76
      1566      30.45       3.79      20.76       0.00      -2.49      -0.76
Reordering...
      1725      30.05       1.13      21.47       0.00      -0.69      -0.76
      1880      29.98       0.98      21.48       0.00      -0.53      -0.76
      1932      30.05       0.83      21.64       0.00      -0.53      -0.76
      2288      30.07       0.84      21.73       0.00      -0.65      -0.76
      2331      30.19       0.82      21.84       0.00      -0.66      -0.76
      2440      30.21       0.82      21.86       0.00      -0.66      -0.76
--------------------------------------------------------------------------------
Best docking solution after GA:
      2500      30.21       0.82      21.86       0.00      -0.66      -0.76

#ops:       2500 #mutates:   1294 #cross:     1206 #dups:       504 
#niche:     1207 #errors:      65 
--------------------------------------------------------------------------------

Doing AMOEBA simplex on best individual
Done simplexing #iterations 478, best score  30.61

Ligand is stored in gold_soln_ligand_prepared_m1_10.mol2


--------------------------------------------------------------------------------
--- GoldScore breakdown of terms                                             ---
--------------------------------------------------------------------------------
Fitness = S(hb_ext) + 1.3750*S(vdw_ext) + S(hb_int) + 1.0000*S(int)
S(int)  = S(vdw_int) + S(tors)

Internal terms are relative to best energy found (intcor).

--------------------------------------------------------------------------------


     Fitness  S(hb_ext) S(vdw_ext)  S(hb_int)    S(int)      intcor
     30.61       0.88      22.04       0.00      -0.56      -0.76

--------------------------------------------------------------------------------
--- GoldScore analysis of protein-ligand interactions                        ---
--------------------------------------------------------------------------------

  Ligand acceptor   17 Protein hydrogen 1713 donor 1705 bond energy  2.00 wt 0.44

--------------------------------------------------------------------------------

--------------------------------------------------------------------------------
--- Rescoring solution                                                       ---
--------------------------------------------------------------------------------

     Score     S(PLP)   S(hbond)     S(cho)   S(metal)  DE(clash)   DE(tors)
     24.25     -23.15       0.98       0.00       0.00       0.00       0.91

Doing AMOEBA simplex on best individual
Done simplexing #iterations 991, best score  39.16

     Score     S(PLP)   S(hbond)     S(cho)   S(metal)  DE(clash)   DE(tors)
     39.16     -33.82       2.00       0.00       0.00       0.00       0.33

--------------------------------------------------------------------------------
--- CHEMPLP breakdown of terms                                               ---
--------------------------------------------------------------------------------
CHEMPLP = - ( 1.0000*S(PLP) + -3.0000*S(hbond) + -6.0000*S(metal) + -3.0000*S(cho) )

Score = CHEMPLP - 1.0000*DE(clash) - 2.0000*DE(tors)


--------------------------------------------------------------------------------


--------------------------------------------------------------------------------
--- PLP analysis of protein-ligand interactions                              ---
--------------------------------------------------------------------------------
hydrogen bonding        :      -2.00
metal                   :       0.00
buried (polar-nonpolar) :      -5.27
nonpolar                :     -27.30
repulsive               :       0.19
--------------------------------------------------------------------------------


--------------------------------------------------------------------------------
--- ChemScore analysis of protein-ligand interactions                        ---
--------------------------------------------------------------------------------

* Hydrogen bonds                                                                
Protein donor 1705 hydrogen 1713 Ligand acceptor   17 bond energy  1.00 wt 1.00
Protein donor 1722 hydrogen 1726 Ligand acceptor   17 bond energy  1.00 wt 1.00


* CH..O interactions                                                            
  CH group selection                       : activated ring CH (adjacent to hetatom)

--------------------------------------------------------------------------------


--------------------------------------------------------------------------------
--- Intra-ligand clashes                                                     ---
--------------------------------------------------------------------------------

Ligand
--------------------------------------------------------------------------------


--------------------------------------------------------------------------------
--- Chromosome decoded                                                       ---
--------------------------------------------------------------------------------
Ligand Torsions
[   6    2    1    3]   99.50
[  12    5    1    2] -170.16
Protein Torsions
[ 748  745  744  743]  163.73 
[1667 1661 1659 1656]   14.27 
[2625 2618 2617 2616]  118.79 
[ 493  476  477  478]   29.20 
[ 472  469  468  465]  -54.96 
Mapping
Ligand acceptors to protein hydrogens (mapping then atom ids)
  3  16 [ 17->1713]
Ligand hydrogens to protein acceptors (mapping then atom ids)
Ligand shape atoms to protein points (mapping then atom ids & coords)
  3  2754 [  7->( 19.500  -0.250 -21.000)]
  4   758 [ 12->( 17.750   2.250 -24.750)]
  5  4222 [ 13->( 20.250   0.250 -19.000)]
  7  3725 [ 16->( 20.000   0.500 -18.500)]
Chromosome values
Integers:
  -1   -1   15   -1   -1   -1   -1 2753  757 4221   -1 3724 
--------------------------------------------------------------------------------


--------------------------------------------------------------------------------
--- Diverse Solutions Stats                                                  ---
--------------------------------------------------------------------------------
  Move attempts                            :  16120
  Move failures                            :     75
  Failure rate                             :   0.005

--------------------------------------------------------------------------------

Current Ranking  5  4  7  3  2  6  1  8  9 10

--------------------------------------------------------------------------------

* GA execution time :                                                           
  total  0.9091 user  0.7868 sys  0.1222

--------------------------------------------------------------------------------
Fitness function evaluations: 16193

--------------------------------------------------------------------------------
--- Ranking analysis                                                         ---
--------------------------------------------------------------------------------


* Final ranked order of GA solutions:                                           
   5  4  7  3  2  6  1  8  9 10 

  _______________________________
  RMSD Matrix of RANKED solutions

        2    3    4    5    6    7    8    9   10  

   1 :  7.0  6.9  6.1  4.4  3.7  1.7  4.5  5.9  5.8
   2 :       0.2  4.6  5.4  5.5  7.4  5.0  4.2  4.3
   3 :            4.6  5.3  5.4  7.3  5.0  4.2  4.4
   4 :                 6.1  6.3  6.2  4.0  3.8  3.9
   5 :                      1.3  4.6  5.8  5.7  5.4
   6 :                           4.0  5.6  5.9  5.7
   7 :                                4.7  6.0  5.8
   8 :                                     2.5  2.7
   9 :                                          0.9

  Clustering method                        : complete linkage
  Structure ids in cluster table           : rank nos.
  Ordering of clusters and their members   : by rank (order if from rms_analysis)

  Distance | Clusters
   0.24    |  1 |  2  3 |  4 |  5 |  6 |  7 |  8 |  9 | 10 |
   0.86    |  1 |  2  3 |  4 |  5 |  6 |  7 |  8 |  9 10 |
   1.29    |  1 |  2  3 |  4 |  5  6 |  7 |  8 |  9 10 |
   1.69    |  1  7 |  2  3 |  4 |  5  6 |  8 |  9 10 |
   2.70    |  1  7 |  2  3 |  4 |  5  6 |  8  9 10 |
   4.00    |  1  7 |  2  3 |  4  8  9 10 |  5  6 |
   4.57    |  1  5  6  7 |  2  3 |  4  8  9 10 |
   5.02    |  1  5  6  7 |  2  3  4  8  9 10 |
   7.43    |  1  2  3  4  5  6  7  8  9 10 |
  Finished Docking Ligand                  : /mnt/c/Users/ricca/Desktop/Documents/1_Coding/1_Script_Github/Reverse_Docking_Explore_V3/3iw5/ligand_prepared.mol2
--------------------------------------------------------------------------------

  Relative_Ligand_Energy (best encountered) :  -0.765
  Relative_Ligand_Energy: fitness values have been corrected using this amount
