
--------------------------------------------------------------------------------
--- Ligand                                                                   ---
--------------------------------------------------------------------------------
  Ligand loaded from file                  : /mnt/c/Users/ricca/Desktop/Documents/1_Coding/1_Script_Github/Reverse_Docking_Explore_V3/4r3c/ligand_prepared.mol2
  Ligand name                              :  
  "CT1002167954                                                             "

--------------------------------------------------------------------------------
  N.plc donors                             : 
  none found

  Acidic nitrogen acceptors                : 
  none found
  Sulfur acceptors                         :
  none found


  Donor atoms                              :      2
  8   10  
  Acceptor atoms                           :      3
  9   11  17  

  Hydrogens                                :  (n = 2)
  22   23   

  Lone pairs added to molecule             :      6
  Numbering                                : from 30 to 35

--------------------------------------------------------------------------------
--- Postprocessing of typing                                                 ---
--------------------------------------------------------------------------------
  Fragment file                            : /home/hitesit/CCDC/Discovery_2022/GOLD/gold/rotatable_bond_override.mol2
  acylurea fragment                        : 2 matches
  Ligand bond 15-8  set to flip
  Ligand bond 15-10  set to flip
  Ligand bond 15-10  set to 1
  Ligand bond 15-8  set to 1
  Ligand bond 10-4  set to flip
  Ligand bond 8-3  set to flip
  thioacylthiourea fragment                : no matches
  acylthiourea fragment                    : no matches
  thioacylurea fragment                    : no matches
  diarylamine fragment >C.ar-NH-C.ar<      : no matches
  sec-amine (1) fragment                   : no matches
  sec-amine (2) fragment                   : no matches
  sec-amine (3) fragment                   : no matches
  carboxylic ester                         : no matches

* Rotatable bonds in /mnt/c/Users/ricca/D  :
  [   1    2] [   1    5] 
  No. of rotatable bonds                   :      2


* Reading torsional distributions from file:
  /home/hitesit/CCDC/Discovery_2022/GOLD/gold/gold.tordist
  No. of bins in torsional distributions   :     36
  Minimum size of largest peak             :      0
  Removing high energy torsions            : on
  Delta E set to                           :   2.500

* Fragments found in /mnt/c/Users/ricca/D  :
  atom   2: benzene
  atom   6: benzene
  atom   7: benzene
  atom  13: benzene
  atom  14: benzene
  atom  16: benzene


* Checking torsion distributions:                                               
  No. of matched torsions                  :      0

--------------------------------------------------------------------------------
--- Shape fitting atoms selection (hydrophobic atoms)                        ---
--------------------------------------------------------------------------------
  Molecule                                 : /mnt/c/Users/ricca/Desktop/Documents/1_Coding/1_Script_Github/Reverse_Docking_Explore_V3/4r3c/ligand_prepared.mol2
  Selection                                : carbons only
  Atom numbers                             :  (n = 7)
  5    6    7    12   13   14   16   

--------------------------------------------------------------------------------
--- Diverse Solutions Setup                                                  ---
--------------------------------------------------------------------------------
  Cluster size                             :      2
  RMSD                                     :   2.000
  Refinement                               :      0


--------------------------------------------------------------------------------
--- ChemScore ligand setup summary                                           ---
--------------------------------------------------------------------------------
  ChemScore ligand acceptors               :      3
  9 11 17 
  ChemScore ligand donors                  :      2
  8 ( 22  ) 10 ( 23  ) 
  ChemScore ligand CH donors               :      0
  

  ChemScore ligand lipophilic atoms        :  (n = 9)
  1    2    5    6    7    12   13   14   16   

  ChemScore ligand rotatable bonds         :      2
  1   (C1 ) - 2   (C2 ): SP3_SP2_BOND
  1   (C1 ) - 5   (C5 ): SP3_SP3_BOND

--------------------------------------------------------------------------------
--- PLP ligand setup summary                                                 ---
--------------------------------------------------------------------------------
    1    C1   C.3 NONPOLAR
    2    C2  C.ar NONPOLAR
    3    C3   C.2 NONPOLAR
    4    C4   C.2 NONPOLAR
    5    C5   C.3 NONPOLAR
    6    C6  C.ar NONPOLAR
    7    C7  C.ar NONPOLAR
    8    N8  N.am DONOR
    9    O9   O.2 ACCEPTOR
   10   N10  N.am DONOR
   11   O11   O.2 ACCEPTOR
   12   C12   C.3 NONPOLAR
   13   C13  C.ar NONPOLAR
   14   C14  C.ar NONPOLAR
   15   C15   C.2 NONPOLAR
   16   C16  C.ar NONPOLAR
   17   O17   O.2 ACCEPTOR

--------------------------------------------------------------------------------
--- Automatic parameter setting                                              ---
--------------------------------------------------------------------------------
  Contribution base                        :   2500
  Contribution per rotatable bond          :   6000
  Contribution per df                      :   4000
  Contribution per water                   :  10000
  Ligand rotatable bonds                   :      2
  Protein flexible side chain bonds        :      0
  Total rotatable bonds                    :      2
  Hydrophobic vol ratio (P/L)              :   1.334
  Base multiplier (polar)                  :   1.000
  Base multiplier (apolar)                 :   1.867
  Base contribution                        : 5000.000
  Fitting points                           :      5
  Estimated maxops needed (optimal)        :  17500
  Autoscale factor (in percent)            :     10
  Scaled maxops                            :   2000

--------------------------------------------------------------------------------

* Population settings                                                           
  maxops                                   :   2000
  popsiz                                   :    100
  select_pressure                          :   1.100
  n_islands                                :      1
  niche_siz                                :      2

* GA settings                                                                   
  pt_crosswt                               :    100
  allele_mutatewt                          :    100
  migratewt                                :      0

* Search settings                                                               
  start_vdw_linear_cutoff                  :   6.000
  initial_virtual_pt_match_max             :   3.000
  Scaling of internal VDW energy           : log scale from  0.2 to    1
                                             over 1500 ops
  Sampling interval (operations)           :     20
  Scaling of virtual pt maximum length     : linear scale from    3 to    2
                                             over  1500 ops
  Sampling interval (operations)           :     60
  Scaling of 4-8 potential cutoff          : log scale from    6 to 1.2e+02
                                             over 1500 ops
  Sampling interval (operations)           :     60

--------------------------------------------------------------------------------

* Ligand initialisation time :                                                  
  total  0.1616 user  0.0170 sys  0.1446

--------------------------------------------------------------------------------

--------------------------------------------------------------------------------
** Docking run number  1 **
--------------------------------------------------------------------------------
  Rank fitness base is 5000.00 ; increment is 11.2233

* Initialising population(s) ...                                                
Number of constraints mappings 0
Number of constraints 0
  Population no.                           :      1
  Population size                          :    100
  Number of duplicates                     :      0
  Number of niche violations               :      0
  Number of errors                         :    268


Doing GA, no. of population(s) 1 size 100 selection pressure 1.100000

 Operation      Fitness  S(hb_ext) S(vdw_ext)  S(hb_int)    S(int)      intcor
         0      39.77       0.91      30.61       0.00     -16.15      -0.80
Reordering...
       180      35.73       0.60      29.23       0.00     -20.85      -0.80
       357      34.70       0.33      27.18       0.00     -10.44      -0.80
       364      33.99       0.46      24.57       0.00      -0.85      -0.80
       424      34.87       0.19      26.73       0.00      -6.63      -0.80
       442      38.48       1.50      30.14       0.00     -13.91      -0.80
       979      28.25       0.62      28.20       0.00     -19.90      -0.80
Reordering...
       980      28.06       1.27      25.27       0.00     -13.91      -0.80
      1064      32.13       0.43      30.32       0.00     -16.00      -0.80
      1236      29.45       0.33      29.80       0.00     -16.00      -0.80
      1411      25.78       0.23      29.05       0.00     -16.01      -0.79
      1437      27.92       0.00      21.42       0.00      -1.66      -0.79
      1638      26.20       0.00      20.27       0.00      -1.68      -0.78
      1777      26.26       0.00      20.32       0.00      -1.68      -0.78
--------------------------------------------------------------------------------
Best docking solution after GA:
      2000      26.26       0.00      20.32       0.00      -1.68      -0.78

#ops:       2000 #mutates:    989 #cross:     1011 #dups:       376 
#niche:      984 #errors:      20 
--------------------------------------------------------------------------------

Doing AMOEBA simplex on best individual
Done simplexing #iterations 638, best score  47.15

Ligand is stored in gold_soln_ligand_prepared_m1_1.mol2


--------------------------------------------------------------------------------
--- GoldScore breakdown of terms                                             ---
--------------------------------------------------------------------------------
Fitness = S(hb_ext) + 1.3750*S(vdw_ext) + S(hb_int) + 1.0000*S(int)
S(int)  = S(vdw_int) + S(tors)

Internal terms are relative to best energy found (intcor).

--------------------------------------------------------------------------------


     Fitness  S(hb_ext) S(vdw_ext)  S(hb_int)    S(int)      intcor
     47.15       0.49      35.15       0.00      -1.67      -0.78

--------------------------------------------------------------------------------
--- GoldScore analysis of protein-ligand interactions                        ---
--------------------------------------------------------------------------------

  Ligand donor    8 hydrogen   22 Protein acceptor 3905 bond energy  2.00 wt 0.25

--------------------------------------------------------------------------------

--------------------------------------------------------------------------------
--- Rescoring solution                                                       ---
--------------------------------------------------------------------------------

     Score     S(PLP)   S(hbond)     S(cho)   S(metal)  DE(clash)   DE(tors)
     14.04     -15.72       0.00       0.00       0.00       0.63       0.53

Doing AMOEBA simplex on best individual
Done simplexing #iterations 556, best score  34.27

     Score     S(PLP)   S(hbond)     S(cho)   S(metal)  DE(clash)   DE(tors)
     34.27     -36.05       0.00       0.00       0.00       0.62       0.58

--------------------------------------------------------------------------------
--- CHEMPLP breakdown of terms                                               ---
--------------------------------------------------------------------------------
CHEMPLP = - ( 1.0000*S(PLP) + -3.0000*S(hbond) + -6.0000*S(metal) + -3.0000*S(cho) )

Score = CHEMPLP - 1.0000*DE(clash) - 2.0000*DE(tors)


--------------------------------------------------------------------------------


--------------------------------------------------------------------------------
--- PLP analysis of protein-ligand interactions                              ---
--------------------------------------------------------------------------------
hydrogen bonding        :       0.00
metal                   :       0.00
buried (polar-nonpolar) :      10.81
nonpolar                :     -47.38
repulsive               :       0.34
--------------------------------------------------------------------------------


--------------------------------------------------------------------------------
--- ChemScore analysis of protein-ligand interactions                        ---
--------------------------------------------------------------------------------

* Hydrogen bonds                                                                


* CH..O interactions                                                            
  CH group selection                       : activated ring CH (adjacent to hetatom)

--------------------------------------------------------------------------------


--------------------------------------------------------------------------------
--- Intra-ligand clashes                                                     ---
--------------------------------------------------------------------------------

Ligand
  7 (C7   ) -   4 (C4   ):   0.62 (dist   2.73)
--------------------------------------------------------------------------------


--------------------------------------------------------------------------------
--- Chromosome decoded                                                       ---
--------------------------------------------------------------------------------
Ligand Torsions
[   6    2    1    3]   71.56
[  12    5    1    2] -177.04
Protein Torsions
[4013 4008 4007 4004]  -66.19 
[4024 4019 4018 4015]  -32.78 
[4700 4695 4694 4691] -126.07 
[3252 3246 3244 3241]   74.69 
Mapping
Ligand acceptors to protein hydrogens (mapping then atom ids)
Ligand hydrogens to protein acceptors (mapping then atom ids)
Ligand shape atoms to protein points (mapping then atom ids & coords)
  1  3724 [  5->( 91.000  87.500   8.750)]
  2  3980 [  6->( 91.000  90.750   7.750)]
  3  1796 [  7->( 89.000  93.250   9.250)]
  5  1403 [ 13->( 88.500  94.000   9.000)]
  6  1405 [ 14->( 88.500  94.000   9.500)]
  7  1401 [ 16->( 88.500  93.750  10.500)]
Chromosome values
Integers:
  -1   -1   -1   -1   -1 3723 3979 1795   -1 1402 1404 1400 
--------------------------------------------------------------------------------


--------------------------------------------------------------------------------
--- Diverse Solutions Stats                                                  ---
--------------------------------------------------------------------------------
  Move attempts                            :  15116
  Move failures                            :      0
  Failure rate                             :   0.000

--------------------------------------------------------------------------------

Current Ranking  1

--------------------------------------------------------------------------------

* GA execution time :                                                           
  total  0.9895 user  0.8252 sys  0.1643

--------------------------------------------------------------------------------
Fitness function evaluations: 15404

--------------------------------------------------------------------------------
** Docking run number  2 **
--------------------------------------------------------------------------------
  Rank fitness base is 5000.00 ; increment is 11.2233

* Initialising population(s) ...                                                
Number of constraints mappings 0
Number of constraints 0
  Population no.                           :      1
  Population size                          :    100
  Number of duplicates                     :      0
  Number of niche violations               :      0
  Number of errors                         :    273


Doing GA, no. of population(s) 1 size 100 selection pressure 1.100000

 Operation      Fitness  S(hb_ext) S(vdw_ext)  S(hb_int)    S(int)      intcor
         0      43.05       0.16      31.29       0.00      -0.67      -0.78
        20      43.32       2.69      30.03       0.00      -3.23      -0.78
Reordering...
       120      41.17       0.13      29.96       0.00      -0.67      -0.78
       303      42.13       0.19      32.55       0.00     -10.21      -0.78
       326      43.08       0.39      31.19       0.00      -0.67      -0.78
       451      41.13       0.35      29.82       0.00      -0.67      -0.78
Reordering...
       480      40.08       0.16      31.52       0.00     -10.21      -0.78
Reordering...
       500      40.01       0.33      29.03       0.00      -0.67      -0.78
       504      40.06       0.16      31.56       0.00     -10.21      -0.78
Reordering...
       520      40.01       0.33      29.03       0.00      -0.67      -0.78
       532      41.59       0.34      30.17       0.00      -0.67      -0.78
       590      41.73       1.21      29.65       0.00      -0.67      -0.78
       754      39.44       0.94      28.22       0.00      -0.67      -0.78
       769      39.44       0.94      28.22       0.00      -0.67      -0.78
       831      38.94       0.92      27.89       0.00      -0.67      -0.78
Reordering...
       840      38.21       1.13      27.21       0.00      -0.67      -0.78
       892      38.35       0.16      28.02       0.00      -0.67      -0.78
      1098      37.18       0.11      27.28       0.00      -0.67      -0.78
      1151      41.33       0.65      29.92       0.00      -0.67      -0.78
      1687      38.56       0.49      28.17       0.00      -0.67      -0.78
      1797      38.57       0.49      28.18       0.00      -0.67      -0.78
      1867      38.86       0.49      28.73       0.00      -1.13      -0.78
--------------------------------------------------------------------------------
Best docking solution after GA:
      2000      38.86       0.49      28.73       0.00      -1.13      -0.78

#ops:       2000 #mutates:    976 #cross:     1024 #dups:       439 
#niche:     1071 #errors:      17 
--------------------------------------------------------------------------------

Doing AMOEBA simplex on best individual
Done simplexing #iterations 549, best score  43.05

Ligand is stored in gold_soln_ligand_prepared_m1_2.mol2


--------------------------------------------------------------------------------
--- GoldScore breakdown of terms                                             ---
--------------------------------------------------------------------------------
Fitness = S(hb_ext) + 1.3750*S(vdw_ext) + S(hb_int) + 1.0000*S(int)
S(int)  = S(vdw_int) + S(tors)

Internal terms are relative to best energy found (intcor).

--------------------------------------------------------------------------------


     Fitness  S(hb_ext) S(vdw_ext)  S(hb_int)    S(int)      intcor
     43.05       0.17      31.82       0.00      -0.88      -0.78

--------------------------------------------------------------------------------
--- GoldScore analysis of protein-ligand interactions                        ---
--------------------------------------------------------------------------------

  Ligand donor   10 hydrogen   23 Protein acceptor 3036 bond energy  6.00 wt 0.03

--------------------------------------------------------------------------------

--------------------------------------------------------------------------------
--- Rescoring solution                                                       ---
--------------------------------------------------------------------------------

     Score     S(PLP)   S(hbond)     S(cho)   S(metal)  DE(clash)   DE(tors)
     27.60     -28.61       0.00       0.00       0.00       0.00       0.50

Doing AMOEBA simplex on best individual
Done simplexing #iterations 864, best score  33.59

     Score     S(PLP)   S(hbond)     S(cho)   S(metal)  DE(clash)   DE(tors)
     33.59     -34.81       0.00       0.00       0.00       0.00       0.61

--------------------------------------------------------------------------------
--- CHEMPLP breakdown of terms                                               ---
--------------------------------------------------------------------------------
CHEMPLP = - ( 1.0000*S(PLP) + -3.0000*S(hbond) + -6.0000*S(metal) + -3.0000*S(cho) )

Score = CHEMPLP - 1.0000*DE(clash) - 2.0000*DE(tors)


--------------------------------------------------------------------------------


--------------------------------------------------------------------------------
--- PLP analysis of protein-ligand interactions                              ---
--------------------------------------------------------------------------------
hydrogen bonding        :       0.00
metal                   :       0.00
buried (polar-nonpolar) :      15.35
nonpolar                :     -51.43
repulsive               :       1.08
--------------------------------------------------------------------------------


--------------------------------------------------------------------------------
--- ChemScore analysis of protein-ligand interactions                        ---
--------------------------------------------------------------------------------

* Hydrogen bonds                                                                


* CH..O interactions                                                            
  CH group selection                       : activated ring CH (adjacent to hetatom)

--------------------------------------------------------------------------------


--------------------------------------------------------------------------------
--- Intra-ligand clashes                                                     ---
--------------------------------------------------------------------------------

Ligand
--------------------------------------------------------------------------------


--------------------------------------------------------------------------------
--- Chromosome decoded                                                       ---
--------------------------------------------------------------------------------
Ligand Torsions
[   6    2    1    3]  106.38
[  12    5    1    2] -168.16
Protein Torsions
[4013 4008 4007 4004]   28.60 
[4024 4019 4018 4015]  136.32 
[4700 4695 4694 4691] -130.46 
[3252 3246 3244 3241] -176.07 
Mapping
Ligand acceptors to protein hydrogens (mapping then atom ids)
Ligand hydrogens to protein acceptors (mapping then atom ids)
  2   3 [ 23->3036]
Ligand shape atoms to protein points (mapping then atom ids & coords)
  4  4092 [ 12->( 91.250  88.250   7.750)]
  6  2183 [ 14->( 89.500  92.750   9.250)]
  7  1642 [ 16->( 88.750  95.000   9.250)]
Chromosome values
Integers:
  -1   -1   -1   -1    2   -1   -1   -1 4091   -1 2182 1641 
--------------------------------------------------------------------------------


--------------------------------------------------------------------------------
--- Diverse Solutions Stats                                                  ---
--------------------------------------------------------------------------------
  Move attempts                            :  15416
  Move failures                            :      0
  Failure rate                             :   0.000

--------------------------------------------------------------------------------

Current Ranking  1  2

--------------------------------------------------------------------------------

* GA execution time :                                                           
  total  0.8572 user  0.8204 sys  0.0368

--------------------------------------------------------------------------------
Fitness function evaluations: 15709

--------------------------------------------------------------------------------
** Docking run number  3 **
--------------------------------------------------------------------------------
  Rank fitness base is 5000.00 ; increment is 11.2233

* Initialising population(s) ...                                                
Number of constraints mappings 0
Number of constraints 0
  Population no.                           :      1
  Population size                          :    100
  Number of duplicates                     :      0
  Number of niche violations               :      0
  Number of errors                         :    295


Doing GA, no. of population(s) 1 size 100 selection pressure 1.100000

 Operation      Fitness  S(hb_ext) S(vdw_ext)  S(hb_int)    S(int)      intcor
         0      39.01       0.87      31.43       0.00     -25.38      -0.77
       227      38.41       0.00      29.66       0.00      -9.37      -0.77
Reordering...
       480      31.70       0.02      24.61       0.00      -6.47      -0.77
       512      33.39       0.00      26.62       0.00      -9.37      -0.77
       529      33.66       0.03      24.83       0.00      -1.45      -0.77
       899      27.80       0.80      21.06       0.00      -3.81      -0.77
      1053      30.46       1.45      23.97       0.00      -6.47      -0.77
      1338      34.12       1.80      27.39       0.00      -6.47      -0.77
--------------------------------------------------------------------------------
Best docking solution after GA:
      2000      32.81       1.63      27.39       0.00      -6.47      -0.77

#ops:       2000 #mutates:   1036 #cross:      964 #dups:       373 
#niche:     1022 #errors:      37 
--------------------------------------------------------------------------------

Doing AMOEBA simplex on best individual
Done simplexing #iterations 583, best score  38.78

Ligand is stored in gold_soln_ligand_prepared_m1_3.mol2


--------------------------------------------------------------------------------
--- GoldScore breakdown of terms                                             ---
--------------------------------------------------------------------------------
Fitness = S(hb_ext) + 1.3750*S(vdw_ext) + S(hb_int) + 1.0000*S(int)
S(int)  = S(vdw_int) + S(tors)

Internal terms are relative to best energy found (intcor).

--------------------------------------------------------------------------------


     Fitness  S(hb_ext) S(vdw_ext)  S(hb_int)    S(int)      intcor
     38.78       0.39      32.05       0.00      -5.67      -0.77

--------------------------------------------------------------------------------
--- GoldScore analysis of protein-ligand interactions                        ---
--------------------------------------------------------------------------------

  Ligand acceptor   17 Protein hydrogen 4700 donor 4695 bond energy  2.00 wt 0.02
  Ligand donor   10 hydrogen   23 Protein acceptor 4695 bond energy  2.00 wt 0.17

--------------------------------------------------------------------------------

--------------------------------------------------------------------------------
--- Rescoring solution                                                       ---
--------------------------------------------------------------------------------

     Score     S(PLP)   S(hbond)     S(cho)   S(metal)  DE(clash)   DE(tors)
      9.68     -10.12       0.66       0.00       0.00       0.90       0.76

Doing AMOEBA simplex on best individual
Done simplexing #iterations 769, best score  28.35

     Score     S(PLP)   S(hbond)     S(cho)   S(metal)  DE(clash)   DE(tors)
     28.35     -28.29       0.93       0.00       0.00       1.20       0.76

--------------------------------------------------------------------------------
--- CHEMPLP breakdown of terms                                               ---
--------------------------------------------------------------------------------
CHEMPLP = - ( 1.0000*S(PLP) + -3.0000*S(hbond) + -6.0000*S(metal) + -3.0000*S(cho) )

Score = CHEMPLP - 1.0000*DE(clash) - 2.0000*DE(tors)


--------------------------------------------------------------------------------


--------------------------------------------------------------------------------
--- PLP analysis of protein-ligand interactions                              ---
--------------------------------------------------------------------------------
hydrogen bonding        :      -1.80
metal                   :       0.00
buried (polar-nonpolar) :      17.33
nonpolar                :     -44.94
repulsive               :       1.05
--------------------------------------------------------------------------------


--------------------------------------------------------------------------------
--- ChemScore analysis of protein-ligand interactions                        ---
--------------------------------------------------------------------------------

* Hydrogen bonds                                                                
Protein donor 4695 hydrogen 4700 Ligand acceptor   17 bond energy  1.00 wt 0.93


* CH..O interactions                                                            
  CH group selection                       : activated ring CH (adjacent to hetatom)

--------------------------------------------------------------------------------


--------------------------------------------------------------------------------
--- Intra-ligand clashes                                                     ---
--------------------------------------------------------------------------------

Ligand
  7 (C7   ) -   4 (C4   ):   1.20 (dist   2.72)
--------------------------------------------------------------------------------


--------------------------------------------------------------------------------
--- Chromosome decoded                                                       ---
--------------------------------------------------------------------------------
Ligand Torsions
[   6    2    1    3]   66.81
[  12    5    1    2]  158.15
Protein Torsions
[4013 4008 4007 4004]  105.06 
[4024 4019 4018 4015]   15.86 
[4700 4695 4694 4691]  -13.29 
[3252 3246 3244 3241] -171.01 
Mapping
Ligand acceptors to protein hydrogens (mapping then atom ids)
  3  17 [ 17->4700]
Ligand hydrogens to protein acceptors (mapping then atom ids)
Ligand shape atoms to protein points (mapping then atom ids & coords)
  1  2742 [  5->( 90.250  89.500   9.500)]
  2  2842 [  6->( 90.250  91.000  10.250)]
  4  2586 [ 12->( 90.000  91.750   8.000)]
  5  4500 [ 13->( 91.750  89.500  14.250)]
  6  3427 [ 14->( 90.750  88.500  12.000)]
  7  4800 [ 16->( 92.750  90.500  13.500)]
Chromosome values
Integers:
  -1   -1   16   -1   -1 2741 2841   -1 2585 4499 3426 4799 
--------------------------------------------------------------------------------


--------------------------------------------------------------------------------
--- Diverse Solutions Stats                                                  ---
--------------------------------------------------------------------------------
  Move attempts                            :  15387
  Move failures                            :     61
  Failure rate                             :   0.004

--------------------------------------------------------------------------------

Current Ranking  1  2  3

--------------------------------------------------------------------------------

* GA execution time :                                                           
  total  0.9296 user  0.8610 sys  0.0686

--------------------------------------------------------------------------------
Fitness function evaluations: 15658

--------------------------------------------------------------------------------
** Docking run number  4 **
--------------------------------------------------------------------------------
  Rank fitness base is 5000.00 ; increment is 11.2233

* Initialising population(s) ...                                                
Number of constraints mappings 0
Number of constraints 0
  Population no.                           :      1
  Population size                          :    100
  Number of duplicates                     :      0
  Number of niche violations               :      0
  Number of errors                         :    261


Doing GA, no. of population(s) 1 size 100 selection pressure 1.100000

 Operation      Fitness  S(hb_ext) S(vdw_ext)  S(hb_int)    S(int)      intcor
         0      41.99       0.00      32.31       0.00     -12.22      -0.77
       353      38.73       0.00      29.26       0.00      -5.21      -0.77
       406      37.89       0.00      28.72       0.00      -5.21      -0.77
       606      38.80       1.92      31.35       0.00     -16.37      -0.77
      1564      19.05       0.59      19.09       0.00      -7.79      -0.77
      1568      19.05       0.47      19.18       0.00      -7.79      -0.77
      1682      28.45       0.00      21.90       0.00      -1.66      -0.77
--------------------------------------------------------------------------------
Best docking solution after GA:
      2000      28.45       0.00      21.90       0.00      -1.66      -0.77

#ops:       2000 #mutates:   1041 #cross:      959 #dups:       380 
#niche:      942 #errors:      56 
--------------------------------------------------------------------------------

Doing AMOEBA simplex on best individual
Done simplexing #iterations 556, best score  35.47

Ligand is stored in gold_soln_ligand_prepared_m1_4.mol2


--------------------------------------------------------------------------------
--- GoldScore breakdown of terms                                             ---
--------------------------------------------------------------------------------
Fitness = S(hb_ext) + 1.3750*S(vdw_ext) + S(hb_int) + 1.0000*S(int)
S(int)  = S(vdw_int) + S(tors)

Internal terms are relative to best energy found (intcor).

--------------------------------------------------------------------------------


     Fitness  S(hb_ext) S(vdw_ext)  S(hb_int)    S(int)      intcor
     35.47       0.00      26.85       0.00      -1.45      -0.77

--------------------------------------------------------------------------------
--- GoldScore analysis of protein-ligand interactions                        ---
--------------------------------------------------------------------------------


--------------------------------------------------------------------------------

--------------------------------------------------------------------------------
--- Rescoring solution                                                       ---
--------------------------------------------------------------------------------

     Score     S(PLP)   S(hbond)     S(cho)   S(metal)  DE(clash)   DE(tors)
     17.74     -19.42       0.00       0.00       0.00       0.90       0.39

Doing AMOEBA simplex on best individual
Done simplexing #iterations 769, best score  29.23

     Score     S(PLP)   S(hbond)     S(cho)   S(metal)  DE(clash)   DE(tors)
     29.23     -31.91       0.00       0.00       0.00       1.44       0.62

--------------------------------------------------------------------------------
--- CHEMPLP breakdown of terms                                               ---
--------------------------------------------------------------------------------
CHEMPLP = - ( 1.0000*S(PLP) + -3.0000*S(hbond) + -6.0000*S(metal) + -3.0000*S(cho) )

Score = CHEMPLP - 1.0000*DE(clash) - 2.0000*DE(tors)


--------------------------------------------------------------------------------


--------------------------------------------------------------------------------
--- PLP analysis of protein-ligand interactions                              ---
--------------------------------------------------------------------------------
hydrogen bonding        :       0.00
metal                   :       0.00
buried (polar-nonpolar) :      14.29
nonpolar                :     -48.58
repulsive               :       0.53
--------------------------------------------------------------------------------


--------------------------------------------------------------------------------
--- ChemScore analysis of protein-ligand interactions                        ---
--------------------------------------------------------------------------------

* Hydrogen bonds                                                                


* CH..O interactions                                                            
  CH group selection                       : activated ring CH (adjacent to hetatom)

--------------------------------------------------------------------------------


--------------------------------------------------------------------------------
--- Intra-ligand clashes                                                     ---
--------------------------------------------------------------------------------

Ligand
  7 (C7   ) -   4 (C4   ):   1.44 (dist   2.71)
--------------------------------------------------------------------------------


--------------------------------------------------------------------------------
--- Chromosome decoded                                                       ---
--------------------------------------------------------------------------------
Ligand Torsions
[   6    2    1    3]   73.32
[  12    5    1    2] -174.98
Protein Torsions
[4013 4008 4007 4004] -179.40 
[4024 4019 4018 4015]  -41.53 
[4700 4695 4694 4691]  105.96 
[3252 3246 3244 3241] -128.70 
Mapping
Ligand acceptors to protein hydrogens (mapping then atom ids)
Ligand hydrogens to protein acceptors (mapping then atom ids)
Ligand shape atoms to protein points (mapping then atom ids & coords)
  1  3231 [  5->( 90.500  91.250   9.750)]
  2  3960 [  6->( 91.000  90.250  11.750)]
  3  4403 [  7->( 91.500  89.750  11.750)]
  5  4785 [ 13->( 92.750  90.250  13.000)]
  6  3733 [ 14->( 91.000  87.500  13.250)]
  7  4630 [ 16->( 92.250  89.250  14.750)]
Chromosome values
Integers:
  -1   -1   -1   -1   -1 3230 3959 4402   -1 4784 3732 4629 
--------------------------------------------------------------------------------


--------------------------------------------------------------------------------
--- Diverse Solutions Stats                                                  ---
--------------------------------------------------------------------------------
  Move attempts                            :  15237
  Move failures                            :     45
  Failure rate                             :   0.003

--------------------------------------------------------------------------------

Current Ranking  1  2  3  4

--------------------------------------------------------------------------------

* GA execution time :                                                           
  total  0.8636 user  0.7835 sys  0.0800

--------------------------------------------------------------------------------
Fitness function evaluations: 15511

--------------------------------------------------------------------------------
** Docking run number  5 **
--------------------------------------------------------------------------------
  Rank fitness base is 5000.00 ; increment is 11.2233

* Initialising population(s) ...                                                
Number of constraints mappings 0
Number of constraints 0
  Population no.                           :      1
  Population size                          :    100
  Number of duplicates                     :      0
  Number of niche violations               :      0
  Number of errors                         :    324


Doing GA, no. of population(s) 1 size 100 selection pressure 1.100000

 Operation      Fitness  S(hb_ext) S(vdw_ext)  S(hb_int)    S(int)      intcor
         0      42.62       2.03      30.25       0.00      -5.01      -0.77
Reordering...
        60      41.35       0.46      31.80       0.00     -13.29      -0.77
       221      40.43       2.96      27.32       0.00      -0.32      -0.77
       223      41.39       2.99      27.99       0.00      -0.32      -0.77
       286      42.04       0.00      30.81       0.00      -1.20      -0.77
       349      41.55       0.00      30.47       0.00      -1.20      -0.77
       653      39.01       0.00      28.72       0.00      -1.20      -0.77
       962      34.96       0.00      26.43       0.00      -2.48      -0.77
      1117      35.28       0.00      26.83       0.00      -2.48      -0.77
Reordering...
      1500      31.83       0.00      24.96       0.00      -2.48      -0.77
      1643      32.44       0.08      24.59       0.00      -1.46      -0.77
--------------------------------------------------------------------------------
Best docking solution after GA:
      2000      32.44       0.08      24.59       0.00      -1.46      -0.77

#ops:       2000 #mutates:    990 #cross:     1010 #dups:       403 
#niche:      991 #errors:      82 
--------------------------------------------------------------------------------

Doing AMOEBA simplex on best individual
Done simplexing #iterations 673, best score  38.92

Ligand is stored in gold_soln_ligand_prepared_m1_5.mol2


--------------------------------------------------------------------------------
--- GoldScore breakdown of terms                                             ---
--------------------------------------------------------------------------------
Fitness = S(hb_ext) + 1.3750*S(vdw_ext) + S(hb_int) + 1.0000*S(int)
S(int)  = S(vdw_int) + S(tors)

Internal terms are relative to best energy found (intcor).

--------------------------------------------------------------------------------


     Fitness  S(hb_ext) S(vdw_ext)  S(hb_int)    S(int)      intcor
     38.92       0.15      29.16       0.00      -1.33      -0.77

--------------------------------------------------------------------------------
--- GoldScore analysis of protein-ligand interactions                        ---
--------------------------------------------------------------------------------

  Ligand acceptor    9 Protein hydrogen 4700 donor 4695 bond energy  2.00 wt 0.08

--------------------------------------------------------------------------------

--------------------------------------------------------------------------------
--- Rescoring solution                                                       ---
--------------------------------------------------------------------------------

     Score     S(PLP)   S(hbond)     S(cho)   S(metal)  DE(clash)   DE(tors)
     11.03     -13.63       0.00       0.00       0.00       0.57       1.01

Doing AMOEBA simplex on best individual
Done simplexing #iterations 887, best score  27.71

     Score     S(PLP)   S(hbond)     S(cho)   S(metal)  DE(clash)   DE(tors)
     27.71     -30.69       0.07       0.00       0.00       0.69       1.25

--------------------------------------------------------------------------------
--- CHEMPLP breakdown of terms                                               ---
--------------------------------------------------------------------------------
CHEMPLP = - ( 1.0000*S(PLP) + -3.0000*S(hbond) + -6.0000*S(metal) + -3.0000*S(cho) )

Score = CHEMPLP - 1.0000*DE(clash) - 2.0000*DE(tors)


--------------------------------------------------------------------------------


--------------------------------------------------------------------------------
--- PLP analysis of protein-ligand interactions                              ---
--------------------------------------------------------------------------------
hydrogen bonding        :      -0.49
metal                   :       0.00
buried (polar-nonpolar) :      14.22
nonpolar                :     -44.46
repulsive               :       0.90
--------------------------------------------------------------------------------


--------------------------------------------------------------------------------
--- ChemScore analysis of protein-ligand interactions                        ---
--------------------------------------------------------------------------------

* Hydrogen bonds                                                                
Ligand donor   10 hydrogen   23 Protein acceptor 3965 bond energy  1.00 wt 0.07


* CH..O interactions                                                            
  CH group selection                       : activated ring CH (adjacent to hetatom)

--------------------------------------------------------------------------------


--------------------------------------------------------------------------------
--- Intra-ligand clashes                                                     ---
--------------------------------------------------------------------------------

Ligand
  6 (C6   ) -   4 (C4   ):   0.69 (dist   2.73)
--------------------------------------------------------------------------------


--------------------------------------------------------------------------------
--- Chromosome decoded                                                       ---
--------------------------------------------------------------------------------
Ligand Torsions
[   6    2    1    3]  -97.75
[  12    5    1    2] -162.70
Protein Torsions
[4013 4008 4007 4004]  155.46 
[4024 4019 4018 4015]   67.56 
[4700 4695 4694 4691] -127.28 
[3252 3246 3244 3241]   68.54 
Mapping
Ligand acceptors to protein hydrogens (mapping then atom ids)
Ligand hydrogens to protein acceptors (mapping then atom ids)
Ligand shape atoms to protein points (mapping then atom ids & coords)
  1  2674 [  5->( 90.250  87.750   9.750)]
  3  3292 [  7->( 90.750  87.000  11.000)]
  4  4077 [ 12->( 91.250  88.000   8.000)]
  5  4664 [ 13->( 92.250  90.000  13.750)]
  7  3807 [ 16->( 91.000  88.500  13.000)]
Chromosome values
Integers:
  -1   -1   -1   -1   -1 2673   -1 3291 4076 4663   -1 3806 
--------------------------------------------------------------------------------


--------------------------------------------------------------------------------
--- Diverse Solutions Stats                                                  ---
--------------------------------------------------------------------------------
  Move attempts                            :  15702
  Move failures                            :    117
  Failure rate                             :   0.007

--------------------------------------------------------------------------------

Current Ranking  1  2  5  3  4

--------------------------------------------------------------------------------

* GA execution time :                                                           
  total  0.9190 user  0.8430 sys  0.0760

--------------------------------------------------------------------------------
Fitness function evaluations: 15993

--------------------------------------------------------------------------------
** Docking run number  6 **
--------------------------------------------------------------------------------
  Rank fitness base is 5000.00 ; increment is 11.2233

* Initialising population(s) ...                                                
Number of constraints mappings 0
Number of constraints 0
  Population no.                           :      1
  Population size                          :    100
  Number of duplicates                     :      0
  Number of niche violations               :      0
  Number of errors                         :    321


Doing GA, no. of population(s) 1 size 100 selection pressure 1.100000

 Operation      Fitness  S(hb_ext) S(vdw_ext)  S(hb_int)    S(int)      intcor
         0      41.48       2.00      28.81       0.00      -0.66      -0.77
Reordering...
       360      29.72       0.25      25.09       0.00     -17.12      -0.77
Reordering...
       400      29.52       2.00      20.16       0.00      -0.66      -0.77
       413      30.34       0.00      22.77       0.00      -3.13      -0.77
       415      30.45       0.04      23.34       0.00      -5.49      -0.77
       455      32.88       2.35      26.39       0.00     -17.93      -0.77
       470      35.36       1.81      25.92       0.00      -6.40      -0.77
       781      24.91       0.38      19.98       0.00      -6.40      -0.77
       831      26.33       1.66      20.50       0.00      -7.28      -0.77
Reordering...
      1020      17.07       0.00      24.12       0.00     -26.95      -0.77
      1054      19.59       1.81      13.23       0.00      -0.66      -0.77
      1066      20.06       0.25      17.71       0.00      -7.28      -0.77
      1168      17.73       0.15      16.47       0.00      -7.28      -0.77
      1359      21.11       1.46      14.70       0.00      -0.66      -0.77
      1785      19.26       1.46      14.20       0.00      -1.73      -0.77
--------------------------------------------------------------------------------
Best docking solution after GA:
      2000      19.26       1.46      14.20       0.00      -1.73      -0.77

#ops:       2000 #mutates:   1019 #cross:      981 #dups:       381 
#niche:      942 #errors:      65 
--------------------------------------------------------------------------------

Doing AMOEBA simplex on best individual
Done simplexing #iterations 671, best score  35.27

Ligand is stored in gold_soln_ligand_prepared_m1_6.mol2


--------------------------------------------------------------------------------
--- GoldScore breakdown of terms                                             ---
--------------------------------------------------------------------------------
Fitness = S(hb_ext) + 1.3750*S(vdw_ext) + S(hb_int) + 1.0000*S(int)
S(int)  = S(vdw_int) + S(tors)

Internal terms are relative to best energy found (intcor).

--------------------------------------------------------------------------------


     Fitness  S(hb_ext) S(vdw_ext)  S(hb_int)    S(int)      intcor
     35.27       1.23      24.83       0.00      -0.10      -0.77

--------------------------------------------------------------------------------
--- GoldScore analysis of protein-ligand interactions                        ---
--------------------------------------------------------------------------------

  Ligand donor   10 hydrogen   23 Protein acceptor 3905 bond energy  2.00 wt 0.62

--------------------------------------------------------------------------------

--------------------------------------------------------------------------------
--- Rescoring solution                                                       ---
--------------------------------------------------------------------------------

     Score     S(PLP)   S(hbond)     S(cho)   S(metal)  DE(clash)   DE(tors)
      7.11      -5.56       0.57       0.00       0.00       0.00       0.08

Doing AMOEBA simplex on best individual
Done simplexing #iterations 765, best score  28.45

     Score     S(PLP)   S(hbond)     S(cho)   S(metal)  DE(clash)   DE(tors)
     28.45     -29.78       0.00       0.00       0.00       0.00       0.67

--------------------------------------------------------------------------------
--- CHEMPLP breakdown of terms                                               ---
--------------------------------------------------------------------------------
CHEMPLP = - ( 1.0000*S(PLP) + -3.0000*S(hbond) + -6.0000*S(metal) + -3.0000*S(cho) )

Score = CHEMPLP - 1.0000*DE(clash) - 2.0000*DE(tors)


--------------------------------------------------------------------------------


--------------------------------------------------------------------------------
--- PLP analysis of protein-ligand interactions                              ---
--------------------------------------------------------------------------------
hydrogen bonding        :      -0.06
metal                   :       0.00
buried (polar-nonpolar) :      19.58
nonpolar                :     -50.73
repulsive               :       1.59
--------------------------------------------------------------------------------


--------------------------------------------------------------------------------
--- ChemScore analysis of protein-ligand interactions                        ---
--------------------------------------------------------------------------------

* Hydrogen bonds                                                                


* CH..O interactions                                                            
  CH group selection                       : activated ring CH (adjacent to hetatom)

--------------------------------------------------------------------------------


--------------------------------------------------------------------------------
--- Intra-ligand clashes                                                     ---
--------------------------------------------------------------------------------

Ligand
--------------------------------------------------------------------------------


--------------------------------------------------------------------------------
--- Chromosome decoded                                                       ---
--------------------------------------------------------------------------------
Ligand Torsions
[   6    2    1    3]  -63.90
[  12    5    1    2]  179.84
Protein Torsions
[4013 4008 4007 4004]  162.35 
[4024 4019 4018 4015] -141.80 
[4700 4695 4694 4691]  -31.87 
[3252 3246 3244 3241]  -45.83 
Mapping
Ligand acceptors to protein hydrogens (mapping then atom ids)
Ligand hydrogens to protein acceptors (mapping then atom ids)
  2   7 [ 23->3905]
Ligand shape atoms to protein points (mapping then atom ids & coords)
  4  4113 [ 12->( 91.250  88.500  12.500)]
  7   925 [ 16->( 87.750  94.500   9.500)]
Chromosome values
Integers:
  -1   -1   -1   -1    6   -1   -1   -1 4112   -1   -1  924 
--------------------------------------------------------------------------------


--------------------------------------------------------------------------------
--- Diverse Solutions Stats                                                  ---
--------------------------------------------------------------------------------
  Move attempts                            :  15505
  Move failures                            :    113
  Failure rate                             :   0.007

--------------------------------------------------------------------------------

Current Ranking  1  2  5  3  4  6

--------------------------------------------------------------------------------

* GA execution time :                                                           
  total  0.9307 user  0.9051 sys  0.0256

--------------------------------------------------------------------------------
Fitness function evaluations: 15779

--------------------------------------------------------------------------------
** Docking run number  7 **
--------------------------------------------------------------------------------
  Rank fitness base is 5000.00 ; increment is 11.2233

* Initialising population(s) ...                                                
Number of constraints mappings 0
Number of constraints 0
  Population no.                           :      1
  Population size                          :    100
  Number of duplicates                     :      0
  Number of niche violations               :      0
  Number of errors                         :    357


Doing GA, no. of population(s) 1 size 100 selection pressure 1.100000

 Operation      Fitness  S(hb_ext) S(vdw_ext)  S(hb_int)    S(int)      intcor
         0      40.99       1.76      31.01       0.00     -17.01      -0.77
        54      41.01       0.00      31.71       0.00     -12.44      -0.77
       390      36.14       0.00      26.47       0.00      -0.83      -0.77
       483      34.67       1.58      24.45       0.00      -1.59      -0.77
       635      35.37       1.40      25.17       0.00      -1.66      -0.77
Reordering...
      1260      19.44       0.00      14.60       0.00      -0.83      -0.77
Reordering...
      1380      17.01       0.94      12.75       0.00      -1.66      -0.77
      1626      27.66       0.28      19.93       0.00      -0.03      -0.77
      1999      27.66       0.28      19.93       0.00      -0.03      -0.77
--------------------------------------------------------------------------------
Best docking solution after GA:
      2000      27.66       0.28      19.93       0.00      -0.03      -0.77

#ops:       2000 #mutates:   1016 #cross:      984 #dups:       366 
#niche:     1014 #errors:      56 
--------------------------------------------------------------------------------

Doing AMOEBA simplex on best individual
Done simplexing #iterations 703, best score  34.39

Ligand is stored in gold_soln_ligand_prepared_m1_7.mol2


--------------------------------------------------------------------------------
--- GoldScore breakdown of terms                                             ---
--------------------------------------------------------------------------------
Fitness = S(hb_ext) + 1.3750*S(vdw_ext) + S(hb_int) + 1.0000*S(int)
S(int)  = S(vdw_int) + S(tors)

Internal terms are relative to best energy found (intcor).

--------------------------------------------------------------------------------


     Fitness  S(hb_ext) S(vdw_ext)  S(hb_int)    S(int)      intcor
     34.39       0.00      25.05       0.00      -0.05      -0.77

--------------------------------------------------------------------------------
--- GoldScore analysis of protein-ligand interactions                        ---
--------------------------------------------------------------------------------


--------------------------------------------------------------------------------

--------------------------------------------------------------------------------
--- Rescoring solution                                                       ---
--------------------------------------------------------------------------------

     Score     S(PLP)   S(hbond)     S(cho)   S(metal)  DE(clash)   DE(tors)
     12.23     -11.95       0.12       0.00       0.00       0.00       0.04

Doing AMOEBA simplex on best individual
Done simplexing #iterations 705, best score  28.31

     Score     S(PLP)   S(hbond)     S(cho)   S(metal)  DE(clash)   DE(tors)
     28.31     -29.60       0.00       0.00       0.00       0.00       0.65

--------------------------------------------------------------------------------
--- CHEMPLP breakdown of terms                                               ---
--------------------------------------------------------------------------------
CHEMPLP = - ( 1.0000*S(PLP) + -3.0000*S(hbond) + -6.0000*S(metal) + -3.0000*S(cho) )

Score = CHEMPLP - 1.0000*DE(clash) - 2.0000*DE(tors)


--------------------------------------------------------------------------------


--------------------------------------------------------------------------------
--- PLP analysis of protein-ligand interactions                              ---
--------------------------------------------------------------------------------
hydrogen bonding        :       0.00
metal                   :       0.00
buried (polar-nonpolar) :      20.65
nonpolar                :     -50.94
repulsive               :       1.26
--------------------------------------------------------------------------------


--------------------------------------------------------------------------------
--- ChemScore analysis of protein-ligand interactions                        ---
--------------------------------------------------------------------------------

* Hydrogen bonds                                                                


* CH..O interactions                                                            
  CH group selection                       : activated ring CH (adjacent to hetatom)

--------------------------------------------------------------------------------


--------------------------------------------------------------------------------
--- Intra-ligand clashes                                                     ---
--------------------------------------------------------------------------------

Ligand
--------------------------------------------------------------------------------


--------------------------------------------------------------------------------
--- Chromosome decoded                                                       ---
--------------------------------------------------------------------------------
Ligand Torsions
[   6    2    1    3]  -63.68
[  12    5    1    2] -179.56
Protein Torsions
[4013 4008 4007 4004]  -42.67 
[4024 4019 4018 4015]   15.71 
[4700 4695 4694 4691]  179.21 
[3252 3246 3244 3241]  -74.65 
Mapping
Ligand acceptors to protein hydrogens (mapping then atom ids)
Ligand hydrogens to protein acceptors (mapping then atom ids)
Ligand shape atoms to protein points (mapping then atom ids & coords)
  1  2830 [  5->( 90.250  90.750  11.500)]
  3  2349 [  7->( 89.750  92.000   8.500)]
  5  2193 [ 13->( 89.500  93.000   9.000)]
  6  2025 [ 14->( 89.250  93.500  10.250)]
  7  1806 [ 16->( 89.000  93.500   9.250)]
Chromosome values
Integers:
  -1   -1   -1   -1   -1 2829   -1 2348   -1 2192 2024 1805 
--------------------------------------------------------------------------------


--------------------------------------------------------------------------------
--- Diverse Solutions Stats                                                  ---
--------------------------------------------------------------------------------
  Move attempts                            :  15488
  Move failures                            :     80
  Failure rate                             :   0.005

--------------------------------------------------------------------------------

Current Ranking  1  2  5  3  4  6  7

--------------------------------------------------------------------------------

* GA execution time :                                                           
  total  0.8867 user  0.8556 sys  0.0311

--------------------------------------------------------------------------------
Fitness function evaluations: 15822

--------------------------------------------------------------------------------
** Docking run number  8 **
--------------------------------------------------------------------------------
  Rank fitness base is 5000.00 ; increment is 11.2233

* Initialising population(s) ...                                                
Number of constraints mappings 0
Number of constraints 0
  Population no.                           :      1
  Population size                          :    100
  Number of duplicates                     :      0
  Number of niche violations               :      0
  Number of errors                         :    396


Doing GA, no. of population(s) 1 size 100 selection pressure 1.100000

 Operation      Fitness  S(hb_ext) S(vdw_ext)  S(hb_int)    S(int)      intcor
         0      40.73       0.32      29.49       0.00      -0.71      -0.77
       598      25.52       0.22      18.54       0.00      -0.53      -0.77
       699      20.73       0.14      15.13       0.00      -0.53      -0.77
Reordering...
       720      18.40       1.04      17.12       0.00     -14.28      -0.77
       851      14.65       0.99      15.02       0.00     -14.20      -0.77
      1088      11.30       0.13       8.52       0.00      -0.85      -0.77
      1357       5.05       1.05       3.37       0.00      -0.76      -0.77
      1875      -3.22       0.66       7.98       0.00     -14.85      -0.77
      1914      32.65       0.81      23.71       0.00      -0.76      -0.77
--------------------------------------------------------------------------------
Best docking solution after GA:
      2000      32.65       0.81      23.71       0.00      -0.76      -0.77

#ops:       2000 #mutates:    993 #cross:     1007 #dups:       311 
#niche:     1012 #errors:     117 
--------------------------------------------------------------------------------

Doing AMOEBA simplex on best individual
Done simplexing #iterations 706, best score  46.85

Ligand is stored in gold_soln_ligand_prepared_m1_8.mol2


--------------------------------------------------------------------------------
--- GoldScore breakdown of terms                                             ---
--------------------------------------------------------------------------------
Fitness = S(hb_ext) + 1.3750*S(vdw_ext) + S(hb_int) + 1.0000*S(int)
S(int)  = S(vdw_int) + S(tors)

Internal terms are relative to best energy found (intcor).

--------------------------------------------------------------------------------


     Fitness  S(hb_ext) S(vdw_ext)  S(hb_int)    S(int)      intcor
     46.85       0.00      34.56       0.00      -0.67      -0.77

--------------------------------------------------------------------------------
--- GoldScore analysis of protein-ligand interactions                        ---
--------------------------------------------------------------------------------


--------------------------------------------------------------------------------

--------------------------------------------------------------------------------
--- Rescoring solution                                                       ---
--------------------------------------------------------------------------------

     Score     S(PLP)   S(hbond)     S(cho)   S(metal)  DE(clash)   DE(tors)
     13.42     -14.25       0.00       0.00       0.00       0.00       0.42

Doing AMOEBA simplex on best individual
Done simplexing #iterations 679, best score  29.46

     Score     S(PLP)   S(hbond)     S(cho)   S(metal)  DE(clash)   DE(tors)
     29.46     -31.39       0.00       0.00       0.00       0.00       0.97

--------------------------------------------------------------------------------
--- CHEMPLP breakdown of terms                                               ---
--------------------------------------------------------------------------------
CHEMPLP = - ( 1.0000*S(PLP) + -3.0000*S(hbond) + -6.0000*S(metal) + -3.0000*S(cho) )

Score = CHEMPLP - 1.0000*DE(clash) - 2.0000*DE(tors)


--------------------------------------------------------------------------------


--------------------------------------------------------------------------------
--- PLP analysis of protein-ligand interactions                              ---
--------------------------------------------------------------------------------
hydrogen bonding        :       0.00
metal                   :       0.00
buried (polar-nonpolar) :      14.11
nonpolar                :     -47.08
repulsive               :       2.15
--------------------------------------------------------------------------------


--------------------------------------------------------------------------------
--- ChemScore analysis of protein-ligand interactions                        ---
--------------------------------------------------------------------------------

* Hydrogen bonds                                                                


* CH..O interactions                                                            
  CH group selection                       : activated ring CH (adjacent to hetatom)

--------------------------------------------------------------------------------


--------------------------------------------------------------------------------
--- Intra-ligand clashes                                                     ---
--------------------------------------------------------------------------------

Ligand
--------------------------------------------------------------------------------


--------------------------------------------------------------------------------
--- Chromosome decoded                                                       ---
--------------------------------------------------------------------------------
Ligand Torsions
[   6    2    1    3]  140.74
[  12    5    1    2]  167.18
Protein Torsions
[4013 4008 4007 4004]  119.94 
[4024 4019 4018 4015]    1.01 
[4700 4695 4694 4691] -126.57 
[3252 3246 3244 3241]  171.59 
Mapping
Ligand acceptors to protein hydrogens (mapping then atom ids)
Ligand hydrogens to protein acceptors (mapping then atom ids)
  1   3 [ 22->3036]
Ligand shape atoms to protein points (mapping then atom ids & coords)
  1  4412 [  5->( 91.500  90.000   8.500)]
  3  4045 [  7->( 91.250  87.500   7.250)]
  4  1588 [ 12->( 88.750  93.500  10.000)]
  7  3700 [ 16->( 91.000  87.250   6.750)]
Chromosome values
Integers:
  -1   -1   -1    2   -1 4411   -1 4044 1587   -1   -1 3699 
--------------------------------------------------------------------------------


--------------------------------------------------------------------------------
--- Diverse Solutions Stats                                                  ---
--------------------------------------------------------------------------------
  Move attempts                            :  15488
  Move failures                            :    200
  Failure rate                             :   0.013

--------------------------------------------------------------------------------

Current Ranking  1  8  2  5  3  4  6  7

--------------------------------------------------------------------------------

* GA execution time :                                                           
  total  0.9629 user  0.8743 sys  0.0887

--------------------------------------------------------------------------------
Fitness function evaluations: 15801

--------------------------------------------------------------------------------
** Docking run number  9 **
--------------------------------------------------------------------------------
  Rank fitness base is 5000.00 ; increment is 11.2233

* Initialising population(s) ...                                                
Number of constraints mappings 0
Number of constraints 0
  Population no.                           :      1
  Population size                          :    100
  Number of duplicates                     :      0
  Number of niche violations               :      0
  Number of errors                         :    339


Doing GA, no. of population(s) 1 size 100 selection pressure 1.100000

 Operation      Fitness  S(hb_ext) S(vdw_ext)  S(hb_int)    S(int)      intcor
         0      38.18       0.02      28.16       0.00      -2.80      -0.77
        57      43.64       0.23      31.94       0.00      -2.45      -0.77
       275      39.16       2.72      28.68       0.00     -11.36      -0.77
Reordering...
       400      35.95       0.14      26.59       0.00      -2.45      -0.77
       530      33.53       0.00      25.20       0.00      -3.22      -0.77
       564      32.37       0.34      24.15       0.00      -3.22      -0.77
      1031      18.29       0.00      17.28       0.00      -9.16      -0.77
      1454       6.31       0.00      10.83       0.00      -9.16      -0.77
      1509       5.22       0.00      10.46       0.00      -9.16      -0.77
      1643       5.22       0.00      10.46       0.00      -9.16      -0.77
      1754       9.41       0.12      13.42       0.00      -9.16      -0.77
      1893      14.39       0.05      11.07       0.00      -0.87      -0.77
--------------------------------------------------------------------------------
Best docking solution after GA:
      2000      14.39       0.05      11.07       0.00      -0.87      -0.77

#ops:       2000 #mutates:   1019 #cross:      981 #dups:       348 
#niche:      997 #errors:     111 
--------------------------------------------------------------------------------

Doing AMOEBA simplex on best individual
Done simplexing #iterations 768, best score  40.58

Ligand is stored in gold_soln_ligand_prepared_m1_9.mol2


--------------------------------------------------------------------------------
--- GoldScore breakdown of terms                                             ---
--------------------------------------------------------------------------------
Fitness = S(hb_ext) + 1.3750*S(vdw_ext) + S(hb_int) + 1.0000*S(int)
S(int)  = S(vdw_int) + S(tors)

Internal terms are relative to best energy found (intcor).

--------------------------------------------------------------------------------


     Fitness  S(hb_ext) S(vdw_ext)  S(hb_int)    S(int)      intcor
     40.58       0.00      30.17       0.00      -0.90      -0.77

--------------------------------------------------------------------------------
--- GoldScore analysis of protein-ligand interactions                        ---
--------------------------------------------------------------------------------


--------------------------------------------------------------------------------

--------------------------------------------------------------------------------
--- Rescoring solution                                                       ---
--------------------------------------------------------------------------------

     Score     S(PLP)   S(hbond)     S(cho)   S(metal)  DE(clash)   DE(tors)
     -2.75       0.56       0.00       0.00       0.00       0.00       1.09

Doing AMOEBA simplex on best individual
Done simplexing #iterations 1178, best score  27.59

     Score     S(PLP)   S(hbond)     S(cho)   S(metal)  DE(clash)   DE(tors)
     27.59     -30.89       0.00       0.00       0.00       1.78       0.76

--------------------------------------------------------------------------------
--- CHEMPLP breakdown of terms                                               ---
--------------------------------------------------------------------------------
CHEMPLP = - ( 1.0000*S(PLP) + -3.0000*S(hbond) + -6.0000*S(metal) + -3.0000*S(cho) )

Score = CHEMPLP - 1.0000*DE(clash) - 2.0000*DE(tors)


--------------------------------------------------------------------------------


--------------------------------------------------------------------------------
--- PLP analysis of protein-ligand interactions                              ---
--------------------------------------------------------------------------------
hydrogen bonding        :       0.00
metal                   :       0.00
buried (polar-nonpolar) :      14.79
nonpolar                :     -45.28
repulsive               :       0.66
--------------------------------------------------------------------------------


--------------------------------------------------------------------------------
--- ChemScore analysis of protein-ligand interactions                        ---
--------------------------------------------------------------------------------

* Hydrogen bonds                                                                


* CH..O interactions                                                            
  CH group selection                       : activated ring CH (adjacent to hetatom)

--------------------------------------------------------------------------------


--------------------------------------------------------------------------------
--- Intra-ligand clashes                                                     ---
--------------------------------------------------------------------------------

Ligand
  6 (C6   ) -   4 (C4   ):   1.78 (dist   2.70)
--------------------------------------------------------------------------------


--------------------------------------------------------------------------------
--- Chromosome decoded                                                       ---
--------------------------------------------------------------------------------
Ligand Torsions
[   6    2    1    3]  -91.28
[  12    5    1    2] -162.31
Protein Torsions
[4013 4008 4007 4004]   88.02 
[4024 4019 4018 4015]    7.30 
[4700 4695 4694 4691]   13.99 
[3252 3246 3244 3241] -116.33 
Mapping
Ligand acceptors to protein hydrogens (mapping then atom ids)
Ligand hydrogens to protein acceptors (mapping then atom ids)
Ligand shape atoms to protein points (mapping then atom ids & coords)
  1  2960 [  5->( 90.500  87.500   8.000)]
  5  4596 [ 13->( 92.000  90.000  12.500)]
  7  4104 [ 16->( 91.250  88.250  14.000)]
Chromosome values
Integers:
  -1   -1   -1   -1   -1 2959   -1   -1   -1 4595   -1 4103 
--------------------------------------------------------------------------------


--------------------------------------------------------------------------------
--- Diverse Solutions Stats                                                  ---
--------------------------------------------------------------------------------
  Move attempts                            :  16221
  Move failures                            :    144
  Failure rate                             :   0.009

--------------------------------------------------------------------------------

Current Ranking  1  8  2  9  5  3  4  6  7

--------------------------------------------------------------------------------

* GA execution time :                                                           
  total  0.9454 user  0.8871 sys  0.0582

--------------------------------------------------------------------------------
Fitness function evaluations: 16527

--------------------------------------------------------------------------------
** Docking run number 10 **
--------------------------------------------------------------------------------
  Rank fitness base is 5000.00 ; increment is 11.2233

* Initialising population(s) ...                                                
Number of constraints mappings 0
Number of constraints 0
  Population no.                           :      1
  Population size                          :    100
  Number of duplicates                     :      0
  Number of niche violations               :      0
  Number of errors                         :    376


Doing GA, no. of population(s) 1 size 100 selection pressure 1.100000

 Operation      Fitness  S(hb_ext) S(vdw_ext)  S(hb_int)    S(int)      intcor
         0      39.18       2.08      27.16       0.00      -1.21      -0.77
Reordering...
       300      30.14       0.35      21.91       0.00      -1.25      -0.77
       304      31.10       1.27      24.35       0.00     -13.24      -0.77
       387      29.79       0.00      22.55       0.00      -4.04      -0.77
      1140       9.32       0.00       8.78       0.00      -4.04      -0.77
      1205      10.84       0.00       9.96       0.00      -3.94      -0.77
      1637       4.79       0.00       4.15       0.00      -0.91      -0.77
      1822       4.94       0.00       4.26       0.00      -0.91      -0.77
      1881       9.12       0.00       7.29       0.00      -0.91      -0.77
--------------------------------------------------------------------------------
Best docking solution after GA:
      2000       9.12       0.00       7.29       0.00      -0.91      -0.77

#ops:       2000 #mutates:   1005 #cross:      995 #dups:       340 
#niche:      994 #errors:     111 
--------------------------------------------------------------------------------

Doing AMOEBA simplex on best individual
Done simplexing #iterations 846, best score  45.95

Ligand is stored in gold_soln_ligand_prepared_m1_10.mol2


--------------------------------------------------------------------------------
--- GoldScore breakdown of terms                                             ---
--------------------------------------------------------------------------------
Fitness = S(hb_ext) + 1.3750*S(vdw_ext) + S(hb_int) + 1.0000*S(int)
S(int)  = S(vdw_int) + S(tors)

Internal terms are relative to best energy found (intcor).

--------------------------------------------------------------------------------


     Fitness  S(hb_ext) S(vdw_ext)  S(hb_int)    S(int)      intcor
     45.95       0.00      33.80       0.00      -0.52      -0.77

--------------------------------------------------------------------------------
--- GoldScore analysis of protein-ligand interactions                        ---
--------------------------------------------------------------------------------


--------------------------------------------------------------------------------

--------------------------------------------------------------------------------
--- Rescoring solution                                                       ---
--------------------------------------------------------------------------------

     Score     S(PLP)   S(hbond)     S(cho)   S(metal)  DE(clash)   DE(tors)
     10.07     -12.37       0.00       0.00       0.00       0.00       1.15

Doing AMOEBA simplex on best individual
Done simplexing #iterations 784, best score  29.55

     Score     S(PLP)   S(hbond)     S(cho)   S(metal)  DE(clash)   DE(tors)
     29.55     -32.40       0.00       0.00       0.00       0.00       1.42

--------------------------------------------------------------------------------
--- CHEMPLP breakdown of terms                                               ---
--------------------------------------------------------------------------------
CHEMPLP = - ( 1.0000*S(PLP) + -3.0000*S(hbond) + -6.0000*S(metal) + -3.0000*S(cho) )

Score = CHEMPLP - 1.0000*DE(clash) - 2.0000*DE(tors)


--------------------------------------------------------------------------------


--------------------------------------------------------------------------------
--- PLP analysis of protein-ligand interactions                              ---
--------------------------------------------------------------------------------
hydrogen bonding        :       0.00
metal                   :       0.00
buried (polar-nonpolar) :      14.13
nonpolar                :     -48.90
repulsive               :       2.53
--------------------------------------------------------------------------------


--------------------------------------------------------------------------------
--- ChemScore analysis of protein-ligand interactions                        ---
--------------------------------------------------------------------------------

* Hydrogen bonds                                                                


* CH..O interactions                                                            
  CH group selection                       : activated ring CH (adjacent to hetatom)

--------------------------------------------------------------------------------


--------------------------------------------------------------------------------
--- Intra-ligand clashes                                                     ---
--------------------------------------------------------------------------------

Ligand
--------------------------------------------------------------------------------


--------------------------------------------------------------------------------
--- Chromosome decoded                                                       ---
--------------------------------------------------------------------------------
Ligand Torsions
[   6    2    1    3]  -31.40
[  12    5    1    2]  168.55
Protein Torsions
[4013 4008 4007 4004]  -61.19 
[4024 4019 4018 4015]  132.93 
[4700 4695 4694 4691]   98.58 
[3252 3246 3244 3241] -172.04 
Mapping
Ligand acceptors to protein hydrogens (mapping then atom ids)
Ligand hydrogens to protein acceptors (mapping then atom ids)
Ligand shape atoms to protein points (mapping then atom ids & coords)
  1  2595 [  5->( 90.000  91.750  10.250)]
  3  4092 [  7->( 91.250  88.250   7.750)]
  7  2905 [ 16->( 90.500  86.500   8.250)]
Chromosome values
Integers:
  -1   -1   -1   -1   -1 2594   -1 4091   -1   -1   -1 2904 
--------------------------------------------------------------------------------


--------------------------------------------------------------------------------
--- Diverse Solutions Stats                                                  ---
--------------------------------------------------------------------------------
  Move attempts                            :  15833
  Move failures                            :    184
  Failure rate                             :   0.012

--------------------------------------------------------------------------------

Current Ranking  1  8 10  2  9  5  3  4  6  7

--------------------------------------------------------------------------------

* GA execution time :                                                           
  total  1.0014 user  0.9277 sys  0.0737

--------------------------------------------------------------------------------
Fitness function evaluations: 16136

--------------------------------------------------------------------------------
--- Ranking analysis                                                         ---
--------------------------------------------------------------------------------


* Final ranked order of GA solutions:                                           
   1  8 10  2  9  5  3  4  6  7 

  _______________________________
  RMSD Matrix of RANKED solutions

        2    3    4    5    6    7    8    9   10  

   1 :  4.0  4.0  1.4  4.3  4.4  4.6  4.5  2.5  2.6
   2 :       0.2  3.8  4.3  4.3  4.2  4.2  4.6  4.4
   3 :            3.7  4.3  4.3  4.2  4.2  4.5  4.3
   4 :                 4.2  4.2  4.3  4.3  2.5  2.5
   5 :                      0.5  2.7  2.5  4.1  4.2
   6 :                           2.6  2.5  4.2  4.3
   7 :                                0.6  3.8  3.8
   8 :                                     3.8  3.7
   9 :                                          0.8

  Clustering method                        : complete linkage
  Structure ids in cluster table           : rank nos.
  Ordering of clusters and their members   : by rank (order if from rms_analysis)

  Distance | Clusters
   0.18    |  1 |  2  3 |  4 |  5 |  6 |  7 |  8 |  9 | 10 |
   0.46    |  1 |  2  3 |  4 |  5  6 |  7 |  8 |  9 | 10 |
   0.55    |  1 |  2  3 |  4 |  5  6 |  7  8 |  9 | 10 |
   0.76    |  1 |  2  3 |  4 |  5  6 |  7  8 |  9 10 |
   1.38    |  1  4 |  2  3 |  5  6 |  7  8 |  9 10 |
   2.60    |  1  4  9 10 |  2  3 |  5  6 |  7  8 |
   2.66    |  1  4  9 10 |  2  3 |  5  6  7  8 |
   4.35    |  1  4  9 10 |  2  3  5  6  7  8 |
   4.64    |  1  2  3  4  5  6  7  8  9 10 |
  Finished Docking Ligand                  : /mnt/c/Users/ricca/Desktop/Documents/1_Coding/1_Script_Github/Reverse_Docking_Explore_V3/4r3c/ligand_prepared.mol2
--------------------------------------------------------------------------------

  Relative_Ligand_Energy (best encountered) :  -0.765
  Relative_Ligand_Energy: fitness values have been corrected using this amount
