
--------------------------------------------------------------------------------
--- Ligand                                                                   ---
--------------------------------------------------------------------------------
  Ligand loaded from file                  : /mnt/c/Users/ricca/Desktop/Documents/1_Coding/1_Script_Github/Reverse_Docking_Explore_V3/3l9n/ligand_prepared.mol2
  Ligand name                              :  
  "CT1002167954                                                             "

--------------------------------------------------------------------------------
  N.plc donors                             : 
  none found

  Acidic nitrogen acceptors                : 
  none found
  Sulfur acceptors                         :
  none found


  Donor atoms                              :      2
  8   10  
  Acceptor atoms                           :      3
  9   11  17  

  Hydrogens                                :  (n = 2)
  22   23   

  Lone pairs added to molecule             :      6
  Numbering                                : from 30 to 35

--------------------------------------------------------------------------------
--- Postprocessing of typing                                                 ---
--------------------------------------------------------------------------------
  Fragment file                            : /home/hitesit/CCDC/Discovery_2022/GOLD/gold/rotatable_bond_override.mol2
  acylurea fragment                        : 2 matches
  Ligand bond 15-8  set to flip
  Ligand bond 15-10  set to flip
  Ligand bond 15-10  set to 1
  Ligand bond 15-8  set to 1
  Ligand bond 10-4  set to flip
  Ligand bond 8-3  set to flip
  thioacylthiourea fragment                : no matches
  acylthiourea fragment                    : no matches
  thioacylurea fragment                    : no matches
  diarylamine fragment >C.ar-NH-C.ar<      : no matches
  sec-amine (1) fragment                   : no matches
  sec-amine (2) fragment                   : no matches
  sec-amine (3) fragment                   : no matches
  carboxylic ester                         : no matches

* Rotatable bonds in /mnt/c/Users/ricca/D  :
  [   1    2] [   1    5] 
  No. of rotatable bonds                   :      2


* Reading torsional distributions from file:
  /home/hitesit/CCDC/Discovery_2022/GOLD/gold/gold.tordist
  No. of bins in torsional distributions   :     36
  Minimum size of largest peak             :      0
  Removing high energy torsions            : on
  Delta E set to                           :   2.500

* Fragments found in /mnt/c/Users/ricca/D  :
  atom   2: benzene
  atom   6: benzene
  atom   7: benzene
  atom  13: benzene
  atom  14: benzene
  atom  16: benzene


* Checking torsion distributions:                                               
  No. of matched torsions                  :      0

--------------------------------------------------------------------------------
--- Shape fitting atoms selection (hydrophobic atoms)                        ---
--------------------------------------------------------------------------------
  Molecule                                 : /mnt/c/Users/ricca/Desktop/Documents/1_Coding/1_Script_Github/Reverse_Docking_Explore_V3/3l9n/ligand_prepared.mol2
  Selection                                : carbons only
  Atom numbers                             :  (n = 7)
  5    6    7    12   13   14   16   

--------------------------------------------------------------------------------
--- Diverse Solutions Setup                                                  ---
--------------------------------------------------------------------------------
  Cluster size                             :      2
  RMSD                                     :   2.000
  Refinement                               :      0


--------------------------------------------------------------------------------
--- ChemScore ligand setup summary                                           ---
--------------------------------------------------------------------------------
  ChemScore ligand acceptors               :      3
  9 11 17 
  ChemScore ligand donors                  :      2
  8 ( 22  ) 10 ( 23  ) 
  ChemScore ligand CH donors               :      0
  

  ChemScore ligand lipophilic atoms        :  (n = 9)
  1    2    5    6    7    12   13   14   16   

  ChemScore ligand rotatable bonds         :      2
  1   (C1 ) - 2   (C2 ): SP3_SP2_BOND
  1   (C1 ) - 5   (C5 ): SP3_SP3_BOND

--------------------------------------------------------------------------------
--- PLP ligand setup summary                                                 ---
--------------------------------------------------------------------------------
    1    C1   C.3 NONPOLAR
    2    C2  C.ar NONPOLAR
    3    C3   C.2 NONPOLAR
    4    C4   C.2 NONPOLAR
    5    C5   C.3 NONPOLAR
    6    C6  C.ar NONPOLAR
    7    C7  C.ar NONPOLAR
    8    N8  N.am DONOR
    9    O9   O.2 ACCEPTOR
   10   N10  N.am DONOR
   11   O11   O.2 ACCEPTOR
   12   C12   C.3 NONPOLAR
   13   C13  C.ar NONPOLAR
   14   C14  C.ar NONPOLAR
   15   C15   C.2 NONPOLAR
   16   C16  C.ar NONPOLAR
   17   O17   O.2 ACCEPTOR

--------------------------------------------------------------------------------
--- Automatic parameter setting                                              ---
--------------------------------------------------------------------------------
  Contribution base                        :   2500
  Contribution per rotatable bond          :   6000
  Contribution per df                      :   4000
  Contribution per water                   :  10000
  Ligand rotatable bonds                   :      2
  Protein flexible side chain bonds        :      0
  Total rotatable bonds                    :      2
  Hydrophobic vol ratio (P/L)              :   2.500
  Base multiplier (polar)                  :   1.000
  Base multiplier (apolar)                 :   3.500
  Base contribution                        : 10000.000
  Fitting points                           :      5
  Estimated maxops needed (optimal)        :  22500
  Autoscale factor (in percent)            :     10
  Scaled maxops                            :   2500

--------------------------------------------------------------------------------

* Population settings                                                           
  maxops                                   :   2500
  popsiz                                   :    100
  select_pressure                          :   1.100
  n_islands                                :      1
  niche_siz                                :      2

* GA settings                                                                   
  pt_crosswt                               :    100
  allele_mutatewt                          :    100
  migratewt                                :      0

* Search settings                                                               
  start_vdw_linear_cutoff                  :   6.000
  initial_virtual_pt_match_max             :   3.000
  Scaling of internal VDW energy           : log scale from  0.2 to    1
                                             over 1875 ops
  Sampling interval (operations)           :     25
  Scaling of virtual pt maximum length     : linear scale from    3 to    2
                                             over  1875 ops
  Sampling interval (operations)           :     75
  Scaling of 4-8 potential cutoff          : log scale from    6 to 1.2e+02
                                             over 1875 ops
  Sampling interval (operations)           :     75

--------------------------------------------------------------------------------

* Ligand initialisation time :                                                  
  total  0.0859 user  0.0157 sys  0.0703

--------------------------------------------------------------------------------

--------------------------------------------------------------------------------
** Docking run number  1 **
--------------------------------------------------------------------------------
  Rank fitness base is 5000.00 ; increment is 11.2233

* Initialising population(s) ...                                                
Number of constraints mappings 0
Number of constraints 0
  Population no.                           :      1
  Population size                          :    100
  Number of duplicates                     :      0
  Number of niche violations               :      0
  Number of errors                         :    434


Doing GA, no. of population(s) 1 size 100 selection pressure 1.100000

 Operation      Fitness  S(hb_ext) S(vdw_ext)  S(hb_int)    S(int)      intcor
         0      29.78       0.73      22.21       0.00      -7.45      -0.81
        16      32.06       0.47      23.86       0.00      -6.11      -0.81
       199      33.95       2.00      23.37       0.00      -0.80      -0.81
       444      33.56       0.90      24.46       0.00      -3.35      -0.81
       639      33.11       1.76      23.00       0.00      -0.80      -0.81
Reordering...
       750      32.53       0.00      23.70       0.00      -0.14      -0.81
       850      32.54       1.75      22.64       0.00      -0.80      -0.81
Reordering...
       900      32.33       0.00      23.56       0.00      -0.14      -0.81
       900      32.49       0.00      23.65       0.00      -0.07      -0.81
       987      34.21       1.99      23.71       0.00      -0.80      -0.81
      1201      34.32       2.00      24.01       0.00      -1.23      -0.81
      1369      35.53       2.00      24.65       0.00      -0.56      -0.81
--------------------------------------------------------------------------------
Best docking solution after GA:
      2500      35.28       2.00      24.65       0.00      -0.61      -0.76

#ops:       2500 #mutates:   1232 #cross:     1268 #dups:       482 
#niche:     1428 #errors:      26 
--------------------------------------------------------------------------------

Doing AMOEBA simplex on best individual
Done simplexing #iterations 446, best score  37.58

Ligand is stored in gold_soln_ligand_prepared_m1_1.mol2


--------------------------------------------------------------------------------
--- GoldScore breakdown of terms                                             ---
--------------------------------------------------------------------------------
Fitness = S(hb_ext) + 1.3750*S(vdw_ext) + S(hb_int) + 1.0000*S(int)
S(int)  = S(vdw_int) + S(tors)

Internal terms are relative to best energy found (intcor).

--------------------------------------------------------------------------------


     Fitness  S(hb_ext) S(vdw_ext)  S(hb_int)    S(int)      intcor
     37.58       2.00      26.08       0.00      -0.28      -0.76

--------------------------------------------------------------------------------
--- GoldScore analysis of protein-ligand interactions                        ---
--------------------------------------------------------------------------------

  Ligand donor    8 hydrogen   22 Protein acceptor 2601 bond energy  2.00 wt 1.00

--------------------------------------------------------------------------------

--------------------------------------------------------------------------------
--- Rescoring solution                                                       ---
--------------------------------------------------------------------------------

     Score     S(PLP)   S(hbond)     S(cho)   S(metal)  DE(clash)   DE(tors)
     21.25     -20.72       1.00       0.00       0.00       0.00       1.24

Doing AMOEBA simplex on best individual
Done simplexing #iterations 1014, best score  34.90

     Score     S(PLP)   S(hbond)     S(cho)   S(metal)  DE(clash)   DE(tors)
     34.90     -32.64       1.25       0.00       0.00       0.00       0.74

--------------------------------------------------------------------------------
--- CHEMPLP breakdown of terms                                               ---
--------------------------------------------------------------------------------
CHEMPLP = - ( 1.0000*S(PLP) + -3.0000*S(hbond) + -6.0000*S(metal) + -3.0000*S(cho) )

Score = CHEMPLP - 1.0000*DE(clash) - 2.0000*DE(tors)


--------------------------------------------------------------------------------


--------------------------------------------------------------------------------
--- PLP analysis of protein-ligand interactions                              ---
--------------------------------------------------------------------------------
hydrogen bonding        :      -1.82
metal                   :       0.00
buried (polar-nonpolar) :       0.66
nonpolar                :     -32.56
repulsive               :       0.42
--------------------------------------------------------------------------------


--------------------------------------------------------------------------------
--- ChemScore analysis of protein-ligand interactions                        ---
--------------------------------------------------------------------------------

* Hydrogen bonds                                                                
Ligand donor    8 hydrogen   22 Protein acceptor 2601 bond energy  1.00 wt 0.99
Protein donor 2819 hydrogen 2826 Ligand acceptor    9 bond energy  1.00 wt 0.26


* CH..O interactions                                                            
  CH group selection                       : activated ring CH (adjacent to hetatom)

--------------------------------------------------------------------------------


--------------------------------------------------------------------------------
--- Intra-ligand clashes                                                     ---
--------------------------------------------------------------------------------

Ligand
--------------------------------------------------------------------------------


--------------------------------------------------------------------------------
--- Chromosome decoded                                                       ---
--------------------------------------------------------------------------------
Ligand Torsions
[   6    2    1    3]  -86.38
[  12    5    1    2] -167.84
Protein Torsions
[2826 2819 2817 2814]  136.84 
[5145 5136 5135 5133]  -88.41 
[1819 1812 1811 1809]  117.26 
[2506 2497 2496 2494] -151.56 
[2581 2570 2569 2568] -174.37 
[3119 3112 3110 3107]  -75.26 
Mapping
Ligand acceptors to protein hydrogens (mapping then atom ids)
Ligand hydrogens to protein acceptors (mapping then atom ids)
  1   9 [ 22->2601]
Ligand shape atoms to protein points (mapping then atom ids & coords)
  5  3383 [ 13->( 30.250  18.250  60.000)]
  6  3858 [ 14->( 30.750  15.000  58.750)]
Chromosome values
Integers:
  -1   -1   -1    8   -1   -1   -1   -1   -1 3382 3857   -1 
--------------------------------------------------------------------------------


--------------------------------------------------------------------------------
--- Diverse Solutions Stats                                                  ---
--------------------------------------------------------------------------------
  Move attempts                            :  16194
  Move failures                            :      0
  Failure rate                             :   0.000

--------------------------------------------------------------------------------

Current Ranking  1

--------------------------------------------------------------------------------

* GA execution time :                                                           
  total  1.4097 user  1.3595 sys  0.0501

--------------------------------------------------------------------------------
Fitness function evaluations: 16656

--------------------------------------------------------------------------------
** Docking run number  2 **
--------------------------------------------------------------------------------
  Rank fitness base is 5000.00 ; increment is 11.2233

* Initialising population(s) ...                                                
Number of constraints mappings 0
Number of constraints 0
  Population no.                           :      1
  Population size                          :    100
  Number of duplicates                     :      0
  Number of niche violations               :      0
  Number of errors                         :    424


Doing GA, no. of population(s) 1 size 100 selection pressure 1.100000

 Operation      Fitness  S(hb_ext) S(vdw_ext)  S(hb_int)    S(int)      intcor
         0      39.83       0.06      30.88       0.00     -13.43      -0.76
Reordering...
       300      32.74       4.91      21.97       0.00      -9.23      -0.76
       604      33.15       1.38      23.12       0.00      -0.05      -0.76
       668      33.35       5.59      20.70       0.00      -2.00      -0.76
       712      33.26       5.87      20.45       0.00      -2.00      -0.76
       718      35.42       2.00      24.32       0.00      -0.05      -0.76
Reordering...
       725      33.24       5.87      20.45       0.00      -2.00      -0.76
Reordering...
       900      31.74       1.62      23.28       0.00      -4.38      -0.76
      1151      32.21       2.27      22.54       0.00      -1.94      -0.76
      1206      32.79       2.00      22.84       0.00      -1.09      -0.76
      1264      34.12       1.78      23.94       0.00      -0.99      -0.76
      1308      34.09       1.76      23.95       0.00      -0.99      -0.76
      1589      34.24       1.74      24.02       0.00      -0.69      -0.76
      1622      34.32       1.67      24.06       0.00      -0.55      -0.76
      1734      34.64       1.73      23.95       0.00      -0.03      -0.76
      2266      34.64       1.71      24.04       0.00      -0.13      -0.76
--------------------------------------------------------------------------------
Best docking solution after GA:
      2500      34.64       1.71      24.04       0.00      -0.13      -0.76

#ops:       2500 #mutates:   1256 #cross:     1244 #dups:       599 
#niche:     1308 #errors:      43 
--------------------------------------------------------------------------------

Doing AMOEBA simplex on best individual
Done simplexing #iterations 793, best score  37.16

Ligand is stored in gold_soln_ligand_prepared_m1_2.mol2


--------------------------------------------------------------------------------
--- GoldScore breakdown of terms                                             ---
--------------------------------------------------------------------------------
Fitness = S(hb_ext) + 1.3750*S(vdw_ext) + S(hb_int) + 1.0000*S(int)
S(int)  = S(vdw_int) + S(tors)

Internal terms are relative to best energy found (intcor).

--------------------------------------------------------------------------------


     Fitness  S(hb_ext) S(vdw_ext)  S(hb_int)    S(int)      intcor
     37.16       2.22      25.48       0.00      -0.09      -0.76

--------------------------------------------------------------------------------
--- GoldScore analysis of protein-ligand interactions                        ---
--------------------------------------------------------------------------------

  Ligand acceptor    9 Protein hydrogen 2826 donor 2819 bond energy  2.00 wt 0.11
  Ligand donor    8 hydrogen   22 Protein acceptor 2601 bond energy  2.00 wt 1.00

--------------------------------------------------------------------------------

--------------------------------------------------------------------------------
--- Rescoring solution                                                       ---
--------------------------------------------------------------------------------

     Score     S(PLP)   S(hbond)     S(cho)   S(metal)  DE(clash)   DE(tors)
     24.45     -23.67       0.53       0.00       0.00       0.00       0.40

Doing AMOEBA simplex on best individual
Done simplexing #iterations 725, best score  36.35

     Score     S(PLP)   S(hbond)     S(cho)   S(metal)  DE(clash)   DE(tors)
     36.35     -32.22       1.60       0.00       0.00       0.00       0.34

--------------------------------------------------------------------------------
--- CHEMPLP breakdown of terms                                               ---
--------------------------------------------------------------------------------
CHEMPLP = - ( 1.0000*S(PLP) + -3.0000*S(hbond) + -6.0000*S(metal) + -3.0000*S(cho) )

Score = CHEMPLP - 1.0000*DE(clash) - 2.0000*DE(tors)


--------------------------------------------------------------------------------


--------------------------------------------------------------------------------
--- PLP analysis of protein-ligand interactions                              ---
--------------------------------------------------------------------------------
hydrogen bonding        :      -1.77
metal                   :       0.00
buried (polar-nonpolar) :       0.82
nonpolar                :     -32.29
repulsive               :       0.61
--------------------------------------------------------------------------------


--------------------------------------------------------------------------------
--- ChemScore analysis of protein-ligand interactions                        ---
--------------------------------------------------------------------------------

* Hydrogen bonds                                                                
Ligand donor    8 hydrogen   22 Protein acceptor 2601 bond energy  1.00 wt 0.98
Protein donor 2819 hydrogen 2826 Ligand acceptor    9 bond energy  1.00 wt 0.62


* CH..O interactions                                                            
  CH group selection                       : activated ring CH (adjacent to hetatom)

--------------------------------------------------------------------------------


--------------------------------------------------------------------------------
--- Intra-ligand clashes                                                     ---
--------------------------------------------------------------------------------

Ligand
--------------------------------------------------------------------------------


--------------------------------------------------------------------------------
--- Chromosome decoded                                                       ---
--------------------------------------------------------------------------------
Ligand Torsions
[   6    2    1    3]  -73.07
[  12    5    1    2] -170.67
Protein Torsions
[2826 2819 2817 2814]  154.50 
[5145 5136 5135 5133]   97.08 
[1819 1812 1811 1809] -178.06 
[2506 2497 2496 2494] -171.20 
[2581 2570 2569 2568]  -63.52 
[3119 3112 3110 3107] -137.38 
Mapping
Ligand acceptors to protein hydrogens (mapping then atom ids)
Ligand hydrogens to protein acceptors (mapping then atom ids)
  1   9 [ 22->2601]
Ligand shape atoms to protein points (mapping then atom ids & coords)
  4  8694 [ 12->( 35.750  17.250  57.750)]
  7  2943 [ 16->( 29.500  19.000  59.750)]
Chromosome values
Integers:
  -1   -1   -1    8   -1   -1   -1   -1 8693   -1   -1 2942 
--------------------------------------------------------------------------------


--------------------------------------------------------------------------------
--- Diverse Solutions Stats                                                  ---
--------------------------------------------------------------------------------
  Move attempts                            :  16247
  Move failures                            :      0
  Failure rate                             :   0.000

--------------------------------------------------------------------------------

Current Ranking  1  2

--------------------------------------------------------------------------------

* GA execution time :                                                           
  total  1.7408 user  1.6152 sys  0.1257

--------------------------------------------------------------------------------
Fitness function evaluations: 16715

--------------------------------------------------------------------------------
** Docking run number  3 **
--------------------------------------------------------------------------------
  Rank fitness base is 5000.00 ; increment is 11.2233

* Initialising population(s) ...                                                
Number of constraints mappings 0
Number of constraints 0
  Population no.                           :      1
  Population size                          :    100
  Number of duplicates                     :      0
  Number of niche violations               :      0
  Number of errors                         :    394


Doing GA, no. of population(s) 1 size 100 selection pressure 1.100000

 Operation      Fitness  S(hb_ext) S(vdw_ext)  S(hb_int)    S(int)      intcor
         0      30.34       2.00      23.07       0.00     -16.86      -0.76
Reordering...
        75      29.38       3.16      19.71       0.00      -4.16      -0.76
       149      29.81       0.25      22.38       0.00      -5.44      -0.76
Reordering...
       225      28.54       0.34      21.26       0.00      -4.27      -0.76
       307      29.53       0.17      21.48       0.00      -0.66      -0.76
       354      30.61       1.37      21.40       0.00      -0.67      -0.76
       489      30.42       1.69      21.04       0.00      -0.67      -0.76
       490      31.59       1.70      23.31       0.00      -7.18      -0.76
       592      31.98       1.42      22.49       0.00      -1.12      -0.76
       628      32.18       1.28      22.64       0.00      -0.67      -0.76
Reordering...
       825      31.47       1.42      22.19       0.00      -1.12      -0.76
      1073      35.36       0.69      25.98       0.00      -2.14      -0.76
Reordering...
      1450      33.92       1.98      23.79       0.00      -1.12      -0.76
      1707      33.85       1.86      24.00       0.00      -1.18      -0.76
      2043      33.73       1.83      23.93       0.00      -1.01      -0.76
      2095      34.45       0.90      25.13       0.00      -1.00      -0.76
      2265      34.48       0.90      25.15       0.00      -1.00      -0.76
      2317      35.21       0.89      25.41       0.00      -0.62      -0.76
--------------------------------------------------------------------------------
Best docking solution after GA:
      2500      35.21       0.89      25.41       0.00      -0.62      -0.76

#ops:       2500 #mutates:   1273 #cross:     1227 #dups:       567 
#niche:     1400 #errors:      46 
--------------------------------------------------------------------------------

Doing AMOEBA simplex on best individual
Done simplexing #iterations 772, best score  36.14

Ligand is stored in gold_soln_ligand_prepared_m1_3.mol2


--------------------------------------------------------------------------------
--- GoldScore breakdown of terms                                             ---
--------------------------------------------------------------------------------
Fitness = S(hb_ext) + 1.3750*S(vdw_ext) + S(hb_int) + 1.0000*S(int)
S(int)  = S(vdw_int) + S(tors)

Internal terms are relative to best energy found (intcor).

--------------------------------------------------------------------------------


     Fitness  S(hb_ext) S(vdw_ext)  S(hb_int)    S(int)      intcor
     36.14       0.87      26.11       0.00      -0.63      -0.76

--------------------------------------------------------------------------------
--- GoldScore analysis of protein-ligand interactions                        ---
--------------------------------------------------------------------------------

  Ligand donor   10 hydrogen   23 Protein acceptor 2620 bond energy  2.00 wt 0.43

--------------------------------------------------------------------------------

--------------------------------------------------------------------------------
--- Rescoring solution                                                       ---
--------------------------------------------------------------------------------

     Score     S(PLP)   S(hbond)     S(cho)   S(metal)  DE(clash)   DE(tors)
     24.71     -24.22       1.00       0.00       0.00       0.00       1.26

Doing AMOEBA simplex on best individual
Done simplexing #iterations 731, best score  36.52

     Score     S(PLP)   S(hbond)     S(cho)   S(metal)  DE(clash)   DE(tors)
     36.52     -35.86       1.00       0.00       0.00       0.01       1.16

--------------------------------------------------------------------------------
--- CHEMPLP breakdown of terms                                               ---
--------------------------------------------------------------------------------
CHEMPLP = - ( 1.0000*S(PLP) + -3.0000*S(hbond) + -6.0000*S(metal) + -3.0000*S(cho) )

Score = CHEMPLP - 1.0000*DE(clash) - 2.0000*DE(tors)


--------------------------------------------------------------------------------


--------------------------------------------------------------------------------
--- PLP analysis of protein-ligand interactions                              ---
--------------------------------------------------------------------------------
hydrogen bonding        :      -1.34
metal                   :       0.00
buried (polar-nonpolar) :       1.41
nonpolar                :     -35.37
repulsive               :       0.70
--------------------------------------------------------------------------------


--------------------------------------------------------------------------------
--- ChemScore analysis of protein-ligand interactions                        ---
--------------------------------------------------------------------------------

* Hydrogen bonds                                                                
Ligand donor   10 hydrogen   23 Protein acceptor 2620 bond energy  1.00 wt 1.00


* CH..O interactions                                                            
  CH group selection                       : activated ring CH (adjacent to hetatom)

--------------------------------------------------------------------------------


--------------------------------------------------------------------------------
--- Intra-ligand clashes                                                     ---
--------------------------------------------------------------------------------

Ligand
  6 (C6   ) -   3 (C3   ):   0.01 (dist   2.75)
--------------------------------------------------------------------------------


--------------------------------------------------------------------------------
--- Chromosome decoded                                                       ---
--------------------------------------------------------------------------------
Ligand Torsions
[   6    2    1    3]  -33.75
[  12    5    1    2]  164.72
Protein Torsions
[2826 2819 2817 2814]  -32.33 
[5145 5136 5135 5133]   43.57 
[1819 1812 1811 1809]  163.54 
[2506 2497 2496 2494]   58.73 
[2581 2570 2569 2568]   68.38 
[3119 3112 3110 3107] -121.56 
Mapping
Ligand acceptors to protein hydrogens (mapping then atom ids)
Ligand hydrogens to protein acceptors (mapping then atom ids)
  2  16 [ 23->2620]
Ligand shape atoms to protein points (mapping then atom ids & coords)
  1  3002 [  5->( 29.750  17.250  58.750)]
  2  5921 [  6->( 32.500  19.500  59.250)]
  6  8790 [ 14->( 36.000  17.250  58.500)]
Chromosome values
Integers:
  -1   -1   -1   -1   15 3001 5920   -1   -1   -1 8789   -1 
--------------------------------------------------------------------------------


--------------------------------------------------------------------------------
--- Diverse Solutions Stats                                                  ---
--------------------------------------------------------------------------------
  Move attempts                            :  16304
  Move failures                            :     26
  Failure rate                             :   0.002

--------------------------------------------------------------------------------

Current Ranking  1  2  3

--------------------------------------------------------------------------------

* GA execution time :                                                           
  total  1.6319 user  1.5689 sys  0.0630

--------------------------------------------------------------------------------
Fitness function evaluations: 16719

--------------------------------------------------------------------------------
** Docking run number  4 **
--------------------------------------------------------------------------------
  Rank fitness base is 5000.00 ; increment is 11.2233

* Initialising population(s) ...                                                
Number of constraints mappings 0
Number of constraints 0
  Population no.                           :      1
  Population size                          :    100
  Number of duplicates                     :      0
  Number of niche violations               :      0
  Number of errors                         :    428


Doing GA, no. of population(s) 1 size 100 selection pressure 1.100000

 Operation      Fitness  S(hb_ext) S(vdw_ext)  S(hb_int)    S(int)      intcor
         0      33.47       1.91      23.44       0.00      -3.32      -0.76
       218      34.20       1.85      23.63       0.00      -0.62      -0.76
       273      34.44       4.24      22.52       0.00      -3.10      -0.76
       327      34.35       4.20      22.52       0.00      -3.10      -0.76
       362      34.93       4.65      22.63       0.00      -3.10      -0.76
       968      31.88       2.00      22.24       0.00      -1.56      -0.76
      1057      31.95       2.00      24.17       0.00      -6.68      -0.76
      1072      32.55       2.00      23.72       0.00      -4.20      -0.76
      1199      32.48       2.00      23.59       0.00      -3.58      -0.76
      1410      32.86       2.44      23.86       0.00      -3.58      -0.76
      1479      33.07       0.86      23.94       0.00      -1.01      -0.76
      1639      34.47       1.47      24.48       0.00      -0.83      -0.76
      1686      34.45       2.95      22.94       0.00      -0.05      -0.76
Reordering...
      1725      34.40       1.47      24.48       0.00      -0.83      -0.76
Reordering...
      1775      34.37       2.88      22.94       0.00      -0.05      -0.76
Reordering...
      1800      34.36       1.47      24.48       0.00      -0.83      -0.76
      2157      34.59       1.47      24.69       0.00      -0.83      -0.76
--------------------------------------------------------------------------------
Best docking solution after GA:
      2500      34.59       1.47      24.69       0.00      -0.83      -0.76

#ops:       2500 #mutates:   1251 #cross:     1249 #dups:       485 
#niche:     1403 #errors:      75 
--------------------------------------------------------------------------------

Doing AMOEBA simplex on best individual
Done simplexing #iterations 697, best score  37.70

Ligand is stored in gold_soln_ligand_prepared_m1_4.mol2


--------------------------------------------------------------------------------
--- GoldScore breakdown of terms                                             ---
--------------------------------------------------------------------------------
Fitness = S(hb_ext) + 1.3750*S(vdw_ext) + S(hb_int) + 1.0000*S(int)
S(int)  = S(vdw_int) + S(tors)

Internal terms are relative to best energy found (intcor).

--------------------------------------------------------------------------------


     Fitness  S(hb_ext) S(vdw_ext)  S(hb_int)    S(int)      intcor
     37.70       1.83      26.68       0.00      -0.82      -0.76

--------------------------------------------------------------------------------
--- GoldScore analysis of protein-ligand interactions                        ---
--------------------------------------------------------------------------------

  Ligand donor   10 hydrogen   23 Protein acceptor 2601 bond energy  2.00 wt 0.91

--------------------------------------------------------------------------------

--------------------------------------------------------------------------------
--- Rescoring solution                                                       ---
--------------------------------------------------------------------------------

     Score     S(PLP)   S(hbond)     S(cho)   S(metal)  DE(clash)   DE(tors)
     21.84     -18.88       1.00       0.00       0.00       0.00       0.02

Doing AMOEBA simplex on best individual
Done simplexing #iterations 848, best score  29.52

     Score     S(PLP)   S(hbond)     S(cho)   S(metal)  DE(clash)   DE(tors)
     29.52     -27.98       0.86       0.00       0.00       0.00       0.53

--------------------------------------------------------------------------------
--- CHEMPLP breakdown of terms                                               ---
--------------------------------------------------------------------------------
CHEMPLP = - ( 1.0000*S(PLP) + -3.0000*S(hbond) + -6.0000*S(metal) + -3.0000*S(cho) )

Score = CHEMPLP - 1.0000*DE(clash) - 2.0000*DE(tors)


--------------------------------------------------------------------------------


--------------------------------------------------------------------------------
--- PLP analysis of protein-ligand interactions                              ---
--------------------------------------------------------------------------------
hydrogen bonding        :      -1.84
metal                   :       0.00
buried (polar-nonpolar) :       2.15
nonpolar                :     -33.41
repulsive               :       4.98
--------------------------------------------------------------------------------


--------------------------------------------------------------------------------
--- ChemScore analysis of protein-ligand interactions                        ---
--------------------------------------------------------------------------------

* Hydrogen bonds                                                                
Ligand donor   10 hydrogen   23 Protein acceptor 2601 bond energy  1.00 wt 0.86


* CH..O interactions                                                            
  CH group selection                       : activated ring CH (adjacent to hetatom)

--------------------------------------------------------------------------------


--------------------------------------------------------------------------------
--- Intra-ligand clashes                                                     ---
--------------------------------------------------------------------------------

Ligand
--------------------------------------------------------------------------------


--------------------------------------------------------------------------------
--- Chromosome decoded                                                       ---
--------------------------------------------------------------------------------
Ligand Torsions
[   6    2    1    3]  124.74
[  12    5    1    2]  177.60
Protein Torsions
[2826 2819 2817 2814] -136.81 
[5145 5136 5135 5133] -122.91 
[1819 1812 1811 1809]  -89.95 
[2506 2497 2496 2494] -119.86 
[2581 2570 2569 2568]   29.16 
[3119 3112 3110 3107]    9.60 
Mapping
Ligand acceptors to protein hydrogens (mapping then atom ids)
Ligand hydrogens to protein acceptors (mapping then atom ids)
  2   9 [ 23->2601]
Ligand shape atoms to protein points (mapping then atom ids & coords)
  3  5305 [  7->( 32.000  15.750  58.000)]
  4  4061 [ 12->( 30.750  22.250  59.500)]
Chromosome values
Integers:
  -1   -1   -1   -1    8   -1   -1 5304 4060   -1   -1   -1 
--------------------------------------------------------------------------------


--------------------------------------------------------------------------------
--- Diverse Solutions Stats                                                  ---
--------------------------------------------------------------------------------
  Move attempts                            :  16414
  Move failures                            :     56
  Failure rate                             :   0.003

--------------------------------------------------------------------------------

Current Ranking  4  1  2  3

--------------------------------------------------------------------------------

* GA execution time :                                                           
  total  0.8366 user  0.7965 sys  0.0401

--------------------------------------------------------------------------------
Fitness function evaluations: 16862

--------------------------------------------------------------------------------
** Docking run number  5 **
--------------------------------------------------------------------------------
  Rank fitness base is 5000.00 ; increment is 11.2233

* Initialising population(s) ...                                                
Number of constraints mappings 0
Number of constraints 0
  Population no.                           :      1
  Population size                          :    100
  Number of duplicates                     :      0
  Number of niche violations               :      0
  Number of errors                         :    446


Doing GA, no. of population(s) 1 size 100 selection pressure 1.100000

 Operation      Fitness  S(hb_ext) S(vdw_ext)  S(hb_int)    S(int)      intcor
         0      34.21       4.25      24.10       0.00     -15.86      -0.76
Reordering...
       250      30.69       0.00      22.49       0.00      -0.97      -0.76
       279      31.50       4.07      20.79       0.00      -4.56      -0.76
Reordering...
       300      30.29       0.00      22.21       0.00      -0.97      -0.76
       376      33.04       1.31      23.40       0.00      -1.60      -0.76
       548      35.33       4.99      22.29       0.00      -0.97      -0.76
       712      35.16       2.00      24.34       0.00      -0.84      -0.76
      1626      34.93       2.00      24.38       0.00      -0.74      -0.76
      1838      34.91       2.00      24.30       0.00      -0.53      -0.76
      1879      34.92       2.00      24.55       0.00      -0.84      -0.76
      1890      35.09       2.00      24.27       0.00      -0.28      -0.76
      1959      35.10       2.00      24.48       0.00      -0.56      -0.76
--------------------------------------------------------------------------------
Best docking solution after GA:
      2500      35.10       2.00      24.48       0.00      -0.56      -0.76

#ops:       2500 #mutates:   1235 #cross:     1265 #dups:       677 
#niche:     1453 #errors:      41 
--------------------------------------------------------------------------------

Doing AMOEBA simplex on best individual
Done simplexing #iterations 544, best score  35.95

Ligand is stored in gold_soln_ligand_prepared_m1_5.mol2


--------------------------------------------------------------------------------
--- GoldScore breakdown of terms                                             ---
--------------------------------------------------------------------------------
Fitness = S(hb_ext) + 1.3750*S(vdw_ext) + S(hb_int) + 1.0000*S(int)
S(int)  = S(vdw_int) + S(tors)

Internal terms are relative to best energy found (intcor).

--------------------------------------------------------------------------------


     Fitness  S(hb_ext) S(vdw_ext)  S(hb_int)    S(int)      intcor
     35.95       2.00      24.90       0.00      -0.29      -0.76

--------------------------------------------------------------------------------
--- GoldScore analysis of protein-ligand interactions                        ---
--------------------------------------------------------------------------------

  Ligand donor   10 hydrogen   23 Protein acceptor 2601 bond energy  2.00 wt 1.00

--------------------------------------------------------------------------------

--------------------------------------------------------------------------------
--- Rescoring solution                                                       ---
--------------------------------------------------------------------------------

     Score     S(PLP)   S(hbond)     S(cho)   S(metal)  DE(clash)   DE(tors)
     29.11     -28.43       1.00       0.00       0.00       0.00       1.16

Doing AMOEBA simplex on best individual
Done simplexing #iterations 825, best score  37.53

     Score     S(PLP)   S(hbond)     S(cho)   S(metal)  DE(clash)   DE(tors)
     37.53     -36.90       0.96       0.00       0.00       0.57       0.84

--------------------------------------------------------------------------------
--- CHEMPLP breakdown of terms                                               ---
--------------------------------------------------------------------------------
CHEMPLP = - ( 1.0000*S(PLP) + -3.0000*S(hbond) + -6.0000*S(metal) + -3.0000*S(cho) )

Score = CHEMPLP - 1.0000*DE(clash) - 2.0000*DE(tors)


--------------------------------------------------------------------------------


--------------------------------------------------------------------------------
--- PLP analysis of protein-ligand interactions                              ---
--------------------------------------------------------------------------------
hydrogen bonding        :      -1.73
metal                   :       0.00
buried (polar-nonpolar) :      -1.44
nonpolar                :     -34.87
repulsive               :       0.44
--------------------------------------------------------------------------------


--------------------------------------------------------------------------------
--- ChemScore analysis of protein-ligand interactions                        ---
--------------------------------------------------------------------------------

* Hydrogen bonds                                                                
Ligand donor   10 hydrogen   23 Protein acceptor 2601 bond energy  1.00 wt 0.96


* CH..O interactions                                                            
  CH group selection                       : activated ring CH (adjacent to hetatom)

--------------------------------------------------------------------------------


--------------------------------------------------------------------------------
--- Intra-ligand clashes                                                     ---
--------------------------------------------------------------------------------

Ligand
  6 (C6   ) -   3 (C3   ):   0.57 (dist   2.73)
--------------------------------------------------------------------------------


--------------------------------------------------------------------------------
--- Chromosome decoded                                                       ---
--------------------------------------------------------------------------------
Ligand Torsions
[   6    2    1    3]  -37.37
[  12    5    1    2]  169.62
Protein Torsions
[2826 2819 2817 2814]   60.25 
[5145 5136 5135 5133]   32.81 
[1819 1812 1811 1809]  141.65 
[2506 2497 2496 2494] -120.02 
[2581 2570 2569 2568]  158.20 
[3119 3112 3110 3107]   44.12 
Mapping
Ligand acceptors to protein hydrogens (mapping then atom ids)
Ligand hydrogens to protein acceptors (mapping then atom ids)
  2   9 [ 23->2601]
Ligand shape atoms to protein points (mapping then atom ids & coords)
  1  3400 [  5->( 30.250  18.750  59.250)]
  2  7168 [  6->( 34.000  17.750  59.000)]
  3  7620 [  7->( 34.500  16.500  58.000)]
  4  4497 [ 12->( 31.250  17.500  58.500)]
  5  7357 [ 13->( 34.250  15.750  57.750)]
Chromosome values
Integers:
  -1   -1   -1   -1    8 3399 7167 7619 4496 7356   -1   -1 
--------------------------------------------------------------------------------


--------------------------------------------------------------------------------
--- Diverse Solutions Stats                                                  ---
--------------------------------------------------------------------------------
  Move attempts                            :  16048
  Move failures                            :     28
  Failure rate                             :   0.002

--------------------------------------------------------------------------------

Current Ranking  4  1  2  3  5

--------------------------------------------------------------------------------

* GA execution time :                                                           
  total  0.8214 user  0.7875 sys  0.0340

--------------------------------------------------------------------------------
Fitness function evaluations: 16509

--------------------------------------------------------------------------------
** Docking run number  6 **
--------------------------------------------------------------------------------
  Rank fitness base is 5000.00 ; increment is 11.2233

* Initialising population(s) ...                                                
Number of constraints mappings 0
Number of constraints 0
  Population no.                           :      1
  Population size                          :    100
  Number of duplicates                     :      0
  Number of niche violations               :      0
  Number of errors                         :    440


Doing GA, no. of population(s) 1 size 100 selection pressure 1.100000

 Operation      Fitness  S(hb_ext) S(vdw_ext)  S(hb_int)    S(int)      intcor
         0      31.27       0.15      28.54       0.00     -40.63      -0.76
        43      32.76       0.42      23.90       0.00      -2.56      -0.76
       331      30.97       0.33      22.41       0.00      -0.69      -0.76
Reordering...
       750      29.24       0.97      20.93       0.00      -1.32      -0.76
       754      29.57       0.23      21.54       0.00      -0.74      -0.76
       786      30.24       0.21      22.54       0.00      -2.47      -0.76
       896      31.13       2.15      22.11       0.00      -3.37      -0.76
Reordering...
       975      30.21       0.31      21.99       0.00      -0.74      -0.76
      1021      30.79       1.69      21.93       0.00      -2.23      -0.76
      1048      34.65       3.36      23.09       0.00      -0.96      -0.76
      1309      33.85       3.22      22.59       0.00      -0.69      -0.76
      1575      32.61       3.06      21.88       0.00      -0.69      -0.76
      1597      32.67       3.06      22.07       0.00      -0.96      -0.76
      1614      33.04       0.23      24.32       0.00      -0.79      -0.76
      2248      33.36       2.55      22.91       0.00      -0.69      -0.76
--------------------------------------------------------------------------------
Best docking solution after GA:
      2500      33.36       2.55      22.91       0.00      -0.69      -0.76

#ops:       2500 #mutates:   1280 #cross:     1220 #dups:       518 
#niche:     1245 #errors:      51 
--------------------------------------------------------------------------------

Doing AMOEBA simplex on best individual
Done simplexing #iterations 587, best score  35.11

Ligand is stored in gold_soln_ligand_prepared_m1_6.mol2


--------------------------------------------------------------------------------
--- GoldScore breakdown of terms                                             ---
--------------------------------------------------------------------------------
Fitness = S(hb_ext) + 1.3750*S(vdw_ext) + S(hb_int) + 1.0000*S(int)
S(int)  = S(vdw_int) + S(tors)

Internal terms are relative to best energy found (intcor).

--------------------------------------------------------------------------------


     Fitness  S(hb_ext) S(vdw_ext)  S(hb_int)    S(int)      intcor
     35.11       3.04      23.79       0.00      -0.63      -0.76

--------------------------------------------------------------------------------
--- GoldScore analysis of protein-ligand interactions                        ---
--------------------------------------------------------------------------------

  Ligand acceptor   17 Protein hydrogen  949 donor  936 bond energy  6.00 wt 0.51

--------------------------------------------------------------------------------

--------------------------------------------------------------------------------
--- Rescoring solution                                                       ---
--------------------------------------------------------------------------------

     Score     S(PLP)   S(hbond)     S(cho)   S(metal)  DE(clash)   DE(tors)
     18.71     -18.34       0.80       0.00       0.00       0.00       1.01

Doing AMOEBA simplex on best individual
Done simplexing #iterations 767, best score  28.55

     Score     S(PLP)   S(hbond)     S(cho)   S(metal)  DE(clash)   DE(tors)
     28.55     -25.39       1.14       0.00       0.00       0.00       0.13

--------------------------------------------------------------------------------
--- CHEMPLP breakdown of terms                                               ---
--------------------------------------------------------------------------------
CHEMPLP = - ( 1.0000*S(PLP) + -3.0000*S(hbond) + -6.0000*S(metal) + -3.0000*S(cho) )

Score = CHEMPLP - 1.0000*DE(clash) - 2.0000*DE(tors)


--------------------------------------------------------------------------------


--------------------------------------------------------------------------------
--- PLP analysis of protein-ligand interactions                              ---
--------------------------------------------------------------------------------
hydrogen bonding        :      -4.00
metal                   :       0.00
buried (polar-nonpolar) :      11.49
nonpolar                :     -33.98
repulsive               :       1.18
--------------------------------------------------------------------------------


--------------------------------------------------------------------------------
--- ChemScore analysis of protein-ligand interactions                        ---
--------------------------------------------------------------------------------

* Hydrogen bonds                                                                
Ligand donor    8 hydrogen   22 Protein acceptor 2819 bond energy  1.00 wt 0.10
Protein donor 2827 hydrogen 2835 Ligand acceptor   17 bond energy  1.00 wt 0.04
Protein donor  936 hydrogen  949 Ligand acceptor   17 bond energy  1.00 wt 0.99


* CH..O interactions                                                            
  CH group selection                       : activated ring CH (adjacent to hetatom)

--------------------------------------------------------------------------------


--------------------------------------------------------------------------------
--- Intra-ligand clashes                                                     ---
--------------------------------------------------------------------------------

Ligand
--------------------------------------------------------------------------------


--------------------------------------------------------------------------------
--- Chromosome decoded                                                       ---
--------------------------------------------------------------------------------
Ligand Torsions
[   6    2    1    3]  137.42
[  12    5    1    2]  169.74
Protein Torsions
[2826 2819 2817 2814]  -69.26 
[5145 5136 5135 5133]  -19.14 
[1819 1812 1811 1809] -177.47 
[2506 2497 2496 2494]  -16.78 
[2581 2570 2569 2568]  -13.86 
[3119 3112 3110 3107]   57.45 
Mapping
Ligand acceptors to protein hydrogens (mapping then atom ids)
  3  35 [ 17-> 949]
Ligand hydrogens to protein acceptors (mapping then atom ids)
Ligand shape atoms to protein points (mapping then atom ids & coords)
  1  5413 [  5->( 32.000  20.000  59.250)]
  7  8171 [ 16->( 35.000  18.250  58.000)]
Chromosome values
Integers:
  -1   -1   34   -1   -1 5412   -1   -1   -1   -1   -1 8170 
--------------------------------------------------------------------------------


--------------------------------------------------------------------------------
--- Diverse Solutions Stats                                                  ---
--------------------------------------------------------------------------------
  Move attempts                            :  16093
  Move failures                            :     41
  Failure rate                             :   0.003

--------------------------------------------------------------------------------

Current Ranking  4  1  2  3  5  6

--------------------------------------------------------------------------------

* GA execution time :                                                           
  total  0.8621 user  0.7930 sys  0.0690

--------------------------------------------------------------------------------
Fitness function evaluations: 16545

--------------------------------------------------------------------------------
** Docking run number  7 **
--------------------------------------------------------------------------------
  Rank fitness base is 5000.00 ; increment is 11.2233

* Initialising population(s) ...                                                
Number of constraints mappings 0
Number of constraints 0
  Population no.                           :      1
  Population size                          :    100
  Number of duplicates                     :      0
  Number of niche violations               :      0
  Number of errors                         :    415


Doing GA, no. of population(s) 1 size 100 selection pressure 1.100000

 Operation      Fitness  S(hb_ext) S(vdw_ext)  S(hb_int)    S(int)      intcor
         0      35.36       1.56      25.30       0.00      -4.99      -0.76
Reordering...
       225      30.42       2.76      22.28       0.00     -12.28      -0.76
       233      31.60       1.17      22.35       0.00      -1.21      -0.76
       242      33.24       6.08      20.00       0.00      -1.45      -0.76
Reordering...
       375      30.90       1.11      21.90       0.00      -1.21      -0.76
       556      31.50       2.05      22.43       0.00      -4.35      -0.76
       599      31.85       4.63      21.77       0.00      -8.29      -0.76
       631      32.70       2.48      23.06       0.00      -4.35      -0.76
       730      32.86       1.77      22.88       0.00      -1.01      -0.76
       789      33.09       4.09      22.58       0.00      -5.25      -0.76
       871      33.61       1.76      23.47       0.00      -1.01      -0.76
Reordering...
      1050      33.03       1.61      23.29       0.00      -1.21      -0.76
      1065      33.89       2.11      23.55       0.00      -1.21      -0.76
      1290      33.71       2.30      23.20       0.00      -0.82      -0.76
      1672      33.47       2.25      23.19       0.00      -0.82      -0.76
      1769      33.52       0.33      24.60       0.00      -0.72      -0.76
      1902      33.77       1.99      23.87       0.00      -1.04      -0.76
      1920      33.93       1.99      23.98       0.00      -1.04      -0.76
      1941      33.99       1.92      24.08       0.00      -1.04      -0.76
      1982      34.34       1.92      24.33       0.00      -1.04      -0.76
      2498      34.44       1.92      24.31       0.00      -0.91      -0.76
--------------------------------------------------------------------------------
Best docking solution after GA:
      2500      34.44       1.92      24.31       0.00      -0.91      -0.76

#ops:       2500 #mutates:   1224 #cross:     1276 #dups:       561 
#niche:     1530 #errors:      67 
--------------------------------------------------------------------------------

Doing AMOEBA simplex on best individual
Done simplexing #iterations 554, best score  35.45

Ligand is stored in gold_soln_ligand_prepared_m1_7.mol2


--------------------------------------------------------------------------------
--- GoldScore breakdown of terms                                             ---
--------------------------------------------------------------------------------
Fitness = S(hb_ext) + 1.3750*S(vdw_ext) + S(hb_int) + 1.0000*S(int)
S(int)  = S(vdw_int) + S(tors)

Internal terms are relative to best energy found (intcor).

--------------------------------------------------------------------------------


     Fitness  S(hb_ext) S(vdw_ext)  S(hb_int)    S(int)      intcor
     35.45       2.00      24.88       0.00      -0.76      -0.76

--------------------------------------------------------------------------------
--- GoldScore analysis of protein-ligand interactions                        ---
--------------------------------------------------------------------------------

  Ligand donor   10 hydrogen   23 Protein acceptor 2601 bond energy  2.00 wt 1.00

--------------------------------------------------------------------------------

--------------------------------------------------------------------------------
--- Rescoring solution                                                       ---
--------------------------------------------------------------------------------

     Score     S(PLP)   S(hbond)     S(cho)   S(metal)  DE(clash)   DE(tors)
     28.47     -29.16       0.63       0.00       0.00       0.00       1.29

Doing AMOEBA simplex on best individual
Done simplexing #iterations 666, best score  36.85

     Score     S(PLP)   S(hbond)     S(cho)   S(metal)  DE(clash)   DE(tors)
     36.85     -35.70       0.94       0.00       0.00       0.00       0.84

--------------------------------------------------------------------------------
--- CHEMPLP breakdown of terms                                               ---
--------------------------------------------------------------------------------
CHEMPLP = - ( 1.0000*S(PLP) + -3.0000*S(hbond) + -6.0000*S(metal) + -3.0000*S(cho) )

Score = CHEMPLP - 1.0000*DE(clash) - 2.0000*DE(tors)


--------------------------------------------------------------------------------


--------------------------------------------------------------------------------
--- PLP analysis of protein-ligand interactions                              ---
--------------------------------------------------------------------------------
hydrogen bonding        :      -1.15
metal                   :       0.00
buried (polar-nonpolar) :      -0.45
nonpolar                :     -34.47
repulsive               :       0.43
--------------------------------------------------------------------------------


--------------------------------------------------------------------------------
--- ChemScore analysis of protein-ligand interactions                        ---
--------------------------------------------------------------------------------

* Hydrogen bonds                                                                
Ligand donor   10 hydrogen   23 Protein acceptor 2601 bond energy  1.00 wt 0.94


* CH..O interactions                                                            
  CH group selection                       : activated ring CH (adjacent to hetatom)

--------------------------------------------------------------------------------


--------------------------------------------------------------------------------
--- Intra-ligand clashes                                                     ---
--------------------------------------------------------------------------------

Ligand
--------------------------------------------------------------------------------


--------------------------------------------------------------------------------
--- Chromosome decoded                                                       ---
--------------------------------------------------------------------------------
Ligand Torsions
[   6    2    1    3]  150.13
[  12    5    1    2]  167.61
Protein Torsions
[2826 2819 2817 2814]   26.56 
[5145 5136 5135 5133] -129.95 
[1819 1812 1811 1809]  -81.18 
[2506 2497 2496 2494] -166.30 
[2581 2570 2569 2568] -153.19 
[3119 3112 3110 3107]  -17.01 
Mapping
Ligand acceptors to protein hydrogens (mapping then atom ids)
Ligand hydrogens to protein acceptors (mapping then atom ids)
  2   9 [ 23->2601]
Ligand shape atoms to protein points (mapping then atom ids & coords)
  1  4196 [  5->( 31.000  17.500  58.500)]
  3  7632 [  7->( 34.500  17.000  58.000)]
  5  6053 [ 13->( 32.750  15.250  57.500)]
  6  8854 [ 14->( 36.250  16.750  59.000)]
Chromosome values
Integers:
  -1   -1   -1   -1    8 4195   -1 7631   -1 6052 8853   -1 
--------------------------------------------------------------------------------


--------------------------------------------------------------------------------
--- Diverse Solutions Stats                                                  ---
--------------------------------------------------------------------------------
  Move attempts                            :  15864
  Move failures                            :     32
  Failure rate                             :   0.002

--------------------------------------------------------------------------------

Current Ranking  4  1  2  3  5  7  6

--------------------------------------------------------------------------------

* GA execution time :                                                           
  total  0.9122 user  0.8302 sys  0.0820

--------------------------------------------------------------------------------
Fitness function evaluations: 16321

--------------------------------------------------------------------------------
** Docking run number  8 **
--------------------------------------------------------------------------------
  Rank fitness base is 5000.00 ; increment is 11.2233

* Initialising population(s) ...                                                
Number of constraints mappings 0
Number of constraints 0
  Population no.                           :      1
  Population size                          :    100
  Number of duplicates                     :      0
  Number of niche violations               :      0
  Number of errors                         :    403


Doing GA, no. of population(s) 1 size 100 selection pressure 1.100000

 Operation      Fitness  S(hb_ext) S(vdw_ext)  S(hb_int)    S(int)      intcor
         0      35.56       6.11      23.11       0.00     -11.58      -0.76
        24      35.60       6.11      23.13       0.00     -11.58      -0.76
       130      35.99       6.09      22.54       0.00      -4.93      -0.76
       201      35.33       6.08      22.12       0.00      -4.93      -0.76
Reordering...
       450      32.19       1.59      23.00       0.00      -3.49      -0.76
       459      32.65       1.31      22.95       0.00      -0.74      -0.76
       521      35.76       5.97      22.45       0.00      -3.49      -0.76
Reordering...
       675      33.38       1.36      23.48       0.00      -0.74      -0.76
       891      34.69       5.31      22.44       0.00      -3.49      -0.76
      1085      33.77       5.58      21.42       0.00      -2.50      -0.76
Reordering...
      1125      33.25       1.38      23.47       0.00      -0.74      -0.76
      1251      33.24       3.93      21.88       0.00      -1.32      -0.76
Reordering...
      1275      33.18       1.36      23.47       0.00      -0.74      -0.76
Reordering...
      1350      33.14       1.32      23.48       0.00      -0.74      -0.76
      1434      33.24       1.43      23.50       0.00      -0.74      -0.76
      1477      33.23       1.13      23.73       0.00      -0.74      -0.76
      1488      33.63       1.37      23.81       0.00      -0.69      -0.76
      1813      33.50       1.39      23.82       0.00      -0.69      -0.76
      2239      33.83       2.23      23.54       0.00      -0.77      -0.76
      2421      34.29       1.50      23.89       0.00      -0.05      -0.76
--------------------------------------------------------------------------------
Best docking solution after GA:
      2500      34.29       1.50      23.89       0.00      -0.05      -0.76

#ops:       2500 #mutates:   1280 #cross:     1220 #dups:       497 
#niche:     1392 #errors:      56 
--------------------------------------------------------------------------------

Doing AMOEBA simplex on best individual
Done simplexing #iterations 684, best score  35.07

Ligand is stored in gold_soln_ligand_prepared_m1_8.mol2


--------------------------------------------------------------------------------
--- GoldScore breakdown of terms                                             ---
--------------------------------------------------------------------------------
Fitness = S(hb_ext) + 1.3750*S(vdw_ext) + S(hb_int) + 1.0000*S(int)
S(int)  = S(vdw_int) + S(tors)

Internal terms are relative to best energy found (intcor).

--------------------------------------------------------------------------------


     Fitness  S(hb_ext) S(vdw_ext)  S(hb_int)    S(int)      intcor
     35.07       1.44      24.49       0.00      -0.05      -0.76

--------------------------------------------------------------------------------
--- GoldScore analysis of protein-ligand interactions                        ---
--------------------------------------------------------------------------------

  Ligand donor    8 hydrogen   22 Protein acceptor 2620 bond energy  2.00 wt 0.72

--------------------------------------------------------------------------------

--------------------------------------------------------------------------------
--- Rescoring solution                                                       ---
--------------------------------------------------------------------------------

     Score     S(PLP)   S(hbond)     S(cho)   S(metal)  DE(clash)   DE(tors)
     22.79     -19.71       1.32       0.00       0.00       0.00       0.44

Doing AMOEBA simplex on best individual
Done simplexing #iterations 813, best score  34.05

     Score     S(PLP)   S(hbond)     S(cho)   S(metal)  DE(clash)   DE(tors)
     34.05     -30.24       1.32       0.00       0.00       0.00       0.07

--------------------------------------------------------------------------------
--- CHEMPLP breakdown of terms                                               ---
--------------------------------------------------------------------------------
CHEMPLP = - ( 1.0000*S(PLP) + -3.0000*S(hbond) + -6.0000*S(metal) + -3.0000*S(cho) )

Score = CHEMPLP - 1.0000*DE(clash) - 2.0000*DE(tors)


--------------------------------------------------------------------------------


--------------------------------------------------------------------------------
--- PLP analysis of protein-ligand interactions                              ---
--------------------------------------------------------------------------------
hydrogen bonding        :      -0.95
metal                   :       0.00
buried (polar-nonpolar) :       0.48
nonpolar                :     -31.78
repulsive               :       1.39
--------------------------------------------------------------------------------


--------------------------------------------------------------------------------
--- ChemScore analysis of protein-ligand interactions                        ---
--------------------------------------------------------------------------------

* Hydrogen bonds                                                                
Ligand donor    8 hydrogen   22 Protein acceptor 2620 bond energy  1.00 wt 1.00
Protein donor 2819 hydrogen 2826 Ligand acceptor    9 bond energy  1.00 wt 0.32


* CH..O interactions                                                            
  CH group selection                       : activated ring CH (adjacent to hetatom)

--------------------------------------------------------------------------------


--------------------------------------------------------------------------------
--- Intra-ligand clashes                                                     ---
--------------------------------------------------------------------------------

Ligand
--------------------------------------------------------------------------------


--------------------------------------------------------------------------------
--- Chromosome decoded                                                       ---
--------------------------------------------------------------------------------
Ligand Torsions
[   6    2    1    3]  -72.86
[  12    5    1    2] -171.52
Protein Torsions
[2826 2819 2817 2814]  131.30 
[5145 5136 5135 5133]   -6.10 
[1819 1812 1811 1809] -165.17 
[2506 2497 2496 2494] -141.53 
[2581 2570 2569 2568]   60.93 
[3119 3112 3110 3107]  118.94 
Mapping
Ligand acceptors to protein hydrogens (mapping then atom ids)
Ligand hydrogens to protein acceptors (mapping then atom ids)
  1  16 [ 22->2620]
Ligand shape atoms to protein points (mapping then atom ids & coords)
  1  6330 [  5->( 33.000  18.250  59.250)]
  4  7481 [ 12->( 34.250  19.500  58.000)]
  5  3332 [ 13->( 30.250  16.750  58.750)]
  7  3839 [ 16->( 30.750  14.250  57.500)]
Chromosome values
Integers:
  -1   -1   -1   15   -1 6329   -1   -1 7480 3331   -1 3838 
--------------------------------------------------------------------------------


--------------------------------------------------------------------------------
--- Diverse Solutions Stats                                                  ---
--------------------------------------------------------------------------------
  Move attempts                            :  16327
  Move failures                            :    377
  Failure rate                             :   0.023

--------------------------------------------------------------------------------

Current Ranking  4  1  2  3  5  7  6  8

--------------------------------------------------------------------------------

* GA execution time :                                                           
  total  0.9145 user  0.8366 sys  0.0779

--------------------------------------------------------------------------------
Fitness function evaluations: 16733

--------------------------------------------------------------------------------
** Docking run number  9 **
--------------------------------------------------------------------------------
  Rank fitness base is 5000.00 ; increment is 11.2233

* Initialising population(s) ...                                                
Number of constraints mappings 0
Number of constraints 0
  Population no.                           :      1
  Population size                          :    100
  Number of duplicates                     :      0
  Number of niche violations               :      0
  Number of errors                         :    458


Doing GA, no. of population(s) 1 size 100 selection pressure 1.100000

 Operation      Fitness  S(hb_ext) S(vdw_ext)  S(hb_int)    S(int)      intcor
         0      31.46       1.48      21.95       0.00      -1.01      -0.76
       133      31.51       0.03      23.07       0.00      -1.08      -0.76
       206      31.54       0.04      23.29       0.00      -2.23      -0.76
       380      30.14       0.03      22.35       0.00      -2.23      -0.76
Reordering...
       525      29.08       0.42      21.72       0.00      -3.83      -0.76
Reordering...
       600      28.90       1.57      20.42       0.00      -2.23      -0.76
       622      29.11       0.32      23.36       0.00      -9.97      -0.76
Reordering...
       725      28.74       1.57      20.37       0.00      -2.23      -0.76
       743      29.03       0.55      21.93       0.00      -4.50      -0.76
       822      29.29       1.07      21.82       0.00      -4.50      -0.76
      1039      30.50       0.00      22.47       0.00      -0.82      -0.76
      1174      31.61       3.25      20.81       0.00      -0.47      -0.76
      1486      32.60       1.79      22.83       0.00      -0.82      -0.76
--------------------------------------------------------------------------------
Best docking solution after GA:
      2500      30.21       1.79      21.27       0.00      -0.82      -0.76

#ops:       2500 #mutates:   1261 #cross:     1239 #dups:       537 
#niche:     1296 #errors:      90 
--------------------------------------------------------------------------------

Doing AMOEBA simplex on best individual
Done simplexing #iterations 488, best score  33.91

Ligand is stored in gold_soln_ligand_prepared_m1_9.mol2


--------------------------------------------------------------------------------
--- GoldScore breakdown of terms                                             ---
--------------------------------------------------------------------------------
Fitness = S(hb_ext) + 1.3750*S(vdw_ext) + S(hb_int) + 1.0000*S(int)
S(int)  = S(vdw_int) + S(tors)

Internal terms are relative to best energy found (intcor).

--------------------------------------------------------------------------------


     Fitness  S(hb_ext) S(vdw_ext)  S(hb_int)    S(int)      intcor
     33.91       0.00      24.69       0.00      -0.05      -0.76

--------------------------------------------------------------------------------
--- GoldScore analysis of protein-ligand interactions                        ---
--------------------------------------------------------------------------------


--------------------------------------------------------------------------------

--------------------------------------------------------------------------------
--- Rescoring solution                                                       ---
--------------------------------------------------------------------------------

     Score     S(PLP)   S(hbond)     S(cho)   S(metal)  DE(clash)   DE(tors)
     17.93     -16.37       1.00       0.00       0.00       0.00       0.72

Doing AMOEBA simplex on best individual
Done simplexing #iterations 871, best score  30.72

     Score     S(PLP)   S(hbond)     S(cho)   S(metal)  DE(clash)   DE(tors)
     30.72     -28.48       0.82       0.00       0.00       0.00       0.11

--------------------------------------------------------------------------------
--- CHEMPLP breakdown of terms                                               ---
--------------------------------------------------------------------------------
CHEMPLP = - ( 1.0000*S(PLP) + -3.0000*S(hbond) + -6.0000*S(metal) + -3.0000*S(cho) )

Score = CHEMPLP - 1.0000*DE(clash) - 2.0000*DE(tors)


--------------------------------------------------------------------------------


--------------------------------------------------------------------------------
--- PLP analysis of protein-ligand interactions                              ---
--------------------------------------------------------------------------------
hydrogen bonding        :      -1.70
metal                   :       0.00
buried (polar-nonpolar) :       1.78
nonpolar                :     -32.41
repulsive               :       3.71
--------------------------------------------------------------------------------


--------------------------------------------------------------------------------
--- ChemScore analysis of protein-ligand interactions                        ---
--------------------------------------------------------------------------------

* Hydrogen bonds                                                                
Ligand donor   10 hydrogen   23 Protein acceptor 2601 bond energy  1.00 wt 0.82


* CH..O interactions                                                            
  CH group selection                       : activated ring CH (adjacent to hetatom)

--------------------------------------------------------------------------------


--------------------------------------------------------------------------------
--- Intra-ligand clashes                                                     ---
--------------------------------------------------------------------------------

Ligand
--------------------------------------------------------------------------------


--------------------------------------------------------------------------------
--- Chromosome decoded                                                       ---
--------------------------------------------------------------------------------
Ligand Torsions
[   6    2    1    3]  -76.52
[  12    5    1    2] -172.25
Protein Torsions
[2826 2819 2817 2814] -111.37 
[5145 5136 5135 5133]  175.32 
[1819 1812 1811 1809]  -24.15 
[2506 2497 2496 2494] -104.10 
[2581 2570 2569 2568]  128.24 
[3119 3112 3110 3107]  150.72 
Mapping
Ligand acceptors to protein hydrogens (mapping then atom ids)
Ligand hydrogens to protein acceptors (mapping then atom ids)
  2   9 [ 23->2601]
Ligand shape atoms to protein points (mapping then atom ids & coords)
  2  5844 [  6->( 32.500  14.750  57.250)]
  3  3614 [  7->( 30.500  17.500  59.500)]
  4  3757 [ 12->( 30.500  21.500  59.750)]
Chromosome values
Integers:
  -1   -1   -1   -1    8   -1 5843 3613 3756   -1   -1   -1 
--------------------------------------------------------------------------------


--------------------------------------------------------------------------------
--- Diverse Solutions Stats                                                  ---
--------------------------------------------------------------------------------
  Move attempts                            :  16092
  Move failures                            :    328
  Failure rate                             :   0.020

--------------------------------------------------------------------------------

Current Ranking  4  1  2  3  5  7  6  8  9

--------------------------------------------------------------------------------

* GA execution time :                                                           
  total  0.8563 user  0.7881 sys  0.0682

--------------------------------------------------------------------------------
Fitness function evaluations: 16568

--------------------------------------------------------------------------------
** Docking run number 10 **
--------------------------------------------------------------------------------
  Rank fitness base is 5000.00 ; increment is 11.2233

* Initialising population(s) ...                                                
Number of constraints mappings 0
Number of constraints 0
  Population no.                           :      1
  Population size                          :    100
  Number of duplicates                     :      0
  Number of niche violations               :      0
  Number of errors                         :    456


Doing GA, no. of population(s) 1 size 100 selection pressure 1.100000

 Operation      Fitness  S(hb_ext) S(vdw_ext)  S(hb_int)    S(int)      intcor
         0      32.62       0.27      23.87       0.00      -2.33      -0.76
       231      30.70       1.30      22.09       0.00      -4.00      -0.76
       348      34.54       3.96      23.72       0.00      -7.71      -0.76
       593      33.30       3.83      23.10       0.00      -6.97      -0.76
       660      34.39       3.79      23.16       0.00      -3.56      -0.76
       750      34.42       3.72      23.01       0.00      -2.47      -0.76
      1275      31.72       3.36      21.70       0.00      -2.47      -0.76
Reordering...
      1500      29.98       0.87      22.67       0.00      -2.83      -0.76
Reordering...
      1650      29.22       0.85      22.39       0.00      -2.93      -0.76
      1678      29.27       5.10      19.88       0.00      -3.75      -0.76
Reordering...
      1725      29.06       0.85      22.39       0.00      -2.93      -0.76
      1742      30.30       5.06      19.75       0.00      -2.18      -0.76
      1885      29.02       0.85      22.62       0.00      -2.93      -0.76
      2006      30.52       2.99      22.81       0.00      -3.83      -0.76
      2094      32.34       2.99      22.72       0.00      -1.89      -0.76
--------------------------------------------------------------------------------
Best docking solution after GA:
      2500      32.34       2.99      22.72       0.00      -1.89      -0.76

#ops:       2500 #mutates:   1243 #cross:     1257 #dups:       489 
#niche:     1311 #errors:      86 
--------------------------------------------------------------------------------

Doing AMOEBA simplex on best individual
Done simplexing #iterations 497, best score  36.80

Ligand is stored in gold_soln_ligand_prepared_m1_10.mol2


--------------------------------------------------------------------------------
--- GoldScore breakdown of terms                                             ---
--------------------------------------------------------------------------------
Fitness = S(hb_ext) + 1.3750*S(vdw_ext) + S(hb_int) + 1.0000*S(int)
S(int)  = S(vdw_int) + S(tors)

Internal terms are relative to best energy found (intcor).

--------------------------------------------------------------------------------


     Fitness  S(hb_ext) S(vdw_ext)  S(hb_int)    S(int)      intcor
     36.80       2.69      26.05       0.00      -1.72      -0.76

--------------------------------------------------------------------------------
--- GoldScore analysis of protein-ligand interactions                        ---
--------------------------------------------------------------------------------

  Ligand acceptor   17 Protein hydrogen  949 donor  936 bond energy  6.00 wt 0.25
  Ligand donor    8 hydrogen   22 Protein acceptor 2819 bond energy  2.00 wt 0.60

--------------------------------------------------------------------------------

--------------------------------------------------------------------------------
--- Rescoring solution                                                       ---
--------------------------------------------------------------------------------

     Score     S(PLP)   S(hbond)     S(cho)   S(metal)  DE(clash)   DE(tors)
     21.81     -19.96       1.15       0.00       0.00       0.73       0.44

Doing AMOEBA simplex on best individual
Done simplexing #iterations 841, best score  25.42

     Score     S(PLP)   S(hbond)     S(cho)   S(metal)  DE(clash)   DE(tors)
     25.42     -23.80       1.08       0.00       0.00       0.53       0.55

--------------------------------------------------------------------------------
--- CHEMPLP breakdown of terms                                               ---
--------------------------------------------------------------------------------
CHEMPLP = - ( 1.0000*S(PLP) + -3.0000*S(hbond) + -6.0000*S(metal) + -3.0000*S(cho) )

Score = CHEMPLP - 1.0000*DE(clash) - 2.0000*DE(tors)


--------------------------------------------------------------------------------


--------------------------------------------------------------------------------
--- PLP analysis of protein-ligand interactions                              ---
--------------------------------------------------------------------------------
hydrogen bonding        :      -3.83
metal                   :       0.00
buried (polar-nonpolar) :      13.74
nonpolar                :     -34.33
repulsive               :       0.53
--------------------------------------------------------------------------------


--------------------------------------------------------------------------------
--- ChemScore analysis of protein-ligand interactions                        ---
--------------------------------------------------------------------------------

* Hydrogen bonds                                                                
Ligand donor    8 hydrogen   22 Protein acceptor 2819 bond energy  1.00 wt 0.09
Protein donor  936 hydrogen  949 Ligand acceptor   17 bond energy  1.00 wt 0.99


* CH..O interactions                                                            
  CH group selection                       : activated ring CH (adjacent to hetatom)

--------------------------------------------------------------------------------


--------------------------------------------------------------------------------
--- Intra-ligand clashes                                                     ---
--------------------------------------------------------------------------------

Ligand
  7 (C7   ) -   3 (C3   ):   0.53 (dist   2.74)
--------------------------------------------------------------------------------


--------------------------------------------------------------------------------
--- Chromosome decoded                                                       ---
--------------------------------------------------------------------------------
Ligand Torsions
[   6    2    1    3]  167.55
[  12    5    1    2] -179.85
Protein Torsions
[2826 2819 2817 2814] -147.61 
[5145 5136 5135 5133]   64.24 
[1819 1812 1811 1809]   91.62 
[2506 2497 2496 2494]  115.19 
[2581 2570 2569 2568]    3.45 
[3119 3112 3110 3107]   20.06 
Mapping
Ligand acceptors to protein hydrogens (mapping then atom ids)
  3  35 [ 17-> 949]
Ligand hydrogens to protein acceptors (mapping then atom ids)
Ligand shape atoms to protein points (mapping then atom ids & coords)
  1  6170 [  5->( 32.750  20.250  58.750)]
  3  6545 [  7->( 33.250  18.250  58.500)]
  5  8517 [ 13->( 35.500  15.750  58.500)]
  6  7407 [ 14->( 34.250  17.750  59.000)]
  7  8526 [ 16->( 35.500  16.000  59.250)]
Chromosome values
Integers:
  -1   -1   34   -1   -1 6169   -1 6544   -1 8516 7406 8525 
--------------------------------------------------------------------------------


--------------------------------------------------------------------------------
--- Diverse Solutions Stats                                                  ---
--------------------------------------------------------------------------------
  Move attempts                            :  16145
  Move failures                            :    101
  Failure rate                             :   0.006

--------------------------------------------------------------------------------

Current Ranking  4  1  2 10  3  5  7  6  8  9

--------------------------------------------------------------------------------

* GA execution time :                                                           
  total  0.9356 user  0.8494 sys  0.0862

--------------------------------------------------------------------------------
Fitness function evaluations: 16592

--------------------------------------------------------------------------------
--- Ranking analysis                                                         ---
--------------------------------------------------------------------------------


* Final ranked order of GA solutions:                                           
   4  1  2 10  3  5  7  6  8  9 

  _______________________________
  RMSD Matrix of RANKED solutions

        2    3    4    5    6    7    8    9   10  

   1 :  3.0  3.2  3.7  3.9  2.8  2.8  3.8  2.4  1.1
   2 :       1.5  4.4  4.2  3.2  3.1  4.7  2.5  2.7
   3 :            4.7  4.1  3.6  3.6  4.9  3.2  3.1
   4 :                 2.5  3.1  3.1  0.9  3.3  3.8
   5 :                      2.8  2.9  2.6  3.3  4.1
   6 :                           0.2  3.3  3.0  2.8
   7 :                                3.4  3.0  2.8
   8 :                                     3.4  3.9
   9 :                                          2.5

  Clustering method                        : complete linkage
  Structure ids in cluster table           : rank nos.
  Ordering of clusters and their members   : by rank (order if from rms_analysis)

  Distance | Clusters
   0.17    |  1 |  2 |  3 |  4 |  5 |  6  7 |  8 |  9 | 10 |
   0.93    |  1 |  2 |  3 |  4  8 |  5 |  6  7 |  9 | 10 |
   1.09    |  1 10 |  2 |  3 |  4  8 |  5 |  6  7 |  9 |
   1.54    |  1 10 |  2  3 |  4  8 |  5 |  6  7 |  9 |
   2.53    |  1  9 10 |  2  3 |  4  8 |  5 |  6  7 |
   2.56    |  1  9 10 |  2  3 |  4  5  8 |  6  7 |
   3.00    |  1  6  7  9 10 |  2  3 |  4  5  8 |
   3.60    |  1  2  3  6  7  9 10 |  4  5  8 |
   4.87    |  1  2  3  4  5  6  7  8  9 10 |
  Finished Docking Ligand                  : /mnt/c/Users/ricca/Desktop/Documents/1_Coding/1_Script_Github/Reverse_Docking_Explore_V3/3l9n/ligand_prepared.mol2
--------------------------------------------------------------------------------

  Relative_Ligand_Energy (best encountered) :  -0.756
  Relative_Ligand_Energy: fitness values have been corrected using this amount
