Warning message: 
check_atom_types: atom   37 in /mnt/c/Users/ricca/Desktop/Documents/1_Coding/1_Script_Github/Reverse_Docking_Explore_V3/3ama/cavity_B_THR5.mol2 is type  C.ar but should be   C.2

Warning message: 
check_atom_types: can't deduce type of atom   81 in /mnt/c/Users/ricca/Desktop/Documents/1_Coding/1_Script_Github/Reverse_Docking_Explore_V3/3ama/cavity_B_THR5.mol2

Warning message: 
check_atom_types: can't deduce type of atom   83 in /mnt/c/Users/ricca/Desktop/Documents/1_Coding/1_Script_Github/Reverse_Docking_Explore_V3/3ama/cavity_B_THR5.mol2

Warning message: 
check_atom_types: can't deduce type of atom   84 in /mnt/c/Users/ricca/Desktop/Documents/1_Coding/1_Script_Github/Reverse_Docking_Explore_V3/3ama/cavity_B_THR5.mol2

Warning message: 
check_atom_types: can't deduce type of atom  103 in /mnt/c/Users/ricca/Desktop/Documents/1_Coding/1_Script_Github/Reverse_Docking_Explore_V3/3ama/cavity_B_THR5.mol2

Warning message: 
check_atom_types: can't deduce type of atom  105 in /mnt/c/Users/ricca/Desktop/Documents/1_Coding/1_Script_Github/Reverse_Docking_Explore_V3/3ama/cavity_B_THR5.mol2

Warning message: 
check_atom_types: can't deduce type of atom  106 in /mnt/c/Users/ricca/Desktop/Documents/1_Coding/1_Script_Github/Reverse_Docking_Explore_V3/3ama/cavity_B_THR5.mol2

Warning message: 
check_atom_types: can't deduce type of atom  114 in /mnt/c/Users/ricca/Desktop/Documents/1_Coding/1_Script_Github/Reverse_Docking_Explore_V3/3ama/cavity_B_THR5.mol2

Warning message: 
check_atom_types: can't deduce type of atom  116 in /mnt/c/Users/ricca/Desktop/Documents/1_Coding/1_Script_Github/Reverse_Docking_Explore_V3/3ama/cavity_B_THR5.mol2

Warning message: 
check_atom_types: can't deduce type of atom  117 in /mnt/c/Users/ricca/Desktop/Documents/1_Coding/1_Script_Github/Reverse_Docking_Explore_V3/3ama/cavity_B_THR5.mol2

Warning message: 
check_atom_types: atom  154 in /mnt/c/Users/ricca/Desktop/Documents/1_Coding/1_Script_Github/Reverse_Docking_Explore_V3/3ama/cavity_B_THR5.mol2 is type  C.ar but should be   C.2

