
--------------------------------------------------------------------------------
--- Ligand                                                                   ---
--------------------------------------------------------------------------------
  Ligand loaded from file                  : /mnt/c/Users/ricca/Desktop/Documents/1_Coding/1_Script_Github/Reverse_Docking_Explore_V3/3ovv/ligand_prepared.mol2
  Ligand name                              :  
  "CT1002167954                                                             "

--------------------------------------------------------------------------------
  N.plc donors                             : 
  none found

  Acidic nitrogen acceptors                : 
  none found
  Sulfur acceptors                         :
  none found


  Donor atoms                              :      2
  8   10  
  Acceptor atoms                           :      3
  9   11  17  

  Hydrogens                                :  (n = 2)
  22   23   

  Lone pairs added to molecule             :      6
  Numbering                                : from 30 to 35

--------------------------------------------------------------------------------
--- Postprocessing of typing                                                 ---
--------------------------------------------------------------------------------
  Fragment file                            : /home/hitesit/CCDC/Discovery_2022/GOLD/gold/rotatable_bond_override.mol2
  acylurea fragment                        : 2 matches
  Ligand bond 15-8  set to flip
  Ligand bond 15-10  set to flip
  Ligand bond 15-10  set to 1
  Ligand bond 15-8  set to 1
  Ligand bond 10-4  set to flip
  Ligand bond 8-3  set to flip
  thioacylthiourea fragment                : no matches
  acylthiourea fragment                    : no matches
  thioacylurea fragment                    : no matches
  diarylamine fragment >C.ar-NH-C.ar<      : no matches
  sec-amine (1) fragment                   : no matches
  sec-amine (2) fragment                   : no matches
  sec-amine (3) fragment                   : no matches
  carboxylic ester                         : no matches

* Rotatable bonds in /mnt/c/Users/ricca/D  :
  [   1    2] [   1    5] 
  No. of rotatable bonds                   :      2


* Reading torsional distributions from file:
  /home/hitesit/CCDC/Discovery_2022/GOLD/gold/gold.tordist
  No. of bins in torsional distributions   :     36
  Minimum size of largest peak             :      0
  Removing high energy torsions            : on
  Delta E set to                           :   2.500

* Fragments found in /mnt/c/Users/ricca/D  :
  atom   2: benzene
  atom   6: benzene
  atom   7: benzene
  atom  13: benzene
  atom  14: benzene
  atom  16: benzene


* Checking torsion distributions:                                               
  No. of matched torsions                  :      0

--------------------------------------------------------------------------------
--- Shape fitting atoms selection (hydrophobic atoms)                        ---
--------------------------------------------------------------------------------
  Molecule                                 : /mnt/c/Users/ricca/Desktop/Documents/1_Coding/1_Script_Github/Reverse_Docking_Explore_V3/3ovv/ligand_prepared.mol2
  Selection                                : carbons only
  Atom numbers                             :  (n = 7)
  5    6    7    12   13   14   16   

--------------------------------------------------------------------------------
--- Diverse Solutions Setup                                                  ---
--------------------------------------------------------------------------------
  Cluster size                             :      2
  RMSD                                     :   2.000
  Refinement                               :      0


--------------------------------------------------------------------------------
--- ChemScore ligand setup summary                                           ---
--------------------------------------------------------------------------------
  ChemScore ligand acceptors               :      3
  9 11 17 
  ChemScore ligand donors                  :      2
  8 ( 22  ) 10 ( 23  ) 
  ChemScore ligand CH donors               :      0
  

  ChemScore ligand lipophilic atoms        :  (n = 9)
  1    2    5    6    7    12   13   14   16   

  ChemScore ligand rotatable bonds         :      2
  1   (C1 ) - 2   (C2 ): SP3_SP2_BOND
  1   (C1 ) - 5   (C5 ): SP3_SP3_BOND

--------------------------------------------------------------------------------
--- PLP ligand setup summary                                                 ---
--------------------------------------------------------------------------------
    1    C1   C.3 NONPOLAR
    2    C2  C.ar NONPOLAR
    3    C3   C.2 NONPOLAR
    4    C4   C.2 NONPOLAR
    5    C5   C.3 NONPOLAR
    6    C6  C.ar NONPOLAR
    7    C7  C.ar NONPOLAR
    8    N8  N.am DONOR
    9    O9   O.2 ACCEPTOR
   10   N10  N.am DONOR
   11   O11   O.2 ACCEPTOR
   12   C12   C.3 NONPOLAR
   13   C13  C.ar NONPOLAR
   14   C14  C.ar NONPOLAR
   15   C15   C.2 NONPOLAR
   16   C16  C.ar NONPOLAR
   17   O17   O.2 ACCEPTOR

--------------------------------------------------------------------------------
--- Automatic parameter setting                                              ---
--------------------------------------------------------------------------------
  Contribution base                        :   2500
  Contribution per rotatable bond          :   6000
  Contribution per df                      :   4000
  Contribution per water                   :  10000
  Ligand rotatable bonds                   :      2
  Protein flexible side chain bonds        :      0
  Total rotatable bonds                    :      2
  Hydrophobic vol ratio (P/L)              :   4.144
  Base multiplier (polar)                  :   1.000
  Base multiplier (apolar)                 :   5.802
  Base contribution                        : 15000.000
  Fitting points                           :      5
  Estimated maxops needed (optimal)        :  27500
  Autoscale factor (in percent)            :     10
  Scaled maxops                            :   3000

--------------------------------------------------------------------------------

* Population settings                                                           
  maxops                                   :   3000
  popsiz                                   :    100
  select_pressure                          :   1.100
  n_islands                                :      1
  niche_siz                                :      2

* GA settings                                                                   
  pt_crosswt                               :    100
  allele_mutatewt                          :    100
  migratewt                                :      0

* Search settings                                                               
  start_vdw_linear_cutoff                  :   6.000
  initial_virtual_pt_match_max             :   3.000
  Scaling of internal VDW energy           : log scale from  0.2 to    1
                                             over 2250 ops
  Sampling interval (operations)           :     30
  Scaling of virtual pt maximum length     : linear scale from    3 to    2
                                             over  2250 ops
  Sampling interval (operations)           :     90
  Scaling of 4-8 potential cutoff          : log scale from    6 to 1.2e+02
                                             over 2250 ops
  Sampling interval (operations)           :     90

--------------------------------------------------------------------------------

* Ligand initialisation time :                                                  
  total  0.0723 user  0.0343 sys  0.0380

--------------------------------------------------------------------------------

--------------------------------------------------------------------------------
** Docking run number  1 **
--------------------------------------------------------------------------------
  Rank fitness base is 5000.00 ; increment is 11.2233

* Initialising population(s) ...                                                
Number of constraints mappings 0
Number of constraints 0
  Population no.                           :      1
  Population size                          :    100
  Number of duplicates                     :      0
  Number of niche violations               :      0
  Number of errors                         :  28130


Doing GA, no. of population(s) 1 size 100 selection pressure 1.100000

 Operation      Fitness  S(hb_ext) S(vdw_ext)  S(hb_int)    S(int)      intcor
         0      34.70       1.08      25.16       0.00      -4.87      -0.80
        30      37.48       1.21      26.51       0.00      -0.86      -0.80
        90      37.76       3.07      25.36       0.00      -0.86      -0.80
Reordering...
       180      36.97       1.12      26.21       0.00      -0.86      -0.80
       215      37.23       1.12      26.40       0.00      -0.80      -0.80
       267      38.17       2.82      25.86       0.00      -0.86      -0.80
       393      39.47       2.16      27.30       0.00      -0.89      -0.80
       964      39.09       2.04      27.20       0.00      -0.89      -0.80
Reordering...
      1260      37.71       1.80      26.43       0.00      -0.90      -0.79
      1275      37.72       1.80      26.45       0.00      -0.90      -0.78
      1421      38.52       2.71      26.41       0.00      -0.91      -0.78
      1630      38.60       2.52      26.64       0.00      -0.87      -0.78
      1710      38.53       1.65      27.15       0.00      -0.66      -0.78
      1853      38.46       1.60      27.16       0.00      -0.66      -0.78
      2112      38.84       0.70      27.96       0.00      -0.34      -0.78
      2428      38.81       0.63      28.02       0.00      -0.34      -0.78
--------------------------------------------------------------------------------
Best docking solution after GA:
      3000      38.81       0.63      28.02       0.00      -0.34      -0.77

#ops:       3000 #mutates:   1503 #cross:     1497 #dups:       605 
#niche:     1566 #errors:     368 
--------------------------------------------------------------------------------

Doing AMOEBA simplex on best individual
Done simplexing #iterations 761, best score  44.98

Ligand is stored in gold_soln_ligand_prepared_m1_1.mol2


--------------------------------------------------------------------------------
--- GoldScore breakdown of terms                                             ---
--------------------------------------------------------------------------------
Fitness = S(hb_ext) + 1.3750*S(vdw_ext) + S(hb_int) + 1.0000*S(int)
S(int)  = S(vdw_int) + S(tors)

Internal terms are relative to best energy found (intcor).

--------------------------------------------------------------------------------


     Fitness  S(hb_ext) S(vdw_ext)  S(hb_int)    S(int)      intcor
     44.98       0.10      32.68       0.00      -0.06      -0.77

--------------------------------------------------------------------------------
--- GoldScore analysis of protein-ligand interactions                        ---
--------------------------------------------------------------------------------

  Ligand donor    8 hydrogen   22 Protein acceptor  594 bond energy  2.00 wt 0.01
  Ligand donor   10 hydrogen   23 Protein acceptor 2655 bond energy  2.00 wt 0.04

--------------------------------------------------------------------------------

--------------------------------------------------------------------------------
--- Rescoring solution                                                       ---
--------------------------------------------------------------------------------

     Score     S(PLP)   S(hbond)     S(cho)   S(metal)  DE(clash)   DE(tors)
     35.03     -31.49       1.26       0.00       0.00       0.00       0.12

Doing AMOEBA simplex on best individual
Done simplexing #iterations 1272, best score  48.45

     Score     S(PLP)   S(hbond)     S(cho)   S(metal)  DE(clash)   DE(tors)
     48.45     -47.63       0.88       0.00       0.00       0.00       0.91

--------------------------------------------------------------------------------
--- CHEMPLP breakdown of terms                                               ---
--------------------------------------------------------------------------------
CHEMPLP = - ( 1.0000*S(PLP) + -3.0000*S(hbond) + -6.0000*S(metal) + -3.0000*S(cho) )

Score = CHEMPLP - 1.0000*DE(clash) - 2.0000*DE(tors)


--------------------------------------------------------------------------------


--------------------------------------------------------------------------------
--- PLP analysis of protein-ligand interactions                              ---
--------------------------------------------------------------------------------
hydrogen bonding        :      -2.71
metal                   :       0.00
buried (polar-nonpolar) :      -1.16
nonpolar                :     -46.40
repulsive               :       2.30
--------------------------------------------------------------------------------


--------------------------------------------------------------------------------
--- ChemScore analysis of protein-ligand interactions                        ---
--------------------------------------------------------------------------------

* Hydrogen bonds                                                                
Ligand donor    8 hydrogen   22 Protein acceptor  594 bond energy  1.00 wt 0.18
Ligand donor   10 hydrogen   23 Protein acceptor 2655 bond energy  1.00 wt 0.70


* CH..O interactions                                                            
  CH group selection                       : activated ring CH (adjacent to hetatom)

--------------------------------------------------------------------------------


--------------------------------------------------------------------------------
--- Intra-ligand clashes                                                     ---
--------------------------------------------------------------------------------

Ligand
--------------------------------------------------------------------------------


--------------------------------------------------------------------------------
--- Chromosome decoded                                                       ---
--------------------------------------------------------------------------------
Ligand Torsions
[   6    2    1    3]  -48.86
[  12    5    1    2]  173.01
Protein Torsions
[3718 3716 3715 3713]   63.31 
[3645 3636 3635 3633]  175.62 
[3915 3906 3905 3903]  178.12 
[3186 3179 3177 3174]  -71.28 
[5212 5203 5202 5200]   74.21 
[2635 2624 2623 2622]  124.03 
[ 604  597  595  592]   70.35 
[1944 1939 1938 1935]  168.37 
[3236 3227 3226 3224]   91.30 
[ 622  617  616  613]   63.21 
[3127 3124 3123 3122]  -78.84 
[3412 3403 3402 3400]  -23.25 
[3128 3125 3123 3122]  -23.47 
Mapping
Ligand acceptors to protein hydrogens (mapping then atom ids)
Ligand hydrogens to protein acceptors (mapping then atom ids)
  1  40 [ 22-> 594]
Ligand shape atoms to protein points (mapping then atom ids & coords)
  4 10836 [ 12->( -9.000  -7.500  18.000)]
  7 12325 [ 16->( -8.500 -11.750  15.500)]
Chromosome values
Integers:
  -1   -1   -1   39   -1   -1   -1   -1 10835   -1   -1 12324 
--------------------------------------------------------------------------------


--------------------------------------------------------------------------------
--- Diverse Solutions Stats                                                  ---
--------------------------------------------------------------------------------
  Move attempts                            :  17538
  Move failures                            :      0
  Failure rate                             :   0.000

--------------------------------------------------------------------------------

Current Ranking  1

--------------------------------------------------------------------------------

* GA execution time :                                                           
  total  1.3729 user  1.2983 sys  0.0746

--------------------------------------------------------------------------------
Fitness function evaluations: 46060

--------------------------------------------------------------------------------
** Docking run number  2 **
--------------------------------------------------------------------------------
  Rank fitness base is 5000.00 ; increment is 11.2233

* Initialising population(s) ...                                                
Number of constraints mappings 0
Number of constraints 0
  Population no.                           :      1
  Population size                          :    100
  Number of duplicates                     :      0
  Number of niche violations               :      0
  Number of errors                         :  28544


Doing GA, no. of population(s) 1 size 100 selection pressure 1.100000

 Operation      Fitness  S(hb_ext) S(vdw_ext)  S(hb_int)    S(int)      intcor
         0      42.26       0.00      33.53       0.00     -19.25      -0.76
       343      41.28       0.00      32.57       0.00     -13.87      -0.76
       548      39.01       0.00      31.34       0.00     -13.87      -0.76
       846      36.92       0.13      28.05       0.00      -4.88      -0.76
       997      36.80       0.00      30.57       0.00     -12.90      -0.76
      1072      37.19       0.00      31.58       0.00     -14.71      -0.76
      1085      37.77       0.13      29.87       0.00      -7.92      -0.76
      1163      38.05       0.00      31.66       0.00     -12.13      -0.76
      1200      40.27       0.00      33.06       0.00     -10.99      -0.76
      1466      39.55       0.00      31.20       0.00      -5.97      -0.76
      2139      37.45       0.00      31.22       0.00      -5.97      -0.76
      2246      37.99       1.59      26.67       0.00      -0.29      -0.76
      2529      38.16       1.59      26.81       0.00      -0.29      -0.76
      2707      38.16       1.59      26.81       0.00      -0.29      -0.76
      2866      38.19       1.59      26.67       0.00      -0.08      -0.76
      2893      38.40       1.60      26.78       0.00      -0.02      -0.76
--------------------------------------------------------------------------------
Best docking solution after GA:
      3000      38.40       1.60      26.78       0.00      -0.02      -0.76

#ops:       3000 #mutates:   1487 #cross:     1513 #dups:       564 
#niche:     1609 #errors:     276 
--------------------------------------------------------------------------------

Doing AMOEBA simplex on best individual
Done simplexing #iterations 1192, best score  46.79

Ligand is stored in gold_soln_ligand_prepared_m1_2.mol2


--------------------------------------------------------------------------------
--- GoldScore breakdown of terms                                             ---
--------------------------------------------------------------------------------
Fitness = S(hb_ext) + 1.3750*S(vdw_ext) + S(hb_int) + 1.0000*S(int)
S(int)  = S(vdw_int) + S(tors)

Internal terms are relative to best energy found (intcor).

--------------------------------------------------------------------------------


     Fitness  S(hb_ext) S(vdw_ext)  S(hb_int)    S(int)      intcor
     46.79       1.12      33.24       0.00      -0.04      -0.76

--------------------------------------------------------------------------------
--- GoldScore analysis of protein-ligand interactions                        ---
--------------------------------------------------------------------------------

  Ligand donor    8 hydrogen   22 Protein acceptor 2674 bond energy  2.00 wt 0.56

--------------------------------------------------------------------------------

--------------------------------------------------------------------------------
--- Rescoring solution                                                       ---
--------------------------------------------------------------------------------

     Score     S(PLP)   S(hbond)     S(cho)   S(metal)  DE(clash)   DE(tors)
     20.07     -18.07       1.00       0.00       0.00       0.00       0.50

Doing AMOEBA simplex on best individual
Done simplexing #iterations 1653, best score  41.19

     Score     S(PLP)   S(hbond)     S(cho)   S(metal)  DE(clash)   DE(tors)
     41.19     -37.28       1.48       0.00       0.00       0.00       0.26

--------------------------------------------------------------------------------
--- CHEMPLP breakdown of terms                                               ---
--------------------------------------------------------------------------------
CHEMPLP = - ( 1.0000*S(PLP) + -3.0000*S(hbond) + -6.0000*S(metal) + -3.0000*S(cho) )

Score = CHEMPLP - 1.0000*DE(clash) - 2.0000*DE(tors)


--------------------------------------------------------------------------------


--------------------------------------------------------------------------------
--- PLP analysis of protein-ligand interactions                              ---
--------------------------------------------------------------------------------
hydrogen bonding        :      -3.56
metal                   :       0.00
buried (polar-nonpolar) :       2.17
nonpolar                :     -40.03
repulsive               :       3.05
--------------------------------------------------------------------------------


--------------------------------------------------------------------------------
--- ChemScore analysis of protein-ligand interactions                        ---
--------------------------------------------------------------------------------

* Hydrogen bonds                                                                
Ligand donor    8 hydrogen   22 Protein acceptor 2674 bond energy  1.00 wt 0.71
Ligand donor   10 hydrogen   23 Protein acceptor  594 bond energy  1.00 wt 0.76


* CH..O interactions                                                            
  CH group selection                       : activated ring CH (adjacent to hetatom)

--------------------------------------------------------------------------------


--------------------------------------------------------------------------------
--- Intra-ligand clashes                                                     ---
--------------------------------------------------------------------------------

Ligand
--------------------------------------------------------------------------------


--------------------------------------------------------------------------------
--- Chromosome decoded                                                       ---
--------------------------------------------------------------------------------
Ligand Torsions
[   6    2    1    3]  -73.35
[  12    5    1    2] -172.07
Protein Torsions
[3718 3716 3715 3713]   98.26 
[3645 3636 3635 3633]  -89.50 
[3915 3906 3905 3903]   44.66 
[3186 3179 3177 3174]  -93.36 
[5212 5203 5202 5200] -176.13 
[2635 2624 2623 2622]  139.01 
[ 604  597  595  592]  119.49 
[1944 1939 1938 1935]  147.94 
[3236 3227 3226 3224]  124.59 
[ 622  617  616  613]  161.04 
[3127 3124 3123 3122]  -76.36 
[3412 3403 3402 3400]  -21.46 
[3128 3125 3123 3122] -172.52 
Mapping
Ligand acceptors to protein hydrogens (mapping then atom ids)
Ligand hydrogens to protein acceptors (mapping then atom ids)
  1  56 [ 22->2674]
Ligand shape atoms to protein points (mapping then atom ids & coords)
  1  8584 [  5->(-10.000  -7.250  16.250)]
  2  9967 [  6->( -9.250  -7.750  18.500)]
  5 11510 [ 13->( -8.750 -11.000  18.000)]
  7 10609 [ 16->( -9.000 -10.250  19.250)]
Chromosome values
Integers:
  -1   -1   -1   55   -1 8583 9966   -1   -1 11509   -1 10608 
--------------------------------------------------------------------------------


--------------------------------------------------------------------------------
--- Diverse Solutions Stats                                                  ---
--------------------------------------------------------------------------------
  Move attempts                            :  19447
  Move failures                            :      0
  Failure rate                             :   0.000

--------------------------------------------------------------------------------

Current Ranking  2  1

--------------------------------------------------------------------------------

* GA execution time :                                                           
  total  1.3791 user  1.3256 sys  0.0535

--------------------------------------------------------------------------------
Fitness function evaluations: 48290

--------------------------------------------------------------------------------
** Docking run number  3 **
--------------------------------------------------------------------------------
  Rank fitness base is 5000.00 ; increment is 11.2233

* Initialising population(s) ...                                                
Number of constraints mappings 0
Number of constraints 0
  Population no.                           :      1
  Population size                          :    100
  Number of duplicates                     :      0
  Number of niche violations               :      0
  Number of errors                         :  28183


Doing GA, no. of population(s) 1 size 100 selection pressure 1.100000

 Operation      Fitness  S(hb_ext) S(vdw_ext)  S(hb_int)    S(int)      intcor
         0      35.84       0.41      27.92       0.00     -14.77      -0.76
        38      37.93       0.00      31.31       0.00     -25.04      -0.76
Reordering...
       450      32.84       0.28      26.64       0.00     -14.77      -0.76
Reordering...
       690      31.22       0.31      23.09       0.00      -2.59      -0.76
       750      32.28       1.65      22.57       0.00      -1.17      -0.76
       830      31.84      11.89      14.91       0.00      -1.54      -0.76
       887      32.03      12.00      14.99       0.00      -1.54      -0.76
       960      34.14       0.16      24.73       0.00      -0.05      -0.76
Reordering...
      1350      31.76      11.96      14.99       0.00      -1.54      -0.76
Reordering...
      1380      31.75       0.06      23.07       0.00      -0.05      -0.76
Reordering...
      1440      31.70      11.96      14.99       0.00      -1.54      -0.76
      1574      32.43       1.10      23.65       0.00      -1.95      -0.76
Reordering...
      1710      31.50      11.94      14.99       0.00      -1.54      -0.76
      1834      31.65      10.05      18.26       0.00      -4.73      -0.76
Reordering...
      1980      31.26      11.92      14.99       0.00      -1.54      -0.76
      2332      31.40      11.89      15.05       0.00      -1.18      -0.76
      2553      33.79       0.55      25.59       0.00      -1.95      -0.76
--------------------------------------------------------------------------------
Best docking solution after GA:
      3000      33.79       0.55      25.59       0.00      -1.95      -0.76

#ops:       3000 #mutates:   1498 #cross:     1502 #dups:       616 
#niche:     1493 #errors:     412 
--------------------------------------------------------------------------------

Doing AMOEBA simplex on best individual
Done simplexing #iterations 1047, best score  38.04

Ligand is stored in gold_soln_ligand_prepared_m1_3.mol2


--------------------------------------------------------------------------------
--- GoldScore breakdown of terms                                             ---
--------------------------------------------------------------------------------
Fitness = S(hb_ext) + 1.3750*S(vdw_ext) + S(hb_int) + 1.0000*S(int)
S(int)  = S(vdw_int) + S(tors)

Internal terms are relative to best energy found (intcor).

--------------------------------------------------------------------------------


     Fitness  S(hb_ext) S(vdw_ext)  S(hb_int)    S(int)      intcor
     38.04       0.28      29.04       0.00      -2.16      -0.76

--------------------------------------------------------------------------------
--- GoldScore analysis of protein-ligand interactions                        ---
--------------------------------------------------------------------------------

  Ligand acceptor   11 Protein hydrogen 5212 donor 5203 bond energy  2.00 wt 0.02
  Ligand donor    8 hydrogen   22 Protein acceptor 2674 bond energy  2.00 wt 0.12

--------------------------------------------------------------------------------

--------------------------------------------------------------------------------
--- Rescoring solution                                                       ---
--------------------------------------------------------------------------------

     Score     S(PLP)   S(hbond)     S(cho)   S(metal)  DE(clash)   DE(tors)
     25.51     -24.71       0.76       0.00       0.00       1.23       0.12

Doing AMOEBA simplex on best individual
Done simplexing #iterations 1062, best score  35.16

     Score     S(PLP)   S(hbond)     S(cho)   S(metal)  DE(clash)   DE(tors)
     35.16     -34.51       0.69       0.00       0.00       1.35       0.03

--------------------------------------------------------------------------------
--- CHEMPLP breakdown of terms                                               ---
--------------------------------------------------------------------------------
CHEMPLP = - ( 1.0000*S(PLP) + -3.0000*S(hbond) + -6.0000*S(metal) + -3.0000*S(cho) )

Score = CHEMPLP - 1.0000*DE(clash) - 2.0000*DE(tors)


--------------------------------------------------------------------------------


--------------------------------------------------------------------------------
--- PLP analysis of protein-ligand interactions                              ---
--------------------------------------------------------------------------------
hydrogen bonding        :      -1.74
metal                   :       0.00
buried (polar-nonpolar) :      -0.30
nonpolar                :     -33.39
repulsive               :       0.60
--------------------------------------------------------------------------------


--------------------------------------------------------------------------------
--- ChemScore analysis of protein-ligand interactions                        ---
--------------------------------------------------------------------------------

* Hydrogen bonds                                                                
Ligand donor    8 hydrogen   22 Protein acceptor 2674 bond energy  1.00 wt 0.69


* CH..O interactions                                                            
  CH group selection                       : activated ring CH (adjacent to hetatom)

--------------------------------------------------------------------------------


--------------------------------------------------------------------------------
--- Intra-ligand clashes                                                     ---
--------------------------------------------------------------------------------

Ligand
  7 (C7   ) -   3 (C3   ):   1.35 (dist   2.71)
--------------------------------------------------------------------------------


--------------------------------------------------------------------------------
--- Chromosome decoded                                                       ---
--------------------------------------------------------------------------------
Ligand Torsions
[   6    2    1    3]  174.98
[  12    5    1    2]  175.21
Protein Torsions
[3718 3716 3715 3713]  -34.27 
[3645 3636 3635 3633]  -85.15 
[3915 3906 3905 3903]  -23.35 
[3186 3179 3177 3174]  -63.83 
[5212 5203 5202 5200]   85.37 
[2635 2624 2623 2622]   44.09 
[ 604  597  595  592]   27.20 
[1944 1939 1938 1935] -136.97 
[3236 3227 3226 3224]   57.36 
[ 622  617  616  613] -104.35 
[3127 3124 3123 3122]  -74.55 
[3412 3403 3402 3400]  -44.27 
[3128 3125 3123 3122]  130.64 
Mapping
Ligand acceptors to protein hydrogens (mapping then atom ids)
Ligand hydrogens to protein acceptors (mapping then atom ids)
  1  56 [ 22->2674]
Ligand shape atoms to protein points (mapping then atom ids & coords)
  1  8029 [  5->(-10.500  -7.500  17.250)]
  3 14449 [  7->( -6.750  -5.250  19.750)]
  5 14772 [ 13->( -5.500  -5.250  19.750)]
  6 14439 [ 14->( -6.750  -5.500  18.500)]
  7 14715 [ 16->( -5.750  -5.250  19.000)]
Chromosome values
Integers:
  -1   -1   -1   55   -1 8028   -1 14448   -1 14771 14438 14714 
--------------------------------------------------------------------------------


--------------------------------------------------------------------------------
--- Diverse Solutions Stats                                                  ---
--------------------------------------------------------------------------------
  Move attempts                            :  17643
  Move failures                            :      0
  Failure rate                             :   0.000

--------------------------------------------------------------------------------

Current Ranking  2  1  3

--------------------------------------------------------------------------------

* GA execution time :                                                           
  total  1.2566 user  1.2291 sys  0.0274

--------------------------------------------------------------------------------
Fitness function evaluations: 46259

--------------------------------------------------------------------------------
** Docking run number  4 **
--------------------------------------------------------------------------------
  Rank fitness base is 5000.00 ; increment is 11.2233

* Initialising population(s) ...                                                
Number of constraints mappings 0
Number of constraints 0
  Population no.                           :      1
  Population size                          :    100
  Number of duplicates                     :      0
  Number of niche violations               :      0
  Number of errors                         :  27160


Doing GA, no. of population(s) 1 size 100 selection pressure 1.100000

 Operation      Fitness  S(hb_ext) S(vdw_ext)  S(hb_int)    S(int)      intcor
         0      39.47       0.00      29.79       0.00      -7.48      -0.76
       150      38.21       0.00      29.00       0.00      -7.48      -0.76
       158      38.79       0.08      28.74       0.00      -3.61      -0.76
       271      38.82       0.00      29.63       0.00      -7.94      -0.76
       627      37.59       1.03      27.62       0.00      -4.58      -0.76
       762      37.25       0.99      27.51       0.00      -4.58      -0.76
      1189      36.06       1.95      27.47       0.00      -7.94      -0.76
Reordering...
      1260      35.30       0.88      26.68       0.00      -4.58      -0.76
Reordering...
      1350      35.11       1.24      24.96       0.00      -0.86      -0.76
      1371      36.06       1.20      25.68       0.00      -0.86      -0.76
      1700      36.04       1.09      25.84       0.00      -0.86      -0.76
Reordering...
      1710      36.48       1.12      26.14       0.00      -0.86      -0.76
      1736      36.91       1.14      26.39       0.00      -0.75      -0.76
Reordering...
      1740      37.77       1.36      26.81       0.00      -0.65      -0.76
      1926      37.15       1.35      26.41       0.00      -0.65      -0.76
      1940      39.10       1.25      27.93       0.00      -0.69      -0.76
      2130      39.46       1.40      28.29       0.00      -0.91      -0.76
      2136      40.66       1.38      28.92       0.00      -0.54      -0.76
      2489      41.31       1.38      29.43       0.00      -0.54      -0.76
      2874      42.08       1.46      29.62       0.00      -0.12      -0.76
--------------------------------------------------------------------------------
Best docking solution after GA:
      3000      42.08       1.46      29.62       0.00      -0.12      -0.76

#ops:       3000 #mutates:   1492 #cross:     1508 #dups:       614 
#niche:     1551 #errors:     302 
--------------------------------------------------------------------------------

Doing AMOEBA simplex on best individual
Done simplexing #iterations 1003, best score  44.65

Ligand is stored in gold_soln_ligand_prepared_m1_4.mol2


--------------------------------------------------------------------------------
--- GoldScore breakdown of terms                                             ---
--------------------------------------------------------------------------------
Fitness = S(hb_ext) + 1.3750*S(vdw_ext) + S(hb_int) + 1.0000*S(int)
S(int)  = S(vdw_int) + S(tors)

Internal terms are relative to best energy found (intcor).

--------------------------------------------------------------------------------


     Fitness  S(hb_ext) S(vdw_ext)  S(hb_int)    S(int)      intcor
     44.65       1.32      31.55       0.00      -0.05      -0.76

--------------------------------------------------------------------------------
--- GoldScore analysis of protein-ligand interactions                        ---
--------------------------------------------------------------------------------

  Ligand donor    8 hydrogen   22 Protein acceptor 2674 bond energy  2.00 wt 0.66

--------------------------------------------------------------------------------

--------------------------------------------------------------------------------
--- Rescoring solution                                                       ---
--------------------------------------------------------------------------------

     Score     S(PLP)   S(hbond)     S(cho)   S(metal)  DE(clash)   DE(tors)
     24.89     -23.96       0.67       0.00       0.00       0.00       0.54

Doing AMOEBA simplex on best individual
Done simplexing #iterations 1141, best score  39.91

     Score     S(PLP)   S(hbond)     S(cho)   S(metal)  DE(clash)   DE(tors)
     39.91     -37.36       1.09       0.00       0.00       0.00       0.36

--------------------------------------------------------------------------------
--- CHEMPLP breakdown of terms                                               ---
--------------------------------------------------------------------------------
CHEMPLP = - ( 1.0000*S(PLP) + -3.0000*S(hbond) + -6.0000*S(metal) + -3.0000*S(cho) )

Score = CHEMPLP - 1.0000*DE(clash) - 2.0000*DE(tors)


--------------------------------------------------------------------------------


--------------------------------------------------------------------------------
--- PLP analysis of protein-ligand interactions                              ---
--------------------------------------------------------------------------------
hydrogen bonding        :      -2.00
metal                   :       0.00
buried (polar-nonpolar) :      -0.63
nonpolar                :     -37.87
repulsive               :       2.94
--------------------------------------------------------------------------------


--------------------------------------------------------------------------------
--- ChemScore analysis of protein-ligand interactions                        ---
--------------------------------------------------------------------------------

* Hydrogen bonds                                                                
Ligand donor    8 hydrogen   22 Protein acceptor 2674 bond energy  1.00 wt 1.00
Ligand donor   10 hydrogen   23 Protein acceptor  594 bond energy  1.00 wt 0.09


* CH..O interactions                                                            
  CH group selection                       : activated ring CH (adjacent to hetatom)

--------------------------------------------------------------------------------


--------------------------------------------------------------------------------
--- Intra-ligand clashes                                                     ---
--------------------------------------------------------------------------------

Ligand
--------------------------------------------------------------------------------


--------------------------------------------------------------------------------
--- Chromosome decoded                                                       ---
--------------------------------------------------------------------------------
Ligand Torsions
[   6    2    1    3]  -76.75
[  12    5    1    2] -170.58
Protein Torsions
[3718 3716 3715 3713]   24.71 
[3645 3636 3635 3633]  -43.51 
[3915 3906 3905 3903]  -34.91 
[3186 3179 3177 3174]  -60.73 
[5212 5203 5202 5200]   56.26 
[2635 2624 2623 2622]   79.92 
[ 604  597  595  592]  -18.77 
[1944 1939 1938 1935]   27.57 
[3236 3227 3226 3224]   55.01 
[ 622  617  616  613] -152.89 
[3127 3124 3123 3122] -172.05 
[3412 3403 3402 3400]  137.23 
[3128 3125 3123 3122]   57.53 
Mapping
Ligand acceptors to protein hydrogens (mapping then atom ids)
Ligand hydrogens to protein acceptors (mapping then atom ids)
  1  56 [ 22->2674]
Ligand shape atoms to protein points (mapping then atom ids & coords)
  1  8895 [  5->( -9.750  -8.250  16.000)]
  2  9336 [  6->( -9.500  -8.250  17.500)]
  4  8666 [ 12->(-10.000  -5.750  16.250)]
  7 11567 [ 16->( -8.750 -10.250  20.000)]
Chromosome values
Integers:
  -1   -1   -1   55   -1 8894 9335   -1 8665   -1   -1 11566 
--------------------------------------------------------------------------------


--------------------------------------------------------------------------------
--- Diverse Solutions Stats                                                  ---
--------------------------------------------------------------------------------
  Move attempts                            :  17885
  Move failures                            :      0
  Failure rate                             :   0.000

--------------------------------------------------------------------------------

Current Ranking  2  1  4  3

--------------------------------------------------------------------------------

* GA execution time :                                                           
  total  1.2877 user  1.1448 sys  0.1429

--------------------------------------------------------------------------------
Fitness function evaluations: 45369

--------------------------------------------------------------------------------
** Docking run number  5 **
--------------------------------------------------------------------------------
  Rank fitness base is 5000.00 ; increment is 11.2233

* Initialising population(s) ...                                                
Number of constraints mappings 0
Number of constraints 0
  Population no.                           :      1
  Population size                          :    100
  Number of duplicates                     :      0
  Number of niche violations               :      0
  Number of errors                         :  27182


Doing GA, no. of population(s) 1 size 100 selection pressure 1.100000

 Operation      Fitness  S(hb_ext) S(vdw_ext)  S(hb_int)    S(int)      intcor
         0      39.16       1.00      29.49       0.00     -11.96      -0.76
       142      37.78       0.98      28.65       0.00     -11.96      -0.76
Reordering...
       270      34.60       0.00      29.05       0.00     -22.02      -0.76
       749      32.85       0.00      25.49       0.00      -6.54      -0.76
Reordering...
      1080      27.83       0.00      22.09       0.00      -5.87      -0.76
      1122      30.47       9.86      15.50       0.00      -1.56      -0.76
      1269      33.37       0.71      24.49       0.00      -2.06      -0.76
      1403      33.28       0.85      24.60       0.00      -2.59      -0.76
      1493      32.96       0.85      24.43       0.00      -2.59      -0.76
      1742      31.94       0.84      23.93       0.00      -2.59      -0.76
Reordering...
      2160      29.76       8.74      16.03       0.00      -1.08      -0.76
      2179      30.00       0.82      22.63       0.00      -2.06      -0.76
Reordering...
      2250      29.60       8.65      16.03       0.00      -1.08      -0.76
      2577      30.95       3.81      22.09       0.00      -3.24      -0.76
--------------------------------------------------------------------------------
Best docking solution after GA:
      3000      30.95       3.81      22.09       0.00      -3.24      -0.76

#ops:       3000 #mutates:   1536 #cross:     1464 #dups:       444 
#niche:     1360 #errors:     382 
--------------------------------------------------------------------------------

Doing AMOEBA simplex on best individual
Done simplexing #iterations 987, best score  32.29

Ligand is stored in gold_soln_ligand_prepared_m1_5.mol2


--------------------------------------------------------------------------------
--- GoldScore breakdown of terms                                             ---
--------------------------------------------------------------------------------
Fitness = S(hb_ext) + 1.3750*S(vdw_ext) + S(hb_int) + 1.0000*S(int)
S(int)  = S(vdw_int) + S(tors)

Internal terms are relative to best energy found (intcor).

--------------------------------------------------------------------------------


     Fitness  S(hb_ext) S(vdw_ext)  S(hb_int)    S(int)      intcor
     32.29       3.60      23.06       0.00      -3.02      -0.76

--------------------------------------------------------------------------------
--- GoldScore analysis of protein-ligand interactions                        ---
--------------------------------------------------------------------------------

  Ligand acceptor    9 Protein hydrogen 2636 donor 2624 bond energy  6.00 wt 0.46
  Ligand donor    8 hydrogen   22 Protein acceptor 2592 bond energy  6.00 wt 0.14

--------------------------------------------------------------------------------

--------------------------------------------------------------------------------
--- Rescoring solution                                                       ---
--------------------------------------------------------------------------------

     Score     S(PLP)   S(hbond)     S(cho)   S(metal)  DE(clash)   DE(tors)
     19.46     -17.86       1.00       0.00       0.00       1.38       0.01

Doing AMOEBA simplex on best individual
Done simplexing #iterations 1073, best score  36.65

     Score     S(PLP)   S(hbond)     S(cho)   S(metal)  DE(clash)   DE(tors)
     36.65     -36.16       0.65       0.00       0.00       1.35       0.05

--------------------------------------------------------------------------------
--- CHEMPLP breakdown of terms                                               ---
--------------------------------------------------------------------------------
CHEMPLP = - ( 1.0000*S(PLP) + -3.0000*S(hbond) + -6.0000*S(metal) + -3.0000*S(cho) )

Score = CHEMPLP - 1.0000*DE(clash) - 2.0000*DE(tors)


--------------------------------------------------------------------------------


--------------------------------------------------------------------------------
--- PLP analysis of protein-ligand interactions                              ---
--------------------------------------------------------------------------------
hydrogen bonding        :      -2.07
metal                   :       0.00
buried (polar-nonpolar) :      -5.13
nonpolar                :     -29.12
repulsive               :       1.29
--------------------------------------------------------------------------------


--------------------------------------------------------------------------------
--- ChemScore analysis of protein-ligand interactions                        ---
--------------------------------------------------------------------------------

* Hydrogen bonds                                                                
Ligand donor    8 hydrogen   22 Protein acceptor 2592 bond energy  1.00 wt 0.65


* CH..O interactions                                                            
  CH group selection                       : activated ring CH (adjacent to hetatom)

--------------------------------------------------------------------------------


--------------------------------------------------------------------------------
--- Intra-ligand clashes                                                     ---
--------------------------------------------------------------------------------

Ligand
  7 (C7   ) -   3 (C3   ):   1.35 (dist   2.71)
--------------------------------------------------------------------------------


--------------------------------------------------------------------------------
--- Chromosome decoded                                                       ---
--------------------------------------------------------------------------------
Ligand Torsions
[   6    2    1    3]  179.42
[  12    5    1    2] -178.54
Protein Torsions
[3718 3716 3715 3713]  -59.12 
[3645 3636 3635 3633]  -75.86 
[3915 3906 3905 3903]   85.02 
[3186 3179 3177 3174]  161.31 
[5212 5203 5202 5200] -171.98 
[2635 2624 2623 2622]   38.76 
[ 604  597  595  592] -169.35 
[1944 1939 1938 1935]   53.18 
[3236 3227 3226 3224]   16.75 
[ 622  617  616  613]   22.55 
[3127 3124 3123 3122] -151.78 
[3412 3403 3402 3400] -179.40 
[3128 3125 3123 3122]  -65.75 
Mapping
Ligand acceptors to protein hydrogens (mapping then atom ids)
Ligand hydrogens to protein acceptors (mapping then atom ids)
  1  54 [ 22->2592]
Ligand shape atoms to protein points (mapping then atom ids & coords)
  5 14401 [ 13->( -7.000  -2.500  22.750)]
  6 13594 [ 14->( -8.000  -5.500  18.500)]
Chromosome values
Integers:
  -1   -1   -1   53   -1   -1   -1   -1   -1 14400 13593   -1 
--------------------------------------------------------------------------------


--------------------------------------------------------------------------------
--- Diverse Solutions Stats                                                  ---
--------------------------------------------------------------------------------
  Move attempts                            :  17655
  Move failures                            :      3
  Failure rate                             :   0.000

--------------------------------------------------------------------------------

Current Ranking  2  1  4  3  5

--------------------------------------------------------------------------------

* GA execution time :                                                           
  total  1.0415 user  0.9358 sys  0.1057

--------------------------------------------------------------------------------
Fitness function evaluations: 45238

--------------------------------------------------------------------------------
** Docking run number  6 **
--------------------------------------------------------------------------------
  Rank fitness base is 5000.00 ; increment is 11.2233

* Initialising population(s) ...                                                
Number of constraints mappings 0
Number of constraints 0
  Population no.                           :      1
  Population size                          :    100
  Number of duplicates                     :      0
  Number of niche violations               :      0
  Number of errors                         :  27909


Doing GA, no. of population(s) 1 size 100 selection pressure 1.100000

 Operation      Fitness  S(hb_ext) S(vdw_ext)  S(hb_int)    S(int)      intcor
         0      32.46       2.48      27.09       0.00     -36.31      -0.76
        51      33.04       0.60      25.76       0.00     -14.58      -0.76
       121      36.10       3.71      24.27       0.00      -4.47      -0.76
       122      36.14       0.16      27.99       0.00     -11.51      -0.76
       285      36.78       0.16      27.26       0.00      -3.54      -0.76
       305      37.02       0.35      27.30       0.00      -3.54      -0.76
       366      38.29       0.22      28.89       0.00      -6.39      -0.76
       530      39.45       0.05      29.00       0.00      -1.67      -0.76
       544      40.47       0.17      30.44       0.00      -5.27      -0.76
       694      39.67       0.12      29.19       0.00      -1.81      -0.76
       764      39.86       0.08      30.24       0.00      -5.27      -0.76
       774      39.89       0.08      30.26       0.00      -5.27      -0.76
       789      39.87       0.08      30.31       0.00      -5.41      -0.76
Reordering...
       810      39.41       0.08      29.97       0.00      -5.27      -0.76
      1032      38.18       0.07      29.35       0.00      -5.41      -0.76
      1186      38.19       0.11      29.51       0.00      -5.41      -0.76
      1455      36.60       0.17      28.19       0.00      -4.16      -0.76
      1663      35.89       0.17      27.88       0.00      -4.02      -0.76
      2292      32.27       0.00      24.75       0.00      -1.76      -0.76
      2349      36.18       0.14      29.13       0.00      -4.02      -0.76
      2444      36.21       0.14      29.15       0.00      -4.02      -0.76
      2487      39.85       0.14      30.09       0.00      -1.67      -0.76
      2489      40.05       0.15      30.00       0.00      -1.34      -0.76
      2606      40.06       0.15      30.05       0.00      -1.40      -0.76
      2834      40.09       0.15      30.25       0.00      -1.65      -0.76
      2925      40.12       0.15      30.27       0.00      -1.65      -0.76
--------------------------------------------------------------------------------
Best docking solution after GA:
      3000      40.12       0.15      30.27       0.00      -1.65      -0.76

#ops:       3000 #mutates:   1511 #cross:     1489 #dups:       534 
#niche:     1520 #errors:     371 
--------------------------------------------------------------------------------

Doing AMOEBA simplex on best individual
Done simplexing #iterations 805, best score  42.51

Ligand is stored in gold_soln_ligand_prepared_m1_6.mol2


--------------------------------------------------------------------------------
--- GoldScore breakdown of terms                                             ---
--------------------------------------------------------------------------------
Fitness = S(hb_ext) + 1.3750*S(vdw_ext) + S(hb_int) + 1.0000*S(int)
S(int)  = S(vdw_int) + S(tors)

Internal terms are relative to best energy found (intcor).

--------------------------------------------------------------------------------


     Fitness  S(hb_ext) S(vdw_ext)  S(hb_int)    S(int)      intcor
     42.51       0.12      32.02       0.00      -1.63      -0.76

--------------------------------------------------------------------------------
--- GoldScore analysis of protein-ligand interactions                        ---
--------------------------------------------------------------------------------

  Ligand donor    8 hydrogen   22 Protein acceptor  568 bond energy  2.00 wt 0.06

--------------------------------------------------------------------------------

--------------------------------------------------------------------------------
--- Rescoring solution                                                       ---
--------------------------------------------------------------------------------

     Score     S(PLP)   S(hbond)     S(cho)   S(metal)  DE(clash)   DE(tors)
     27.95     -29.53       0.00       0.00       0.00       1.07       0.26

Doing AMOEBA simplex on best individual
Done simplexing #iterations 894, best score  37.11

     Score     S(PLP)   S(hbond)     S(cho)   S(metal)  DE(clash)   DE(tors)
     37.11     -38.73       0.00       0.00       0.00       0.82       0.40

--------------------------------------------------------------------------------
--- CHEMPLP breakdown of terms                                               ---
--------------------------------------------------------------------------------
CHEMPLP = - ( 1.0000*S(PLP) + -3.0000*S(hbond) + -6.0000*S(metal) + -3.0000*S(cho) )

Score = CHEMPLP - 1.0000*DE(clash) - 2.0000*DE(tors)


--------------------------------------------------------------------------------


--------------------------------------------------------------------------------
--- PLP analysis of protein-ligand interactions                              ---
--------------------------------------------------------------------------------
hydrogen bonding        :      -0.13
metal                   :       0.00
buried (polar-nonpolar) :      -3.64
nonpolar                :     -35.58
repulsive               :       0.33
--------------------------------------------------------------------------------


--------------------------------------------------------------------------------
--- ChemScore analysis of protein-ligand interactions                        ---
--------------------------------------------------------------------------------

* Hydrogen bonds                                                                


* CH..O interactions                                                            
  CH group selection                       : activated ring CH (adjacent to hetatom)

--------------------------------------------------------------------------------


--------------------------------------------------------------------------------
--- Intra-ligand clashes                                                     ---
--------------------------------------------------------------------------------

Ligand
  7 (C7   ) -   3 (C3   ):   0.82 (dist   2.73)
--------------------------------------------------------------------------------


--------------------------------------------------------------------------------
--- Chromosome decoded                                                       ---
--------------------------------------------------------------------------------
Ligand Torsions
[   6    2    1    3]  170.37
[  12    5    1    2]  172.89
Protein Torsions
[3718 3716 3715 3713]  -52.82 
[3645 3636 3635 3633] -116.13 
[3915 3906 3905 3903]   72.22 
[3186 3179 3177 3174]   55.98 
[5212 5203 5202 5200]   60.43 
[2635 2624 2623 2622]   32.25 
[ 604  597  595  592]   28.43 
[1944 1939 1938 1935]   52.56 
[3236 3227 3226 3224] -107.95 
[ 622  617  616  613] -127.70 
[3127 3124 3123 3122]  178.29 
[3412 3403 3402 3400]  -73.07 
[3128 3125 3123 3122]  120.30 
Mapping
Ligand acceptors to protein hydrogens (mapping then atom ids)
Ligand hydrogens to protein acceptors (mapping then atom ids)
  1  45 [ 22-> 568]
Ligand shape atoms to protein points (mapping then atom ids & coords)
  1  8071 [  5->(-10.500  -6.750  18.500)]
  3 11737 [  7->( -8.750  -7.000  17.500)]
  4  7219 [ 12->(-11.250  -8.250  16.250)]
  5 14344 [ 13->( -7.000  -5.250  19.250)]
  7 14859 [ 16->( -5.000  -6.000  19.250)]
Chromosome values
Integers:
  -1   -1   -1   44   -1 8070   -1 11736 7218 14343   -1 14858 
--------------------------------------------------------------------------------


--------------------------------------------------------------------------------
--- Diverse Solutions Stats                                                  ---
--------------------------------------------------------------------------------
  Move attempts                            :  17194
  Move failures                            :      4
  Failure rate                             :   0.000

--------------------------------------------------------------------------------

Current Ranking  2  1  4  6  3  5

--------------------------------------------------------------------------------

* GA execution time :                                                           
  total  1.2564 user  1.1298 sys  0.1266

--------------------------------------------------------------------------------
Fitness function evaluations: 45491

--------------------------------------------------------------------------------
** Docking run number  7 **
--------------------------------------------------------------------------------
  Rank fitness base is 5000.00 ; increment is 11.2233

* Initialising population(s) ...                                                
Number of constraints mappings 0
Number of constraints 0
  Population no.                           :      1
  Population size                          :    100
  Number of duplicates                     :      0
  Number of niche violations               :      0
  Number of errors                         :  27881


Doing GA, no. of population(s) 1 size 100 selection pressure 1.100000

 Operation      Fitness  S(hb_ext) S(vdw_ext)  S(hb_int)    S(int)      intcor
         0      31.00       0.00      25.95       0.00     -23.44      -0.76
        12      39.34       0.31      31.13       0.00     -18.86      -0.76
       606      32.88       0.20      27.97       0.00     -18.86      -0.76
Reordering...
       630      31.82       0.11      23.98       0.00      -4.03      -0.76
       683      34.04       1.05      26.98       0.00     -12.83      -0.76
       968      33.71       0.15      24.91       0.00      -1.73      -0.76
      1668      31.00       0.04      23.16       0.00      -1.36      -0.76
Reordering...
      1890      28.40       0.66      23.33       0.00      -5.62      -0.76
      1943      30.18       0.00      22.73       0.00      -1.36      -0.76
      2658      30.30       4.70      21.12       0.00      -3.45      -0.76
--------------------------------------------------------------------------------
Best docking solution after GA:
      3000      30.30       4.70      21.12       0.00      -3.45      -0.76

#ops:       3000 #mutates:   1528 #cross:     1472 #dups:       540 
#niche:     1459 #errors:     297 
--------------------------------------------------------------------------------

Doing AMOEBA simplex on best individual
Done simplexing #iterations 1139, best score  42.41

Ligand is stored in gold_soln_ligand_prepared_m1_7.mol2


--------------------------------------------------------------------------------
--- GoldScore breakdown of terms                                             ---
--------------------------------------------------------------------------------
Fitness = S(hb_ext) + 1.3750*S(vdw_ext) + S(hb_int) + 1.0000*S(int)
S(int)  = S(vdw_int) + S(tors)

Internal terms are relative to best energy found (intcor).

--------------------------------------------------------------------------------


     Fitness  S(hb_ext) S(vdw_ext)  S(hb_int)    S(int)      intcor
     42.41       7.19      26.38       0.00      -1.05      -0.76

--------------------------------------------------------------------------------
--- GoldScore analysis of protein-ligand interactions                        ---
--------------------------------------------------------------------------------

  Ligand acceptor   17 Protein hydrogen 2635 donor 2624 bond energy  6.00 wt 1.00
  Ligand acceptor    9 Protein hydrogen  618 donor  612 bond energy  2.00 wt 0.60

--------------------------------------------------------------------------------

--------------------------------------------------------------------------------
--- Rescoring solution                                                       ---
--------------------------------------------------------------------------------

     Score     S(PLP)   S(hbond)     S(cho)   S(metal)  DE(clash)   DE(tors)
     24.17     -19.59       1.58       0.00       0.00       0.00       0.08

Doing AMOEBA simplex on best individual
Done simplexing #iterations 1201, best score  42.53

     Score     S(PLP)   S(hbond)     S(cho)   S(metal)  DE(clash)   DE(tors)
     42.53     -39.61       1.00       0.00       0.00       0.00       0.04

--------------------------------------------------------------------------------
--- CHEMPLP breakdown of terms                                               ---
--------------------------------------------------------------------------------
CHEMPLP = - ( 1.0000*S(PLP) + -3.0000*S(hbond) + -6.0000*S(metal) + -3.0000*S(cho) )

Score = CHEMPLP - 1.0000*DE(clash) - 2.0000*DE(tors)


--------------------------------------------------------------------------------


--------------------------------------------------------------------------------
--- PLP analysis of protein-ligand interactions                              ---
--------------------------------------------------------------------------------
hydrogen bonding        :      -3.00
metal                   :       0.00
buried (polar-nonpolar) :      -5.98
nonpolar                :     -35.30
repulsive               :       3.92
--------------------------------------------------------------------------------


--------------------------------------------------------------------------------
--- ChemScore analysis of protein-ligand interactions                        ---
--------------------------------------------------------------------------------

* Hydrogen bonds                                                                
Protein donor  612 hydrogen  618 Ligand acceptor    9 bond energy  1.00 wt 1.00


* CH..O interactions                                                            
  CH group selection                       : activated ring CH (adjacent to hetatom)

--------------------------------------------------------------------------------


--------------------------------------------------------------------------------
--- Intra-ligand clashes                                                     ---
--------------------------------------------------------------------------------

Ligand
--------------------------------------------------------------------------------


--------------------------------------------------------------------------------
--- Chromosome decoded                                                       ---
--------------------------------------------------------------------------------
Ligand Torsions
[   6    2    1    3]  120.73
[  12    5    1    2]  175.88
Protein Torsions
[3718 3716 3715 3713] -100.22 
[3645 3636 3635 3633]  155.92 
[3915 3906 3905 3903]  174.13 
[3186 3179 3177 3174]   86.07 
[5212 5203 5202 5200]  142.10 
[2635 2624 2623 2622]  155.54 
[ 604  597  595  592] -175.71 
[1944 1939 1938 1935]   17.04 
[3236 3227 3226 3224]  -17.76 
[ 622  617  616  613] -155.52 
[3127 3124 3123 3122] -158.37 
[3412 3403 3402 3400]  -22.99 
[3128 3125 3123 3122] -159.02 
Mapping
Ligand acceptors to protein hydrogens (mapping then atom ids)
Ligand hydrogens to protein acceptors (mapping then atom ids)
Ligand shape atoms to protein points (mapping then atom ids & coords)
  2 14529 [  6->( -6.500  -5.250  19.750)]
  4 13740 [ 12->( -8.000   1.000  24.500)]
  6  9491 [ 14->( -9.500  -5.750  18.250)]
  7 14605 [ 16->( -6.250  -5.000  20.000)]
Chromosome values
Integers:
  -1   -1   -1   -1   -1   -1 14528   -1 13739   -1 9490 14604 
--------------------------------------------------------------------------------


--------------------------------------------------------------------------------
--- Diverse Solutions Stats                                                  ---
--------------------------------------------------------------------------------
  Move attempts                            :  18107
  Move failures                            :      0
  Failure rate                             :   0.000

--------------------------------------------------------------------------------

Current Ranking  2  1  4  6  7  3  5

--------------------------------------------------------------------------------

* GA execution time :                                                           
  total  1.1704 user  1.0498 sys  0.1206

--------------------------------------------------------------------------------
Fitness function evaluations: 46304

--------------------------------------------------------------------------------
** Docking run number  8 **
--------------------------------------------------------------------------------
  Rank fitness base is 5000.00 ; increment is 11.2233

* Initialising population(s) ...                                                
Number of constraints mappings 0
Number of constraints 0
  Population no.                           :      1
  Population size                          :    100
  Number of duplicates                     :      0
  Number of niche violations               :      0
  Number of errors                         :  27764


Doing GA, no. of population(s) 1 size 100 selection pressure 1.100000

 Operation      Fitness  S(hb_ext) S(vdw_ext)  S(hb_int)    S(int)      intcor
         0      39.11       0.12      30.12       0.00     -12.12      -0.76
       474      33.58       0.29      24.62       0.00      -2.04      -0.76
       615      34.73       0.31      25.99       0.00      -4.31      -0.76
       666      38.04       1.43      27.10       0.00      -2.06      -0.76
       699      39.72       0.00      29.26       0.00      -1.56      -0.76
      1101      37.54       0.00      27.79       0.00      -1.56      -0.76
      1198      37.12       0.11      27.44       0.00      -1.56      -0.76
Reordering...
      1350      35.81       1.64      25.53       0.00      -1.77      -0.76
Reordering...
      1710      34.22       0.65      27.73       0.00      -6.71      -0.76
Reordering...
      1740      34.15       1.63      24.54       0.00      -1.77      -0.76
      1743      37.26       1.44      27.30       0.00      -2.48      -0.76
      2317      36.54       1.44      27.33       0.00      -2.48      -0.76
--------------------------------------------------------------------------------
Best docking solution after GA:
      3000      36.54       1.44      27.33       0.00      -2.48      -0.76

#ops:       3000 #mutates:   1511 #cross:     1489 #dups:       544 
#niche:     1424 #errors:     368 
--------------------------------------------------------------------------------

Doing AMOEBA simplex on best individual
Done simplexing #iterations 1020, best score  41.60

Ligand is stored in gold_soln_ligand_prepared_m1_8.mol2


--------------------------------------------------------------------------------
--- GoldScore breakdown of terms                                             ---
--------------------------------------------------------------------------------
Fitness = S(hb_ext) + 1.3750*S(vdw_ext) + S(hb_int) + 1.0000*S(int)
S(int)  = S(vdw_int) + S(tors)

Internal terms are relative to best energy found (intcor).

--------------------------------------------------------------------------------


     Fitness  S(hb_ext) S(vdw_ext)  S(hb_int)    S(int)      intcor
     41.60       1.35      30.39       0.00      -1.54      -0.76

--------------------------------------------------------------------------------
--- GoldScore analysis of protein-ligand interactions                        ---
--------------------------------------------------------------------------------

  Ligand donor   10 hydrogen   23 Protein acceptor 2674 bond energy  2.00 wt 0.68

--------------------------------------------------------------------------------

--------------------------------------------------------------------------------
--- Rescoring solution                                                       ---
--------------------------------------------------------------------------------

     Score     S(PLP)   S(hbond)     S(cho)   S(metal)  DE(clash)   DE(tors)
     39.05     -37.70       1.00       0.00       0.00       0.73       0.46

Doing AMOEBA simplex on best individual
Done simplexing #iterations 1092, best score  45.58

     Score     S(PLP)   S(hbond)     S(cho)   S(metal)  DE(clash)   DE(tors)
     45.58     -44.12       1.00       0.00       0.00       0.97       0.29

--------------------------------------------------------------------------------
--- CHEMPLP breakdown of terms                                               ---
--------------------------------------------------------------------------------
CHEMPLP = - ( 1.0000*S(PLP) + -3.0000*S(hbond) + -6.0000*S(metal) + -3.0000*S(cho) )

Score = CHEMPLP - 1.0000*DE(clash) - 2.0000*DE(tors)


--------------------------------------------------------------------------------


--------------------------------------------------------------------------------
--- PLP analysis of protein-ligand interactions                              ---
--------------------------------------------------------------------------------
hydrogen bonding        :      -3.13
metal                   :       0.00
buried (polar-nonpolar) :       0.67
nonpolar                :     -44.89
repulsive               :       1.21
--------------------------------------------------------------------------------


--------------------------------------------------------------------------------
--- ChemScore analysis of protein-ligand interactions                        ---
--------------------------------------------------------------------------------

* Hydrogen bonds                                                                
Ligand donor   10 hydrogen   23 Protein acceptor 2674 bond energy  1.00 wt 1.00


* CH..O interactions                                                            
  CH group selection                       : activated ring CH (adjacent to hetatom)

--------------------------------------------------------------------------------


--------------------------------------------------------------------------------
--- Intra-ligand clashes                                                     ---
--------------------------------------------------------------------------------

Ligand
  7 (C7   ) -   3 (C3   ):   0.97 (dist   2.72)
--------------------------------------------------------------------------------


--------------------------------------------------------------------------------
--- Chromosome decoded                                                       ---
--------------------------------------------------------------------------------
Ligand Torsions
[   6    2    1    3]  165.65
[  12    5    1    2]  178.04
Protein Torsions
[3718 3716 3715 3713] -139.93 
[3645 3636 3635 3633] -116.23 
[3915 3906 3905 3903]  -67.74 
[3186 3179 3177 3174]  -88.17 
[5212 5203 5202 5200]   67.09 
[2635 2624 2623 2622]  113.78 
[ 604  597  595  592] -163.29 
[1944 1939 1938 1935] -115.72 
[3236 3227 3226 3224] -101.03 
[ 622  617  616  613]   99.55 
[3127 3124 3123 3122]  -46.93 
[3412 3403 3402 3400] -161.40 
[3128 3125 3123 3122]   -2.68 
Mapping
Ligand acceptors to protein hydrogens (mapping then atom ids)
Ligand hydrogens to protein acceptors (mapping then atom ids)
  2  56 [ 23->2674]
Ligand shape atoms to protein points (mapping then atom ids & coords)
  4 10873 [ 12->( -9.000  -7.000  19.250)]
  7 10595 [ 16->( -9.000 -10.250  15.750)]
Chromosome values
Integers:
  -1   -1   -1   -1   55   -1   -1   -1 10872   -1   -1 10594 
--------------------------------------------------------------------------------


--------------------------------------------------------------------------------
--- Diverse Solutions Stats                                                  ---
--------------------------------------------------------------------------------
  Move attempts                            :  17824
  Move failures                            :     18
  Failure rate                             :   0.001

--------------------------------------------------------------------------------

Current Ranking  2  1  4  6  7  8  3  5

--------------------------------------------------------------------------------

* GA execution time :                                                           
  total  1.1078 user  1.0349 sys  0.0729

--------------------------------------------------------------------------------
Fitness function evaluations: 45960

--------------------------------------------------------------------------------
** Docking run number  9 **
--------------------------------------------------------------------------------
  Rank fitness base is 5000.00 ; increment is 11.2233

* Initialising population(s) ...                                                
Number of constraints mappings 0
Number of constraints 0
  Population no.                           :      1
  Population size                          :    100
  Number of duplicates                     :      0
  Number of niche violations               :      0
  Number of errors                         :  28103


Doing GA, no. of population(s) 1 size 100 selection pressure 1.100000

 Operation      Fitness  S(hb_ext) S(vdw_ext)  S(hb_int)    S(int)      intcor
         0      36.35       0.12      28.25       0.00     -13.10      -0.76
       155      35.69       1.59      28.23       0.00     -21.16      -0.76
Reordering...
       180      35.13       0.12      27.63       0.00     -13.10      -0.76
       268      41.65       0.13      33.78       0.00     -20.79      -0.76
Reordering...
       450      39.58       0.12      31.45       0.00     -13.72      -0.76
       741      38.20       0.12      31.04       0.00     -13.72      -0.76
       901      38.01       0.00      28.14       0.00      -1.78      -0.76
      1289      35.57       0.00      26.51       0.00      -1.78      -0.76
Reordering...
      1620      32.21       0.82      23.82       0.00      -2.14      -0.76
      1722      33.24       2.05      23.03       0.00      -0.69      -0.76
      2045      34.46       2.00      24.04       0.00      -0.69      -0.76
      2523      34.47       2.00      24.08       0.00      -0.64      -0.76
      2875      34.50       2.00      24.11       0.00      -0.64      -0.76
--------------------------------------------------------------------------------
Best docking solution after GA:
      3000      34.50       2.00      24.11       0.00      -0.64      -0.76

#ops:       3000 #mutates:   1501 #cross:     1499 #dups:       634 
#niche:     1486 #errors:     306 
--------------------------------------------------------------------------------

Doing AMOEBA simplex on best individual
Done simplexing #iterations 957, best score  40.64

Ligand is stored in gold_soln_ligand_prepared_m1_9.mol2


--------------------------------------------------------------------------------
--- GoldScore breakdown of terms                                             ---
--------------------------------------------------------------------------------
Fitness = S(hb_ext) + 1.3750*S(vdw_ext) + S(hb_int) + 1.0000*S(int)
S(int)  = S(vdw_int) + S(tors)

Internal terms are relative to best energy found (intcor).

--------------------------------------------------------------------------------


     Fitness  S(hb_ext) S(vdw_ext)  S(hb_int)    S(int)      intcor
     40.64       2.00      28.51       0.00      -0.57      -0.76

--------------------------------------------------------------------------------
--- GoldScore analysis of protein-ligand interactions                        ---
--------------------------------------------------------------------------------

  Ligand acceptor   17 Protein hydrogen 5212 donor 5203 bond energy  2.00 wt 1.00

--------------------------------------------------------------------------------

--------------------------------------------------------------------------------
--- Rescoring solution                                                       ---
--------------------------------------------------------------------------------

     Score     S(PLP)   S(hbond)     S(cho)   S(metal)  DE(clash)   DE(tors)
     14.73     -12.97       1.00       0.00       0.00       0.00       0.62

Doing AMOEBA simplex on best individual
Done simplexing #iterations 1172, best score  31.75

     Score     S(PLP)   S(hbond)     S(cho)   S(metal)  DE(clash)   DE(tors)
     31.75     -31.10       0.99       0.00       0.00       0.00       1.16

--------------------------------------------------------------------------------
--- CHEMPLP breakdown of terms                                               ---
--------------------------------------------------------------------------------
CHEMPLP = - ( 1.0000*S(PLP) + -3.0000*S(hbond) + -6.0000*S(metal) + -3.0000*S(cho) )

Score = CHEMPLP - 1.0000*DE(clash) - 2.0000*DE(tors)


--------------------------------------------------------------------------------


--------------------------------------------------------------------------------
--- PLP analysis of protein-ligand interactions                              ---
--------------------------------------------------------------------------------
hydrogen bonding        :      -2.97
metal                   :       0.00
buried (polar-nonpolar) :       0.89
nonpolar                :     -32.19
repulsive               :       1.90
--------------------------------------------------------------------------------


--------------------------------------------------------------------------------
--- ChemScore analysis of protein-ligand interactions                        ---
--------------------------------------------------------------------------------

* Hydrogen bonds                                                                
Protein donor 5203 hydrogen 5212 Ligand acceptor   17 bond energy  1.00 wt 0.99


* CH..O interactions                                                            
  CH group selection                       : activated ring CH (adjacent to hetatom)

--------------------------------------------------------------------------------


--------------------------------------------------------------------------------
--- Intra-ligand clashes                                                     ---
--------------------------------------------------------------------------------

Ligand
--------------------------------------------------------------------------------


--------------------------------------------------------------------------------
--- Chromosome decoded                                                       ---
--------------------------------------------------------------------------------
Ligand Torsions
[   6    2    1    3]  102.32
[  12    5    1    2] -169.85
Protein Torsions
[3718 3716 3715 3713]  -60.33 
[3645 3636 3635 3633]   -7.20 
[3915 3906 3905 3903]  -40.21 
[3186 3179 3177 3174]  -80.31 
[5212 5203 5202 5200]   81.12 
[2635 2624 2623 2622]  173.70 
[ 604  597  595  592]   -7.81 
[1944 1939 1938 1935]   99.64 
[3236 3227 3226 3224]  114.70 
[ 622  617  616  613]   67.06 
[3127 3124 3123 3122]  -82.11 
[3412 3403 3402 3400]  -86.06 
[3128 3125 3123 3122] -108.05 
Mapping
Ligand acceptors to protein hydrogens (mapping then atom ids)
  3  27 [ 17->5212]
Ligand hydrogens to protein acceptors (mapping then atom ids)
Ligand shape atoms to protein points (mapping then atom ids & coords)
  1  8999 [  5->( -9.750  -6.750  19.000)]
  2 11820 [  6->( -8.750  -5.250  19.250)]
  4  7320 [ 12->(-11.250  -6.250  17.500)]
  5 13188 [ 13->( -8.250  -5.250  20.000)]
  7 14984 [ 16->( -4.500  -6.000  20.000)]
Chromosome values
Integers:
  -1   -1   26   -1   -1 8998 11819   -1 7319 13187   -1 14983 
--------------------------------------------------------------------------------


--------------------------------------------------------------------------------
--- Diverse Solutions Stats                                                  ---
--------------------------------------------------------------------------------
  Move attempts                            :  18028
  Move failures                            :     11
  Failure rate                             :   0.001

--------------------------------------------------------------------------------

Current Ranking  2  1  4  6  7  8  9  3  5

--------------------------------------------------------------------------------

* GA execution time :                                                           
  total  1.2487 user  1.2042 sys  0.0445

--------------------------------------------------------------------------------
Fitness function evaluations: 46449

--------------------------------------------------------------------------------
** Docking run number 10 **
--------------------------------------------------------------------------------
  Rank fitness base is 5000.00 ; increment is 11.2233

* Initialising population(s) ...                                                
Number of constraints mappings 0
Number of constraints 0
  Population no.                           :      1
  Population size                          :    100
  Number of duplicates                     :      0
  Number of niche violations               :      0
  Number of errors                         :  29779


Doing GA, no. of population(s) 1 size 100 selection pressure 1.100000

 Operation      Fitness  S(hb_ext) S(vdw_ext)  S(hb_int)    S(int)      intcor
         0      32.77       1.31      25.25       0.00     -16.31      -0.76
         4      32.85       1.31      25.31       0.00     -16.31      -0.76
        27      39.39       2.00      27.88       0.00      -4.75      -0.76
       320      36.08       1.23      25.68       0.00      -1.89      -0.76
       470      36.17       1.13      25.82       0.00      -1.68      -0.76
      1233      38.02       0.00      28.11       0.00      -1.31      -0.76
      2844      35.85       0.00      26.64       0.00      -0.78      -0.76
--------------------------------------------------------------------------------
Best docking solution after GA:
      3000      35.85       0.00      26.64       0.00      -0.78      -0.76

#ops:       3000 #mutates:   1503 #cross:     1497 #dups:       472 
#niche:     1521 #errors:     342 
--------------------------------------------------------------------------------

Doing AMOEBA simplex on best individual
Done simplexing #iterations 928, best score  40.94

Ligand is stored in gold_soln_ligand_prepared_m1_10.mol2


--------------------------------------------------------------------------------
--- GoldScore breakdown of terms                                             ---
--------------------------------------------------------------------------------
Fitness = S(hb_ext) + 1.3750*S(vdw_ext) + S(hb_int) + 1.0000*S(int)
S(int)  = S(vdw_int) + S(tors)

Internal terms are relative to best energy found (intcor).

--------------------------------------------------------------------------------


     Fitness  S(hb_ext) S(vdw_ext)  S(hb_int)    S(int)      intcor
     40.94       0.00      30.62       0.00      -1.15      -0.76

--------------------------------------------------------------------------------
--- GoldScore analysis of protein-ligand interactions                        ---
--------------------------------------------------------------------------------


--------------------------------------------------------------------------------

--------------------------------------------------------------------------------
--- Rescoring solution                                                       ---
--------------------------------------------------------------------------------

     Score     S(PLP)   S(hbond)     S(cho)   S(metal)  DE(clash)   DE(tors)
     31.13     -33.57       0.00       0.00       0.00       0.00       1.22

Doing AMOEBA simplex on best individual
Done simplexing #iterations 1089, best score  39.50

     Score     S(PLP)   S(hbond)     S(cho)   S(metal)  DE(clash)   DE(tors)
     39.50     -41.54       0.00       0.00       0.00       0.02       1.01

--------------------------------------------------------------------------------
--- CHEMPLP breakdown of terms                                               ---
--------------------------------------------------------------------------------
CHEMPLP = - ( 1.0000*S(PLP) + -3.0000*S(hbond) + -6.0000*S(metal) + -3.0000*S(cho) )

Score = CHEMPLP - 1.0000*DE(clash) - 2.0000*DE(tors)


--------------------------------------------------------------------------------


--------------------------------------------------------------------------------
--- PLP analysis of protein-ligand interactions                              ---
--------------------------------------------------------------------------------
hydrogen bonding        :       0.00
metal                   :       0.00
buried (polar-nonpolar) :      -5.49
nonpolar                :     -37.70
repulsive               :       0.28
--------------------------------------------------------------------------------


--------------------------------------------------------------------------------
--- ChemScore analysis of protein-ligand interactions                        ---
--------------------------------------------------------------------------------

* Hydrogen bonds                                                                


* CH..O interactions                                                            
  CH group selection                       : activated ring CH (adjacent to hetatom)

--------------------------------------------------------------------------------


--------------------------------------------------------------------------------
--- Intra-ligand clashes                                                     ---
--------------------------------------------------------------------------------

Ligand
  6 (C6   ) -   3 (C3   ):   0.02 (dist   2.75)
--------------------------------------------------------------------------------


--------------------------------------------------------------------------------
--- Chromosome decoded                                                       ---
--------------------------------------------------------------------------------
Ligand Torsions
[   6    2    1    3]  -22.22
[  12    5    1    2]  166.71
Protein Torsions
[3718 3716 3715 3713]    9.47 
[3645 3636 3635 3633]   24.29 
[3915 3906 3905 3903]  103.10 
[3186 3179 3177 3174]  101.04 
[5212 5203 5202 5200]   85.37 
[2635 2624 2623 2622] -113.72 
[ 604  597  595  592]   43.52 
[1944 1939 1938 1935]   80.32 
[3236 3227 3226 3224]  -36.86 
[ 622  617  616  613]   58.84 
[3127 3124 3123 3122]  -12.92 
[3412 3403 3402 3400]   34.25 
[3128 3125 3123 3122] -168.02 
Mapping
Ligand acceptors to protein hydrogens (mapping then atom ids)
Ligand hydrogens to protein acceptors (mapping then atom ids)
Ligand shape atoms to protein points (mapping then atom ids & coords)
  1  7821 [  5->(-10.750  -6.750  17.250)]
  2 11785 [  6->( -8.750  -6.250  17.750)]
  3 14341 [  7->( -7.000  -5.500  20.000)]
  7 14760 [ 16->( -5.500  -5.750  20.000)]
Chromosome values
Integers:
  -1   -1   -1   -1   -1 7820 11784 14340   -1   -1   -1 14759 
--------------------------------------------------------------------------------


--------------------------------------------------------------------------------
--- Diverse Solutions Stats                                                  ---
--------------------------------------------------------------------------------
  Move attempts                            :  17698
  Move failures                            :      8
  Failure rate                             :   0.000

--------------------------------------------------------------------------------

Current Ranking  2  1  4  6  7  8 10  9  3  5

--------------------------------------------------------------------------------

* GA execution time :                                                           
  total  1.2492 user  1.2331 sys  0.0161

--------------------------------------------------------------------------------
Fitness function evaluations: 47831

--------------------------------------------------------------------------------
--- Ranking analysis                                                         ---
--------------------------------------------------------------------------------


* Final ranked order of GA solutions:                                           
   2  1  4  6  7  8 10  9  3  5 

  _______________________________
  RMSD Matrix of RANKED solutions

        2    3    4    5    6    7    8    9   10  

   1 :  2.8  0.5  4.4  7.6  2.5  4.4  4.5  3.6  8.3
   2 :       2.9  4.4  8.0  1.2  4.6  4.4  4.1  9.2
   3 :            4.4  7.2  2.6  4.3  4.2  3.3  7.9
   4 :                 7.8  4.3  0.9  2.6  3.2  8.8
   5 :                      7.3  7.1  6.4  6.3  2.6
   6 :                           4.4  4.2  3.7  8.6
   7 :                                2.5  3.0  8.1
   8 :                                     2.4  7.8
   9 :                                          7.5

  Clustering method                        : complete linkage
  Structure ids in cluster table           : rank nos.
  Ordering of clusters and their members   : by rank (order if from rms_analysis)

  Distance | Clusters
   0.53    |  1  3 |  2 |  4 |  5 |  6 |  7 |  8 |  9 | 10 |
   0.88    |  1  3 |  2 |  4  7 |  5 |  6 |  8 |  9 | 10 |
   1.21    |  1  3 |  2  6 |  4  7 |  5 |  8 |  9 | 10 |
   2.43    |  1  3 |  2  6 |  4  7 |  5 |  8  9 | 10 |
   2.55    |  1  3 |  2  6 |  4  7 |  5 10 |  8  9 |
   2.92    |  1  2  3  6 |  4  7 |  5 10 |  8  9 |
   3.20    |  1  2  3  6 |  4  7  8  9 |  5 10 |
   4.61    |  1  2  3  4  6  7  8  9 |  5 10 |
   9.22    |  1  2  3  4  5  6  7  8  9 10 |
  Finished Docking Ligand                  : /mnt/c/Users/ricca/Desktop/Documents/1_Coding/1_Script_Github/Reverse_Docking_Explore_V3/3ovv/ligand_prepared.mol2
--------------------------------------------------------------------------------

  Relative_Ligand_Energy (best encountered) :  -0.755
  Relative_Ligand_Energy: fitness values have been corrected using this amount
