
--------------------------------------------------------------------------------
--- Ligand                                                                   ---
--------------------------------------------------------------------------------
  Ligand loaded from file                  : /mnt/c/Users/ricca/Desktop/Documents/1_Coding/1_Script_Github/Reverse_Docking_Explore_V3/5uo4/ligand_prepared.mol2
  Ligand name                              :  
  "CT1002167954                                                             "

--------------------------------------------------------------------------------
  N.plc donors                             : 
  none found

  Acidic nitrogen acceptors                : 
  none found
  Sulfur acceptors                         :
  none found


  Donor atoms                              :      2
  8   10  
  Acceptor atoms                           :      3
  9   11  17  

  Hydrogens                                :  (n = 2)
  22   23   

  Lone pairs added to molecule             :      6
  Numbering                                : from 30 to 35

--------------------------------------------------------------------------------
--- Postprocessing of typing                                                 ---
--------------------------------------------------------------------------------
  Fragment file                            : /home/hitesit/CCDC/Discovery_2022/GOLD/gold/rotatable_bond_override.mol2
  acylurea fragment                        : 2 matches
  Ligand bond 15-8  set to flip
  Ligand bond 15-10  set to flip
  Ligand bond 15-10  set to 1
  Ligand bond 15-8  set to 1
  Ligand bond 10-4  set to flip
  Ligand bond 8-3  set to flip
  thioacylthiourea fragment                : no matches
  acylthiourea fragment                    : no matches
  thioacylurea fragment                    : no matches
  diarylamine fragment >C.ar-NH-C.ar<      : no matches
  sec-amine (1) fragment                   : no matches
  sec-amine (2) fragment                   : no matches
  sec-amine (3) fragment                   : no matches
  carboxylic ester                         : no matches

* Rotatable bonds in /mnt/c/Users/ricca/D  :
  [   1    2] [   1    5] 
  No. of rotatable bonds                   :      2


* Reading torsional distributions from file:
  /home/hitesit/CCDC/Discovery_2022/GOLD/gold/gold.tordist
  No. of bins in torsional distributions   :     36
  Minimum size of largest peak             :      0
  Removing high energy torsions            : on
  Delta E set to                           :   2.500

* Fragments found in /mnt/c/Users/ricca/D  :
  atom   2: benzene
  atom   6: benzene
  atom   7: benzene
  atom  13: benzene
  atom  14: benzene
  atom  16: benzene


* Checking torsion distributions:                                               
  No. of matched torsions                  :      0

--------------------------------------------------------------------------------
--- Shape fitting atoms selection (hydrophobic atoms)                        ---
--------------------------------------------------------------------------------
  Molecule                                 : /mnt/c/Users/ricca/Desktop/Documents/1_Coding/1_Script_Github/Reverse_Docking_Explore_V3/5uo4/ligand_prepared.mol2
  Selection                                : carbons only
  Atom numbers                             :  (n = 7)
  5    6    7    12   13   14   16   

--------------------------------------------------------------------------------
--- Diverse Solutions Setup                                                  ---
--------------------------------------------------------------------------------
  Cluster size                             :      2
  RMSD                                     :   2.000
  Refinement                               :      0


--------------------------------------------------------------------------------
--- ChemScore ligand setup summary                                           ---
--------------------------------------------------------------------------------
  ChemScore ligand acceptors               :      3
  9 11 17 
  ChemScore ligand donors                  :      2
  8 ( 22  ) 10 ( 23  ) 
  ChemScore ligand CH donors               :      0
  

  ChemScore ligand lipophilic atoms        :  (n = 9)
  1    2    5    6    7    12   13   14   16   

  ChemScore ligand rotatable bonds         :      2
  1   (C1 ) - 2   (C2 ): SP3_SP2_BOND
  1   (C1 ) - 5   (C5 ): SP3_SP3_BOND

--------------------------------------------------------------------------------
--- PLP ligand setup summary                                                 ---
--------------------------------------------------------------------------------
    1    C1   C.3 NONPOLAR
    2    C2  C.ar NONPOLAR
    3    C3   C.2 NONPOLAR
    4    C4   C.2 NONPOLAR
    5    C5   C.3 NONPOLAR
    6    C6  C.ar NONPOLAR
    7    C7  C.ar NONPOLAR
    8    N8  N.am DONOR
    9    O9   O.2 ACCEPTOR
   10   N10  N.am DONOR
   11   O11   O.2 ACCEPTOR
   12   C12   C.3 NONPOLAR
   13   C13  C.ar NONPOLAR
   14   C14  C.ar NONPOLAR
   15   C15   C.2 NONPOLAR
   16   C16  C.ar NONPOLAR
   17   O17   O.2 ACCEPTOR

--------------------------------------------------------------------------------
--- Automatic parameter setting                                              ---
--------------------------------------------------------------------------------
  Contribution base                        :   2500
  Contribution per rotatable bond          :   6000
  Contribution per df                      :   4000
  Contribution per water                   :  10000
  Ligand rotatable bonds                   :      2
  Protein flexible side chain bonds        :      0
  Total rotatable bonds                    :      2
  Hydrophobic vol ratio (P/L)              :   0.765
  Base multiplier (polar)                  :   1.000
  Base multiplier (apolar)                 :   1.070
  Base contribution                        : 5000.000
  Fitting points                           :      5
  Estimated maxops needed (optimal)        :  17500
  Autoscale factor (in percent)            :     10
  Scaled maxops                            :   2000

--------------------------------------------------------------------------------

* Population settings                                                           
  maxops                                   :   2000
  popsiz                                   :    100
  select_pressure                          :   1.100
  n_islands                                :      1
  niche_siz                                :      2

* GA settings                                                                   
  pt_crosswt                               :    100
  allele_mutatewt                          :    100
  migratewt                                :      0

* Search settings                                                               
  start_vdw_linear_cutoff                  :   6.000
  initial_virtual_pt_match_max             :   3.000
  Scaling of internal VDW energy           : log scale from  0.2 to    1
                                             over 1500 ops
  Sampling interval (operations)           :     20
  Scaling of virtual pt maximum length     : linear scale from    3 to    2
                                             over  1500 ops
  Sampling interval (operations)           :     60
  Scaling of 4-8 potential cutoff          : log scale from    6 to 1.2e+02
                                             over 1500 ops
  Sampling interval (operations)           :     60

--------------------------------------------------------------------------------

* Ligand initialisation time :                                                  
  total  0.0137 user  0.0000 sys  0.0137

--------------------------------------------------------------------------------

--------------------------------------------------------------------------------
** Docking run number  1 **
--------------------------------------------------------------------------------
  Rank fitness base is 5000.00 ; increment is 11.2233

* Initialising population(s) ...                                                
Number of constraints mappings 0
Number of constraints 0
  Population no.                           :      1
  Population size                          :    100
  Number of duplicates                     :      0
  Number of niche violations               :      0
  Number of errors                         :     20


Doing GA, no. of population(s) 1 size 100 selection pressure 1.100000

 Operation      Fitness  S(hb_ext) S(vdw_ext)  S(hb_int)    S(int)      intcor
         0      29.11       1.53      22.15       0.00     -14.42      -0.91
Reordering...
       180      25.21       0.56      18.31       0.00      -2.16      -0.91
       220      25.64       0.53      20.08       0.00      -9.86      -0.91
Reordering...
       240      25.11       0.53      18.28       0.00      -2.16      -0.91
       305      24.99       1.11      19.01       0.00      -8.16      -0.91
       313      25.49       0.72      18.50       0.00      -2.39      -0.91
       340      26.69       0.50      19.99       0.00      -4.50      -0.91
       435      31.88       6.72      19.02       0.00      -3.18      -0.91
      1398      21.31       0.07      16.92       0.00      -2.30      -0.91
      1415      21.57       0.00      17.24       0.00      -2.37      -0.91
      1800      23.60       6.37      14.84       0.00      -3.18      -0.91
--------------------------------------------------------------------------------
Best docking solution after GA:
      2000      23.60       6.37      14.84       0.00      -3.18      -0.80

#ops:       2000 #mutates:   1000 #cross:     1000 #dups:       332 
#niche:      958 #errors:       4 
--------------------------------------------------------------------------------

Doing AMOEBA simplex on best individual
Done simplexing #iterations 1010, best score  28.90

Ligand is stored in gold_soln_ligand_prepared_m1_1.mol2


--------------------------------------------------------------------------------
--- GoldScore breakdown of terms                                             ---
--------------------------------------------------------------------------------
Fitness = S(hb_ext) + 1.3750*S(vdw_ext) + S(hb_int) + 1.0000*S(int)
S(int)  = S(vdw_int) + S(tors)

Internal terms are relative to best energy found (intcor).

--------------------------------------------------------------------------------


     Fitness  S(hb_ext) S(vdw_ext)  S(hb_int)    S(int)      intcor
     28.90       6.35      18.68       0.00      -3.12      -0.80

--------------------------------------------------------------------------------
--- GoldScore analysis of protein-ligand interactions                        ---
--------------------------------------------------------------------------------

  Ligand acceptor   17 Protein hydrogen 10226 donor 10212 bond energy  2.00 wt 0.17
  Ligand donor   10 hydrogen   23 Protein acceptor 10206 bond energy  6.00 wt 1.00

--------------------------------------------------------------------------------

--------------------------------------------------------------------------------
--- Rescoring solution                                                       ---
--------------------------------------------------------------------------------

     Score     S(PLP)   S(hbond)     S(cho)   S(metal)  DE(clash)   DE(tors)
     14.08     -13.14       0.94       0.00       0.00       0.73       0.58

Doing AMOEBA simplex on best individual
Done simplexing #iterations 914, best score  31.91

     Score     S(PLP)   S(hbond)     S(cho)   S(metal)  DE(clash)   DE(tors)
     31.91     -30.46       0.99       0.00       0.00       1.17       0.17

--------------------------------------------------------------------------------
--- CHEMPLP breakdown of terms                                               ---
--------------------------------------------------------------------------------
CHEMPLP = - ( 1.0000*S(PLP) + -3.0000*S(hbond) + -6.0000*S(metal) + -3.0000*S(cho) )

Score = CHEMPLP - 1.0000*DE(clash) - 2.0000*DE(tors)


--------------------------------------------------------------------------------


--------------------------------------------------------------------------------
--- PLP analysis of protein-ligand interactions                              ---
--------------------------------------------------------------------------------
hydrogen bonding        :      -4.26
metal                   :       0.00
buried (polar-nonpolar) :      -4.65
nonpolar                :     -21.87
repulsive               :       0.10
--------------------------------------------------------------------------------


--------------------------------------------------------------------------------
--- ChemScore analysis of protein-ligand interactions                        ---
--------------------------------------------------------------------------------

* Hydrogen bonds                                                                
Ligand donor   10 hydrogen   23 Protein acceptor 10206 bond energy  1.00 wt 0.99


* CH..O interactions                                                            
  CH group selection                       : activated ring CH (adjacent to hetatom)

--------------------------------------------------------------------------------


--------------------------------------------------------------------------------
--- Intra-ligand clashes                                                     ---
--------------------------------------------------------------------------------

Ligand
  7 (C7   ) -   3 (C3   ):   1.17 (dist   2.72)
--------------------------------------------------------------------------------


--------------------------------------------------------------------------------
--- Chromosome decoded                                                       ---
--------------------------------------------------------------------------------
Ligand Torsions
[   6    2    1    3]  167.35
[  12    5    1    2]   44.76
Protein Torsions
[10186 10164 10165 10166]  -44.59 
[10196 10172 10171 10170]  -71.26 
[10220 10206 10207 10208]  -95.12 
[10226 10212 10210 10207] -100.57 
[10244 10233 10234 10235]   27.53 
[10248 10238 10237 10234]   31.45 
[10266 10255 10256 10257] -107.81 
[11356 11334 11333 11330]   -4.26 
[10270 10260 10259 10256] -133.06 
[10298 10279 10280 10281]    9.15 
[13520 10121 10120 10119]  171.23 
[13523 10167 10166 10165]  171.38 
[13526 10209 10208 10207]    8.43 
[13552 10236 10235 10234]   -1.25 
Mapping
Ligand acceptors to protein hydrogens (mapping then atom ids)
  3   6 [ 17->10226]
Ligand hydrogens to protein acceptors (mapping then atom ids)
Ligand shape atoms to protein points (mapping then atom ids & coords)
  1   852 [  5->(108.250 229.500 356.500)]
  3   918 [  7->(108.250 232.250 356.250)]
  5  1324 [ 13->(109.000 232.000 356.500)]
  6  1500 [ 14->(109.250 233.000 356.750)]
  7  1475 [ 16->(109.250 232.250 356.500)]
Chromosome values
Integers:
  -1   -1    5   -1   -1  851   -1  917   -1 1323 1499 1474 
--------------------------------------------------------------------------------


--------------------------------------------------------------------------------
--- Diverse Solutions Stats                                                  ---
--------------------------------------------------------------------------------
  Move attempts                            :  16482
  Move failures                            :      0
  Failure rate                             :   0.000

--------------------------------------------------------------------------------

Current Ranking  1

--------------------------------------------------------------------------------

* GA execution time :                                                           
  total  0.3637 user  0.3559 sys  0.0078

--------------------------------------------------------------------------------
Fitness function evaluations: 16504

--------------------------------------------------------------------------------
** Docking run number  2 **
--------------------------------------------------------------------------------
  Rank fitness base is 5000.00 ; increment is 11.2233

* Initialising population(s) ...                                                
Number of constraints mappings 0
Number of constraints 0
  Population no.                           :      1
  Population size                          :    100
  Number of duplicates                     :      0
  Number of niche violations               :      0
  Number of errors                         :     23


Doing GA, no. of population(s) 1 size 100 selection pressure 1.100000

 Operation      Fitness  S(hb_ext) S(vdw_ext)  S(hb_int)    S(int)      intcor
         0      26.61       3.29      19.12       0.00     -14.86      -0.80
         2      26.69       3.37      19.12       0.00     -14.86      -0.80
        30      29.22       3.29      21.85       0.00     -20.15      -0.80
Reordering...
       320      24.39       2.81      16.65       0.00      -4.62      -0.80
       452      24.53       0.67      17.82       0.00      -2.03      -0.80
       720      25.32       2.64      19.07       0.00      -8.18      -0.80
      1137      22.40       2.36      15.19       0.00      -1.27      -0.80
Reordering...
      1360      22.07       2.84      14.09       0.00      -0.17      -0.80
      1794      22.09       2.20      15.25       0.00      -1.07      -0.80
      1953      23.03       2.24      16.04       0.00      -1.27      -0.80
--------------------------------------------------------------------------------
Best docking solution after GA:
      2000      23.03       2.24      16.04       0.00      -1.27      -0.80

#ops:       2000 #mutates:   1004 #cross:      996 #dups:       353 
#niche:     1026 #errors:       5 
--------------------------------------------------------------------------------

Doing AMOEBA simplex on best individual
Done simplexing #iterations 1046, best score  27.81

Ligand is stored in gold_soln_ligand_prepared_m1_2.mol2


--------------------------------------------------------------------------------
--- GoldScore breakdown of terms                                             ---
--------------------------------------------------------------------------------
Fitness = S(hb_ext) + 1.3750*S(vdw_ext) + S(hb_int) + 1.0000*S(int)
S(int)  = S(vdw_int) + S(tors)

Internal terms are relative to best energy found (intcor).

--------------------------------------------------------------------------------


     Fitness  S(hb_ext) S(vdw_ext)  S(hb_int)    S(int)      intcor
     27.81       1.67      19.48       0.00      -0.65      -0.80

--------------------------------------------------------------------------------
--- GoldScore analysis of protein-ligand interactions                        ---
--------------------------------------------------------------------------------

  Ligand acceptor   11 Protein hydrogen 11151 donor 11131 bond energy  2.00 wt 0.49
  Ligand donor   10 hydrogen   23 Protein acceptor 11064 bond energy  2.00 wt 0.35

--------------------------------------------------------------------------------

--------------------------------------------------------------------------------
--- Rescoring solution                                                       ---
--------------------------------------------------------------------------------

     Score     S(PLP)   S(hbond)     S(cho)   S(metal)  DE(clash)   DE(tors)
     13.77     -12.37       1.00       0.00       0.00       0.00       0.80

Doing AMOEBA simplex on best individual
Done simplexing #iterations 1293, best score  28.17

     Score     S(PLP)   S(hbond)     S(cho)   S(metal)  DE(clash)   DE(tors)
     28.17     -26.05       0.88       0.00       0.00       0.00       0.26

--------------------------------------------------------------------------------
--- CHEMPLP breakdown of terms                                               ---
--------------------------------------------------------------------------------
CHEMPLP = - ( 1.0000*S(PLP) + -3.0000*S(hbond) + -6.0000*S(metal) + -3.0000*S(cho) )

Score = CHEMPLP - 1.0000*DE(clash) - 2.0000*DE(tors)


--------------------------------------------------------------------------------


--------------------------------------------------------------------------------
--- PLP analysis of protein-ligand interactions                              ---
--------------------------------------------------------------------------------
hydrogen bonding        :      -1.77
metal                   :       0.00
buried (polar-nonpolar) :      -7.07
nonpolar                :     -19.50
repulsive               :       0.87
--------------------------------------------------------------------------------


--------------------------------------------------------------------------------
--- ChemScore analysis of protein-ligand interactions                        ---
--------------------------------------------------------------------------------

* Hydrogen bonds                                                                
Ligand donor   10 hydrogen   23 Protein acceptor 11064 bond energy  1.00 wt 0.13
Protein donor 11131 hydrogen 11151 Ligand acceptor   11 bond energy  1.00 wt 0.75


* CH..O interactions                                                            
  CH group selection                       : activated ring CH (adjacent to hetatom)

--------------------------------------------------------------------------------


--------------------------------------------------------------------------------
--- Intra-ligand clashes                                                     ---
--------------------------------------------------------------------------------

Ligand
--------------------------------------------------------------------------------


--------------------------------------------------------------------------------
--- Chromosome decoded                                                       ---
--------------------------------------------------------------------------------
Ligand Torsions
[   6    2    1    3]  108.40
[  12    5    1    2] -174.13
Protein Torsions
[10186 10164 10165 10166]   67.02 
[10196 10172 10171 10170]   -7.95 
[10220 10206 10207 10208] -152.91 
[10226 10212 10210 10207] -142.02 
[10244 10233 10234 10235] -179.97 
[10248 10238 10237 10234]   68.84 
[10266 10255 10256 10257]   13.18 
[11356 11334 11333 11330]  135.22 
[10270 10260 10259 10256] -174.43 
[10298 10279 10280 10281]  -12.65 
[13520 10121 10120 10119]  140.27 
[13523 10167 10166 10165] -123.10 
[13526 10209 10208 10207]  145.73 
[13552 10236 10235 10234]  -34.58 
Mapping
Ligand acceptors to protein hydrogens (mapping then atom ids)
Ligand hydrogens to protein acceptors (mapping then atom ids)
  2  11 [ 23->11064]
Ligand shape atoms to protein points (mapping then atom ids & coords)
  2  1018 [  6->(108.500 231.500 356.250)]
  3   949 [  7->(108.500 229.500 355.750)]
  5   796 [ 13->(108.000 230.500 354.750)]
  6   946 [ 14->(108.500 229.500 355.000)]
  7  1111 [ 16->(108.750 230.250 355.250)]
Chromosome values
Integers:
  -1   -1   -1   -1   10   -1 1017  948   -1  795  945 1110 
--------------------------------------------------------------------------------


--------------------------------------------------------------------------------
--- Diverse Solutions Stats                                                  ---
--------------------------------------------------------------------------------
  Move attempts                            :  17304
  Move failures                            :      0
  Failure rate                             :   0.000

--------------------------------------------------------------------------------

Current Ranking  1  2

--------------------------------------------------------------------------------

* GA execution time :                                                           
  total  0.3667 user  0.3520 sys  0.0146

--------------------------------------------------------------------------------
Fitness function evaluations: 17330

--------------------------------------------------------------------------------
** Docking run number  3 **
--------------------------------------------------------------------------------
  Rank fitness base is 5000.00 ; increment is 11.2233

* Initialising population(s) ...                                                
Number of constraints mappings 0
Number of constraints 0
  Population no.                           :      1
  Population size                          :    100
  Number of duplicates                     :      0
  Number of niche violations               :      0
  Number of errors                         :     23


Doing GA, no. of population(s) 1 size 100 selection pressure 1.100000

 Operation      Fitness  S(hb_ext) S(vdw_ext)  S(hb_int)    S(int)      intcor
         0      29.42       7.95      15.90       0.00      -2.01      -0.80
       113      28.87       4.37      19.41       0.00      -9.82      -0.80
       406      24.53       2.12      17.57       0.00      -5.71      -0.80
       443      24.79       1.95      16.85       0.00      -1.02      -0.80
       556      24.06       1.32      16.61       0.00      -0.25      -0.80
       983      22.81       1.26      15.76       0.00      -0.22      -0.79
      1017      22.82       1.26      15.77       0.00      -0.22      -0.79
Reordering...
      1440      20.01       2.00      14.19       0.00      -1.59      -0.79
Reordering...
      1460      20.00       1.13      13.88       0.00      -0.22      -0.79
      1466      20.00       1.13      13.88       0.00      -0.22      -0.79
Reordering...
      1500      19.91       2.00      14.19       0.00      -1.59      -0.79
      1744      21.09       0.40      15.37       0.00      -0.44      -0.79
      1761      21.31       2.00      14.50       0.00      -0.63      -0.79
      1940      21.35       2.00      14.53       0.00      -0.63      -0.79
--------------------------------------------------------------------------------
Best docking solution after GA:
      2000      21.35       2.00      14.53       0.00      -0.63      -0.79

#ops:       2000 #mutates:    983 #cross:     1017 #dups:       366 
#niche:      882 #errors:       3 
--------------------------------------------------------------------------------

Doing AMOEBA simplex on best individual
Done simplexing #iterations 1225, best score  25.94

Ligand is stored in gold_soln_ligand_prepared_m1_3.mol2


--------------------------------------------------------------------------------
--- GoldScore breakdown of terms                                             ---
--------------------------------------------------------------------------------
Fitness = S(hb_ext) + 1.3750*S(vdw_ext) + S(hb_int) + 1.0000*S(int)
S(int)  = S(vdw_int) + S(tors)

Internal terms are relative to best energy found (intcor).

--------------------------------------------------------------------------------


     Fitness  S(hb_ext) S(vdw_ext)  S(hb_int)    S(int)      intcor
     25.94       2.00      17.89       0.00      -0.67      -0.79

--------------------------------------------------------------------------------
--- GoldScore analysis of protein-ligand interactions                        ---
--------------------------------------------------------------------------------

  Ligand donor    8 hydrogen   22 Protein acceptor 10121 bond energy  2.00 wt 1.00

--------------------------------------------------------------------------------

--------------------------------------------------------------------------------
--- Rescoring solution                                                       ---
--------------------------------------------------------------------------------

     Score     S(PLP)   S(hbond)     S(cho)   S(metal)  DE(clash)   DE(tors)
     20.65     -19.28       1.00       0.00       0.00       0.00       0.82

Doing AMOEBA simplex on best individual
Done simplexing #iterations 1289, best score  25.87

     Score     S(PLP)   S(hbond)     S(cho)   S(metal)  DE(clash)   DE(tors)
     25.87     -23.16       1.00       0.00       0.00       0.00       0.14

--------------------------------------------------------------------------------
--- CHEMPLP breakdown of terms                                               ---
--------------------------------------------------------------------------------
CHEMPLP = - ( 1.0000*S(PLP) + -3.0000*S(hbond) + -6.0000*S(metal) + -3.0000*S(cho) )

Score = CHEMPLP - 1.0000*DE(clash) - 2.0000*DE(tors)


--------------------------------------------------------------------------------


--------------------------------------------------------------------------------
--- PLP analysis of protein-ligand interactions                              ---
--------------------------------------------------------------------------------
hydrogen bonding        :      -1.00
metal                   :       0.00
buried (polar-nonpolar) :      -6.07
nonpolar                :     -17.28
repulsive               :       0.27
--------------------------------------------------------------------------------


--------------------------------------------------------------------------------
--- ChemScore analysis of protein-ligand interactions                        ---
--------------------------------------------------------------------------------

* Hydrogen bonds                                                                
Ligand donor    8 hydrogen   22 Protein acceptor 10121 bond energy  1.00 wt 1.00


* CH..O interactions                                                            
  CH group selection                       : activated ring CH (adjacent to hetatom)

--------------------------------------------------------------------------------


--------------------------------------------------------------------------------
--- Intra-ligand clashes                                                     ---
--------------------------------------------------------------------------------

Ligand
--------------------------------------------------------------------------------


--------------------------------------------------------------------------------
--- Chromosome decoded                                                       ---
--------------------------------------------------------------------------------
Ligand Torsions
[   6    2    1    3]  133.79
[  12    5    1    2]  170.16
Protein Torsions
[10186 10164 10165 10166] -115.51 
[10196 10172 10171 10170]  -14.04 
[10220 10206 10207 10208]   83.06 
[10226 10212 10210 10207] -103.52 
[10244 10233 10234 10235]   91.00 
[10248 10238 10237 10234]    3.28 
[10266 10255 10256 10257]  -26.84 
[11356 11334 11333 11330] -120.50 
[10270 10260 10259 10256]  -30.21 
[10298 10279 10280 10281]  -26.56 
[13520 10121 10120 10119]  -28.34 
[13523 10167 10166 10165]  -30.90 
[13526 10209 10208 10207]   12.09 
[13552 10236 10235 10234]  -93.69 
Mapping
Ligand acceptors to protein hydrogens (mapping then atom ids)
Ligand hydrogens to protein acceptors (mapping then atom ids)
  1   1 [ 22->10121]
Ligand shape atoms to protein points (mapping then atom ids & coords)
  2   663 [  6->(107.500 231.000 356.000)]
  6   836 [ 14->(108.250 229.250 354.750)]
Chromosome values
Integers:
  -1   -1   -1    0   -1   -1  662   -1   -1   -1  835   -1 
--------------------------------------------------------------------------------


--------------------------------------------------------------------------------
--- Diverse Solutions Stats                                                  ---
--------------------------------------------------------------------------------
  Move attempts                            :  17138
  Move failures                            :      0
  Failure rate                             :   0.000

--------------------------------------------------------------------------------

Current Ranking  1  2  3

--------------------------------------------------------------------------------

* GA execution time :                                                           
  total  0.3628 user  0.3628 sys  0.0000

--------------------------------------------------------------------------------
Fitness function evaluations: 17162

--------------------------------------------------------------------------------
** Docking run number  4 **
--------------------------------------------------------------------------------
  Rank fitness base is 5000.00 ; increment is 11.2233

* Initialising population(s) ...                                                
Number of constraints mappings 0
Number of constraints 0
  Population no.                           :      1
  Population size                          :    100
  Number of duplicates                     :      0
  Number of niche violations               :      0
  Number of errors                         :     26


Doing GA, no. of population(s) 1 size 100 selection pressure 1.100000

 Operation      Fitness  S(hb_ext) S(vdw_ext)  S(hb_int)    S(int)      intcor
         0      24.98       0.93      19.64       0.00     -14.83      -0.79
        11      26.05       1.00      19.86       0.00     -11.27      -0.79
        61      26.29       2.13      19.35       0.00     -11.47      -0.79
        72      27.13       2.15      18.89       0.00      -4.61      -0.79
       490      24.67       4.36      17.10       0.00      -9.57      -0.79
       568      24.91       3.72      18.38       0.00     -11.19      -0.79
       754      24.59       3.61      17.91       0.00      -8.26      -0.79
       767      24.52       3.61      17.92       0.00      -8.26      -0.79
       861      24.32       5.19      15.25       0.00      -3.66      -0.79
      1111      24.98       4.51      15.17       0.00      -0.61      -0.79
      1149      25.30       4.46      15.33       0.00      -0.36      -0.79
      1217      26.67       3.82      16.94       0.00      -0.61      -0.79
      1417      26.48       3.74      16.94       0.00      -0.61      -0.79
--------------------------------------------------------------------------------
Best docking solution after GA:
      2000      26.29       3.61      16.94       0.00      -0.61      -0.79

#ops:       2000 #mutates:    995 #cross:     1005 #dups:       357 
#niche:      956 #errors:       6 
--------------------------------------------------------------------------------

Doing AMOEBA simplex on best individual
Done simplexing #iterations 1076, best score  33.22

Ligand is stored in gold_soln_ligand_prepared_m1_4.mol2


--------------------------------------------------------------------------------
--- GoldScore breakdown of terms                                             ---
--------------------------------------------------------------------------------
Fitness = S(hb_ext) + 1.3750*S(vdw_ext) + S(hb_int) + 1.0000*S(int)
S(int)  = S(vdw_int) + S(tors)

Internal terms are relative to best energy found (intcor).

--------------------------------------------------------------------------------


     Fitness  S(hb_ext) S(vdw_ext)  S(hb_int)    S(int)      intcor
     33.22       4.63      21.32       0.00      -0.72      -0.79

--------------------------------------------------------------------------------
--- GoldScore analysis of protein-ligand interactions                        ---
--------------------------------------------------------------------------------

  Ligand acceptor    9 Protein hydrogen 10244 donor 10233 bond energy  2.00 wt 1.00
  Ligand acceptor   17 Protein hydrogen 11151 donor 11131 bond energy  2.00 wt 0.31
  Ligand donor    8 hydrogen   22 Protein acceptor 11137 bond energy  6.00 wt 0.33

--------------------------------------------------------------------------------

--------------------------------------------------------------------------------
--- Rescoring solution                                                       ---
--------------------------------------------------------------------------------

     Score     S(PLP)   S(hbond)     S(cho)   S(metal)  DE(clash)   DE(tors)
    -14.88      16.95       1.11       0.00       0.00       0.00       0.64

Doing AMOEBA simplex on best individual
Done simplexing #iterations 1770, best score  32.04

     Score     S(PLP)   S(hbond)     S(cho)   S(metal)  DE(clash)   DE(tors)
     32.04     -26.87       2.00       0.00       0.00       0.00       0.41

--------------------------------------------------------------------------------
--- CHEMPLP breakdown of terms                                               ---
--------------------------------------------------------------------------------
CHEMPLP = - ( 1.0000*S(PLP) + -3.0000*S(hbond) + -6.0000*S(metal) + -3.0000*S(cho) )

Score = CHEMPLP - 1.0000*DE(clash) - 2.0000*DE(tors)


--------------------------------------------------------------------------------


--------------------------------------------------------------------------------
--- PLP analysis of protein-ligand interactions                              ---
--------------------------------------------------------------------------------
hydrogen bonding        :      -4.71
metal                   :       0.00
buried (polar-nonpolar) :      -1.86
nonpolar                :     -19.95
repulsive               :       0.22
--------------------------------------------------------------------------------


--------------------------------------------------------------------------------
--- ChemScore analysis of protein-ligand interactions                        ---
--------------------------------------------------------------------------------

* Hydrogen bonds                                                                
Ligand donor    8 hydrogen   22 Protein acceptor 11137 bond energy  1.00 wt 1.00
Protein donor 10233 hydrogen 10244 Ligand acceptor    9 bond energy  1.00 wt 1.00


* CH..O interactions                                                            
  CH group selection                       : activated ring CH (adjacent to hetatom)

--------------------------------------------------------------------------------


--------------------------------------------------------------------------------
--- Intra-ligand clashes                                                     ---
--------------------------------------------------------------------------------

Ligand
--------------------------------------------------------------------------------


--------------------------------------------------------------------------------
--- Chromosome decoded                                                       ---
--------------------------------------------------------------------------------
Ligand Torsions
[   6    2    1    3]  -94.20
[  12    5    1    2] -166.61
Protein Torsions
[10186 10164 10165 10166] -124.45 
[10196 10172 10171 10170]  179.73 
[10220 10206 10207 10208]  153.65 
[10226 10212 10210 10207]  119.88 
[10244 10233 10234 10235]  129.12 
[10248 10238 10237 10234]   -4.02 
[10266 10255 10256 10257] -177.28 
[11356 11334 11333 11330]   32.66 
[10270 10260 10259 10256] -176.30 
[10298 10279 10280 10281]  -72.33 
[13520 10121 10120 10119]   43.52 
[13523 10167 10166 10165]   52.15 
[13526 10209 10208 10207]  -57.54 
[13552 10236 10235 10234]  125.56 
Mapping
Ligand acceptors to protein hydrogens (mapping then atom ids)
Ligand hydrogens to protein acceptors (mapping then atom ids)
  1  12 [ 22->11137]
Ligand shape atoms to protein points (mapping then atom ids & coords)
  1   689 [  5->(107.750 229.500 355.750)]
  5    90 [ 13->(104.750 232.750 352.250)]
Chromosome values
Integers:
  -1   -1   -1   11   -1  688   -1   -1   -1   89   -1   -1 
--------------------------------------------------------------------------------


--------------------------------------------------------------------------------
--- Diverse Solutions Stats                                                  ---
--------------------------------------------------------------------------------
  Move attempts                            :  17607
  Move failures                            :      0
  Failure rate                             :   0.000

--------------------------------------------------------------------------------

Current Ranking  4  1  2  3

--------------------------------------------------------------------------------

* GA execution time :                                                           
  total  0.3690 user  0.3673 sys  0.0017

--------------------------------------------------------------------------------
Fitness function evaluations: 17638

--------------------------------------------------------------------------------
** Docking run number  5 **
--------------------------------------------------------------------------------
  Rank fitness base is 5000.00 ; increment is 11.2233

* Initialising population(s) ...                                                
Number of constraints mappings 0
Number of constraints 0
  Population no.                           :      1
  Population size                          :    100
  Number of duplicates                     :      0
  Number of niche violations               :      0
  Number of errors                         :     27


Doing GA, no. of population(s) 1 size 100 selection pressure 1.100000

 Operation      Fitness  S(hb_ext) S(vdw_ext)  S(hb_int)    S(int)      intcor
         0      28.96       2.75      19.93       0.00      -6.00      -0.79
Reordering...
       100      27.89       2.01      19.02       0.00      -1.26      -0.79
       272      27.14       2.03      18.50       0.00      -1.26      -0.79
       632      25.97       1.98      17.80       0.00      -1.26      -0.79
       702      26.38       2.58      18.81       0.00      -4.87      -0.79
      1093      26.32       2.17      19.13       0.00      -3.37      -0.79
Reordering...
      1500      24.71       1.18      17.49       0.00      -0.51      -0.79
      1734      24.72       1.18      17.50       0.00      -0.51      -0.79
      1789      25.32       1.18      17.93       0.00      -0.51      -0.79
--------------------------------------------------------------------------------
Best docking solution after GA:
      2000      25.32       1.18      17.93       0.00      -0.51      -0.79

#ops:       2000 #mutates:   1038 #cross:      962 #dups:       339 
#niche:      973 #errors:       8 
--------------------------------------------------------------------------------

Doing AMOEBA simplex on best individual
Done simplexing #iterations 906, best score  28.51

Ligand is stored in gold_soln_ligand_prepared_m1_5.mol2


--------------------------------------------------------------------------------
--- GoldScore breakdown of terms                                             ---
--------------------------------------------------------------------------------
Fitness = S(hb_ext) + 1.3750*S(vdw_ext) + S(hb_int) + 1.0000*S(int)
S(int)  = S(vdw_int) + S(tors)

Internal terms are relative to best energy found (intcor).

--------------------------------------------------------------------------------


     Fitness  S(hb_ext) S(vdw_ext)  S(hb_int)    S(int)      intcor
     28.51       1.62      19.61       0.00      -0.06      -0.79

--------------------------------------------------------------------------------
--- GoldScore analysis of protein-ligand interactions                        ---
--------------------------------------------------------------------------------

  Ligand acceptor   11 Protein hydrogen 10226 donor 10212 bond energy  2.00 wt 0.79
  Ligand acceptor   17 Protein hydrogen 11249 donor 11230 bond energy  2.00 wt 0.02

--------------------------------------------------------------------------------

--------------------------------------------------------------------------------
--- Rescoring solution                                                       ---
--------------------------------------------------------------------------------

     Score     S(PLP)   S(hbond)     S(cho)   S(metal)  DE(clash)   DE(tors)
     -3.58       6.07       1.00       0.00       0.00       0.00       0.26

Doing AMOEBA simplex on best individual
Done simplexing #iterations 1140, best score  24.65

     Score     S(PLP)   S(hbond)     S(cho)   S(metal)  DE(clash)   DE(tors)
     24.65     -22.00       1.06       0.00       0.00       0.00       0.26

--------------------------------------------------------------------------------
--- CHEMPLP breakdown of terms                                               ---
--------------------------------------------------------------------------------
CHEMPLP = - ( 1.0000*S(PLP) + -3.0000*S(hbond) + -6.0000*S(metal) + -3.0000*S(cho) )

Score = CHEMPLP - 1.0000*DE(clash) - 2.0000*DE(tors)


--------------------------------------------------------------------------------


--------------------------------------------------------------------------------
--- PLP analysis of protein-ligand interactions                              ---
--------------------------------------------------------------------------------
hydrogen bonding        :      -3.76
metal                   :       0.00
buried (polar-nonpolar) :      -3.48
nonpolar                :     -15.42
repulsive               :       0.02
--------------------------------------------------------------------------------


--------------------------------------------------------------------------------
--- ChemScore analysis of protein-ligand interactions                        ---
--------------------------------------------------------------------------------

* Hydrogen bonds                                                                
Protein donor 10212 hydrogen 10226 Ligand acceptor   11 bond energy  1.00 wt 1.00
Protein donor 11230 hydrogen 11249 Ligand acceptor   17 bond energy  1.00 wt 0.06


* CH..O interactions                                                            
  CH group selection                       : activated ring CH (adjacent to hetatom)

--------------------------------------------------------------------------------


--------------------------------------------------------------------------------
--- Intra-ligand clashes                                                     ---
--------------------------------------------------------------------------------

Ligand
--------------------------------------------------------------------------------


--------------------------------------------------------------------------------
--- Chromosome decoded                                                       ---
--------------------------------------------------------------------------------
Ligand Torsions
[   6    2    1    3]  -51.59
[  12    5    1    2]  173.69
Protein Torsions
[10186 10164 10165 10166]   49.61 
[10196 10172 10171 10170]   86.64 
[10220 10206 10207 10208]  124.92 
[10226 10212 10210 10207] -132.40 
[10244 10233 10234 10235]   30.88 
[10248 10238 10237 10234]  160.93 
[10266 10255 10256 10257]  -77.71 
[11356 11334 11333 11330]  -98.67 
[10270 10260 10259 10256] -160.38 
[10298 10279 10280 10281]  -59.33 
[13520 10121 10120 10119] -126.79 
[13523 10167 10166 10165]  -64.63 
[13526 10209 10208 10207]  -94.84 
[13552 10236 10235 10234]  -65.45 
Mapping
Ligand acceptors to protein hydrogens (mapping then atom ids)
Ligand hydrogens to protein acceptors (mapping then atom ids)
  2  17 [ 23->11306]
Ligand shape atoms to protein points (mapping then atom ids & coords)
  3   966 [  7->(108.500 230.000 354.750)]
  6  1243 [ 14->(109.000 229.750 355.000)]
  7  1702 [ 16->(110.000 231.500 356.250)]
Chromosome values
Integers:
  -1   -1   -1   -1   16   -1   -1  965   -1   -1 1242 1701 
--------------------------------------------------------------------------------


--------------------------------------------------------------------------------
--- Diverse Solutions Stats                                                  ---
--------------------------------------------------------------------------------
  Move attempts                            :  16514
  Move failures                            :      0
  Failure rate                             :   0.000

--------------------------------------------------------------------------------

Current Ranking  4  1  5  2  3

--------------------------------------------------------------------------------

* GA execution time :                                                           
  total  0.3658 user  0.3546 sys  0.0112

--------------------------------------------------------------------------------
Fitness function evaluations: 16547

--------------------------------------------------------------------------------
** Docking run number  6 **
--------------------------------------------------------------------------------
  Rank fitness base is 5000.00 ; increment is 11.2233

* Initialising population(s) ...                                                
Number of constraints mappings 0
Number of constraints 0
  Population no.                           :      1
  Population size                          :    100
  Number of duplicates                     :      0
  Number of niche violations               :      0
  Number of errors                         :     25


Doing GA, no. of population(s) 1 size 100 selection pressure 1.100000

 Operation      Fitness  S(hb_ext) S(vdw_ext)  S(hb_int)    S(int)      intcor
         0      27.69       4.36      18.37       0.00      -9.66      -0.79
       163      28.12       1.23      23.04       0.00     -20.13      -0.79
Reordering...
       420      21.95       4.20      15.11       0.00      -9.66      -0.79
Reordering...
       500      20.83       1.54      15.11       0.00      -4.32      -0.79
       510      22.48       2.50      15.31       0.00      -3.11      -0.79
       793      21.25       2.70      13.72       0.00      -0.66      -0.79
       807      21.26       1.84      15.97       0.00      -5.39      -0.79
Reordering...
       820      21.23       2.70      13.72       0.00      -0.66      -0.79
Reordering...
      1440      20.64       0.00      15.42       0.00      -0.60      -0.79
      1629      20.62       0.00      15.43       0.00      -0.60      -0.79
      1716      20.65       0.00      15.21       0.00      -0.26      -0.79
--------------------------------------------------------------------------------
Best docking solution after GA:
      2000      20.65       0.00      15.21       0.00      -0.26      -0.79

#ops:       2000 #mutates:   1022 #cross:      978 #dups:       339 
#niche:      902 #errors:      11 
--------------------------------------------------------------------------------

Doing AMOEBA simplex on best individual
Done simplexing #iterations 1041, best score  25.98

Ligand is stored in gold_soln_ligand_prepared_m1_6.mol2


--------------------------------------------------------------------------------
--- GoldScore breakdown of terms                                             ---
--------------------------------------------------------------------------------
Fitness = S(hb_ext) + 1.3750*S(vdw_ext) + S(hb_int) + 1.0000*S(int)
S(int)  = S(vdw_int) + S(tors)

Internal terms are relative to best energy found (intcor).

--------------------------------------------------------------------------------


     Fitness  S(hb_ext) S(vdw_ext)  S(hb_int)    S(int)      intcor
     25.98       0.00      19.01       0.00      -0.16      -0.79

--------------------------------------------------------------------------------
--- GoldScore analysis of protein-ligand interactions                        ---
--------------------------------------------------------------------------------


--------------------------------------------------------------------------------

--------------------------------------------------------------------------------
--- Rescoring solution                                                       ---
--------------------------------------------------------------------------------

     Score     S(PLP)   S(hbond)     S(cho)   S(metal)  DE(clash)   DE(tors)
      8.65     -10.98       0.00       0.00       0.00       0.00       1.17

Doing AMOEBA simplex on best individual
Done simplexing #iterations 1295, best score  26.64

     Score     S(PLP)   S(hbond)     S(cho)   S(metal)  DE(clash)   DE(tors)
     26.64     -26.14       1.00       0.00       0.00       0.00       1.25

--------------------------------------------------------------------------------
--- CHEMPLP breakdown of terms                                               ---
--------------------------------------------------------------------------------
CHEMPLP = - ( 1.0000*S(PLP) + -3.0000*S(hbond) + -6.0000*S(metal) + -3.0000*S(cho) )

Score = CHEMPLP - 1.0000*DE(clash) - 2.0000*DE(tors)


--------------------------------------------------------------------------------


--------------------------------------------------------------------------------
--- PLP analysis of protein-ligand interactions                              ---
--------------------------------------------------------------------------------
hydrogen bonding        :      -2.00
metal                   :       0.00
buried (polar-nonpolar) :      -5.00
nonpolar                :     -19.73
repulsive               :       0.06
--------------------------------------------------------------------------------


--------------------------------------------------------------------------------
--- ChemScore analysis of protein-ligand interactions                        ---
--------------------------------------------------------------------------------

* Hydrogen bonds                                                                
Protein donor 10172 hydrogen 10198 Ligand acceptor    9 bond energy  1.00 wt 1.00


* CH..O interactions                                                            
  CH group selection                       : activated ring CH (adjacent to hetatom)

--------------------------------------------------------------------------------


--------------------------------------------------------------------------------
--- Intra-ligand clashes                                                     ---
--------------------------------------------------------------------------------

Ligand
--------------------------------------------------------------------------------


--------------------------------------------------------------------------------
--- Chromosome decoded                                                       ---
--------------------------------------------------------------------------------
Ligand Torsions
[   6    2    1    3]  -83.80
[  12    5    1    2] -169.22
Protein Torsions
[10186 10164 10165 10166]  -48.44 
[10196 10172 10171 10170]   68.35 
[10220 10206 10207 10208]   13.58 
[10226 10212 10210 10207] -169.54 
[10244 10233 10234 10235] -155.89 
[10248 10238 10237 10234] -129.46 
[10266 10255 10256 10257]  136.10 
[11356 11334 11333 11330] -155.14 
[10270 10260 10259 10256]  121.43 
[10298 10279 10280 10281]  129.81 
[13520 10121 10120 10119] -116.96 
[13523 10167 10166 10165]  -35.88 
[13526 10209 10208 10207]   -6.56 
[13552 10236 10235 10234]  139.95 
Mapping
Ligand acceptors to protein hydrogens (mapping then atom ids)
Ligand hydrogens to protein acceptors (mapping then atom ids)
Ligand shape atoms to protein points (mapping then atom ids & coords)
  3  1140 [  7->(108.750 231.000 356.000)]
  5  1202 [ 13->(108.750 233.250 357.750)]
  6  1721 [ 14->(110.000 232.000 357.500)]
  7  1177 [ 16->(108.750 232.250 356.750)]
Chromosome values
Integers:
  -1   -1   -1   -1   -1   -1   -1 1139   -1 1201 1720 1176 
--------------------------------------------------------------------------------


--------------------------------------------------------------------------------
--- Diverse Solutions Stats                                                  ---
--------------------------------------------------------------------------------
  Move attempts                            :  17060
  Move failures                            :      0
  Failure rate                             :   0.000

--------------------------------------------------------------------------------

Current Ranking  4  1  5  2  6  3

--------------------------------------------------------------------------------

* GA execution time :                                                           
  total  0.3712 user  0.3548 sys  0.0164

--------------------------------------------------------------------------------
Fitness function evaluations: 17095

--------------------------------------------------------------------------------
** Docking run number  7 **
--------------------------------------------------------------------------------
  Rank fitness base is 5000.00 ; increment is 11.2233

* Initialising population(s) ...                                                
Number of constraints mappings 0
Number of constraints 0
  Population no.                           :      1
  Population size                          :    100
  Number of duplicates                     :      0
  Number of niche violations               :      0
  Number of errors                         :     32


Doing GA, no. of population(s) 1 size 100 selection pressure 1.100000

 Operation      Fitness  S(hb_ext) S(vdw_ext)  S(hb_int)    S(int)      intcor
         0      29.74       2.00      21.03       0.00      -5.87      -0.79
       136      30.26       2.00      22.93       0.00     -14.37      -0.79
       353      27.16       5.98      17.41       0.00      -9.56      -0.79
Reordering...
       480      23.28       2.60      15.14       0.00      -0.38      -0.79
       654      22.10       2.41      17.85       0.00     -12.21      -0.79
Reordering...
       660      21.10       1.98      14.79       0.00      -2.99      -0.79
       727      21.44       1.94      15.00       0.00      -2.60      -0.79
       763      21.66       1.66      16.02       0.00      -4.47      -0.79
Reordering...
       780      21.21       1.90      14.92       0.00      -2.60      -0.79
       865      21.86       1.92      14.81       0.00      -0.85      -0.79
      1183      21.53       1.74      14.96       0.00      -1.11      -0.79
      1259      21.77       1.70      15.06       0.00      -0.85      -0.79
      1487      21.48       1.53      15.30       0.00      -1.11      -0.79
      1862      21.42       1.49      15.31       0.00      -1.11      -0.79
      1885      22.40       1.30      15.58       0.00      -0.32      -0.79
      1943      23.12       0.91      16.70       0.00      -0.75      -0.79
--------------------------------------------------------------------------------
Best docking solution after GA:
      2000      23.12       0.91      16.70       0.00      -0.75      -0.79

#ops:       2000 #mutates:   1050 #cross:      950 #dups:       337 
#niche:      952 #errors:       5 
--------------------------------------------------------------------------------

Doing AMOEBA simplex on best individual
Done simplexing #iterations 955, best score  29.71

Ligand is stored in gold_soln_ligand_prepared_m1_7.mol2


--------------------------------------------------------------------------------
--- GoldScore breakdown of terms                                             ---
--------------------------------------------------------------------------------
Fitness = S(hb_ext) + 1.3750*S(vdw_ext) + S(hb_int) + 1.0000*S(int)
S(int)  = S(vdw_int) + S(tors)

Internal terms are relative to best energy found (intcor).

--------------------------------------------------------------------------------


     Fitness  S(hb_ext) S(vdw_ext)  S(hb_int)    S(int)      intcor
     29.71       1.92      20.70       0.00      -0.68      -0.79

--------------------------------------------------------------------------------
--- GoldScore analysis of protein-ligand interactions                        ---
--------------------------------------------------------------------------------

  Ligand acceptor   17 Protein hydrogen 10910 donor 10884 bond energy  2.00 wt 0.03
  Ligand acceptor   11 Protein hydrogen 11151 donor 11131 bond energy  2.00 wt 0.93

--------------------------------------------------------------------------------

--------------------------------------------------------------------------------
--- Rescoring solution                                                       ---
--------------------------------------------------------------------------------

     Score     S(PLP)   S(hbond)     S(cho)   S(metal)  DE(clash)   DE(tors)
      1.35      -0.65       0.74       0.00       0.00       0.00       0.76

Doing AMOEBA simplex on best individual
Done simplexing #iterations 1509, best score  28.40

     Score     S(PLP)   S(hbond)     S(cho)   S(metal)  DE(clash)   DE(tors)
     28.40     -25.41       1.03       0.00       0.00       0.00       0.05

--------------------------------------------------------------------------------
--- CHEMPLP breakdown of terms                                               ---
--------------------------------------------------------------------------------
CHEMPLP = - ( 1.0000*S(PLP) + -3.0000*S(hbond) + -6.0000*S(metal) + -3.0000*S(cho) )

Score = CHEMPLP - 1.0000*DE(clash) - 2.0000*DE(tors)


--------------------------------------------------------------------------------


--------------------------------------------------------------------------------
--- PLP analysis of protein-ligand interactions                              ---
--------------------------------------------------------------------------------
hydrogen bonding        :      -1.74
metal                   :       0.00
buried (polar-nonpolar) :      -6.54
nonpolar                :     -19.20
repulsive               :       0.52
--------------------------------------------------------------------------------


--------------------------------------------------------------------------------
--- ChemScore analysis of protein-ligand interactions                        ---
--------------------------------------------------------------------------------

* Hydrogen bonds                                                                
Ligand donor   10 hydrogen   23 Protein acceptor 11064 bond energy  1.00 wt 0.30
Protein donor 11131 hydrogen 11151 Ligand acceptor   11 bond energy  1.00 wt 0.73


* CH..O interactions                                                            
  CH group selection                       : activated ring CH (adjacent to hetatom)

--------------------------------------------------------------------------------


--------------------------------------------------------------------------------
--- Intra-ligand clashes                                                     ---
--------------------------------------------------------------------------------

Ligand
--------------------------------------------------------------------------------


--------------------------------------------------------------------------------
--- Chromosome decoded                                                       ---
--------------------------------------------------------------------------------
Ligand Torsions
[   6    2    1    3]  132.33
[  12    5    1    2]  172.44
Protein Torsions
[10186 10164 10165 10166]  175.93 
[10196 10172 10171 10170]  -63.16 
[10220 10206 10207 10208] -147.08 
[10226 10212 10210 10207]   14.75 
[10244 10233 10234 10235] -177.81 
[10248 10238 10237 10234]  -90.37 
[10266 10255 10256 10257]   88.32 
[11356 11334 11333 11330] -176.92 
[10270 10260 10259 10256]   22.83 
[10298 10279 10280 10281]  139.43 
[13520 10121 10120 10119]  155.62 
[13523 10167 10166 10165]   81.49 
[13526 10209 10208 10207]  -80.96 
[13552 10236 10235 10234] -162.77 
Mapping
Ligand acceptors to protein hydrogens (mapping then atom ids)
  3  11 [ 17->10910]
Ligand hydrogens to protein acceptors (mapping then atom ids)
Ligand shape atoms to protein points (mapping then atom ids & coords)
  2   518 [  6->(107.000 230.750 354.750)]
  3   691 [  7->(107.750 229.500 356.250)]
  6  1103 [ 14->(108.750 230.000 355.750)]
Chromosome values
Integers:
  -1   -1   10   -1   -1   -1  517  690   -1   -1 1102   -1 
--------------------------------------------------------------------------------


--------------------------------------------------------------------------------
--- Diverse Solutions Stats                                                  ---
--------------------------------------------------------------------------------
  Move attempts                            :  17261
  Move failures                            :      0
  Failure rate                             :   0.000

--------------------------------------------------------------------------------

Current Ranking  4  7  1  5  2  6  3

--------------------------------------------------------------------------------

* GA execution time :                                                           
  total  0.3694 user  0.3687 sys  0.0007

--------------------------------------------------------------------------------
Fitness function evaluations: 17296

--------------------------------------------------------------------------------
** Docking run number  8 **
--------------------------------------------------------------------------------
  Rank fitness base is 5000.00 ; increment is 11.2233

* Initialising population(s) ...                                                
Number of constraints mappings 0
Number of constraints 0
  Population no.                           :      1
  Population size                          :    100
  Number of duplicates                     :      0
  Number of niche violations               :      0
  Number of errors                         :     42


Doing GA, no. of population(s) 1 size 100 selection pressure 1.100000

 Operation      Fitness  S(hb_ext) S(vdw_ext)  S(hb_int)    S(int)      intcor
         0      27.06       2.40      19.08       0.00      -7.84      -0.79
       231      26.13       0.53      19.00       0.00      -2.08      -0.79
Reordering...
       540      20.54       0.67      15.29       0.00      -3.22      -0.79
       548      22.81       3.65      16.29       0.00      -9.07      -0.79
       647      24.55       2.00      16.42       0.00      -0.07      -0.79
--------------------------------------------------------------------------------
Best docking solution after GA:
      2000      24.47       2.00      16.39       0.00      -0.07      -0.78

#ops:       2000 #mutates:   1015 #cross:      985 #dups:       349 
#niche:      918 #errors:      11 
--------------------------------------------------------------------------------

Doing AMOEBA simplex on best individual
Done simplexing #iterations 964, best score  28.17

Ligand is stored in gold_soln_ligand_prepared_m1_8.mol2


--------------------------------------------------------------------------------
--- GoldScore breakdown of terms                                             ---
--------------------------------------------------------------------------------
Fitness = S(hb_ext) + 1.3750*S(vdw_ext) + S(hb_int) + 1.0000*S(int)
S(int)  = S(vdw_int) + S(tors)

Internal terms are relative to best energy found (intcor).

--------------------------------------------------------------------------------


     Fitness  S(hb_ext) S(vdw_ext)  S(hb_int)    S(int)      intcor
     28.17       2.00      19.05       0.00      -0.02      -0.76

--------------------------------------------------------------------------------
--- GoldScore analysis of protein-ligand interactions                        ---
--------------------------------------------------------------------------------

  Ligand acceptor   11 Protein hydrogen 10248 donor 10238 bond energy  2.00 wt 1.00

--------------------------------------------------------------------------------

--------------------------------------------------------------------------------
--- Rescoring solution                                                       ---
--------------------------------------------------------------------------------

     Score     S(PLP)   S(hbond)     S(cho)   S(metal)  DE(clash)   DE(tors)
     18.28     -15.96       1.02       0.00       0.00       0.00       0.36

Doing AMOEBA simplex on best individual
Done simplexing #iterations 1320, best score  28.03

     Score     S(PLP)   S(hbond)     S(cho)   S(metal)  DE(clash)   DE(tors)
     28.03     -25.40       1.00       0.00       0.00       0.00       0.18

--------------------------------------------------------------------------------
--- CHEMPLP breakdown of terms                                               ---
--------------------------------------------------------------------------------
CHEMPLP = - ( 1.0000*S(PLP) + -3.0000*S(hbond) + -6.0000*S(metal) + -3.0000*S(cho) )

Score = CHEMPLP - 1.0000*DE(clash) - 2.0000*DE(tors)


--------------------------------------------------------------------------------


--------------------------------------------------------------------------------
--- PLP analysis of protein-ligand interactions                              ---
--------------------------------------------------------------------------------
hydrogen bonding        :      -2.00
metal                   :       0.00
buried (polar-nonpolar) :      -3.20
nonpolar                :     -20.66
repulsive               :       0.16
--------------------------------------------------------------------------------


--------------------------------------------------------------------------------
--- ChemScore analysis of protein-ligand interactions                        ---
--------------------------------------------------------------------------------

* Hydrogen bonds                                                                
Protein donor 10238 hydrogen 10248 Ligand acceptor   11 bond energy  1.00 wt 1.00


* CH..O interactions                                                            
  CH group selection                       : activated ring CH (adjacent to hetatom)

--------------------------------------------------------------------------------


--------------------------------------------------------------------------------
--- Intra-ligand clashes                                                     ---
--------------------------------------------------------------------------------

Ligand
--------------------------------------------------------------------------------


--------------------------------------------------------------------------------
--- Chromosome decoded                                                       ---
--------------------------------------------------------------------------------
Ligand Torsions
[   6    2    1    3]  -70.16
[  12    5    1    2] -173.34
Protein Torsions
[10186 10164 10165 10166]  -80.28 
[10196 10172 10171 10170] -157.34 
[10220 10206 10207 10208]  -17.29 
[10226 10212 10210 10207]   78.63 
[10244 10233 10234 10235]   94.76 
[10248 10238 10237 10234] -126.24 
[10266 10255 10256 10257]  157.45 
[11356 11334 11333 11330]   65.89 
[10270 10260 10259 10256] -145.06 
[10298 10279 10280 10281]  -40.28 
[13520 10121 10120 10119]   86.32 
[13523 10167 10166 10165]  -50.55 
[13526 10209 10208 10207] -161.52 
[13552 10236 10235 10234] -118.26 
Mapping
Ligand acceptors to protein hydrogens (mapping then atom ids)
  2   8 [ 11->10248]
Ligand hydrogens to protein acceptors (mapping then atom ids)
Ligand shape atoms to protein points (mapping then atom ids & coords)
  1  1552 [  5->(109.500 231.250 357.250)]
  2   327 [  6->(106.500 229.000 354.750)]
  3   434 [  7->(106.750 230.000 355.000)]
  4  1672 [ 12->(109.750 232.500 356.250)]
  7   558 [ 16->(107.250 230.000 354.000)]
Chromosome values
Integers:
  -1    7   -1   -1   -1 1551  326  433 1671   -1   -1  557 
--------------------------------------------------------------------------------


--------------------------------------------------------------------------------
--- Diverse Solutions Stats                                                  ---
--------------------------------------------------------------------------------
  Move attempts                            :  16912
  Move failures                            :     17
  Failure rate                             :   0.001

--------------------------------------------------------------------------------

Current Ranking  4  7  1  5  8  2  6  3

--------------------------------------------------------------------------------

* GA execution time :                                                           
  total  0.3819 user  0.3719 sys  0.0101

--------------------------------------------------------------------------------
Fitness function evaluations: 16946

--------------------------------------------------------------------------------
** Docking run number  9 **
--------------------------------------------------------------------------------
  Rank fitness base is 5000.00 ; increment is 11.2233

* Initialising population(s) ...                                                
Number of constraints mappings 0
Number of constraints 0
  Population no.                           :      1
  Population size                          :    100
  Number of duplicates                     :      0
  Number of niche violations               :      0
  Number of errors                         :     40


Doing GA, no. of population(s) 1 size 100 selection pressure 1.100000

 Operation      Fitness  S(hb_ext) S(vdw_ext)  S(hb_int)    S(int)      intcor
         0      29.26       1.56      20.94       0.00      -5.45      -0.76
       513      26.10       3.67      17.46       0.00      -4.64      -0.76
Reordering...
      1140      21.26       0.04      16.95       0.00      -3.06      -0.76
      1148      21.31       0.04      16.98       0.00      -3.06      -0.76
      1245      21.20       0.04      17.08       0.00      -3.06      -0.76
--------------------------------------------------------------------------------
Best docking solution after GA:
      2000      20.45       0.03      17.08       0.00      -3.06      -0.76

#ops:       2000 #mutates:   1002 #cross:      998 #dups:       377 
#niche:      955 #errors:      21 
--------------------------------------------------------------------------------

Doing AMOEBA simplex on best individual
Done simplexing #iterations 722, best score  24.57

Ligand is stored in gold_soln_ligand_prepared_m1_9.mol2


--------------------------------------------------------------------------------
--- GoldScore breakdown of terms                                             ---
--------------------------------------------------------------------------------
Fitness = S(hb_ext) + 1.3750*S(vdw_ext) + S(hb_int) + 1.0000*S(int)
S(int)  = S(vdw_int) + S(tors)

Internal terms are relative to best energy found (intcor).

--------------------------------------------------------------------------------


     Fitness  S(hb_ext) S(vdw_ext)  S(hb_int)    S(int)      intcor
     24.57       0.00      20.08       0.00      -3.04      -0.76

--------------------------------------------------------------------------------
--- GoldScore analysis of protein-ligand interactions                        ---
--------------------------------------------------------------------------------


--------------------------------------------------------------------------------

--------------------------------------------------------------------------------
--- Rescoring solution                                                       ---
--------------------------------------------------------------------------------

     Score     S(PLP)   S(hbond)     S(cho)   S(metal)  DE(clash)   DE(tors)
     -6.24       4.27       0.00       0.00       0.00       0.44       0.77

Doing AMOEBA simplex on best individual
Done simplexing #iterations 1095, best score  18.04

     Score     S(PLP)   S(hbond)     S(cho)   S(metal)  DE(clash)   DE(tors)
     18.04     -19.60       0.00       0.00       0.00       1.02       0.27

--------------------------------------------------------------------------------
--- CHEMPLP breakdown of terms                                               ---
--------------------------------------------------------------------------------
CHEMPLP = - ( 1.0000*S(PLP) + -3.0000*S(hbond) + -6.0000*S(metal) + -3.0000*S(cho) )

Score = CHEMPLP - 1.0000*DE(clash) - 2.0000*DE(tors)


--------------------------------------------------------------------------------


--------------------------------------------------------------------------------
--- PLP analysis of protein-ligand interactions                              ---
--------------------------------------------------------------------------------
hydrogen bonding        :      -1.81
metal                   :       0.00
buried (polar-nonpolar) :      -6.06
nonpolar                :     -11.68
repulsive               :       0.10
--------------------------------------------------------------------------------


--------------------------------------------------------------------------------
--- ChemScore analysis of protein-ligand interactions                        ---
--------------------------------------------------------------------------------

* Hydrogen bonds                                                                


* CH..O interactions                                                            
  CH group selection                       : activated ring CH (adjacent to hetatom)

--------------------------------------------------------------------------------


--------------------------------------------------------------------------------
--- Intra-ligand clashes                                                     ---
--------------------------------------------------------------------------------

Ligand
  7 (C7   ) -   3 (C3   ):   1.02 (dist   2.72)
--------------------------------------------------------------------------------


--------------------------------------------------------------------------------
--- Chromosome decoded                                                       ---
--------------------------------------------------------------------------------
Ligand Torsions
[   6    2    1    3]  163.14
[  12    5    1    2]   42.92
Protein Torsions
[10186 10164 10165 10166] -107.78 
[10196 10172 10171 10170] -138.48 
[10220 10206 10207 10208]   51.17 
[10226 10212 10210 10207]    5.82 
[10244 10233 10234 10235]  104.86 
[10248 10238 10237 10234]  130.93 
[10266 10255 10256 10257]  -73.59 
[11356 11334 11333 11330] -135.84 
[10270 10260 10259 10256]   71.89 
[10298 10279 10280 10281]   12.27 
[13520 10121 10120 10119]   77.06 
[13523 10167 10166 10165]  -96.61 
[13526 10209 10208 10207]  -22.39 
[13552 10236 10235 10234]  -68.00 
Mapping
Ligand acceptors to protein hydrogens (mapping then atom ids)
Ligand hydrogens to protein acceptors (mapping then atom ids)
Ligand shape atoms to protein points (mapping then atom ids & coords)
  2  1110 [  6->(108.750 230.250 355.000)]
  3   910 [  7->(108.250 231.500 355.750)]
  5  1227 [ 13->(109.000 229.250 355.500)]
  6  1487 [ 14->(109.250 232.500 357.500)]
  7  1663 [ 16->(109.750 232.250 356.250)]
Chromosome values
Integers:
  -1   -1   -1   -1   -1   -1 1109  909   -1 1226 1486 1662 
--------------------------------------------------------------------------------


--------------------------------------------------------------------------------
--- Diverse Solutions Stats                                                  ---
--------------------------------------------------------------------------------
  Move attempts                            :  16294
  Move failures                            :     17
  Failure rate                             :   0.001

--------------------------------------------------------------------------------

Current Ranking  4  7  1  5  8  2  6  3  9

--------------------------------------------------------------------------------

* GA execution time :                                                           
  total  0.3706 user  0.3609 sys  0.0097

--------------------------------------------------------------------------------
Fitness function evaluations: 16336

--------------------------------------------------------------------------------
** Docking run number 10 **
--------------------------------------------------------------------------------
  Rank fitness base is 5000.00 ; increment is 11.2233

* Initialising population(s) ...                                                
Number of constraints mappings 0
Number of constraints 0
  Population no.                           :      1
  Population size                          :    100
  Number of duplicates                     :      0
  Number of niche violations               :      0
  Number of errors                         :     58


Doing GA, no. of population(s) 1 size 100 selection pressure 1.100000

 Operation      Fitness  S(hb_ext) S(vdw_ext)  S(hb_int)    S(int)      intcor
         0      28.91       1.56      21.62       0.00     -11.87      -0.76
       441      22.89       1.55      18.29       0.00     -11.87      -0.76
Reordering...
       540      21.20       0.00      17.82       0.00      -9.24      -0.76
       545      23.05       1.86      17.81       0.00      -9.24      -0.76
       772      21.35       1.86      17.21       0.00      -9.24      -0.76
Reordering...
       840      20.23       3.25      13.45       0.00      -3.07      -0.76
      1226      19.16       2.97      13.43       0.00      -3.07      -0.76
      1639      21.84       2.21      16.51       0.00      -3.07      -0.76
      1884      22.12       2.60      15.01       0.00      -1.12      -0.76
--------------------------------------------------------------------------------
Best docking solution after GA:
      2000      22.12       2.60      15.01       0.00      -1.12      -0.76

#ops:       2000 #mutates:   1024 #cross:      976 #dups:       354 
#niche:      921 #errors:      54 
--------------------------------------------------------------------------------

Doing AMOEBA simplex on best individual
Done simplexing #iterations 1262, best score  32.89

Ligand is stored in gold_soln_ligand_prepared_m1_10.mol2


--------------------------------------------------------------------------------
--- GoldScore breakdown of terms                                             ---
--------------------------------------------------------------------------------
Fitness = S(hb_ext) + 1.3750*S(vdw_ext) + S(hb_int) + 1.0000*S(int)
S(int)  = S(vdw_int) + S(tors)

Internal terms are relative to best energy found (intcor).

--------------------------------------------------------------------------------


     Fitness  S(hb_ext) S(vdw_ext)  S(hb_int)    S(int)      intcor
     32.89       2.03      22.64       0.00      -0.27      -0.76

--------------------------------------------------------------------------------
--- GoldScore analysis of protein-ligand interactions                        ---
--------------------------------------------------------------------------------

  Ligand acceptor    9 Protein hydrogen 10248 donor 10238 bond energy  2.00 wt 0.04
  Ligand acceptor   17 Protein hydrogen 11151 donor 11131 bond energy  2.00 wt 0.59
  Ligand donor    8 hydrogen   22 Protein acceptor 11137 bond energy  6.00 wt 0.13

--------------------------------------------------------------------------------

--------------------------------------------------------------------------------
--- Rescoring solution                                                       ---
--------------------------------------------------------------------------------

     Score     S(PLP)   S(hbond)     S(cho)   S(metal)  DE(clash)   DE(tors)
     20.24     -17.07       1.82       0.00       0.00       0.00       1.14

Doing AMOEBA simplex on best individual
Done simplexing #iterations 1659, best score  30.99

     Score     S(PLP)   S(hbond)     S(cho)   S(metal)  DE(clash)   DE(tors)
     30.99     -26.35       1.74       0.00       0.00       0.00       0.28

--------------------------------------------------------------------------------
--- CHEMPLP breakdown of terms                                               ---
--------------------------------------------------------------------------------
CHEMPLP = - ( 1.0000*S(PLP) + -3.0000*S(hbond) + -6.0000*S(metal) + -3.0000*S(cho) )

Score = CHEMPLP - 1.0000*DE(clash) - 2.0000*DE(tors)


--------------------------------------------------------------------------------


--------------------------------------------------------------------------------
--- PLP analysis of protein-ligand interactions                              ---
--------------------------------------------------------------------------------
hydrogen bonding        :      -3.10
metal                   :       0.00
buried (polar-nonpolar) :      -2.44
nonpolar                :     -19.94
repulsive               :       0.21
--------------------------------------------------------------------------------


--------------------------------------------------------------------------------
--- ChemScore analysis of protein-ligand interactions                        ---
--------------------------------------------------------------------------------

* Hydrogen bonds                                                                
Ligand donor    8 hydrogen   22 Protein acceptor 11137 bond energy  1.00 wt 1.00
Protein donor 10238 hydrogen 10248 Ligand acceptor    9 bond energy  1.00 wt 0.74


* CH..O interactions                                                            
  CH group selection                       : activated ring CH (adjacent to hetatom)

--------------------------------------------------------------------------------


--------------------------------------------------------------------------------
--- Intra-ligand clashes                                                     ---
--------------------------------------------------------------------------------

Ligand
--------------------------------------------------------------------------------


--------------------------------------------------------------------------------
--- Chromosome decoded                                                       ---
--------------------------------------------------------------------------------
Ligand Torsions
[   6    2    1    3]  -85.35
[  12    5    1    2] -170.24
Protein Torsions
[10186 10164 10165 10166]    1.37 
[10196 10172 10171 10170]  -98.08 
[10220 10206 10207 10208] -100.25 
[10226 10212 10210 10207]   76.78 
[10244 10233 10234 10235] -121.95 
[10248 10238 10237 10234] -105.60 
[10266 10255 10256 10257] -176.96 
[11356 11334 11333 11330]   56.06 
[10270 10260 10259 10256]  166.32 
[10298 10279 10280 10281]  144.26 
[13520 10121 10120 10119]   55.69 
[13523 10167 10166 10165] -109.08 
[13526 10209 10208 10207]  -81.97 
[13552 10236 10235 10234]  -71.57 
Mapping
Ligand acceptors to protein hydrogens (mapping then atom ids)
  1   8 [  9->10248]
Ligand hydrogens to protein acceptors (mapping then atom ids)
  1  12 [ 22->11137]
Ligand shape atoms to protein points (mapping then atom ids & coords)
  3   552 [  7->(107.250 229.750 354.500)]
Chromosome values
Integers:
   7   -1   -1   11   -1   -1   -1  551   -1   -1   -1   -1 
--------------------------------------------------------------------------------


--------------------------------------------------------------------------------
--- Diverse Solutions Stats                                                  ---
--------------------------------------------------------------------------------
  Move attempts                            :  17968
  Move failures                            :     70
  Failure rate                             :   0.004

--------------------------------------------------------------------------------

Current Ranking  4 10  7  1  5  8  2  6  3  9

--------------------------------------------------------------------------------

* GA execution time :                                                           
  total  0.3875 user  0.3875 sys  0.0000

--------------------------------------------------------------------------------
Fitness function evaluations: 18008

--------------------------------------------------------------------------------
--- Ranking analysis                                                         ---
--------------------------------------------------------------------------------


* Final ranked order of GA solutions:                                           
   4 10  7  1  5  8  2  6  3  9 

  _______________________________
  RMSD Matrix of RANKED solutions

        2    3    4    5    6    7    8    9   10  

   1 :  0.9  3.7  4.3  4.2  3.6  4.4  4.5  5.2  3.9
   2 :       3.5  4.1  4.4  3.1  4.2  4.7  5.1  4.0
   3 :            5.0  5.6  2.9  1.1  5.3  6.1  5.4
   4 :                 3.6  4.7  5.2  2.9  3.7  2.6
   5 :                      5.5  5.8  2.1  4.2  1.6
   6 :                           3.1  4.8  5.1  5.3
   7 :                                5.4  6.3  5.6
   8 :                                     3.5  2.6
   9 :                                          4.1

  Clustering method                        : complete linkage
  Structure ids in cluster table           : rank nos.
  Ordering of clusters and their members   : by rank (order if from rms_analysis)

  Distance | Clusters
   0.89    |  1  2 |  3 |  4 |  5 |  6 |  7 |  8 |  9 | 10 |
   1.11    |  1  2 |  3  7 |  4 |  5 |  6 |  8 |  9 | 10 |
   1.58    |  1  2 |  3  7 |  4 |  5 10 |  6 |  8 |  9 |
   2.61    |  1  2 |  3  7 |  4 |  5  8 10 |  6 |  9 |
   3.07    |  1  2 |  3  6  7 |  4 |  5  8 10 |  9 |
   3.59    |  1  2 |  3  6  7 |  4  5  8 10 |  9 |
   4.18    |  1  2 |  3  6  7 |  4  5  8  9 10 |
   4.40    |  1  2  3  6  7 |  4  5  8  9 10 |
   6.29    |  1  2  3  4  5  6  7  8  9 10 |
  Finished Docking Ligand                  : /mnt/c/Users/ricca/Desktop/Documents/1_Coding/1_Script_Github/Reverse_Docking_Explore_V3/5uo4/ligand_prepared.mol2
--------------------------------------------------------------------------------

  Relative_Ligand_Energy (best encountered) :  -0.757
  Relative_Ligand_Energy: fitness values have been corrected using this amount
