
--------------------------------------------------------------------------------
--- Ligand                                                                   ---
--------------------------------------------------------------------------------
  Ligand loaded from file                  : /mnt/c/Users/ricca/Desktop/Documents/1_Coding/1_Script_Github/Reverse_Docking_Explore_V3/4d5m/ligand_prepared.mol2
  Ligand name                              :  
  "CT1002167954                                                             "

--------------------------------------------------------------------------------
  N.plc donors                             : 
  none found

  Acidic nitrogen acceptors                : 
  none found
  Sulfur acceptors                         :
  none found


  Donor atoms                              :      2
  8   10  
  Acceptor atoms                           :      3
  9   11  17  

  Hydrogens                                :  (n = 2)
  22   23   

  Lone pairs added to molecule             :      6
  Numbering                                : from 30 to 35

--------------------------------------------------------------------------------
--- Postprocessing of typing                                                 ---
--------------------------------------------------------------------------------
  Fragment file                            : /home/hitesit/CCDC/Discovery_2022/GOLD/gold/rotatable_bond_override.mol2
  acylurea fragment                        : 2 matches
  Ligand bond 15-8  set to flip
  Ligand bond 15-10  set to flip
  Ligand bond 15-10  set to 1
  Ligand bond 15-8  set to 1
  Ligand bond 10-4  set to flip
  Ligand bond 8-3  set to flip
  thioacylthiourea fragment                : no matches
  acylthiourea fragment                    : no matches
  thioacylurea fragment                    : no matches
  diarylamine fragment >C.ar-NH-C.ar<      : no matches
  sec-amine (1) fragment                   : no matches
  sec-amine (2) fragment                   : no matches
  sec-amine (3) fragment                   : no matches
  carboxylic ester                         : no matches

* Rotatable bonds in /mnt/c/Users/ricca/D  :
  [   1    2] [   1    5] 
  No. of rotatable bonds                   :      2


* Reading torsional distributions from file:
  /home/hitesit/CCDC/Discovery_2022/GOLD/gold/gold.tordist
  No. of bins in torsional distributions   :     36
  Minimum size of largest peak             :      0
  Removing high energy torsions            : on
  Delta E set to                           :   2.500

* Fragments found in /mnt/c/Users/ricca/D  :
  atom   2: benzene
  atom   6: benzene
  atom   7: benzene
  atom  13: benzene
  atom  14: benzene
  atom  16: benzene


* Checking torsion distributions:                                               
  No. of matched torsions                  :      0

--------------------------------------------------------------------------------
--- Shape fitting atoms selection (hydrophobic atoms)                        ---
--------------------------------------------------------------------------------
  Molecule                                 : /mnt/c/Users/ricca/Desktop/Documents/1_Coding/1_Script_Github/Reverse_Docking_Explore_V3/4d5m/ligand_prepared.mol2
  Selection                                : carbons only
  Atom numbers                             :  (n = 7)
  5    6    7    12   13   14   16   

--------------------------------------------------------------------------------
--- Diverse Solutions Setup                                                  ---
--------------------------------------------------------------------------------
  Cluster size                             :      2
  RMSD                                     :   2.000
  Refinement                               :      0


--------------------------------------------------------------------------------
--- ChemScore ligand setup summary                                           ---
--------------------------------------------------------------------------------
  ChemScore ligand acceptors               :      3
  9 11 17 
  ChemScore ligand donors                  :      2
  8 ( 22  ) 10 ( 23  ) 
  ChemScore ligand CH donors               :      0
  

  ChemScore ligand lipophilic atoms        :  (n = 9)
  1    2    5    6    7    12   13   14   16   

  ChemScore ligand rotatable bonds         :      2
  1   (C1 ) - 2   (C2 ): SP3_SP2_BOND
  1   (C1 ) - 5   (C5 ): SP3_SP3_BOND

--------------------------------------------------------------------------------
--- PLP ligand setup summary                                                 ---
--------------------------------------------------------------------------------
    1    C1   C.3 NONPOLAR
    2    C2  C.ar NONPOLAR
    3    C3   C.2 NONPOLAR
    4    C4   C.2 NONPOLAR
    5    C5   C.3 NONPOLAR
    6    C6  C.ar NONPOLAR
    7    C7  C.ar NONPOLAR
    8    N8  N.am DONOR
    9    O9   O.2 ACCEPTOR
   10   N10  N.am DONOR
   11   O11   O.2 ACCEPTOR
   12   C12   C.3 NONPOLAR
   13   C13  C.ar NONPOLAR
   14   C14  C.ar NONPOLAR
   15   C15   C.2 NONPOLAR
   16   C16  C.ar NONPOLAR
   17   O17   O.2 ACCEPTOR

--------------------------------------------------------------------------------
--- Automatic parameter setting                                              ---
--------------------------------------------------------------------------------
  Contribution base                        :   2500
  Contribution per rotatable bond          :   6000
  Contribution per df                      :   4000
  Contribution per water                   :  10000
  Ligand rotatable bonds                   :      2
  Protein flexible side chain bonds        :      0
  Total rotatable bonds                    :      2
  Hydrophobic vol ratio (P/L)              :   0.104
  Base multiplier (polar)                  :   1.000
  Base multiplier (apolar)                 :   0.145
  Base contribution                        : 2500.000
  Fitting points                           :      5
  Estimated maxops needed (optimal)        :  15000
  Autoscale factor (in percent)            :     10
  Scaled maxops                            :   1750

--------------------------------------------------------------------------------

* Population settings                                                           
  maxops                                   :   1750
  popsiz                                   :    100
  select_pressure                          :   1.100
  n_islands                                :      1
  niche_siz                                :      2

* GA settings                                                                   
  pt_crosswt                               :    100
  allele_mutatewt                          :    100
  migratewt                                :      0

* Search settings                                                               
  start_vdw_linear_cutoff                  :   6.000
  initial_virtual_pt_match_max             :   3.000
  Scaling of internal VDW energy           : log scale from  0.2 to    1
                                             over 1312 ops
  Sampling interval (operations)           :     17
  Scaling of virtual pt maximum length     : linear scale from    3 to    2
                                             over  1312 ops
  Sampling interval (operations)           :     52
  Scaling of 4-8 potential cutoff          : log scale from    6 to 1.2e+02
                                             over 1312 ops
  Sampling interval (operations)           :     52

--------------------------------------------------------------------------------

* Ligand initialisation time :                                                  
  total  0.2263 user  0.0105 sys  0.2158

--------------------------------------------------------------------------------

--------------------------------------------------------------------------------
** Docking run number  1 **
--------------------------------------------------------------------------------
  Rank fitness base is 5000.00 ; increment is 11.2233

* Initialising population(s) ...                                                
Number of constraints mappings 0
Number of constraints 0
  Population no.                           :      1
  Population size                          :    100
  Number of duplicates                     :      0
  Number of niche violations               :      4


Doing GA, no. of population(s) 1 size 100 selection pressure 1.100000

 Operation      Fitness  S(hb_ext) S(vdw_ext)  S(hb_int)    S(int)      intcor
         0      24.63       0.21      18.49       0.00      -5.03      -0.80
        40      24.61       0.23      18.49       0.00      -5.03      -0.80
        90      25.18       0.22      18.53       0.00      -2.37      -0.80
        91      30.62       4.89      18.80       0.00      -0.54      -0.80
Reordering...
       520      21.07       0.00      15.81       0.00      -1.78      -0.80
       559      21.83       0.00      16.14       0.00      -0.95      -0.80
       810      21.74       0.00      16.18       0.00      -0.95      -0.80
       900      21.71       0.00      16.09       0.00      -0.69      -0.80
--------------------------------------------------------------------------------
Best docking solution after GA:
      1750      21.43       0.00      16.09       0.00      -0.69      -0.80

#ops:       1750 #mutates:    874 #cross:      876 #dups:       594 
#niche:      852 #errors:       1 
--------------------------------------------------------------------------------

Doing AMOEBA simplex on best individual
Done simplexing #iterations 785, best score  24.94

Ligand is stored in gold_soln_ligand_prepared_m1_1.mol2


--------------------------------------------------------------------------------
--- GoldScore breakdown of terms                                             ---
--------------------------------------------------------------------------------
Fitness = S(hb_ext) + 1.3750*S(vdw_ext) + S(hb_int) + 1.0000*S(int)
S(int)  = S(vdw_int) + S(tors)

Internal terms are relative to best energy found (intcor).

--------------------------------------------------------------------------------


     Fitness  S(hb_ext) S(vdw_ext)  S(hb_int)    S(int)      intcor
     24.94       0.00      18.68       0.00      -0.74      -0.80

--------------------------------------------------------------------------------
--- GoldScore analysis of protein-ligand interactions                        ---
--------------------------------------------------------------------------------


--------------------------------------------------------------------------------

--------------------------------------------------------------------------------
--- Rescoring solution                                                       ---
--------------------------------------------------------------------------------

     Score     S(PLP)   S(hbond)     S(cho)   S(metal)  DE(clash)   DE(tors)
      8.23     -10.74       0.00       0.00       0.00       0.00       1.25

Doing AMOEBA simplex on best individual
Done simplexing #iterations 701, best score  21.75

     Score     S(PLP)   S(hbond)     S(cho)   S(metal)  DE(clash)   DE(tors)
     21.75     -23.85       0.00       0.00       0.00       0.00       1.05

--------------------------------------------------------------------------------
--- CHEMPLP breakdown of terms                                               ---
--------------------------------------------------------------------------------
CHEMPLP = - ( 1.0000*S(PLP) + -3.0000*S(hbond) + -6.0000*S(metal) + -3.0000*S(cho) )

Score = CHEMPLP - 1.0000*DE(clash) - 2.0000*DE(tors)


--------------------------------------------------------------------------------


--------------------------------------------------------------------------------
--- PLP analysis of protein-ligand interactions                              ---
--------------------------------------------------------------------------------
hydrogen bonding        :       0.00
metal                   :       0.00
buried (polar-nonpolar) :      -2.57
nonpolar                :     -21.23
repulsive               :       0.05
--------------------------------------------------------------------------------


--------------------------------------------------------------------------------
--- ChemScore analysis of protein-ligand interactions                        ---
--------------------------------------------------------------------------------

* Hydrogen bonds                                                                


* CH..O interactions                                                            
  CH group selection                       : activated ring CH (adjacent to hetatom)

--------------------------------------------------------------------------------


--------------------------------------------------------------------------------
--- Intra-ligand clashes                                                     ---
--------------------------------------------------------------------------------

Ligand
--------------------------------------------------------------------------------


--------------------------------------------------------------------------------
--- Chromosome decoded                                                       ---
--------------------------------------------------------------------------------
Ligand Torsions
[   6    2    1    3]  150.85
[  12    5    1    2]  166.83
Protein Torsions
[ 410  374  373  371]  -14.28 
[  57   38   37   33]   81.01 
[ 833  808  809  810]  118.32 
[ 854  754  753  752]  138.22 
[ 859  811  810  809]   88.91 
Mapping
Ligand acceptors to protein hydrogens (mapping then atom ids)
Ligand hydrogens to protein acceptors (mapping then atom ids)
Ligand shape atoms to protein points (mapping then atom ids & coords)
  3   300 [  7->( 15.500   3.250   7.500)]
  5   139 [ 13->( 14.250   3.750   6.750)]
  6   332 [ 14->( 15.750   4.000   8.000)]
Chromosome values
Integers:
  -1   -1   -1   -1   -1   -1   -1  299   -1  138  331   -1 
--------------------------------------------------------------------------------


--------------------------------------------------------------------------------
--- Diverse Solutions Stats                                                  ---
--------------------------------------------------------------------------------
  Move attempts                            :  17894
  Move failures                            :      0
  Failure rate                             :   0.000

--------------------------------------------------------------------------------

Current Ranking  1

--------------------------------------------------------------------------------

* GA execution time :                                                           
  total  0.5188 user  0.3700 sys  0.1488

--------------------------------------------------------------------------------
Fitness function evaluations: 17893

--------------------------------------------------------------------------------
** Docking run number  2 **
--------------------------------------------------------------------------------
  Rank fitness base is 5000.00 ; increment is 11.2233

* Initialising population(s) ...                                                
Number of constraints mappings 0
Number of constraints 0
  Population no.                           :      1
  Population size                          :    100
  Number of duplicates                     :      0
  Number of niche violations               :      3


Doing GA, no. of population(s) 1 size 100 selection pressure 1.100000

 Operation      Fitness  S(hb_ext) S(vdw_ext)  S(hb_int)    S(int)      intcor
         0      24.56       2.11      17.69       0.00      -9.38      -0.77
Reordering...
        52      24.08       4.73      15.71       0.00     -10.59      -0.77
        92      24.19       4.96      15.70       0.00     -10.59      -0.77
       244      22.78       2.96      14.75       0.00      -1.72      -0.77
       367      21.47       1.57      14.49       0.00      -0.10      -0.77
       514      21.20       1.56      14.32       0.00      -0.10      -0.77
      1029      21.54       1.33      15.57       0.00      -1.72      -0.77
--------------------------------------------------------------------------------
Best docking solution after GA:
      1750      20.45       0.76      15.57       0.00      -1.72      -0.77

#ops:       1750 #mutates:    869 #cross:      881 #dups:       476 
#niche:      903 #errors:       1 
--------------------------------------------------------------------------------

Doing AMOEBA simplex on best individual
Done simplexing #iterations 573, best score  22.33

Ligand is stored in gold_soln_ligand_prepared_m1_2.mol2


--------------------------------------------------------------------------------
--- GoldScore breakdown of terms                                             ---
--------------------------------------------------------------------------------
Fitness = S(hb_ext) + 1.3750*S(vdw_ext) + S(hb_int) + 1.0000*S(int)
S(int)  = S(vdw_int) + S(tors)

Internal terms are relative to best energy found (intcor).

--------------------------------------------------------------------------------


     Fitness  S(hb_ext) S(vdw_ext)  S(hb_int)    S(int)      intcor
     22.33       1.19      16.24       0.00      -1.18      -0.77

--------------------------------------------------------------------------------
--- GoldScore analysis of protein-ligand interactions                        ---
--------------------------------------------------------------------------------

  Ligand acceptor   11 Protein hydrogen  709 donor  670 bond energy  6.00 wt 0.06
  Ligand acceptor   11 Protein hydrogen  699 donor  671 bond energy  6.00 wt 0.14

--------------------------------------------------------------------------------

--------------------------------------------------------------------------------
--- Rescoring solution                                                       ---
--------------------------------------------------------------------------------

     Score     S(PLP)   S(hbond)     S(cho)   S(metal)  DE(clash)   DE(tors)
     14.19     -11.91       1.26       0.00       0.00       1.07       0.22

Doing AMOEBA simplex on best individual
Done simplexing #iterations 875, best score  22.92

     Score     S(PLP)   S(hbond)     S(cho)   S(metal)  DE(clash)   DE(tors)
     22.92     -21.09       1.09       0.00       0.00       1.19       0.13

--------------------------------------------------------------------------------
--- CHEMPLP breakdown of terms                                               ---
--------------------------------------------------------------------------------
CHEMPLP = - ( 1.0000*S(PLP) + -3.0000*S(hbond) + -6.0000*S(metal) + -3.0000*S(cho) )

Score = CHEMPLP - 1.0000*DE(clash) - 2.0000*DE(tors)


--------------------------------------------------------------------------------


--------------------------------------------------------------------------------
--- PLP analysis of protein-ligand interactions                              ---
--------------------------------------------------------------------------------
hydrogen bonding        :      -1.96
metal                   :       0.00
buried (polar-nonpolar) :      -1.11
nonpolar                :     -19.09
repulsive               :       0.02
--------------------------------------------------------------------------------


--------------------------------------------------------------------------------
--- ChemScore analysis of protein-ligand interactions                        ---
--------------------------------------------------------------------------------

* Hydrogen bonds                                                                
Protein donor  670 hydrogen  709 Ligand acceptor   11 bond energy  1.00 wt 0.26
Protein donor  671 hydrogen  699 Ligand acceptor   11 bond energy  1.00 wt 0.83


* CH..O interactions                                                            
  CH group selection                       : activated ring CH (adjacent to hetatom)

--------------------------------------------------------------------------------


--------------------------------------------------------------------------------
--- Intra-ligand clashes                                                     ---
--------------------------------------------------------------------------------

Ligand
  7 (C7   ) -   3 (C3   ):   1.19 (dist   2.72)
--------------------------------------------------------------------------------


--------------------------------------------------------------------------------
--- Chromosome decoded                                                       ---
--------------------------------------------------------------------------------
Ligand Torsions
[   6    2    1    3]  161.29
[  12    5    1    2]  173.71
Protein Torsions
[ 410  374  373  371] -166.77 
[  57   38   37   33]   19.39 
[ 833  808  809  810]   52.35 
[ 854  754  753  752]  -21.00 
[ 859  811  810  809]    3.67 
Mapping
Ligand acceptors to protein hydrogens (mapping then atom ids)
  2   3 [ 11-> 709]
Ligand hydrogens to protein acceptors (mapping then atom ids)
Ligand shape atoms to protein points (mapping then atom ids & coords)
  1   377 [  5->( 16.500   3.750   8.000)]
  2   206 [  6->( 14.500   4.750   7.250)]
  3    49 [  7->( 13.750   3.500   6.750)]
  5   250 [ 13->( 15.000   3.750   7.000)]
  6   130 [ 14->( 14.250   3.250   6.750)]
  7     3 [ 16->( 13.000   3.750   6.500)]
Chromosome values
Integers:
  -1    2   -1   -1   -1  376  205   48   -1  249  129    2 
--------------------------------------------------------------------------------


--------------------------------------------------------------------------------
--- Diverse Solutions Stats                                                  ---
--------------------------------------------------------------------------------
  Move attempts                            :  17984
  Move failures                            :      0
  Failure rate                             :   0.000

--------------------------------------------------------------------------------

Current Ranking  1  2

--------------------------------------------------------------------------------

* GA execution time :                                                           
  total  0.5051 user  0.3578 sys  0.1473

--------------------------------------------------------------------------------
Fitness function evaluations: 17983

--------------------------------------------------------------------------------
** Docking run number  3 **
--------------------------------------------------------------------------------
  Rank fitness base is 5000.00 ; increment is 11.2233

* Initialising population(s) ...                                                
Number of constraints mappings 0
Number of constraints 0
  Population no.                           :      1
  Population size                          :    100
  Number of duplicates                     :      0
  Number of niche violations               :      2


Doing GA, no. of population(s) 1 size 100 selection pressure 1.100000

 Operation      Fitness  S(hb_ext) S(vdw_ext)  S(hb_int)    S(int)      intcor
         0      23.21       1.98      15.51       0.00      -0.47      -0.77
Reordering...
        17      23.03       2.59      16.99       0.00     -14.34      -0.77
       100      21.30       2.58      15.93       0.00     -14.34      -0.77
Reordering...
       102      21.27       6.45      10.89       0.00      -0.65      -0.77
       172      22.35       6.56      12.25       0.00      -4.25      -0.77
       274      23.13       5.10      13.81       0.00      -3.43      -0.77
       446      23.27       6.21      12.46       0.00      -0.21      -0.77
Reordering...
       520      21.96       4.78      13.42       0.00      -3.43      -0.77
       909      20.03       4.30      12.65       0.00      -2.75      -0.77
Reordering...
       986      19.58       1.91      12.89       0.00      -0.09      -0.77
Reordering...
       988      19.36       1.63      12.91       0.00      -0.03      -0.77
      1015      19.50       4.06      12.93       0.00      -3.43      -0.77
Reordering...
      1040      19.35       1.63      12.91       0.00      -0.03      -0.77
      1048      20.08       4.09      12.02       0.00      -0.75      -0.77
Reordering...
      1144      19.33       1.61      12.91       0.00      -0.03      -0.77
      1205      19.96       1.72      13.37       0.00      -0.16      -0.77
      1269      19.95       1.71      13.37       0.00      -0.16      -0.77
      1299      20.22       1.69      14.00       0.00      -0.75      -0.77
--------------------------------------------------------------------------------
Best docking solution after GA:
      1750      20.19       1.68      14.00       0.00      -0.75      -0.76

#ops:       1750 #mutates:    881 #cross:      869 #dups:       437 
#niche:      900 #errors:       1 
--------------------------------------------------------------------------------

Doing AMOEBA simplex on best individual
Done simplexing #iterations 449, best score  21.57

Ligand is stored in gold_soln_ligand_prepared_m1_3.mol2


--------------------------------------------------------------------------------
--- GoldScore breakdown of terms                                             ---
--------------------------------------------------------------------------------
Fitness = S(hb_ext) + 1.3750*S(vdw_ext) + S(hb_int) + 1.0000*S(int)
S(int)  = S(vdw_int) + S(tors)

Internal terms are relative to best energy found (intcor).

--------------------------------------------------------------------------------


     Fitness  S(hb_ext) S(vdw_ext)  S(hb_int)    S(int)      intcor
     21.57       2.00      14.78       0.00      -0.76      -0.76

--------------------------------------------------------------------------------
--- GoldScore analysis of protein-ligand interactions                        ---
--------------------------------------------------------------------------------

  Ligand donor   10 hydrogen   23 Protein acceptor  374 bond energy  2.00 wt 1.00

--------------------------------------------------------------------------------

--------------------------------------------------------------------------------
--- Rescoring solution                                                       ---
--------------------------------------------------------------------------------

     Score     S(PLP)   S(hbond)     S(cho)   S(metal)  DE(clash)   DE(tors)
     19.35     -15.33       1.52       0.00       0.00       0.00       0.27

Doing AMOEBA simplex on best individual
Done simplexing #iterations 806, best score  29.43

     Score     S(PLP)   S(hbond)     S(cho)   S(metal)  DE(clash)   DE(tors)
     29.43     -23.50       1.99       0.00       0.00       0.00       0.02

--------------------------------------------------------------------------------
--- CHEMPLP breakdown of terms                                               ---
--------------------------------------------------------------------------------
CHEMPLP = - ( 1.0000*S(PLP) + -3.0000*S(hbond) + -6.0000*S(metal) + -3.0000*S(cho) )

Score = CHEMPLP - 1.0000*DE(clash) - 2.0000*DE(tors)


--------------------------------------------------------------------------------


--------------------------------------------------------------------------------
--- PLP analysis of protein-ligand interactions                              ---
--------------------------------------------------------------------------------
hydrogen bonding        :      -3.00
metal                   :       0.00
buried (polar-nonpolar) :      -3.88
nonpolar                :     -17.59
repulsive               :       0.23
--------------------------------------------------------------------------------


--------------------------------------------------------------------------------
--- ChemScore analysis of protein-ligand interactions                        ---
--------------------------------------------------------------------------------

* Hydrogen bonds                                                                
Ligand donor   10 hydrogen   23 Protein acceptor  374 bond energy  1.00 wt 1.00
Protein donor  671 hydrogen  699 Ligand acceptor    9 bond energy  1.00 wt 0.99


* CH..O interactions                                                            
  CH group selection                       : activated ring CH (adjacent to hetatom)

--------------------------------------------------------------------------------


--------------------------------------------------------------------------------
--- Intra-ligand clashes                                                     ---
--------------------------------------------------------------------------------

Ligand
--------------------------------------------------------------------------------


--------------------------------------------------------------------------------
--- Chromosome decoded                                                       ---
--------------------------------------------------------------------------------
Ligand Torsions
[   6    2    1    3]  128.11
[  12    5    1    2]  174.70
Protein Torsions
[ 410  374  373  371]  155.93 
[  57   38   37   33]    4.06 
[ 833  808  809  810]  111.53 
[ 854  754  753  752]  -12.86 
[ 859  811  810  809]  -49.95 
Mapping
Ligand acceptors to protein hydrogens (mapping then atom ids)
  1   5 [  9-> 699]
Ligand hydrogens to protein acceptors (mapping then atom ids)
  2   1 [ 23-> 374]
Ligand shape atoms to protein points (mapping then atom ids & coords)
  2   273 [  6->( 15.250   3.250   7.000)]
  3   339 [  7->( 16.000   3.500   7.250)]
  5   169 [ 13->( 14.250   5.000   6.000)]
  6   261 [ 14->( 15.000   4.250   6.750)]
  7   133 [ 16->( 14.250   3.500   6.500)]
Chromosome values
Integers:
   4   -1   -1   -1    0   -1  272  338   -1  168  260  132 
--------------------------------------------------------------------------------


--------------------------------------------------------------------------------
--- Diverse Solutions Stats                                                  ---
--------------------------------------------------------------------------------
  Move attempts                            :  17494
  Move failures                            :      0
  Failure rate                             :   0.000

--------------------------------------------------------------------------------

Current Ranking  1  2  3

--------------------------------------------------------------------------------

* GA execution time :                                                           
  total  0.5130 user  0.3655 sys  0.1476

--------------------------------------------------------------------------------
Fitness function evaluations: 17493

--------------------------------------------------------------------------------
** Docking run number  4 **
--------------------------------------------------------------------------------
  Rank fitness base is 5000.00 ; increment is 11.2233

* Initialising population(s) ...                                                
Number of constraints mappings 0
Number of constraints 0
  Population no.                           :      1
  Population size                          :    100
  Number of duplicates                     :      0
  Number of niche violations               :      6


Doing GA, no. of population(s) 1 size 100 selection pressure 1.100000

 Operation      Fitness  S(hb_ext) S(vdw_ext)  S(hb_int)    S(int)      intcor
         0      23.98       1.73      17.34       0.00      -7.98      -0.76
Reordering...
        52      23.28       2.26      15.40       0.00      -0.70      -0.76
        82      23.70       2.92      15.32       0.00      -1.33      -0.76
       357      23.30       0.00      17.33       0.00      -1.73      -0.76
       639      23.20       0.00      17.48       0.00      -1.94      -0.76
       878      22.99       0.00      17.48       0.00      -1.81      -0.76
      1634      23.64       0.00      18.45       0.00      -1.73      -0.76
      1743      23.74       0.00      18.46       0.00      -1.64      -0.76
--------------------------------------------------------------------------------
Best docking solution after GA:
      1750      23.74       0.00      18.46       0.00      -1.64      -0.76

#ops:       1750 #mutates:    874 #cross:      876 #dups:       468 
#niche:      903 #errors:       0 
--------------------------------------------------------------------------------

Doing AMOEBA simplex on best individual
Done simplexing #iterations 630, best score  26.73

Ligand is stored in gold_soln_ligand_prepared_m1_4.mol2


--------------------------------------------------------------------------------
--- GoldScore breakdown of terms                                             ---
--------------------------------------------------------------------------------
Fitness = S(hb_ext) + 1.3750*S(vdw_ext) + S(hb_int) + 1.0000*S(int)
S(int)  = S(vdw_int) + S(tors)

Internal terms are relative to best energy found (intcor).

--------------------------------------------------------------------------------


     Fitness  S(hb_ext) S(vdw_ext)  S(hb_int)    S(int)      intcor
     26.73       0.00      20.27       0.00      -1.14      -0.76

--------------------------------------------------------------------------------
--- GoldScore analysis of protein-ligand interactions                        ---
--------------------------------------------------------------------------------


--------------------------------------------------------------------------------

--------------------------------------------------------------------------------
--- Rescoring solution                                                       ---
--------------------------------------------------------------------------------

     Score     S(PLP)   S(hbond)     S(cho)   S(metal)  DE(clash)   DE(tors)
     22.05     -24.47       0.00       0.00       0.00       1.13       0.65

Doing AMOEBA simplex on best individual
Done simplexing #iterations 810, best score  28.20

     Score     S(PLP)   S(hbond)     S(cho)   S(metal)  DE(clash)   DE(tors)
     28.20     -30.44       0.00       0.00       0.00       1.80       0.22

--------------------------------------------------------------------------------
--- CHEMPLP breakdown of terms                                               ---
--------------------------------------------------------------------------------
CHEMPLP = - ( 1.0000*S(PLP) + -3.0000*S(hbond) + -6.0000*S(metal) + -3.0000*S(cho) )

Score = CHEMPLP - 1.0000*DE(clash) - 2.0000*DE(tors)


--------------------------------------------------------------------------------


--------------------------------------------------------------------------------
--- PLP analysis of protein-ligand interactions                              ---
--------------------------------------------------------------------------------
hydrogen bonding        :      -1.00
metal                   :       0.00
buried (polar-nonpolar) :      -4.62
nonpolar                :     -25.83
repulsive               :       0.01
--------------------------------------------------------------------------------


--------------------------------------------------------------------------------
--- ChemScore analysis of protein-ligand interactions                        ---
--------------------------------------------------------------------------------

* Hydrogen bonds                                                                


* CH..O interactions                                                            
  CH group selection                       : activated ring CH (adjacent to hetatom)

--------------------------------------------------------------------------------


--------------------------------------------------------------------------------
--- Intra-ligand clashes                                                     ---
--------------------------------------------------------------------------------

Ligand
  6 (C6   ) -   4 (C4   ):   1.80 (dist   2.70)
--------------------------------------------------------------------------------


--------------------------------------------------------------------------------
--- Chromosome decoded                                                       ---
--------------------------------------------------------------------------------
Ligand Torsions
[   6    2    1    3] -100.28
[  12    5    1    2] -171.31
Protein Torsions
[ 410  374  373  371]  -41.18 
[  57   38   37   33]  -18.02 
[ 833  808  809  810]  -26.36 
[ 854  754  753  752]  -39.22 
[ 859  811  810  809]   98.70 
Mapping
Ligand acceptors to protein hydrogens (mapping then atom ids)
Ligand hydrogens to protein acceptors (mapping then atom ids)
Ligand shape atoms to protein points (mapping then atom ids & coords)
  2    46 [  6->( 13.750   3.250   6.750)]
  3    46 [  7->( 13.750   3.250   6.750)]
  5   207 [ 13->( 14.500   4.750   7.500)]
  6   369 [ 14->( 16.500   3.250   8.250)]
  7   280 [ 16->( 15.250   3.500   7.750)]
Chromosome values
Integers:
  -1   -1   -1   -1   -1   -1   45   45   -1  206  368  279 
--------------------------------------------------------------------------------


--------------------------------------------------------------------------------
--- Diverse Solutions Stats                                                  ---
--------------------------------------------------------------------------------
  Move attempts                            :  17830
  Move failures                            :      0
  Failure rate                             :   0.000

--------------------------------------------------------------------------------

Current Ranking  4  1  2  3

--------------------------------------------------------------------------------

* GA execution time :                                                           
  total  0.5390 user  0.4087 sys  0.1303

--------------------------------------------------------------------------------
Fitness function evaluations: 17828

--------------------------------------------------------------------------------
** Docking run number  5 **
--------------------------------------------------------------------------------
  Rank fitness base is 5000.00 ; increment is 11.2233

* Initialising population(s) ...                                                
Number of constraints mappings 0
Number of constraints 0
  Population no.                           :      1
  Population size                          :    100
  Number of duplicates                     :      0
  Number of niche violations               :      1


Doing GA, no. of population(s) 1 size 100 selection pressure 1.100000

 Operation      Fitness  S(hb_ext) S(vdw_ext)  S(hb_int)    S(int)      intcor
         0      24.56       1.74      16.88       0.00      -1.91      -0.76
       249      23.22       1.81      15.80       0.00      -1.15      -0.76
       328      23.69       4.79      14.51       0.00      -3.52      -0.76
       607      22.03       4.30      13.96       0.00      -3.52      -0.76
       759      21.18       4.71      13.42       0.00      -3.95      -0.76
Reordering...
       867      20.21       2.42      13.02       0.00      -0.19      -0.76
Reordering...
       884      19.99       1.98      13.18       0.00      -0.19      -0.76
      1009      19.74       0.00      14.60       0.00      -0.48      -0.76
      1663      20.17       0.00      15.12       0.00      -0.61      -0.76
--------------------------------------------------------------------------------
Best docking solution after GA:
      1750      20.17       0.00      15.12       0.00      -0.61      -0.76

#ops:       1750 #mutates:    886 #cross:      864 #dups:       429 
#niche:      942 #errors:       0 
--------------------------------------------------------------------------------

Doing AMOEBA simplex on best individual
Done simplexing #iterations 596, best score  25.25

Ligand is stored in gold_soln_ligand_prepared_m1_5.mol2


--------------------------------------------------------------------------------
--- GoldScore breakdown of terms                                             ---
--------------------------------------------------------------------------------
Fitness = S(hb_ext) + 1.3750*S(vdw_ext) + S(hb_int) + 1.0000*S(int)
S(int)  = S(vdw_int) + S(tors)

Internal terms are relative to best energy found (intcor).

--------------------------------------------------------------------------------


     Fitness  S(hb_ext) S(vdw_ext)  S(hb_int)    S(int)      intcor
     25.25       0.00      18.60       0.00      -0.33      -0.76

--------------------------------------------------------------------------------
--- GoldScore analysis of protein-ligand interactions                        ---
--------------------------------------------------------------------------------


--------------------------------------------------------------------------------

--------------------------------------------------------------------------------
--- Rescoring solution                                                       ---
--------------------------------------------------------------------------------

     Score     S(PLP)   S(hbond)     S(cho)   S(metal)  DE(clash)   DE(tors)
      8.01     -10.52       0.00       0.00       0.00       0.00       1.26

Doing AMOEBA simplex on best individual
Done simplexing #iterations 718, best score  23.29

     Score     S(PLP)   S(hbond)     S(cho)   S(metal)  DE(clash)   DE(tors)
     23.29     -23.37       0.00       0.00       0.00       0.00       0.04

--------------------------------------------------------------------------------
--- CHEMPLP breakdown of terms                                               ---
--------------------------------------------------------------------------------
CHEMPLP = - ( 1.0000*S(PLP) + -3.0000*S(hbond) + -6.0000*S(metal) + -3.0000*S(cho) )

Score = CHEMPLP - 1.0000*DE(clash) - 2.0000*DE(tors)


--------------------------------------------------------------------------------


--------------------------------------------------------------------------------
--- PLP analysis of protein-ligand interactions                              ---
--------------------------------------------------------------------------------
hydrogen bonding        :       0.00
metal                   :       0.00
buried (polar-nonpolar) :      -2.81
nonpolar                :     -21.21
repulsive               :       0.03
--------------------------------------------------------------------------------


--------------------------------------------------------------------------------
--- ChemScore analysis of protein-ligand interactions                        ---
--------------------------------------------------------------------------------

* Hydrogen bonds                                                                


* CH..O interactions                                                            
  CH group selection                       : activated ring CH (adjacent to hetatom)

--------------------------------------------------------------------------------


--------------------------------------------------------------------------------
--- Intra-ligand clashes                                                     ---
--------------------------------------------------------------------------------

Ligand
--------------------------------------------------------------------------------


--------------------------------------------------------------------------------
--- Chromosome decoded                                                       ---
--------------------------------------------------------------------------------
Ligand Torsions
[   6    2    1    3]  -35.91
[  12    5    1    2]  168.75
Protein Torsions
[ 410  374  373  371]   61.68 
[  57   38   37   33]   67.34 
[ 833  808  809  810]  178.94 
[ 854  754  753  752]  -76.91 
[ 859  811  810  809]   54.70 
Mapping
Ligand acceptors to protein hydrogens (mapping then atom ids)
Ligand hydrogens to protein acceptors (mapping then atom ids)
Ligand shape atoms to protein points (mapping then atom ids & coords)
  2   275 [  6->( 15.250   3.250   7.500)]
  3   134 [  7->( 14.250   3.500   6.750)]
  5   231 [ 13->( 14.750   4.250   7.250)]
  6   168 [ 14->( 14.250   4.750   7.250)]
  7   168 [ 16->( 14.250   4.750   7.250)]
Chromosome values
Integers:
  -1   -1   -1   -1   -1   -1  274  133   -1  230  167  167 
--------------------------------------------------------------------------------


--------------------------------------------------------------------------------
--- Diverse Solutions Stats                                                  ---
--------------------------------------------------------------------------------
  Move attempts                            :  17581
  Move failures                            :      0
  Failure rate                             :   0.000

--------------------------------------------------------------------------------

Current Ranking  4  5  1  2  3

--------------------------------------------------------------------------------

* GA execution time :                                                           
  total  0.5321 user  0.3971 sys  0.1350

--------------------------------------------------------------------------------
Fitness function evaluations: 17579

--------------------------------------------------------------------------------
** Docking run number  6 **
--------------------------------------------------------------------------------
  Rank fitness base is 5000.00 ; increment is 11.2233

* Initialising population(s) ...                                                
Number of constraints mappings 0
Number of constraints 0
  Population no.                           :      1
  Population size                          :    100
  Number of duplicates                     :      0
  Number of niche violations               :      4
  Number of errors                         :     40


Doing GA, no. of population(s) 1 size 100 selection pressure 1.100000

 Operation      Fitness  S(hb_ext) S(vdw_ext)  S(hb_int)    S(int)      intcor
         0      23.32       0.00      19.67       0.00     -18.67      -0.76
        17      30.67       5.66      18.20       0.00      -0.02      -0.76
       408      25.97       5.12      15.17       0.00      -0.01      -0.76
Reordering...
       572      22.09       6.01      11.70       0.00      -0.02      -0.76
Reordering...
       676      20.67       2.00      13.58       0.00      -0.01      -0.76
       702      21.19       1.76      14.14       0.00      -0.02      -0.76
       731      21.06       1.76      14.05       0.00      -0.02      -0.76
       735      21.08       2.00      13.88       0.00      -0.01      -0.76
       747      21.13       1.71      14.13       0.00      -0.02      -0.76
       828      21.11       1.20      14.49       0.00      -0.02      -0.76
Reordering...
      1040      20.23       1.67      13.51       0.00      -0.02      -0.76
      1303      20.22       1.63      13.54       0.00      -0.02      -0.76
      1699      20.36       1.63      13.63       0.00      -0.01      -0.76
--------------------------------------------------------------------------------
Best docking solution after GA:
      1750      20.36       1.63      13.63       0.00      -0.01      -0.76

#ops:       1750 #mutates:    895 #cross:      855 #dups:       450 
#niche:      912 #errors:      16 
--------------------------------------------------------------------------------

Doing AMOEBA simplex on best individual
Done simplexing #iterations 574, best score  23.39

Ligand is stored in gold_soln_ligand_prepared_m1_6.mol2


--------------------------------------------------------------------------------
--- GoldScore breakdown of terms                                             ---
--------------------------------------------------------------------------------
Fitness = S(hb_ext) + 1.3750*S(vdw_ext) + S(hb_int) + 1.0000*S(int)
S(int)  = S(vdw_int) + S(tors)

Internal terms are relative to best energy found (intcor).

--------------------------------------------------------------------------------


     Fitness  S(hb_ext) S(vdw_ext)  S(hb_int)    S(int)      intcor
     23.39       1.92      15.62       0.00      -0.01      -0.76

--------------------------------------------------------------------------------
--- GoldScore analysis of protein-ligand interactions                        ---
--------------------------------------------------------------------------------

  Ligand donor   10 hydrogen   23 Protein acceptor  374 bond energy  2.00 wt 0.96

--------------------------------------------------------------------------------

--------------------------------------------------------------------------------
--- Rescoring solution                                                       ---
--------------------------------------------------------------------------------

     Score     S(PLP)   S(hbond)     S(cho)   S(metal)  DE(clash)   DE(tors)
     21.59     -17.53       1.41       0.00       0.00       0.00       0.08

Doing AMOEBA simplex on best individual
Done simplexing #iterations 656, best score  29.14

     Score     S(PLP)   S(hbond)     S(cho)   S(metal)  DE(clash)   DE(tors)
     29.14     -23.38       2.00       0.00       0.00       0.00       0.12

--------------------------------------------------------------------------------
--- CHEMPLP breakdown of terms                                               ---
--------------------------------------------------------------------------------
CHEMPLP = - ( 1.0000*S(PLP) + -3.0000*S(hbond) + -6.0000*S(metal) + -3.0000*S(cho) )

Score = CHEMPLP - 1.0000*DE(clash) - 2.0000*DE(tors)


--------------------------------------------------------------------------------


--------------------------------------------------------------------------------
--- PLP analysis of protein-ligand interactions                              ---
--------------------------------------------------------------------------------
hydrogen bonding        :      -3.00
metal                   :       0.00
buried (polar-nonpolar) :      -3.68
nonpolar                :     -16.87
repulsive               :       0.22
--------------------------------------------------------------------------------


--------------------------------------------------------------------------------
--- ChemScore analysis of protein-ligand interactions                        ---
--------------------------------------------------------------------------------

* Hydrogen bonds                                                                
Ligand donor   10 hydrogen   23 Protein acceptor  374 bond energy  1.00 wt 1.00
Protein donor  671 hydrogen  699 Ligand acceptor    9 bond energy  1.00 wt 1.00


* CH..O interactions                                                            
  CH group selection                       : activated ring CH (adjacent to hetatom)

--------------------------------------------------------------------------------


--------------------------------------------------------------------------------
--- Intra-ligand clashes                                                     ---
--------------------------------------------------------------------------------

Ligand
--------------------------------------------------------------------------------


--------------------------------------------------------------------------------
--- Chromosome decoded                                                       ---
--------------------------------------------------------------------------------
Ligand Torsions
[   6    2    1    3]  -65.12
[  12    5    1    2] -177.53
Protein Torsions
[ 410  374  373  371] -165.10 
[  57   38   37   33]   22.36 
[ 833  808  809  810]  166.22 
[ 854  754  753  752] -153.01 
[ 859  811  810  809]   44.28 
Mapping
Ligand acceptors to protein hydrogens (mapping then atom ids)
  1   5 [  9-> 699]
Ligand hydrogens to protein acceptors (mapping then atom ids)
  2   1 [ 23-> 374]
Ligand shape atoms to protein points (mapping then atom ids & coords)
  2   375 [  6->( 16.500   3.750   7.500)]
  3   279 [  7->( 15.250   3.500   7.500)]
  5   104 [ 13->( 14.000   4.250   6.250)]
  6   200 [ 14->( 14.500   4.500   7.000)]
  7   166 [ 16->( 14.250   4.750   6.750)]
Chromosome values
Integers:
   4   -1   -1   -1    0   -1  374  278   -1  103  199  165 
--------------------------------------------------------------------------------


--------------------------------------------------------------------------------
--- Diverse Solutions Stats                                                  ---
--------------------------------------------------------------------------------
  Move attempts                            :  17471
  Move failures                            :     57
  Failure rate                             :   0.003

--------------------------------------------------------------------------------

Current Ranking  4  5  1  6  2  3

--------------------------------------------------------------------------------

* GA execution time :                                                           
  total  0.5532 user  0.4280 sys  0.1252

--------------------------------------------------------------------------------
Fitness function evaluations: 17469

--------------------------------------------------------------------------------
** Docking run number  7 **
--------------------------------------------------------------------------------
  Rank fitness base is 5000.00 ; increment is 11.2233

* Initialising population(s) ...                                                
Number of constraints mappings 0
Number of constraints 0
  Population no.                           :      1
  Population size                          :    100
  Number of duplicates                     :      0
  Number of niche violations               :      0
  Number of errors                         :    166


Doing GA, no. of population(s) 1 size 100 selection pressure 1.100000

 Operation      Fitness  S(hb_ext) S(vdw_ext)  S(hb_int)    S(int)      intcor
         0      26.16       6.50      14.39       0.00      -0.64      -0.76
Reordering...
       364      22.25       5.35      12.61       0.00      -1.40      -0.76
Reordering...
       676      20.22       5.03      11.36       0.00      -0.95      -0.76
       781      20.40       4.93      11.78       0.00      -1.40      -0.76
       994      19.36       4.78      11.29       0.00      -1.40      -0.76
Reordering...
      1196      17.96       4.62      10.30       0.00      -0.95      -0.76
      1275      17.88       4.60      10.32       0.00      -0.95      -0.76
--------------------------------------------------------------------------------
Best docking solution after GA:
      1750      17.82       4.59      10.32       0.00      -0.95      -0.76

#ops:       1750 #mutates:    849 #cross:      901 #dups:       488 
#niche:      918 #errors:      91 
--------------------------------------------------------------------------------

Doing AMOEBA simplex on best individual
Done simplexing #iterations 859, best score  27.35

Ligand is stored in gold_soln_ligand_prepared_m1_7.mol2


--------------------------------------------------------------------------------
--- GoldScore breakdown of terms                                             ---
--------------------------------------------------------------------------------
Fitness = S(hb_ext) + 1.3750*S(vdw_ext) + S(hb_int) + 1.0000*S(int)
S(int)  = S(vdw_int) + S(tors)

Internal terms are relative to best energy found (intcor).

--------------------------------------------------------------------------------


     Fitness  S(hb_ext) S(vdw_ext)  S(hb_int)    S(int)      intcor
     27.35       6.20      15.87       0.00      -0.68      -0.76

--------------------------------------------------------------------------------
--- GoldScore analysis of protein-ligand interactions                        ---
--------------------------------------------------------------------------------

  Ligand acceptor    9 Protein hydrogen  410 donor  374 bond energy  2.00 wt 0.16
  Ligand acceptor   11 Protein hydrogen  709 donor  670 bond energy  6.00 wt 0.95
  Ligand acceptor   11 Protein hydrogen  699 donor  671 bond energy  6.00 wt 0.03

--------------------------------------------------------------------------------

--------------------------------------------------------------------------------
--- Rescoring solution                                                       ---
--------------------------------------------------------------------------------

     Score     S(PLP)   S(hbond)     S(cho)   S(metal)  DE(clash)   DE(tors)
     10.26      -9.87       1.00       0.00       0.00       0.00       1.31

Doing AMOEBA simplex on best individual
Done simplexing #iterations 909, best score  24.81

     Score     S(PLP)   S(hbond)     S(cho)   S(metal)  DE(clash)   DE(tors)
     24.81     -19.28       1.90       0.00       0.00       0.00       0.09

--------------------------------------------------------------------------------
--- CHEMPLP breakdown of terms                                               ---
--------------------------------------------------------------------------------
CHEMPLP = - ( 1.0000*S(PLP) + -3.0000*S(hbond) + -6.0000*S(metal) + -3.0000*S(cho) )

Score = CHEMPLP - 1.0000*DE(clash) - 2.0000*DE(tors)


--------------------------------------------------------------------------------


--------------------------------------------------------------------------------
--- PLP analysis of protein-ligand interactions                              ---
--------------------------------------------------------------------------------
hydrogen bonding        :      -2.00
metal                   :       0.00
buried (polar-nonpolar) :      -2.59
nonpolar                :     -15.09
repulsive               :       0.02
--------------------------------------------------------------------------------


--------------------------------------------------------------------------------
--- ChemScore analysis of protein-ligand interactions                        ---
--------------------------------------------------------------------------------

* Hydrogen bonds                                                                
Protein donor  670 hydrogen  709 Ligand acceptor   11 bond energy  1.00 wt 0.96
Protein donor  671 hydrogen  699 Ligand acceptor   11 bond energy  1.00 wt 0.94


* CH..O interactions                                                            
  CH group selection                       : activated ring CH (adjacent to hetatom)

--------------------------------------------------------------------------------


--------------------------------------------------------------------------------
--- Intra-ligand clashes                                                     ---
--------------------------------------------------------------------------------

Ligand
--------------------------------------------------------------------------------


--------------------------------------------------------------------------------
--- Chromosome decoded                                                       ---
--------------------------------------------------------------------------------
Ligand Torsions
[   6    2    1    3]  109.03
[  12    5    1    2] -172.95
Protein Torsions
[ 410  374  373  371]  -28.78 
[  57   38   37   33]   46.07 
[ 833  808  809  810] -178.10 
[ 854  754  753  752]    7.31 
[ 859  811  810  809]   86.87 
Mapping
Ligand acceptors to protein hydrogens (mapping then atom ids)
Ligand hydrogens to protein acceptors (mapping then atom ids)
Ligand shape atoms to protein points (mapping then atom ids & coords)
  2   349 [  6->( 16.000   4.000   7.750)]
  5    40 [ 13->( 13.500   4.500   6.750)]
  7    73 [ 16->( 13.750   4.750   5.750)]
Chromosome values
Integers:
  -1   -1   -1   -1   -1   -1  348   -1   -1   39   -1   72 
--------------------------------------------------------------------------------


--------------------------------------------------------------------------------
--- Diverse Solutions Stats                                                  ---
--------------------------------------------------------------------------------
  Move attempts                            :  18514
  Move failures                            :    258
  Failure rate                             :   0.014

--------------------------------------------------------------------------------

Current Ranking  7  4  5  1  6  2  3

--------------------------------------------------------------------------------

* GA execution time :                                                           
  total  0.6061 user  0.4880 sys  0.1181

--------------------------------------------------------------------------------
Fitness function evaluations: 18513

--------------------------------------------------------------------------------
** Docking run number  8 **
--------------------------------------------------------------------------------
  Rank fitness base is 5000.00 ; increment is 11.2233

* Initialising population(s) ...                                                
Number of constraints mappings 0
Number of constraints 0
  Population no.                           :      1
  Population size                          :    100
  Number of duplicates                     :      0
  Number of niche violations               :      0
  Number of errors                         :    237


Doing GA, no. of population(s) 1 size 100 selection pressure 1.100000

 Operation      Fitness  S(hb_ext) S(vdw_ext)  S(hb_int)    S(int)      intcor
         0      22.03       0.74      15.57       0.00      -0.63      -0.76
        14      24.18       7.74      12.01       0.00      -0.34      -0.76
Reordering...
       104      19.55       3.35      12.91       0.00      -6.88      -0.76
       115      19.64       0.92      15.25       0.00      -9.95      -0.76
       126      20.70       0.68      15.15       0.00      -3.55      -0.76
       130      21.36       1.28      14.64       0.00      -0.22      -0.76
       167      20.79       0.23      15.07       0.00      -0.69      -0.76
       338      21.41       0.00      17.78       0.00     -10.21      -0.76
       458      20.86       0.00      17.73       0.00     -10.21      -0.76
       570      22.25       0.00      17.56       0.00      -4.74      -0.76
       993      21.12       0.00      17.51       0.00      -4.40      -0.76
      1086      20.88       0.00      15.55       0.00      -0.68      -0.76
      1454      21.48       0.00      16.37       0.00      -1.02      -0.76
      1675      21.80       0.00      16.37       0.00      -0.71      -0.76
--------------------------------------------------------------------------------
Best docking solution after GA:
      1750      21.80       0.00      16.37       0.00      -0.71      -0.76

#ops:       1750 #mutates:    877 #cross:      873 #dups:       606 
#niche:      797 #errors:     125 
--------------------------------------------------------------------------------

Doing AMOEBA simplex on best individual
Done simplexing #iterations 784, best score  26.64

Ligand is stored in gold_soln_ligand_prepared_m1_8.mol2


--------------------------------------------------------------------------------
--- GoldScore breakdown of terms                                             ---
--------------------------------------------------------------------------------
Fitness = S(hb_ext) + 1.3750*S(vdw_ext) + S(hb_int) + 1.0000*S(int)
S(int)  = S(vdw_int) + S(tors)

Internal terms are relative to best energy found (intcor).

--------------------------------------------------------------------------------


     Fitness  S(hb_ext) S(vdw_ext)  S(hb_int)    S(int)      intcor
     26.64       0.00      19.82       0.00      -0.62      -0.76

--------------------------------------------------------------------------------
--- GoldScore analysis of protein-ligand interactions                        ---
--------------------------------------------------------------------------------


--------------------------------------------------------------------------------

--------------------------------------------------------------------------------
--- Rescoring solution                                                       ---
--------------------------------------------------------------------------------

     Score     S(PLP)   S(hbond)     S(cho)   S(metal)  DE(clash)   DE(tors)
     18.08     -20.46       0.00       0.00       0.00       0.00       1.19

Doing AMOEBA simplex on best individual
Done simplexing #iterations 741, best score  24.58

     Score     S(PLP)   S(hbond)     S(cho)   S(metal)  DE(clash)   DE(tors)
     24.58     -26.74       0.00       0.00       0.00       0.00       1.08

--------------------------------------------------------------------------------
--- CHEMPLP breakdown of terms                                               ---
--------------------------------------------------------------------------------
CHEMPLP = - ( 1.0000*S(PLP) + -3.0000*S(hbond) + -6.0000*S(metal) + -3.0000*S(cho) )

Score = CHEMPLP - 1.0000*DE(clash) - 2.0000*DE(tors)


--------------------------------------------------------------------------------


--------------------------------------------------------------------------------
--- PLP analysis of protein-ligand interactions                              ---
--------------------------------------------------------------------------------
hydrogen bonding        :       0.00
metal                   :       0.00
buried (polar-nonpolar) :      -2.97
nonpolar                :     -23.37
repulsive               :       0.04
--------------------------------------------------------------------------------


--------------------------------------------------------------------------------
--- ChemScore analysis of protein-ligand interactions                        ---
--------------------------------------------------------------------------------

* Hydrogen bonds                                                                


* CH..O interactions                                                            
  CH group selection                       : activated ring CH (adjacent to hetatom)

--------------------------------------------------------------------------------


--------------------------------------------------------------------------------
--- Intra-ligand clashes                                                     ---
--------------------------------------------------------------------------------

Ligand
--------------------------------------------------------------------------------


--------------------------------------------------------------------------------
--- Chromosome decoded                                                       ---
--------------------------------------------------------------------------------
Ligand Torsions
[   6    2    1    3]   90.47
[  12    5    1    2] -168.66
Protein Torsions
[ 410  374  373  371]   60.58 
[  57   38   37   33] -161.89 
[ 833  808  809  810] -111.40 
[ 854  754  753  752] -116.51 
[ 859  811  810  809]  -98.20 
Mapping
Ligand acceptors to protein hydrogens (mapping then atom ids)
Ligand hydrogens to protein acceptors (mapping then atom ids)
Ligand shape atoms to protein points (mapping then atom ids & coords)
  2   131 [  6->( 14.250   3.250   7.000)]
  3    12 [  7->( 13.250   3.750   6.500)]
  5   359 [ 13->( 16.250   3.750   7.500)]
  6   113 [ 14->( 14.000   4.500   6.750)]
  7   374 [ 16->( 16.500   3.500   8.500)]
Chromosome values
Integers:
  -1   -1   -1   -1   -1   -1  130   11   -1  358  112  373 
--------------------------------------------------------------------------------


--------------------------------------------------------------------------------
--- Diverse Solutions Stats                                                  ---
--------------------------------------------------------------------------------
  Move attempts                            :  18291
  Move failures                            :    361
  Failure rate                             :   0.020

--------------------------------------------------------------------------------

Current Ranking  7  4  8  5  1  6  2  3

--------------------------------------------------------------------------------

* GA execution time :                                                           
  total  0.5786 user  0.5368 sys  0.0418

--------------------------------------------------------------------------------
Fitness function evaluations: 18291

--------------------------------------------------------------------------------
** Docking run number  9 **
--------------------------------------------------------------------------------
  Rank fitness base is 5000.00 ; increment is 11.2233

* Initialising population(s) ...                                                
Number of constraints mappings 0
Number of constraints 0
  Population no.                           :      1
  Population size                          :    100
  Number of duplicates                     :      0
  Number of niche violations               :      2
  Number of errors                         :    289


Doing GA, no. of population(s) 1 size 100 selection pressure 1.100000

 Operation      Fitness  S(hb_ext) S(vdw_ext)  S(hb_int)    S(int)      intcor
         0      20.48       0.00      15.53       0.00      -4.38      -0.76
        15      23.20       1.84      16.16       0.00      -4.26      -0.76
       206      21.98       1.83      15.45       0.00      -4.26      -0.76
Reordering...
       260      21.17       0.00      15.69       0.00      -1.47      -0.76
Reordering...
       936      16.87       0.00      12.30       0.00      -0.07      -0.76
       966      16.88       0.00      12.30       0.00      -0.06      -0.76
Reordering...
      1092      16.19       0.00      11.88       0.00      -0.19      -0.76
      1149      18.13       1.55      13.53       0.00      -2.51      -0.76
--------------------------------------------------------------------------------
Best docking solution after GA:
      1750      17.61       1.52      13.53       0.00      -2.51      -0.76

#ops:       1750 #mutates:    833 #cross:      917 #dups:       573 
#niche:      815 #errors:     175 
--------------------------------------------------------------------------------

Doing AMOEBA simplex on best individual
Done simplexing #iterations 573, best score  18.58

Ligand is stored in gold_soln_ligand_prepared_m1_9.mol2


--------------------------------------------------------------------------------
--- GoldScore breakdown of terms                                             ---
--------------------------------------------------------------------------------
Fitness = S(hb_ext) + 1.3750*S(vdw_ext) + S(hb_int) + 1.0000*S(int)
S(int)  = S(vdw_int) + S(tors)

Internal terms are relative to best energy found (intcor).

--------------------------------------------------------------------------------


     Fitness  S(hb_ext) S(vdw_ext)  S(hb_int)    S(int)      intcor
     18.58       1.67      13.79       0.00      -2.06      -0.76

--------------------------------------------------------------------------------
--- GoldScore analysis of protein-ligand interactions                        ---
--------------------------------------------------------------------------------

  Ligand acceptor   11 Protein hydrogen  410 donor  374 bond energy  2.00 wt 0.84

--------------------------------------------------------------------------------

--------------------------------------------------------------------------------
--- Rescoring solution                                                       ---
--------------------------------------------------------------------------------

     Score     S(PLP)   S(hbond)     S(cho)   S(metal)  DE(clash)   DE(tors)
      7.96      -8.89       0.39       0.00       0.00       0.90       0.60

Doing AMOEBA simplex on best individual
Done simplexing #iterations 1151, best score  25.83

     Score     S(PLP)   S(hbond)     S(cho)   S(metal)  DE(clash)   DE(tors)
     25.83     -24.77       1.00       0.00       0.00       0.80       0.57

--------------------------------------------------------------------------------
--- CHEMPLP breakdown of terms                                               ---
--------------------------------------------------------------------------------
CHEMPLP = - ( 1.0000*S(PLP) + -3.0000*S(hbond) + -6.0000*S(metal) + -3.0000*S(cho) )

Score = CHEMPLP - 1.0000*DE(clash) - 2.0000*DE(tors)


--------------------------------------------------------------------------------


--------------------------------------------------------------------------------
--- PLP analysis of protein-ligand interactions                              ---
--------------------------------------------------------------------------------
hydrogen bonding        :      -1.00
metal                   :       0.00
buried (polar-nonpolar) :      -2.02
nonpolar                :     -22.17
repulsive               :       0.10
--------------------------------------------------------------------------------


--------------------------------------------------------------------------------
--- ChemScore analysis of protein-ligand interactions                        ---
--------------------------------------------------------------------------------

* Hydrogen bonds                                                                
Protein donor  374 hydrogen  410 Ligand acceptor   11 bond energy  1.00 wt 1.00


* CH..O interactions                                                            
  CH group selection                       : activated ring CH (adjacent to hetatom)

--------------------------------------------------------------------------------


--------------------------------------------------------------------------------
--- Intra-ligand clashes                                                     ---
--------------------------------------------------------------------------------

Ligand
  7 (C7   ) -   4 (C4   ):   0.80 (dist   2.73)
--------------------------------------------------------------------------------


--------------------------------------------------------------------------------
--- Chromosome decoded                                                       ---
--------------------------------------------------------------------------------
Ligand Torsions
[   6    2    1    3]   71.47
[  12    5    1    2] -164.56
Protein Torsions
[ 410  374  373  371]  -14.99 
[  57   38   37   33]   -4.13 
[ 833  808  809  810] -178.60 
[ 854  754  753  752]  179.83 
[ 859  811  810  809] -139.13 
Mapping
Ligand acceptors to protein hydrogens (mapping then atom ids)
Ligand hydrogens to protein acceptors (mapping then atom ids)
Ligand shape atoms to protein points (mapping then atom ids & coords)
  2   133 [  6->( 14.250   3.500   6.500)]
  3   362 [  7->( 16.250   3.750   8.250)]
  5   154 [ 13->( 14.250   4.250   7.250)]
  7    40 [ 16->( 13.500   4.500   6.750)]
Chromosome values
Integers:
  -1   -1   -1   -1   -1   -1  132  361   -1  153   -1   39 
--------------------------------------------------------------------------------


--------------------------------------------------------------------------------
--- Diverse Solutions Stats                                                  ---
--------------------------------------------------------------------------------
  Move attempts                            :  18496
  Move failures                            :    508
  Failure rate                             :   0.027

--------------------------------------------------------------------------------

Current Ranking  7  4  8  5  1  6  2  3  9

--------------------------------------------------------------------------------

* GA execution time :                                                           
  total  0.5400 user  0.5086 sys  0.0314

--------------------------------------------------------------------------------
Fitness function evaluations: 18494

--------------------------------------------------------------------------------
** Docking run number 10 **
--------------------------------------------------------------------------------
  Rank fitness base is 5000.00 ; increment is 11.2233

* Initialising population(s) ...                                                
Number of constraints mappings 0
Number of constraints 0
  Population no.                           :      1
  Population size                          :    100
  Number of duplicates                     :      0
  Number of niche violations               :      0
  Number of errors                         :    298


Doing GA, no. of population(s) 1 size 100 selection pressure 1.100000

 Operation      Fitness  S(hb_ext) S(vdw_ext)  S(hb_int)    S(int)      intcor
         0      22.23       2.00      15.45       0.00      -5.11      -0.76
        30      22.36       2.00      15.57       0.00      -5.11      -0.76
Reordering...
       156      20.74       2.00      15.30       0.00      -9.49      -0.76
       225      21.48       0.00      15.99       0.00      -1.93      -0.76
       921      19.61       0.00      15.06       0.00      -1.77      -0.76
      1111      18.39       0.00      13.98       0.00      -1.07      -0.76
      1137      18.48       0.00      14.46       0.00      -1.77      -0.76
Reordering...
      1144      18.36       0.00      13.98       0.00      -1.07      -0.76
      1401      18.56       1.63      12.73       0.00      -0.58      -0.76
--------------------------------------------------------------------------------
Best docking solution after GA:
      1750      18.56       1.63      12.73       0.00      -0.58      -0.76

#ops:       1750 #mutates:    863 #cross:      887 #dups:       499 
#niche:      807 #errors:     187 
--------------------------------------------------------------------------------

Doing AMOEBA simplex on best individual
Done simplexing #iterations 707, best score  21.95

Ligand is stored in gold_soln_ligand_prepared_m1_10.mol2


--------------------------------------------------------------------------------
--- GoldScore breakdown of terms                                             ---
--------------------------------------------------------------------------------
Fitness = S(hb_ext) + 1.3750*S(vdw_ext) + S(hb_int) + 1.0000*S(int)
S(int)  = S(vdw_int) + S(tors)

Internal terms are relative to best energy found (intcor).

--------------------------------------------------------------------------------


     Fitness  S(hb_ext) S(vdw_ext)  S(hb_int)    S(int)      intcor
     21.95       1.61      14.89       0.00      -0.14      -0.76

--------------------------------------------------------------------------------
--- GoldScore analysis of protein-ligand interactions                        ---
--------------------------------------------------------------------------------

  Ligand acceptor   11 Protein hydrogen  700 donor  671 bond energy  6.00 wt 0.27

--------------------------------------------------------------------------------

--------------------------------------------------------------------------------
--- Rescoring solution                                                       ---
--------------------------------------------------------------------------------

     Score     S(PLP)   S(hbond)     S(cho)   S(metal)  DE(clash)   DE(tors)
     10.81     -10.50       0.93       0.00       0.00       0.00       1.23

Doing AMOEBA simplex on best individual
Done simplexing #iterations 654, best score  22.22

     Score     S(PLP)   S(hbond)     S(cho)   S(metal)  DE(clash)   DE(tors)
     22.22     -21.60       1.00       0.00       0.00       0.00       1.19

--------------------------------------------------------------------------------
--- CHEMPLP breakdown of terms                                               ---
--------------------------------------------------------------------------------
CHEMPLP = - ( 1.0000*S(PLP) + -3.0000*S(hbond) + -6.0000*S(metal) + -3.0000*S(cho) )

Score = CHEMPLP - 1.0000*DE(clash) - 2.0000*DE(tors)


--------------------------------------------------------------------------------


--------------------------------------------------------------------------------
--- PLP analysis of protein-ligand interactions                              ---
--------------------------------------------------------------------------------
hydrogen bonding        :      -1.44
metal                   :       0.00
buried (polar-nonpolar) :      -3.08
nonpolar                :     -16.88
repulsive               :       0.01
--------------------------------------------------------------------------------


--------------------------------------------------------------------------------
--- ChemScore analysis of protein-ligand interactions                        ---
--------------------------------------------------------------------------------

* Hydrogen bonds                                                                
Protein donor  671 hydrogen  700 Ligand acceptor   11 bond energy  1.00 wt 1.00


* CH..O interactions                                                            
  CH group selection                       : activated ring CH (adjacent to hetatom)

--------------------------------------------------------------------------------


--------------------------------------------------------------------------------
--- Intra-ligand clashes                                                     ---
--------------------------------------------------------------------------------

Ligand
--------------------------------------------------------------------------------


--------------------------------------------------------------------------------
--- Chromosome decoded                                                       ---
--------------------------------------------------------------------------------
Ligand Torsions
[   6    2    1    3]  -81.55
[  12    5    1    2] -170.20
Protein Torsions
[ 410  374  373  371]   20.44 
[  57   38   37   33]  178.44 
[ 833  808  809  810] -161.23 
[ 854  754  753  752]  139.87 
[ 859  811  810  809]  114.75 
Mapping
Ligand acceptors to protein hydrogens (mapping then atom ids)
  2   6 [ 11-> 700]
Ligand hydrogens to protein acceptors (mapping then atom ids)
Ligand shape atoms to protein points (mapping then atom ids & coords)
  2   261 [  6->( 15.000   4.250   6.750)]
  3   249 [  7->( 15.000   3.750   6.750)]
  5   121 [ 13->( 14.000   4.750   7.000)]
  6   278 [ 14->( 15.250   3.500   7.250)]
  7   355 [ 16->( 16.250   3.500   7.500)]
Chromosome values
Integers:
  -1    5   -1   -1   -1   -1  260  248   -1  120  277  354 
--------------------------------------------------------------------------------


--------------------------------------------------------------------------------
--- Diverse Solutions Stats                                                  ---
--------------------------------------------------------------------------------
  Move attempts                            :  18008
  Move failures                            :    486
  Failure rate                             :   0.027

--------------------------------------------------------------------------------

Current Ranking  7  4  8  5  1  6  2 10  3  9

--------------------------------------------------------------------------------

* GA execution time :                                                           
  total  0.5704 user  0.5253 sys  0.0451

--------------------------------------------------------------------------------
Fitness function evaluations: 18008

--------------------------------------------------------------------------------
--- Ranking analysis                                                         ---
--------------------------------------------------------------------------------


* Final ranked order of GA solutions:                                           
   7  4  8  5  1  6  2 10  3  9 

  _______________________________
  RMSD Matrix of RANKED solutions

        2    3    4    5    6    7    8    9   10  

   1 :  7.3  7.4  5.4  5.1  2.5  1.6  6.6  2.5  2.9
   2 :       0.2  4.4  5.0  6.5  6.4  4.0  6.6  6.0
   3 :            4.4  5.0  6.6  6.4  4.1  6.6  6.0
   4 :                 0.8  4.6  4.5  6.3  4.6  3.5
   5 :                      4.2  4.3  6.7  4.2  3.2
   6 :                           2.6  6.3  0.3  2.8
   7 :                                6.1  2.6  2.4
   8 :                                     6.3  6.5
   9 :                                          2.8

  Clustering method                        : complete linkage
  Structure ids in cluster table           : rank nos.
  Ordering of clusters and their members   : by rank (order if from rms_analysis)

  Distance | Clusters
   0.19    |  1 |  2  3 |  4 |  5 |  6 |  7 |  8 |  9 | 10 |
   0.29    |  1 |  2  3 |  4 |  5 |  6  9 |  7 |  8 | 10 |
   0.81    |  1 |  2  3 |  4  5 |  6  9 |  7 |  8 | 10 |
   1.60    |  1  7 |  2  3 |  4  5 |  6  9 |  8 | 10 |
   2.64    |  1  6  7  9 |  2  3 |  4  5 |  8 | 10 |
   2.95    |  1  6  7  9 10 |  2  3 |  4  5 |  8 |
   4.08    |  1  6  7  9 10 |  2  3  8 |  4  5 |
   5.45    |  1  4  5  6  7  9 10 |  2  3  8 |
   7.36    |  1  2  3  4  5  6  7  8  9 10 |
  Finished Docking Ligand                  : /mnt/c/Users/ricca/Desktop/Documents/1_Coding/1_Script_Github/Reverse_Docking_Explore_V3/4d5m/ligand_prepared.mol2
--------------------------------------------------------------------------------

  Relative_Ligand_Energy (best encountered) :  -0.765
  Relative_Ligand_Energy: fitness values have been corrected using this amount
