
--------------------------------------------------------------------------------
--- Ligand                                                                   ---
--------------------------------------------------------------------------------
  Ligand loaded from file                  : /mnt/c/Users/ricca/Desktop/Documents/1_Coding/1_Script_Github/Reverse_Docking_Explore_V3/3iw5/ligand_prepared.mol2
  Ligand name                              :  
  "CT1002167954                                                             "

--------------------------------------------------------------------------------
  N.plc donors                             : 
  none found

  Acidic nitrogen acceptors                : 
  none found
  Sulfur acceptors                         :
  none found


  Donor atoms                              :      2
  8   10  
  Acceptor atoms                           :      3
  9   11  17  

  Hydrogens                                :  (n = 2)
  22   23   

  Lone pairs added to molecule             :      6
  Numbering                                : from 30 to 35

--------------------------------------------------------------------------------
--- Postprocessing of typing                                                 ---
--------------------------------------------------------------------------------
  Fragment file                            : /home/hitesit/CCDC/Discovery_2022/GOLD/gold/rotatable_bond_override.mol2
  acylurea fragment                        : 2 matches
  Ligand bond 15-8  set to flip
  Ligand bond 15-10  set to flip
  Ligand bond 15-10  set to 1
  Ligand bond 15-8  set to 1
  Ligand bond 10-4  set to flip
  Ligand bond 8-3  set to flip
  thioacylthiourea fragment                : no matches
  acylthiourea fragment                    : no matches
  thioacylurea fragment                    : no matches
  diarylamine fragment >C.ar-NH-C.ar<      : no matches
  sec-amine (1) fragment                   : no matches
  sec-amine (2) fragment                   : no matches
  sec-amine (3) fragment                   : no matches
  carboxylic ester                         : no matches

* Rotatable bonds in /mnt/c/Users/ricca/D  :
  [   1    2] [   1    5] 
  No. of rotatable bonds                   :      2


* Reading torsional distributions from file:
  /home/hitesit/CCDC/Discovery_2022/GOLD/gold/gold.tordist
  No. of bins in torsional distributions   :     36
  Minimum size of largest peak             :      0
  Removing high energy torsions            : on
  Delta E set to                           :   2.500

* Fragments found in /mnt/c/Users/ricca/D  :
  atom   2: benzene
  atom   6: benzene
  atom   7: benzene
  atom  13: benzene
  atom  14: benzene
  atom  16: benzene


* Checking torsion distributions:                                               
  No. of matched torsions                  :      0

--------------------------------------------------------------------------------
--- Shape fitting atoms selection (hydrophobic atoms)                        ---
--------------------------------------------------------------------------------
  Molecule                                 : /mnt/c/Users/ricca/Desktop/Documents/1_Coding/1_Script_Github/Reverse_Docking_Explore_V3/3iw5/ligand_prepared.mol2
  Selection                                : carbons only
  Atom numbers                             :  (n = 7)
  5    6    7    12   13   14   16   

--------------------------------------------------------------------------------
--- Diverse Solutions Setup                                                  ---
--------------------------------------------------------------------------------
  Cluster size                             :      2
  RMSD                                     :   2.000
  Refinement                               :      0


--------------------------------------------------------------------------------
--- ChemScore ligand setup summary                                           ---
--------------------------------------------------------------------------------
  ChemScore ligand acceptors               :      3
  9 11 17 
  ChemScore ligand donors                  :      2
  8 ( 22  ) 10 ( 23  ) 
  ChemScore ligand CH donors               :      0
  

  ChemScore ligand lipophilic atoms        :  (n = 9)
  1    2    5    6    7    12   13   14   16   

  ChemScore ligand rotatable bonds         :      2
  1   (C1 ) - 2   (C2 ): SP3_SP2_BOND
  1   (C1 ) - 5   (C5 ): SP3_SP3_BOND

--------------------------------------------------------------------------------
--- PLP ligand setup summary                                                 ---
--------------------------------------------------------------------------------
    1    C1   C.3 NONPOLAR
    2    C2  C.ar NONPOLAR
    3    C3   C.2 NONPOLAR
    4    C4   C.2 NONPOLAR
    5    C5   C.3 NONPOLAR
    6    C6  C.ar NONPOLAR
    7    C7  C.ar NONPOLAR
    8    N8  N.am DONOR
    9    O9   O.2 ACCEPTOR
   10   N10  N.am DONOR
   11   O11   O.2 ACCEPTOR
   12   C12   C.3 NONPOLAR
   13   C13  C.ar NONPOLAR
   14   C14  C.ar NONPOLAR
   15   C15   C.2 NONPOLAR
   16   C16  C.ar NONPOLAR
   17   O17   O.2 ACCEPTOR

--------------------------------------------------------------------------------
--- Automatic parameter setting                                              ---
--------------------------------------------------------------------------------
  Contribution base                        :   2500
  Contribution per rotatable bond          :   6000
  Contribution per df                      :   4000
  Contribution per water                   :  10000
  Ligand rotatable bonds                   :      2
  Protein flexible side chain bonds        :      0
  Total rotatable bonds                    :      2
  Hydrophobic vol ratio (P/L)              :   2.547
  Base multiplier (polar)                  :   1.000
  Base multiplier (apolar)                 :   3.566
  Base contribution                        : 10000.000
  Fitting points                           :      5
  Estimated maxops needed (optimal)        :  22500
  Autoscale factor (in percent)            :     10
  Scaled maxops                            :   2500

--------------------------------------------------------------------------------

* Population settings                                                           
  maxops                                   :   2500
  popsiz                                   :    100
  select_pressure                          :   1.100
  n_islands                                :      1
  niche_siz                                :      2

* GA settings                                                                   
  pt_crosswt                               :    100
  allele_mutatewt                          :    100
  migratewt                                :      0

* Search settings                                                               
  start_vdw_linear_cutoff                  :   6.000
  initial_virtual_pt_match_max             :   3.000
  Scaling of internal VDW energy           : log scale from  0.2 to    1
                                             over 1875 ops
  Sampling interval (operations)           :     25
  Scaling of virtual pt maximum length     : linear scale from    3 to    2
                                             over  1875 ops
  Sampling interval (operations)           :     75
  Scaling of 4-8 potential cutoff          : log scale from    6 to 1.2e+02
                                             over 1875 ops
  Sampling interval (operations)           :     75

--------------------------------------------------------------------------------

* Ligand initialisation time :                                                  
  total  0.1862 user  0.0112 sys  0.1750

--------------------------------------------------------------------------------

--------------------------------------------------------------------------------
** Docking run number  1 **
--------------------------------------------------------------------------------
  Rank fitness base is 5000.00 ; increment is 11.2233

* Initialising population(s) ...                                                
Number of constraints mappings 0
Number of constraints 0
  Population no.                           :      1
  Population size                          :    100
  Number of duplicates                     :      0
  Number of niche violations               :      0
  Number of errors                         :    515


Doing GA, no. of population(s) 1 size 100 selection pressure 1.100000

 Operation      Fitness  S(hb_ext) S(vdw_ext)  S(hb_int)    S(int)      intcor
         0      33.33       0.20      24.57       0.00      -3.28      -0.77
       205      33.92       3.13      25.52       0.00     -18.07      -0.77
Reordering...
       300      32.02       0.13      23.81       0.00      -3.29      -0.77
       349      32.52       0.11      24.61       0.00      -5.41      -0.77
       395      34.43       2.82      23.42       0.00      -2.15      -0.77
Reordering...
       675      30.53       0.00      23.06       0.00      -3.29      -0.77
       824      36.82       2.22      26.83       0.00      -5.76      -0.77
      1129      36.31       2.11      27.08       0.00      -5.76      -0.77
      1244      36.76       2.07      25.92       0.00      -1.66      -0.77
      1439      36.62       2.00      26.00       0.00      -1.66      -0.77
      1807      36.20       2.00      26.12       0.00      -1.83      -0.77
      1831      36.82       1.96      26.43       0.00      -1.55      -0.77
      2092      36.84       1.94      26.51       0.00      -1.55      -0.77
      2445      37.65       2.00      26.67       0.00      -1.02      -0.77
--------------------------------------------------------------------------------
Best docking solution after GA:
      2500      37.65       2.00      26.67       0.00      -1.02      -0.77

#ops:       2500 #mutates:   1223 #cross:     1277 #dups:       497 
#niche:     1361 #errors:      79 
--------------------------------------------------------------------------------

Doing AMOEBA simplex on best individual
Done simplexing #iterations 633, best score  39.76

Ligand is stored in gold_soln_ligand_prepared_m1_1.mol2


--------------------------------------------------------------------------------
--- GoldScore breakdown of terms                                             ---
--------------------------------------------------------------------------------
Fitness = S(hb_ext) + 1.3750*S(vdw_ext) + S(hb_int) + 1.0000*S(int)
S(int)  = S(vdw_int) + S(tors)

Internal terms are relative to best energy found (intcor).

--------------------------------------------------------------------------------


     Fitness  S(hb_ext) S(vdw_ext)  S(hb_int)    S(int)      intcor
     39.76       2.00      28.14       0.00      -0.93      -0.77

--------------------------------------------------------------------------------
--- GoldScore analysis of protein-ligand interactions                        ---
--------------------------------------------------------------------------------

  Ligand acceptor   17 Protein hydrogen 3042 donor 3034 bond energy  2.00 wt 1.00

--------------------------------------------------------------------------------

--------------------------------------------------------------------------------
--- Rescoring solution                                                       ---
--------------------------------------------------------------------------------

     Score     S(PLP)   S(hbond)     S(cho)   S(metal)  DE(clash)   DE(tors)
     26.56     -25.35       1.00       0.00       0.00       0.00       0.89

Doing AMOEBA simplex on best individual
Done simplexing #iterations 751, best score  38.29

     Score     S(PLP)   S(hbond)     S(cho)   S(metal)  DE(clash)   DE(tors)
     38.29     -37.46       1.00       0.00       0.00       0.00       1.09

--------------------------------------------------------------------------------
--- CHEMPLP breakdown of terms                                               ---
--------------------------------------------------------------------------------
CHEMPLP = - ( 1.0000*S(PLP) + -3.0000*S(hbond) + -6.0000*S(metal) + -3.0000*S(cho) )

Score = CHEMPLP - 1.0000*DE(clash) - 2.0000*DE(tors)


--------------------------------------------------------------------------------


--------------------------------------------------------------------------------
--- PLP analysis of protein-ligand interactions                              ---
--------------------------------------------------------------------------------
hydrogen bonding        :      -2.60
metal                   :       0.00
buried (polar-nonpolar) :      -4.16
nonpolar                :     -32.21
repulsive               :       0.36
--------------------------------------------------------------------------------


--------------------------------------------------------------------------------
--- ChemScore analysis of protein-ligand interactions                        ---
--------------------------------------------------------------------------------

* Hydrogen bonds                                                                
Protein donor 3034 hydrogen 3042 Ligand acceptor   17 bond energy  1.00 wt 1.00


* CH..O interactions                                                            
  CH group selection                       : activated ring CH (adjacent to hetatom)

--------------------------------------------------------------------------------


--------------------------------------------------------------------------------
--- Intra-ligand clashes                                                     ---
--------------------------------------------------------------------------------

Ligand
--------------------------------------------------------------------------------


--------------------------------------------------------------------------------
--- Chromosome decoded                                                       ---
--------------------------------------------------------------------------------
Ligand Torsions
[   6    2    1    3]   82.19
[  12    5    1    2] -171.22
Protein Torsions
[3945 3936 3935 3933] -135.94 
[4496 4491 4490 4487]   86.36 
[3078 3071 3069 3066] -139.94 
[3839 3834 3833 3830]  -48.01 
[3033 3024 3023 3021]  -60.91 
Mapping
Ligand acceptors to protein hydrogens (mapping then atom ids)
  3  25 [ 17->3042]
Ligand hydrogens to protein acceptors (mapping then atom ids)
Ligand shape atoms to protein points (mapping then atom ids & coords)
  1  3634 [  5->( -6.500 -12.000  -5.750)]
  5  7743 [ 13->( -3.250 -10.750  -1.500)]
  7  6510 [ 16->( -4.500 -10.000  -0.750)]
Chromosome values
Integers:
  -1   -1   24   -1   -1 3633   -1   -1   -1 7742   -1 6509 
--------------------------------------------------------------------------------


--------------------------------------------------------------------------------
--- Diverse Solutions Stats                                                  ---
--------------------------------------------------------------------------------
  Move attempts                            :  16089
  Move failures                            :      0
  Failure rate                             :   0.000

--------------------------------------------------------------------------------

Current Ranking  1

--------------------------------------------------------------------------------

* GA execution time :                                                           
  total  0.8060 user  0.6785 sys  0.1274

--------------------------------------------------------------------------------
Fitness function evaluations: 16684

--------------------------------------------------------------------------------
** Docking run number  2 **
--------------------------------------------------------------------------------
  Rank fitness base is 5000.00 ; increment is 11.2233

* Initialising population(s) ...                                                
Number of constraints mappings 0
Number of constraints 0
  Population no.                           :      1
  Population size                          :    100
  Number of duplicates                     :      0
  Number of niche violations               :      0
  Number of errors                         :    432


Doing GA, no. of population(s) 1 size 100 selection pressure 1.100000

 Operation      Fitness  S(hb_ext) S(vdw_ext)  S(hb_int)    S(int)      intcor
         0      35.80       1.15      25.32       0.00      -0.83      -0.77
Reordering...
        75      34.64       2.10      25.87       0.00     -14.21      -0.77
Reordering...
       100      34.61       0.76      25.39       0.00      -4.84      -0.77
       109      35.35       4.27      23.45       0.00      -5.34      -0.77
Reordering...
       150      34.07       2.06      25.89       0.00     -15.80      -0.77
Reordering...
       200      33.95       4.21      22.55       0.00      -5.34      -0.77
       211      35.92       5.54      23.01       0.00      -5.32      -0.77
       531      33.64       1.15      25.06       0.00      -6.29      -0.77
       863      31.20       2.97      21.01       0.00      -1.60      -0.77
      1054      31.34       0.89      23.25       0.00      -3.09      -0.77
      1296      31.15       2.54      21.50       0.00      -1.60      -0.77
Reordering...
      1400      30.98       2.51      21.02       0.00      -0.63      -0.77
      1512      30.90       2.34      21.62       0.00      -1.60      -0.77
Reordering...
      1725      30.53       2.13      21.06       0.00      -0.63      -0.77
      1862      31.06       2.11      21.52       0.00      -0.65      -0.77
      2098      31.85       0.21      23.22       0.00      -0.29      -0.77
      2210      35.49       0.00      26.27       0.00      -0.63      -0.77
      2465      35.53       0.00      26.30       0.00      -0.63      -0.77
--------------------------------------------------------------------------------
Best docking solution after GA:
      2500      35.53       0.00      26.30       0.00      -0.63      -0.77

#ops:       2500 #mutates:   1227 #cross:     1273 #dups:       444 
#niche:     1337 #errors:      41 
--------------------------------------------------------------------------------

Doing AMOEBA simplex on best individual
Done simplexing #iterations 473, best score  37.49

Ligand is stored in gold_soln_ligand_prepared_m1_2.mol2


--------------------------------------------------------------------------------
--- GoldScore breakdown of terms                                             ---
--------------------------------------------------------------------------------
Fitness = S(hb_ext) + 1.3750*S(vdw_ext) + S(hb_int) + 1.0000*S(int)
S(int)  = S(vdw_int) + S(tors)

Internal terms are relative to best energy found (intcor).

--------------------------------------------------------------------------------


     Fitness  S(hb_ext) S(vdw_ext)  S(hb_int)    S(int)      intcor
     37.49       0.18      27.53       0.00      -0.54      -0.77

--------------------------------------------------------------------------------
--- GoldScore analysis of protein-ligand interactions                        ---
--------------------------------------------------------------------------------

  Ligand donor    8 hydrogen   22 Protein acceptor 4480 bond energy  6.00 wt 0.03

--------------------------------------------------------------------------------

--------------------------------------------------------------------------------
--- Rescoring solution                                                       ---
--------------------------------------------------------------------------------

     Score     S(PLP)   S(hbond)     S(cho)   S(metal)  DE(clash)   DE(tors)
      8.51     -10.72       0.00       0.00       0.00       0.00       1.11

Doing AMOEBA simplex on best individual
Done simplexing #iterations 544, best score  23.13

     Score     S(PLP)   S(hbond)     S(cho)   S(metal)  DE(clash)   DE(tors)
     23.13     -25.28       0.00       0.00       0.00       0.00       1.07

--------------------------------------------------------------------------------
--- CHEMPLP breakdown of terms                                               ---
--------------------------------------------------------------------------------
CHEMPLP = - ( 1.0000*S(PLP) + -3.0000*S(hbond) + -6.0000*S(metal) + -3.0000*S(cho) )

Score = CHEMPLP - 1.0000*DE(clash) - 2.0000*DE(tors)


--------------------------------------------------------------------------------


--------------------------------------------------------------------------------
--- PLP analysis of protein-ligand interactions                              ---
--------------------------------------------------------------------------------
hydrogen bonding        :      -0.79
metal                   :       0.00
buried (polar-nonpolar) :       2.55
nonpolar                :     -28.99
repulsive               :       1.46
--------------------------------------------------------------------------------


--------------------------------------------------------------------------------
--- ChemScore analysis of protein-ligand interactions                        ---
--------------------------------------------------------------------------------

* Hydrogen bonds                                                                


* CH..O interactions                                                            
  CH group selection                       : activated ring CH (adjacent to hetatom)

--------------------------------------------------------------------------------


--------------------------------------------------------------------------------
--- Intra-ligand clashes                                                     ---
--------------------------------------------------------------------------------

Ligand
--------------------------------------------------------------------------------


--------------------------------------------------------------------------------
--- Chromosome decoded                                                       ---
--------------------------------------------------------------------------------
Ligand Torsions
[   6    2    1    3]   99.64
[  12    5    1    2] -169.36
Protein Torsions
[3945 3936 3935 3933]  -35.69 
[4496 4491 4490 4487] -177.18 
[3078 3071 3069 3066]  -36.18 
[3839 3834 3833 3830] -150.55 
[3033 3024 3023 3021]  150.70 
Mapping
Ligand acceptors to protein hydrogens (mapping then atom ids)
Ligand hydrogens to protein acceptors (mapping then atom ids)
Ligand shape atoms to protein points (mapping then atom ids & coords)
  4  5116 [ 12->( -5.750 -11.000  -3.750)]
  5  2362 [ 13->( -7.250  -6.250  -5.500)]
  7  5644 [ 16->( -5.500  -7.500  -7.000)]
Chromosome values
Integers:
  -1   -1   -1   -1   -1   -1   -1   -1 5115 2361   -1 5643 
--------------------------------------------------------------------------------


--------------------------------------------------------------------------------
--- Diverse Solutions Stats                                                  ---
--------------------------------------------------------------------------------
  Move attempts                            :  15615
  Move failures                            :      0
  Failure rate                             :   0.000

--------------------------------------------------------------------------------

Current Ranking  1  2

--------------------------------------------------------------------------------

* GA execution time :                                                           
  total  0.8575 user  0.8187 sys  0.0388

--------------------------------------------------------------------------------
Fitness function evaluations: 16088

--------------------------------------------------------------------------------
** Docking run number  3 **
--------------------------------------------------------------------------------
  Rank fitness base is 5000.00 ; increment is 11.2233

* Initialising population(s) ...                                                
Number of constraints mappings 0
Number of constraints 0
  Population no.                           :      1
  Population size                          :    100
  Number of duplicates                     :      0
  Number of niche violations               :      0
  Number of errors                         :    477


Doing GA, no. of population(s) 1 size 100 selection pressure 1.100000

 Operation      Fitness  S(hb_ext) S(vdw_ext)  S(hb_int)    S(int)      intcor
         0      36.59       5.50      24.45       0.00     -12.63      -0.77
Reordering...
        75      35.40       5.30      22.23       0.00      -2.18      -0.77
       148      35.49       5.43      22.64       0.00      -4.80      -0.77
Reordering...
       150      34.97       5.26      21.97       0.00      -2.18      -0.77
       234      35.51       4.44      22.94       0.00      -1.93      -0.77
       240      35.55       4.44      22.97       0.00      -1.93      -0.77
       292      38.06       3.05      25.64       0.00      -0.96      -0.77
       563      36.91       2.85      24.98       0.00      -0.91      -0.77
       867      35.39       2.67      24.08       0.00      -0.91      -0.77
       921      36.03       2.75      24.49       0.00      -0.91      -0.77
      1360      33.57       2.52      23.00       0.00      -0.91      -0.77
      1388      33.63       2.00      23.31       0.00      -0.64      -0.77
      1390      33.64       2.00      23.32       0.00      -0.64      -0.77
      1414      33.82       2.00      23.15       0.00      -0.00      -0.77
      1571      33.82       2.00      23.15       0.00      -0.00      -0.77
      1591      34.01       2.00      23.64       0.00      -0.64      -0.77
      1615      34.36       2.00      23.53       0.00      -0.00      -0.77
      2169      35.53       2.00      24.38       0.00      -0.00      -0.77
      2289      36.27       1.69      25.86       0.00      -0.97      -0.77
      2334      36.29       1.69      25.88       0.00      -0.97      -0.77
      2499      36.32       2.00      26.45       0.00      -2.05      -0.77
--------------------------------------------------------------------------------
Best docking solution after GA:
      2500      36.32       2.00      26.45       0.00      -2.05      -0.77

#ops:       2500 #mutates:   1266 #cross:     1234 #dups:       399 
#niche:     1335 #errors:      68 
--------------------------------------------------------------------------------

Doing AMOEBA simplex on best individual
Done simplexing #iterations 617, best score  38.06

Ligand is stored in gold_soln_ligand_prepared_m1_3.mol2


--------------------------------------------------------------------------------
--- GoldScore breakdown of terms                                             ---
--------------------------------------------------------------------------------
Fitness = S(hb_ext) + 1.3750*S(vdw_ext) + S(hb_int) + 1.0000*S(int)
S(int)  = S(vdw_int) + S(tors)

Internal terms are relative to best energy found (intcor).

--------------------------------------------------------------------------------


     Fitness  S(hb_ext) S(vdw_ext)  S(hb_int)    S(int)      intcor
     38.06       2.04      27.43       0.00      -1.70      -0.77

--------------------------------------------------------------------------------
--- GoldScore analysis of protein-ligand interactions                        ---
--------------------------------------------------------------------------------

  Ligand acceptor    9 Protein hydrogen 4496 donor 4491 bond energy  2.00 wt 0.02
  Ligand acceptor   17 Protein hydrogen 3042 donor 3034 bond energy  2.00 wt 1.00

--------------------------------------------------------------------------------

--------------------------------------------------------------------------------
--- Rescoring solution                                                       ---
--------------------------------------------------------------------------------

     Score     S(PLP)   S(hbond)     S(cho)   S(metal)  DE(clash)   DE(tors)
     15.42     -15.45       0.54       0.00       0.00       0.90       0.37

Doing AMOEBA simplex on best individual
Done simplexing #iterations 680, best score  39.79

     Score     S(PLP)   S(hbond)     S(cho)   S(metal)  DE(clash)   DE(tors)
     39.79     -41.45       0.00       0.00       0.00       0.95       0.35

--------------------------------------------------------------------------------
--- CHEMPLP breakdown of terms                                               ---
--------------------------------------------------------------------------------
CHEMPLP = - ( 1.0000*S(PLP) + -3.0000*S(hbond) + -6.0000*S(metal) + -3.0000*S(cho) )

Score = CHEMPLP - 1.0000*DE(clash) - 2.0000*DE(tors)


--------------------------------------------------------------------------------


--------------------------------------------------------------------------------
--- PLP analysis of protein-ligand interactions                              ---
--------------------------------------------------------------------------------
hydrogen bonding        :      -0.91
metal                   :       0.00
buried (polar-nonpolar) :      -6.01
nonpolar                :     -35.93
repulsive               :       0.30
--------------------------------------------------------------------------------


--------------------------------------------------------------------------------
--- ChemScore analysis of protein-ligand interactions                        ---
--------------------------------------------------------------------------------

* Hydrogen bonds                                                                


* CH..O interactions                                                            
  CH group selection                       : activated ring CH (adjacent to hetatom)

--------------------------------------------------------------------------------


--------------------------------------------------------------------------------
--- Intra-ligand clashes                                                     ---
--------------------------------------------------------------------------------

Ligand
  7 (C7   ) -   4 (C4   ):   0.95 (dist   2.72)
--------------------------------------------------------------------------------


--------------------------------------------------------------------------------
--- Chromosome decoded                                                       ---
--------------------------------------------------------------------------------
Ligand Torsions
[   6    2    1    3]   76.66
[  12    5    1    2] -178.75
Protein Torsions
[3945 3936 3935 3933]  132.24 
[4496 4491 4490 4487]  -70.41 
[3078 3071 3069 3066]  -69.09 
[3839 3834 3833 3830]   24.22 
[3033 3024 3023 3021] -167.61 
Mapping
Ligand acceptors to protein hydrogens (mapping then atom ids)
  1  14 [  9->4492]
  3  25 [ 17->3042]
Ligand hydrogens to protein acceptors (mapping then atom ids)
  1  13 [ 22->2879]
Ligand shape atoms to protein points (mapping then atom ids & coords)
  4  4062 [ 12->( -6.250 -12.250  -6.250)]
  5  6317 [ 13->( -4.750 -10.000  -0.250)]
  7  6936 [ 16->( -4.000 -11.000  -1.000)]
Chromosome values
Integers:
  13   -1   24   12   -1   -1   -1   -1 4061 6316   -1 6935 
--------------------------------------------------------------------------------


--------------------------------------------------------------------------------
--- Diverse Solutions Stats                                                  ---
--------------------------------------------------------------------------------
  Move attempts                            :  15997
  Move failures                            :      0
  Failure rate                             :   0.000

--------------------------------------------------------------------------------

Current Ranking  1  3  2

--------------------------------------------------------------------------------

* GA execution time :                                                           
  total  0.8717 user  0.8150 sys  0.0567

--------------------------------------------------------------------------------
Fitness function evaluations: 16544

--------------------------------------------------------------------------------
** Docking run number  4 **
--------------------------------------------------------------------------------
  Rank fitness base is 5000.00 ; increment is 11.2233

* Initialising population(s) ...                                                
Number of constraints mappings 0
Number of constraints 0
  Population no.                           :      1
  Population size                          :    100
  Number of duplicates                     :      0
  Number of niche violations               :      0
  Number of errors                         :    452


Doing GA, no. of population(s) 1 size 100 selection pressure 1.100000

 Operation      Fitness  S(hb_ext) S(vdw_ext)  S(hb_int)    S(int)      intcor
         0      37.37       0.89      26.90       0.00      -2.55      -0.77
       117      36.78       2.81      24.88       0.00      -1.14      -0.77
       185      36.95       0.77      26.33       0.00      -0.14      -0.77
       443      34.81       2.61      23.63       0.00      -1.00      -0.77
       615      35.06       3.28      24.25       0.00      -4.65      -0.77
       669      36.06       3.30      24.37       0.00      -2.12      -0.77
       959      34.92       3.10      23.62       0.00      -1.48      -0.77
      1724      32.72       2.70      22.76       0.00      -1.48      -0.77
      1778      32.38       2.72      22.56       0.00      -1.48      -0.77
      2490      32.04       3.82      21.18       0.00      -0.91      -0.77
--------------------------------------------------------------------------------
Best docking solution after GA:
      2500      32.04       3.82      21.18       0.00      -0.91      -0.77

#ops:       2500 #mutates:   1279 #cross:     1221 #dups:       527 
#niche:     1311 #errors:      92 
--------------------------------------------------------------------------------

Doing AMOEBA simplex on best individual
Done simplexing #iterations 669, best score  33.59

Ligand is stored in gold_soln_ligand_prepared_m1_4.mol2


--------------------------------------------------------------------------------
--- GoldScore breakdown of terms                                             ---
--------------------------------------------------------------------------------
Fitness = S(hb_ext) + 1.3750*S(vdw_ext) + S(hb_int) + 1.0000*S(int)
S(int)  = S(vdw_int) + S(tors)

Internal terms are relative to best energy found (intcor).

--------------------------------------------------------------------------------


     Fitness  S(hb_ext) S(vdw_ext)  S(hb_int)    S(int)      intcor
     33.59       3.67      22.31       0.00      -0.75      -0.77

--------------------------------------------------------------------------------
--- GoldScore analysis of protein-ligand interactions                        ---
--------------------------------------------------------------------------------

  Ligand acceptor   11 Protein hydrogen 4492 donor 4486 bond energy  2.00 wt 0.19
  Ligand donor   10 hydrogen   23 Protein acceptor 4503 bond energy  6.00 wt 0.55

--------------------------------------------------------------------------------

--------------------------------------------------------------------------------
--- Rescoring solution                                                       ---
--------------------------------------------------------------------------------

     Score     S(PLP)   S(hbond)     S(cho)   S(metal)  DE(clash)   DE(tors)
     26.70     -23.72       1.77       0.00       0.00       0.00       1.17

Doing AMOEBA simplex on best individual
Done simplexing #iterations 958, best score  33.14

     Score     S(PLP)   S(hbond)     S(cho)   S(metal)  DE(clash)   DE(tors)
     33.14     -29.66       1.74       0.00       0.00       0.14       0.80

--------------------------------------------------------------------------------
--- CHEMPLP breakdown of terms                                               ---
--------------------------------------------------------------------------------
CHEMPLP = - ( 1.0000*S(PLP) + -3.0000*S(hbond) + -6.0000*S(metal) + -3.0000*S(cho) )

Score = CHEMPLP - 1.0000*DE(clash) - 2.0000*DE(tors)


--------------------------------------------------------------------------------


--------------------------------------------------------------------------------
--- PLP analysis of protein-ligand interactions                              ---
--------------------------------------------------------------------------------
hydrogen bonding        :      -2.54
metal                   :       0.00
buried (polar-nonpolar) :      -5.25
nonpolar                :     -24.56
repulsive               :       0.40
--------------------------------------------------------------------------------


--------------------------------------------------------------------------------
--- ChemScore analysis of protein-ligand interactions                        ---
--------------------------------------------------------------------------------

* Hydrogen bonds                                                                
Ligand donor   10 hydrogen   23 Protein acceptor 4503 bond energy  1.00 wt 0.78
Protein donor 4486 hydrogen 4492 Ligand acceptor   11 bond energy  1.00 wt 0.96


* CH..O interactions                                                            
  CH group selection                       : activated ring CH (adjacent to hetatom)

--------------------------------------------------------------------------------


--------------------------------------------------------------------------------
--- Intra-ligand clashes                                                     ---
--------------------------------------------------------------------------------

Ligand
  7 (C7   ) -   3 (C3   ):   0.14 (dist   2.75)
--------------------------------------------------------------------------------


--------------------------------------------------------------------------------
--- Chromosome decoded                                                       ---
--------------------------------------------------------------------------------
Ligand Torsions
[   6    2    1    3]  149.58
[  12    5    1    2]  168.52
Protein Torsions
[3945 3936 3935 3933]  -78.11 
[4496 4491 4490 4487]  107.61 
[3078 3071 3069 3066]  106.04 
[3839 3834 3833 3830]   -3.62 
[3033 3024 3023 3021] -103.94 
Mapping
Ligand acceptors to protein hydrogens (mapping then atom ids)
Ligand hydrogens to protein acceptors (mapping then atom ids)
  2  23 [ 23->4503]
Ligand shape atoms to protein points (mapping then atom ids & coords)
  2  4792 [  6->( -6.000  -7.250  -6.000)]
  4  8412 [ 12->( -2.500 -12.500  -7.000)]
Chromosome values
Integers:
  -1   -1   -1   -1   22   -1 4791   -1 8411   -1   -1   -1 
--------------------------------------------------------------------------------


--------------------------------------------------------------------------------
--- Diverse Solutions Stats                                                  ---
--------------------------------------------------------------------------------
  Move attempts                            :  16428
  Move failures                            :     39
  Failure rate                             :   0.002

--------------------------------------------------------------------------------

Current Ranking  1  3  2  4

--------------------------------------------------------------------------------

* GA execution time :                                                           
  total  0.8156 user  0.7561 sys  0.0595

--------------------------------------------------------------------------------
Fitness function evaluations: 16938

--------------------------------------------------------------------------------
** Docking run number  5 **
--------------------------------------------------------------------------------
  Rank fitness base is 5000.00 ; increment is 11.2233

* Initialising population(s) ...                                                
Number of constraints mappings 0
Number of constraints 0
  Population no.                           :      1
  Population size                          :    100
  Number of duplicates                     :      0
  Number of niche violations               :      0
  Number of errors                         :    492


Doing GA, no. of population(s) 1 size 100 selection pressure 1.100000

 Operation      Fitness  S(hb_ext) S(vdw_ext)  S(hb_int)    S(int)      intcor
         0      33.57       2.39      24.89       0.00     -15.21      -0.77
        29      34.12       4.86      25.21       0.00     -26.43      -0.77
        51      37.32       4.89      23.99       0.00      -2.71      -0.77
       223      37.99       3.15      26.01       0.00      -3.88      -0.77
       253      38.12       2.91      26.31       0.00      -3.88      -0.77
Reordering...
       300      37.62       2.22      26.48       0.00      -3.88      -0.77
       653      35.78       1.92      25.61       0.00      -3.88      -0.77
       813      35.69       2.08      25.56       0.00      -3.88      -0.77
       962      35.57       2.08      24.98       0.00      -1.89      -0.77
Reordering...
      1575      30.32       0.08      23.16       0.00      -2.07      -0.77
      1687      31.78       0.20      26.88       0.00      -6.40      -0.77
      2195      35.05       0.06      26.35       0.00      -1.24      -0.77
--------------------------------------------------------------------------------
Best docking solution after GA:
      2500      35.05       0.06      26.35       0.00      -1.24      -0.77

#ops:       2500 #mutates:   1254 #cross:     1246 #dups:       487 
#niche:     1234 #errors:      68 
--------------------------------------------------------------------------------

Doing AMOEBA simplex on best individual
Done simplexing #iterations 398, best score  37.76

Ligand is stored in gold_soln_ligand_prepared_m1_5.mol2


--------------------------------------------------------------------------------
--- GoldScore breakdown of terms                                             ---
--------------------------------------------------------------------------------
Fitness = S(hb_ext) + 1.3750*S(vdw_ext) + S(hb_int) + 1.0000*S(int)
S(int)  = S(vdw_int) + S(tors)

Internal terms are relative to best energy found (intcor).

--------------------------------------------------------------------------------


     Fitness  S(hb_ext) S(vdw_ext)  S(hb_int)    S(int)      intcor
     37.76       0.08      28.43       0.00      -1.41      -0.77

--------------------------------------------------------------------------------
--- GoldScore analysis of protein-ligand interactions                        ---
--------------------------------------------------------------------------------

  Ligand acceptor   17 Protein hydrogen 2978 donor 2965 bond energy  2.00 wt 0.04

--------------------------------------------------------------------------------

--------------------------------------------------------------------------------
--- Rescoring solution                                                       ---
--------------------------------------------------------------------------------

     Score     S(PLP)   S(hbond)     S(cho)   S(metal)  DE(clash)   DE(tors)
     23.37     -25.06       0.00       0.00       0.00       0.27       0.71

Doing AMOEBA simplex on best individual
Done simplexing #iterations 969, best score  37.74

     Score     S(PLP)   S(hbond)     S(cho)   S(metal)  DE(clash)   DE(tors)
     37.74     -39.87       0.00       0.00       0.00       0.12       1.01

--------------------------------------------------------------------------------
--- CHEMPLP breakdown of terms                                               ---
--------------------------------------------------------------------------------
CHEMPLP = - ( 1.0000*S(PLP) + -3.0000*S(hbond) + -6.0000*S(metal) + -3.0000*S(cho) )

Score = CHEMPLP - 1.0000*DE(clash) - 2.0000*DE(tors)


--------------------------------------------------------------------------------


--------------------------------------------------------------------------------
--- PLP analysis of protein-ligand interactions                              ---
--------------------------------------------------------------------------------
hydrogen bonding        :       0.00
metal                   :       0.00
buried (polar-nonpolar) :      -7.30
nonpolar                :     -34.17
repulsive               :       0.48
--------------------------------------------------------------------------------


--------------------------------------------------------------------------------
--- ChemScore analysis of protein-ligand interactions                        ---
--------------------------------------------------------------------------------

* Hydrogen bonds                                                                


* CH..O interactions                                                            
  CH group selection                       : activated ring CH (adjacent to hetatom)

--------------------------------------------------------------------------------


--------------------------------------------------------------------------------
--- Intra-ligand clashes                                                     ---
--------------------------------------------------------------------------------

Ligand
  7 (C7   ) -   3 (C3   ):   0.12 (dist   2.75)
--------------------------------------------------------------------------------


--------------------------------------------------------------------------------
--- Chromosome decoded                                                       ---
--------------------------------------------------------------------------------
Ligand Torsions
[   6    2    1    3]  167.95
[  12    5    1    2]  173.26
Protein Torsions
[3945 3936 3935 3933]  133.27 
[4496 4491 4490 4487] -165.98 
[3078 3071 3069 3066]  164.90 
[3839 3834 3833 3830]  -66.84 
[3033 3024 3023 3021]   60.58 
Mapping
Ligand acceptors to protein hydrogens (mapping then atom ids)
  3   2 [ 17->2978]
Ligand hydrogens to protein acceptors (mapping then atom ids)
  2  13 [ 23->2879]
Ligand shape atoms to protein points (mapping then atom ids & coords)
  1  2728 [  5->( -7.000 -12.250  -6.250)]
  2  7922 [  6->( -3.000 -11.750  -3.000)]
  4  3657 [ 12->( -6.500 -11.500  -5.750)]
  7  6725 [ 16->( -4.250 -10.250  -0.250)]
Chromosome values
Integers:
  -1   -1    1   -1   12 2727 7921   -1 3656   -1   -1 6724 
--------------------------------------------------------------------------------


--------------------------------------------------------------------------------
--- Diverse Solutions Stats                                                  ---
--------------------------------------------------------------------------------
  Move attempts                            :  16016
  Move failures                            :     23
  Failure rate                             :   0.001

--------------------------------------------------------------------------------

Current Ranking  1  3  5  2  4

--------------------------------------------------------------------------------

* GA execution time :                                                           
  total  0.8273 user  0.7535 sys  0.0737

--------------------------------------------------------------------------------
Fitness function evaluations: 16553

--------------------------------------------------------------------------------
** Docking run number  6 **
--------------------------------------------------------------------------------
  Rank fitness base is 5000.00 ; increment is 11.2233

* Initialising population(s) ...                                                
Number of constraints mappings 0
Number of constraints 0
  Population no.                           :      1
  Population size                          :    100
  Number of duplicates                     :      0
  Number of niche violations               :      0
  Number of errors                         :    506


Doing GA, no. of population(s) 1 size 100 selection pressure 1.100000

 Operation      Fitness  S(hb_ext) S(vdw_ext)  S(hb_int)    S(int)      intcor
         0      33.92       3.52      22.28       0.00      -1.18      -0.77
        22      35.10       0.00      27.23       0.00     -11.72      -0.77
       105      34.88       8.47      20.01       0.00      -5.03      -0.77
       135      35.03       3.43      23.18       0.00      -1.18      -0.77
       147      36.64       3.57      24.87       0.00      -5.03      -0.77
       389      34.59       3.04      23.56       0.00      -3.09      -0.77
       730      33.05       5.42      20.56       0.00      -1.74      -0.77
       798      33.44       2.84      24.13       0.00      -6.65      -0.77
      1191      31.95       4.43      21.35       0.00      -3.36      -0.77
      1325      32.68       2.32      23.49       0.00      -3.10      -0.77
      1770      29.86       4.14      20.90       0.00      -3.36      -0.77
      1774      31.32       2.18      22.46       0.00      -1.95      -0.77
      2212      30.25       2.13      21.87       0.00      -1.95      -0.77
      2276      30.44       2.13      22.43       0.00      -2.54      -0.77
      2347      30.68       2.13      22.90       0.00      -2.94      -0.77
      2487      31.26       4.98      20.12       0.00      -1.38      -0.77
--------------------------------------------------------------------------------
Best docking solution after GA:
      2500      31.26       4.98      20.12       0.00      -1.38      -0.77

#ops:       2500 #mutates:   1219 #cross:     1281 #dups:       447 
#niche:     1291 #errors:      83 
--------------------------------------------------------------------------------

Doing AMOEBA simplex on best individual
Done simplexing #iterations 807, best score  40.87

Ligand is stored in gold_soln_ligand_prepared_m1_6.mol2


--------------------------------------------------------------------------------
--- GoldScore breakdown of terms                                             ---
--------------------------------------------------------------------------------
Fitness = S(hb_ext) + 1.3750*S(vdw_ext) + S(hb_int) + 1.0000*S(int)
S(int)  = S(vdw_int) + S(tors)

Internal terms are relative to best energy found (intcor).

--------------------------------------------------------------------------------


     Fitness  S(hb_ext) S(vdw_ext)  S(hb_int)    S(int)      intcor
     40.87       5.78      26.42       0.00      -1.23      -0.77

--------------------------------------------------------------------------------
--- GoldScore analysis of protein-ligand interactions                        ---
--------------------------------------------------------------------------------

  Ligand acceptor   17 Protein hydrogen 3808 donor 3796 bond energy  6.00 wt 0.96

--------------------------------------------------------------------------------

--------------------------------------------------------------------------------
--- Rescoring solution                                                       ---
--------------------------------------------------------------------------------

     Score     S(PLP)   S(hbond)     S(cho)   S(metal)  DE(clash)   DE(tors)
     22.97     -23.65       0.34       0.00       0.00       0.30       0.70

Doing AMOEBA simplex on best individual
Done simplexing #iterations 615, best score  31.39

     Score     S(PLP)   S(hbond)     S(cho)   S(metal)  DE(clash)   DE(tors)
     31.39     -33.04       0.00       0.00       0.00       0.03       0.81

--------------------------------------------------------------------------------
--- CHEMPLP breakdown of terms                                               ---
--------------------------------------------------------------------------------
CHEMPLP = - ( 1.0000*S(PLP) + -3.0000*S(hbond) + -6.0000*S(metal) + -3.0000*S(cho) )

Score = CHEMPLP - 1.0000*DE(clash) - 2.0000*DE(tors)


--------------------------------------------------------------------------------


--------------------------------------------------------------------------------
--- PLP analysis of protein-ligand interactions                              ---
--------------------------------------------------------------------------------
hydrogen bonding        :      -1.00
metal                   :       0.00
buried (polar-nonpolar) :       1.60
nonpolar                :     -35.24
repulsive               :       0.38
--------------------------------------------------------------------------------


--------------------------------------------------------------------------------
--- ChemScore analysis of protein-ligand interactions                        ---
--------------------------------------------------------------------------------

* Hydrogen bonds                                                                


* CH..O interactions                                                            
  CH group selection                       : activated ring CH (adjacent to hetatom)

--------------------------------------------------------------------------------


--------------------------------------------------------------------------------
--- Intra-ligand clashes                                                     ---
--------------------------------------------------------------------------------

Ligand
  7 (C7   ) -   4 (C4   ):   0.03 (dist   2.75)
--------------------------------------------------------------------------------


--------------------------------------------------------------------------------
--- Chromosome decoded                                                       ---
--------------------------------------------------------------------------------
Ligand Torsions
[   6    2    1    3]   77.95
[  12    5    1    2] -165.16
Protein Torsions
[3945 3936 3935 3933] -152.93 
[4496 4491 4490 4487]  -26.49 
[3078 3071 3069 3066]   73.11 
[3839 3834 3833 3830]  -87.19 
[3033 3024 3023 3021]  -19.36 
Mapping
Ligand acceptors to protein hydrogens (mapping then atom ids)
  3  23 [ 17->3808]
Ligand hydrogens to protein acceptors (mapping then atom ids)
Ligand shape atoms to protein points (mapping then atom ids & coords)
  3  6209 [  7->( -4.750 -11.750  -2.250)]
  5  7706 [ 13->( -3.250 -11.250  -0.750)]
  6  6699 [ 14->( -4.250 -10.750  -0.500)]
  7  7185 [ 16->( -3.750 -11.000  -1.250)]
Chromosome values
Integers:
  -1   -1   22   -1   -1   -1   -1 6208   -1 7705 6698 7184 
--------------------------------------------------------------------------------


--------------------------------------------------------------------------------
--- Diverse Solutions Stats                                                  ---
--------------------------------------------------------------------------------
  Move attempts                            :  16167
  Move failures                            :     30
  Failure rate                             :   0.002

--------------------------------------------------------------------------------

Current Ranking  6  1  3  5  2  4

--------------------------------------------------------------------------------

* GA execution time :                                                           
  total  0.8543 user  0.8185 sys  0.0359

--------------------------------------------------------------------------------
Fitness function evaluations: 16726

--------------------------------------------------------------------------------
** Docking run number  7 **
--------------------------------------------------------------------------------
  Rank fitness base is 5000.00 ; increment is 11.2233

* Initialising population(s) ...                                                
Number of constraints mappings 0
Number of constraints 0
  Population no.                           :      1
  Population size                          :    100
  Number of duplicates                     :      0
  Number of niche violations               :      0
  Number of errors                         :    496


Doing GA, no. of population(s) 1 size 100 selection pressure 1.100000

 Operation      Fitness  S(hb_ext) S(vdw_ext)  S(hb_int)    S(int)      intcor
         0      37.56       4.63      26.19       0.00     -15.45      -0.77
       161      36.13       2.29      24.74       0.00      -0.76      -0.77
       314      36.65       6.16      22.83       0.00      -3.47      -0.77
       335      37.33       6.15      23.34       0.00      -3.47      -0.77
       340      38.29       6.30      23.93       0.00      -3.47      -0.77
Reordering...
       450      37.52       5.26      24.21       0.00      -3.47      -0.77
       937      36.19       4.97      23.82       0.00      -3.47      -0.77
      1217      35.71       4.78      23.91       0.00      -3.47      -0.77
--------------------------------------------------------------------------------
Best docking solution after GA:
      2500      33.88       4.37      23.99       0.00      -3.47      -0.77

#ops:       2500 #mutates:   1253 #cross:     1247 #dups:       431 
#niche:     1280 #errors:      55 
--------------------------------------------------------------------------------

Doing AMOEBA simplex on best individual
Done simplexing #iterations 713, best score  38.24

Ligand is stored in gold_soln_ligand_prepared_m1_7.mol2


--------------------------------------------------------------------------------
--- GoldScore breakdown of terms                                             ---
--------------------------------------------------------------------------------
Fitness = S(hb_ext) + 1.3750*S(vdw_ext) + S(hb_int) + 1.0000*S(int)
S(int)  = S(vdw_int) + S(tors)

Internal terms are relative to best energy found (intcor).

--------------------------------------------------------------------------------


     Fitness  S(hb_ext) S(vdw_ext)  S(hb_int)    S(int)      intcor
     38.24       6.09      24.47       0.00      -1.50      -0.77

--------------------------------------------------------------------------------
--- GoldScore analysis of protein-ligand interactions                        ---
--------------------------------------------------------------------------------

  Ligand acceptor   11 Protein hydrogen 4496 donor 4491 bond energy  2.00 wt 0.05
  Ligand acceptor   17 Protein hydrogen 3808 donor 3796 bond energy  6.00 wt 1.00

--------------------------------------------------------------------------------

--------------------------------------------------------------------------------
--- Rescoring solution                                                       ---
--------------------------------------------------------------------------------

     Score     S(PLP)   S(hbond)     S(cho)   S(metal)  DE(clash)   DE(tors)
     15.21     -14.52       0.86       0.00       0.00       1.28       0.31

Doing AMOEBA simplex on best individual
Done simplexing #iterations 514, best score  20.10

     Score     S(PLP)   S(hbond)     S(cho)   S(metal)  DE(clash)   DE(tors)
     20.10     -19.04       1.00       0.00       0.00       1.36       0.29

--------------------------------------------------------------------------------
--- CHEMPLP breakdown of terms                                               ---
--------------------------------------------------------------------------------
CHEMPLP = - ( 1.0000*S(PLP) + -3.0000*S(hbond) + -6.0000*S(metal) + -3.0000*S(cho) )

Score = CHEMPLP - 1.0000*DE(clash) - 2.0000*DE(tors)


--------------------------------------------------------------------------------


--------------------------------------------------------------------------------
--- PLP analysis of protein-ligand interactions                              ---
--------------------------------------------------------------------------------
hydrogen bonding        :      -1.00
metal                   :       0.00
buried (polar-nonpolar) :       5.79
nonpolar                :     -31.74
repulsive               :       6.82
--------------------------------------------------------------------------------


--------------------------------------------------------------------------------
--- ChemScore analysis of protein-ligand interactions                        ---
--------------------------------------------------------------------------------

* Hydrogen bonds                                                                
Protein donor 3796 hydrogen 3808 Ligand acceptor   17 bond energy  1.00 wt 1.00


* CH..O interactions                                                            
  CH group selection                       : activated ring CH (adjacent to hetatom)

--------------------------------------------------------------------------------


--------------------------------------------------------------------------------
--- Intra-ligand clashes                                                     ---
--------------------------------------------------------------------------------

Ligand
  7 (C7   ) -   4 (C4   ):   1.36 (dist   2.71)
--------------------------------------------------------------------------------


--------------------------------------------------------------------------------
--- Chromosome decoded                                                       ---
--------------------------------------------------------------------------------
Ligand Torsions
[   6    2    1    3]   74.13
[  12    5    1    2] -176.64
Protein Torsions
[3945 3936 3935 3933]   69.50 
[4496 4491 4490 4487] -123.62 
[3078 3071 3069 3066] -134.37 
[3839 3834 3833 3830]   -6.80 
[3033 3024 3023 3021]   91.19 
Mapping
Ligand acceptors to protein hydrogens (mapping then atom ids)
  3  23 [ 17->3808]
Ligand hydrogens to protein acceptors (mapping then atom ids)
Ligand shape atoms to protein points (mapping then atom ids & coords)
  1  4654 [  5->( -6.000 -10.750  -3.000)]
  3  5291 [  7->( -5.750  -6.750  -6.000)]
  5  2857 [ 13->( -7.000  -6.500  -5.000)]
  7  3842 [ 16->( -6.500  -6.250  -5.500)]
Chromosome values
Integers:
  -1   -1   22   -1   -1 4653   -1 5290   -1 2856   -1 3841 
--------------------------------------------------------------------------------


--------------------------------------------------------------------------------
--- Diverse Solutions Stats                                                  ---
--------------------------------------------------------------------------------
  Move attempts                            :  15908
  Move failures                            :     17
  Failure rate                             :   0.001

--------------------------------------------------------------------------------

Current Ranking  6  1  7  3  5  2  4

--------------------------------------------------------------------------------

* GA execution time :                                                           
  total  0.8954 user  0.8124 sys  0.0830

--------------------------------------------------------------------------------
Fitness function evaluations: 16443

--------------------------------------------------------------------------------
** Docking run number  8 **
--------------------------------------------------------------------------------
  Rank fitness base is 5000.00 ; increment is 11.2233

* Initialising population(s) ...                                                
Number of constraints mappings 0
Number of constraints 0
  Population no.                           :      1
  Population size                          :    100
  Number of duplicates                     :      0
  Number of niche violations               :      0
  Number of errors                         :    519


Doing GA, no. of population(s) 1 size 100 selection pressure 1.100000

 Operation      Fitness  S(hb_ext) S(vdw_ext)  S(hb_int)    S(int)      intcor
         0      33.31       2.97      24.93       0.00     -19.70      -0.76
        18      35.08       4.20      25.32       0.00     -19.70      -0.76
       126      34.14       6.00      22.86       0.00     -14.80      -0.76
       298      34.05       6.00      22.56       0.00     -11.74      -0.76
       408      33.94       5.62      23.94       0.00     -16.30      -0.76
       491      34.43       1.92      25.14       0.00      -6.81      -0.76
Reordering...
       600      32.95       3.47      22.63       0.00      -4.92      -0.76
       604      33.39       3.23      22.27       0.00      -1.35      -0.76
      1095      32.79       3.23      22.39       0.00      -2.45      -0.76
      1293      31.84       2.94      23.16       0.00      -4.92      -0.76
      1832      30.09       6.17      18.19       0.00      -1.13      -0.76
      2309      30.94       3.95      20.16       0.00      -0.73      -0.76
      2352      32.98       0.27      24.97       0.00      -1.63      -0.76
--------------------------------------------------------------------------------
Best docking solution after GA:
      2500      32.98       0.27      24.97       0.00      -1.63      -0.76

#ops:       2500 #mutates:   1202 #cross:     1298 #dups:       454 
#niche:     1408 #errors:      88 
--------------------------------------------------------------------------------

Doing AMOEBA simplex on best individual
Done simplexing #iterations 789, best score  37.03

Ligand is stored in gold_soln_ligand_prepared_m1_8.mol2


--------------------------------------------------------------------------------
--- GoldScore breakdown of terms                                             ---
--------------------------------------------------------------------------------
Fitness = S(hb_ext) + 1.3750*S(vdw_ext) + S(hb_int) + 1.0000*S(int)
S(int)  = S(vdw_int) + S(tors)

Internal terms are relative to best energy found (intcor).

--------------------------------------------------------------------------------


     Fitness  S(hb_ext) S(vdw_ext)  S(hb_int)    S(int)      intcor
     37.03       0.39      27.11       0.00      -0.65      -0.76

--------------------------------------------------------------------------------
--- GoldScore analysis of protein-ligand interactions                        ---
--------------------------------------------------------------------------------

  Ligand acceptor   17 Protein hydrogen 4496 donor 4491 bond energy  2.00 wt 0.13
  Ligand acceptor   17 Protein hydrogen 4505 donor 4497 bond energy  2.00 wt 0.01
  Ligand acceptor   17 Protein hydrogen 3808 donor 3796 bond energy  6.00 wt 0.02

--------------------------------------------------------------------------------

--------------------------------------------------------------------------------
--- Rescoring solution                                                       ---
--------------------------------------------------------------------------------

     Score     S(PLP)   S(hbond)     S(cho)   S(metal)  DE(clash)   DE(tors)
     19.50     -20.43       0.00       0.00       0.00       0.00       0.47

Doing AMOEBA simplex on best individual
Done simplexing #iterations 794, best score  25.42

     Score     S(PLP)   S(hbond)     S(cho)   S(metal)  DE(clash)   DE(tors)
     25.42     -26.10       0.36       0.00       0.00       0.00       0.88

--------------------------------------------------------------------------------
--- CHEMPLP breakdown of terms                                               ---
--------------------------------------------------------------------------------
CHEMPLP = - ( 1.0000*S(PLP) + -3.0000*S(hbond) + -6.0000*S(metal) + -3.0000*S(cho) )

Score = CHEMPLP - 1.0000*DE(clash) - 2.0000*DE(tors)


--------------------------------------------------------------------------------


--------------------------------------------------------------------------------
--- PLP analysis of protein-ligand interactions                              ---
--------------------------------------------------------------------------------
hydrogen bonding        :      -4.40
metal                   :       0.00
buried (polar-nonpolar) :       7.70
nonpolar                :     -35.50
repulsive               :       4.75
--------------------------------------------------------------------------------


--------------------------------------------------------------------------------
--- ChemScore analysis of protein-ligand interactions                        ---
--------------------------------------------------------------------------------

* Hydrogen bonds                                                                
Protein donor 4486 hydrogen 4492 Ligand acceptor   17 bond energy  1.00 wt 0.36


* CH..O interactions                                                            
  CH group selection                       : activated ring CH (adjacent to hetatom)

--------------------------------------------------------------------------------


--------------------------------------------------------------------------------
--- Intra-ligand clashes                                                     ---
--------------------------------------------------------------------------------

Ligand
--------------------------------------------------------------------------------


--------------------------------------------------------------------------------
--- Chromosome decoded                                                       ---
--------------------------------------------------------------------------------
Ligand Torsions
[   6    2    1    3]  105.13
[  12    5    1    2] -172.55
Protein Torsions
[3945 3936 3935 3933]  -39.35 
[4496 4491 4490 4487]  -17.81 
[3078 3071 3069 3066]  -45.85 
[3839 3834 3833 3830]  -77.32 
[3033 3024 3023 3021] -151.95 
Mapping
Ligand acceptors to protein hydrogens (mapping then atom ids)
  3  16 [ 17->4496]
Ligand hydrogens to protein acceptors (mapping then atom ids)
Ligand shape atoms to protein points (mapping then atom ids & coords)
  1  7178 [  5->( -3.750 -11.000  -6.000)]
  3  6707 [  7->( -4.250 -10.500  -1.500)]
Chromosome values
Integers:
  -1   -1   15   -1   -1 7177   -1 6706   -1   -1   -1   -1 
--------------------------------------------------------------------------------


--------------------------------------------------------------------------------
--- Diverse Solutions Stats                                                  ---
--------------------------------------------------------------------------------
  Move attempts                            :  16582
  Move failures                            :     87
  Failure rate                             :   0.005

--------------------------------------------------------------------------------

Current Ranking  6  1  7  3  5  2  8  4

--------------------------------------------------------------------------------

* GA execution time :                                                           
  total  0.8358 user  0.7813 sys  0.0545

--------------------------------------------------------------------------------
Fitness function evaluations: 17104

--------------------------------------------------------------------------------
** Docking run number  9 **
--------------------------------------------------------------------------------
  Rank fitness base is 5000.00 ; increment is 11.2233

* Initialising population(s) ...                                                
Number of constraints mappings 0
Number of constraints 0
  Population no.                           :      1
  Population size                          :    100
  Number of duplicates                     :      0
  Number of niche violations               :      0
  Number of errors                         :    568


Doing GA, no. of population(s) 1 size 100 selection pressure 1.100000

 Operation      Fitness  S(hb_ext) S(vdw_ext)  S(hb_int)    S(int)      intcor
         0      34.36       3.40      22.88       0.00      -2.52      -0.76
        85      33.01       2.72      24.29       0.00     -14.59      -0.76
        88      35.65       6.36      21.82       0.00      -3.33      -0.76
       166      35.23       3.05      25.30       0.00     -11.44      -0.76
       177      38.09       3.05      26.12       0.00      -3.70      -0.76
Reordering...
       450      35.73       2.76      24.20       0.00      -1.03      -0.76
       475      36.20       3.10      24.33       0.00      -1.17      -0.76
       598      35.67       3.29      23.83       0.00      -1.17      -0.76
       750      33.94       2.86      22.93       0.00      -1.17      -0.76
Reordering...
       825      33.02       3.21      22.03       0.00      -1.17      -0.76
       862      33.15       2.83      22.40       0.00      -1.17      -0.76
Reordering...
       900      32.37       3.18      21.60       0.00      -1.17      -0.76
       976      31.89       3.35      21.15       0.00      -1.17      -0.76
      1093      31.19       0.27      23.13       0.00      -1.75      -0.76
      1347      31.21       0.13      23.40       0.00      -1.75      -0.76
      1537      30.78       0.41      23.03       0.00      -1.75      -0.76
      1684      33.11       0.10      25.97       0.00      -3.20      -0.76
      2211      32.73       0.05      26.09       0.00      -3.20      -0.76
      2393      32.79       0.23      26.01       0.00      -3.20      -0.76
--------------------------------------------------------------------------------
Best docking solution after GA:
      2500      32.79       0.23      26.01       0.00      -3.20      -0.76

#ops:       2500 #mutates:   1220 #cross:     1280 #dups:       491 
#niche:     1383 #errors:      95 
--------------------------------------------------------------------------------

Doing AMOEBA simplex on best individual
Done simplexing #iterations 665, best score  36.24

Ligand is stored in gold_soln_ligand_prepared_m1_9.mol2


--------------------------------------------------------------------------------
--- GoldScore breakdown of terms                                             ---
--------------------------------------------------------------------------------
Fitness = S(hb_ext) + 1.3750*S(vdw_ext) + S(hb_int) + 1.0000*S(int)
S(int)  = S(vdw_int) + S(tors)

Internal terms are relative to best energy found (intcor).

--------------------------------------------------------------------------------


     Fitness  S(hb_ext) S(vdw_ext)  S(hb_int)    S(int)      intcor
     36.24       0.46      28.04       0.00      -2.78      -0.76

--------------------------------------------------------------------------------
--- GoldScore analysis of protein-ligand interactions                        ---
--------------------------------------------------------------------------------

  Ligand acceptor    9 Protein hydrogen 4496 donor 4491 bond energy  2.00 wt 0.23

--------------------------------------------------------------------------------

--------------------------------------------------------------------------------
--- Rescoring solution                                                       ---
--------------------------------------------------------------------------------

     Score     S(PLP)   S(hbond)     S(cho)   S(metal)  DE(clash)   DE(tors)
     34.04     -33.53       0.66       0.00       0.00       1.39       0.03

Doing AMOEBA simplex on best individual
Done simplexing #iterations 751, best score  39.87

     Score     S(PLP)   S(hbond)     S(cho)   S(metal)  DE(clash)   DE(tors)
     39.87     -35.76       1.87       0.00       0.00       1.44       0.03

--------------------------------------------------------------------------------
--- CHEMPLP breakdown of terms                                               ---
--------------------------------------------------------------------------------
CHEMPLP = - ( 1.0000*S(PLP) + -3.0000*S(hbond) + -6.0000*S(metal) + -3.0000*S(cho) )

Score = CHEMPLP - 1.0000*DE(clash) - 2.0000*DE(tors)


--------------------------------------------------------------------------------


--------------------------------------------------------------------------------
--- PLP analysis of protein-ligand interactions                              ---
--------------------------------------------------------------------------------
hydrogen bonding        :      -2.00
metal                   :       0.00
buried (polar-nonpolar) :      -1.77
nonpolar                :     -33.40
repulsive               :       0.39
--------------------------------------------------------------------------------


--------------------------------------------------------------------------------
--- ChemScore analysis of protein-ligand interactions                        ---
--------------------------------------------------------------------------------

* Hydrogen bonds                                                                
Ligand donor   10 hydrogen   23 Protein acceptor 3791 bond energy  1.00 wt 0.88
Protein donor 4491 hydrogen 4496 Ligand acceptor    9 bond energy  1.00 wt 0.99


* CH..O interactions                                                            
  CH group selection                       : activated ring CH (adjacent to hetatom)

--------------------------------------------------------------------------------


--------------------------------------------------------------------------------
--- Intra-ligand clashes                                                     ---
--------------------------------------------------------------------------------

Ligand
  7 (C7   ) -   4 (C4   ):   1.44 (dist   2.71)
--------------------------------------------------------------------------------


--------------------------------------------------------------------------------
--- Chromosome decoded                                                       ---
--------------------------------------------------------------------------------
Ligand Torsions
[   6    2    1    3]   64.52
[  12    5    1    2]  179.18
Protein Torsions
[3945 3936 3935 3933]  107.32 
[4496 4491 4490 4487] -100.94 
[3078 3071 3069 3066]   68.99 
[3839 3834 3833 3830]   62.11 
[3033 3024 3023 3021]  -35.07 
Mapping
Ligand acceptors to protein hydrogens (mapping then atom ids)
Ligand hydrogens to protein acceptors (mapping then atom ids)
  1  24 [ 22->2999]
Ligand shape atoms to protein points (mapping then atom ids & coords)
  3  4263 [  7->( -6.250  -8.250  -5.750)]
  4  2290 [ 12->( -7.250 -11.500  -6.250)]
  6  1501 [ 14->( -7.750  -6.000  -4.250)]
  7  2358 [ 16->( -7.250  -6.250  -6.500)]
Chromosome values
Integers:
  -1   -1   -1   23   -1   -1   -1 4262 2289   -1 1500 2357 
--------------------------------------------------------------------------------


--------------------------------------------------------------------------------
--- Diverse Solutions Stats                                                  ---
--------------------------------------------------------------------------------
  Move attempts                            :  16287
  Move failures                            :    107
  Failure rate                             :   0.007

--------------------------------------------------------------------------------

Current Ranking  6  1  7  3  5  2  8  9  4

--------------------------------------------------------------------------------

* GA execution time :                                                           
  total  0.9197 user  0.8467 sys  0.0730

--------------------------------------------------------------------------------
Fitness function evaluations: 16842

--------------------------------------------------------------------------------
** Docking run number 10 **
--------------------------------------------------------------------------------
  Rank fitness base is 5000.00 ; increment is 11.2233

* Initialising population(s) ...                                                
Number of constraints mappings 0
Number of constraints 0
  Population no.                           :      1
  Population size                          :    100
  Number of duplicates                     :      0
  Number of niche violations               :      0
  Number of errors                         :    597


Doing GA, no. of population(s) 1 size 100 selection pressure 1.100000

 Operation      Fitness  S(hb_ext) S(vdw_ext)  S(hb_int)    S(int)      intcor
         0      36.46       1.54      26.91       0.00     -10.42      -0.76
       204      34.24       1.39      25.69       0.00     -10.42      -0.76
Reordering...
       375      31.31       0.48      23.66       0.00      -6.18      -0.76
       461      32.81       0.46      24.94       0.00      -6.62      -0.76
       512      32.82       1.04      23.68       0.00      -2.51      -0.76
       574      35.83       6.00      22.83       0.00      -4.86      -0.76
       581      36.09       6.03      23.02       0.00      -4.86      -0.76
Reordering...
       900      34.16       0.69      24.96       0.00      -1.97      -0.76
       923      34.16       0.69      24.97       0.00      -1.97      -0.76
       972      34.13       0.69      24.97       0.00      -1.97      -0.76
      1011      34.11       0.67      24.99       0.00      -1.97      -0.76
      1427      34.87       2.41      25.35       0.00      -3.53      -0.76
      1591      34.14       2.22      25.20       0.00      -3.53      -0.76
      1944      33.52       1.98      25.50       0.00      -3.53      -0.76
--------------------------------------------------------------------------------
Best docking solution after GA:
      2500      33.52       1.98      25.50       0.00      -3.53      -0.76

#ops:       2500 #mutates:   1208 #cross:     1292 #dups:       517 
#niche:     1296 #errors:     268 
--------------------------------------------------------------------------------

Doing AMOEBA simplex on best individual
Done simplexing #iterations 520, best score  36.15

Ligand is stored in gold_soln_ligand_prepared_m1_10.mol2


--------------------------------------------------------------------------------
--- GoldScore breakdown of terms                                             ---
--------------------------------------------------------------------------------
Fitness = S(hb_ext) + 1.3750*S(vdw_ext) + S(hb_int) + 1.0000*S(int)
S(int)  = S(vdw_int) + S(tors)

Internal terms are relative to best energy found (intcor).

--------------------------------------------------------------------------------


     Fitness  S(hb_ext) S(vdw_ext)  S(hb_int)    S(int)      intcor
     36.15       1.64      27.33       0.00      -3.07      -0.76

--------------------------------------------------------------------------------
--- GoldScore analysis of protein-ligand interactions                        ---
--------------------------------------------------------------------------------

  Ligand acceptor   17 Protein hydrogen 4505 donor 4497 bond energy  2.00 wt 0.18
  Ligand acceptor   17 Protein hydrogen 3808 donor 3796 bond energy  6.00 wt 0.16
  Ligand donor    8 hydrogen   22 Protein acceptor 4491 bond energy  2.00 wt 0.16

--------------------------------------------------------------------------------

--------------------------------------------------------------------------------
--- Rescoring solution                                                       ---
--------------------------------------------------------------------------------

     Score     S(PLP)   S(hbond)     S(cho)   S(metal)  DE(clash)   DE(tors)
     -7.12       8.42       1.40       0.00       0.00       1.55       0.67

Doing AMOEBA simplex on best individual
Done simplexing #iterations 851, best score  22.58

     Score     S(PLP)   S(hbond)     S(cho)   S(metal)  DE(clash)   DE(tors)
     22.58     -19.55       1.91       0.00       0.00       1.76       0.46

--------------------------------------------------------------------------------
--- CHEMPLP breakdown of terms                                               ---
--------------------------------------------------------------------------------
CHEMPLP = - ( 1.0000*S(PLP) + -3.0000*S(hbond) + -6.0000*S(metal) + -3.0000*S(cho) )

Score = CHEMPLP - 1.0000*DE(clash) - 2.0000*DE(tors)


--------------------------------------------------------------------------------


--------------------------------------------------------------------------------
--- PLP analysis of protein-ligand interactions                              ---
--------------------------------------------------------------------------------
hydrogen bonding        :      -4.00
metal                   :       0.00
buried (polar-nonpolar) :       5.87
nonpolar                :     -30.19
repulsive               :       6.39
--------------------------------------------------------------------------------


--------------------------------------------------------------------------------
--- ChemScore analysis of protein-ligand interactions                        ---
--------------------------------------------------------------------------------

* Hydrogen bonds                                                                
Ligand donor    8 hydrogen   22 Protein acceptor 4491 bond energy  1.00 wt 0.94
Protein donor 4486 hydrogen 4492 Ligand acceptor   17 bond energy  1.00 wt 0.10
Protein donor 4497 hydrogen 4505 Ligand acceptor   17 bond energy  1.00 wt 0.86


* CH..O interactions                                                            
  CH group selection                       : activated ring CH (adjacent to hetatom)

--------------------------------------------------------------------------------


--------------------------------------------------------------------------------
--- Intra-ligand clashes                                                     ---
--------------------------------------------------------------------------------

Ligand
  6 (C6   ) -   3 (C3   ):   1.76 (dist   2.70)
--------------------------------------------------------------------------------


--------------------------------------------------------------------------------
--- Chromosome decoded                                                       ---
--------------------------------------------------------------------------------
Ligand Torsions
[   6    2    1    3]   -7.57
[  12    5    1    2]  165.85
Protein Torsions
[3945 3936 3935 3933] -175.73 
[4496 4491 4490 4487]  123.36 
[3078 3071 3069 3066]    9.62 
[3839 3834 3833 3830]  -71.00 
[3033 3024 3023 3021]   97.72 
Mapping
Ligand acceptors to protein hydrogens (mapping then atom ids)
  3  23 [ 17->3808]
Ligand hydrogens to protein acceptors (mapping then atom ids)
  1  18 [ 22->4491]
Ligand shape atoms to protein points (mapping then atom ids & coords)
  1  5256 [  5->( -5.750  -7.750  -6.750)]
  2  7721 [  6->( -3.250 -11.000  -5.000)]
  4  3797 [ 12->( -6.500  -7.750  -5.750)]
  7  6682 [ 16->( -4.250 -11.000  -1.000)]
Chromosome values
Integers:
  -1   -1   22   17   -1 5255 7720   -1 3796   -1   -1 6681 
--------------------------------------------------------------------------------


--------------------------------------------------------------------------------
--- Diverse Solutions Stats                                                  ---
--------------------------------------------------------------------------------
  Move attempts                            :  16257
  Move failures                            :    268
  Failure rate                             :   0.016

--------------------------------------------------------------------------------

Current Ranking  6  1  7  3  5  2  8  9 10  4

--------------------------------------------------------------------------------

* GA execution time :                                                           
  total  0.8399 user  0.8017 sys  0.0382

--------------------------------------------------------------------------------
Fitness function evaluations: 16862

--------------------------------------------------------------------------------
--- Ranking analysis                                                         ---
--------------------------------------------------------------------------------


* Final ranked order of GA solutions:                                           
   6  1  7  3  5  2  8  9 10  4 

  _______________________________
  RMSD Matrix of RANKED solutions

        2    3    4    5    6    7    8    9   10  

   1 :  2.5  4.2  2.5  3.7  4.2  0.8  4.7  2.8  3.1
   2 :       4.6  0.1  3.4  4.1  2.4  4.5  3.2  4.1
   3 :            4.5  4.4  1.4  4.4  2.5  3.5  2.6
   4 :                 3.4  4.1  2.4  4.5  3.1  4.1
   5 :                      4.8  3.4  4.3  2.8  4.6
   6 :                           4.4  2.7  3.7  2.5
   7 :                                4.8  2.6  3.4
   8 :                                     4.2  2.9
   9 :                                          3.6

  Clustering method                        : complete linkage
  Structure ids in cluster table           : rank nos.
  Ordering of clusters and their members   : by rank (order if from rms_analysis)

  Distance | Clusters
   0.12    |  1 |  2  4 |  3 |  5 |  6 |  7 |  8 |  9 | 10 |
   0.81    |  1  7 |  2  4 |  3 |  5 |  6 |  8 |  9 | 10 |
   1.44    |  1  7 |  2  4 |  3  6 |  5 |  8 |  9 | 10 |
   2.51    |  1  2  4  7 |  3  6 |  5 |  8 |  9 | 10 |
   2.62    |  1  2  4  7 |  3  6 10 |  5 |  8 |  9 |
   2.77    |  1  2  4  7 |  3  6 10 |  5  9 |  8 |
   2.95    |  1  2  4  7 |  3  6  8 10 |  5  9 |
   3.65    |  1  2  4  5  7  9 |  3  6  8 10 |
   4.81    |  1  2  3  4  5  6  7  8  9 10 |
  Finished Docking Ligand                  : /mnt/c/Users/ricca/Desktop/Documents/1_Coding/1_Script_Github/Reverse_Docking_Explore_V3/3iw5/ligand_prepared.mol2
--------------------------------------------------------------------------------

  Relative_Ligand_Energy (best encountered) :  -0.765
  Relative_Ligand_Energy: fitness values have been corrected using this amount
