
--------------------------------------------------------------------------------
--- Ligand                                                                   ---
--------------------------------------------------------------------------------
  Ligand loaded from file                  : /mnt/c/Users/ricca/Desktop/Documents/1_Coding/1_Script_Github/Reverse_Docking_Explore_V3/5uo4/ligand_prepared.mol2
  Ligand name                              :  
  "CT1002167954                                                             "

--------------------------------------------------------------------------------
  N.plc donors                             : 
  none found

  Acidic nitrogen acceptors                : 
  none found
  Sulfur acceptors                         :
  none found


  Donor atoms                              :      2
  8   10  
  Acceptor atoms                           :      3
  9   11  17  

  Hydrogens                                :  (n = 2)
  22   23   

  Lone pairs added to molecule             :      6
  Numbering                                : from 30 to 35

--------------------------------------------------------------------------------
--- Postprocessing of typing                                                 ---
--------------------------------------------------------------------------------
  Fragment file                            : /home/hitesit/CCDC/Discovery_2022/GOLD/gold/rotatable_bond_override.mol2
  acylurea fragment                        : 2 matches
  Ligand bond 15-8  set to flip
  Ligand bond 15-10  set to flip
  Ligand bond 15-10  set to 1
  Ligand bond 15-8  set to 1
  Ligand bond 10-4  set to flip
  Ligand bond 8-3  set to flip
  thioacylthiourea fragment                : no matches
  acylthiourea fragment                    : no matches
  thioacylurea fragment                    : no matches
  diarylamine fragment >C.ar-NH-C.ar<      : no matches
  sec-amine (1) fragment                   : no matches
  sec-amine (2) fragment                   : no matches
  sec-amine (3) fragment                   : no matches
  carboxylic ester                         : no matches

* Rotatable bonds in /mnt/c/Users/ricca/D  :
  [   1    2] [   1    5] 
  No. of rotatable bonds                   :      2


* Reading torsional distributions from file:
  /home/hitesit/CCDC/Discovery_2022/GOLD/gold/gold.tordist
  No. of bins in torsional distributions   :     36
  Minimum size of largest peak             :      0
  Removing high energy torsions            : on
  Delta E set to                           :   2.500

* Fragments found in /mnt/c/Users/ricca/D  :
  atom   2: benzene
  atom   6: benzene
  atom   7: benzene
  atom  13: benzene
  atom  14: benzene
  atom  16: benzene


* Checking torsion distributions:                                               
  No. of matched torsions                  :      0

--------------------------------------------------------------------------------
--- Shape fitting atoms selection (hydrophobic atoms)                        ---
--------------------------------------------------------------------------------
  Molecule                                 : /mnt/c/Users/ricca/Desktop/Documents/1_Coding/1_Script_Github/Reverse_Docking_Explore_V3/5uo4/ligand_prepared.mol2
  Selection                                : carbons only
  Atom numbers                             :  (n = 7)
  5    6    7    12   13   14   16   

--------------------------------------------------------------------------------
--- Diverse Solutions Setup                                                  ---
--------------------------------------------------------------------------------
  Cluster size                             :      2
  RMSD                                     :   2.000
  Refinement                               :      0


--------------------------------------------------------------------------------
--- ChemScore ligand setup summary                                           ---
--------------------------------------------------------------------------------
  ChemScore ligand acceptors               :      3
  9 11 17 
  ChemScore ligand donors                  :      2
  8 ( 22  ) 10 ( 23  ) 
  ChemScore ligand CH donors               :      0
  

  ChemScore ligand lipophilic atoms        :  (n = 9)
  1    2    5    6    7    12   13   14   16   

  ChemScore ligand rotatable bonds         :      2
  1   (C1 ) - 2   (C2 ): SP3_SP2_BOND
  1   (C1 ) - 5   (C5 ): SP3_SP3_BOND

--------------------------------------------------------------------------------
--- PLP ligand setup summary                                                 ---
--------------------------------------------------------------------------------
    1    C1   C.3 NONPOLAR
    2    C2  C.ar NONPOLAR
    3    C3   C.2 NONPOLAR
    4    C4   C.2 NONPOLAR
    5    C5   C.3 NONPOLAR
    6    C6  C.ar NONPOLAR
    7    C7  C.ar NONPOLAR
    8    N8  N.am DONOR
    9    O9   O.2 ACCEPTOR
   10   N10  N.am DONOR
   11   O11   O.2 ACCEPTOR
   12   C12   C.3 NONPOLAR
   13   C13  C.ar NONPOLAR
   14   C14  C.ar NONPOLAR
   15   C15   C.2 NONPOLAR
   16   C16  C.ar NONPOLAR
   17   O17   O.2 ACCEPTOR

--------------------------------------------------------------------------------
--- Automatic parameter setting                                              ---
--------------------------------------------------------------------------------
  Contribution base                        :   2500
  Contribution per rotatable bond          :   6000
  Contribution per df                      :   4000
  Contribution per water                   :  10000
  Ligand rotatable bonds                   :      2
  Protein flexible side chain bonds        :      0
  Total rotatable bonds                    :      2
  Hydrophobic vol ratio (P/L)              :   0.286
  Base multiplier (polar)                  :   1.000
  Base multiplier (apolar)                 :   0.400
  Base contribution                        : 2500.000
  Fitting points                           :      5
  Estimated maxops needed (optimal)        :  15000
  Autoscale factor (in percent)            :     10
  Scaled maxops                            :   1750

--------------------------------------------------------------------------------

* Population settings                                                           
  maxops                                   :   1750
  popsiz                                   :    100
  select_pressure                          :   1.100
  n_islands                                :      1
  niche_siz                                :      2

* GA settings                                                                   
  pt_crosswt                               :    100
  allele_mutatewt                          :    100
  migratewt                                :      0

* Search settings                                                               
  start_vdw_linear_cutoff                  :   6.000
  initial_virtual_pt_match_max             :   3.000
  Scaling of internal VDW energy           : log scale from  0.2 to    1
                                             over 1312 ops
  Sampling interval (operations)           :     17
  Scaling of virtual pt maximum length     : linear scale from    3 to    2
                                             over  1312 ops
  Sampling interval (operations)           :     52
  Scaling of 4-8 potential cutoff          : log scale from    6 to 1.2e+02
                                             over 1312 ops
  Sampling interval (operations)           :     52

--------------------------------------------------------------------------------

* Ligand initialisation time :                                                  
  total  0.0249 user  0.0137 sys  0.0112

--------------------------------------------------------------------------------

--------------------------------------------------------------------------------
** Docking run number  1 **
--------------------------------------------------------------------------------
  Rank fitness base is 5000.00 ; increment is 11.2233

* Initialising population(s) ...                                                
Number of constraints mappings 0
Number of constraints 0
  Population no.                           :      1
  Population size                          :    100
  Number of duplicates                     :      0
  Number of niche violations               :      2


Doing GA, no. of population(s) 1 size 100 selection pressure 1.100000

 Operation      Fitness  S(hb_ext) S(vdw_ext)  S(hb_int)    S(int)      intcor
         0      36.04       0.32      27.66       0.00     -11.62      -0.84
        41      36.29       0.00      28.15       0.00     -11.62      -0.84
        75      36.57       0.42      26.96       0.00      -4.27      -0.84
Reordering...
       156      33.24       0.00      26.21       0.00     -11.62      -0.84
Reordering...
       204      33.08       0.39      24.57       0.00      -4.27      -0.84
Reordering...
       208      32.14       0.00      25.55       0.00     -11.62      -0.84
       264      31.31       0.87      27.32       0.00     -26.09      -0.84
Reordering...
       340      29.64       0.00      24.12       0.00     -11.62      -0.84
       459      29.02       1.43      20.10       0.00      -0.16      -0.84
       530      26.29       0.90      19.78       0.00      -4.73      -0.84
       576      25.71       0.21      18.74       0.00      -0.67      -0.84
Reordering...
       624      24.45       0.00      19.24       0.00      -4.73      -0.84
       629      25.35       0.00      18.49       0.00      -0.16      -0.84
       634      27.10       0.43      19.45       0.00      -0.16      -0.84
       641      28.31       0.51      20.45       0.00      -0.74      -0.84
       740      27.56       0.00      20.10       0.00      -0.17      -0.82
       775      28.69       1.09      20.33       0.00      -0.69      -0.82
Reordering...
       832      26.19       0.44      19.02       0.00      -0.75      -0.82
       959      26.24       0.00      19.43       0.00      -0.75      -0.82
      1124      34.98       0.00      25.74       0.00      -0.52      -0.82
      1613      33.12       0.00      24.46       0.00      -0.52      -0.82
      1668      33.19       0.00      24.51       0.00      -0.52      -0.82
--------------------------------------------------------------------------------
Best docking solution after GA:
      1750      33.19       0.00      24.51       0.00      -0.52      -0.82

#ops:       1750 #mutates:    915 #cross:      835 #dups:       463 
#niche:      947 #errors:       0 
--------------------------------------------------------------------------------

Doing AMOEBA simplex on best individual
Done simplexing #iterations 542, best score  38.92

Ligand is stored in gold_soln_ligand_prepared_m1_1.mol2


--------------------------------------------------------------------------------
--- GoldScore breakdown of terms                                             ---
--------------------------------------------------------------------------------
Fitness = S(hb_ext) + 1.3750*S(vdw_ext) + S(hb_int) + 1.0000*S(int)
S(int)  = S(vdw_int) + S(tors)

Internal terms are relative to best energy found (intcor).

--------------------------------------------------------------------------------


     Fitness  S(hb_ext) S(vdw_ext)  S(hb_int)    S(int)      intcor
     38.92       0.00      28.66       0.00      -0.48      -0.82

--------------------------------------------------------------------------------
--- GoldScore analysis of protein-ligand interactions                        ---
--------------------------------------------------------------------------------


--------------------------------------------------------------------------------

--------------------------------------------------------------------------------
--- Rescoring solution                                                       ---
--------------------------------------------------------------------------------

     Score     S(PLP)   S(hbond)     S(cho)   S(metal)  DE(clash)   DE(tors)
    -13.55      11.22       0.00       0.00       0.00       0.00       1.17

Doing AMOEBA simplex on best individual
Done simplexing #iterations 725, best score  16.77

     Score     S(PLP)   S(hbond)     S(cho)   S(metal)  DE(clash)   DE(tors)
     16.77     -17.83       0.08       0.00       0.00       0.00       0.66

--------------------------------------------------------------------------------
--- CHEMPLP breakdown of terms                                               ---
--------------------------------------------------------------------------------
CHEMPLP = - ( 1.0000*S(PLP) + -3.0000*S(hbond) + -6.0000*S(metal) + -3.0000*S(cho) )

Score = CHEMPLP - 1.0000*DE(clash) - 2.0000*DE(tors)


--------------------------------------------------------------------------------


--------------------------------------------------------------------------------
--- PLP analysis of protein-ligand interactions                              ---
--------------------------------------------------------------------------------
hydrogen bonding        :      -3.67
metal                   :       0.00
buried (polar-nonpolar) :      19.21
nonpolar                :     -40.30
repulsive               :       8.22
--------------------------------------------------------------------------------


--------------------------------------------------------------------------------
--- ChemScore analysis of protein-ligand interactions                        ---
--------------------------------------------------------------------------------

* Hydrogen bonds                                                                
Ligand donor   10 hydrogen   23 Protein acceptor 1345 bond energy  1.00 wt 0.08


* CH..O interactions                                                            
  CH group selection                       : activated ring CH (adjacent to hetatom)

--------------------------------------------------------------------------------


--------------------------------------------------------------------------------
--- Intra-ligand clashes                                                     ---
--------------------------------------------------------------------------------

Ligand
--------------------------------------------------------------------------------


--------------------------------------------------------------------------------
--- Chromosome decoded                                                       ---
--------------------------------------------------------------------------------
Ligand Torsions
[   6    2    1    3]   97.23
[  12    5    1    2] -167.55
Protein Torsions
[13162 13141 13139 13136] -144.98 
Mapping
Ligand acceptors to protein hydrogens (mapping then atom ids)
Ligand hydrogens to protein acceptors (mapping then atom ids)
Ligand shape atoms to protein points (mapping then atom ids & coords)
  2   605 [  6->(129.750 266.750 373.250)]
  3   766 [  7->(130.000 267.750 372.250)]
  4    31 [ 12->(129.000 264.250 369.750)]
  5   993 [ 13->(130.750 268.000 373.000)]
  6   905 [ 14->(130.500 267.000 372.500)]
  7  1007 [ 16->(130.750 268.500 373.750)]
Chromosome values
Integers:
  -1   -1   -1   -1   -1   -1  604  765   30  992  904 1006 
--------------------------------------------------------------------------------


--------------------------------------------------------------------------------
--- Diverse Solutions Stats                                                  ---
--------------------------------------------------------------------------------
  Move attempts                            :  17487
  Move failures                            :      0
  Failure rate                             :   0.000

--------------------------------------------------------------------------------

Current Ranking  1

--------------------------------------------------------------------------------

* GA execution time :                                                           
  total  0.5119 user  0.5119 sys  0.0000

--------------------------------------------------------------------------------
Fitness function evaluations: 17485

--------------------------------------------------------------------------------
** Docking run number  2 **
--------------------------------------------------------------------------------
  Rank fitness base is 5000.00 ; increment is 11.2233

* Initialising population(s) ...                                                
Number of constraints mappings 0
Number of constraints 0
  Population no.                           :      1
  Population size                          :    100
  Number of duplicates                     :      0
  Number of niche violations               :      2


Doing GA, no. of population(s) 1 size 100 selection pressure 1.100000

 Operation      Fitness  S(hb_ext) S(vdw_ext)  S(hb_int)    S(int)      intcor
         0      38.78       0.82      29.81       0.00     -15.11      -0.82
Reordering...
       104      35.73       0.73      27.40       0.00     -11.82      -0.82
       269      33.58       1.45      25.34       0.00      -9.89      -0.82
       300      33.65       1.45      25.47       0.00      -9.89      -0.82
Reordering...
       416      29.69       0.63      23.98       0.00     -11.86      -0.79
Reordering...
       572      25.52       1.39      20.43       0.00      -9.93      -0.79
       573      25.94       0.11      21.52       0.00      -9.47      -0.79
       577      27.04       1.64      21.91       0.00     -11.86      -0.79
       658      25.38       1.63      21.08       0.00     -11.86      -0.79
       674      25.86       1.68      22.27       0.00     -14.29      -0.79
       693      25.02       1.67      21.77       0.00     -14.29      -0.79
       751      30.92       0.04      26.77       0.00     -11.86      -0.79
       916      30.58       1.49      23.88       0.00      -6.21      -0.79
      1099      29.22       1.45      21.49       0.00      -2.34      -0.79
      1418      29.31       1.40      21.25       0.00      -1.30      -0.79
      1463      32.20       1.30      22.96       0.00      -0.66      -0.79
      1527      32.99       1.53      23.25       0.00      -0.50      -0.79
--------------------------------------------------------------------------------
Best docking solution after GA:
      1750      32.99       1.53      23.25       0.00      -0.50      -0.79

#ops:       1750 #mutates:    852 #cross:      898 #dups:       471 
#niche:      958 #errors:       0 
--------------------------------------------------------------------------------

Doing AMOEBA simplex on best individual
Done simplexing #iterations 562, best score  35.21

Ligand is stored in gold_soln_ligand_prepared_m1_2.mol2


--------------------------------------------------------------------------------
--- GoldScore breakdown of terms                                             ---
--------------------------------------------------------------------------------
Fitness = S(hb_ext) + 1.3750*S(vdw_ext) + S(hb_int) + 1.0000*S(int)
S(int)  = S(vdw_int) + S(tors)

Internal terms are relative to best energy found (intcor).

--------------------------------------------------------------------------------


     Fitness  S(hb_ext) S(vdw_ext)  S(hb_int)    S(int)      intcor
     35.21       0.90      25.46       0.00      -0.69      -0.79

--------------------------------------------------------------------------------
--- GoldScore analysis of protein-ligand interactions                        ---
--------------------------------------------------------------------------------

  Ligand donor    8 hydrogen   22 Protein acceptor 13034 bond energy  2.00 wt 0.45

--------------------------------------------------------------------------------

--------------------------------------------------------------------------------
--- Rescoring solution                                                       ---
--------------------------------------------------------------------------------

     Score     S(PLP)   S(hbond)     S(cho)   S(metal)  DE(clash)   DE(tors)
    -57.71      57.89       0.70       0.00       0.00       0.00       0.96

Doing AMOEBA simplex on best individual
Done simplexing #iterations 887, best score   5.05

     Score     S(PLP)   S(hbond)     S(cho)   S(metal)  DE(clash)   DE(tors)
      5.05      -6.70       0.00       0.00       0.00       0.00       0.82

--------------------------------------------------------------------------------
--- CHEMPLP breakdown of terms                                               ---
--------------------------------------------------------------------------------
CHEMPLP = - ( 1.0000*S(PLP) + -3.0000*S(hbond) + -6.0000*S(metal) + -3.0000*S(cho) )

Score = CHEMPLP - 1.0000*DE(clash) - 2.0000*DE(tors)


--------------------------------------------------------------------------------


--------------------------------------------------------------------------------
--- PLP analysis of protein-ligand interactions                              ---
--------------------------------------------------------------------------------
hydrogen bonding        :      -2.25
metal                   :       0.00
buried (polar-nonpolar) :      21.50
nonpolar                :     -37.74
repulsive               :      11.46
--------------------------------------------------------------------------------


--------------------------------------------------------------------------------
--- ChemScore analysis of protein-ligand interactions                        ---
--------------------------------------------------------------------------------

* Hydrogen bonds                                                                


* CH..O interactions                                                            
  CH group selection                       : activated ring CH (adjacent to hetatom)

--------------------------------------------------------------------------------


--------------------------------------------------------------------------------
--- Intra-ligand clashes                                                     ---
--------------------------------------------------------------------------------

Ligand
--------------------------------------------------------------------------------


--------------------------------------------------------------------------------
--- Chromosome decoded                                                       ---
--------------------------------------------------------------------------------
Ligand Torsions
[   6    2    1    3]  -81.69
[  12    5    1    2] -162.85
Protein Torsions
[13162 13141 13139 13136] -114.85 
Mapping
Ligand acceptors to protein hydrogens (mapping then atom ids)
Ligand hydrogens to protein acceptors (mapping then atom ids)
  1   2 [ 22->13034]
Ligand shape atoms to protein points (mapping then atom ids & coords)
  1   155 [  5->(129.000 267.000 369.500)]
  2   815 [  6->(130.250 267.000 371.500)]
  5   865 [ 13->(130.250 267.750 372.750)]
  7   937 [ 16->(130.500 267.750 372.750)]
Chromosome values
Integers:
  -1   -1   -1    1   -1  154  814   -1   -1  864   -1  936 
--------------------------------------------------------------------------------


--------------------------------------------------------------------------------
--- Diverse Solutions Stats                                                  ---
--------------------------------------------------------------------------------
  Move attempts                            :  17812
  Move failures                            :      0
  Failure rate                             :   0.000

--------------------------------------------------------------------------------

Current Ranking  1  2

--------------------------------------------------------------------------------

* GA execution time :                                                           
  total  0.5468 user  0.5000 sys  0.0468

--------------------------------------------------------------------------------
Fitness function evaluations: 17810

--------------------------------------------------------------------------------
** Docking run number  3 **
--------------------------------------------------------------------------------
  Rank fitness base is 5000.00 ; increment is 11.2233

* Initialising population(s) ...                                                
Number of constraints mappings 0
Number of constraints 0
  Population no.                           :      1
  Population size                          :    100
  Number of duplicates                     :      0
  Number of niche violations               :      0


Doing GA, no. of population(s) 1 size 100 selection pressure 1.100000

 Operation      Fitness  S(hb_ext) S(vdw_ext)  S(hb_int)    S(int)      intcor
         0      39.52       1.04      29.75       0.00     -12.12      -0.79
Reordering...
        34      39.44       0.41      28.98       0.00      -3.90      -0.79
        51      39.66       0.41      29.15       0.00      -3.90      -0.79
Reordering...
       156      35.84       0.99      27.34       0.00     -11.35      -0.79
       168      40.19       1.31      28.96       0.00      -3.90      -0.79
       347      37.43       1.28      27.15       0.00      -3.90      -0.79
       394      37.61       1.27      27.35       0.00      -3.90      -0.79
       433      37.03       1.26      26.97       0.00      -3.90      -0.79
       622      34.01       0.44      25.63       0.00      -3.93      -0.76
Reordering...
       728      31.00       1.18      23.06       0.00      -3.93      -0.76
       790      31.61       1.10      23.68       0.00      -3.93      -0.76
Reordering...
      1300      22.46       1.79      20.77       0.00      -8.08      -0.76
      1319      26.75       1.54      18.80       0.00      -0.63      -0.76
--------------------------------------------------------------------------------
Best docking solution after GA:
      1750      26.75       1.54      18.80       0.00      -0.63      -0.76

#ops:       1750 #mutates:    902 #cross:      848 #dups:       462 
#niche:      850 #errors:       0 
--------------------------------------------------------------------------------

Doing AMOEBA simplex on best individual
Done simplexing #iterations 513, best score  36.11

Ligand is stored in gold_soln_ligand_prepared_m1_3.mol2


--------------------------------------------------------------------------------
--- GoldScore breakdown of terms                                             ---
--------------------------------------------------------------------------------
Fitness = S(hb_ext) + 1.3750*S(vdw_ext) + S(hb_int) + 1.0000*S(int)
S(int)  = S(vdw_int) + S(tors)

Internal terms are relative to best energy found (intcor).

--------------------------------------------------------------------------------


     Fitness  S(hb_ext) S(vdw_ext)  S(hb_int)    S(int)      intcor
     36.11       1.02      25.99       0.00      -0.65      -0.76

--------------------------------------------------------------------------------
--- GoldScore analysis of protein-ligand interactions                        ---
--------------------------------------------------------------------------------

  Ligand donor    8 hydrogen   22 Protein acceptor 13034 bond energy  2.00 wt 0.51

--------------------------------------------------------------------------------

--------------------------------------------------------------------------------
--- Rescoring solution                                                       ---
--------------------------------------------------------------------------------

     Score     S(PLP)   S(hbond)     S(cho)   S(metal)  DE(clash)   DE(tors)
    -29.88      28.96       0.52       0.00       0.00       0.00       1.24

Doing AMOEBA simplex on best individual
Done simplexing #iterations 1029, best score  12.35

     Score     S(PLP)   S(hbond)     S(cho)   S(metal)  DE(clash)   DE(tors)
     12.35     -13.22       0.00       0.00       0.00       0.00       0.44

--------------------------------------------------------------------------------
--- CHEMPLP breakdown of terms                                               ---
--------------------------------------------------------------------------------
CHEMPLP = - ( 1.0000*S(PLP) + -3.0000*S(hbond) + -6.0000*S(metal) + -3.0000*S(cho) )

Score = CHEMPLP - 1.0000*DE(clash) - 2.0000*DE(tors)


--------------------------------------------------------------------------------


--------------------------------------------------------------------------------
--- PLP analysis of protein-ligand interactions                              ---
--------------------------------------------------------------------------------
hydrogen bonding        :      -2.38
metal                   :       0.00
buried (polar-nonpolar) :      15.43
nonpolar                :     -39.06
repulsive               :      11.57
--------------------------------------------------------------------------------


--------------------------------------------------------------------------------
--- ChemScore analysis of protein-ligand interactions                        ---
--------------------------------------------------------------------------------

* Hydrogen bonds                                                                


* CH..O interactions                                                            
  CH group selection                       : activated ring CH (adjacent to hetatom)

--------------------------------------------------------------------------------


--------------------------------------------------------------------------------
--- Intra-ligand clashes                                                     ---
--------------------------------------------------------------------------------

Ligand
--------------------------------------------------------------------------------


--------------------------------------------------------------------------------
--- Chromosome decoded                                                       ---
--------------------------------------------------------------------------------
Ligand Torsions
[   6    2    1    3]   88.31
[  12    5    1    2] -167.29
Protein Torsions
[13162 13141 13139 13136] -165.87 
Mapping
Ligand acceptors to protein hydrogens (mapping then atom ids)
Ligand hydrogens to protein acceptors (mapping then atom ids)
Ligand shape atoms to protein points (mapping then atom ids & coords)
  2   860 [  6->(130.250 267.750 371.500)]
  3   572 [  7->(129.750 266.250 373.500)]
  5   866 [ 13->(130.250 267.750 373.000)]
  6   916 [ 14->(130.500 267.250 372.750)]
  7   678 [ 16->(130.000 266.250 373.500)]
Chromosome values
Integers:
  -1   -1   -1   -1   -1   -1  859  571   -1  865  915  677 
--------------------------------------------------------------------------------


--------------------------------------------------------------------------------
--- Diverse Solutions Stats                                                  ---
--------------------------------------------------------------------------------
  Move attempts                            :  17888
  Move failures                            :      0
  Failure rate                             :   0.000

--------------------------------------------------------------------------------

Current Ranking  1  3  2

--------------------------------------------------------------------------------

* GA execution time :                                                           
  total  0.5190 user  0.4993 sys  0.0197

--------------------------------------------------------------------------------
Fitness function evaluations: 17886

--------------------------------------------------------------------------------
** Docking run number  4 **
--------------------------------------------------------------------------------
  Rank fitness base is 5000.00 ; increment is 11.2233

* Initialising population(s) ...                                                
Number of constraints mappings 0
Number of constraints 0
  Population no.                           :      1
  Population size                          :    100
  Number of duplicates                     :      0
  Number of niche violations               :      0
  Number of errors                         :     35


Doing GA, no. of population(s) 1 size 100 selection pressure 1.100000

 Operation      Fitness  S(hb_ext) S(vdw_ext)  S(hb_int)    S(int)      intcor
         0      37.56       0.00      28.10       0.00      -5.37      -0.76
       197      35.65       0.20      26.77       0.00      -5.37      -0.76
       887      22.85       0.00      18.93       0.00      -5.37      -0.76
       982      21.80       0.00      18.42       0.00      -5.37      -0.76
      1229      17.87       1.19      13.68       0.00      -2.37      -0.76
Reordering...
      1300      15.11       0.00      14.80       0.00      -5.37      -0.76
      1324      15.40       1.71      13.66       0.00      -5.09      -0.76
      1372      18.76       2.00      13.91       0.00      -2.37      -0.76
      1410      20.69       1.73      17.50       0.00      -5.09      -0.76
      1530      23.07       0.00      20.68       0.00      -5.37      -0.76
--------------------------------------------------------------------------------
Best docking solution after GA:
      1750      23.07       0.00      20.68       0.00      -5.37      -0.76

#ops:       1750 #mutates:    857 #cross:      893 #dups:       456 
#niche:     1071 #errors:      21 
--------------------------------------------------------------------------------

Doing AMOEBA simplex on best individual
Done simplexing #iterations 464, best score  35.62

Ligand is stored in gold_soln_ligand_prepared_m1_4.mol2


--------------------------------------------------------------------------------
--- GoldScore breakdown of terms                                             ---
--------------------------------------------------------------------------------
Fitness = S(hb_ext) + 1.3750*S(vdw_ext) + S(hb_int) + 1.0000*S(int)
S(int)  = S(vdw_int) + S(tors)

Internal terms are relative to best energy found (intcor).

--------------------------------------------------------------------------------


     Fitness  S(hb_ext) S(vdw_ext)  S(hb_int)    S(int)      intcor
     35.62       0.00      27.95       0.00      -2.80      -0.76

--------------------------------------------------------------------------------
--- GoldScore analysis of protein-ligand interactions                        ---
--------------------------------------------------------------------------------


--------------------------------------------------------------------------------

--------------------------------------------------------------------------------
--- Rescoring solution                                                       ---
--------------------------------------------------------------------------------

     Score     S(PLP)   S(hbond)     S(cho)   S(metal)  DE(clash)   DE(tors)
    -17.20      14.48       0.00       0.00       0.00       1.79       0.47

Doing AMOEBA simplex on best individual
Done simplexing #iterations 674, best score  12.27

     Score     S(PLP)   S(hbond)     S(cho)   S(metal)  DE(clash)   DE(tors)
     12.27     -13.97       0.30       0.00       0.00       0.00       1.31

--------------------------------------------------------------------------------
--- CHEMPLP breakdown of terms                                               ---
--------------------------------------------------------------------------------
CHEMPLP = - ( 1.0000*S(PLP) + -3.0000*S(hbond) + -6.0000*S(metal) + -3.0000*S(cho) )

Score = CHEMPLP - 1.0000*DE(clash) - 2.0000*DE(tors)


--------------------------------------------------------------------------------


--------------------------------------------------------------------------------
--- PLP analysis of protein-ligand interactions                              ---
--------------------------------------------------------------------------------
hydrogen bonding        :      -3.97
metal                   :       0.00
buried (polar-nonpolar) :      16.65
nonpolar                :     -38.44
repulsive               :      11.77
--------------------------------------------------------------------------------


--------------------------------------------------------------------------------
--- ChemScore analysis of protein-ligand interactions                        ---
--------------------------------------------------------------------------------

* Hydrogen bonds                                                                
Ligand donor   10 hydrogen   23 Protein acceptor 1345 bond energy  1.00 wt 0.30


* CH..O interactions                                                            
  CH group selection                       : activated ring CH (adjacent to hetatom)

--------------------------------------------------------------------------------


--------------------------------------------------------------------------------
--- Intra-ligand clashes                                                     ---
--------------------------------------------------------------------------------

Ligand
--------------------------------------------------------------------------------


--------------------------------------------------------------------------------
--- Chromosome decoded                                                       ---
--------------------------------------------------------------------------------
Ligand Torsions
[   6    2    1    3] -104.84
[  12    5    1    2]  174.75
Protein Torsions
[13162 13141 13139 13136]  161.69 
Mapping
Ligand acceptors to protein hydrogens (mapping then atom ids)
Ligand hydrogens to protein acceptors (mapping then atom ids)
Ligand shape atoms to protein points (mapping then atom ids & coords)
  3   850 [  7->(130.250 267.500 372.750)]
  4    59 [ 12->(129.000 265.250 371.000)]
  6   838 [ 14->(130.250 267.250 373.500)]
  7   849 [ 16->(130.250 267.500 372.500)]
Chromosome values
Integers:
  -1   -1   -1   -1   -1   -1   -1  849   58   -1  837  848 
--------------------------------------------------------------------------------


--------------------------------------------------------------------------------
--- Diverse Solutions Stats                                                  ---
--------------------------------------------------------------------------------
  Move attempts                            :  17365
  Move failures                            :     56
  Failure rate                             :   0.003

--------------------------------------------------------------------------------

Current Ranking  1  3  4  2

--------------------------------------------------------------------------------

* GA execution time :                                                           
  total  0.5454 user  0.5262 sys  0.0193

--------------------------------------------------------------------------------
Fitness function evaluations: 17363

--------------------------------------------------------------------------------
** Docking run number  5 **
--------------------------------------------------------------------------------
  Rank fitness base is 5000.00 ; increment is 11.2233

* Initialising population(s) ...                                                
Number of constraints mappings 0
Number of constraints 0
  Population no.                           :      1
  Population size                          :    100
  Number of duplicates                     :      0
  Number of niche violations               :      0
  Number of errors                         :     70


Doing GA, no. of population(s) 1 size 100 selection pressure 1.100000

 Operation      Fitness  S(hb_ext) S(vdw_ext)  S(hb_int)    S(int)      intcor
         0      35.59       0.00      26.80       0.00      -6.29      -0.76
       147      32.31       0.00      24.58       0.00      -6.29      -0.76
       191      30.48       0.00      23.32       0.00      -6.29      -0.76
       323      28.58       2.27      19.68       0.00      -2.53      -0.76
       477      22.42       2.21      15.11       0.00      -1.61      -0.76
       567      22.49       2.20      15.23       0.00      -1.61      -0.76
       793      12.08       2.62       7.23       0.00      -0.92      -0.76
Reordering...
       799      10.38       2.10       6.64       0.00      -1.61      -0.76
       947       4.09       0.00      10.89       0.00     -17.28      -0.76
      1055       0.74       1.95      -0.02       0.00      -1.61      -0.76
      1065       5.95       0.00      20.49       0.00     -30.50      -0.76
      1301       8.57       0.00      10.77       0.00      -6.40      -0.76
--------------------------------------------------------------------------------
Best docking solution after GA:
      1750       8.30       0.00      10.69       0.00      -6.40      -0.76

#ops:       1750 #mutates:    888 #cross:      862 #dups:       368 
#niche:      760 #errors:      52 
--------------------------------------------------------------------------------

Doing AMOEBA simplex on best individual
Done simplexing #iterations 558, best score  12.81

Ligand is stored in gold_soln_ligand_prepared_m1_5.mol2


--------------------------------------------------------------------------------
--- GoldScore breakdown of terms                                             ---
--------------------------------------------------------------------------------
Fitness = S(hb_ext) + 1.3750*S(vdw_ext) + S(hb_int) + 1.0000*S(int)
S(int)  = S(vdw_int) + S(tors)

Internal terms are relative to best energy found (intcor).

--------------------------------------------------------------------------------


     Fitness  S(hb_ext) S(vdw_ext)  S(hb_int)    S(int)      intcor
     12.81       0.00      13.92       0.00      -6.34      -0.76

--------------------------------------------------------------------------------
--- GoldScore analysis of protein-ligand interactions                        ---
--------------------------------------------------------------------------------


--------------------------------------------------------------------------------

--------------------------------------------------------------------------------
--- Rescoring solution                                                       ---
--------------------------------------------------------------------------------

     Score     S(PLP)   S(hbond)     S(cho)   S(metal)  DE(clash)   DE(tors)
    -15.68      13.06       0.00       0.00       0.00       2.07       0.27

Doing AMOEBA simplex on best individual
Done simplexing #iterations 656, best score  -7.64

     Score     S(PLP)   S(hbond)     S(cho)   S(metal)  DE(clash)   DE(tors)
     -7.64       5.01       0.09       0.00       0.00       1.89       0.50

--------------------------------------------------------------------------------
--- CHEMPLP breakdown of terms                                               ---
--------------------------------------------------------------------------------
CHEMPLP = - ( 1.0000*S(PLP) + -3.0000*S(hbond) + -6.0000*S(metal) + -3.0000*S(cho) )

Score = CHEMPLP - 1.0000*DE(clash) - 2.0000*DE(tors)


--------------------------------------------------------------------------------


--------------------------------------------------------------------------------
--- PLP analysis of protein-ligand interactions                              ---
--------------------------------------------------------------------------------
hydrogen bonding        :       1.38
metal                   :       0.00
buried (polar-nonpolar) :      36.42
nonpolar                :     -34.21
repulsive               :       2.24
--------------------------------------------------------------------------------


--------------------------------------------------------------------------------
--- ChemScore analysis of protein-ligand interactions                        ---
--------------------------------------------------------------------------------

* Hydrogen bonds                                                                
Ligand donor   10 hydrogen   23 Protein acceptor 13141 bond energy  1.00 wt 0.09


* CH..O interactions                                                            
  CH group selection                       : activated ring CH (adjacent to hetatom)

--------------------------------------------------------------------------------


--------------------------------------------------------------------------------
--- Intra-ligand clashes                                                     ---
--------------------------------------------------------------------------------

Ligand
  6 (C6   ) -   4 (C4   ):   1.89 (dist   2.70)
--------------------------------------------------------------------------------


--------------------------------------------------------------------------------
--- Chromosome decoded                                                       ---
--------------------------------------------------------------------------------
Ligand Torsions
[   6    2    1    3] -116.18
[  12    5    1    2]  160.42
Protein Torsions
[13162 13141 13139 13136]  -77.44 
Mapping
Ligand acceptors to protein hydrogens (mapping then atom ids)
Ligand hydrogens to protein acceptors (mapping then atom ids)
Ligand shape atoms to protein points (mapping then atom ids & coords)
  4   542 [ 12->(129.750 262.750 370.000)]
  6   487 [ 14->(129.500 266.750 374.000)]
  7   636 [ 16->(129.750 267.250 372.250)]
Chromosome values
Integers:
  -1   -1   -1   -1   -1   -1   -1   -1  541   -1  486  635 
--------------------------------------------------------------------------------


--------------------------------------------------------------------------------
--- Diverse Solutions Stats                                                  ---
--------------------------------------------------------------------------------
  Move attempts                            :  17577
  Move failures                            :    174
  Failure rate                             :   0.010

--------------------------------------------------------------------------------

Current Ranking  1  3  4  2  5

--------------------------------------------------------------------------------

* GA execution time :                                                           
  total  0.5402 user  0.5304 sys  0.0098

--------------------------------------------------------------------------------
Fitness function evaluations: 17575

--------------------------------------------------------------------------------
** Docking run number  6 **
--------------------------------------------------------------------------------
  Rank fitness base is 5000.00 ; increment is 11.2233

* Initialising population(s) ...                                                
Number of constraints mappings 0
Number of constraints 0
  Population no.                           :      1
  Population size                          :    100
  Number of duplicates                     :      0
  Number of niche violations               :      0
  Number of errors                         :     69


Doing GA, no. of population(s) 1 size 100 selection pressure 1.100000

 Operation      Fitness  S(hb_ext) S(vdw_ext)  S(hb_int)    S(int)      intcor
         0      35.81       2.47      24.87       0.00      -4.30      -0.76
Reordering...
       364      23.53       1.55      16.44       0.00      -1.99      -0.76
       368      27.87       2.31      18.81       0.00      -0.98      -0.76
       619      18.52       2.17      12.19       0.00      -0.98      -0.76
       722      14.54       1.02      10.29       0.00      -1.31      -0.76
       762      13.52       0.30      10.04       0.00      -1.17      -0.76
       959       6.82       0.22       5.70       0.00      -1.94      -0.76
Reordering...
      1092       1.36       0.25       2.81       0.00      -3.63      -0.76
Reordering...
      1144       0.00       0.65     -35.33       0.00      -6.59      -0.76
--------------------------------------------------------------------------------
Best docking solution after GA:
      1750       0.00       0.65     -35.33       0.00      -6.59      -0.76

#ops:       1750 #mutates:    873 #cross:      877 #dups:       423 
#niche:      939 #errors:     111 
--------------------------------------------------------------------------------

Doing AMOEBA simplex on best individual
Done simplexing #iterations 657, best score  17.23

Ligand is stored in gold_soln_ligand_prepared_m1_6.mol2


--------------------------------------------------------------------------------
--- GoldScore breakdown of terms                                             ---
--------------------------------------------------------------------------------
Fitness = S(hb_ext) + 1.3750*S(vdw_ext) + S(hb_int) + 1.0000*S(int)
S(int)  = S(vdw_int) + S(tors)

Internal terms are relative to best energy found (intcor).

--------------------------------------------------------------------------------


     Fitness  S(hb_ext) S(vdw_ext)  S(hb_int)    S(int)      intcor
     17.23       1.16      14.88       0.00      -4.39      -0.76

--------------------------------------------------------------------------------
--- GoldScore analysis of protein-ligand interactions                        ---
--------------------------------------------------------------------------------

  Ligand acceptor   11 Protein hydrogen 13195 donor 13170 bond energy  2.00 wt 0.22
  Ligand donor   10 hydrogen   23 Protein acceptor 13034 bond energy  2.00 wt 0.36

--------------------------------------------------------------------------------

--------------------------------------------------------------------------------
--- Rescoring solution                                                       ---
--------------------------------------------------------------------------------

     Score     S(PLP)   S(hbond)     S(cho)   S(metal)  DE(clash)   DE(tors)
    -36.35      37.15       1.00       0.00       0.00       0.00       1.10

Doing AMOEBA simplex on best individual
Done simplexing #iterations 754, best score  -2.75

     Score     S(PLP)   S(hbond)     S(cho)   S(metal)  DE(clash)   DE(tors)
     -2.75       4.86       1.41       0.00       0.00       0.00       1.06

--------------------------------------------------------------------------------
--- CHEMPLP breakdown of terms                                               ---
--------------------------------------------------------------------------------
CHEMPLP = - ( 1.0000*S(PLP) + -3.0000*S(hbond) + -6.0000*S(metal) + -3.0000*S(cho) )

Score = CHEMPLP - 1.0000*DE(clash) - 2.0000*DE(tors)


--------------------------------------------------------------------------------


--------------------------------------------------------------------------------
--- PLP analysis of protein-ligand interactions                              ---
--------------------------------------------------------------------------------
hydrogen bonding        :      -6.78
metal                   :       0.00
buried (polar-nonpolar) :      29.93
nonpolar                :     -27.46
repulsive               :       8.53
--------------------------------------------------------------------------------


--------------------------------------------------------------------------------
--- ChemScore analysis of protein-ligand interactions                        ---
--------------------------------------------------------------------------------

* Hydrogen bonds                                                                
Protein donor 13170 hydrogen 13195 Ligand acceptor   11 bond energy  1.00 wt 0.66
Protein donor 13197 hydrogen 13223 Ligand acceptor   11 bond energy  1.00 wt 0.75


* CH..O interactions                                                            
  CH group selection                       : activated ring CH (adjacent to hetatom)

--------------------------------------------------------------------------------


--------------------------------------------------------------------------------
--- Intra-ligand clashes                                                     ---
--------------------------------------------------------------------------------

Ligand
--------------------------------------------------------------------------------


--------------------------------------------------------------------------------
--- Chromosome decoded                                                       ---
--------------------------------------------------------------------------------
Ligand Torsions
[   6    2    1    3]  157.04
[  12    5    1    2] -173.64
Protein Torsions
[13162 13141 13139 13136]  -58.07 
Mapping
Ligand acceptors to protein hydrogens (mapping then atom ids)
  2   5 [ 11->13195]
Ligand hydrogens to protein acceptors (mapping then atom ids)
Ligand shape atoms to protein points (mapping then atom ids & coords)
  2   606 [  6->(129.750 266.750 373.500)]
  3   888 [  7->(130.250 268.250 371.750)]
Chromosome values
Integers:
  -1    4   -1   -1   -1   -1  605  887   -1   -1   -1   -1 
--------------------------------------------------------------------------------


--------------------------------------------------------------------------------
--- Diverse Solutions Stats                                                  ---
--------------------------------------------------------------------------------
  Move attempts                            :  18093
  Move failures                            :    845
  Failure rate                             :   0.047

--------------------------------------------------------------------------------

Current Ranking  1  3  4  2  6  5

--------------------------------------------------------------------------------

* GA execution time :                                                           
  total  0.5305 user  0.5305 sys  0.0000

--------------------------------------------------------------------------------
Fitness function evaluations: 18091

--------------------------------------------------------------------------------
** Docking run number  7 **
--------------------------------------------------------------------------------
  Rank fitness base is 5000.00 ; increment is 11.2233

* Initialising population(s) ...                                                
Number of constraints mappings 0
Number of constraints 0
  Population no.                           :      1
  Population size                          :    100
  Number of duplicates                     :      0
  Number of niche violations               :      0
  Number of errors                         :     46


Doing GA, no. of population(s) 1 size 100 selection pressure 1.100000

 Operation      Fitness  S(hb_ext) S(vdw_ext)  S(hb_int)    S(int)      intcor
         0      36.08       0.93      26.06       0.00      -3.44      -0.76
       167      31.56       2.37      22.23       0.00      -5.71      -0.76
       227      29.88       0.62      21.94       0.00      -3.44      -0.76
       285      30.28       2.25      20.54       0.00      -0.79      -0.76
Reordering...
       468      22.45       0.85      16.64       0.00      -3.65      -0.76
       587      18.93       0.81      14.25       0.00      -3.65      -0.76
       737      13.03       0.58      10.27       0.00      -3.40      -0.76
       885       7.74       0.51       7.07       0.00      -4.22      -0.76
      1119      -3.37       0.41       0.29       0.00      -5.38      -0.76
      1379     -13.46       0.31      -6.11       0.00      -5.38      -0.76
      1539     -13.32       0.31      -6.71       0.00      -4.41      -0.76
--------------------------------------------------------------------------------
Best docking solution after GA:
      1750     -13.32       0.31      -6.71       0.00      -4.41      -0.76

#ops:       1750 #mutates:    870 #cross:      880 #dups:       407 
#niche:      856 #errors:      76 
--------------------------------------------------------------------------------

Doing AMOEBA simplex on best individual
Done simplexing #iterations 882, best score   8.72

Ligand is stored in gold_soln_ligand_prepared_m1_7.mol2


--------------------------------------------------------------------------------
--- GoldScore breakdown of terms                                             ---
--------------------------------------------------------------------------------
Fitness = S(hb_ext) + 1.3750*S(vdw_ext) + S(hb_int) + 1.0000*S(int)
S(int)  = S(vdw_int) + S(tors)

Internal terms are relative to best energy found (intcor).

--------------------------------------------------------------------------------


     Fitness  S(hb_ext) S(vdw_ext)  S(hb_int)    S(int)      intcor
      8.72       0.00       8.72       0.00      -3.27      -0.76

--------------------------------------------------------------------------------
--- GoldScore analysis of protein-ligand interactions                        ---
--------------------------------------------------------------------------------


--------------------------------------------------------------------------------

--------------------------------------------------------------------------------
--- Rescoring solution                                                       ---
--------------------------------------------------------------------------------

     Score     S(PLP)   S(hbond)     S(cho)   S(metal)  DE(clash)   DE(tors)
    -31.30      28.73       0.00       0.00       0.00       1.96       0.31

Doing AMOEBA simplex on best individual
Done simplexing #iterations 663, best score  -9.39

     Score     S(PLP)   S(hbond)     S(cho)   S(metal)  DE(clash)   DE(tors)
     -9.39       7.98       0.38       0.00       0.00       1.81       0.38

--------------------------------------------------------------------------------
--- CHEMPLP breakdown of terms                                               ---
--------------------------------------------------------------------------------
CHEMPLP = - ( 1.0000*S(PLP) + -3.0000*S(hbond) + -6.0000*S(metal) + -3.0000*S(cho) )

Score = CHEMPLP - 1.0000*DE(clash) - 2.0000*DE(tors)


--------------------------------------------------------------------------------


--------------------------------------------------------------------------------
--- PLP analysis of protein-ligand interactions                              ---
--------------------------------------------------------------------------------
hydrogen bonding        :      -1.17
metal                   :       0.00
buried (polar-nonpolar) :      40.21
nonpolar                :     -33.72
repulsive               :       3.05
--------------------------------------------------------------------------------


--------------------------------------------------------------------------------
--- ChemScore analysis of protein-ligand interactions                        ---
--------------------------------------------------------------------------------

* Hydrogen bonds                                                                
Ligand donor   10 hydrogen   23 Protein acceptor 13141 bond energy  1.00 wt 0.38


* CH..O interactions                                                            
  CH group selection                       : activated ring CH (adjacent to hetatom)

--------------------------------------------------------------------------------


--------------------------------------------------------------------------------
--- Intra-ligand clashes                                                     ---
--------------------------------------------------------------------------------

Ligand
  6 (C6   ) -   4 (C4   ):   1.81 (dist   2.70)
--------------------------------------------------------------------------------


--------------------------------------------------------------------------------
--- Chromosome decoded                                                       ---
--------------------------------------------------------------------------------
Ligand Torsions
[   6    2    1    3] -111.82
[  12    5    1    2] -165.77
Protein Torsions
[13162 13141 13139 13136]  -75.96 
Mapping
Ligand acceptors to protein hydrogens (mapping then atom ids)
Ligand hydrogens to protein acceptors (mapping then atom ids)
  2   6 [ 23->13141]
Ligand shape atoms to protein points (mapping then atom ids & coords)
  1   547 [  5->(129.750 263.250 370.000)]
  2   513 [  6->(129.500 267.250 371.750)]
  3   597 [  7->(129.750 266.750 371.250)]
  5   614 [ 13->(129.750 267.000 371.000)]
  6   958 [ 14->(130.500 268.250 373.500)]
  7   654 [ 16->(129.750 267.500 372.750)]
Chromosome values
Integers:
  -1   -1   -1   -1    5  546  512  596   -1  613  957  653 
--------------------------------------------------------------------------------


--------------------------------------------------------------------------------
--- Diverse Solutions Stats                                                  ---
--------------------------------------------------------------------------------
  Move attempts                            :  18134
  Move failures                            :    219
  Failure rate                             :   0.012

--------------------------------------------------------------------------------

Current Ranking  1  3  4  2  6  5  7

--------------------------------------------------------------------------------

* GA execution time :                                                           
  total  0.5425 user  0.5425 sys  0.0000

--------------------------------------------------------------------------------
Fitness function evaluations: 18132

--------------------------------------------------------------------------------
** Docking run number  8 **
--------------------------------------------------------------------------------
  Rank fitness base is 5000.00 ; increment is 11.2233

* Initialising population(s) ...                                                
Number of constraints mappings 0
Number of constraints 0
  Population no.                           :      1
  Population size                          :    100
  Number of duplicates                     :      0
  Number of niche violations               :      2
  Number of errors                         :    107


Doing GA, no. of population(s) 1 size 100 selection pressure 1.100000

 Operation      Fitness  S(hb_ext) S(vdw_ext)  S(hb_int)    S(int)      intcor
         0      32.45       3.25      24.23       0.00     -20.61      -0.76
Reordering...
        52      30.21       1.25      24.74       0.00     -23.73      -0.76
Reordering...
       102      29.90       3.22      22.80       0.00     -20.61      -0.76
Reordering...
       104      27.80       1.21      23.25       0.00     -23.73      -0.76
Reordering...
       119      27.77       0.03      20.99       0.00      -4.84      -0.76
       129      31.72       0.27      23.69       0.00      -4.84      -0.76
Reordering...
       136      31.70       0.09      22.99       0.00      -0.01      -0.76
       138      31.77       0.27      23.75       0.00      -4.84      -0.76
Reordering...
       156      30.40       0.08      22.06       0.00      -0.01      -0.76
Reordering...
       364      23.91       1.52      19.51       0.00     -14.33      -0.76
Reordering...
       408      23.68       0.04      17.19       0.00      -0.01      -0.76
Reordering...
       416      22.85       1.51      18.96       0.00     -14.33      -0.76
      1079       1.33       1.23       1.90       0.00      -3.37      -0.76
      1097      -0.69       1.21       0.48       0.00      -3.37      -0.76
      1583       9.95       1.56       6.11       0.00      -0.01      -0.76
--------------------------------------------------------------------------------
Best docking solution after GA:
      1750       9.95       1.56       6.11       0.00      -0.01      -0.76

#ops:       1750 #mutates:    882 #cross:      868 #dups:       378 
#niche:      828 #errors:      77 
--------------------------------------------------------------------------------

Doing AMOEBA simplex on best individual
Done simplexing #iterations 503, best score  35.16

Ligand is stored in gold_soln_ligand_prepared_m1_8.mol2


--------------------------------------------------------------------------------
--- GoldScore breakdown of terms                                             ---
--------------------------------------------------------------------------------
Fitness = S(hb_ext) + 1.3750*S(vdw_ext) + S(hb_int) + 1.0000*S(int)
S(int)  = S(vdw_int) + S(tors)

Internal terms are relative to best energy found (intcor).

--------------------------------------------------------------------------------


     Fitness  S(hb_ext) S(vdw_ext)  S(hb_int)    S(int)      intcor
     35.16       0.56      25.18       0.00      -0.03      -0.76

--------------------------------------------------------------------------------
--- GoldScore analysis of protein-ligand interactions                        ---
--------------------------------------------------------------------------------

  Ligand donor   10 hydrogen   23 Protein acceptor 13034 bond energy  2.00 wt 0.28

--------------------------------------------------------------------------------

--------------------------------------------------------------------------------
--- Rescoring solution                                                       ---
--------------------------------------------------------------------------------

     Score     S(PLP)   S(hbond)     S(cho)   S(metal)  DE(clash)   DE(tors)
    -47.57      48.21       0.30       0.00       0.00       0.00       0.13

Doing AMOEBA simplex on best individual
Done simplexing #iterations 585, best score -15.43

     Score     S(PLP)   S(hbond)     S(cho)   S(metal)  DE(clash)   DE(tors)
    -15.43      14.66       0.00       0.00       0.00       0.00       0.39

--------------------------------------------------------------------------------
--- CHEMPLP breakdown of terms                                               ---
--------------------------------------------------------------------------------
CHEMPLP = - ( 1.0000*S(PLP) + -3.0000*S(hbond) + -6.0000*S(metal) + -3.0000*S(cho) )

Score = CHEMPLP - 1.0000*DE(clash) - 2.0000*DE(tors)


--------------------------------------------------------------------------------


--------------------------------------------------------------------------------
--- PLP analysis of protein-ligand interactions                              ---
--------------------------------------------------------------------------------
hydrogen bonding        :      -4.53
metal                   :       0.00
buried (polar-nonpolar) :      37.17
nonpolar                :     -32.55
repulsive               :      14.76
--------------------------------------------------------------------------------


--------------------------------------------------------------------------------
--- ChemScore analysis of protein-ligand interactions                        ---
--------------------------------------------------------------------------------

* Hydrogen bonds                                                                


* CH..O interactions                                                            
  CH group selection                       : activated ring CH (adjacent to hetatom)

--------------------------------------------------------------------------------


--------------------------------------------------------------------------------
--- Intra-ligand clashes                                                     ---
--------------------------------------------------------------------------------

Ligand
--------------------------------------------------------------------------------


--------------------------------------------------------------------------------
--- Chromosome decoded                                                       ---
--------------------------------------------------------------------------------
Ligand Torsions
[   6    2    1    3]  -65.41
[  12    5    1    2] -176.20
Protein Torsions
[13162 13141 13139 13136]   31.15 
Mapping
Ligand acceptors to protein hydrogens (mapping then atom ids)
Ligand hydrogens to protein acceptors (mapping then atom ids)
  2   2 [ 23->13034]
Ligand shape atoms to protein points (mapping then atom ids & coords)
  1   612 [  5->(129.750 267.000 370.500)]
  4   982 [ 12->(130.750 267.500 373.250)]
Chromosome values
Integers:
  -1   -1   -1   -1    1  611   -1   -1  981   -1   -1   -1 
--------------------------------------------------------------------------------


--------------------------------------------------------------------------------
--- Diverse Solutions Stats                                                  ---
--------------------------------------------------------------------------------
  Move attempts                            :  17394
  Move failures                            :    186
  Failure rate                             :   0.011

--------------------------------------------------------------------------------

Current Ranking  1  3  4  2  8  6  5  7

--------------------------------------------------------------------------------

* GA execution time :                                                           
  total  0.5420 user  0.5369 sys  0.0052

--------------------------------------------------------------------------------
Fitness function evaluations: 17392

--------------------------------------------------------------------------------
** Docking run number  9 **
--------------------------------------------------------------------------------
  Rank fitness base is 5000.00 ; increment is 11.2233

* Initialising population(s) ...                                                
Number of constraints mappings 0
Number of constraints 0
  Population no.                           :      1
  Population size                          :    100
  Number of duplicates                     :      0
  Number of niche violations               :      2
  Number of errors                         :    105


Doing GA, no. of population(s) 1 size 100 selection pressure 1.100000

 Operation      Fitness  S(hb_ext) S(vdw_ext)  S(hb_int)    S(int)      intcor
         0      36.20       0.79      29.25       0.00     -24.00      -0.76
         5      36.33       2.17      24.99       0.00      -0.99      -0.76
       265      27.54       1.48      24.65       0.00     -28.66      -0.76
       439      20.74       2.06      13.83       0.00      -0.99      -0.76
       482      20.97       1.28      14.64       0.00      -1.22      -0.76
       924       3.55       1.07       2.35       0.00      -1.22      -0.76
Reordering...
       988      -2.00       0.22       5.84       0.00     -15.28      -0.76
Reordering...
      1020      -2.27       0.96      -1.73       0.00      -1.22      -0.76
Reordering...
      1040      -4.16       0.21       4.76       0.00     -15.28      -0.76
      1055      -3.81       1.10       5.37       0.00     -16.88      -0.76
Reordering...
      1207     -10.75       1.77      -6.96       0.00      -3.36      -0.76
Reordering...
      1248     -13.49       1.02       0.69       0.00     -16.88      -0.76
Reordering...
      1292     -14.26       1.73      -9.25       0.00      -3.36      -0.76
      1293      -5.07       0.00      -1.78       0.00      -2.69      -0.76
      1545      -6.36       0.00      -2.79       0.00      -2.52      -0.76
      1741      -4.78       1.44       3.61       0.00     -11.19      -0.76
--------------------------------------------------------------------------------
Best docking solution after GA:
      1750      -4.78       1.44       3.61       0.00     -11.19      -0.76

#ops:       1750 #mutates:    872 #cross:      878 #dups:       416 
#niche:      779 #errors:      91 
--------------------------------------------------------------------------------

Doing AMOEBA simplex on best individual
Done simplexing #iterations 663, best score  31.72

Ligand is stored in gold_soln_ligand_prepared_m1_9.mol2


--------------------------------------------------------------------------------
--- GoldScore breakdown of terms                                             ---
--------------------------------------------------------------------------------
Fitness = S(hb_ext) + 1.3750*S(vdw_ext) + S(hb_int) + 1.0000*S(int)
S(int)  = S(vdw_int) + S(tors)

Internal terms are relative to best energy found (intcor).

--------------------------------------------------------------------------------


     Fitness  S(hb_ext) S(vdw_ext)  S(hb_int)    S(int)      intcor
     31.72       0.91      25.90       0.00      -4.80      -0.76

--------------------------------------------------------------------------------
--- GoldScore analysis of protein-ligand interactions                        ---
--------------------------------------------------------------------------------

  Ligand acceptor   11 Protein hydrogen 13223 donor 13197 bond energy  2.00 wt 0.39
  Ligand donor   10 hydrogen   23 Protein acceptor 13200 bond energy  2.00 wt 0.07

--------------------------------------------------------------------------------

--------------------------------------------------------------------------------
--- Rescoring solution                                                       ---
--------------------------------------------------------------------------------

     Score     S(PLP)   S(hbond)     S(cho)   S(metal)  DE(clash)   DE(tors)
    -40.84      35.18       0.02       0.00       0.00       2.96       1.37

Doing AMOEBA simplex on best individual
Done simplexing #iterations 1261, best score   1.49

     Score     S(PLP)   S(hbond)     S(cho)   S(metal)  DE(clash)   DE(tors)
      1.49      -4.11       0.00       0.00       0.00       0.11       1.25

--------------------------------------------------------------------------------
--- CHEMPLP breakdown of terms                                               ---
--------------------------------------------------------------------------------
CHEMPLP = - ( 1.0000*S(PLP) + -3.0000*S(hbond) + -6.0000*S(metal) + -3.0000*S(cho) )

Score = CHEMPLP - 1.0000*DE(clash) - 2.0000*DE(tors)


--------------------------------------------------------------------------------


--------------------------------------------------------------------------------
--- PLP analysis of protein-ligand interactions                              ---
--------------------------------------------------------------------------------
hydrogen bonding        :      -5.55
metal                   :       0.00
buried (polar-nonpolar) :      24.52
nonpolar                :     -31.26
repulsive               :       8.99
--------------------------------------------------------------------------------


--------------------------------------------------------------------------------
--- ChemScore analysis of protein-ligand interactions                        ---
--------------------------------------------------------------------------------

* Hydrogen bonds                                                                


* CH..O interactions                                                            
  CH group selection                       : activated ring CH (adjacent to hetatom)

--------------------------------------------------------------------------------


--------------------------------------------------------------------------------
--- Intra-ligand clashes                                                     ---
--------------------------------------------------------------------------------

Ligand
  7 (C7   ) -   3 (C3   ):   0.11 (dist   2.75)
--------------------------------------------------------------------------------


--------------------------------------------------------------------------------
--- Chromosome decoded                                                       ---
--------------------------------------------------------------------------------
Ligand Torsions
[   6    2    1    3]  169.08
[  12    5    1    2] -160.43
Protein Torsions
[13162 13141 13139 13136]  -70.78 
Mapping
Ligand acceptors to protein hydrogens (mapping then atom ids)
  2   6 [ 11->13223]
Ligand hydrogens to protein acceptors (mapping then atom ids)
  2   8 [ 23->13200]
Ligand shape atoms to protein points (mapping then atom ids & coords)
  1   316 [  5->(129.250 266.750 370.000)]
  2   334 [  6->(129.250 267.000 370.250)]
  3   243 [  7->(129.250 265.250 371.500)]
  7   387 [ 16->(129.500 263.250 370.250)]
Chromosome values
Integers:
  -1    5   -1   -1    7  315  333  242   -1   -1   -1  386 
--------------------------------------------------------------------------------


--------------------------------------------------------------------------------
--- Diverse Solutions Stats                                                  ---
--------------------------------------------------------------------------------
  Move attempts                            :  18627
  Move failures                            :    196
  Failure rate                             :   0.011

--------------------------------------------------------------------------------

Current Ranking  1  3  4  2  8  9  6  5  7

--------------------------------------------------------------------------------

* GA execution time :                                                           
  total  0.5466 user  0.5384 sys  0.0082

--------------------------------------------------------------------------------
Fitness function evaluations: 18627

--------------------------------------------------------------------------------
** Docking run number 10 **
--------------------------------------------------------------------------------
  Rank fitness base is 5000.00 ; increment is 11.2233

* Initialising population(s) ...                                                
Number of constraints mappings 0
Number of constraints 0
  Population no.                           :      1
  Population size                          :    100
  Number of duplicates                     :      0
  Number of niche violations               :      1
  Number of errors                         :     87


Doing GA, no. of population(s) 1 size 100 selection pressure 1.100000

 Operation      Fitness  S(hb_ext) S(vdw_ext)  S(hb_int)    S(int)      intcor
         0      39.38       1.35      29.37       0.00     -11.83      -0.76
       600      22.88       1.41      18.40       0.00      -9.24      -0.76
       975      13.85       1.33      13.52       0.00      -9.24      -0.76
      1440       0.52       0.32       8.75       0.00     -11.83      -0.76
--------------------------------------------------------------------------------
Best docking solution after GA:
      1750       0.52       0.32       8.75       0.00     -11.83      -0.76

#ops:       1750 #mutates:    904 #cross:      846 #dups:       358 
#niche:      779 #errors:      95 
--------------------------------------------------------------------------------

Doing AMOEBA simplex on best individual
Done simplexing #iterations 797, best score  24.95

Ligand is stored in gold_soln_ligand_prepared_m1_10.mol2


--------------------------------------------------------------------------------
--- GoldScore breakdown of terms                                             ---
--------------------------------------------------------------------------------
Fitness = S(hb_ext) + 1.3750*S(vdw_ext) + S(hb_int) + 1.0000*S(int)
S(int)  = S(vdw_int) + S(tors)

Internal terms are relative to best energy found (intcor).

--------------------------------------------------------------------------------


     Fitness  S(hb_ext) S(vdw_ext)  S(hb_int)    S(int)      intcor
     24.95       0.66      21.35       0.00      -5.07      -0.76

--------------------------------------------------------------------------------
--- GoldScore analysis of protein-ligand interactions                        ---
--------------------------------------------------------------------------------

  Ligand acceptor   11 Protein hydrogen 13223 donor 13197 bond energy  2.00 wt 0.28
  Ligand donor   10 hydrogen   23 Protein acceptor 13200 bond energy  2.00 wt 0.05

--------------------------------------------------------------------------------

--------------------------------------------------------------------------------
--- Rescoring solution                                                       ---
--------------------------------------------------------------------------------

     Score     S(PLP)   S(hbond)     S(cho)   S(metal)  DE(clash)   DE(tors)
    -23.82      17.62       0.11       0.00       0.00       2.60       1.96

Doing AMOEBA simplex on best individual
Done simplexing #iterations 610, best score   8.22

     Score     S(PLP)   S(hbond)     S(cho)   S(metal)  DE(clash)   DE(tors)
      8.22     -10.31       0.00       0.00       0.00       0.00       1.05

--------------------------------------------------------------------------------
--- CHEMPLP breakdown of terms                                               ---
--------------------------------------------------------------------------------
CHEMPLP = - ( 1.0000*S(PLP) + -3.0000*S(hbond) + -6.0000*S(metal) + -3.0000*S(cho) )

Score = CHEMPLP - 1.0000*DE(clash) - 2.0000*DE(tors)


--------------------------------------------------------------------------------


--------------------------------------------------------------------------------
--- PLP analysis of protein-ligand interactions                              ---
--------------------------------------------------------------------------------
hydrogen bonding        :      -5.39
metal                   :       0.00
buried (polar-nonpolar) :      21.38
nonpolar                :     -35.23
repulsive               :       8.19
--------------------------------------------------------------------------------


--------------------------------------------------------------------------------
--- ChemScore analysis of protein-ligand interactions                        ---
--------------------------------------------------------------------------------

* Hydrogen bonds                                                                


* CH..O interactions                                                            
  CH group selection                       : activated ring CH (adjacent to hetatom)

--------------------------------------------------------------------------------


--------------------------------------------------------------------------------
--- Intra-ligand clashes                                                     ---
--------------------------------------------------------------------------------

Ligand
--------------------------------------------------------------------------------


--------------------------------------------------------------------------------
--- Chromosome decoded                                                       ---
--------------------------------------------------------------------------------
Ligand Torsions
[   6    2    1    3]   80.36
[  12    5    1    2] -146.33
Protein Torsions
[13162 13141 13139 13136]  -63.64 
Mapping
Ligand acceptors to protein hydrogens (mapping then atom ids)
Ligand hydrogens to protein acceptors (mapping then atom ids)
Ligand shape atoms to protein points (mapping then atom ids & coords)
  1   160 [  5->(129.000 267.000 370.750)]
  3   552 [  7->(129.750 266.000 370.750)]
  4   873 [ 12->(130.250 268.000 371.250)]
  6   216 [ 14->(129.250 264.000 370.500)]
  7    18 [ 16->(129.000 263.500 370.250)]
Chromosome values
Integers:
  -1   -1   -1   -1   -1  159   -1  551  872   -1  215   17 
--------------------------------------------------------------------------------


--------------------------------------------------------------------------------
--- Diverse Solutions Stats                                                  ---
--------------------------------------------------------------------------------
  Move attempts                            :  17810
  Move failures                            :    184
  Failure rate                             :   0.010

--------------------------------------------------------------------------------

Current Ranking  1  3  4  2  8  9 10  6  5  7

--------------------------------------------------------------------------------

* GA execution time :                                                           
  total  0.5347 user  0.5347 sys  0.0000

--------------------------------------------------------------------------------
Fitness function evaluations: 17808

--------------------------------------------------------------------------------
--- Ranking analysis                                                         ---
--------------------------------------------------------------------------------


* Final ranked order of GA solutions:                                           
   1  3  4  2  8  9 10  6  5  7 

  _______________________________
  RMSD Matrix of RANKED solutions

        2    3    4    5    6    7    8    9   10  

   1 :  2.7  0.3  2.7  4.6  4.9  4.8  2.1  2.1  2.2
   2 :       2.7  0.2  3.8  4.4  4.3  2.3  2.5  2.5
   3 :            2.7  4.6  4.9  4.8  2.1  2.1  2.2
   4 :                 3.8  4.4  4.3  2.3  2.5  2.6
   5 :                      4.0  3.7  4.2  4.1  4.0
   6 :                           0.9  4.8  5.1  5.1
   7 :                                4.7  5.0  5.0
   8 :                                     2.5  2.4
   9 :                                          0.3

  Clustering method                        : complete linkage
  Structure ids in cluster table           : rank nos.
  Ordering of clusters and their members   : by rank (order if from rms_analysis)

  Distance | Clusters
   0.16    |  1 |  2  4 |  3 |  5 |  6 |  7 |  8 |  9 | 10 |
   0.30    |  1 |  2  4 |  3 |  5 |  6 |  7 |  8 |  9 10 |
   0.31    |  1  3 |  2  4 |  5 |  6 |  7 |  8 |  9 10 |
   0.91    |  1  3 |  2  4 |  5 |  6  7 |  8 |  9 10 |
   2.12    |  1  3  8 |  2  4 |  5 |  6  7 |  9 10 |
   2.51    |  1  3  8  9 10 |  2  4 |  5 |  6  7 |
   2.68    |  1  2  3  4  8  9 10 |  5 |  6  7 |
   4.04    |  1  2  3  4  8  9 10 |  5  6  7 |
   5.09    |  1  2  3  4  5  6  7  8  9 10 |
  Finished Docking Ligand                  : /mnt/c/Users/ricca/Desktop/Documents/1_Coding/1_Script_Github/Reverse_Docking_Explore_V3/5uo4/ligand_prepared.mol2
--------------------------------------------------------------------------------

  Relative_Ligand_Energy (best encountered) :  -0.759
  Relative_Ligand_Energy: fitness values have been corrected using this amount
