
--------------------------------------------------------------------------------
--- Ligand                                                                   ---
--------------------------------------------------------------------------------
  Ligand loaded from file                  : /mnt/c/Users/ricca/Desktop/Documents/1_Coding/1_Script_Github/Reverse_Docking_Explore_V3/2zaz/ligand_prepared.mol2
  Ligand name                              :  
  "CT1002167954                                                             "

--------------------------------------------------------------------------------
  N.plc donors                             : 
  none found

  Acidic nitrogen acceptors                : 
  none found
  Sulfur acceptors                         :
  none found


  Donor atoms                              :      2
  8   10  
  Acceptor atoms                           :      3
  9   11  17  

  Hydrogens                                :  (n = 2)
  22   23   

  Lone pairs added to molecule             :      6
  Numbering                                : from 30 to 35

--------------------------------------------------------------------------------
--- Postprocessing of typing                                                 ---
--------------------------------------------------------------------------------
  Fragment file                            : /home/hitesit/CCDC/Discovery_2022/GOLD/gold/rotatable_bond_override.mol2
  acylurea fragment                        : 2 matches
  Ligand bond 15-8  set to flip
  Ligand bond 15-10  set to flip
  Ligand bond 15-10  set to 1
  Ligand bond 15-8  set to 1
  Ligand bond 10-4  set to flip
  Ligand bond 8-3  set to flip
  thioacylthiourea fragment                : no matches
  acylthiourea fragment                    : no matches
  thioacylurea fragment                    : no matches
  diarylamine fragment >C.ar-NH-C.ar<      : no matches
  sec-amine (1) fragment                   : no matches
  sec-amine (2) fragment                   : no matches
  sec-amine (3) fragment                   : no matches
  carboxylic ester                         : no matches

* Rotatable bonds in /mnt/c/Users/ricca/D  :
  [   1    2] [   1    5] 
  No. of rotatable bonds                   :      2


* Reading torsional distributions from file:
  /home/hitesit/CCDC/Discovery_2022/GOLD/gold/gold.tordist
  No. of bins in torsional distributions   :     36
  Minimum size of largest peak             :      0
  Removing high energy torsions            : on
  Delta E set to                           :   2.500

* Fragments found in /mnt/c/Users/ricca/D  :
  atom   2: benzene
  atom   6: benzene
  atom   7: benzene
  atom  13: benzene
  atom  14: benzene
  atom  16: benzene


* Checking torsion distributions:                                               
  No. of matched torsions                  :      0

--------------------------------------------------------------------------------
--- Shape fitting atoms selection (hydrophobic atoms)                        ---
--------------------------------------------------------------------------------
  Molecule                                 : /mnt/c/Users/ricca/Desktop/Documents/1_Coding/1_Script_Github/Reverse_Docking_Explore_V3/2zaz/ligand_prepared.mol2
  Selection                                : carbons only
  Atom numbers                             :  (n = 7)
  5    6    7    12   13   14   16   

--------------------------------------------------------------------------------
--- Diverse Solutions Setup                                                  ---
--------------------------------------------------------------------------------
  Cluster size                             :      2
  RMSD                                     :   2.000
  Refinement                               :      0


--------------------------------------------------------------------------------
--- ChemScore ligand setup summary                                           ---
--------------------------------------------------------------------------------
  ChemScore ligand acceptors               :      3
  9 11 17 
  ChemScore ligand donors                  :      2
  8 ( 22  ) 10 ( 23  ) 
  ChemScore ligand CH donors               :      0
  

  ChemScore ligand lipophilic atoms        :  (n = 9)
  1    2    5    6    7    12   13   14   16   

  ChemScore ligand rotatable bonds         :      2
  1   (C1 ) - 2   (C2 ): SP3_SP2_BOND
  1   (C1 ) - 5   (C5 ): SP3_SP3_BOND

--------------------------------------------------------------------------------
--- PLP ligand setup summary                                                 ---
--------------------------------------------------------------------------------
    1    C1   C.3 NONPOLAR
    2    C2  C.ar NONPOLAR
    3    C3   C.2 NONPOLAR
    4    C4   C.2 NONPOLAR
    5    C5   C.3 NONPOLAR
    6    C6  C.ar NONPOLAR
    7    C7  C.ar NONPOLAR
    8    N8  N.am DONOR
    9    O9   O.2 ACCEPTOR
   10   N10  N.am DONOR
   11   O11   O.2 ACCEPTOR
   12   C12   C.3 NONPOLAR
   13   C13  C.ar NONPOLAR
   14   C14  C.ar NONPOLAR
   15   C15   C.2 NONPOLAR
   16   C16  C.ar NONPOLAR
   17   O17   O.2 ACCEPTOR

--------------------------------------------------------------------------------
--- Automatic parameter setting                                              ---
--------------------------------------------------------------------------------
  Contribution base                        :   2500
  Contribution per rotatable bond          :   6000
  Contribution per df                      :   4000
  Contribution per water                   :  10000
  Ligand rotatable bonds                   :      2
  Protein flexible side chain bonds        :      0
  Total rotatable bonds                    :      2
  Hydrophobic vol ratio (P/L)              :   0.951
  Base multiplier (polar)                  :   1.000
  Base multiplier (apolar)                 :   1.331
  Base contribution                        : 5000.000
  Fitting points                           :      5
  Estimated maxops needed (optimal)        :  17500
  Autoscale factor (in percent)            :     10
  Scaled maxops                            :   2000

--------------------------------------------------------------------------------

* Population settings                                                           
  maxops                                   :   2000
  popsiz                                   :    100
  select_pressure                          :   1.100
  n_islands                                :      1
  niche_siz                                :      2

* GA settings                                                                   
  pt_crosswt                               :    100
  allele_mutatewt                          :    100
  migratewt                                :      0

* Search settings                                                               
  start_vdw_linear_cutoff                  :   6.000
  initial_virtual_pt_match_max             :   3.000
  Scaling of internal VDW energy           : log scale from  0.2 to    1
                                             over 1500 ops
  Sampling interval (operations)           :     20
  Scaling of virtual pt maximum length     : linear scale from    3 to    2
                                             over  1500 ops
  Sampling interval (operations)           :     60
  Scaling of 4-8 potential cutoff          : log scale from    6 to 1.2e+02
                                             over 1500 ops
  Sampling interval (operations)           :     60

--------------------------------------------------------------------------------

* Ligand initialisation time :                                                  
  total  0.2404 user  0.0125 sys  0.2279

--------------------------------------------------------------------------------

--------------------------------------------------------------------------------
** Docking run number  1 **
--------------------------------------------------------------------------------
  Rank fitness base is 5000.00 ; increment is 11.2233

* Initialising population(s) ...                                                
Number of constraints mappings 0
Number of constraints 0
  Population no.                           :      1
  Population size                          :    100
  Number of duplicates                     :      0
  Number of niche violations               :      0
  Number of errors                         :      3


Doing GA, no. of population(s) 1 size 100 selection pressure 1.100000

 Operation      Fitness  S(hb_ext) S(vdw_ext)  S(hb_int)    S(int)      intcor
         0      25.61       0.64      20.81       0.00     -18.19      -0.76
        15      25.97       0.00      23.26       0.00     -30.05      -0.76
        44      25.72       0.00      23.27       0.00     -30.05      -0.76
        61      25.96       0.12      21.19       0.00     -15.47      -0.76
        79      27.67       0.43      20.09       0.00      -1.81      -0.76
        82      28.45       0.10      23.06       0.00     -15.43      -0.76
       188      29.12       0.03      22.40       0.00      -7.06      -0.76
       292      27.87       1.48      19.60       0.00      -2.06      -0.76
       294      32.01       0.00      25.16       0.00      -9.60      -0.76
       536      27.40       0.00      22.37       0.00      -9.60      -0.76
Reordering...
       540      26.24       1.01      20.51       0.00      -8.32      -0.76
       656      26.81       0.22      23.09       0.00     -12.97      -0.76
       691      26.11       1.01      20.00       0.00      -5.77      -0.76
       894      25.54       1.16      19.89       0.00      -5.77      -0.76
       906      25.55       1.16      19.94       0.00      -5.77      -0.76
       936      25.68       1.18      20.08       0.00      -5.77      -0.76
      1000      25.41       1.17      20.09       0.00      -5.77      -0.76
      1096      25.10       1.16      20.09       0.00      -5.77      -0.76
      1163      24.47       1.14      19.88       0.00      -5.77      -0.76
--------------------------------------------------------------------------------
Best docking solution after GA:
      2000      22.70       1.13      19.88       0.00      -5.77      -0.76

#ops:       2000 #mutates:   1018 #cross:      982 #dups:       389 
#niche:      914 #errors:       8 
--------------------------------------------------------------------------------

Doing AMOEBA simplex on best individual
Done simplexing #iterations 626, best score  32.78

Ligand is stored in gold_soln_ligand_prepared_m1_1.mol2


--------------------------------------------------------------------------------
--- GoldScore breakdown of terms                                             ---
--------------------------------------------------------------------------------
Fitness = S(hb_ext) + 1.3750*S(vdw_ext) + S(hb_int) + 1.0000*S(int)
S(int)  = S(vdw_int) + S(tors)

Internal terms are relative to best energy found (intcor).

--------------------------------------------------------------------------------


     Fitness  S(hb_ext) S(vdw_ext)  S(hb_int)    S(int)      intcor
     32.78       0.10      24.82       0.00      -1.44      -0.76

--------------------------------------------------------------------------------
--- GoldScore analysis of protein-ligand interactions                        ---
--------------------------------------------------------------------------------

  Ligand donor    8 hydrogen   22 Protein acceptor 1717 bond energy  2.00 wt 0.01
  Ligand donor   10 hydrogen   23 Protein acceptor 2442 bond energy  2.00 wt 0.04

--------------------------------------------------------------------------------

--------------------------------------------------------------------------------
--- Rescoring solution                                                       ---
--------------------------------------------------------------------------------

     Score     S(PLP)   S(hbond)     S(cho)   S(metal)  DE(clash)   DE(tors)
     -0.62       3.08       1.33       0.00       0.00       1.42       0.05

Doing AMOEBA simplex on best individual
Done simplexing #iterations 910, best score  24.70

     Score     S(PLP)   S(hbond)     S(cho)   S(metal)  DE(clash)   DE(tors)
     24.70     -25.47       0.23       0.00       0.00       1.44       0.02

--------------------------------------------------------------------------------
--- CHEMPLP breakdown of terms                                               ---
--------------------------------------------------------------------------------
CHEMPLP = - ( 1.0000*S(PLP) + -3.0000*S(hbond) + -6.0000*S(metal) + -3.0000*S(cho) )

Score = CHEMPLP - 1.0000*DE(clash) - 2.0000*DE(tors)


--------------------------------------------------------------------------------


--------------------------------------------------------------------------------
--- PLP analysis of protein-ligand interactions                              ---
--------------------------------------------------------------------------------
hydrogen bonding        :      -2.42
metal                   :       0.00
buried (polar-nonpolar) :      -4.27
nonpolar                :     -22.53
repulsive               :       3.10
--------------------------------------------------------------------------------


--------------------------------------------------------------------------------
--- ChemScore analysis of protein-ligand interactions                        ---
--------------------------------------------------------------------------------

* Hydrogen bonds                                                                
Ligand donor   10 hydrogen   23 Protein acceptor 2442 bond energy  1.00 wt 0.23


* CH..O interactions                                                            
  CH group selection                       : activated ring CH (adjacent to hetatom)

--------------------------------------------------------------------------------


--------------------------------------------------------------------------------
--- Intra-ligand clashes                                                     ---
--------------------------------------------------------------------------------

Ligand
  7 (C7   ) -   4 (C4   ):   1.44 (dist   2.71)
--------------------------------------------------------------------------------


--------------------------------------------------------------------------------
--- Chromosome decoded                                                       ---
--------------------------------------------------------------------------------
Ligand Torsions
[   6    2    1    3]   79.03
[  12    5    1    2] -176.51
Protein Torsions
[2465 2462 2458 2455]    3.22 
[2449 2444 2443 2440]  -47.45 
[1651 1646 1644 1641]  173.42 
Mapping
Ligand acceptors to protein hydrogens (mapping then atom ids)
Ligand hydrogens to protein acceptors (mapping then atom ids)
  2  10 [ 23->2442]
Ligand shape atoms to protein points (mapping then atom ids & coords)
  1  3254 [  5->( 49.500  33.000  32.000)]
  5  2436 [ 13->( 45.500  33.750  29.500)]
  6  2231 [ 14->( 44.500  33.000  31.500)]
  7  2114 [ 16->( 43.750  33.750  32.500)]
Chromosome values
Integers:
  -1   -1   -1   -1    9 3253   -1   -1   -1 2435 2230 2113 
--------------------------------------------------------------------------------


--------------------------------------------------------------------------------
--- Diverse Solutions Stats                                                  ---
--------------------------------------------------------------------------------
  Move attempts                            :  15588
  Move failures                            :      0
  Failure rate                             :   0.000

--------------------------------------------------------------------------------

Current Ranking  1

--------------------------------------------------------------------------------

* GA execution time :                                                           
  total  0.6279 user  0.4717 sys  0.1562

--------------------------------------------------------------------------------
Fitness function evaluations: 15597

--------------------------------------------------------------------------------
** Docking run number  2 **
--------------------------------------------------------------------------------
  Rank fitness base is 5000.00 ; increment is 11.2233

* Initialising population(s) ...                                                
Number of constraints mappings 0
Number of constraints 0
  Population no.                           :      1
  Population size                          :    100
  Number of duplicates                     :      0
  Number of niche violations               :      2
  Number of errors                         :      3


Doing GA, no. of population(s) 1 size 100 selection pressure 1.100000

 Operation      Fitness  S(hb_ext) S(vdw_ext)  S(hb_int)    S(int)      intcor
         0      28.93       0.16      21.31       0.00      -2.64      -0.76
        37      28.94       0.16      21.32       0.00      -2.64      -0.76
Reordering...
       120      26.51       1.02      19.06       0.00      -3.18      -0.76
Reordering...
       140      26.50       0.11      19.63       0.00      -2.64      -0.76
       143      26.50       1.02      19.06       0.00      -3.18      -0.76
Reordering...
       160      26.48       0.11      19.63       0.00      -2.64      -0.76
Reordering...
       180      25.97       1.00      18.72       0.00      -3.18      -0.76
       201      28.65       0.40      20.63       0.00      -0.48      -0.76
       255      28.36       0.39      20.43       0.00      -0.48      -0.76
       285      29.91       4.36      20.39       0.00      -9.22      -0.76
       833      29.88       4.39      19.22       0.00      -1.95      -0.76
       922      29.11       4.48      18.68       0.00      -1.95      -0.76
Reordering...
      1320      25.18       5.28      14.81       0.00      -0.56      -0.76
      1341      25.18       5.28      14.82       0.00      -0.56      -0.76
      1369      25.27       5.28      14.89       0.00      -0.56      -0.76
      1524      26.95       4.48      17.87       0.00      -2.10      -0.76
--------------------------------------------------------------------------------
Best docking solution after GA:
      2000      26.95       4.48      17.87       0.00      -2.10      -0.76

#ops:       2000 #mutates:   1023 #cross:      977 #dups:       350 
#niche:      983 #errors:       6 
--------------------------------------------------------------------------------

Doing AMOEBA simplex on best individual
Done simplexing #iterations 734, best score  30.08

Ligand is stored in gold_soln_ligand_prepared_m1_2.mol2


--------------------------------------------------------------------------------
--- GoldScore breakdown of terms                                             ---
--------------------------------------------------------------------------------
Fitness = S(hb_ext) + 1.3750*S(vdw_ext) + S(hb_int) + 1.0000*S(int)
S(int)  = S(vdw_int) + S(tors)

Internal terms are relative to best energy found (intcor).

--------------------------------------------------------------------------------


     Fitness  S(hb_ext) S(vdw_ext)  S(hb_int)    S(int)      intcor
     30.08       4.74      19.74       0.00      -1.80      -0.76

--------------------------------------------------------------------------------
--- GoldScore analysis of protein-ligand interactions                        ---
--------------------------------------------------------------------------------

  Ligand donor   10 hydrogen   23 Protein acceptor 2670 bond energy  6.00 wt 0.79

--------------------------------------------------------------------------------

--------------------------------------------------------------------------------
--- Rescoring solution                                                       ---
--------------------------------------------------------------------------------

     Score     S(PLP)   S(hbond)     S(cho)   S(metal)  DE(clash)   DE(tors)
     21.46     -20.70       1.00       0.00       0.00       1.66       0.29

Doing AMOEBA simplex on best individual
Done simplexing #iterations 503, best score  27.13

     Score     S(PLP)   S(hbond)     S(cho)   S(metal)  DE(clash)   DE(tors)
     27.13     -26.32       0.99       0.00       0.00       1.84       0.16

--------------------------------------------------------------------------------
--- CHEMPLP breakdown of terms                                               ---
--------------------------------------------------------------------------------
CHEMPLP = - ( 1.0000*S(PLP) + -3.0000*S(hbond) + -6.0000*S(metal) + -3.0000*S(cho) )

Score = CHEMPLP - 1.0000*DE(clash) - 2.0000*DE(tors)


--------------------------------------------------------------------------------


--------------------------------------------------------------------------------
--- PLP analysis of protein-ligand interactions                              ---
--------------------------------------------------------------------------------
hydrogen bonding        :      -1.00
metal                   :       0.00
buried (polar-nonpolar) :      -1.99
nonpolar                :     -24.37
repulsive               :       0.24
--------------------------------------------------------------------------------


--------------------------------------------------------------------------------
--- ChemScore analysis of protein-ligand interactions                        ---
--------------------------------------------------------------------------------

* Hydrogen bonds                                                                
Ligand donor   10 hydrogen   23 Protein acceptor 2670 bond energy  1.00 wt 0.99


* CH..O interactions                                                            
  CH group selection                       : activated ring CH (adjacent to hetatom)

--------------------------------------------------------------------------------


--------------------------------------------------------------------------------
--- Intra-ligand clashes                                                     ---
--------------------------------------------------------------------------------

Ligand
  6 (C6   ) -   3 (C3   ):   1.84 (dist   2.70)
--------------------------------------------------------------------------------


--------------------------------------------------------------------------------
--- Chromosome decoded                                                       ---
--------------------------------------------------------------------------------
Ligand Torsions
[   6    2    1    3]  -12.72
[  12    5    1    2]  173.17
Protein Torsions
[2465 2462 2458 2455]  -47.08 
[2449 2444 2443 2440]   19.43 
[1651 1646 1644 1641]  166.94 
Mapping
Ligand acceptors to protein hydrogens (mapping then atom ids)
Ligand hydrogens to protein acceptors (mapping then atom ids)
  2  15 [ 23->2670]
Ligand shape atoms to protein points (mapping then atom ids & coords)
  1   563 [  5->( 40.750  32.500  31.750)]
  3  2346 [  7->( 45.000  33.500  32.000)]
  7  2514 [ 16->( 46.000  33.750  30.000)]
Chromosome values
Integers:
  -1   -1   -1   -1   14  562   -1 2345   -1   -1   -1 2513 
--------------------------------------------------------------------------------


--------------------------------------------------------------------------------
--- Diverse Solutions Stats                                                  ---
--------------------------------------------------------------------------------
  Move attempts                            :  15108
  Move failures                            :      0
  Failure rate                             :   0.000

--------------------------------------------------------------------------------

Current Ranking  1  2

--------------------------------------------------------------------------------

* GA execution time :                                                           
  total  0.6294 user  0.4722 sys  0.1572

--------------------------------------------------------------------------------
Fitness function evaluations: 15115

--------------------------------------------------------------------------------
** Docking run number  3 **
--------------------------------------------------------------------------------
  Rank fitness base is 5000.00 ; increment is 11.2233

* Initialising population(s) ...                                                
Number of constraints mappings 0
Number of constraints 0
  Population no.                           :      1
  Population size                          :    100
  Number of duplicates                     :      0
  Number of niche violations               :      0


Doing GA, no. of population(s) 1 size 100 selection pressure 1.100000

 Operation      Fitness  S(hb_ext) S(vdw_ext)  S(hb_int)    S(int)      intcor
         0      25.82       0.63      18.52       0.00      -1.39      -0.76
        29      26.86       0.00      22.04       0.00     -16.86      -0.76
        54      28.79       0.66      22.55       0.00     -13.74      -0.76
       327      27.69       0.61      19.98       0.00      -1.39      -0.76
       833      24.61       4.89      14.56       0.00      -0.63      -0.76
Reordering...
       900      24.09       0.42      17.74       0.00      -1.39      -0.76
       950      24.07       4.89      14.20       0.00      -0.63      -0.76
Reordering...
       960      24.04       0.42      17.74       0.00      -1.39      -0.76
       968      27.76       0.23      20.28       0.00      -0.62      -0.76
      1037      28.22       0.18      20.66       0.00      -0.62      -0.76
--------------------------------------------------------------------------------
Best docking solution after GA:
      2000      27.92       0.14      20.66       0.00      -0.62      -0.76

#ops:       2000 #mutates:    996 #cross:     1004 #dups:       375 
#niche:      922 #errors:       8 
--------------------------------------------------------------------------------

Doing AMOEBA simplex on best individual
Done simplexing #iterations 611, best score  36.43

Ligand is stored in gold_soln_ligand_prepared_m1_3.mol2


--------------------------------------------------------------------------------
--- GoldScore breakdown of terms                                             ---
--------------------------------------------------------------------------------
Fitness = S(hb_ext) + 1.3750*S(vdw_ext) + S(hb_int) + 1.0000*S(int)
S(int)  = S(vdw_int) + S(tors)

Internal terms are relative to best energy found (intcor).

--------------------------------------------------------------------------------


     Fitness  S(hb_ext) S(vdw_ext)  S(hb_int)    S(int)      intcor
     36.43       0.07      26.94       0.00      -0.69      -0.76

--------------------------------------------------------------------------------
--- GoldScore analysis of protein-ligand interactions                        ---
--------------------------------------------------------------------------------

  Ligand donor   10 hydrogen   23 Protein acceptor 2442 bond energy  2.00 wt 0.04

--------------------------------------------------------------------------------

--------------------------------------------------------------------------------
--- Rescoring solution                                                       ---
--------------------------------------------------------------------------------

     Score     S(PLP)   S(hbond)     S(cho)   S(metal)  DE(clash)   DE(tors)
     13.03     -11.93       0.77       0.00       0.00       0.00       0.60

Doing AMOEBA simplex on best individual
Done simplexing #iterations 534, best score  28.54

     Score     S(PLP)   S(hbond)     S(cho)   S(metal)  DE(clash)   DE(tors)
     28.54     -29.56       0.00       0.00       0.00       0.00       0.51

--------------------------------------------------------------------------------
--- CHEMPLP breakdown of terms                                               ---
--------------------------------------------------------------------------------
CHEMPLP = - ( 1.0000*S(PLP) + -3.0000*S(hbond) + -6.0000*S(metal) + -3.0000*S(cho) )

Score = CHEMPLP - 1.0000*DE(clash) - 2.0000*DE(tors)


--------------------------------------------------------------------------------


--------------------------------------------------------------------------------
--- PLP analysis of protein-ligand interactions                              ---
--------------------------------------------------------------------------------
hydrogen bonding        :      -0.66
metal                   :       0.00
buried (polar-nonpolar) :      -5.92
nonpolar                :     -24.78
repulsive               :       1.76
--------------------------------------------------------------------------------


--------------------------------------------------------------------------------
--- ChemScore analysis of protein-ligand interactions                        ---
--------------------------------------------------------------------------------

* Hydrogen bonds                                                                


* CH..O interactions                                                            
  CH group selection                       : activated ring CH (adjacent to hetatom)

--------------------------------------------------------------------------------


--------------------------------------------------------------------------------
--- Intra-ligand clashes                                                     ---
--------------------------------------------------------------------------------

Ligand
--------------------------------------------------------------------------------


--------------------------------------------------------------------------------
--- Chromosome decoded                                                       ---
--------------------------------------------------------------------------------
Ligand Torsions
[   6    2    1    3]  104.06
[  12    5    1    2] -173.04
Protein Torsions
[2465 2462 2458 2455]   91.14 
[2449 2444 2443 2440]  120.42 
[1651 1646 1644 1641]  110.98 
Mapping
Ligand acceptors to protein hydrogens (mapping then atom ids)
Ligand hydrogens to protein acceptors (mapping then atom ids)
  1   4 [ 22->1717]
Ligand shape atoms to protein points (mapping then atom ids & coords)
  4  3302 [ 12->( 49.750  33.000  32.000)]
  5  2446 [ 13->( 45.500  34.000  29.500)]
  6  2411 [ 14->( 45.250  34.000  30.500)]
  7  2559 [ 16->( 46.250  34.000  29.250)]
Chromosome values
Integers:
  -1   -1   -1    3   -1   -1   -1   -1 3301 2445 2410 2558 
--------------------------------------------------------------------------------


--------------------------------------------------------------------------------
--- Diverse Solutions Stats                                                  ---
--------------------------------------------------------------------------------
  Move attempts                            :  15053
  Move failures                            :      0
  Failure rate                             :   0.000

--------------------------------------------------------------------------------

Current Ranking  3  1  2

--------------------------------------------------------------------------------

* GA execution time :                                                           
  total  0.6482 user  0.4879 sys  0.1603

--------------------------------------------------------------------------------
Fitness function evaluations: 15059

--------------------------------------------------------------------------------
** Docking run number  4 **
--------------------------------------------------------------------------------
  Rank fitness base is 5000.00 ; increment is 11.2233

* Initialising population(s) ...                                                
Number of constraints mappings 0
Number of constraints 0
  Population no.                           :      1
  Population size                          :    100
  Number of duplicates                     :      0
  Number of niche violations               :      0
  Number of errors                         :     33


Doing GA, no. of population(s) 1 size 100 selection pressure 1.100000

 Operation      Fitness  S(hb_ext) S(vdw_ext)  S(hb_int)    S(int)      intcor
         0      28.95       0.23      23.69       0.00     -19.26      -0.76
Reordering...
        20      28.90       0.51      22.42       0.00     -11.94      -0.76
       150      27.81       2.12      19.87       0.00      -6.97      -0.76
Reordering...
       300      24.86       2.90      16.56       0.00      -2.98      -0.76
       307      24.93       2.90      16.62       0.00      -2.98      -0.76
       380      24.30       2.89      16.22       0.00      -2.98      -0.76
Reordering...
       600      21.30       2.37      13.99       0.00      -0.82      -0.76
       761      27.50       2.34      18.96       0.00      -2.01      -0.76
       831      27.33       2.22      18.55       0.00      -0.82      -0.76
Reordering...
       960      26.61       2.04      18.69       0.00      -2.01      -0.76
Reordering...
       980      26.60       2.05      18.20       0.00      -0.82      -0.76
       988      26.71       2.04      18.78       0.00      -2.01      -0.76
      1414      25.60       1.39      18.40       0.00      -1.21      -0.76
      1639      25.85       2.21      17.24       0.00      -0.06      -0.76
--------------------------------------------------------------------------------
Best docking solution after GA:
      2000      25.85       2.21      17.24       0.00      -0.06      -0.76

#ops:       2000 #mutates:   1007 #cross:      993 #dups:       366 
#niche:      977 #errors:      13 
--------------------------------------------------------------------------------

Doing AMOEBA simplex on best individual
Done simplexing #iterations 661, best score  30.14

Ligand is stored in gold_soln_ligand_prepared_m1_4.mol2


--------------------------------------------------------------------------------
--- GoldScore breakdown of terms                                             ---
--------------------------------------------------------------------------------
Fitness = S(hb_ext) + 1.3750*S(vdw_ext) + S(hb_int) + 1.0000*S(int)
S(int)  = S(vdw_int) + S(tors)

Internal terms are relative to best energy found (intcor).

--------------------------------------------------------------------------------


     Fitness  S(hb_ext) S(vdw_ext)  S(hb_int)    S(int)      intcor
     30.14       1.97      20.54       0.00      -0.06      -0.76

--------------------------------------------------------------------------------
--- GoldScore analysis of protein-ligand interactions                        ---
--------------------------------------------------------------------------------

  Ligand acceptor   11 Protein hydrogen 2672 donor 2664 bond energy  2.00 wt 0.29
  Ligand donor   10 hydrogen   23 Protein acceptor 2670 bond energy  6.00 wt 0.23

--------------------------------------------------------------------------------

--------------------------------------------------------------------------------
--- Rescoring solution                                                       ---
--------------------------------------------------------------------------------

     Score     S(PLP)   S(hbond)     S(cho)   S(metal)  DE(clash)   DE(tors)
     10.94     -10.89       0.03       0.00       0.00       0.00       0.02

Doing AMOEBA simplex on best individual
Done simplexing #iterations 608, best score  29.41

     Score     S(PLP)   S(hbond)     S(cho)   S(metal)  DE(clash)   DE(tors)
     29.41     -26.51       1.00       0.00       0.00       0.00       0.05

--------------------------------------------------------------------------------
--- CHEMPLP breakdown of terms                                               ---
--------------------------------------------------------------------------------
CHEMPLP = - ( 1.0000*S(PLP) + -3.0000*S(hbond) + -6.0000*S(metal) + -3.0000*S(cho) )

Score = CHEMPLP - 1.0000*DE(clash) - 2.0000*DE(tors)


--------------------------------------------------------------------------------


--------------------------------------------------------------------------------
--- PLP analysis of protein-ligand interactions                              ---
--------------------------------------------------------------------------------
hydrogen bonding        :      -1.24
metal                   :       0.00
buried (polar-nonpolar) :      -1.27
nonpolar                :     -25.26
repulsive               :       0.30
--------------------------------------------------------------------------------


--------------------------------------------------------------------------------
--- ChemScore analysis of protein-ligand interactions                        ---
--------------------------------------------------------------------------------

* Hydrogen bonds                                                                
Ligand donor   10 hydrogen   23 Protein acceptor 2670 bond energy  1.00 wt 1.00


* CH..O interactions                                                            
  CH group selection                       : activated ring CH (adjacent to hetatom)

--------------------------------------------------------------------------------


--------------------------------------------------------------------------------
--- Intra-ligand clashes                                                     ---
--------------------------------------------------------------------------------

Ligand
--------------------------------------------------------------------------------


--------------------------------------------------------------------------------
--- Chromosome decoded                                                       ---
--------------------------------------------------------------------------------
Ligand Torsions
[   6    2    1    3]  -50.17
[  12    5    1    2]  174.40
Protein Torsions
[2465 2462 2458 2455]  -89.71 
[2449 2444 2443 2440]   33.92 
[1651 1646 1644 1641]  -20.42 
Mapping
Ligand acceptors to protein hydrogens (mapping then atom ids)
Ligand hydrogens to protein acceptors (mapping then atom ids)
  2  15 [ 23->2670]
Ligand shape atoms to protein points (mapping then atom ids & coords)
  2  2189 [  6->( 44.250  33.000  32.000)]
  5  1932 [ 13->( 43.000  33.750  31.750)]
  6  2007 [ 14->( 43.250  33.750  32.250)]
  7  2163 [ 16->( 44.000  33.750  32.000)]
Chromosome values
Integers:
  -1   -1   -1   -1   14   -1 2188   -1   -1 1931 2006 2162 
--------------------------------------------------------------------------------


--------------------------------------------------------------------------------
--- Diverse Solutions Stats                                                  ---
--------------------------------------------------------------------------------
  Move attempts                            :  15207
  Move failures                            :     38
  Failure rate                             :   0.002

--------------------------------------------------------------------------------

Current Ranking  3  1  4  2

--------------------------------------------------------------------------------

* GA execution time :                                                           
  total  0.6608 user  0.5441 sys  0.1167

--------------------------------------------------------------------------------
Fitness function evaluations: 15213

--------------------------------------------------------------------------------
** Docking run number  5 **
--------------------------------------------------------------------------------
  Rank fitness base is 5000.00 ; increment is 11.2233

* Initialising population(s) ...                                                
Number of constraints mappings 0
Number of constraints 0
  Population no.                           :      1
  Population size                          :    100
  Number of duplicates                     :      0
  Number of niche violations               :      0
  Number of errors                         :     51


Doing GA, no. of population(s) 1 size 100 selection pressure 1.100000

 Operation      Fitness  S(hb_ext) S(vdw_ext)  S(hb_int)    S(int)      intcor
         0      24.35       0.63      17.45       0.00      -1.37      -0.76
        26      28.64       0.58      20.75       0.00      -2.28      -0.76
       476      25.29       0.51      18.56       0.00      -2.28      -0.76
       796      22.73       0.44      16.97       0.00      -2.28      -0.76
Reordering...
      1300      20.04       2.35      13.59       0.00      -1.24      -0.76
      1310      20.08       0.82      14.08       0.00      -0.13      -0.76
      1466      20.47       0.15      15.55       0.00      -1.10      -0.76
      1479      21.89       1.43      16.56       0.00      -2.41      -0.76
      1538      21.79       1.42      16.56       0.00      -2.41      -0.76
      1541      21.81       1.42      16.58       0.00      -2.41      -0.76
      1552      21.81       1.42      16.58       0.00      -2.41      -0.76
      1579      22.31       1.47      16.84       0.00      -2.31      -0.76
      1953      22.37       0.73      16.56       0.00      -1.13      -0.76
--------------------------------------------------------------------------------
Best docking solution after GA:
      2000      22.37       0.73      16.56       0.00      -1.13      -0.76

#ops:       2000 #mutates:    996 #cross:     1004 #dups:       373 
#niche:      983 #errors:      64 
--------------------------------------------------------------------------------

Doing AMOEBA simplex on best individual
Done simplexing #iterations 575, best score  25.45

Ligand is stored in gold_soln_ligand_prepared_m1_5.mol2


--------------------------------------------------------------------------------
--- GoldScore breakdown of terms                                             ---
--------------------------------------------------------------------------------
Fitness = S(hb_ext) + 1.3750*S(vdw_ext) + S(hb_int) + 1.0000*S(int)
S(int)  = S(vdw_int) + S(tors)

Internal terms are relative to best energy found (intcor).

--------------------------------------------------------------------------------


     Fitness  S(hb_ext) S(vdw_ext)  S(hb_int)    S(int)      intcor
     25.45       1.11      18.56       0.00      -1.18      -0.76

--------------------------------------------------------------------------------
--- GoldScore analysis of protein-ligand interactions                        ---
--------------------------------------------------------------------------------

  Ligand acceptor   11 Protein hydrogen 1698 donor 1690 bond energy  2.00 wt 0.55

--------------------------------------------------------------------------------

--------------------------------------------------------------------------------
--- Rescoring solution                                                       ---
--------------------------------------------------------------------------------

     Score     S(PLP)   S(hbond)     S(cho)   S(metal)  DE(clash)   DE(tors)
     12.74     -13.19       0.47       0.00       0.00       0.09       0.88

Doing AMOEBA simplex on best individual
Done simplexing #iterations 488, best score  24.57

     Score     S(PLP)   S(hbond)     S(cho)   S(metal)  DE(clash)   DE(tors)
     24.57     -23.31       1.00       0.00       0.00       0.00       0.87

--------------------------------------------------------------------------------
--- CHEMPLP breakdown of terms                                               ---
--------------------------------------------------------------------------------
CHEMPLP = - ( 1.0000*S(PLP) + -3.0000*S(hbond) + -6.0000*S(metal) + -3.0000*S(cho) )

Score = CHEMPLP - 1.0000*DE(clash) - 2.0000*DE(tors)


--------------------------------------------------------------------------------


--------------------------------------------------------------------------------
--- PLP analysis of protein-ligand interactions                              ---
--------------------------------------------------------------------------------
hydrogen bonding        :      -1.00
metal                   :       0.00
buried (polar-nonpolar) :      -2.46
nonpolar                :     -20.45
repulsive               :       0.20
--------------------------------------------------------------------------------


--------------------------------------------------------------------------------
--- ChemScore analysis of protein-ligand interactions                        ---
--------------------------------------------------------------------------------

* Hydrogen bonds                                                                
Protein donor 1690 hydrogen 1698 Ligand acceptor   11 bond energy  1.00 wt 1.00


* CH..O interactions                                                            
  CH group selection                       : activated ring CH (adjacent to hetatom)

--------------------------------------------------------------------------------


--------------------------------------------------------------------------------
--- Intra-ligand clashes                                                     ---
--------------------------------------------------------------------------------

Ligand
--------------------------------------------------------------------------------


--------------------------------------------------------------------------------
--- Chromosome decoded                                                       ---
--------------------------------------------------------------------------------
Ligand Torsions
[   6    2    1    3]  161.48
[  12    5    1    2]  173.54
Protein Torsions
[2465 2462 2458 2455] -126.66 
[2449 2444 2443 2440]  -68.50 
[1651 1646 1644 1641]  -27.44 
Mapping
Ligand acceptors to protein hydrogens (mapping then atom ids)
  2   1 [ 11->1698]
Ligand hydrogens to protein acceptors (mapping then atom ids)
Ligand shape atoms to protein points (mapping then atom ids & coords)
  1  2813 [  5->( 48.000  33.250  33.000)]
  2  1715 [  6->( 42.500  32.750  32.250)]
  3  2131 [  7->( 44.000  32.750  31.250)]
  5  1831 [ 13->( 42.750  33.250  32.750)]
  6  1413 [ 14->( 42.000  32.250  30.250)]
  7   225 [ 16->( 40.250  32.500  31.250)]
Chromosome values
Integers:
  -1    0   -1   -1   -1 2812 1714 2130   -1 1830 1412  224 
--------------------------------------------------------------------------------


--------------------------------------------------------------------------------
--- Diverse Solutions Stats                                                  ---
--------------------------------------------------------------------------------
  Move attempts                            :  15029
  Move failures                            :    112
  Failure rate                             :   0.007

--------------------------------------------------------------------------------

Current Ranking  3  1  4  2  5

--------------------------------------------------------------------------------

* GA execution time :                                                           
  total  0.7436 user  0.6386 sys  0.1050

--------------------------------------------------------------------------------
Fitness function evaluations: 15030

--------------------------------------------------------------------------------
** Docking run number  6 **
--------------------------------------------------------------------------------
  Rank fitness base is 5000.00 ; increment is 11.2233

* Initialising population(s) ...                                                
Number of constraints mappings 0
Number of constraints 0
  Population no.                           :      1
  Population size                          :    100
  Number of duplicates                     :      0
  Number of niche violations               :      0
  Number of errors                         :     40


Doing GA, no. of population(s) 1 size 100 selection pressure 1.100000

 Operation      Fitness  S(hb_ext) S(vdw_ext)  S(hb_int)    S(int)      intcor
         0      30.36       0.78      22.16       0.00      -4.45      -0.76
        10      30.40       4.53      21.30       0.00     -17.09      -0.76
Reordering...
        20      30.34       0.78      22.16       0.00      -4.45      -0.76
       340      26.49       5.12      17.54       0.00      -9.54      -0.76
       377      29.51       5.59      19.74       0.00     -10.95      -0.76
       434      29.22       5.56      19.71       0.00     -10.95      -0.76
       734      30.06       5.15      21.14       0.00      -9.60      -0.76
       821      29.80       5.14      21.35       0.00      -9.76      -0.76
      1171      27.76       5.13      21.68       0.00     -10.35      -0.76
Reordering...
      1240      27.12       5.14      21.35       0.00      -9.76      -0.76
Reordering...
      1260      27.03       3.56      17.76       0.00      -1.23      -0.76
      1271      27.82       4.28      22.61       0.00      -9.76      -0.76
      1276      31.15       4.35      22.21       0.00      -4.84      -0.76
--------------------------------------------------------------------------------
Best docking solution after GA:
      2000      29.96       4.26      22.21       0.00      -4.84      -0.76

#ops:       2000 #mutates:    970 #cross:     1030 #dups:       412 
#niche:     1019 #errors:      29 
--------------------------------------------------------------------------------

Doing AMOEBA simplex on best individual
Done simplexing #iterations 603, best score  33.26

Ligand is stored in gold_soln_ligand_prepared_m1_6.mol2


--------------------------------------------------------------------------------
--- GoldScore breakdown of terms                                             ---
--------------------------------------------------------------------------------
Fitness = S(hb_ext) + 1.3750*S(vdw_ext) + S(hb_int) + 1.0000*S(int)
S(int)  = S(vdw_int) + S(tors)

Internal terms are relative to best energy found (intcor).

--------------------------------------------------------------------------------


     Fitness  S(hb_ext) S(vdw_ext)  S(hb_int)    S(int)      intcor
     33.26       5.47      23.01       0.00      -3.84      -0.76

--------------------------------------------------------------------------------
--- GoldScore analysis of protein-ligand interactions                        ---
--------------------------------------------------------------------------------

  Ligand donor    8 hydrogen   22 Protein acceptor 2670 bond energy  6.00 wt 0.91

--------------------------------------------------------------------------------

--------------------------------------------------------------------------------
--- Rescoring solution                                                       ---
--------------------------------------------------------------------------------

     Score     S(PLP)   S(hbond)     S(cho)   S(metal)  DE(clash)   DE(tors)
     27.23     -27.35       0.68       0.00       0.00       2.05       0.06

Doing AMOEBA simplex on best individual
Done simplexing #iterations 836, best score  36.84

     Score     S(PLP)   S(hbond)     S(cho)   S(metal)  DE(clash)   DE(tors)
     36.84     -36.54       1.00       0.00       0.00       0.99       0.86

--------------------------------------------------------------------------------
--- CHEMPLP breakdown of terms                                               ---
--------------------------------------------------------------------------------
CHEMPLP = - ( 1.0000*S(PLP) + -3.0000*S(hbond) + -6.0000*S(metal) + -3.0000*S(cho) )

Score = CHEMPLP - 1.0000*DE(clash) - 2.0000*DE(tors)


--------------------------------------------------------------------------------


--------------------------------------------------------------------------------
--- PLP analysis of protein-ligand interactions                              ---
--------------------------------------------------------------------------------
hydrogen bonding        :      -1.00
metal                   :       0.00
buried (polar-nonpolar) :      -3.31
nonpolar                :     -32.59
repulsive               :       0.22
--------------------------------------------------------------------------------


--------------------------------------------------------------------------------
--- ChemScore analysis of protein-ligand interactions                        ---
--------------------------------------------------------------------------------

* Hydrogen bonds                                                                
Ligand donor    8 hydrogen   22 Protein acceptor 2670 bond energy  1.00 wt 1.00


* CH..O interactions                                                            
  CH group selection                       : activated ring CH (adjacent to hetatom)

--------------------------------------------------------------------------------


--------------------------------------------------------------------------------
--- Intra-ligand clashes                                                     ---
--------------------------------------------------------------------------------

Ligand
  6 (C6   ) -   3 (C3   ):   0.99 (dist   2.72)
--------------------------------------------------------------------------------


--------------------------------------------------------------------------------
--- Chromosome decoded                                                       ---
--------------------------------------------------------------------------------
Ligand Torsions
[   6    2    1    3]   -2.79
[  12    5    1    2] -171.63
Protein Torsions
[2465 2462 2458 2455]  -70.20 
[2449 2444 2443 2440]   58.98 
[1651 1646 1644 1641] -175.42 
Mapping
Ligand acceptors to protein hydrogens (mapping then atom ids)
Ligand hydrogens to protein acceptors (mapping then atom ids)
  1  15 [ 22->2670]
Ligand shape atoms to protein points (mapping then atom ids & coords)
  1  1406 [  5->( 42.000  32.000  32.250)]
  4  2181 [ 12->( 44.250  32.750  31.500)]
  6   397 [ 14->( 40.500  33.000  30.250)]
Chromosome values
Integers:
  -1   -1   -1   14   -1 1405   -1   -1 2180   -1  396   -1 
--------------------------------------------------------------------------------


--------------------------------------------------------------------------------
--- Diverse Solutions Stats                                                  ---
--------------------------------------------------------------------------------
  Move attempts                            :  15482
  Move failures                            :     63
  Failure rate                             :   0.004

--------------------------------------------------------------------------------

Current Ranking  3  6  1  4  2  5

--------------------------------------------------------------------------------

* GA execution time :                                                           
  total  0.6900 user  0.5918 sys  0.0982

--------------------------------------------------------------------------------
Fitness function evaluations: 15488

--------------------------------------------------------------------------------
** Docking run number  7 **
--------------------------------------------------------------------------------
  Rank fitness base is 5000.00 ; increment is 11.2233

* Initialising population(s) ...                                                
Number of constraints mappings 0
Number of constraints 0
  Population no.                           :      1
  Population size                          :    100
  Number of duplicates                     :      0
  Number of niche violations               :      1
  Number of errors                         :     52


Doing GA, no. of population(s) 1 size 100 selection pressure 1.100000

 Operation      Fitness  S(hb_ext) S(vdw_ext)  S(hb_int)    S(int)      intcor
         0      27.05       0.85      19.73       0.00      -4.62      -0.76
Reordering...
        60      26.00       1.06      18.68       0.00      -3.48      -0.76
Reordering...
       340      24.18       2.46      15.94       0.00      -0.67      -0.76
       644      22.21       1.30      15.71       0.00      -1.74      -0.76
       748      21.95       1.39      16.07       0.00      -3.48      -0.76
       760      21.97       1.39      16.11       0.00      -3.48      -0.76
       966      20.94       1.48      14.86       0.00      -1.74      -0.76
      1343      19.40       5.96      11.10       0.00      -2.17      -0.76
      1360      20.01       1.41      14.62       0.00      -1.74      -0.76
Reordering...
      1440      19.20       5.96      11.10       0.00      -2.17      -0.76
      1602      19.07       5.96      11.11       0.00      -2.17      -0.76
      1826      20.29       6.00      11.01       0.00      -0.84      -0.76
      1875      20.56       1.85      14.64       0.00      -1.43      -0.76
--------------------------------------------------------------------------------
Best docking solution after GA:
      2000      20.56       1.85      14.64       0.00      -1.43      -0.76

#ops:       2000 #mutates:   1004 #cross:      996 #dups:       418 
#niche:     1019 #errors:      47 
--------------------------------------------------------------------------------

Doing AMOEBA simplex on best individual
Done simplexing #iterations 717, best score  25.83

Ligand is stored in gold_soln_ligand_prepared_m1_7.mol2


--------------------------------------------------------------------------------
--- GoldScore breakdown of terms                                             ---
--------------------------------------------------------------------------------
Fitness = S(hb_ext) + 1.3750*S(vdw_ext) + S(hb_int) + 1.0000*S(int)
S(int)  = S(vdw_int) + S(tors)

Internal terms are relative to best energy found (intcor).

--------------------------------------------------------------------------------


     Fitness  S(hb_ext) S(vdw_ext)  S(hb_int)    S(int)      intcor
     25.83       1.74      17.86       0.00      -0.47      -0.76

--------------------------------------------------------------------------------
--- GoldScore analysis of protein-ligand interactions                        ---
--------------------------------------------------------------------------------

  Ligand acceptor    9 Protein hydrogen 1698 donor 1690 bond energy  2.00 wt 0.02
  Ligand donor    8 hydrogen   22 Protein acceptor 1693 bond energy  2.00 wt 0.85

--------------------------------------------------------------------------------

--------------------------------------------------------------------------------
--- Rescoring solution                                                       ---
--------------------------------------------------------------------------------

     Score     S(PLP)   S(hbond)     S(cho)   S(metal)  DE(clash)   DE(tors)
     22.72     -21.46       1.00       0.00       0.00       0.00       0.87

Doing AMOEBA simplex on best individual
Done simplexing #iterations 587, best score  27.64

     Score     S(PLP)   S(hbond)     S(cho)   S(metal)  DE(clash)   DE(tors)
     27.64     -24.73       1.00       0.00       0.00       0.00       0.04

--------------------------------------------------------------------------------
--- CHEMPLP breakdown of terms                                               ---
--------------------------------------------------------------------------------
CHEMPLP = - ( 1.0000*S(PLP) + -3.0000*S(hbond) + -6.0000*S(metal) + -3.0000*S(cho) )

Score = CHEMPLP - 1.0000*DE(clash) - 2.0000*DE(tors)


--------------------------------------------------------------------------------


--------------------------------------------------------------------------------
--- PLP analysis of protein-ligand interactions                              ---
--------------------------------------------------------------------------------
hydrogen bonding        :      -1.00
metal                   :       0.00
buried (polar-nonpolar) :      -2.10
nonpolar                :     -21.63
repulsive               :       0.29
--------------------------------------------------------------------------------


--------------------------------------------------------------------------------
--- ChemScore analysis of protein-ligand interactions                        ---
--------------------------------------------------------------------------------

* Hydrogen bonds                                                                
Ligand donor    8 hydrogen   22 Protein acceptor 1693 bond energy  1.00 wt 1.00


* CH..O interactions                                                            
  CH group selection                       : activated ring CH (adjacent to hetatom)

--------------------------------------------------------------------------------


--------------------------------------------------------------------------------
--- Intra-ligand clashes                                                     ---
--------------------------------------------------------------------------------

Ligand
--------------------------------------------------------------------------------


--------------------------------------------------------------------------------
--- Chromosome decoded                                                       ---
--------------------------------------------------------------------------------
Ligand Torsions
[   6    2    1    3]  -41.22
[  12    5    1    2]  174.61
Protein Torsions
[2465 2462 2458 2455]  -69.08 
[2449 2444 2443 2440]   -9.40 
[1651 1646 1644 1641]  106.80 
Mapping
Ligand acceptors to protein hydrogens (mapping then atom ids)
Ligand hydrogens to protein acceptors (mapping then atom ids)
Ligand shape atoms to protein points (mapping then atom ids & coords)
  2  2346 [  6->( 45.000  33.500  32.000)]
  5  2009 [ 13->( 43.250  33.750  32.750)]
  6  1382 [ 14->( 42.000  31.750  30.000)]
  7  1735 [ 16->( 42.500  33.250  33.000)]
Chromosome values
Integers:
  -1   -1   -1   -1   -1   -1 2345   -1   -1 2008 1381 1734 
--------------------------------------------------------------------------------


--------------------------------------------------------------------------------
--- Diverse Solutions Stats                                                  ---
--------------------------------------------------------------------------------
  Move attempts                            :  15259
  Move failures                            :     94
  Failure rate                             :   0.006

--------------------------------------------------------------------------------

Current Ranking  3  6  1  4  2  7  5

--------------------------------------------------------------------------------

* GA execution time :                                                           
  total  0.6942 user  0.6396 sys  0.0546

--------------------------------------------------------------------------------
Fitness function evaluations: 15263

--------------------------------------------------------------------------------
** Docking run number  8 **
--------------------------------------------------------------------------------
  Rank fitness base is 5000.00 ; increment is 11.2233

* Initialising population(s) ...                                                
Number of constraints mappings 0
Number of constraints 0
  Population no.                           :      1
  Population size                          :    100
  Number of duplicates                     :      0
  Number of niche violations               :      1
  Number of errors                         :     26


Doing GA, no. of population(s) 1 size 100 selection pressure 1.100000

 Operation      Fitness  S(hb_ext) S(vdw_ext)  S(hb_int)    S(int)      intcor
         0      31.41       1.49      22.34       0.00      -3.97      -0.76
       205      31.41       1.49      22.13       0.00      -2.05      -0.76
Reordering...
       480      25.82       5.69      14.84       0.00      -0.86      -0.76
       546      25.72       5.69      14.79       0.00      -0.86      -0.76
       564      25.81       5.69      14.86       0.00      -0.86      -0.76
Reordering...
      1500      21.63       3.58      15.07       0.00      -2.68      -0.76
      1683      22.71       5.84      13.35       0.00      -1.49      -0.76
      1811      22.98       4.76      14.33       0.00      -1.49      -0.76
      1942      23.14       4.84      14.09       0.00      -1.08      -0.76
      1988      23.17       4.91      14.47       0.00      -1.64      -0.76
--------------------------------------------------------------------------------
Best docking solution after GA:
      2000      23.17       4.91      14.47       0.00      -1.64      -0.76

#ops:       2000 #mutates:   1032 #cross:      968 #dups:       372 
#niche:      951 #errors:      27 
--------------------------------------------------------------------------------

Doing AMOEBA simplex on best individual
Done simplexing #iterations 597, best score  25.40

Ligand is stored in gold_soln_ligand_prepared_m1_8.mol2


--------------------------------------------------------------------------------
--- GoldScore breakdown of terms                                             ---
--------------------------------------------------------------------------------
Fitness = S(hb_ext) + 1.3750*S(vdw_ext) + S(hb_int) + 1.0000*S(int)
S(int)  = S(vdw_int) + S(tors)

Internal terms are relative to best energy found (intcor).

--------------------------------------------------------------------------------


     Fitness  S(hb_ext) S(vdw_ext)  S(hb_int)    S(int)      intcor
     25.40       6.00      15.15       0.00      -1.43      -0.76

--------------------------------------------------------------------------------
--- GoldScore analysis of protein-ligand interactions                        ---
--------------------------------------------------------------------------------

  Ligand donor    8 hydrogen   22 Protein acceptor 2670 bond energy  6.00 wt 1.00

--------------------------------------------------------------------------------

--------------------------------------------------------------------------------
--- Rescoring solution                                                       ---
--------------------------------------------------------------------------------

     Score     S(PLP)   S(hbond)     S(cho)   S(metal)  DE(clash)   DE(tors)
     18.08     -17.43       1.00       0.00       0.00       1.12       0.61

Doing AMOEBA simplex on best individual
Done simplexing #iterations 604, best score  21.37

     Score     S(PLP)   S(hbond)     S(cho)   S(metal)  DE(clash)   DE(tors)
     21.37     -20.46       0.99       0.00       0.00       0.11       0.98

--------------------------------------------------------------------------------
--- CHEMPLP breakdown of terms                                               ---
--------------------------------------------------------------------------------
CHEMPLP = - ( 1.0000*S(PLP) + -3.0000*S(hbond) + -6.0000*S(metal) + -3.0000*S(cho) )

Score = CHEMPLP - 1.0000*DE(clash) - 2.0000*DE(tors)


--------------------------------------------------------------------------------


--------------------------------------------------------------------------------
--- PLP analysis of protein-ligand interactions                              ---
--------------------------------------------------------------------------------
hydrogen bonding        :      -1.00
metal                   :       0.00
buried (polar-nonpolar) :      -0.75
nonpolar                :     -19.21
repulsive               :       0.26
--------------------------------------------------------------------------------


--------------------------------------------------------------------------------
--- ChemScore analysis of protein-ligand interactions                        ---
--------------------------------------------------------------------------------

* Hydrogen bonds                                                                
Ligand donor    8 hydrogen   22 Protein acceptor 2670 bond energy  1.00 wt 0.99


* CH..O interactions                                                            
  CH group selection                       : activated ring CH (adjacent to hetatom)

--------------------------------------------------------------------------------


--------------------------------------------------------------------------------
--- Intra-ligand clashes                                                     ---
--------------------------------------------------------------------------------

Ligand
  6 (C6   ) -   3 (C3   ):   0.11 (dist   2.75)
--------------------------------------------------------------------------------


--------------------------------------------------------------------------------
--- Chromosome decoded                                                       ---
--------------------------------------------------------------------------------
Ligand Torsions
[   6    2    1    3]  -16.96
[  12    5    1    2]  172.64
Protein Torsions
[2465 2462 2458 2455]  105.66 
[2449 2444 2443 2440]   71.81 
[1651 1646 1644 1641] -104.88 
Mapping
Ligand acceptors to protein hydrogens (mapping then atom ids)
Ligand hydrogens to protein acceptors (mapping then atom ids)
  1  15 [ 22->2670]
Ligand shape atoms to protein points (mapping then atom ids & coords)
  3  2446 [  7->( 45.500  34.000  29.500)]
  5  1743 [ 13->( 42.500  33.500  33.000)]
  6  2196 [ 14->( 44.250  33.250  32.000)]
  7  1756 [ 16->( 42.500  34.000  33.000)]
Chromosome values
Integers:
  -1   -1   -1   14   -1   -1   -1 2445   -1 1742 2195 1755 
--------------------------------------------------------------------------------


--------------------------------------------------------------------------------
--- Diverse Solutions Stats                                                  ---
--------------------------------------------------------------------------------
  Move attempts                            :  15061
  Move failures                            :     48
  Failure rate                             :   0.003

--------------------------------------------------------------------------------

Current Ranking  3  6  1  4  2  7  5  8

--------------------------------------------------------------------------------

* GA execution time :                                                           
  total  0.6535 user  0.6162 sys  0.0373

--------------------------------------------------------------------------------
Fitness function evaluations: 15066

--------------------------------------------------------------------------------
** Docking run number  9 **
--------------------------------------------------------------------------------
  Rank fitness base is 5000.00 ; increment is 11.2233

* Initialising population(s) ...                                                
Number of constraints mappings 0
Number of constraints 0
  Population no.                           :      1
  Population size                          :    100
  Number of duplicates                     :      0
  Number of niche violations               :      0
  Number of errors                         :     44


Doing GA, no. of population(s) 1 size 100 selection pressure 1.100000

 Operation      Fitness  S(hb_ext) S(vdw_ext)  S(hb_int)    S(int)      intcor
         0      30.24       1.20      22.96       0.00     -12.60      -0.76
       214      27.75       3.49      20.47       0.00     -15.71      -0.76
       420      24.54       1.75      17.12       0.00      -2.40      -0.76
       880      24.45       4.26      15.20       0.00      -1.40      -0.76
       886      24.88       4.26      15.21       0.00      -0.57      -0.76
      1317      23.03       4.12      14.08       0.00      -0.57      -0.76
      1456      21.90       3.37      14.43       0.00      -1.40      -0.76
      1544      23.68       0.23      17.63       0.00      -0.78      -0.76
      1792      24.88       5.35      14.63       0.00      -0.59      -0.76
--------------------------------------------------------------------------------
Best docking solution after GA:
      2000      24.88       5.35      14.63       0.00      -0.59      -0.76

#ops:       2000 #mutates:    962 #cross:     1038 #dups:       392 
#niche:      883 #errors:      45 
--------------------------------------------------------------------------------

Doing AMOEBA simplex on best individual
Done simplexing #iterations 645, best score  34.06

Ligand is stored in gold_soln_ligand_prepared_m1_9.mol2


--------------------------------------------------------------------------------
--- GoldScore breakdown of terms                                             ---
--------------------------------------------------------------------------------
Fitness = S(hb_ext) + 1.3750*S(vdw_ext) + S(hb_int) + 1.0000*S(int)
S(int)  = S(vdw_int) + S(tors)

Internal terms are relative to best energy found (intcor).

--------------------------------------------------------------------------------


     Fitness  S(hb_ext) S(vdw_ext)  S(hb_int)    S(int)      intcor
     34.06       4.37      21.90       0.00      -0.42      -0.76

--------------------------------------------------------------------------------
--- GoldScore analysis of protein-ligand interactions                        ---
--------------------------------------------------------------------------------

  Ligand donor   10 hydrogen   23 Protein acceptor 2671 bond energy  6.00 wt 0.73

--------------------------------------------------------------------------------

--------------------------------------------------------------------------------
--- Rescoring solution                                                       ---
--------------------------------------------------------------------------------

     Score     S(PLP)   S(hbond)     S(cho)   S(metal)  DE(clash)   DE(tors)
     20.48     -19.94       1.00       0.00       0.00       0.00       1.23

Doing AMOEBA simplex on best individual
Done simplexing #iterations 712, best score  30.36

     Score     S(PLP)   S(hbond)     S(cho)   S(metal)  DE(clash)   DE(tors)
     30.36     -28.70       1.00       0.00       0.00       0.00       0.67

--------------------------------------------------------------------------------
--- CHEMPLP breakdown of terms                                               ---
--------------------------------------------------------------------------------
CHEMPLP = - ( 1.0000*S(PLP) + -3.0000*S(hbond) + -6.0000*S(metal) + -3.0000*S(cho) )

Score = CHEMPLP - 1.0000*DE(clash) - 2.0000*DE(tors)


--------------------------------------------------------------------------------


--------------------------------------------------------------------------------
--- PLP analysis of protein-ligand interactions                              ---
--------------------------------------------------------------------------------
hydrogen bonding        :      -3.00
metal                   :       0.00
buried (polar-nonpolar) :      -1.70
nonpolar                :     -24.66
repulsive               :       0.41
--------------------------------------------------------------------------------


--------------------------------------------------------------------------------
--- ChemScore analysis of protein-ligand interactions                        ---
--------------------------------------------------------------------------------

* Hydrogen bonds                                                                
Ligand donor   10 hydrogen   23 Protein acceptor 2671 bond energy  1.00 wt 1.00


* CH..O interactions                                                            
  CH group selection                       : activated ring CH (adjacent to hetatom)

--------------------------------------------------------------------------------


--------------------------------------------------------------------------------
--- Intra-ligand clashes                                                     ---
--------------------------------------------------------------------------------

Ligand
--------------------------------------------------------------------------------


--------------------------------------------------------------------------------
--- Chromosome decoded                                                       ---
--------------------------------------------------------------------------------
Ligand Torsions
[   6    2    1    3]  -88.28
[  12    5    1    2] -166.15
Protein Torsions
[2465 2462 2458 2455]   71.59 
[2449 2444 2443 2440]   -0.93 
[1651 1646 1644 1641]  104.80 
Mapping
Ligand acceptors to protein hydrogens (mapping then atom ids)
Ligand hydrogens to protein acceptors (mapping then atom ids)
  2  16 [ 23->2671]
Ligand shape atoms to protein points (mapping then atom ids & coords)
  6  3086 [ 14->( 48.750  33.500  33.500)]
  7  3167 [ 16->( 49.000  33.750  33.750)]
Chromosome values
Integers:
  -1   -1   -1   -1   15   -1   -1   -1   -1   -1 3085 3166 
--------------------------------------------------------------------------------


--------------------------------------------------------------------------------
--- Diverse Solutions Stats                                                  ---
--------------------------------------------------------------------------------
  Move attempts                            :  15416
  Move failures                            :     76
  Failure rate                             :   0.005

--------------------------------------------------------------------------------

Current Ranking  3  9  6  1  4  2  7  5  8

--------------------------------------------------------------------------------

* GA execution time :                                                           
  total  0.6786 user  0.6290 sys  0.0495

--------------------------------------------------------------------------------
Fitness function evaluations: 15427

--------------------------------------------------------------------------------
** Docking run number 10 **
--------------------------------------------------------------------------------
  Rank fitness base is 5000.00 ; increment is 11.2233

* Initialising population(s) ...                                                
Number of constraints mappings 0
Number of constraints 0
  Population no.                           :      1
  Population size                          :    100
  Number of duplicates                     :      0
  Number of niche violations               :      1
  Number of errors                         :     52


Doing GA, no. of population(s) 1 size 100 selection pressure 1.100000

 Operation      Fitness  S(hb_ext) S(vdw_ext)  S(hb_int)    S(int)      intcor
         0      29.39       0.08      23.33       0.00     -13.84      -0.76
Reordering...
        60      27.56       0.32      20.66       0.00      -5.48      -0.76
       176      30.64       4.22      19.66       0.00      -2.57      -0.76
       212      30.32       4.55      19.58       0.00      -4.65      -0.76
       337      29.27       2.21      20.21       0.00      -2.57      -0.76
Reordering...
       600      25.54       3.76      16.20       0.00      -1.30      -0.76
       639      25.88       3.69      16.27       0.00      -0.47      -0.76
       654      26.75       3.22      17.60       0.00      -1.67      -0.76
Reordering...
       720      25.43       3.71      16.20       0.00      -1.30      -0.76
      1794      24.64       3.69      16.17       0.00      -1.28      -0.76
--------------------------------------------------------------------------------
Best docking solution after GA:
      2000      24.64       3.69      16.17       0.00      -1.28      -0.76

#ops:       2000 #mutates:    983 #cross:     1017 #dups:       372 
#niche:     1058 #errors:      17 
--------------------------------------------------------------------------------

Doing AMOEBA simplex on best individual
Done simplexing #iterations 529, best score  31.90

Ligand is stored in gold_soln_ligand_prepared_m1_10.mol2


--------------------------------------------------------------------------------
--- GoldScore breakdown of terms                                             ---
--------------------------------------------------------------------------------
Fitness = S(hb_ext) + 1.3750*S(vdw_ext) + S(hb_int) + 1.0000*S(int)
S(int)  = S(vdw_int) + S(tors)

Internal terms are relative to best energy found (intcor).

--------------------------------------------------------------------------------


     Fitness  S(hb_ext) S(vdw_ext)  S(hb_int)    S(int)      intcor
     31.90       4.13      20.96       0.00      -1.05      -0.76

--------------------------------------------------------------------------------
--- GoldScore analysis of protein-ligand interactions                        ---
--------------------------------------------------------------------------------

  Ligand acceptor   17 Protein hydrogen 2672 donor 2664 bond energy  2.00 wt 0.78
  Ligand acceptor   11 Protein hydrogen 1651 donor 1646 bond energy  2.00 wt 0.02
  Ligand donor    8 hydrogen   22 Protein acceptor 2670 bond energy  6.00 wt 0.42

--------------------------------------------------------------------------------

--------------------------------------------------------------------------------
--- Rescoring solution                                                       ---
--------------------------------------------------------------------------------

     Score     S(PLP)   S(hbond)     S(cho)   S(metal)  DE(clash)   DE(tors)
     24.07     -18.62       2.56       0.00       0.00       0.00       1.11

Doing AMOEBA simplex on best individual
Done simplexing #iterations 542, best score  36.51

     Score     S(PLP)   S(hbond)     S(cho)   S(metal)  DE(clash)   DE(tors)
     36.51     -30.35       2.75       0.00       0.00       0.10       1.00

--------------------------------------------------------------------------------
--- CHEMPLP breakdown of terms                                               ---
--------------------------------------------------------------------------------
CHEMPLP = - ( 1.0000*S(PLP) + -3.0000*S(hbond) + -6.0000*S(metal) + -3.0000*S(cho) )

Score = CHEMPLP - 1.0000*DE(clash) - 2.0000*DE(tors)


--------------------------------------------------------------------------------


--------------------------------------------------------------------------------
--- PLP analysis of protein-ligand interactions                              ---
--------------------------------------------------------------------------------
hydrogen bonding        :      -2.60
metal                   :       0.00
buried (polar-nonpolar) :      -5.05
nonpolar                :     -24.59
repulsive               :       0.27
--------------------------------------------------------------------------------


--------------------------------------------------------------------------------
--- ChemScore analysis of protein-ligand interactions                        ---
--------------------------------------------------------------------------------

* Hydrogen bonds                                                                
Ligand donor    8 hydrogen   22 Protein acceptor 2670 bond energy  1.00 wt 1.00
Protein donor 2664 hydrogen 2672 Ligand acceptor   17 bond energy  1.00 wt 1.00
Protein donor 1646 hydrogen 1651 Ligand acceptor   11 bond energy  1.00 wt 0.75


* CH..O interactions                                                            
  CH group selection                       : activated ring CH (adjacent to hetatom)

--------------------------------------------------------------------------------


--------------------------------------------------------------------------------
--- Intra-ligand clashes                                                     ---
--------------------------------------------------------------------------------

Ligand
  6 (C6   ) -   3 (C3   ):   0.10 (dist   2.75)
--------------------------------------------------------------------------------


--------------------------------------------------------------------------------
--- Chromosome decoded                                                       ---
--------------------------------------------------------------------------------
Ligand Torsions
[   6    2    1    3]  -23.58
[  12    5    1    2]  172.87
Protein Torsions
[2465 2462 2458 2455]  124.80 
[2449 2444 2443 2440] -101.64 
[1651 1646 1644 1641]  170.53 
Mapping
Ligand acceptors to protein hydrogens (mapping then atom ids)
Ligand hydrogens to protein acceptors (mapping then atom ids)
  1  15 [ 22->2670]
Ligand shape atoms to protein points (mapping then atom ids & coords)
  3  2231 [  7->( 44.500  33.000  31.500)]
  6  2577 [ 14->( 46.250  34.500  29.500)]
  7  2973 [ 16->( 48.500  33.000  32.500)]
Chromosome values
Integers:
  -1   -1   -1   14   -1   -1   -1 2230   -1   -1 2576 2972 
--------------------------------------------------------------------------------


--------------------------------------------------------------------------------
--- Diverse Solutions Stats                                                  ---
--------------------------------------------------------------------------------
  Move attempts                            :  15047
  Move failures                            :     65
  Failure rate                             :   0.004

--------------------------------------------------------------------------------

Current Ranking  3  9  6  1 10  4  2  7  5  8

--------------------------------------------------------------------------------

* GA execution time :                                                           
  total  0.6882 user  0.6218 sys  0.0663

--------------------------------------------------------------------------------
Fitness function evaluations: 15049

--------------------------------------------------------------------------------
--- Ranking analysis                                                         ---
--------------------------------------------------------------------------------


* Final ranked order of GA solutions:                                           
   3  9  6  1 10  4  2  7  5  8 

  _______________________________
  RMSD Matrix of RANKED solutions

        2    3    4    5    6    7    8    9   10  

   1 :  4.7  7.1  0.7  5.8  7.5  7.1  4.0  5.1  5.4
   2 :       7.4  4.5  5.6  6.6  6.5  5.8  6.7  4.9
   3 :            6.8  4.8  3.4  3.6  4.9  4.4  3.5
   4 :                 5.6  7.2  6.9  3.8  5.0  5.2
   5 :                      3.3  3.0  4.9  5.2  3.7
   6 :                           1.4  5.7  5.5  3.4
   7 :                                5.5  5.2  3.3
   8 :                                     2.5  4.3
   9 :                                          4.2

  Clustering method                        : complete linkage
  Structure ids in cluster table           : rank nos.
  Ordering of clusters and their members   : by rank (order if from rms_analysis)

  Distance | Clusters
   0.67    |  1  4 |  2 |  3 |  5 |  6 |  7 |  8 |  9 | 10 |
   1.35    |  1  4 |  2 |  3 |  5 |  6  7 |  8 |  9 | 10 |
   2.54    |  1  4 |  2 |  3 |  5 |  6  7 |  8  9 | 10 |
   3.31    |  1  4 |  2 |  3 |  5  6  7 |  8  9 | 10 |
   3.48    |  1  4 |  2 |  3 10 |  5  6  7 |  8  9 |
   4.73    |  1  2  4 |  3 10 |  5  6  7 |  8  9 |
   4.85    |  1  2  4 |  3  5  6  7 10 |  8  9 |
   5.72    |  1  2  4 |  3  5  6  7  8  9 10 |
   7.52    |  1  2  3  4  5  6  7  8  9 10 |
  Finished Docking Ligand                  : /mnt/c/Users/ricca/Desktop/Documents/1_Coding/1_Script_Github/Reverse_Docking_Explore_V3/2zaz/ligand_prepared.mol2
--------------------------------------------------------------------------------

  Relative_Ligand_Energy (best encountered) :  -0.759
  Relative_Ligand_Energy: fitness values have been corrected using this amount
