
--------------------------------------------------------------------------------
--- Ligand                                                                   ---
--------------------------------------------------------------------------------
  Ligand loaded from file                  : /mnt/c/Users/ricca/Desktop/Documents/1_Coding/1_Script_Github/Reverse_Docking_Explore_V3/7rmh_cavity/ligand_prepared.mol2
  Ligand name                              :  
  "CT1002167954                                                             "

--------------------------------------------------------------------------------
  N.plc donors                             : 
  none found

  Acidic nitrogen acceptors                : 
  none found
  Sulfur acceptors                         :
  none found


  Donor atoms                              :      2
  8   10  
  Acceptor atoms                           :      3
  9   11  17  

  Hydrogens                                :  (n = 2)
  22   23   

  Lone pairs added to molecule             :      6
  Numbering                                : from 30 to 35

--------------------------------------------------------------------------------
--- Postprocessing of typing                                                 ---
--------------------------------------------------------------------------------
  Fragment file                            : /home/hitesit/CCDC/Discovery_2022/GOLD/gold/rotatable_bond_override.mol2
  acylurea fragment                        : 2 matches
  Ligand bond 15-8  set to flip
  Ligand bond 15-10  set to flip
  Ligand bond 15-10  set to 1
  Ligand bond 15-8  set to 1
  Ligand bond 10-4  set to flip
  Ligand bond 8-3  set to flip
  thioacylthiourea fragment                : no matches
  acylthiourea fragment                    : no matches
  thioacylurea fragment                    : no matches
  diarylamine fragment >C.ar-NH-C.ar<      : no matches
  sec-amine (1) fragment                   : no matches
  sec-amine (2) fragment                   : no matches
  sec-amine (3) fragment                   : no matches
  carboxylic ester                         : no matches

* Rotatable bonds in /mnt/c/Users/ricca/D  :
  [   1    2] [   1    5] 
  No. of rotatable bonds                   :      2


* Reading torsional distributions from file:
  /home/hitesit/CCDC/Discovery_2022/GOLD/gold/gold.tordist
  No. of bins in torsional distributions   :     36
  Minimum size of largest peak             :      0
  Removing high energy torsions            : on
  Delta E set to                           :   2.500

* Fragments found in /mnt/c/Users/ricca/D  :
  atom   2: benzene
  atom   6: benzene
  atom   7: benzene
  atom  13: benzene
  atom  14: benzene
  atom  16: benzene


* Checking torsion distributions:                                               
  No. of matched torsions                  :      0

--------------------------------------------------------------------------------
--- Shape fitting atoms selection (hydrophobic atoms)                        ---
--------------------------------------------------------------------------------
  Molecule                                 : /mnt/c/Users/ricca/Desktop/Documents/1_Coding/1_Script_Github/Reverse_Docking_Explore_V3/7rmh_cavity/ligand_prepared.mol2
  Selection                                : carbons only
  Atom numbers                             :  (n = 7)
  5    6    7    12   13   14   16   

--------------------------------------------------------------------------------
--- Diverse Solutions Setup                                                  ---
--------------------------------------------------------------------------------
  Cluster size                             :      2
  RMSD                                     :   2.000
  Refinement                               :      0


--------------------------------------------------------------------------------
--- ChemScore ligand setup summary                                           ---
--------------------------------------------------------------------------------
  ChemScore ligand acceptors               :      3
  9 11 17 
  ChemScore ligand donors                  :      2
  8 ( 22  ) 10 ( 23  ) 
  ChemScore ligand CH donors               :      0
  

  ChemScore ligand lipophilic atoms        :  (n = 9)
  1    2    5    6    7    12   13   14   16   

  ChemScore ligand rotatable bonds         :      2
  1   (C1 ) - 2   (C2 ): SP3_SP2_BOND
  1   (C1 ) - 5   (C5 ): SP3_SP3_BOND

--------------------------------------------------------------------------------
--- PLP ligand setup summary                                                 ---
--------------------------------------------------------------------------------
    1    C1   C.3 NONPOLAR
    2    C2  C.ar NONPOLAR
    3    C3   C.2 NONPOLAR
    4    C4   C.2 NONPOLAR
    5    C5   C.3 NONPOLAR
    6    C6  C.ar NONPOLAR
    7    C7  C.ar NONPOLAR
    8    N8  N.am DONOR
    9    O9   O.2 ACCEPTOR
   10   N10  N.am DONOR
   11   O11   O.2 ACCEPTOR
   12   C12   C.3 NONPOLAR
   13   C13  C.ar NONPOLAR
   14   C14  C.ar NONPOLAR
   15   C15   C.2 NONPOLAR
   16   C16  C.ar NONPOLAR
   17   O17   O.2 ACCEPTOR

--------------------------------------------------------------------------------
--- Automatic parameter setting                                              ---
--------------------------------------------------------------------------------
  Contribution base                        :   2500
  Contribution per rotatable bond          :   6000
  Contribution per df                      :   4000
  Contribution per water                   :  10000
  Ligand rotatable bonds                   :      2
  Protein flexible side chain bonds        :      0
  Total rotatable bonds                    :      2
  Hydrophobic vol ratio (P/L)              :   1.000
  Base multiplier (polar)                  :   1.000
  Base multiplier (apolar)                 :   1.400
  Base contribution                        : 5000.000
  Fitting points                           :      5
  Estimated maxops needed (optimal)        :  17500
  Autoscale factor (in percent)            :     10
  Scaled maxops                            :   2000

--------------------------------------------------------------------------------

* Population settings                                                           
  maxops                                   :   2000
  popsiz                                   :    100
  select_pressure                          :   1.100
  n_islands                                :      1
  niche_siz                                :      2

* GA settings                                                                   
  pt_crosswt                               :    100
  allele_mutatewt                          :    100
  migratewt                                :      0

* Search settings                                                               
  start_vdw_linear_cutoff                  :   6.000
  initial_virtual_pt_match_max             :   3.000
  Scaling of internal VDW energy           : log scale from  0.2 to    1
                                             over 1500 ops
  Sampling interval (operations)           :     20
  Scaling of virtual pt maximum length     : linear scale from    3 to    2
                                             over  1500 ops
  Sampling interval (operations)           :     60
  Scaling of 4-8 potential cutoff          : log scale from    6 to 1.2e+02
                                             over 1500 ops
  Sampling interval (operations)           :     60

--------------------------------------------------------------------------------

* Ligand initialisation time :                                                  
  total  0.0155 user  0.0050 sys  0.0105

--------------------------------------------------------------------------------

--------------------------------------------------------------------------------
** Docking run number  1 **
--------------------------------------------------------------------------------
  Rank fitness base is 5000.00 ; increment is 11.2233

* Initialising population(s) ...                                                
Number of constraints mappings 0
Number of constraints 0
  Population no.                           :      1
  Population size                          :    100
  Number of duplicates                     :      0
  Number of niche violations               :      0
  Number of errors                         :   5483


Doing GA, no. of population(s) 1 size 100 selection pressure 1.100000

 Operation      Fitness  S(hb_ext) S(vdw_ext)  S(hb_int)    S(int)      intcor
         0      22.67       0.87      19.65       0.00     -26.07      -0.83
       173      23.70       0.79      19.34       0.00     -15.51      -0.83
       249      22.93       0.65      19.12       0.00     -15.51      -0.83
       478      21.28       0.72      18.65       0.00     -15.51      -0.83
Reordering...
       880      17.82       1.14      13.15       0.00      -2.72      -0.83
Reordering...
       900      17.54       0.39      18.40       0.00     -15.51      -0.83
Reordering...
       940      17.33       1.04      12.93       0.00      -2.72      -0.83
Reordering...
       960      16.96       0.35      18.40       0.00     -15.51      -0.83
Reordering...
       980      16.84       1.01      12.64       0.00      -2.72      -0.83
      1933      15.95       0.19      12.50       0.00      -1.43      -0.78
      1997      16.62       0.68      13.65       0.00      -2.83      -0.78
--------------------------------------------------------------------------------
Best docking solution after GA:
      2000      16.62       0.68      13.65       0.00      -2.83      -0.78

#ops:       2000 #mutates:   1003 #cross:      997 #dups:       601 
#niche:      983 #errors:     232 
--------------------------------------------------------------------------------

Doing AMOEBA simplex on best individual
Done simplexing #iterations 763, best score  27.88

Ligand is stored in gold_soln_ligand_prepared_m1_1.mol2


--------------------------------------------------------------------------------
--- GoldScore breakdown of terms                                             ---
--------------------------------------------------------------------------------
Fitness = S(hb_ext) + 1.3750*S(vdw_ext) + S(hb_int) + 1.0000*S(int)
S(int)  = S(vdw_int) + S(tors)

Internal terms are relative to best energy found (intcor).

--------------------------------------------------------------------------------


     Fitness  S(hb_ext) S(vdw_ext)  S(hb_int)    S(int)      intcor
     27.88       1.73      20.16       0.00      -1.56      -0.78

--------------------------------------------------------------------------------
--- GoldScore analysis of protein-ligand interactions                        ---
--------------------------------------------------------------------------------

  Ligand acceptor    9 Protein hydrogen 10351 donor 10339 bond energy  2.00 wt 0.02
  Ligand donor    8 hydrogen   22 Protein acceptor 10342 bond energy  2.00 wt 0.81
  Ligand donor   10 hydrogen   23 Protein acceptor 10418 bond energy  2.00 wt 0.03

--------------------------------------------------------------------------------

--------------------------------------------------------------------------------
--- Rescoring solution                                                       ---
--------------------------------------------------------------------------------

     Score     S(PLP)   S(hbond)     S(cho)   S(metal)  DE(clash)   DE(tors)
     -5.21       3.21       0.29       0.00       0.00       0.00       1.43

Doing AMOEBA simplex on best individual
Done simplexing #iterations 851, best score  19.94

     Score     S(PLP)   S(hbond)     S(cho)   S(metal)  DE(clash)   DE(tors)
     19.94     -19.86       0.96       0.00       0.00       0.00       1.40

--------------------------------------------------------------------------------
--- CHEMPLP breakdown of terms                                               ---
--------------------------------------------------------------------------------
CHEMPLP = - ( 1.0000*S(PLP) + -3.0000*S(hbond) + -6.0000*S(metal) + -3.0000*S(cho) )

Score = CHEMPLP - 1.0000*DE(clash) - 2.0000*DE(tors)


--------------------------------------------------------------------------------


--------------------------------------------------------------------------------
--- PLP analysis of protein-ligand interactions                              ---
--------------------------------------------------------------------------------
hydrogen bonding        :      -1.00
metal                   :       0.00
buried (polar-nonpolar) :      -4.82
nonpolar                :     -16.51
repulsive               :       2.02
--------------------------------------------------------------------------------


--------------------------------------------------------------------------------
--- ChemScore analysis of protein-ligand interactions                        ---
--------------------------------------------------------------------------------

* Hydrogen bonds                                                                
Ligand donor   10 hydrogen   23 Protein acceptor 10418 bond energy  1.00 wt 0.96


* CH..O interactions                                                            
  CH group selection                       : activated ring CH (adjacent to hetatom)

--------------------------------------------------------------------------------


--------------------------------------------------------------------------------
--- Intra-ligand clashes                                                     ---
--------------------------------------------------------------------------------

Ligand
--------------------------------------------------------------------------------


--------------------------------------------------------------------------------
--- Chromosome decoded                                                       ---
--------------------------------------------------------------------------------
Ligand Torsions
[   6    2    1    3]   71.74
[  12    5    1    2] -174.67
Protein Torsions
[10359 10350 10349 10347]  -24.08 
[10338 10331 10329 10326]  -86.46 
[10390 10381 10380 10378]  -55.02 
Mapping
Ligand acceptors to protein hydrogens (mapping then atom ids)
  1  14 [  9->10338]
Ligand hydrogens to protein acceptors (mapping then atom ids)
  1   1 [ 22->10342]
  2   6 [ 23->10418]
Ligand shape atoms to protein points (mapping then atom ids & coords)
Chromosome values
Integers:
  13   -1   -1    0    5   -1   -1   -1   -1   -1   -1   -1 
--------------------------------------------------------------------------------


--------------------------------------------------------------------------------
--- Diverse Solutions Stats                                                  ---
--------------------------------------------------------------------------------
  Move attempts                            :  15542
  Move failures                            :      0
  Failure rate                             :   0.000

--------------------------------------------------------------------------------

Current Ranking  1

--------------------------------------------------------------------------------

* GA execution time :                                                           
  total  0.3809 user  0.3715 sys  0.0094

--------------------------------------------------------------------------------
Fitness function evaluations: 21274

--------------------------------------------------------------------------------
** Docking run number  2 **
--------------------------------------------------------------------------------
  Rank fitness base is 5000.00 ; increment is 11.2233

* Initialising population(s) ...                                                
Number of constraints mappings 0
Number of constraints 0
  Population no.                           :      1
  Population size                          :    100
  Number of duplicates                     :      0
  Number of niche violations               :      0
  Number of errors                         :   5669


Doing GA, no. of population(s) 1 size 100 selection pressure 1.100000

 Operation      Fitness  S(hb_ext) S(vdw_ext)  S(hb_int)    S(int)      intcor
         0      29.93       8.12      19.11       0.00     -22.37      -0.78
Reordering...
       240      12.53       2.25       9.89       0.00     -12.80      -0.78
       419      10.55       1.42       8.27       0.00      -7.29      -0.78
       455      13.98       1.65       9.85       0.00      -3.81      -0.78
Reordering...
       720      10.85       3.84       8.99       0.00     -12.38      -0.78
Reordering...
       840       9.60       1.44       7.30       0.00      -3.81      -0.78
      1048      11.92       4.00       7.43       0.00      -3.77      -0.78
      1331      10.47       1.73       8.62       0.00      -3.77      -0.78
Reordering...
      1440       8.96       2.88       6.75       0.00      -3.42      -0.78
      1454       9.21       2.30       6.29       0.00      -1.85      -0.78
      1463      11.85       2.88       6.56       0.00      -0.05      -0.78
      1855      12.00       2.69       6.81       0.00      -0.05      -0.78
      1977      12.25       0.47      11.49       0.00      -4.02      -0.78
--------------------------------------------------------------------------------
Best docking solution after GA:
      2000      12.25       0.47      11.49       0.00      -4.02      -0.78

#ops:       2000 #mutates:   1002 #cross:      998 #dups:       676 
#niche:      943 #errors:     261 
--------------------------------------------------------------------------------

Doing AMOEBA simplex on best individual
Done simplexing #iterations 601, best score  22.48

Ligand is stored in gold_soln_ligand_prepared_m1_2.mol2


--------------------------------------------------------------------------------
--- GoldScore breakdown of terms                                             ---
--------------------------------------------------------------------------------
Fitness = S(hb_ext) + 1.3750*S(vdw_ext) + S(hb_int) + 1.0000*S(int)
S(int)  = S(vdw_int) + S(tors)

Internal terms are relative to best energy found (intcor).

--------------------------------------------------------------------------------


     Fitness  S(hb_ext) S(vdw_ext)  S(hb_int)    S(int)      intcor
     22.48       5.31      15.05       0.00      -3.52      -0.78

--------------------------------------------------------------------------------
--- GoldScore analysis of protein-ligand interactions                        ---
--------------------------------------------------------------------------------

  Ligand acceptor   17 Protein hydrogen 10338 donor 10331 bond energy  2.00 wt 0.12
  Ligand acceptor    9 Protein hydrogen 10414 donor 10401 bond energy  6.00 wt 0.85

--------------------------------------------------------------------------------

--------------------------------------------------------------------------------
--- Rescoring solution                                                       ---
--------------------------------------------------------------------------------

     Score     S(PLP)   S(hbond)     S(cho)   S(metal)  DE(clash)   DE(tors)
     -1.11       0.41       0.74       0.00       0.00       1.66       0.63

Doing AMOEBA simplex on best individual
Done simplexing #iterations 543, best score  22.83

     Score     S(PLP)   S(hbond)     S(cho)   S(metal)  DE(clash)   DE(tors)
     22.83     -19.74       1.94       0.00       0.00       1.96       0.38

--------------------------------------------------------------------------------
--- CHEMPLP breakdown of terms                                               ---
--------------------------------------------------------------------------------
CHEMPLP = - ( 1.0000*S(PLP) + -3.0000*S(hbond) + -6.0000*S(metal) + -3.0000*S(cho) )

Score = CHEMPLP - 1.0000*DE(clash) - 2.0000*DE(tors)


--------------------------------------------------------------------------------


--------------------------------------------------------------------------------
--- PLP analysis of protein-ligand interactions                              ---
--------------------------------------------------------------------------------
hydrogen bonding        :      -2.35
metal                   :       0.00
buried (polar-nonpolar) :      -4.12
nonpolar                :     -14.22
repulsive               :       0.20
--------------------------------------------------------------------------------


--------------------------------------------------------------------------------
--- ChemScore analysis of protein-ligand interactions                        ---
--------------------------------------------------------------------------------

* Hydrogen bonds                                                                
Protein donor 10398 hydrogen 10410 Ligand acceptor    9 bond energy  1.00 wt 1.00
Protein donor 10401 hydrogen 10414 Ligand acceptor    9 bond energy  1.00 wt 0.94


* CH..O interactions                                                            
  CH group selection                       : activated ring CH (adjacent to hetatom)

--------------------------------------------------------------------------------


--------------------------------------------------------------------------------
--- Intra-ligand clashes                                                     ---
--------------------------------------------------------------------------------

Ligand
  6 (C6   ) -   3 (C3   ):   1.96 (dist   2.70)
--------------------------------------------------------------------------------


--------------------------------------------------------------------------------
--- Chromosome decoded                                                       ---
--------------------------------------------------------------------------------
Ligand Torsions
[   6    2    1    3]  -13.37
[  12    5    1    2]   41.99
Protein Torsions
[10359 10350 10349 10347]  -92.40 
[10338 10331 10329 10326]  -63.28 
[10390 10381 10380 10378]   98.05 
Mapping
Ligand acceptors to protein hydrogens (mapping then atom ids)
  1  23 [  9->10414]
  3  14 [ 17->10338]
Ligand hydrogens to protein acceptors (mapping then atom ids)
  1  15 [ 22->10394]
Ligand shape atoms to protein points (mapping then atom ids & coords)
Chromosome values
Integers:
  22   -1   13   14   -1   -1   -1   -1   -1   -1   -1   -1 
--------------------------------------------------------------------------------


--------------------------------------------------------------------------------
--- Diverse Solutions Stats                                                  ---
--------------------------------------------------------------------------------
  Move attempts                            :  14829
  Move failures                            :      0
  Failure rate                             :   0.000

--------------------------------------------------------------------------------

Current Ranking  1  2

--------------------------------------------------------------------------------

* GA execution time :                                                           
  total  0.3811 user  0.3811 sys  0.0000

--------------------------------------------------------------------------------
Fitness function evaluations: 20776

--------------------------------------------------------------------------------
** Docking run number  3 **
--------------------------------------------------------------------------------
  Rank fitness base is 5000.00 ; increment is 11.2233

* Initialising population(s) ...                                                
Number of constraints mappings 0
Number of constraints 0
  Population no.                           :      1
  Population size                          :    100
  Number of duplicates                     :      0
  Number of niche violations               :      0
  Number of errors                         :   5371


Doing GA, no. of population(s) 1 size 100 selection pressure 1.100000

 Operation      Fitness  S(hb_ext) S(vdw_ext)  S(hb_int)    S(int)      intcor
         0      22.91       1.37      15.90       0.00      -1.61      -0.78
         9      24.28       7.10      13.63       0.00      -7.80      -0.78
        34      28.29       6.95      17.41       0.00     -12.72      -0.78
        69      31.44       8.00      17.85       0.00      -5.15      -0.78
       388       9.62       7.33       2.79       0.00      -5.15      -0.78
       402      13.49       2.31       8.93       0.00      -3.58      -0.78
       551      16.69       0.50      18.91       0.00     -27.49      -0.78
       716      17.45       0.44      12.83       0.00      -1.51      -0.78
      1114      14.79       0.25      11.29       0.00      -1.51      -0.78
      1562      10.76       0.06       8.84       0.00      -1.47      -0.78
      1714      10.80       0.06       8.88       0.00      -1.47      -0.78
      1748      10.81       0.06       8.88       0.00      -1.47      -0.78
      1976      10.81       0.06       8.89       0.00      -1.48      -0.78
--------------------------------------------------------------------------------
Best docking solution after GA:
      2000      10.81       0.06       8.89       0.00      -1.48      -0.78

#ops:       2000 #mutates:   1028 #cross:      972 #dups:       657 
#niche:     1038 #errors:     297 
--------------------------------------------------------------------------------

Doing AMOEBA simplex on best individual
Done simplexing #iterations 692, best score  27.48

Ligand is stored in gold_soln_ligand_prepared_m1_3.mol2


--------------------------------------------------------------------------------
--- GoldScore breakdown of terms                                             ---
--------------------------------------------------------------------------------
Fitness = S(hb_ext) + 1.3750*S(vdw_ext) + S(hb_int) + 1.0000*S(int)
S(int)  = S(vdw_int) + S(tors)

Internal terms are relative to best energy found (intcor).

--------------------------------------------------------------------------------


     Fitness  S(hb_ext) S(vdw_ext)  S(hb_int)    S(int)      intcor
     27.48       1.29      20.31       0.00      -1.74      -0.78

--------------------------------------------------------------------------------
--- GoldScore analysis of protein-ligand interactions                        ---
--------------------------------------------------------------------------------

  Ligand donor    8 hydrogen   22 Protein acceptor 10342 bond energy  2.00 wt 0.27
  Ligand donor   10 hydrogen   23 Protein acceptor 10418 bond energy  2.00 wt 0.37

--------------------------------------------------------------------------------

--------------------------------------------------------------------------------
--- Rescoring solution                                                       ---
--------------------------------------------------------------------------------

     Score     S(PLP)   S(hbond)     S(cho)   S(metal)  DE(clash)   DE(tors)
     -5.75       3.31       0.00       0.00       0.00       0.96       0.74

Doing AMOEBA simplex on best individual
Done simplexing #iterations 711, best score  21.40

     Score     S(PLP)   S(hbond)     S(cho)   S(metal)  DE(clash)   DE(tors)
     21.40     -20.93       0.98       0.00       0.00       1.18       0.64

--------------------------------------------------------------------------------
--- CHEMPLP breakdown of terms                                               ---
--------------------------------------------------------------------------------
CHEMPLP = - ( 1.0000*S(PLP) + -3.0000*S(hbond) + -6.0000*S(metal) + -3.0000*S(cho) )

Score = CHEMPLP - 1.0000*DE(clash) - 2.0000*DE(tors)


--------------------------------------------------------------------------------


--------------------------------------------------------------------------------
--- PLP analysis of protein-ligand interactions                              ---
--------------------------------------------------------------------------------
hydrogen bonding        :      -1.00
metal                   :       0.00
buried (polar-nonpolar) :      -5.00
nonpolar                :     -18.17
repulsive               :       2.04
--------------------------------------------------------------------------------


--------------------------------------------------------------------------------
--- ChemScore analysis of protein-ligand interactions                        ---
--------------------------------------------------------------------------------

* Hydrogen bonds                                                                
Ligand donor   10 hydrogen   23 Protein acceptor 10418 bond energy  1.00 wt 0.98


* CH..O interactions                                                            
  CH group selection                       : activated ring CH (adjacent to hetatom)

--------------------------------------------------------------------------------


--------------------------------------------------------------------------------
--- Intra-ligand clashes                                                     ---
--------------------------------------------------------------------------------

Ligand
  6 (C6   ) -   4 (C4   ):   1.18 (dist   2.72)
--------------------------------------------------------------------------------


--------------------------------------------------------------------------------
--- Chromosome decoded                                                       ---
--------------------------------------------------------------------------------
Ligand Torsions
[   6    2    1    3] -105.89
[  12    5    1    2] -172.45
Protein Torsions
[10359 10350 10349 10347]  -74.12 
[10338 10331 10329 10326]  -68.95 
[10390 10381 10380 10378]  -86.82 
Mapping
Ligand acceptors to protein hydrogens (mapping then atom ids)
  3  18 [ 17->10402]
Ligand hydrogens to protein acceptors (mapping then atom ids)
  1  11 [ 22->10331]
  2   6 [ 23->10418]
Ligand shape atoms to protein points (mapping then atom ids & coords)
Chromosome values
Integers:
  -1   -1   17   10    5   -1   -1   -1   -1   -1   -1   -1 
--------------------------------------------------------------------------------


--------------------------------------------------------------------------------
--- Diverse Solutions Stats                                                  ---
--------------------------------------------------------------------------------
  Move attempts                            :  15084
  Move failures                            :      0
  Failure rate                             :   0.000

--------------------------------------------------------------------------------

Current Ranking  1  3  2

--------------------------------------------------------------------------------

* GA execution time :                                                           
  total  0.3992 user  0.3634 sys  0.0358

--------------------------------------------------------------------------------
Fitness function evaluations: 20842

--------------------------------------------------------------------------------
** Docking run number  4 **
--------------------------------------------------------------------------------
  Rank fitness base is 5000.00 ; increment is 11.2233

* Initialising population(s) ...                                                
Number of constraints mappings 0
Number of constraints 0
  Population no.                           :      1
  Population size                          :    100
  Number of duplicates                     :      0
  Number of niche violations               :      0
  Number of errors                         :   5248


Doing GA, no. of population(s) 1 size 100 selection pressure 1.100000

 Operation      Fitness  S(hb_ext) S(vdw_ext)  S(hb_int)    S(int)      intcor
         0      20.88       4.31      14.29       0.00     -15.41      -0.78
Reordering...
        60      17.05       1.67      12.11       0.00      -5.97      -0.78
       159      15.68       1.71      11.12       0.00      -5.68      -0.78
       382      14.27       0.75      12.77       0.00     -13.45      -0.78
       397      16.00       0.75      12.26       0.00      -5.38      -0.78
       881      13.22       0.43      11.31       0.00      -5.38      -0.78
      1016      12.70       0.36      10.66       0.00      -3.95      -0.78
Reordering...
      1320       9.20       0.56       7.49       0.00      -2.01      -0.78
      1376       9.50       1.94       8.89       0.00      -5.42      -0.78
Reordering...
      1380       9.05       0.52       7.49       0.00      -2.01      -0.78
      1712       9.00       1.51      10.28       0.00      -6.65      -0.78
--------------------------------------------------------------------------------
Best docking solution after GA:
      2000       9.00       1.51      10.28       0.00      -6.65      -0.78

#ops:       2000 #mutates:    986 #cross:     1014 #dups:       608 
#niche:      903 #errors:     272 
--------------------------------------------------------------------------------

Doing AMOEBA simplex on best individual
Done simplexing #iterations 739, best score  17.45

Ligand is stored in gold_soln_ligand_prepared_m1_4.mol2


--------------------------------------------------------------------------------
--- GoldScore breakdown of terms                                             ---
--------------------------------------------------------------------------------
Fitness = S(hb_ext) + 1.3750*S(vdw_ext) + S(hb_int) + 1.0000*S(int)
S(int)  = S(vdw_int) + S(tors)

Internal terms are relative to best energy found (intcor).

--------------------------------------------------------------------------------


     Fitness  S(hb_ext) S(vdw_ext)  S(hb_int)    S(int)      intcor
     17.45       1.38      13.87       0.00      -3.01      -0.78

--------------------------------------------------------------------------------
--- GoldScore analysis of protein-ligand interactions                        ---
--------------------------------------------------------------------------------

  Ligand acceptor    9 Protein hydrogen 10410 donor 10398 bond energy  6.00 wt 0.23

--------------------------------------------------------------------------------

--------------------------------------------------------------------------------
--- Rescoring solution                                                       ---
--------------------------------------------------------------------------------

     Score     S(PLP)   S(hbond)     S(cho)   S(metal)  DE(clash)   DE(tors)
     12.94     -12.53       1.00       0.00       0.00       1.42       0.58

Doing AMOEBA simplex on best individual
Done simplexing #iterations 606, best score  21.73

     Score     S(PLP)   S(hbond)     S(cho)   S(metal)  DE(clash)   DE(tors)
     21.73     -20.42       1.00       0.00       0.00       1.25       0.22

--------------------------------------------------------------------------------
--- CHEMPLP breakdown of terms                                               ---
--------------------------------------------------------------------------------
CHEMPLP = - ( 1.0000*S(PLP) + -3.0000*S(hbond) + -6.0000*S(metal) + -3.0000*S(cho) )

Score = CHEMPLP - 1.0000*DE(clash) - 2.0000*DE(tors)


--------------------------------------------------------------------------------


--------------------------------------------------------------------------------
--- PLP analysis of protein-ligand interactions                              ---
--------------------------------------------------------------------------------
hydrogen bonding        :      -2.00
metal                   :       0.00
buried (polar-nonpolar) :      -3.72
nonpolar                :     -15.47
repulsive               :       0.33
--------------------------------------------------------------------------------


--------------------------------------------------------------------------------
--- ChemScore analysis of protein-ligand interactions                        ---
--------------------------------------------------------------------------------

* Hydrogen bonds                                                                
Protein donor 10398 hydrogen 10410 Ligand acceptor    9 bond energy  1.00 wt 1.00


* CH..O interactions                                                            
  CH group selection                       : activated ring CH (adjacent to hetatom)

--------------------------------------------------------------------------------


--------------------------------------------------------------------------------
--- Intra-ligand clashes                                                     ---
--------------------------------------------------------------------------------

Ligand
  7 (C7   ) -   4 (C4   ):   1.25 (dist   2.72)
 12 (C12  ) -  11 (O11  ):   1.25 (dist   2.75)
--------------------------------------------------------------------------------


--------------------------------------------------------------------------------
--- Chromosome decoded                                                       ---
--------------------------------------------------------------------------------
Ligand Torsions
[   6    2    1    3]   76.28
[  12    5    1    2]  -42.63
Protein Torsions
[10359 10350 10349 10347]    3.68 
[10338 10331 10329 10326]  -65.59 
[10390 10381 10380 10378]  106.15 
Mapping
Ligand acceptors to protein hydrogens (mapping then atom ids)
  1  19 [  9->10410]
  3  14 [ 17->10338]
Ligand hydrogens to protein acceptors (mapping then atom ids)
  1  15 [ 22->10394]
Ligand shape atoms to protein points (mapping then atom ids & coords)
Chromosome values
Integers:
  18   -1   13   14   -1   -1   -1   -1   -1   -1   -1   -1 
--------------------------------------------------------------------------------


--------------------------------------------------------------------------------
--- Diverse Solutions Stats                                                  ---
--------------------------------------------------------------------------------
  Move attempts                            :  15047
  Move failures                            :      4
  Failure rate                             :   0.000

--------------------------------------------------------------------------------

Current Ranking  1  3  2  4

--------------------------------------------------------------------------------

* GA execution time :                                                           
  total  0.3881 user  0.3795 sys  0.0086

--------------------------------------------------------------------------------
Fitness function evaluations: 20575

--------------------------------------------------------------------------------
** Docking run number  5 **
--------------------------------------------------------------------------------
  Rank fitness base is 5000.00 ; increment is 11.2233

* Initialising population(s) ...                                                
Number of constraints mappings 0
Number of constraints 0
  Population no.                           :      1
  Population size                          :    100
  Number of duplicates                     :      0
  Number of niche violations               :      0
  Number of errors                         :   5484


Doing GA, no. of population(s) 1 size 100 selection pressure 1.100000

 Operation      Fitness  S(hb_ext) S(vdw_ext)  S(hb_int)    S(int)      intcor
         0      26.02       2.43      18.98       0.00     -12.56      -0.78
        32      28.02       2.43      19.87       0.00      -8.48      -0.78
Reordering...
       180      20.94       2.01      16.74       0.00     -16.85      -0.78
       460      17.54       1.96      13.18       0.00      -7.75      -0.78
Reordering...
       780       5.80       0.68      10.05       0.00     -18.82      -0.78
       853       7.14       0.63      11.67       0.00     -19.38      -0.78
      1028      11.71       1.84       9.01       0.00      -4.22      -0.78
      1345       9.17       1.50       7.30       0.00      -2.82      -0.78
Reordering...
      1380       8.64       1.44       7.93       0.00      -4.22      -0.78
Reordering...
      1440       8.34       1.37       6.99       0.00      -2.82      -0.78
      1603      11.49       2.16       8.84       0.00      -2.82      -0.78
      1920      11.50       1.94       9.00       0.00      -2.82      -0.78
--------------------------------------------------------------------------------
Best docking solution after GA:
      2000      11.50       1.94       9.00       0.00      -2.82      -0.78

#ops:       2000 #mutates:    984 #cross:     1016 #dups:       607 
#niche:      977 #errors:     279 
--------------------------------------------------------------------------------

Doing AMOEBA simplex on best individual
Done simplexing #iterations 699, best score  17.71

Ligand is stored in gold_soln_ligand_prepared_m1_5.mol2


--------------------------------------------------------------------------------
--- GoldScore breakdown of terms                                             ---
--------------------------------------------------------------------------------
Fitness = S(hb_ext) + 1.3750*S(vdw_ext) + S(hb_int) + 1.0000*S(int)
S(int)  = S(vdw_int) + S(tors)

Internal terms are relative to best energy found (intcor).

--------------------------------------------------------------------------------


     Fitness  S(hb_ext) S(vdw_ext)  S(hb_int)    S(int)      intcor
     17.71       3.24      10.56       0.00      -0.05      -0.78

--------------------------------------------------------------------------------
--- GoldScore analysis of protein-ligand interactions                        ---
--------------------------------------------------------------------------------

  Ligand acceptor   11 Protein hydrogen 10338 donor 10331 bond energy  2.00 wt 0.04
  Ligand acceptor   17 Protein hydrogen 10410 donor 10398 bond energy  6.00 wt 0.51
  Ligand acceptor   17 Protein hydrogen 10414 donor 10401 bond energy  6.00 wt 0.01

--------------------------------------------------------------------------------

--------------------------------------------------------------------------------
--- Rescoring solution                                                       ---
--------------------------------------------------------------------------------

     Score     S(PLP)   S(hbond)     S(cho)   S(metal)  DE(clash)   DE(tors)
     19.59     -14.90       1.79       0.00       0.00       0.00       0.34

Doing AMOEBA simplex on best individual
Done simplexing #iterations 799, best score  25.17

     Score     S(PLP)   S(hbond)     S(cho)   S(metal)  DE(clash)   DE(tors)
     25.17     -17.12       2.80       0.00       0.00       0.00       0.18

--------------------------------------------------------------------------------
--- CHEMPLP breakdown of terms                                               ---
--------------------------------------------------------------------------------
CHEMPLP = - ( 1.0000*S(PLP) + -3.0000*S(hbond) + -6.0000*S(metal) + -3.0000*S(cho) )

Score = CHEMPLP - 1.0000*DE(clash) - 2.0000*DE(tors)


--------------------------------------------------------------------------------


--------------------------------------------------------------------------------
--- PLP analysis of protein-ligand interactions                              ---
--------------------------------------------------------------------------------
hydrogen bonding        :      -4.00
metal                   :       0.00
buried (polar-nonpolar) :      -2.65
nonpolar                :     -13.73
repulsive               :       0.70
--------------------------------------------------------------------------------


--------------------------------------------------------------------------------
--- ChemScore analysis of protein-ligand interactions                        ---
--------------------------------------------------------------------------------

* Hydrogen bonds                                                                
Protein donor 10331 hydrogen 10338 Ligand acceptor   11 bond energy  1.00 wt 0.84
Protein donor 10398 hydrogen 10410 Ligand acceptor   17 bond energy  1.00 wt 0.98
Protein donor 10401 hydrogen 10414 Ligand acceptor   17 bond energy  1.00 wt 0.98


* CH..O interactions                                                            
  CH group selection                       : activated ring CH (adjacent to hetatom)

--------------------------------------------------------------------------------


--------------------------------------------------------------------------------
--- Intra-ligand clashes                                                     ---
--------------------------------------------------------------------------------

Ligand
--------------------------------------------------------------------------------


--------------------------------------------------------------------------------
--- Chromosome decoded                                                       ---
--------------------------------------------------------------------------------
Ligand Torsions
[   6    2    1    3]  -56.27
[  12    5    1    2]  178.04
Protein Torsions
[10359 10350 10349 10347] -126.23 
[10338 10331 10329 10326]  -67.14 
[10390 10381 10380 10378]   66.55 
Mapping
Ligand acceptors to protein hydrogens (mapping then atom ids)
  2  14 [ 11->10338]
  3  23 [ 17->10414]
Ligand hydrogens to protein acceptors (mapping then atom ids)
  1   6 [ 22->10418]
Ligand shape atoms to protein points (mapping then atom ids & coords)
Chromosome values
Integers:
  -1   13   22    5   -1   -1   -1   -1   -1   -1   -1   -1 
--------------------------------------------------------------------------------


--------------------------------------------------------------------------------
--- Diverse Solutions Stats                                                  ---
--------------------------------------------------------------------------------
  Move attempts                            :  15376
  Move failures                            :     14
  Failure rate                             :   0.001

--------------------------------------------------------------------------------

Current Ranking  1  3  2  5  4

--------------------------------------------------------------------------------

* GA execution time :                                                           
  total  0.4056 user  0.3946 sys  0.0110

--------------------------------------------------------------------------------
Fitness function evaluations: 21136

--------------------------------------------------------------------------------
** Docking run number  6 **
--------------------------------------------------------------------------------
  Rank fitness base is 5000.00 ; increment is 11.2233

* Initialising population(s) ...                                                
Number of constraints mappings 0
Number of constraints 0
  Population no.                           :      1
  Population size                          :    100
  Number of duplicates                     :      0
  Number of niche violations               :      0
  Number of errors                         :   5180


Doing GA, no. of population(s) 1 size 100 selection pressure 1.100000

 Operation      Fitness  S(hb_ext) S(vdw_ext)  S(hb_int)    S(int)      intcor
         0      23.41       7.52      14.29       0.00     -18.81      -0.78
Reordering...
        60      19.74       4.73      11.54       0.00      -3.98      -0.78
       365      14.33       4.45       7.62       0.00      -2.04      -0.78
Reordering...
       600       8.69       1.40       7.53       0.00      -8.04      -0.78
       648       9.95       1.40       9.35       0.00     -10.84      -0.78
Reordering...
       820       7.10       1.47       6.31       0.00      -6.33      -0.78
      1000      11.22       0.36      10.59       0.00      -6.33      -0.78
      1307       7.51       0.20       9.03       0.00      -6.33      -0.78
      1542       7.52       0.65       5.99       0.00      -1.38      -0.78
      1956       7.83       0.10       8.10       0.00      -3.41      -0.78
      1994       8.22       0.10       8.23       0.00      -3.20      -0.78
--------------------------------------------------------------------------------
Best docking solution after GA:
      2000       8.22       0.10       8.23       0.00      -3.20      -0.78

#ops:       2000 #mutates:   1036 #cross:      964 #dups:       570 
#niche:      999 #errors:     260 
--------------------------------------------------------------------------------

Doing AMOEBA simplex on best individual
Done simplexing #iterations 764, best score  16.36

Ligand is stored in gold_soln_ligand_prepared_m1_6.mol2


--------------------------------------------------------------------------------
--- GoldScore breakdown of terms                                             ---
--------------------------------------------------------------------------------
Fitness = S(hb_ext) + 1.3750*S(vdw_ext) + S(hb_int) + 1.0000*S(int)
S(int)  = S(vdw_int) + S(tors)

Internal terms are relative to best energy found (intcor).

--------------------------------------------------------------------------------


     Fitness  S(hb_ext) S(vdw_ext)  S(hb_int)    S(int)      intcor
     16.36       0.65      13.78       0.00      -3.23      -0.78

--------------------------------------------------------------------------------
--- GoldScore analysis of protein-ligand interactions                        ---
--------------------------------------------------------------------------------

  Ligand donor    8 hydrogen   22 Protein acceptor 10418 bond energy  2.00 wt 0.32

--------------------------------------------------------------------------------

--------------------------------------------------------------------------------
--- Rescoring solution                                                       ---
--------------------------------------------------------------------------------

     Score     S(PLP)   S(hbond)     S(cho)   S(metal)  DE(clash)   DE(tors)
     -6.34       3.82       0.00       0.00       0.00       0.57       0.97

Doing AMOEBA simplex on best individual
Done simplexing #iterations 778, best score  17.95

     Score     S(PLP)   S(hbond)     S(cho)   S(metal)  DE(clash)   DE(tors)
     17.95     -17.75       0.89       0.00       0.00       0.49       0.99

--------------------------------------------------------------------------------
--- CHEMPLP breakdown of terms                                               ---
--------------------------------------------------------------------------------
CHEMPLP = - ( 1.0000*S(PLP) + -3.0000*S(hbond) + -6.0000*S(metal) + -3.0000*S(cho) )

Score = CHEMPLP - 1.0000*DE(clash) - 2.0000*DE(tors)


--------------------------------------------------------------------------------


--------------------------------------------------------------------------------
--- PLP analysis of protein-ligand interactions                              ---
--------------------------------------------------------------------------------
hydrogen bonding        :      -2.05
metal                   :       0.00
buried (polar-nonpolar) :      -5.10
nonpolar                :     -11.52
repulsive               :       0.58
--------------------------------------------------------------------------------


--------------------------------------------------------------------------------
--- ChemScore analysis of protein-ligand interactions                        ---
--------------------------------------------------------------------------------

* Hydrogen bonds                                                                
Protein donor 10401 hydrogen 10414 Ligand acceptor   11 bond energy  1.00 wt 0.89


* CH..O interactions                                                            
  CH group selection                       : activated ring CH (adjacent to hetatom)

--------------------------------------------------------------------------------


--------------------------------------------------------------------------------
--- Intra-ligand clashes                                                     ---
--------------------------------------------------------------------------------

Ligand
  6 (C6   ) -   4 (C4   ):   0.49 (dist   2.74)
--------------------------------------------------------------------------------


--------------------------------------------------------------------------------
--- Chromosome decoded                                                       ---
--------------------------------------------------------------------------------
Ligand Torsions
[   6    2    1    3]  -99.84
[  12    5    1    2]  -47.28
Protein Torsions
[10359 10350 10349 10347]   96.64 
[10338 10331 10329 10326] -110.82 
[10390 10381 10380 10378]  -96.77 
Mapping
Ligand acceptors to protein hydrogens (mapping then atom ids)
  1  19 [  9->10410]
Ligand hydrogens to protein acceptors (mapping then atom ids)
  1   6 [ 22->10418]
  2  11 [ 23->10331]
Ligand shape atoms to protein points (mapping then atom ids & coords)
Chromosome values
Integers:
  18   -1   -1    5   10   -1   -1   -1   -1   -1   -1   -1 
--------------------------------------------------------------------------------


--------------------------------------------------------------------------------
--- Diverse Solutions Stats                                                  ---
--------------------------------------------------------------------------------
  Move attempts                            :  15318
  Move failures                            :      3
  Failure rate                             :   0.000

--------------------------------------------------------------------------------

Current Ranking  1  3  2  5  4  6

--------------------------------------------------------------------------------

* GA execution time :                                                           
  total  0.4268 user  0.4174 sys  0.0095

--------------------------------------------------------------------------------
Fitness function evaluations: 20843

--------------------------------------------------------------------------------
** Docking run number  7 **
--------------------------------------------------------------------------------
  Rank fitness base is 5000.00 ; increment is 11.2233

* Initialising population(s) ...                                                
Number of constraints mappings 0
Number of constraints 0
  Population no.                           :      1
  Population size                          :    100
  Number of duplicates                     :      0
  Number of niche violations               :      0
  Number of errors                         :   5521


Doing GA, no. of population(s) 1 size 100 selection pressure 1.100000

 Operation      Fitness  S(hb_ext) S(vdw_ext)  S(hb_int)    S(int)      intcor
         0      24.10       0.45      18.65       0.00     -10.01      -0.76
        67      20.17       0.46      15.89       0.00     -10.02      -0.76
Reordering...
       120      17.72       2.39      12.98       0.00     -11.08      -0.76
       165      17.63       2.39      13.00       0.00     -11.08      -0.76
       241      14.43       3.68      12.03       0.00     -22.36      -0.76
Reordering...
       300      13.00       3.07      11.72       0.00     -22.43      -0.76
       347      14.92       2.13      10.16       0.00      -4.10      -0.76
       564      15.04       1.94       9.56       0.00      -0.14      -0.76
       763      15.79       1.85      10.19       0.00      -0.14      -0.76
       945      15.43       1.70      10.04       0.00      -0.12      -0.76
Reordering...
      1380      13.17       3.20       8.13       0.00      -1.37      -0.76
      1988      13.13       3.00       8.08       0.00      -0.97      -0.76
--------------------------------------------------------------------------------
Best docking solution after GA:
      2000      13.13       3.00       8.08       0.00      -0.97      -0.76

#ops:       2000 #mutates:   1015 #cross:      985 #dups:       572 
#niche:     1011 #errors:     289 
--------------------------------------------------------------------------------

Doing AMOEBA simplex on best individual
Done simplexing #iterations 626, best score  18.89

Ligand is stored in gold_soln_ligand_prepared_m1_7.mol2


--------------------------------------------------------------------------------
--- GoldScore breakdown of terms                                             ---
--------------------------------------------------------------------------------
Fitness = S(hb_ext) + 1.3750*S(vdw_ext) + S(hb_int) + 1.0000*S(int)
S(int)  = S(vdw_int) + S(tors)

Internal terms are relative to best energy found (intcor).

--------------------------------------------------------------------------------


     Fitness  S(hb_ext) S(vdw_ext)  S(hb_int)    S(int)      intcor
     18.89       1.83      13.11       0.00      -0.96      -0.76

--------------------------------------------------------------------------------
--- GoldScore analysis of protein-ligand interactions                        ---
--------------------------------------------------------------------------------

  Ligand acceptor    9 Protein hydrogen 10338 donor 10331 bond energy  2.00 wt 0.07
  Ligand acceptor   17 Protein hydrogen 10410 donor 10398 bond energy  6.00 wt 0.28

--------------------------------------------------------------------------------

--------------------------------------------------------------------------------
--- Rescoring solution                                                       ---
--------------------------------------------------------------------------------

     Score     S(PLP)   S(hbond)     S(cho)   S(metal)  DE(clash)   DE(tors)
     -2.85       2.71       0.65       0.00       0.00       0.00       1.05

Doing AMOEBA simplex on best individual
Done simplexing #iterations 850, best score  16.58

     Score     S(PLP)   S(hbond)     S(cho)   S(metal)  DE(clash)   DE(tors)
     16.58     -12.59       1.94       0.00       0.00       0.00       0.91

--------------------------------------------------------------------------------
--- CHEMPLP breakdown of terms                                               ---
--------------------------------------------------------------------------------
CHEMPLP = - ( 1.0000*S(PLP) + -3.0000*S(hbond) + -6.0000*S(metal) + -3.0000*S(cho) )

Score = CHEMPLP - 1.0000*DE(clash) - 2.0000*DE(tors)


--------------------------------------------------------------------------------


--------------------------------------------------------------------------------
--- PLP analysis of protein-ligand interactions                              ---
--------------------------------------------------------------------------------
hydrogen bonding        :      -3.95
metal                   :       0.00
buried (polar-nonpolar) :      -3.33
nonpolar                :      -6.16
repulsive               :       0.33
--------------------------------------------------------------------------------


--------------------------------------------------------------------------------
--- ChemScore analysis of protein-ligand interactions                        ---
--------------------------------------------------------------------------------

* Hydrogen bonds                                                                
Protein donor 10398 hydrogen 10410 Ligand acceptor   17 bond energy  1.00 wt 0.99
Protein donor 10401 hydrogen 10414 Ligand acceptor   17 bond energy  1.00 wt 0.94


* CH..O interactions                                                            
  CH group selection                       : activated ring CH (adjacent to hetatom)

--------------------------------------------------------------------------------


--------------------------------------------------------------------------------
--- Intra-ligand clashes                                                     ---
--------------------------------------------------------------------------------

Ligand
--------------------------------------------------------------------------------


--------------------------------------------------------------------------------
--- Chromosome decoded                                                       ---
--------------------------------------------------------------------------------
Ligand Torsions
[   6    2    1    3]  155.70
[  12    5    1    2]  170.41
Protein Torsions
[10359 10350 10349 10347]   19.64 
[10338 10331 10329 10326]  -39.46 
[10390 10381 10380 10378]   76.63 
Mapping
Ligand acceptors to protein hydrogens (mapping then atom ids)
  1  14 [  9->10338]
  3   1 [ 17->10351]
Ligand hydrogens to protein acceptors (mapping then atom ids)
  2   8 [ 23->10425]
Ligand shape atoms to protein points (mapping then atom ids & coords)
Chromosome values
Integers:
  13   -1    0   -1    7   -1   -1   -1   -1   -1   -1   -1 
--------------------------------------------------------------------------------


--------------------------------------------------------------------------------
--- Diverse Solutions Stats                                                  ---
--------------------------------------------------------------------------------
  Move attempts                            :  15241
  Move failures                            :      6
  Failure rate                             :   0.000

--------------------------------------------------------------------------------

Current Ranking  1  3  2  7  5  4  6

--------------------------------------------------------------------------------

* GA execution time :                                                           
  total  0.3588 user  0.3562 sys  0.0026

--------------------------------------------------------------------------------
Fitness function evaluations: 21062

--------------------------------------------------------------------------------
** Docking run number  8 **
--------------------------------------------------------------------------------
  Rank fitness base is 5000.00 ; increment is 11.2233

* Initialising population(s) ...                                                
Number of constraints mappings 0
Number of constraints 0
  Population no.                           :      1
  Population size                          :    100
  Number of duplicates                     :      0
  Number of niche violations               :      0
  Number of errors                         :   5423


Doing GA, no. of population(s) 1 size 100 selection pressure 1.100000

 Operation      Fitness  S(hb_ext) S(vdw_ext)  S(hb_int)    S(int)      intcor
         0      31.36       8.12      19.63       0.00     -18.78      -0.76
Reordering...
       300       9.17       3.07      11.52       0.00     -35.29      -0.76
       311       9.90       4.79      11.29       0.00     -37.75      -0.76
       322      12.22       2.70       8.78       0.00      -9.04      -0.76
       408      11.86       2.99      11.50       0.00     -22.58      -0.76
       586       8.57       4.23       3.90       0.00      -2.76      -0.76
Reordering...
       600       7.50       2.74       9.72       0.00     -22.58      -0.76
       674       6.98       2.67       9.14       0.00     -20.31      -0.76
       698       9.90       3.60       9.62       0.00     -16.68      -0.76
Reordering...
      1020       1.79       0.85       5.00       0.00      -9.94      -0.76
      1037       1.92       0.86       5.09       0.00      -9.94      -0.76
      1121       1.37       3.22       4.25       0.00     -11.58      -0.76
Reordering...
      1140       0.91       0.73       5.04       0.00      -9.94      -0.76
Reordering...
      1260       0.00       0.18       4.63       0.00      -4.52      -0.76
      1660       3.15       0.65       5.07       0.00      -4.46      -0.76
      1864       6.44       0.65       4.51       0.00      -0.41      -0.76
      1983       6.64       0.65       4.50       0.00      -0.19      -0.76
--------------------------------------------------------------------------------
Best docking solution after GA:
      2000       6.64       0.65       4.50       0.00      -0.19      -0.76

#ops:       2000 #mutates:   1013 #cross:      987 #dups:       564 
#niche:     1057 #errors:     230 
--------------------------------------------------------------------------------

Doing AMOEBA simplex on best individual
Done simplexing #iterations 699, best score  19.32

Ligand is stored in gold_soln_ligand_prepared_m1_8.mol2


--------------------------------------------------------------------------------
--- GoldScore breakdown of terms                                             ---
--------------------------------------------------------------------------------
Fitness = S(hb_ext) + 1.3750*S(vdw_ext) + S(hb_int) + 1.0000*S(int)
S(int)  = S(vdw_int) + S(tors)

Internal terms are relative to best energy found (intcor).

--------------------------------------------------------------------------------


     Fitness  S(hb_ext) S(vdw_ext)  S(hb_int)    S(int)      intcor
     19.32       6.00       9.73       0.00      -0.06      -0.76

--------------------------------------------------------------------------------
--- GoldScore analysis of protein-ligand interactions                        ---
--------------------------------------------------------------------------------

  Ligand acceptor   17 Protein hydrogen 10410 donor 10398 bond energy  6.00 wt 1.00

--------------------------------------------------------------------------------

--------------------------------------------------------------------------------
--- Rescoring solution                                                       ---
--------------------------------------------------------------------------------

     Score     S(PLP)   S(hbond)     S(cho)   S(metal)  DE(clash)   DE(tors)
      7.79      -7.79       0.54       0.00       0.00       0.00       0.82

Doing AMOEBA simplex on best individual
Done simplexing #iterations 1128, best score  24.62

     Score     S(PLP)   S(hbond)     S(cho)   S(metal)  DE(clash)   DE(tors)
     24.62     -17.26       2.51       0.00       0.00       0.00       0.09

--------------------------------------------------------------------------------
--- CHEMPLP breakdown of terms                                               ---
--------------------------------------------------------------------------------
CHEMPLP = - ( 1.0000*S(PLP) + -3.0000*S(hbond) + -6.0000*S(metal) + -3.0000*S(cho) )

Score = CHEMPLP - 1.0000*DE(clash) - 2.0000*DE(tors)


--------------------------------------------------------------------------------


--------------------------------------------------------------------------------
--- PLP analysis of protein-ligand interactions                              ---
--------------------------------------------------------------------------------
hydrogen bonding        :      -4.00
metal                   :       0.00
buried (polar-nonpolar) :      -2.87
nonpolar                :     -12.78
repulsive               :       0.30
--------------------------------------------------------------------------------


--------------------------------------------------------------------------------
--- ChemScore analysis of protein-ligand interactions                        ---
--------------------------------------------------------------------------------

* Hydrogen bonds                                                                
Protein donor 10331 hydrogen 10338 Ligand acceptor   11 bond energy  1.00 wt 0.88
Protein donor 10398 hydrogen 10410 Ligand acceptor   17 bond energy  1.00 wt 0.63
Protein donor 10401 hydrogen 10414 Ligand acceptor   17 bond energy  1.00 wt 1.00


* CH..O interactions                                                            
  CH group selection                       : activated ring CH (adjacent to hetatom)

--------------------------------------------------------------------------------


--------------------------------------------------------------------------------
--- Intra-ligand clashes                                                     ---
--------------------------------------------------------------------------------

Ligand
--------------------------------------------------------------------------------


--------------------------------------------------------------------------------
--- Chromosome decoded                                                       ---
--------------------------------------------------------------------------------
Ligand Torsions
[   6    2    1    3]  -53.57
[  12    5    1    2]  175.64
Protein Torsions
[10359 10350 10349 10347]  -41.35 
[10338 10331 10329 10326]  -71.94 
[10390 10381 10380 10378]  -77.37 
Mapping
Ligand acceptors to protein hydrogens (mapping then atom ids)
  3   1 [ 17->10351]
Ligand hydrogens to protein acceptors (mapping then atom ids)
  1   6 [ 22->10418]
  2  11 [ 23->10331]
Ligand shape atoms to protein points (mapping then atom ids & coords)
Chromosome values
Integers:
  -1   -1    0    5   10   -1   -1   -1   -1   -1   -1   -1 
--------------------------------------------------------------------------------


--------------------------------------------------------------------------------
--- Diverse Solutions Stats                                                  ---
--------------------------------------------------------------------------------
  Move attempts                            :  15899
  Move failures                            :      4
  Failure rate                             :   0.000

--------------------------------------------------------------------------------

Current Ranking  1  3  2  8  7  5  4  6

--------------------------------------------------------------------------------

* GA execution time :                                                           
  total  0.3820 user  0.3716 sys  0.0104

--------------------------------------------------------------------------------
Fitness function evaluations: 21642

--------------------------------------------------------------------------------
** Docking run number  9 **
--------------------------------------------------------------------------------
  Rank fitness base is 5000.00 ; increment is 11.2233

* Initialising population(s) ...                                                
Number of constraints mappings 0
Number of constraints 0
  Population no.                           :      1
  Population size                          :    100
  Number of duplicates                     :      0
  Number of niche violations               :      0
  Number of errors                         :   5656


Doing GA, no. of population(s) 1 size 100 selection pressure 1.100000

 Operation      Fitness  S(hb_ext) S(vdw_ext)  S(hb_int)    S(int)      intcor
         0      36.29       8.12      21.80       0.00      -9.07      -0.76
Reordering...
       360      12.98       2.49       7.97       0.00      -1.60      -0.76
       814      12.25       1.98       8.02       0.00      -1.60      -0.76
      1435       9.35       0.29       7.12       0.00      -0.80      -0.76
      1479       9.77       0.29       9.23       0.00      -3.36      -0.76
      1613      12.78       0.26       9.69       0.00      -0.82      -0.76
--------------------------------------------------------------------------------
Best docking solution after GA:
      2000      12.78       0.26       9.69       0.00      -0.82      -0.76

#ops:       2000 #mutates:    995 #cross:     1005 #dups:       650 
#niche:     1029 #errors:     267 
--------------------------------------------------------------------------------

Doing AMOEBA simplex on best individual
Done simplexing #iterations 585, best score  15.09

Ligand is stored in gold_soln_ligand_prepared_m1_9.mol2


--------------------------------------------------------------------------------
--- GoldScore breakdown of terms                                             ---
--------------------------------------------------------------------------------
Fitness = S(hb_ext) + 1.3750*S(vdw_ext) + S(hb_int) + 1.0000*S(int)
S(int)  = S(vdw_int) + S(tors)

Internal terms are relative to best energy found (intcor).

--------------------------------------------------------------------------------


     Fitness  S(hb_ext) S(vdw_ext)  S(hb_int)    S(int)      intcor
     15.09       1.31      10.60       0.00      -0.80      -0.76

--------------------------------------------------------------------------------
--- GoldScore analysis of protein-ligand interactions                        ---
--------------------------------------------------------------------------------

  Ligand acceptor   11 Protein hydrogen 10338 donor 10331 bond energy  2.00 wt 0.27
  Ligand acceptor   17 Protein hydrogen 10410 donor 10398 bond energy  6.00 wt 0.13

--------------------------------------------------------------------------------

--------------------------------------------------------------------------------
--- Rescoring solution                                                       ---
--------------------------------------------------------------------------------

     Score     S(PLP)   S(hbond)     S(cho)   S(metal)  DE(clash)   DE(tors)
      2.60      -2.64       0.00       0.00       0.00       0.00       0.02

Doing AMOEBA simplex on best individual
Done simplexing #iterations 740, best score  15.24

     Score     S(PLP)   S(hbond)     S(cho)   S(metal)  DE(clash)   DE(tors)
     15.24     -12.29       0.99       0.00       0.00       0.00       0.02

--------------------------------------------------------------------------------
--- CHEMPLP breakdown of terms                                               ---
--------------------------------------------------------------------------------
CHEMPLP = - ( 1.0000*S(PLP) + -3.0000*S(hbond) + -6.0000*S(metal) + -3.0000*S(cho) )

Score = CHEMPLP - 1.0000*DE(clash) - 2.0000*DE(tors)


--------------------------------------------------------------------------------


--------------------------------------------------------------------------------
--- PLP analysis of protein-ligand interactions                              ---
--------------------------------------------------------------------------------
hydrogen bonding        :      -3.54
metal                   :       0.00
buried (polar-nonpolar) :      -3.55
nonpolar                :      -5.92
repulsive               :       0.54
--------------------------------------------------------------------------------


--------------------------------------------------------------------------------
--- ChemScore analysis of protein-ligand interactions                        ---
--------------------------------------------------------------------------------

* Hydrogen bonds                                                                
Protein donor 10398 hydrogen 10410 Ligand acceptor   17 bond energy  1.00 wt 0.99


* CH..O interactions                                                            
  CH group selection                       : activated ring CH (adjacent to hetatom)

--------------------------------------------------------------------------------


--------------------------------------------------------------------------------
--- Intra-ligand clashes                                                     ---
--------------------------------------------------------------------------------

Ligand
--------------------------------------------------------------------------------


--------------------------------------------------------------------------------
--- Chromosome decoded                                                       ---
--------------------------------------------------------------------------------
Ligand Torsions
[   6    2    1    3]  121.11
[  12    5    1    2]  179.34
Protein Torsions
[10359 10350 10349 10347]   90.76 
[10338 10331 10329 10326]  -32.11 
[10390 10381 10380 10378]    8.58 
Mapping
Ligand acceptors to protein hydrogens (mapping then atom ids)
  2  14 [ 11->10338]
Ligand hydrogens to protein acceptors (mapping then atom ids)
  1   8 [ 22->10425]
  2  11 [ 23->10331]
Ligand shape atoms to protein points (mapping then atom ids & coords)
Chromosome values
Integers:
  -1   13   -1    7   10   -1   -1   -1   -1   -1   -1   -1 
--------------------------------------------------------------------------------


--------------------------------------------------------------------------------
--- Diverse Solutions Stats                                                  ---
--------------------------------------------------------------------------------
  Move attempts                            :  15005
  Move failures                            :     15
  Failure rate                             :   0.001

--------------------------------------------------------------------------------

Current Ranking  1  3  2  8  7  5  4  6  9

--------------------------------------------------------------------------------

* GA execution time :                                                           
  total  0.3788 user  0.3788 sys  0.0000

--------------------------------------------------------------------------------
Fitness function evaluations: 20926

--------------------------------------------------------------------------------
** Docking run number 10 **
--------------------------------------------------------------------------------
  Rank fitness base is 5000.00 ; increment is 11.2233

* Initialising population(s) ...                                                
Number of constraints mappings 0
Number of constraints 0
  Population no.                           :      1
  Population size                          :    100
  Number of duplicates                     :      0
  Number of niche violations               :      0
  Number of errors                         :   5366


Doing GA, no. of population(s) 1 size 100 selection pressure 1.100000

 Operation      Fitness  S(hb_ext) S(vdw_ext)  S(hb_int)    S(int)      intcor
         0      29.98       0.64      22.27       0.00      -6.45      -0.76
       194      27.80       7.74      17.78       0.00     -18.05      -0.76
       348      19.56       7.47      12.57       0.00     -18.05      -0.76
Reordering...
       360      16.04       2.02      12.11       0.00      -8.97      -0.76
       642      10.49       2.08       8.71       0.00      -8.97      -0.76
Reordering...
      1080       0.00       0.05      -1.00       0.00     -18.05      -0.76
      1504       0.84       0.91       1.14       0.00      -1.65      -0.76
      1655       2.67       0.65       5.06       0.00      -4.95      -0.76
--------------------------------------------------------------------------------
Best docking solution after GA:
      2000       2.67       0.65       5.06       0.00      -4.95      -0.76

#ops:       2000 #mutates:    971 #cross:     1029 #dups:       605 
#niche:      962 #errors:     274 
--------------------------------------------------------------------------------

Doing AMOEBA simplex on best individual
Done simplexing #iterations 877, best score  16.28

Ligand is stored in gold_soln_ligand_prepared_m1_10.mol2


--------------------------------------------------------------------------------
--- GoldScore breakdown of terms                                             ---
--------------------------------------------------------------------------------
Fitness = S(hb_ext) + 1.3750*S(vdw_ext) + S(hb_int) + 1.0000*S(int)
S(int)  = S(vdw_int) + S(tors)

Internal terms are relative to best energy found (intcor).

--------------------------------------------------------------------------------


     Fitness  S(hb_ext) S(vdw_ext)  S(hb_int)    S(int)      intcor
     16.28       0.40      11.89       0.00      -0.47      -0.76

--------------------------------------------------------------------------------
--- GoldScore analysis of protein-ligand interactions                        ---
--------------------------------------------------------------------------------

  Ligand donor   10 hydrogen   23 Protein acceptor 10342 bond energy  2.00 wt 0.20

--------------------------------------------------------------------------------

--------------------------------------------------------------------------------
--- Rescoring solution                                                       ---
--------------------------------------------------------------------------------

     Score     S(PLP)   S(hbond)     S(cho)   S(metal)  DE(clash)   DE(tors)
      8.05      -8.57       0.54       0.00       0.00       2.10       0.03

Doing AMOEBA simplex on best individual
Done simplexing #iterations 620, best score  13.00

     Score     S(PLP)   S(hbond)     S(cho)   S(metal)  DE(clash)   DE(tors)
     13.00     -11.92       1.09       0.00       0.00       2.11       0.04

--------------------------------------------------------------------------------
--- CHEMPLP breakdown of terms                                               ---
--------------------------------------------------------------------------------
CHEMPLP = - ( 1.0000*S(PLP) + -3.0000*S(hbond) + -6.0000*S(metal) + -3.0000*S(cho) )

Score = CHEMPLP - 1.0000*DE(clash) - 2.0000*DE(tors)


--------------------------------------------------------------------------------


--------------------------------------------------------------------------------
--- PLP analysis of protein-ligand interactions                              ---
--------------------------------------------------------------------------------
hydrogen bonding        :      -2.18
metal                   :       0.00
buried (polar-nonpolar) :      -3.02
nonpolar                :      -6.64
repulsive               :       0.46
--------------------------------------------------------------------------------


--------------------------------------------------------------------------------
--- ChemScore analysis of protein-ligand interactions                        ---
--------------------------------------------------------------------------------

* Hydrogen bonds                                                                
Protein donor 10339 hydrogen 10351 Ligand acceptor   17 bond energy  1.00 wt 1.00
Protein donor 10401 hydrogen 10414 Ligand acceptor   17 bond energy  1.00 wt 0.09


* CH..O interactions                                                            
  CH group selection                       : activated ring CH (adjacent to hetatom)

--------------------------------------------------------------------------------


--------------------------------------------------------------------------------
--- Intra-ligand clashes                                                     ---
--------------------------------------------------------------------------------

Ligand
  6 (C6   ) -   4 (C4   ):   2.11 (dist   2.69)
--------------------------------------------------------------------------------


--------------------------------------------------------------------------------
--- Chromosome decoded                                                       ---
--------------------------------------------------------------------------------
Ligand Torsions
[   6    2    1    3]  -87.24
[  12    5    1    2] -164.70
Protein Torsions
[10359 10350 10349 10347]  167.17 
[10338 10331 10329 10326]  -78.49 
[10390 10381 10380 10378]  156.72 
Mapping
Ligand acceptors to protein hydrogens (mapping then atom ids)
  3   1 [ 17->10351]
Ligand hydrogens to protein acceptors (mapping then atom ids)
  1   6 [ 22->10418]
  2  11 [ 23->10331]
Ligand shape atoms to protein points (mapping then atom ids & coords)
Chromosome values
Integers:
  -1   -1    0    5   10   -1   -1   -1   -1   -1   -1   -1 
--------------------------------------------------------------------------------


--------------------------------------------------------------------------------
--- Diverse Solutions Stats                                                  ---
--------------------------------------------------------------------------------
  Move attempts                            :  15446
  Move failures                            :    390
  Failure rate                             :   0.025

--------------------------------------------------------------------------------

Current Ranking  1  3  2  8  7  5  4  6 10  9

--------------------------------------------------------------------------------

* GA execution time :                                                           
  total  0.4493 user  0.4376 sys  0.0118

--------------------------------------------------------------------------------
Fitness function evaluations: 21162

--------------------------------------------------------------------------------
--- Ranking analysis                                                         ---
--------------------------------------------------------------------------------


* Final ranked order of GA solutions:                                           
   1  3  2  8  7  5  4  6 10  9 

  _______________________________
  RMSD Matrix of RANKED solutions

        2    3    4    5    6    7    8    9   10  

   1 :  0.7  4.5  5.1  3.1  4.7  4.0  3.6  5.0  4.6
   2 :       4.4  5.5  2.9  5.0  3.9  3.4  5.4  4.6
   3 :            6.2  4.1  6.0  2.2  3.0  6.4  3.5
   4 :                 6.9  1.8  5.6  6.1  2.1  6.6
   5 :                      6.0  4.6  3.5  6.7  3.4
   6 :                           5.3  5.7  2.4  5.9
   7 :                                2.0  5.6  3.6
   8 :                                     5.8  2.3
   9 :                                          6.1

  Clustering method                        : complete linkage
  Structure ids in cluster table           : rank nos.
  Ordering of clusters and their members   : by rank (order if from rms_analysis)

  Distance | Clusters
   0.67    |  1  2 |  3 |  4 |  5 |  6 |  7 |  8 |  9 | 10 |
   1.81    |  1  2 |  3 |  4  6 |  5 |  7 |  8 |  9 | 10 |
   2.01    |  1  2 |  3 |  4  6 |  5 |  7  8 |  9 | 10 |
   2.37    |  1  2 |  3 |  4  6  9 |  5 |  7  8 | 10 |
   2.99    |  1  2 |  3  7  8 |  4  6  9 |  5 | 10 |
   3.05    |  1  2  5 |  3  7  8 |  4  6  9 | 10 |
   3.56    |  1  2  5 |  3  7  8 10 |  4  6  9 |
   4.62    |  1  2  3  5  7  8 10 |  4  6  9 |
   6.87    |  1  2  3  4  5  6  7  8  9 10 |
  Finished Docking Ligand                  : /mnt/c/Users/ricca/Desktop/Documents/1_Coding/1_Script_Github/Reverse_Docking_Explore_V3/7rmh_cavity/ligand_prepared.mol2
--------------------------------------------------------------------------------

  Relative_Ligand_Energy (best encountered) :  -0.765
  Relative_Ligand_Energy: fitness values have been corrected using this amount
