
--------------------------------------------------------------------------------
--- Ligand                                                                   ---
--------------------------------------------------------------------------------
  Ligand loaded from file                  : /mnt/c/Users/ricca/Desktop/Documents/1_Coding/1_Script_Github/Reverse_Docking_Explore_V3/5kcv/ligand_prepared.mol2
  Ligand name                              :  
  "CT1002167954                                                             "

--------------------------------------------------------------------------------
  N.plc donors                             : 
  none found

  Acidic nitrogen acceptors                : 
  none found
  Sulfur acceptors                         :
  none found


  Donor atoms                              :      2
  8   10  
  Acceptor atoms                           :      3
  9   11  17  

  Hydrogens                                :  (n = 2)
  22   23   

  Lone pairs added to molecule             :      6
  Numbering                                : from 30 to 35

--------------------------------------------------------------------------------
--- Postprocessing of typing                                                 ---
--------------------------------------------------------------------------------
  Fragment file                            : /home/hitesit/CCDC/Discovery_2022/GOLD/gold/rotatable_bond_override.mol2
  acylurea fragment                        : 2 matches
  Ligand bond 15-8  set to flip
  Ligand bond 15-10  set to flip
  Ligand bond 15-10  set to 1
  Ligand bond 15-8  set to 1
  Ligand bond 10-4  set to flip
  Ligand bond 8-3  set to flip
  thioacylthiourea fragment                : no matches
  acylthiourea fragment                    : no matches
  thioacylurea fragment                    : no matches
  diarylamine fragment >C.ar-NH-C.ar<      : no matches
  sec-amine (1) fragment                   : no matches
  sec-amine (2) fragment                   : no matches
  sec-amine (3) fragment                   : no matches
  carboxylic ester                         : no matches

* Rotatable bonds in /mnt/c/Users/ricca/D  :
  [   1    2] [   1    5] 
  No. of rotatable bonds                   :      2


* Reading torsional distributions from file:
  /home/hitesit/CCDC/Discovery_2022/GOLD/gold/gold.tordist
  No. of bins in torsional distributions   :     36
  Minimum size of largest peak             :      0
  Removing high energy torsions            : on
  Delta E set to                           :   2.500

* Fragments found in /mnt/c/Users/ricca/D  :
  atom   2: benzene
  atom   6: benzene
  atom   7: benzene
  atom  13: benzene
  atom  14: benzene
  atom  16: benzene


* Checking torsion distributions:                                               
  No. of matched torsions                  :      0

--------------------------------------------------------------------------------
--- Shape fitting atoms selection (hydrophobic atoms)                        ---
--------------------------------------------------------------------------------
  Molecule                                 : /mnt/c/Users/ricca/Desktop/Documents/1_Coding/1_Script_Github/Reverse_Docking_Explore_V3/5kcv/ligand_prepared.mol2
  Selection                                : carbons only
  Atom numbers                             :  (n = 7)
  5    6    7    12   13   14   16   

--------------------------------------------------------------------------------
--- Diverse Solutions Setup                                                  ---
--------------------------------------------------------------------------------
  Cluster size                             :      2
  RMSD                                     :   2.000
  Refinement                               :      0


--------------------------------------------------------------------------------
--- ChemScore ligand setup summary                                           ---
--------------------------------------------------------------------------------
  ChemScore ligand acceptors               :      3
  9 11 17 
  ChemScore ligand donors                  :      2
  8 ( 22  ) 10 ( 23  ) 
  ChemScore ligand CH donors               :      0
  

  ChemScore ligand lipophilic atoms        :  (n = 9)
  1    2    5    6    7    12   13   14   16   

  ChemScore ligand rotatable bonds         :      2
  1   (C1 ) - 2   (C2 ): SP3_SP2_BOND
  1   (C1 ) - 5   (C5 ): SP3_SP3_BOND

--------------------------------------------------------------------------------
--- PLP ligand setup summary                                                 ---
--------------------------------------------------------------------------------
    1    C1   C.3 NONPOLAR
    2    C2  C.ar NONPOLAR
    3    C3   C.2 NONPOLAR
    4    C4   C.2 NONPOLAR
    5    C5   C.3 NONPOLAR
    6    C6  C.ar NONPOLAR
    7    C7  C.ar NONPOLAR
    8    N8  N.am DONOR
    9    O9   O.2 ACCEPTOR
   10   N10  N.am DONOR
   11   O11   O.2 ACCEPTOR
   12   C12   C.3 NONPOLAR
   13   C13  C.ar NONPOLAR
   14   C14  C.ar NONPOLAR
   15   C15   C.2 NONPOLAR
   16   C16  C.ar NONPOLAR
   17   O17   O.2 ACCEPTOR

--------------------------------------------------------------------------------
--- Automatic parameter setting                                              ---
--------------------------------------------------------------------------------
  Contribution base                        :   2500
  Contribution per rotatable bond          :   6000
  Contribution per df                      :   4000
  Contribution per water                   :  10000
  Ligand rotatable bonds                   :      2
  Protein flexible side chain bonds        :      0
  Total rotatable bonds                    :      2
  Hydrophobic vol ratio (P/L)              :   4.236
  Base multiplier (polar)                  :   1.000
  Base multiplier (apolar)                 :   5.930
  Base contribution                        : 15000.000
  Fitting points                           :      5
  Estimated maxops needed (optimal)        :  27500
  Autoscale factor (in percent)            :     10
  Scaled maxops                            :   3000

--------------------------------------------------------------------------------

* Population settings                                                           
  maxops                                   :   3000
  popsiz                                   :    100
  select_pressure                          :   1.100
  n_islands                                :      1
  niche_siz                                :      2

* GA settings                                                                   
  pt_crosswt                               :    100
  allele_mutatewt                          :    100
  migratewt                                :      0

* Search settings                                                               
  start_vdw_linear_cutoff                  :   6.000
  initial_virtual_pt_match_max             :   3.000
  Scaling of internal VDW energy           : log scale from  0.2 to    1
                                             over 2250 ops
  Sampling interval (operations)           :     30
  Scaling of virtual pt maximum length     : linear scale from    3 to    2
                                             over  2250 ops
  Sampling interval (operations)           :     90
  Scaling of 4-8 potential cutoff          : log scale from    6 to 1.2e+02
                                             over 2250 ops
  Sampling interval (operations)           :     90

--------------------------------------------------------------------------------

* Ligand initialisation time :                                                  
  total  0.1210 user  0.0000 sys  0.1210

--------------------------------------------------------------------------------

--------------------------------------------------------------------------------
** Docking run number  1 **
--------------------------------------------------------------------------------
  Rank fitness base is 5000.00 ; increment is 11.2233

* Initialising population(s) ...                                                
Number of constraints mappings 0
Number of constraints 0
  Population no.                           :      1
  Population size                          :    100
  Number of duplicates                     :      0
  Number of niche violations               :      0
  Number of errors                         :    973


Doing GA, no. of population(s) 1 size 100 selection pressure 1.100000

 Operation      Fitness  S(hb_ext) S(vdw_ext)  S(hb_int)    S(int)      intcor
         0      34.55       1.99      23.82       0.00      -0.98      -0.83
       269      34.03       2.00      23.41       0.00      -0.65      -0.83
       793      32.89       1.79      22.86       0.00      -0.94      -0.83
Reordering...
      1800      30.41       1.77      22.34       0.00      -2.87      -0.83
      1907      30.52       2.00      21.31       0.00      -1.01      -0.83
      2094      30.38       2.64      20.56       0.00      -0.60      -0.79
Reordering...
      2160      30.32       2.00      21.31       0.00      -1.05      -0.79
      2184      32.05       0.72      23.56       0.00      -1.13      -0.79
      2883      32.81       0.87      23.74       0.00      -0.69      -0.78
--------------------------------------------------------------------------------
Best docking solution after GA:
      3000      32.81       0.87      23.74       0.00      -0.69      -0.78

#ops:       3000 #mutates:   1524 #cross:     1476 #dups:       598 
#niche:     1646 #errors:     103 
--------------------------------------------------------------------------------

Doing AMOEBA simplex on best individual
Done simplexing #iterations 712, best score  34.21

Ligand is stored in gold_soln_ligand_prepared_m1_1.mol2


--------------------------------------------------------------------------------
--- GoldScore breakdown of terms                                             ---
--------------------------------------------------------------------------------
Fitness = S(hb_ext) + 1.3750*S(vdw_ext) + S(hb_int) + 1.0000*S(int)
S(int)  = S(vdw_int) + S(tors)

Internal terms are relative to best energy found (intcor).

--------------------------------------------------------------------------------


     Fitness  S(hb_ext) S(vdw_ext)  S(hb_int)    S(int)      intcor
     34.21       0.76      24.82       0.00      -0.68      -0.78

--------------------------------------------------------------------------------
--- GoldScore analysis of protein-ligand interactions                        ---
--------------------------------------------------------------------------------

  Ligand donor    8 hydrogen   22 Protein acceptor 3092 bond energy  2.00 wt 0.38

--------------------------------------------------------------------------------

--------------------------------------------------------------------------------
--- Rescoring solution                                                       ---
--------------------------------------------------------------------------------

     Score     S(PLP)   S(hbond)     S(cho)   S(metal)  DE(clash)   DE(tors)
     17.32     -16.45       1.00       0.00       0.00       0.00       1.07

Doing AMOEBA simplex on best individual
AMOEBA simplex failed to converge after 2000 iterations
Done simplexing #iterations 2000, best score  26.77

     Score     S(PLP)   S(hbond)     S(cho)   S(metal)  DE(clash)   DE(tors)
     26.77     -26.30       1.00       0.00       0.00       1.37       0.58

--------------------------------------------------------------------------------
--- CHEMPLP breakdown of terms                                               ---
--------------------------------------------------------------------------------
CHEMPLP = - ( 1.0000*S(PLP) + -3.0000*S(hbond) + -6.0000*S(metal) + -3.0000*S(cho) )

Score = CHEMPLP - 1.0000*DE(clash) - 2.0000*DE(tors)


--------------------------------------------------------------------------------


--------------------------------------------------------------------------------
--- PLP analysis of protein-ligand interactions                              ---
--------------------------------------------------------------------------------
hydrogen bonding        :      -1.00
metal                   :       0.00
buried (polar-nonpolar) :       6.36
nonpolar                :     -33.96
repulsive               :       0.45
--------------------------------------------------------------------------------


--------------------------------------------------------------------------------
--- ChemScore analysis of protein-ligand interactions                        ---
--------------------------------------------------------------------------------

* Hydrogen bonds                                                                
Ligand donor    8 hydrogen   22 Protein acceptor 3092 bond energy  1.00 wt 1.00


* CH..O interactions                                                            
  CH group selection                       : activated ring CH (adjacent to hetatom)

--------------------------------------------------------------------------------


--------------------------------------------------------------------------------
--- Intra-ligand clashes                                                     ---
--------------------------------------------------------------------------------

Ligand
  7 (C7   ) -   3 (C3   ):   1.37 (dist   2.71)
--------------------------------------------------------------------------------


--------------------------------------------------------------------------------
--- Chromosome decoded                                                       ---
--------------------------------------------------------------------------------
Ligand Torsions
[   6    2    1    3]  145.50
[  12    5    1    2]  168.91
Protein Torsions
[1057 1050 1048 1045]  146.91 
[1068 1064 1062 1059]  -57.10 
[3125 3116 3115 3113]    6.70 
[ 214  208  207  205]  177.66 
[3719 3710 3709 3707]  154.51 
[2078 2074 2073 2070]  117.80 
[2173 2166 2164 2161]  -45.43 
[3437 3430 3428 3425]   80.42 
[3056 3045 3044 3043]   60.23 
[ 673  670  669  666]  138.36 
[3200 3189 3188 3187]  145.64 
Mapping
Ligand acceptors to protein hydrogens (mapping then atom ids)
Ligand hydrogens to protein acceptors (mapping then atom ids)
  1   5 [ 22->3092]
Ligand shape atoms to protein points (mapping then atom ids & coords)
  1  7725 [  5->(-10.250   0.250 -19.000)]
  2  4675 [  6->(-13.750  -1.750 -15.750)]
  6  5406 [ 14->(-13.000   0.000 -16.500)]
  7  4154 [ 16->(-14.250  -1.500 -15.000)]
Chromosome values
Integers:
  -1   -1   -1    4   -1 7724 4674   -1   -1   -1 5405 4153 
--------------------------------------------------------------------------------


--------------------------------------------------------------------------------
--- Diverse Solutions Stats                                                  ---
--------------------------------------------------------------------------------
  Move attempts                            :  18580
  Move failures                            :      0
  Failure rate                             :   0.000

--------------------------------------------------------------------------------

Current Ranking  1

--------------------------------------------------------------------------------

* GA execution time :                                                           
  total  1.1254 user  1.0372 sys  0.0882

--------------------------------------------------------------------------------
Fitness function evaluations: 19661

--------------------------------------------------------------------------------
** Docking run number  2 **
--------------------------------------------------------------------------------
  Rank fitness base is 5000.00 ; increment is 11.2233

* Initialising population(s) ...                                                
Number of constraints mappings 0
Number of constraints 0
  Population no.                           :      1
  Population size                          :    100
  Number of duplicates                     :      0
  Number of niche violations               :      0
  Number of errors                         :    927


Doing GA, no. of population(s) 1 size 100 selection pressure 1.100000

 Operation      Fitness  S(hb_ext) S(vdw_ext)  S(hb_int)    S(int)      intcor
         0      35.69       0.36      26.44       0.00      -5.06      -0.78
       524      36.17       4.79      23.98       0.00      -5.53      -0.78
       841      34.81       2.96      23.45       0.00      -1.06      -0.78
      1374      33.67       0.21      24.62       0.00      -0.74      -0.78
Reordering...
      1440      33.31       2.47      22.86       0.00      -1.06      -0.78
Reordering...
      1800      31.90       2.60      21.81       0.00      -0.95      -0.78
      2060      31.65       2.47      21.82       0.00      -0.95      -0.78
      2122      31.71       2.77      21.69       0.00      -0.97      -0.77
      2136      31.93       2.36      22.15       0.00      -0.97      -0.77
      2409      31.89       2.76      21.89       0.00      -0.97      -0.77
      2696      32.47       2.78      21.62       0.00      -0.03      -0.77
      2849      32.82       3.06      21.67       0.00      -0.03      -0.77
      2920      32.83       3.03      22.13       0.00      -0.63      -0.77
      2956      32.84       3.06      21.68       0.00      -0.03      -0.77
--------------------------------------------------------------------------------
Best docking solution after GA:
      3000      32.84       3.06      21.68       0.00      -0.03      -0.77

#ops:       3000 #mutates:   1499 #cross:     1501 #dups:       693 
#niche:     1502 #errors:      86 
--------------------------------------------------------------------------------

Doing AMOEBA simplex on best individual
Done simplexing #iterations 871, best score  36.33

Ligand is stored in gold_soln_ligand_prepared_m1_2.mol2


--------------------------------------------------------------------------------
--- GoldScore breakdown of terms                                             ---
--------------------------------------------------------------------------------
Fitness = S(hb_ext) + 1.3750*S(vdw_ext) + S(hb_int) + 1.0000*S(int)
S(int)  = S(vdw_int) + S(tors)

Internal terms are relative to best energy found (intcor).

--------------------------------------------------------------------------------


     Fitness  S(hb_ext) S(vdw_ext)  S(hb_int)    S(int)      intcor
     36.33       3.11      24.19       0.00      -0.04      -0.76

--------------------------------------------------------------------------------
--- GoldScore analysis of protein-ligand interactions                        ---
--------------------------------------------------------------------------------

  Ligand acceptor    9 Protein hydrogen 1057 donor 1050 bond energy  2.00 wt 0.05
  Ligand acceptor    9 Protein hydrogen 1056 donor 1044 bond energy  2.00 wt 0.31
  Ligand donor    8 hydrogen   22 Protein acceptor 1064 bond energy  2.00 wt 0.52
  Ligand donor   10 hydrogen   23 Protein acceptor 3108 bond energy  2.00 wt 0.68

--------------------------------------------------------------------------------

--------------------------------------------------------------------------------
--- Rescoring solution                                                       ---
--------------------------------------------------------------------------------

     Score     S(PLP)   S(hbond)     S(cho)   S(metal)  DE(clash)   DE(tors)
     32.30     -31.02       0.88       0.00       0.00       0.00       0.68

Doing AMOEBA simplex on best individual
Done simplexing #iterations 1144, best score  39.06

     Score     S(PLP)   S(hbond)     S(cho)   S(metal)  DE(clash)   DE(tors)
     39.06     -36.43       0.99       0.00       0.00       0.00       0.17

--------------------------------------------------------------------------------
--- CHEMPLP breakdown of terms                                               ---
--------------------------------------------------------------------------------
CHEMPLP = - ( 1.0000*S(PLP) + -3.0000*S(hbond) + -6.0000*S(metal) + -3.0000*S(cho) )

Score = CHEMPLP - 1.0000*DE(clash) - 2.0000*DE(tors)


--------------------------------------------------------------------------------


--------------------------------------------------------------------------------
--- PLP analysis of protein-ligand interactions                              ---
--------------------------------------------------------------------------------
hydrogen bonding        :      -1.54
metal                   :       0.00
buried (polar-nonpolar) :      -6.44
nonpolar                :     -30.33
repulsive               :       1.51
--------------------------------------------------------------------------------


--------------------------------------------------------------------------------
--- ChemScore analysis of protein-ligand interactions                        ---
--------------------------------------------------------------------------------

* Hydrogen bonds                                                                
Ligand donor    8 hydrogen   22 Protein acceptor 1064 bond energy  1.00 wt 0.99


* CH..O interactions                                                            
  CH group selection                       : activated ring CH (adjacent to hetatom)

--------------------------------------------------------------------------------


--------------------------------------------------------------------------------
--- Intra-ligand clashes                                                     ---
--------------------------------------------------------------------------------

Ligand
--------------------------------------------------------------------------------


--------------------------------------------------------------------------------
--- Chromosome decoded                                                       ---
--------------------------------------------------------------------------------
Ligand Torsions
[   6    2    1    3]  -76.52
[  12    5    1    2] -171.42
Protein Torsions
[1057 1050 1048 1045]  -47.59 
[1068 1064 1062 1059]  -93.63 
[3125 3116 3115 3113]  -19.54 
[ 214  208  207  205]  -58.80 
[3719 3710 3709 3707] -111.74 
[2078 2074 2073 2070] -108.53 
[2173 2166 2164 2161]   82.98 
[3437 3430 3428 3425]  177.73 
[3056 3045 3044 3043] -162.27 
[ 673  670  669  666] -152.26 
[3200 3189 3188 3187]  166.35 
Mapping
Ligand acceptors to protein hydrogens (mapping then atom ids)
  1  32 [  9->1056]
Ligand hydrogens to protein acceptors (mapping then atom ids)
Ligand shape atoms to protein points (mapping then atom ids & coords)
  1  8404 [  5->( -9.500   0.000 -19.750)]
  3 12012 [  7->( -6.750  -3.000 -16.000)]
  4  8188 [ 12->( -9.750   0.500 -19.250)]
  5 11136 [ 13->( -7.500  -2.250 -13.250)]
  6 12002 [ 14->( -6.750  -3.250 -15.750)]
  7  9537 [ 16->( -8.500  -2.750 -15.000)]
Chromosome values
Integers:
  31   -1   -1   -1   -1 8403   -1 12011 8187 11135 12001 9536 
--------------------------------------------------------------------------------


--------------------------------------------------------------------------------
--- Diverse Solutions Stats                                                  ---
--------------------------------------------------------------------------------
  Move attempts                            :  18015
  Move failures                            :      0
  Failure rate                             :   0.000

--------------------------------------------------------------------------------

Current Ranking  2  1

--------------------------------------------------------------------------------

* GA execution time :                                                           
  total  1.3462 user  1.3192 sys  0.0270

--------------------------------------------------------------------------------
Fitness function evaluations: 19033

--------------------------------------------------------------------------------
** Docking run number  3 **
--------------------------------------------------------------------------------
  Rank fitness base is 5000.00 ; increment is 11.2233

* Initialising population(s) ...                                                
Number of constraints mappings 0
Number of constraints 0
  Population no.                           :      1
  Population size                          :    100
  Number of duplicates                     :      0
  Number of niche violations               :      0
  Number of errors                         :    965


Doing GA, no. of population(s) 1 size 100 selection pressure 1.100000

 Operation      Fitness  S(hb_ext) S(vdw_ext)  S(hb_int)    S(int)      intcor
         0      38.47       6.73      24.45       0.00      -9.40      -0.76
        86      38.96       6.73      24.58       0.00      -7.50      -0.76
       165      38.47       6.66      24.35       0.00      -7.50      -0.76
       175      39.11       5.80      24.46       0.00      -1.44      -0.76
Reordering...
       540      35.50       6.42      23.51       0.00     -11.05      -0.76
       667      36.06       4.87      22.89       0.00      -0.86      -0.76
       723      36.96       7.03      22.13       0.00      -1.49      -0.76
Reordering...
      1170      33.96       4.67      21.59       0.00      -0.86      -0.76
      1186      34.04       7.18      20.61       0.00      -3.21      -0.76
Reordering...
      1290      33.51       4.66      21.30       0.00      -0.86      -0.76
      1498      33.18       4.63      21.13       0.00      -0.86      -0.76
      1589      33.25       4.42      21.02       0.00      -0.12      -0.76
      1598      34.13       6.90      21.26       0.00      -3.21      -0.76
Reordering...
      1770      33.83       4.34      21.54       0.00      -0.17      -0.76
      1791      37.59       7.27      23.71       0.00      -3.21      -0.76
      2010      37.64       7.09      23.36       0.00      -1.86      -0.76
      2021      37.67       7.09      23.38       0.00      -1.86      -0.76
      2667      37.53       7.00      23.46       0.00      -1.73      -0.76
      2759      38.08       6.94      23.77       0.00      -1.53      -0.76
--------------------------------------------------------------------------------
Best docking solution after GA:
      3000      38.08       6.94      23.77       0.00      -1.53      -0.76

#ops:       3000 #mutates:   1529 #cross:     1471 #dups:       634 
#niche:     1558 #errors:     114 
--------------------------------------------------------------------------------

Doing AMOEBA simplex on best individual
Done simplexing #iterations 966, best score  40.24

Ligand is stored in gold_soln_ligand_prepared_m1_3.mol2


--------------------------------------------------------------------------------
--- GoldScore breakdown of terms                                             ---
--------------------------------------------------------------------------------
Fitness = S(hb_ext) + 1.3750*S(vdw_ext) + S(hb_int) + 1.0000*S(int)
S(int)  = S(vdw_int) + S(tors)

Internal terms are relative to best energy found (intcor).

--------------------------------------------------------------------------------


     Fitness  S(hb_ext) S(vdw_ext)  S(hb_int)    S(int)      intcor
     40.24       7.18      24.93       0.00      -1.22      -0.76

--------------------------------------------------------------------------------
--- GoldScore analysis of protein-ligand interactions                        ---
--------------------------------------------------------------------------------

  Ligand acceptor   17 Protein hydrogen 1014 donor 1010 bond energy  2.00 wt 0.37
  Ligand acceptor    9 Protein hydrogen 1068 donor 1064 bond energy  2.00 wt 0.12
  Ligand acceptor   11 Protein hydrogen 3145 donor 3133 bond energy  6.00 wt 0.98
  Ligand donor    8 hydrogen   22 Protein acceptor 1006 bond energy  2.00 wt 0.17

--------------------------------------------------------------------------------

--------------------------------------------------------------------------------
--- Rescoring solution                                                       ---
--------------------------------------------------------------------------------

     Score     S(PLP)   S(hbond)     S(cho)   S(metal)  DE(clash)   DE(tors)
     17.98     -16.00       1.45       0.00       0.00       0.96       0.71

Doing AMOEBA simplex on best individual
Done simplexing #iterations 1103, best score  29.28

     Score     S(PLP)   S(hbond)     S(cho)   S(metal)  DE(clash)   DE(tors)
     29.28     -25.72       1.89       0.00       0.00       0.06       1.03

--------------------------------------------------------------------------------
--- CHEMPLP breakdown of terms                                               ---
--------------------------------------------------------------------------------
CHEMPLP = - ( 1.0000*S(PLP) + -3.0000*S(hbond) + -6.0000*S(metal) + -3.0000*S(cho) )

Score = CHEMPLP - 1.0000*DE(clash) - 2.0000*DE(tors)


--------------------------------------------------------------------------------


--------------------------------------------------------------------------------
--- PLP analysis of protein-ligand interactions                              ---
--------------------------------------------------------------------------------
hydrogen bonding        :      -2.01
metal                   :       0.00
buried (polar-nonpolar) :       0.63
nonpolar                :     -27.52
repulsive               :       1.55
--------------------------------------------------------------------------------


--------------------------------------------------------------------------------
--- ChemScore analysis of protein-ligand interactions                        ---
--------------------------------------------------------------------------------

* Hydrogen bonds                                                                
Ligand donor    8 hydrogen   22 Protein acceptor 1006 bond energy  1.00 wt 0.52
Protein donor 1010 hydrogen 1014 Ligand acceptor   17 bond energy  1.00 wt 1.00
Protein donor 3133 hydrogen 3145 Ligand acceptor   11 bond energy  1.00 wt 0.37


* CH..O interactions                                                            
  CH group selection                       : activated ring CH (adjacent to hetatom)

--------------------------------------------------------------------------------


--------------------------------------------------------------------------------
--- Intra-ligand clashes                                                     ---
--------------------------------------------------------------------------------

Ligand
  6 (C6   ) -   4 (C4   ):   0.06 (dist   2.75)
--------------------------------------------------------------------------------


--------------------------------------------------------------------------------
--- Chromosome decoded                                                       ---
--------------------------------------------------------------------------------
Ligand Torsions
[   6    2    1    3]  -99.73
[  12    5    1    2] -173.98
Protein Torsions
[1057 1050 1048 1045]   33.61 
[1068 1064 1062 1059]  127.50 
[3125 3116 3115 3113]  -93.28 
[ 214  208  207  205]  -92.81 
[3719 3710 3709 3707] -154.20 
[2078 2074 2073 2070] -153.89 
[2173 2166 2164 2161]   63.49 
[3437 3430 3428 3425] -132.42 
[3056 3045 3044 3043]  166.91 
[ 673  670  669  666]  156.69 
[3200 3189 3188 3187] -157.30 
Mapping
Ligand acceptors to protein hydrogens (mapping then atom ids)
Ligand hydrogens to protein acceptors (mapping then atom ids)
  1   1 [ 22->1006]
Ligand shape atoms to protein points (mapping then atom ids & coords)
  1  5675 [  5->(-12.750   0.750 -15.750)]
  2  4763 [  6->(-13.750   0.250 -16.500)]
  3  5627 [  7->(-12.750   0.000 -15.750)]
  4  7786 [ 12->(-10.250   1.250 -17.750)]
  6  3646 [ 14->(-14.750  -2.500 -14.000)]
  7  3509 [ 16->(-15.000  -0.750 -14.000)]
Chromosome values
Integers:
  -1   -1   -1    0   -1 5674 4762 5626 7785   -1 3645 3508 
--------------------------------------------------------------------------------


--------------------------------------------------------------------------------
--- Diverse Solutions Stats                                                  ---
--------------------------------------------------------------------------------
  Move attempts                            :  18190
  Move failures                            :      0
  Failure rate                             :   0.000

--------------------------------------------------------------------------------

Current Ranking  3  2  1

--------------------------------------------------------------------------------

* GA execution time :                                                           
  total  0.9962 user  0.9551 sys  0.0411

--------------------------------------------------------------------------------
Fitness function evaluations: 19274

--------------------------------------------------------------------------------
** Docking run number  4 **
--------------------------------------------------------------------------------
  Rank fitness base is 5000.00 ; increment is 11.2233

* Initialising population(s) ...                                                
Number of constraints mappings 0
Number of constraints 0
  Population no.                           :      1
  Population size                          :    100
  Number of duplicates                     :      0
  Number of niche violations               :      0
  Number of errors                         :    969


Doing GA, no. of population(s) 1 size 100 selection pressure 1.100000

 Operation      Fitness  S(hb_ext) S(vdw_ext)  S(hb_int)    S(int)      intcor
         0      35.43       0.24      27.68       0.00     -14.32      -0.76
        65      36.49       0.24      26.95       0.00      -3.87      -0.76
       189      36.05       4.91      22.84       0.00      -1.18      -0.76
       434      35.58       4.84      22.59       0.00      -1.18      -0.76
       593      35.29       4.65      22.46       0.00      -0.82      -0.76
       922      35.16       4.54      22.50       0.00      -0.82      -0.76
       992      35.01       4.78      22.22       0.00      -0.82      -0.76
Reordering...
      1080      34.82       4.43      22.36       0.00      -0.82      -0.76
      1349      34.89       3.04      23.27       0.00      -0.31      -0.76
      1556      34.78       2.91      23.31       0.00      -0.31      -0.76
      1558      34.80       2.91      23.33       0.00      -0.31      -0.76
      1915      34.56       2.72      23.33       0.00      -0.31      -0.76
      1965      34.58       2.72      23.35       0.00      -0.31      -0.76
      2097      34.76       3.54      23.11       0.00      -0.63      -0.76
      2317      34.64       3.43      23.16       0.00      -0.63      -0.76
      2990      34.84       3.39      23.10       0.00      -0.32      -0.76
--------------------------------------------------------------------------------
Best docking solution after GA:
      3000      34.84       3.39      23.10       0.00      -0.32      -0.76

#ops:       3000 #mutates:   1558 #cross:     1442 #dups:       586 
#niche:     1709 #errors:     112 
--------------------------------------------------------------------------------

Doing AMOEBA simplex on best individual
Done simplexing #iterations 806, best score  36.30

Ligand is stored in gold_soln_ligand_prepared_m1_4.mol2


--------------------------------------------------------------------------------
--- GoldScore breakdown of terms                                             ---
--------------------------------------------------------------------------------
Fitness = S(hb_ext) + 1.3750*S(vdw_ext) + S(hb_int) + 1.0000*S(int)
S(int)  = S(vdw_int) + S(tors)

Internal terms are relative to best energy found (intcor).

--------------------------------------------------------------------------------


     Fitness  S(hb_ext) S(vdw_ext)  S(hb_int)    S(int)      intcor
     36.30       3.14      24.19       0.00      -0.10      -0.76

--------------------------------------------------------------------------------
--- GoldScore analysis of protein-ligand interactions                        ---
--------------------------------------------------------------------------------

  Ligand acceptor    9 Protein hydrogen 1056 donor 1044 bond energy  2.00 wt 0.65
  Ligand donor    8 hydrogen   22 Protein acceptor 1064 bond energy  2.00 wt 0.47
  Ligand donor   10 hydrogen   23 Protein acceptor 3108 bond energy  2.00 wt 0.45

--------------------------------------------------------------------------------

--------------------------------------------------------------------------------
--- Rescoring solution                                                       ---
--------------------------------------------------------------------------------

     Score     S(PLP)   S(hbond)     S(cho)   S(metal)  DE(clash)   DE(tors)
     28.91     -29.85       0.45       0.00       0.00       0.00       1.15

Doing AMOEBA simplex on best individual
Done simplexing #iterations 1377, best score  38.86

     Score     S(PLP)   S(hbond)     S(cho)   S(metal)  DE(clash)   DE(tors)
     38.86     -36.49       0.88       0.00       0.00       0.00       0.13

--------------------------------------------------------------------------------
--- CHEMPLP breakdown of terms                                               ---
--------------------------------------------------------------------------------
CHEMPLP = - ( 1.0000*S(PLP) + -3.0000*S(hbond) + -6.0000*S(metal) + -3.0000*S(cho) )

Score = CHEMPLP - 1.0000*DE(clash) - 2.0000*DE(tors)


--------------------------------------------------------------------------------


--------------------------------------------------------------------------------
--- PLP analysis of protein-ligand interactions                              ---
--------------------------------------------------------------------------------
hydrogen bonding        :      -1.48
metal                   :       0.00
buried (polar-nonpolar) :      -6.40
nonpolar                :     -30.36
repulsive               :       1.64
--------------------------------------------------------------------------------


--------------------------------------------------------------------------------
--- ChemScore analysis of protein-ligand interactions                        ---
--------------------------------------------------------------------------------

* Hydrogen bonds                                                                
Ligand donor    8 hydrogen   22 Protein acceptor 1064 bond energy  1.00 wt 0.88


* CH..O interactions                                                            
  CH group selection                       : activated ring CH (adjacent to hetatom)

--------------------------------------------------------------------------------


--------------------------------------------------------------------------------
--- Intra-ligand clashes                                                     ---
--------------------------------------------------------------------------------

Ligand
--------------------------------------------------------------------------------


--------------------------------------------------------------------------------
--- Chromosome decoded                                                       ---
--------------------------------------------------------------------------------
Ligand Torsions
[   6    2    1    3]  -77.87
[  12    5    1    2] -169.27
Protein Torsions
[1057 1050 1048 1045]  -21.12 
[1068 1064 1062 1059] -120.13 
[3125 3116 3115 3113]   -0.03 
[ 214  208  207  205]  -67.75 
[3719 3710 3709 3707]  111.07 
[2078 2074 2073 2070]  104.83 
[2173 2166 2164 2161] -113.58 
[3437 3430 3428 3425]   55.62 
[3056 3045 3044 3043]  105.59 
[ 673  670  669  666]   99.79 
[3200 3189 3188 3187] -164.81 
Mapping
Ligand acceptors to protein hydrogens (mapping then atom ids)
Ligand hydrogens to protein acceptors (mapping then atom ids)
  1   4 [ 22->1064]
  2   6 [ 23->3108]
Ligand shape atoms to protein points (mapping then atom ids & coords)
  4  8119 [ 12->( -9.750  -0.500 -18.750)]
  7 12469 [ 16->( -6.250  -3.750 -14.500)]
Chromosome values
Integers:
  -1   -1   -1    3    5   -1   -1   -1 8118   -1   -1 12468 
--------------------------------------------------------------------------------


--------------------------------------------------------------------------------
--- Diverse Solutions Stats                                                  ---
--------------------------------------------------------------------------------
  Move attempts                            :  18017
  Move failures                            :      0
  Failure rate                             :   0.000

--------------------------------------------------------------------------------

Current Ranking  3  2  4  1

--------------------------------------------------------------------------------

* GA execution time :                                                           
  total  1.0101 user  0.9732 sys  0.0369

--------------------------------------------------------------------------------
Fitness function evaluations: 19104

--------------------------------------------------------------------------------
** Docking run number  5 **
--------------------------------------------------------------------------------
  Rank fitness base is 5000.00 ; increment is 11.2233

* Initialising population(s) ...                                                
Number of constraints mappings 0
Number of constraints 0
  Population no.                           :      1
  Population size                          :    100
  Number of duplicates                     :      0
  Number of niche violations               :      0
  Number of errors                         :    986


Doing GA, no. of population(s) 1 size 100 selection pressure 1.100000

 Operation      Fitness  S(hb_ext) S(vdw_ext)  S(hb_int)    S(int)      intcor
         0      36.14       1.54      25.63       0.00      -3.21      -0.76
        60      36.86       1.54      25.75       0.00      -0.42      -0.76
       464      34.53       3.20      23.65       0.00      -4.31      -0.76
       582      34.22       4.51      21.77       0.00      -0.73      -0.76
       729      32.98       4.31      21.06       0.00      -0.83      -0.76
       972      33.49       7.07      19.78       0.00      -1.99      -0.76
      1296      34.95       7.81      20.05       0.00      -0.83      -0.76
      1695      34.60       7.56      20.06       0.00      -0.83      -0.76
      1934      34.71       7.42      20.32       0.00      -0.83      -0.76
      1944      35.07       5.91      22.83       0.00      -2.83      -0.76
Reordering...
      2130      34.54       7.30      20.37       0.00      -0.83      -0.76
      2632      34.49       5.53      23.12       0.00      -2.83      -0.76
      2937      36.44       5.89      22.83       0.00      -0.83      -0.76
--------------------------------------------------------------------------------
Best docking solution after GA:
      3000      36.44       5.89      22.83       0.00      -0.83      -0.76

#ops:       3000 #mutates:   1513 #cross:     1487 #dups:       627 
#niche:     1562 #errors:     120 
--------------------------------------------------------------------------------

Doing AMOEBA simplex on best individual
Done simplexing #iterations 830, best score  39.83

Ligand is stored in gold_soln_ligand_prepared_m1_5.mol2


--------------------------------------------------------------------------------
--- GoldScore breakdown of terms                                             ---
--------------------------------------------------------------------------------
Fitness = S(hb_ext) + 1.3750*S(vdw_ext) + S(hb_int) + 1.0000*S(int)
S(int)  = S(vdw_int) + S(tors)

Internal terms are relative to best energy found (intcor).

--------------------------------------------------------------------------------


     Fitness  S(hb_ext) S(vdw_ext)  S(hb_int)    S(int)      intcor
     39.83       7.10      24.30       0.00      -0.69      -0.76

--------------------------------------------------------------------------------
--- GoldScore analysis of protein-ligand interactions                        ---
--------------------------------------------------------------------------------

  Ligand acceptor   17 Protein hydrogen 1014 donor 1010 bond energy  2.00 wt 0.32
  Ligand acceptor   11 Protein hydrogen 3145 donor 3133 bond energy  6.00 wt 1.00
  Ligand donor    8 hydrogen   22 Protein acceptor 1006 bond energy  2.00 wt 0.23

--------------------------------------------------------------------------------

--------------------------------------------------------------------------------
--- Rescoring solution                                                       ---
--------------------------------------------------------------------------------

     Score     S(PLP)   S(hbond)     S(cho)   S(metal)  DE(clash)   DE(tors)
     24.63     -22.29       1.54       0.00       0.00       0.00       1.14

Doing AMOEBA simplex on best individual
Done simplexing #iterations 1094, best score  35.30

     Score     S(PLP)   S(hbond)     S(cho)   S(metal)  DE(clash)   DE(tors)
     35.30     -31.48       1.94       0.00       0.00       0.02       1.00

--------------------------------------------------------------------------------
--- CHEMPLP breakdown of terms                                               ---
--------------------------------------------------------------------------------
CHEMPLP = - ( 1.0000*S(PLP) + -3.0000*S(hbond) + -6.0000*S(metal) + -3.0000*S(cho) )

Score = CHEMPLP - 1.0000*DE(clash) - 2.0000*DE(tors)


--------------------------------------------------------------------------------


--------------------------------------------------------------------------------
--- PLP analysis of protein-ligand interactions                              ---
--------------------------------------------------------------------------------
hydrogen bonding        :      -2.07
metal                   :       0.00
buried (polar-nonpolar) :      -4.49
nonpolar                :     -28.24
repulsive               :       2.16
--------------------------------------------------------------------------------


--------------------------------------------------------------------------------
--- ChemScore analysis of protein-ligand interactions                        ---
--------------------------------------------------------------------------------

* Hydrogen bonds                                                                
Ligand donor    8 hydrogen   22 Protein acceptor 1006 bond energy  1.00 wt 0.94
Protein donor 1010 hydrogen 1014 Ligand acceptor   17 bond energy  1.00 wt 1.00


* CH..O interactions                                                            
  CH group selection                       : activated ring CH (adjacent to hetatom)

--------------------------------------------------------------------------------


--------------------------------------------------------------------------------
--- Intra-ligand clashes                                                     ---
--------------------------------------------------------------------------------

Ligand
  6 (C6   ) -   4 (C4   ):   0.02 (dist   2.75)
--------------------------------------------------------------------------------


--------------------------------------------------------------------------------
--- Chromosome decoded                                                       ---
--------------------------------------------------------------------------------
Ligand Torsions
[   6    2    1    3]  -92.36
[  12    5    1    2] -171.67
Protein Torsions
[1057 1050 1048 1045]  -96.96 
[1068 1064 1062 1059]   93.92 
[3125 3116 3115 3113] -119.17 
[ 214  208  207  205] -177.53 
[3719 3710 3709 3707]    1.71 
[2078 2074 2073 2070]  144.65 
[2173 2166 2164 2161]  -41.94 
[3437 3430 3428 3425]  174.62 
[3056 3045 3044 3043]  160.27 
[ 673  670  669  666]  -66.17 
[3200 3189 3188 3187] -100.68 
Mapping
Ligand acceptors to protein hydrogens (mapping then atom ids)
Ligand hydrogens to protein acceptors (mapping then atom ids)
  1   1 [ 22->1006]
Ligand shape atoms to protein points (mapping then atom ids & coords)
  1  6473 [  5->(-11.750   0.250 -16.500)]
  4  6908 [ 12->(-11.250   0.500 -16.750)]
  6  4726 [ 14->(-13.750  -0.750 -14.500)]
  7  4700 [ 16->(-13.750  -1.250 -15.000)]
Chromosome values
Integers:
  -1   -1   -1    0   -1 6472   -1   -1 6907   -1 4725 4699 
--------------------------------------------------------------------------------


--------------------------------------------------------------------------------
--- Diverse Solutions Stats                                                  ---
--------------------------------------------------------------------------------
  Move attempts                            :  17684
  Move failures                            :     33
  Failure rate                             :   0.002

--------------------------------------------------------------------------------

Current Ranking  3  5  2  4  1

--------------------------------------------------------------------------------

* GA execution time :                                                           
  total  1.0409 user  0.9686 sys  0.0723

--------------------------------------------------------------------------------
Fitness function evaluations: 18761

--------------------------------------------------------------------------------
** Docking run number  6 **
--------------------------------------------------------------------------------
  Rank fitness base is 5000.00 ; increment is 11.2233

* Initialising population(s) ...                                                
Number of constraints mappings 0
Number of constraints 0
  Population no.                           :      1
  Population size                          :    100
  Number of duplicates                     :      0
  Number of niche violations               :      0
  Number of errors                         :    999


Doing GA, no. of population(s) 1 size 100 selection pressure 1.100000

 Operation      Fitness  S(hb_ext) S(vdw_ext)  S(hb_int)    S(int)      intcor
         0      38.82       3.36      26.23       0.00      -3.04      -0.76
       339      37.94       3.22      25.93       0.00      -3.70      -0.76
       386      37.95       3.15      25.69       0.00      -2.02      -0.76
       678      37.76       5.82      23.25       0.00      -0.08      -0.76
      1121      38.64       3.74      26.05       0.00      -2.08      -0.76
      1545      36.87       3.56      25.13       0.00      -2.08      -0.76
      1756      36.59       6.44      21.97       0.00      -0.08      -0.76
      2404      38.78       2.76      26.83       0.00      -0.86      -0.76
      2551      38.79       2.76      26.84       0.00      -0.86      -0.76
      2574      42.09       3.32      28.83       0.00      -0.86      -0.76
      2857      42.29       3.32      28.97       0.00      -0.86      -0.76
      2865      42.43       3.30      29.03       0.00      -0.79      -0.76
--------------------------------------------------------------------------------
Best docking solution after GA:
      3000      42.43       3.30      29.03       0.00      -0.79      -0.76

#ops:       3000 #mutates:   1536 #cross:     1464 #dups:       622 
#niche:     1624 #errors:     138 
--------------------------------------------------------------------------------

Doing AMOEBA simplex on best individual
Done simplexing #iterations 906, best score  44.49

Ligand is stored in gold_soln_ligand_prepared_m1_6.mol2


--------------------------------------------------------------------------------
--- GoldScore breakdown of terms                                             ---
--------------------------------------------------------------------------------
Fitness = S(hb_ext) + 1.3750*S(vdw_ext) + S(hb_int) + 1.0000*S(int)
S(int)  = S(vdw_int) + S(tors)

Internal terms are relative to best energy found (intcor).

--------------------------------------------------------------------------------


     Fitness  S(hb_ext) S(vdw_ext)  S(hb_int)    S(int)      intcor
     44.49       3.58      30.32       0.00      -0.78      -0.76

--------------------------------------------------------------------------------
--- GoldScore analysis of protein-ligand interactions                        ---
--------------------------------------------------------------------------------

  Ligand acceptor   11 Protein hydrogen 1014 donor 1010 bond energy  2.00 wt 0.04
  Ligand acceptor   17 Protein hydrogen 3145 donor 3133 bond energy  6.00 wt 0.49
  Ligand donor    8 hydrogen   22 Protein acceptor 3092 bond energy  2.00 wt 0.28

--------------------------------------------------------------------------------

--------------------------------------------------------------------------------
--- Rescoring solution                                                       ---
--------------------------------------------------------------------------------

     Score     S(PLP)   S(hbond)     S(cho)   S(metal)  DE(clash)   DE(tors)
     44.13     -38.49       2.02       0.00       0.00       0.00       0.21

Doing AMOEBA simplex on best individual
Done simplexing #iterations 520, best score  49.68

     Score     S(PLP)   S(hbond)     S(cho)   S(metal)  DE(clash)   DE(tors)
     49.68     -41.27       2.85       0.00       0.00       0.00       0.06

--------------------------------------------------------------------------------
--- CHEMPLP breakdown of terms                                               ---
--------------------------------------------------------------------------------
CHEMPLP = - ( 1.0000*S(PLP) + -3.0000*S(hbond) + -6.0000*S(metal) + -3.0000*S(cho) )

Score = CHEMPLP - 1.0000*DE(clash) - 2.0000*DE(tors)


--------------------------------------------------------------------------------


--------------------------------------------------------------------------------
--- PLP analysis of protein-ligand interactions                              ---
--------------------------------------------------------------------------------
hydrogen bonding        :      -3.00
metal                   :       0.00
buried (polar-nonpolar) :      -4.27
nonpolar                :     -37.02
repulsive               :       1.38
--------------------------------------------------------------------------------


--------------------------------------------------------------------------------
--- ChemScore analysis of protein-ligand interactions                        ---
--------------------------------------------------------------------------------

* Hydrogen bonds                                                                
Ligand donor    8 hydrogen   22 Protein acceptor 3092 bond energy  1.00 wt 0.85
Protein donor 1010 hydrogen 1014 Ligand acceptor   11 bond energy  1.00 wt 1.00
Protein donor 3133 hydrogen 3145 Ligand acceptor   17 bond energy  1.00 wt 1.00


* CH..O interactions                                                            
  CH group selection                       : activated ring CH (adjacent to hetatom)

--------------------------------------------------------------------------------


--------------------------------------------------------------------------------
--- Intra-ligand clashes                                                     ---
--------------------------------------------------------------------------------

Ligand
--------------------------------------------------------------------------------


--------------------------------------------------------------------------------
--- Chromosome decoded                                                       ---
--------------------------------------------------------------------------------
Ligand Torsions
[   6    2    1    3]  127.35
[  12    5    1    2]  174.17
Protein Torsions
[1057 1050 1048 1045]  166.18 
[1068 1064 1062 1059]   39.59 
[3125 3116 3115 3113]  158.43 
[ 214  208  207  205]  -40.21 
[3719 3710 3709 3707]  170.89 
[2078 2074 2073 2070]  -89.22 
[2173 2166 2164 2161]   87.17 
[3437 3430 3428 3425] -134.22 
[3056 3045 3044 3043]  123.82 
[ 673  670  669  666]  119.53 
[3200 3189 3188 3187] -177.49 
Mapping
Ligand acceptors to protein hydrogens (mapping then atom ids)
  3  14 [ 17->3145]
Ligand hydrogens to protein acceptors (mapping then atom ids)
Ligand shape atoms to protein points (mapping then atom ids & coords)
  4  6796 [ 12->(-11.250  -1.500 -17.250)]
  5 11924 [ 13->( -7.000   1.250 -22.000)]
  7 10969 [ 16->( -7.750   1.500 -22.500)]
Chromosome values
Integers:
  -1   -1   13   -1   -1   -1   -1   -1 6795 11923   -1 10968 
--------------------------------------------------------------------------------


--------------------------------------------------------------------------------
--- Diverse Solutions Stats                                                  ---
--------------------------------------------------------------------------------
  Move attempts                            :  16951
  Move failures                            :     30
  Failure rate                             :   0.002

--------------------------------------------------------------------------------

Current Ranking  6  3  5  2  4  1

--------------------------------------------------------------------------------

* GA execution time :                                                           
  total  1.0824 user  0.9808 sys  0.1017

--------------------------------------------------------------------------------
Fitness function evaluations: 18062

--------------------------------------------------------------------------------
** Docking run number  7 **
--------------------------------------------------------------------------------
  Rank fitness base is 5000.00 ; increment is 11.2233

* Initialising population(s) ...                                                
Number of constraints mappings 0
Number of constraints 0
  Population no.                           :      1
  Population size                          :    100
  Number of duplicates                     :      0
  Number of niche violations               :      0
  Number of errors                         :    972


Doing GA, no. of population(s) 1 size 100 selection pressure 1.100000

 Operation      Fitness  S(hb_ext) S(vdw_ext)  S(hb_int)    S(int)      intcor
         0      35.20       1.93      27.10       0.00     -20.01      -0.76
       192      36.17       1.20      26.78       0.00      -8.12      -0.76
       271      35.77       1.14      26.03       0.00      -4.80      -0.76
       447      36.85       1.32      27.43       0.00      -8.12      -0.76
       614      34.72       1.26      26.15       0.00      -8.12      -0.76
       677      34.79       2.18      25.61       0.00      -8.12      -0.76
       936      32.37       3.19      22.42       0.00      -4.24      -0.76
       947      32.55       3.08      22.64       0.00      -4.24      -0.76
      1482      33.76       3.86      23.16       0.00      -3.40      -0.76
      1870      34.27       2.36      23.91       0.00      -1.28      -0.76
      2167      34.98       3.31      23.91       0.00      -1.28      -0.76
      2348      35.07       3.23      24.08       0.00      -1.28      -0.76
      2481      35.19       3.34      24.10       0.00      -1.28      -0.76
      2768      35.19       3.34      24.10       0.00      -1.28      -0.76
--------------------------------------------------------------------------------
Best docking solution after GA:
      3000      35.19       3.34      24.10       0.00      -1.28      -0.76

#ops:       3000 #mutates:   1523 #cross:     1477 #dups:       591 
#niche:     1513 #errors:     161 
--------------------------------------------------------------------------------

Doing AMOEBA simplex on best individual
Done simplexing #iterations 536, best score  36.59

Ligand is stored in gold_soln_ligand_prepared_m1_7.mol2


--------------------------------------------------------------------------------
--- GoldScore breakdown of terms                                             ---
--------------------------------------------------------------------------------
Fitness = S(hb_ext) + 1.3750*S(vdw_ext) + S(hb_int) + 1.0000*S(int)
S(int)  = S(vdw_int) + S(tors)

Internal terms are relative to best energy found (intcor).

--------------------------------------------------------------------------------


     Fitness  S(hb_ext) S(vdw_ext)  S(hb_int)    S(int)      intcor
     36.59       3.43      24.54       0.00      -0.58      -0.76

--------------------------------------------------------------------------------
--- GoldScore analysis of protein-ligand interactions                        ---
--------------------------------------------------------------------------------

  Ligand acceptor   11 Protein hydrogen 1068 donor 1064 bond energy  2.00 wt 0.09
  Ligand acceptor   17 Protein hydrogen 3145 donor 3133 bond energy  6.00 wt 0.26
  Ligand donor    8 hydrogen   22 Protein acceptor 3092 bond energy  2.00 wt 0.85

--------------------------------------------------------------------------------

--------------------------------------------------------------------------------
--- Rescoring solution                                                       ---
--------------------------------------------------------------------------------

     Score     S(PLP)   S(hbond)     S(cho)   S(metal)  DE(clash)   DE(tors)
     35.18     -33.83       1.06       0.00       0.00       0.47       0.68

Doing AMOEBA simplex on best individual
Done simplexing #iterations 817, best score  39.97

     Score     S(PLP)   S(hbond)     S(cho)   S(metal)  DE(clash)   DE(tors)
     39.97     -37.00       1.55       0.00       0.00       0.00       0.84

--------------------------------------------------------------------------------
--- CHEMPLP breakdown of terms                                               ---
--------------------------------------------------------------------------------
CHEMPLP = - ( 1.0000*S(PLP) + -3.0000*S(hbond) + -6.0000*S(metal) + -3.0000*S(cho) )

Score = CHEMPLP - 1.0000*DE(clash) - 2.0000*DE(tors)


--------------------------------------------------------------------------------


--------------------------------------------------------------------------------
--- PLP analysis of protein-ligand interactions                              ---
--------------------------------------------------------------------------------
hydrogen bonding        :      -3.01
metal                   :       0.00
buried (polar-nonpolar) :      -4.99
nonpolar                :     -31.30
repulsive               :       1.00
--------------------------------------------------------------------------------


--------------------------------------------------------------------------------
--- ChemScore analysis of protein-ligand interactions                        ---
--------------------------------------------------------------------------------

* Hydrogen bonds                                                                
Ligand donor    8 hydrogen   22 Protein acceptor 3092 bond energy  1.00 wt 1.00
Protein donor 3133 hydrogen 3145 Ligand acceptor   17 bond energy  1.00 wt 0.55


* CH..O interactions                                                            
  CH group selection                       : activated ring CH (adjacent to hetatom)

--------------------------------------------------------------------------------


--------------------------------------------------------------------------------
--- Intra-ligand clashes                                                     ---
--------------------------------------------------------------------------------

Ligand
--------------------------------------------------------------------------------


--------------------------------------------------------------------------------
--- Chromosome decoded                                                       ---
--------------------------------------------------------------------------------
Ligand Torsions
[   6    2    1    3]   92.72
[  12    5    1    2] -168.64
Protein Torsions
[1057 1050 1048 1045]  125.79 
[1068 1064 1062 1059]  111.45 
[3125 3116 3115 3113]  -38.18 
[ 214  208  207  205]  -49.36 
[3719 3710 3709 3707]  127.35 
[2078 2074 2073 2070]  114.30 
[2173 2166 2164 2161]  -92.89 
[3437 3430 3428 3425]   -6.03 
[3056 3045 3044 3043]   66.81 
[ 673  670  669  666]   84.65 
[3200 3189 3188 3187] -121.10 
Mapping
Ligand acceptors to protein hydrogens (mapping then atom ids)
  3  14 [ 17->3145]
Ligand hydrogens to protein acceptors (mapping then atom ids)
  1   5 [ 22->3092]
Ligand shape atoms to protein points (mapping then atom ids & coords)
  2 11801 [  6->( -7.000  -1.250 -18.250)]
  3 10140 [  7->( -8.250   0.500 -20.750)]
Chromosome values
Integers:
  -1   -1   13    4   -1   -1 11800 10139   -1   -1   -1   -1 
--------------------------------------------------------------------------------


--------------------------------------------------------------------------------
--- Diverse Solutions Stats                                                  ---
--------------------------------------------------------------------------------
  Move attempts                            :  16770
  Move failures                            :     41
  Failure rate                             :   0.002

--------------------------------------------------------------------------------

Current Ranking  6  3  5  7  2  4  1

--------------------------------------------------------------------------------

* GA execution time :                                                           
  total  1.0689 user  0.9141 sys  0.1548

--------------------------------------------------------------------------------
Fitness function evaluations: 17866

--------------------------------------------------------------------------------
** Docking run number  8 **
--------------------------------------------------------------------------------
  Rank fitness base is 5000.00 ; increment is 11.2233

* Initialising population(s) ...                                                
Number of constraints mappings 0
Number of constraints 0
  Population no.                           :      1
  Population size                          :    100
  Number of duplicates                     :      0
  Number of niche violations               :      0
  Number of errors                         :   1015


Doing GA, no. of population(s) 1 size 100 selection pressure 1.100000

 Operation      Fitness  S(hb_ext) S(vdw_ext)  S(hb_int)    S(int)      intcor
         0      38.12       4.84      26.47       0.00     -15.63      -0.76
Reordering...
        30      34.10       0.80      29.24       0.00     -33.82      -0.76
       102      33.46       0.79      29.00       0.00     -33.82      -0.76
       137      34.07       1.11      29.33       0.00     -33.82      -0.76
       261      33.52       4.62      23.33       0.00     -13.39      -0.76
       307      33.20       0.39      24.35       0.00      -2.74      -0.76
       397      33.73       0.84      24.84       0.00      -4.76      -0.76
       405      34.28       4.53      22.35       0.00      -3.73      -0.76
       409      34.33       0.85      24.69       0.00      -1.77      -0.76
       581      34.30       0.83      24.54       0.00      -0.92      -0.76
       761      34.24       5.76      21.04       0.00      -1.28      -0.76
Reordering...
       810      34.01       0.83      24.36       0.00      -0.92      -0.76
      1181      34.47       0.85      24.68       0.00      -0.67      -0.76
      1279      34.11       0.85      24.43       0.00      -0.67      -0.76
      1359      35.57       0.99      25.40       0.00      -0.67      -0.76
Reordering...
      1530      34.66       0.79      25.03       0.00      -0.92      -0.76
      1587      34.69       0.94      24.99       0.00      -1.00      -0.76
Reordering...
      1620      34.62       0.79      25.03       0.00      -0.92      -0.76
      1719      34.95       0.79      25.30       0.00      -0.92      -0.76
      1820      34.96       0.66      25.43       0.00      -0.92      -0.76
      2156      34.85       0.66      25.47       0.00      -0.92      -0.76
      2183      34.94       0.86      25.25       0.00      -0.67      -0.76
      2189      35.71       0.76      26.05       0.00      -0.92      -0.76
      2540      35.75       0.78      26.13       0.00      -0.96      -0.76
      2933      36.03       0.73      25.93       0.00      -0.35      -0.76
--------------------------------------------------------------------------------
Best docking solution after GA:
      3000      36.03       0.73      25.93       0.00      -0.35      -0.76

#ops:       3000 #mutates:   1514 #cross:     1486 #dups:       596 
#niche:     1676 #errors:     146 
--------------------------------------------------------------------------------

Doing AMOEBA simplex on best individual
Done simplexing #iterations 763, best score  36.96

Ligand is stored in gold_soln_ligand_prepared_m1_8.mol2


--------------------------------------------------------------------------------
--- GoldScore breakdown of terms                                             ---
--------------------------------------------------------------------------------
Fitness = S(hb_ext) + 1.3750*S(vdw_ext) + S(hb_int) + 1.0000*S(int)
S(int)  = S(vdw_int) + S(tors)

Internal terms are relative to best energy found (intcor).

--------------------------------------------------------------------------------


     Fitness  S(hb_ext) S(vdw_ext)  S(hb_int)    S(int)      intcor
     36.96       0.64      26.63       0.00      -0.30      -0.76

--------------------------------------------------------------------------------
--- GoldScore analysis of protein-ligand interactions                        ---
--------------------------------------------------------------------------------

  Ligand donor   10 hydrogen   23 Protein acceptor 3444 bond energy  6.00 wt 0.11

--------------------------------------------------------------------------------

--------------------------------------------------------------------------------
--- Rescoring solution                                                       ---
--------------------------------------------------------------------------------

     Score     S(PLP)   S(hbond)     S(cho)   S(metal)  DE(clash)   DE(tors)
     25.14     -24.98       0.80       0.00       0.00       0.00       1.12

Doing AMOEBA simplex on best individual
Done simplexing #iterations 809, best score  39.61

     Score     S(PLP)   S(hbond)     S(cho)   S(metal)  DE(clash)   DE(tors)
     39.61     -39.54       0.70       0.00       0.00       0.02       1.00

--------------------------------------------------------------------------------
--- CHEMPLP breakdown of terms                                               ---
--------------------------------------------------------------------------------
CHEMPLP = - ( 1.0000*S(PLP) + -3.0000*S(hbond) + -6.0000*S(metal) + -3.0000*S(cho) )

Score = CHEMPLP - 1.0000*DE(clash) - 2.0000*DE(tors)


--------------------------------------------------------------------------------


--------------------------------------------------------------------------------
--- PLP analysis of protein-ligand interactions                              ---
--------------------------------------------------------------------------------
hydrogen bonding        :      -1.90
metal                   :       0.00
buried (polar-nonpolar) :       2.90
nonpolar                :     -41.84
repulsive               :       0.36
--------------------------------------------------------------------------------


--------------------------------------------------------------------------------
--- ChemScore analysis of protein-ligand interactions                        ---
--------------------------------------------------------------------------------

* Hydrogen bonds                                                                
Ligand donor   10 hydrogen   23 Protein acceptor 3444 bond energy  1.00 wt 0.70


* CH..O interactions                                                            
  CH group selection                       : activated ring CH (adjacent to hetatom)

--------------------------------------------------------------------------------


--------------------------------------------------------------------------------
--- Intra-ligand clashes                                                     ---
--------------------------------------------------------------------------------

Ligand
  6 (C6   ) -   3 (C3   ):   0.02 (dist   2.75)
--------------------------------------------------------------------------------


--------------------------------------------------------------------------------
--- Chromosome decoded                                                       ---
--------------------------------------------------------------------------------
Ligand Torsions
[   6    2    1    3]  -37.47
[  12    5    1    2]  170.34
Protein Torsions
[1057 1050 1048 1045]  -45.33 
[1068 1064 1062 1059]   84.70 
[3125 3116 3115 3113]   97.57 
[ 214  208  207  205]   72.45 
[3719 3710 3709 3707] -130.52 
[2078 2074 2073 2070]  171.31 
[2173 2166 2164 2161] -120.75 
[3437 3430 3428 3425]  148.30 
[3056 3045 3044 3043]  131.11 
[ 673  670  669  666]  165.07 
[3200 3189 3188 3187] -121.92 
Mapping
Ligand acceptors to protein hydrogens (mapping then atom ids)
Ligand hydrogens to protein acceptors (mapping then atom ids)
  2  14 [ 23->3444]
Ligand shape atoms to protein points (mapping then atom ids & coords)
  2 12089 [  6->( -6.750  -1.500 -18.000)]
  3 13176 [  7->( -5.250  -3.500 -16.750)]
  4 10412 [ 12->( -8.000  -1.750 -13.250)]
  6 12884 [ 14->( -5.750  -2.250 -17.250)]
  7 14351 [ 16->( -4.000  -2.750 -18.500)]
Chromosome values
Integers:
  -1   -1   -1   -1   13   -1 12088 13175 10411   -1 12883 14350 
--------------------------------------------------------------------------------


--------------------------------------------------------------------------------
--- Diverse Solutions Stats                                                  ---
--------------------------------------------------------------------------------
  Move attempts                            :  17285
  Move failures                            :     88
  Failure rate                             :   0.005

--------------------------------------------------------------------------------

Current Ranking  6  3  5  8  7  2  4  1

--------------------------------------------------------------------------------

* GA execution time :                                                           
  total  1.1714 user  1.0038 sys  0.1676

--------------------------------------------------------------------------------
Fitness function evaluations: 18365

--------------------------------------------------------------------------------
** Docking run number  9 **
--------------------------------------------------------------------------------
  Rank fitness base is 5000.00 ; increment is 11.2233

* Initialising population(s) ...                                                
Number of constraints mappings 0
Number of constraints 0
  Population no.                           :      1
  Population size                          :    100
  Number of duplicates                     :      0
  Number of niche violations               :      0
  Number of errors                         :    998


Doing GA, no. of population(s) 1 size 100 selection pressure 1.100000

 Operation      Fitness  S(hb_ext) S(vdw_ext)  S(hb_int)    S(int)      intcor
         0      37.30       5.79      23.87       0.00      -6.54      -0.76
        26      37.30       5.79      23.87       0.00      -6.54      -0.76
       388      32.96       5.45      21.24       0.00      -6.54      -0.76
       397      33.18       5.45      21.42       0.00      -6.54      -0.76
       433      33.93       5.45      21.26       0.00      -2.77      -0.76
Reordering...
       720      29.26       1.60      20.31       0.00      -0.79      -0.76
       804      29.96       5.13      18.22       0.00      -0.66      -0.76
Reordering...
       810      28.74       1.56      19.97       0.00      -0.79      -0.76
       850      31.04       2.19      21.20       0.00      -0.79      -0.76
      1079      30.48       2.13      20.86       0.00      -0.79      -0.76
      1421      30.44       3.13      21.81       0.00      -4.89      -0.76
      1539      29.81       1.59      20.86       0.00      -0.79      -0.76
      1556      30.48       1.59      21.55       0.00      -1.24      -0.76
      1793      30.45       1.53      21.67       0.00      -1.24      -0.76
      1882      30.42       1.76      21.52       0.00      -1.24      -0.76
      1913      31.48       1.51      22.23       0.00      -0.79      -0.76
      2032      31.97       2.01      21.90       0.00      -0.18      -0.76
      2742      33.48       1.83      23.07       0.00      -0.08      -0.76
--------------------------------------------------------------------------------
Best docking solution after GA:
      3000      33.48       1.83      23.07       0.00      -0.08      -0.76

#ops:       3000 #mutates:   1505 #cross:     1495 #dups:       631 
#niche:     1486 #errors:     226 
--------------------------------------------------------------------------------

Doing AMOEBA simplex on best individual
Done simplexing #iterations 912, best score  37.49

Ligand is stored in gold_soln_ligand_prepared_m1_9.mol2


--------------------------------------------------------------------------------
--- GoldScore breakdown of terms                                             ---
--------------------------------------------------------------------------------
Fitness = S(hb_ext) + 1.3750*S(vdw_ext) + S(hb_int) + 1.0000*S(int)
S(int)  = S(vdw_int) + S(tors)

Internal terms are relative to best energy found (intcor).

--------------------------------------------------------------------------------


     Fitness  S(hb_ext) S(vdw_ext)  S(hb_int)    S(int)      intcor
     37.49       3.32      24.93       0.00      -0.11      -0.76

--------------------------------------------------------------------------------
--- GoldScore analysis of protein-ligand interactions                        ---
--------------------------------------------------------------------------------

  Ligand acceptor   11 Protein hydrogen 1056 donor 1044 bond energy  2.00 wt 0.10
  Ligand donor    8 hydrogen   22 Protein acceptor 3108 bond energy  2.00 wt 0.75
  Ligand donor   10 hydrogen   23 Protein acceptor 1064 bond energy  2.00 wt 0.81

--------------------------------------------------------------------------------

--------------------------------------------------------------------------------
--- Rescoring solution                                                       ---
--------------------------------------------------------------------------------

     Score     S(PLP)   S(hbond)     S(cho)   S(metal)  DE(clash)   DE(tors)
     30.37     -29.46       0.44       0.00       0.00       0.00       0.21

Doing AMOEBA simplex on best individual
Done simplexing #iterations 801, best score  38.12

     Score     S(PLP)   S(hbond)     S(cho)   S(metal)  DE(clash)   DE(tors)
     38.12     -35.42       1.00       0.00       0.00       0.00       0.15

--------------------------------------------------------------------------------
--- CHEMPLP breakdown of terms                                               ---
--------------------------------------------------------------------------------
CHEMPLP = - ( 1.0000*S(PLP) + -3.0000*S(hbond) + -6.0000*S(metal) + -3.0000*S(cho) )

Score = CHEMPLP - 1.0000*DE(clash) - 2.0000*DE(tors)


--------------------------------------------------------------------------------


--------------------------------------------------------------------------------
--- PLP analysis of protein-ligand interactions                              ---
--------------------------------------------------------------------------------
hydrogen bonding        :      -2.07
metal                   :       0.00
buried (polar-nonpolar) :      -3.80
nonpolar                :     -31.70
repulsive               :       1.25
--------------------------------------------------------------------------------


--------------------------------------------------------------------------------
--- ChemScore analysis of protein-ligand interactions                        ---
--------------------------------------------------------------------------------

* Hydrogen bonds                                                                
Ligand donor   10 hydrogen   23 Protein acceptor 1064 bond energy  1.00 wt 1.00


* CH..O interactions                                                            
  CH group selection                       : activated ring CH (adjacent to hetatom)

--------------------------------------------------------------------------------


--------------------------------------------------------------------------------
--- Intra-ligand clashes                                                     ---
--------------------------------------------------------------------------------

Ligand
--------------------------------------------------------------------------------


--------------------------------------------------------------------------------
--- Chromosome decoded                                                       ---
--------------------------------------------------------------------------------
Ligand Torsions
[   6    2    1    3]  -44.93
[  12    5    1    2]  170.89
Protein Torsions
[1057 1050 1048 1045]   62.13 
[1068 1064 1062 1059]  -84.85 
[3125 3116 3115 3113] -125.99 
[ 214  208  207  205]  133.45 
[3719 3710 3709 3707] -108.58 
[2078 2074 2073 2070]  104.24 
[2173 2166 2164 2161]   52.11 
[3437 3430 3428 3425]  157.15 
[3056 3045 3044 3043]   55.54 
[ 673  670  669  666]  -36.20 
[3200 3189 3188 3187]  -65.39 
Mapping
Ligand acceptors to protein hydrogens (mapping then atom ids)
Ligand hydrogens to protein acceptors (mapping then atom ids)
Ligand shape atoms to protein points (mapping then atom ids & coords)
  2  8702 [  6->( -9.250   0.250 -18.500)]
  4  8895 [ 12->( -9.000  -1.750 -16.000)]
  6  9782 [ 14->( -8.500   1.500 -20.750)]
Chromosome values
Integers:
  -1   -1   -1   -1   -1   -1 8701   -1 8894   -1 9781   -1 
--------------------------------------------------------------------------------


--------------------------------------------------------------------------------
--- Diverse Solutions Stats                                                  ---
--------------------------------------------------------------------------------
  Move attempts                            :  17704
  Move failures                            :    772
  Failure rate                             :   0.044

--------------------------------------------------------------------------------

Current Ranking  6  3  5  9  8  7  2  4  1

--------------------------------------------------------------------------------

* GA execution time :                                                           
  total  1.1701 user  1.0038 sys  0.1663

--------------------------------------------------------------------------------
Fitness function evaluations: 18765

--------------------------------------------------------------------------------
** Docking run number 10 **
--------------------------------------------------------------------------------
  Rank fitness base is 5000.00 ; increment is 11.2233

* Initialising population(s) ...                                                
Number of constraints mappings 0
Number of constraints 0
  Population no.                           :      1
  Population size                          :    100
  Number of duplicates                     :      0
  Number of niche violations               :      0
  Number of errors                         :   1029


Doing GA, no. of population(s) 1 size 100 selection pressure 1.100000

 Operation      Fitness  S(hb_ext) S(vdw_ext)  S(hb_int)    S(int)      intcor
         0      35.43       5.49      23.90       0.00     -14.63      -0.76
        32      35.38       5.49      23.91       0.00     -14.63      -0.76
       144      36.73       5.42      23.92       0.00      -7.29      -0.76
Reordering...
       360      34.66       3.70      23.62       0.00      -5.89      -0.76
       392      34.64       3.70      23.63       0.00      -5.89      -0.76
       444      36.02       3.36      23.80       0.00      -0.21      -0.76
       902      35.40       3.02      23.60       0.00      -0.21      -0.76
      1431      34.82       2.72      23.90       0.00      -1.39      -0.76
      2433      34.00       0.94      24.30       0.00      -0.35      -0.76
--------------------------------------------------------------------------------
Best docking solution after GA:
      3000      34.00       0.94      24.30       0.00      -0.35      -0.76

#ops:       3000 #mutates:   1492 #cross:     1508 #dups:       536 
#niche:     1492 #errors:     247 
--------------------------------------------------------------------------------

Doing AMOEBA simplex on best individual
Done simplexing #iterations 1001, best score  38.76

Ligand is stored in gold_soln_ligand_prepared_m1_10.mol2


--------------------------------------------------------------------------------
--- GoldScore breakdown of terms                                             ---
--------------------------------------------------------------------------------
Fitness = S(hb_ext) + 1.3750*S(vdw_ext) + S(hb_int) + 1.0000*S(int)
S(int)  = S(vdw_int) + S(tors)

Internal terms are relative to best energy found (intcor).

--------------------------------------------------------------------------------


     Fitness  S(hb_ext) S(vdw_ext)  S(hb_int)    S(int)      intcor
     38.76       1.16      27.43       0.00      -0.12      -0.76

--------------------------------------------------------------------------------
--- GoldScore analysis of protein-ligand interactions                        ---
--------------------------------------------------------------------------------

  Ligand acceptor   17 Protein hydrogen 1068 donor 1064 bond energy  2.00 wt 0.42
  Ligand donor   10 hydrogen   23 Protein acceptor 3444 bond energy  6.00 wt 0.05

--------------------------------------------------------------------------------

--------------------------------------------------------------------------------
--- Rescoring solution                                                       ---
--------------------------------------------------------------------------------

     Score     S(PLP)   S(hbond)     S(cho)   S(metal)  DE(clash)   DE(tors)
      5.96      -6.88       0.44       0.00       0.00       0.00       1.12

Doing AMOEBA simplex on best individual
Done simplexing #iterations 1401, best score  38.87

     Score     S(PLP)   S(hbond)     S(cho)   S(metal)  DE(clash)   DE(tors)
     38.87     -35.70       1.42       0.00       0.00       0.00       0.55

--------------------------------------------------------------------------------
--- CHEMPLP breakdown of terms                                               ---
--------------------------------------------------------------------------------
CHEMPLP = - ( 1.0000*S(PLP) + -3.0000*S(hbond) + -6.0000*S(metal) + -3.0000*S(cho) )

Score = CHEMPLP - 1.0000*DE(clash) - 2.0000*DE(tors)


--------------------------------------------------------------------------------


--------------------------------------------------------------------------------
--- PLP analysis of protein-ligand interactions                              ---
--------------------------------------------------------------------------------
hydrogen bonding        :      -2.41
metal                   :       0.00
buried (polar-nonpolar) :       2.68
nonpolar                :     -36.77
repulsive               :       0.37
--------------------------------------------------------------------------------


--------------------------------------------------------------------------------
--- ChemScore analysis of protein-ligand interactions                        ---
--------------------------------------------------------------------------------

* Hydrogen bonds                                                                
Ligand donor   10 hydrogen   23 Protein acceptor 3444 bond energy  1.00 wt 1.00
Protein donor 1064 hydrogen 1068 Ligand acceptor   17 bond energy  1.00 wt 0.42


* CH..O interactions                                                            
  CH group selection                       : activated ring CH (adjacent to hetatom)

--------------------------------------------------------------------------------


--------------------------------------------------------------------------------
--- Intra-ligand clashes                                                     ---
--------------------------------------------------------------------------------

Ligand
--------------------------------------------------------------------------------


--------------------------------------------------------------------------------
--- Chromosome decoded                                                       ---
--------------------------------------------------------------------------------
Ligand Torsions
[   6    2    1    3]  -43.87
[  12    5    1    2]  171.32
Protein Torsions
[1057 1050 1048 1045]  -66.10 
[1068 1064 1062 1059]  133.05 
[3125 3116 3115 3113] -160.28 
[ 214  208  207  205]   40.92 
[3719 3710 3709 3707] -160.61 
[2078 2074 2073 2070]  171.14 
[2173 2166 2164 2161]  110.95 
[3437 3430 3428 3425] -158.80 
[3056 3045 3044 3043]  108.86 
[ 673  670  669  666]  -33.01 
[3200 3189 3188 3187] -108.82 
Mapping
Ligand acceptors to protein hydrogens (mapping then atom ids)
Ligand hydrogens to protein acceptors (mapping then atom ids)
Ligand shape atoms to protein points (mapping then atom ids & coords)
  2 10781 [  6->( -7.750  -2.000 -16.000)]
  5 14391 [ 13->( -4.000  -1.750 -19.750)]
  6 13594 [ 14->( -4.750  -3.750 -16.500)]
Chromosome values
Integers:
  -1   -1   -1   -1   -1   -1 10780   -1   -1 14390 13593   -1 
--------------------------------------------------------------------------------


--------------------------------------------------------------------------------
--- Diverse Solutions Stats                                                  ---
--------------------------------------------------------------------------------
  Move attempts                            :  18432
  Move failures                            :    159
  Failure rate                             :   0.009

--------------------------------------------------------------------------------

Current Ranking  6  3  5 10  9  8  7  2  4  1

--------------------------------------------------------------------------------

* GA execution time :                                                           
  total  1.0792 user  0.9429 sys  0.1363

--------------------------------------------------------------------------------
Fitness function evaluations: 19559

--------------------------------------------------------------------------------
--- Ranking analysis                                                         ---
--------------------------------------------------------------------------------


* Final ranked order of GA solutions:                                           
   6  3  5 10  9  8  7  2  4  1 

  _______________________________
  RMSD Matrix of RANKED solutions

        2    3    4    5    6    7    8    9   10  

   1 :  5.7  5.6  5.7  2.3  5.3  2.0  4.8  5.1  5.2
   2 :       0.1  7.2  5.2  6.8  5.4  4.6  4.9  3.4
   3 :            7.2  5.1  6.8  5.4  4.6  4.9  3.4
   4 :                 4.7  0.7  3.9  3.9  3.7  6.3
   5 :                      4.2  2.1  4.0  4.2  4.8
   6 :                           3.5  3.7  3.5  5.9
   7 :                                3.6  3.8  5.0
   8 :                                     0.5  4.1
   9 :                                          4.3

  Clustering method                        : complete linkage
  Structure ids in cluster table           : rank nos.
  Ordering of clusters and their members   : by rank (order if from rms_analysis)

  Distance | Clusters
   0.12    |  1 |  2  3 |  4 |  5 |  6 |  7 |  8 |  9 | 10 |
   0.46    |  1 |  2  3 |  4 |  5 |  6 |  7 |  8  9 | 10 |
   0.72    |  1 |  2  3 |  4  6 |  5 |  7 |  8  9 | 10 |
   1.98    |  1  7 |  2  3 |  4  6 |  5 |  8  9 | 10 |
   2.28    |  1  5  7 |  2  3 |  4  6 |  8  9 | 10 |
   3.41    |  1  5  7 |  2  3 10 |  4  6 |  8  9 |
   3.93    |  1  5  7 |  2  3 10 |  4  6  8  9 |
   5.69    |  1  2  3  5  7 10 |  4  6  8  9 |
   7.20    |  1  2  3  4  5  6  7  8  9 10 |
  Finished Docking Ligand                  : /mnt/c/Users/ricca/Desktop/Documents/1_Coding/1_Script_Github/Reverse_Docking_Explore_V3/5kcv/ligand_prepared.mol2
--------------------------------------------------------------------------------

  Relative_Ligand_Energy (best encountered) :  -0.759
  Relative_Ligand_Energy: fitness values have been corrected using this amount
