
--------------------------------------------------------------------------------
--- Ligand                                                                   ---
--------------------------------------------------------------------------------
  Ligand loaded from file                  : /mnt/c/Users/ricca/Desktop/Documents/1_Coding/1_Script_Github/Reverse_Docking_Explore_V3/3oxt/ligand_prepared.mol2
  Ligand name                              :  
  "CT1002167954                                                             "

--------------------------------------------------------------------------------
  N.plc donors                             : 
  none found

  Acidic nitrogen acceptors                : 
  none found
  Sulfur acceptors                         :
  none found


  Donor atoms                              :      2
  8   10  
  Acceptor atoms                           :      3
  9   11  17  

  Hydrogens                                :  (n = 2)
  22   23   

  Lone pairs added to molecule             :      6
  Numbering                                : from 30 to 35

--------------------------------------------------------------------------------
--- Postprocessing of typing                                                 ---
--------------------------------------------------------------------------------
  Fragment file                            : /home/hitesit/CCDC/Discovery_2022/GOLD/gold/rotatable_bond_override.mol2
  acylurea fragment                        : 2 matches
  Ligand bond 15-8  set to flip
  Ligand bond 15-10  set to flip
  Ligand bond 15-10  set to 1
  Ligand bond 15-8  set to 1
  Ligand bond 10-4  set to flip
  Ligand bond 8-3  set to flip
  thioacylthiourea fragment                : no matches
  acylthiourea fragment                    : no matches
  thioacylurea fragment                    : no matches
  diarylamine fragment >C.ar-NH-C.ar<      : no matches
  sec-amine (1) fragment                   : no matches
  sec-amine (2) fragment                   : no matches
  sec-amine (3) fragment                   : no matches
  carboxylic ester                         : no matches

* Rotatable bonds in /mnt/c/Users/ricca/D  :
  [   1    2] [   1    5] 
  No. of rotatable bonds                   :      2


* Reading torsional distributions from file:
  /home/hitesit/CCDC/Discovery_2022/GOLD/gold/gold.tordist
  No. of bins in torsional distributions   :     36
  Minimum size of largest peak             :      0
  Removing high energy torsions            : on
  Delta E set to                           :   2.500

* Fragments found in /mnt/c/Users/ricca/D  :
  atom   2: benzene
  atom   6: benzene
  atom   7: benzene
  atom  13: benzene
  atom  14: benzene
  atom  16: benzene


* Checking torsion distributions:                                               
  No. of matched torsions                  :      0

--------------------------------------------------------------------------------
--- Shape fitting atoms selection (hydrophobic atoms)                        ---
--------------------------------------------------------------------------------
  Molecule                                 : /mnt/c/Users/ricca/Desktop/Documents/1_Coding/1_Script_Github/Reverse_Docking_Explore_V3/3oxt/ligand_prepared.mol2
  Selection                                : carbons only
  Atom numbers                             :  (n = 7)
  5    6    7    12   13   14   16   

--------------------------------------------------------------------------------
--- Diverse Solutions Setup                                                  ---
--------------------------------------------------------------------------------
  Cluster size                             :      2
  RMSD                                     :   2.000
  Refinement                               :      0


--------------------------------------------------------------------------------
--- ChemScore ligand setup summary                                           ---
--------------------------------------------------------------------------------
  ChemScore ligand acceptors               :      3
  9 11 17 
  ChemScore ligand donors                  :      2
  8 ( 22  ) 10 ( 23  ) 
  ChemScore ligand CH donors               :      0
  

  ChemScore ligand lipophilic atoms        :  (n = 9)
  1    2    5    6    7    12   13   14   16   

  ChemScore ligand rotatable bonds         :      2
  1   (C1 ) - 2   (C2 ): SP3_SP2_BOND
  1   (C1 ) - 5   (C5 ): SP3_SP3_BOND

--------------------------------------------------------------------------------
--- PLP ligand setup summary                                                 ---
--------------------------------------------------------------------------------
    1    C1   C.3 NONPOLAR
    2    C2  C.ar NONPOLAR
    3    C3   C.2 NONPOLAR
    4    C4   C.2 NONPOLAR
    5    C5   C.3 NONPOLAR
    6    C6  C.ar NONPOLAR
    7    C7  C.ar NONPOLAR
    8    N8  N.am DONOR
    9    O9   O.2 ACCEPTOR
   10   N10  N.am DONOR
   11   O11   O.2 ACCEPTOR
   12   C12   C.3 NONPOLAR
   13   C13  C.ar NONPOLAR
   14   C14  C.ar NONPOLAR
   15   C15   C.2 NONPOLAR
   16   C16  C.ar NONPOLAR
   17   O17   O.2 ACCEPTOR

--------------------------------------------------------------------------------
--- Automatic parameter setting                                              ---
--------------------------------------------------------------------------------
  Contribution base                        :   2500
  Contribution per rotatable bond          :   6000
  Contribution per df                      :   4000
  Contribution per water                   :  10000
  Ligand rotatable bonds                   :      2
  Protein flexible side chain bonds        :      0
  Total rotatable bonds                    :      2
  Hydrophobic vol ratio (P/L)              :   3.813
  Base multiplier (polar)                  :   1.000
  Base multiplier (apolar)                 :   5.338
  Base contribution                        : 15000.000
  Fitting points                           :      5
  Estimated maxops needed (optimal)        :  27500
  Autoscale factor (in percent)            :     10
  Scaled maxops                            :   3000

--------------------------------------------------------------------------------

* Population settings                                                           
  maxops                                   :   3000
  popsiz                                   :    100
  select_pressure                          :   1.100
  n_islands                                :      1
  niche_siz                                :      2

* GA settings                                                                   
  pt_crosswt                               :    100
  allele_mutatewt                          :    100
  migratewt                                :      0

* Search settings                                                               
  start_vdw_linear_cutoff                  :   6.000
  initial_virtual_pt_match_max             :   3.000
  Scaling of internal VDW energy           : log scale from  0.2 to    1
                                             over 2250 ops
  Sampling interval (operations)           :     30
  Scaling of virtual pt maximum length     : linear scale from    3 to    2
                                             over  2250 ops
  Sampling interval (operations)           :     90
  Scaling of 4-8 potential cutoff          : log scale from    6 to 1.2e+02
                                             over 2250 ops
  Sampling interval (operations)           :     90

--------------------------------------------------------------------------------

* Ligand initialisation time :                                                  
  total  0.2631 user  0.0000 sys  0.2631

--------------------------------------------------------------------------------

--------------------------------------------------------------------------------
** Docking run number  1 **
--------------------------------------------------------------------------------
  Rank fitness base is 5000.00 ; increment is 11.2233

* Initialising population(s) ...                                                
Number of constraints mappings 0
Number of constraints 0
  Population no.                           :      1
  Population size                          :    100
  Number of duplicates                     :      0
  Number of niche violations               :      0
  Number of errors                         :  34245


Doing GA, no. of population(s) 1 size 100 selection pressure 1.100000

 Operation      Fitness  S(hb_ext) S(vdw_ext)  S(hb_int)    S(int)      intcor
         0      30.92       5.93      18.87       0.00      -4.82      -0.78
        47      31.02       7.25      18.07       0.00      -5.30      -0.78
Reordering...
        90      30.40       5.90      18.56       0.00      -4.82      -0.78
       150      32.32       6.47      19.66       0.00      -5.30      -0.78
       254      32.09       5.66      19.67       0.00      -2.59      -0.78
       267      32.93      10.20      20.06       0.00     -20.43      -0.78
       293      34.97       7.96      23.99       0.00     -24.60      -0.78
       331      35.36       9.08      19.79       0.00      -3.68      -0.78
       425      37.05       6.12      24.16       0.00      -8.49      -0.78
       560      36.23       9.26      20.43       0.00      -3.82      -0.78
       562      37.13      10.26      20.58       0.00      -4.87      -0.78
       567      37.66       9.65      21.19       0.00      -3.82      -0.78
       618      40.45      12.33      20.71       0.00      -1.15      -0.78
       685      40.71      12.64      20.69       0.00      -1.15      -0.78
       762      41.70      12.57      21.47       0.00      -1.15      -0.78
      1031      40.99      12.97      20.73       0.00      -1.15      -0.78
      1083      40.80      12.19      21.45       0.00      -2.04      -0.78
Reordering...
      1200      40.58      12.52      20.70       0.00      -0.86      -0.78
      1250      41.05      12.95      20.74       0.00      -0.86      -0.78
Reordering...
      1260      40.95      12.39      21.09       0.00      -0.86      -0.78
      1318      41.28      10.16      23.14       0.00      -1.38      -0.78
      1388      42.02      12.91      21.71       0.00      -1.38      -0.78
      1511      41.79      12.90      21.59       0.00      -1.38      -0.78
Reordering...
      1620      41.41      12.65      21.63       0.00      -1.54      -0.78
      1743      41.51      12.56      21.59       0.00      -1.07      -0.78
      1898      41.68      12.83      21.75       0.00      -1.38      -0.78
      2035      41.59      12.84      21.75       0.00      -1.38      -0.78
      2101      41.77      12.96      21.35       0.00      -0.62      -0.76
      2428      41.69      12.75      21.90       0.00      -1.17      -0.76
      2485      41.81      12.86      21.91       0.00      -1.17      -0.76
      2753      42.34      12.93      22.01       0.00      -0.85      -0.76
--------------------------------------------------------------------------------
Best docking solution after GA:
      3000      42.34      12.93      22.01       0.00      -0.85      -0.76

#ops:       3000 #mutates:   1485 #cross:     1515 #dups:      1007 
#niche:     2171 #errors:     232 
--------------------------------------------------------------------------------

Doing AMOEBA simplex on best individual
Done simplexing #iterations 745, best score  44.61

Ligand is stored in gold_soln_ligand_prepared_m1_1.mol2


--------------------------------------------------------------------------------
--- GoldScore breakdown of terms                                             ---
--------------------------------------------------------------------------------
Fitness = S(hb_ext) + 1.3750*S(vdw_ext) + S(hb_int) + 1.0000*S(int)
S(int)  = S(vdw_int) + S(tors)

Internal terms are relative to best energy found (intcor).

--------------------------------------------------------------------------------


     Fitness  S(hb_ext) S(vdw_ext)  S(hb_int)    S(int)      intcor
     44.61      12.39      23.92       0.00      -0.67      -0.76

--------------------------------------------------------------------------------
--- GoldScore analysis of protein-ligand interactions                        ---
--------------------------------------------------------------------------------

  Ligand acceptor   17 Protein hydrogen 2546 donor 2534 bond energy  6.00 wt 0.64
  Ligand acceptor   17 Protein hydrogen 2589 donor 2583 bond energy  2.00 wt 0.02
  Ligand acceptor    9 Protein hydrogen  586 donor  580 bond energy  2.00 wt 0.86
  Ligand acceptor    9 Protein hydrogen  590 donor  585 bond energy  2.00 wt 0.65
  Ligand donor   10 hydrogen   23 Protein acceptor 2502 bond energy  6.00 wt 0.91

--------------------------------------------------------------------------------

--------------------------------------------------------------------------------
--- Rescoring solution                                                       ---
--------------------------------------------------------------------------------

     Score     S(PLP)   S(hbond)     S(cho)   S(metal)  DE(clash)   DE(tors)
     32.20     -25.09       3.13       0.00       0.00       0.00       1.14

Doing AMOEBA simplex on best individual
Done simplexing #iterations 900, best score  48.42

     Score     S(PLP)   S(hbond)     S(cho)   S(metal)  DE(clash)   DE(tors)
     48.42     -38.53       3.91       0.00       0.00       0.81       0.52

--------------------------------------------------------------------------------
--- CHEMPLP breakdown of terms                                               ---
--------------------------------------------------------------------------------
CHEMPLP = - ( 1.0000*S(PLP) + -3.0000*S(hbond) + -6.0000*S(metal) + -3.0000*S(cho) )

Score = CHEMPLP - 1.0000*DE(clash) - 2.0000*DE(tors)


--------------------------------------------------------------------------------


--------------------------------------------------------------------------------
--- PLP analysis of protein-ligand interactions                              ---
--------------------------------------------------------------------------------
hydrogen bonding        :      -5.00
metal                   :       0.00
buried (polar-nonpolar) :      -1.19
nonpolar                :     -32.61
repulsive               :       0.52
--------------------------------------------------------------------------------


--------------------------------------------------------------------------------
--- ChemScore analysis of protein-ligand interactions                        ---
--------------------------------------------------------------------------------

* Hydrogen bonds                                                                
Ligand donor   10 hydrogen   23 Protein acceptor 2502 bond energy  1.00 wt 1.00
Protein donor 2534 hydrogen 2546 Ligand acceptor   17 bond energy  1.00 wt 0.91
Protein donor  580 hydrogen  586 Ligand acceptor    9 bond energy  1.00 wt 1.00
Protein donor  585 hydrogen  590 Ligand acceptor    9 bond energy  1.00 wt 1.00


* CH..O interactions                                                            
  CH group selection                       : activated ring CH (adjacent to hetatom)

--------------------------------------------------------------------------------


--------------------------------------------------------------------------------
--- Intra-ligand clashes                                                     ---
--------------------------------------------------------------------------------

Ligand
  7 (C7   ) -   4 (C4   ):   0.81 (dist   2.73)
--------------------------------------------------------------------------------


--------------------------------------------------------------------------------
--- Chromosome decoded                                                       ---
--------------------------------------------------------------------------------
Ligand Torsions
[   6    2    1    3]   88.54
[  12    5    1    2] -168.62
Protein Torsions
[3607 3598 3597 3595] -172.88 
[3527 3518 3517 3515] -132.40 
[3788 3779 3778 3776]  -18.63 
[3080 3073 3071 3068]  161.56 
[5059 5050 5049 5047]    3.00 
[2545 2534 2533 2532]   46.98 
[ 568  565  563  560]   34.75 
[1886 1881 1880 1877]  170.42 
[3128 3121 3120 3118]  -87.06 
[ 590  585  584  581]  -73.20 
Mapping
Ligand acceptors to protein hydrogens (mapping then atom ids)
  1  51 [  9-> 586]
  3  30 [ 17->2546]
Ligand hydrogens to protein acceptors (mapping then atom ids)
Ligand shape atoms to protein points (mapping then atom ids & coords)
  1  7430 [  5->( 21.250 -10.000  -3.250)]
  2  7407 [  6->( 21.250 -11.250  -1.750)]
  3  7972 [  7->( 22.000 -10.750  -2.250)]
  7  9486 [ 16->( 23.750 -12.250  -2.000)]
Chromosome values
Integers:
  50   -1   29   -1   -1 7429 7406 7971   -1   -1   -1 9485 
--------------------------------------------------------------------------------


--------------------------------------------------------------------------------
--- Diverse Solutions Stats                                                  ---
--------------------------------------------------------------------------------
  Move attempts                            :  17050
  Move failures                            :      0
  Failure rate                             :   0.000

--------------------------------------------------------------------------------

Current Ranking  1

--------------------------------------------------------------------------------

* GA execution time :                                                           
  total  1.7374 user  1.6236 sys  0.1138

--------------------------------------------------------------------------------
Fitness function evaluations: 51548

--------------------------------------------------------------------------------
** Docking run number  2 **
--------------------------------------------------------------------------------
  Rank fitness base is 5000.00 ; increment is 11.2233

* Initialising population(s) ...                                                
Number of constraints mappings 0
Number of constraints 0
  Population no.                           :      1
  Population size                          :    100
  Number of duplicates                     :      0
  Number of niche violations               :      0
  Number of errors                         :  36952


Doing GA, no. of population(s) 1 size 100 selection pressure 1.100000

 Operation      Fitness  S(hb_ext) S(vdw_ext)  S(hb_int)    S(int)      intcor
         0      31.02       2.97      20.82       0.00      -2.87      -0.76
        81      31.55       0.81      22.99       0.00      -4.21      -0.76
       348      30.16       0.00      22.71       0.00      -4.21      -0.76
       354      31.21       9.08      18.04       0.00     -10.58      -0.76
       407      30.49       8.49      17.18       0.00      -6.14      -0.76
       415      30.70       8.55      17.29       0.00      -6.14      -0.76
       418      30.82       0.11      23.14       0.00      -4.21      -0.76
Reordering...
       420      30.67       8.55      17.29       0.00      -6.14      -0.76
       445      31.12       6.27      19.12       0.00      -5.32      -0.76
Reordering...
       450      30.05       8.52      16.89       0.00      -6.14      -0.76
       480      30.64       5.33      19.29       0.00      -4.30      -0.76
       520      32.69       8.82      19.57       0.00     -10.58      -0.76
       532      36.91       7.66      21.45       0.00      -0.85      -0.76
       603      38.23       9.05      21.41       0.00      -0.85      -0.76
       690      38.98       6.24      24.01       0.00      -0.85      -0.76
       779      39.33       6.19      24.16       0.00      -0.26      -0.76
       837      39.23       6.11      24.16       0.00      -0.26      -0.76
       868      41.02      10.83      22.39       0.00      -1.63      -0.76
       919      41.89       8.78      24.15       0.00      -0.26      -0.76
      1371      42.01       9.02      24.09       0.00      -0.26      -0.76
      1377      42.53      10.32      23.52       0.00      -0.26      -0.76
      1504      43.37      11.18      23.52       0.00      -0.26      -0.76
      1800      43.07      10.92      23.52       0.00      -0.26      -0.76
      2041      42.94      10.61      23.80       0.00      -0.46      -0.76
      2072      43.18      11.07      23.59       0.00      -0.36      -0.76
--------------------------------------------------------------------------------
Best docking solution after GA:
      3000      42.97      10.90      23.59       0.00      -0.36      -0.76

#ops:       3000 #mutates:   1535 #cross:     1465 #dups:       842 
#niche:     1853 #errors:     417 
--------------------------------------------------------------------------------

Doing AMOEBA simplex on best individual
Done simplexing #iterations 744, best score  45.44

Ligand is stored in gold_soln_ligand_prepared_m1_2.mol2


--------------------------------------------------------------------------------
--- GoldScore breakdown of terms                                             ---
--------------------------------------------------------------------------------
Fitness = S(hb_ext) + 1.3750*S(vdw_ext) + S(hb_int) + 1.0000*S(int)
S(int)  = S(vdw_int) + S(tors)

Internal terms are relative to best energy found (intcor).

--------------------------------------------------------------------------------


     Fitness  S(hb_ext) S(vdw_ext)  S(hb_int)    S(int)      intcor
     45.44      12.87      23.92       0.00      -0.31      -0.76

--------------------------------------------------------------------------------
--- GoldScore analysis of protein-ligand interactions                        ---
--------------------------------------------------------------------------------

  Ligand acceptor   17 Protein hydrogen 2547 donor 2534 bond energy  6.00 wt 0.76
  Ligand acceptor    9 Protein hydrogen  586 donor  580 bond energy  2.00 wt 0.87
  Ligand acceptor    9 Protein hydrogen  590 donor  585 bond energy  2.00 wt 0.63
  Ligand donor   10 hydrogen   23 Protein acceptor 2502 bond energy  6.00 wt 0.88

--------------------------------------------------------------------------------

--------------------------------------------------------------------------------
--- Rescoring solution                                                       ---
--------------------------------------------------------------------------------

     Score     S(PLP)   S(hbond)     S(cho)   S(metal)  DE(clash)   DE(tors)
     34.70     -25.38       3.92       0.00       0.00       0.00       1.22

Doing AMOEBA simplex on best individual
Done simplexing #iterations 989, best score  46.77

     Score     S(PLP)   S(hbond)     S(cho)   S(metal)  DE(clash)   DE(tors)
     46.77     -37.90       3.83       0.00       0.00       0.95       0.84

--------------------------------------------------------------------------------
--- CHEMPLP breakdown of terms                                               ---
--------------------------------------------------------------------------------
CHEMPLP = - ( 1.0000*S(PLP) + -3.0000*S(hbond) + -6.0000*S(metal) + -3.0000*S(cho) )

Score = CHEMPLP - 1.0000*DE(clash) - 2.0000*DE(tors)


--------------------------------------------------------------------------------


--------------------------------------------------------------------------------
--- PLP analysis of protein-ligand interactions                              ---
--------------------------------------------------------------------------------
hydrogen bonding        :      -5.00
metal                   :       0.00
buried (polar-nonpolar) :      -0.27
nonpolar                :     -33.07
repulsive               :       0.54
--------------------------------------------------------------------------------


--------------------------------------------------------------------------------
--- ChemScore analysis of protein-ligand interactions                        ---
--------------------------------------------------------------------------------

* Hydrogen bonds                                                                
Ligand donor   10 hydrogen   23 Protein acceptor 2502 bond energy  1.00 wt 1.00
Protein donor 2534 hydrogen 2547 Ligand acceptor   17 bond energy  1.00 wt 0.83
Protein donor  580 hydrogen  586 Ligand acceptor    9 bond energy  1.00 wt 1.00
Protein donor  585 hydrogen  590 Ligand acceptor    9 bond energy  1.00 wt 1.00


* CH..O interactions                                                            
  CH group selection                       : activated ring CH (adjacent to hetatom)

--------------------------------------------------------------------------------


--------------------------------------------------------------------------------
--- Intra-ligand clashes                                                     ---
--------------------------------------------------------------------------------

Ligand
  6 (C6   ) -   4 (C4   ):   0.95 (dist   2.72)
--------------------------------------------------------------------------------


--------------------------------------------------------------------------------
--- Chromosome decoded                                                       ---
--------------------------------------------------------------------------------
Ligand Torsions
[   6    2    1    3]  -86.49
[  12    5    1    2] -170.15
Protein Torsions
[3607 3598 3597 3595] -119.96 
[3527 3518 3517 3515]  170.11 
[3788 3779 3778 3776] -165.74 
[3080 3073 3071 3068] -134.98 
[5059 5050 5049 5047] -135.26 
[2545 2534 2533 2532]  -62.18 
[ 568  565  563  560]  -68.67 
[1886 1881 1880 1877]   50.47 
[3128 3121 3120 3118]   50.86 
[ 590  585  584  581]  -72.93 
Mapping
Ligand acceptors to protein hydrogens (mapping then atom ids)
  1  51 [  9-> 586]
Ligand hydrogens to protein acceptors (mapping then atom ids)
  2  55 [ 23->2502]
Ligand shape atoms to protein points (mapping then atom ids & coords)
  2 10037 [  6->( 24.250 -11.000  -0.250)]
  5  9270 [ 13->( 23.500 -12.250  -1.500)]
  7  9519 [ 16->( 23.750 -11.500  -1.500)]
Chromosome values
Integers:
  50   -1   -1   -1   54   -1 10036   -1   -1 9269   -1 9518 
--------------------------------------------------------------------------------


--------------------------------------------------------------------------------
--- Diverse Solutions Stats                                                  ---
--------------------------------------------------------------------------------
  Move attempts                            :  16931
  Move failures                            :      0
  Failure rate                             :   0.000

--------------------------------------------------------------------------------

Current Ranking  2  1

--------------------------------------------------------------------------------

* GA execution time :                                                           
  total  1.3953 user  1.3283 sys  0.0670

--------------------------------------------------------------------------------
Fitness function evaluations: 54322

--------------------------------------------------------------------------------
** Docking run number  3 **
--------------------------------------------------------------------------------
  Rank fitness base is 5000.00 ; increment is 11.2233

* Initialising population(s) ...                                                
Number of constraints mappings 0
Number of constraints 0
  Population no.                           :      1
  Population size                          :    100
  Number of duplicates                     :      0
  Number of niche violations               :      0
  Number of errors                         :  34503


Doing GA, no. of population(s) 1 size 100 selection pressure 1.100000

 Operation      Fitness  S(hb_ext) S(vdw_ext)  S(hb_int)    S(int)      intcor
         0      32.58       1.62      23.25       0.00      -5.04      -0.76
       347      28.47       5.82      17.44       0.00      -5.21      -0.76
       375      27.93       5.79      17.08       0.00      -5.21      -0.76
Reordering...
       450      27.37       7.90      14.19       0.00      -0.13      -0.76
       885      26.58       7.85      13.66       0.00      -0.13      -0.76
       901      26.76       5.82      15.30       0.00      -0.25      -0.76
Reordering...
      1080      25.79       7.80      13.12       0.00      -0.13      -0.76
      1126      26.21       5.69      15.00       0.00      -0.25      -0.76
      1264      25.30       5.43      14.54       0.00      -0.25      -0.76
      1270      26.83       3.96      16.98       0.00      -0.96      -0.76
Reordering...
      1620      24.71       6.00      13.76       0.00      -0.33      -0.76
      2000      24.73       6.00      13.81       0.00      -0.31      -0.76
      2006      26.37       5.69      15.62       0.00      -0.96      -0.76
      2067      27.87       6.12      16.27       0.00      -0.73      -0.76
      2376      27.76       6.12      16.27       0.00      -0.73      -0.76
      2804      27.81       6.12      16.30       0.00      -0.73      -0.76
      2814      28.41       6.00      16.83       0.00      -0.73      -0.76
      2860      28.79       6.25      16.93       0.00      -0.73      -0.76
      2902      28.80       6.25      16.93       0.00      -0.73      -0.76
      2941      29.62       6.57      17.58       0.00      -1.13      -0.76
--------------------------------------------------------------------------------
Best docking solution after GA:
      3000      29.62       6.57      17.58       0.00      -1.13      -0.76

#ops:       3000 #mutates:   1504 #cross:     1496 #dups:       517 
#niche:     1455 #errors:     501 
--------------------------------------------------------------------------------

Doing AMOEBA simplex on best individual
Done simplexing #iterations 825, best score  31.47

Ligand is stored in gold_soln_ligand_prepared_m1_3.mol2


--------------------------------------------------------------------------------
--- GoldScore breakdown of terms                                             ---
--------------------------------------------------------------------------------
Fitness = S(hb_ext) + 1.3750*S(vdw_ext) + S(hb_int) + 1.0000*S(int)
S(int)  = S(vdw_int) + S(tors)

Internal terms are relative to best energy found (intcor).

--------------------------------------------------------------------------------


     Fitness  S(hb_ext) S(vdw_ext)  S(hb_int)    S(int)      intcor
     31.47       7.25      18.26       0.00      -0.89      -0.76

--------------------------------------------------------------------------------
--- GoldScore analysis of protein-ligand interactions                        ---
--------------------------------------------------------------------------------

  Ligand acceptor   11 Protein hydrogen  586 donor  580 bond energy  2.00 wt 0.25
  Ligand acceptor   11 Protein hydrogen  590 donor  585 bond energy  2.00 wt 0.37
  Ligand donor    8 hydrogen   22 Protein acceptor 2502 bond energy  6.00 wt 1.00

--------------------------------------------------------------------------------

--------------------------------------------------------------------------------
--- Rescoring solution                                                       ---
--------------------------------------------------------------------------------

     Score     S(PLP)   S(hbond)     S(cho)   S(metal)  DE(clash)   DE(tors)
     12.58      -8.55       1.42       0.00       0.00       0.00       0.12

Doing AMOEBA simplex on best individual
Done simplexing #iterations 1277, best score  27.80

     Score     S(PLP)   S(hbond)     S(cho)   S(metal)  DE(clash)   DE(tors)
     27.80     -19.77       2.77       0.00       0.00       0.00       0.14

--------------------------------------------------------------------------------
--- CHEMPLP breakdown of terms                                               ---
--------------------------------------------------------------------------------
CHEMPLP = - ( 1.0000*S(PLP) + -3.0000*S(hbond) + -6.0000*S(metal) + -3.0000*S(cho) )

Score = CHEMPLP - 1.0000*DE(clash) - 2.0000*DE(tors)


--------------------------------------------------------------------------------


--------------------------------------------------------------------------------
--- PLP analysis of protein-ligand interactions                              ---
--------------------------------------------------------------------------------
hydrogen bonding        :      -2.88
metal                   :       0.00
buried (polar-nonpolar) :      -5.77
nonpolar                :     -16.58
repulsive               :       3.69
--------------------------------------------------------------------------------


--------------------------------------------------------------------------------
--- ChemScore analysis of protein-ligand interactions                        ---
--------------------------------------------------------------------------------

* Hydrogen bonds                                                                
Ligand donor    8 hydrogen   22 Protein acceptor 2502 bond energy  1.00 wt 0.81
Protein donor  580 hydrogen  586 Ligand acceptor   11 bond energy  1.00 wt 0.96
Protein donor  585 hydrogen  590 Ligand acceptor   11 bond energy  1.00 wt 1.00


* CH..O interactions                                                            
  CH group selection                       : activated ring CH (adjacent to hetatom)

--------------------------------------------------------------------------------


--------------------------------------------------------------------------------
--- Intra-ligand clashes                                                     ---
--------------------------------------------------------------------------------

Ligand
--------------------------------------------------------------------------------


--------------------------------------------------------------------------------
--- Chromosome decoded                                                       ---
--------------------------------------------------------------------------------
Ligand Torsions
[   6    2    1    3]  124.10
[  12    5    1    2]  175.02
Protein Torsions
[3607 3598 3597 3595]   -8.91 
[3527 3518 3517 3515]   96.74 
[3788 3779 3778 3776]   64.16 
[3080 3073 3071 3068]   10.87 
[5059 5050 5049 5047]  123.69 
[2545 2534 2533 2532] -138.78 
[ 568  565  563  560]  121.93 
[1886 1881 1880 1877]   89.51 
[3128 3121 3120 3118]   40.93 
[ 590  585  584  581]  -64.96 
Mapping
Ligand acceptors to protein hydrogens (mapping then atom ids)
Ligand hydrogens to protein acceptors (mapping then atom ids)
  1  55 [ 22->2502]
Ligand shape atoms to protein points (mapping then atom ids & coords)
  5  9733 [ 13->( 24.000 -12.250   0.500)]
  6  9061 [ 14->( 23.250 -11.250  -2.000)]
Chromosome values
Integers:
  -1   -1   -1   54   -1   -1   -1   -1   -1 9732 9060   -1 
--------------------------------------------------------------------------------


--------------------------------------------------------------------------------
--- Diverse Solutions Stats                                                  ---
--------------------------------------------------------------------------------
  Move attempts                            :  17973
  Move failures                            :     43
  Failure rate                             :   0.002

--------------------------------------------------------------------------------

Current Ranking  2  1  3

--------------------------------------------------------------------------------

* GA execution time :                                                           
  total  1.2366 user  1.1889 sys  0.0478

--------------------------------------------------------------------------------
Fitness function evaluations: 52956

--------------------------------------------------------------------------------
** Docking run number  4 **
--------------------------------------------------------------------------------
  Rank fitness base is 5000.00 ; increment is 11.2233

* Initialising population(s) ...                                                
Number of constraints mappings 0
Number of constraints 0
  Population no.                           :      1
  Population size                          :    100
  Number of duplicates                     :      0
  Number of niche violations               :      0
  Number of errors                         :  36129


Doing GA, no. of population(s) 1 size 100 selection pressure 1.100000

 Operation      Fitness  S(hb_ext) S(vdw_ext)  S(hb_int)    S(int)      intcor
         0      27.34       6.59      16.21       0.00      -7.68      -0.76
       170      30.76       0.24      24.30       0.00     -12.98      -0.76
       257      31.38       8.46      16.72       0.00      -0.30      -0.76
       542      30.72       8.32      16.36       0.00      -0.30      -0.76
       983      31.98       8.49      17.21       0.00      -0.44      -0.76
      1585      31.09       6.15      18.82       0.00      -1.53      -0.76
      1741      30.92       6.10      18.83       0.00      -1.53      -0.76
Reordering...
      1980      30.73       9.61      15.93       0.00      -0.94      -0.76
      2062      30.84       6.02      18.80       0.00      -1.21      -0.76
      2219      30.66       6.00      18.78       0.00      -1.21      -0.76
      2244      30.85       9.60      16.13       0.00      -0.94      -0.76
      2324      30.93       7.57      17.86       0.00      -1.21      -0.76
      2572      31.25       8.40      17.50       0.00      -1.21      -0.76
      2933      32.19       9.45      16.66       0.00      -0.17      -0.76
--------------------------------------------------------------------------------
Best docking solution after GA:
      3000      32.19       9.45      16.66       0.00      -0.17      -0.76

#ops:       3000 #mutates:   1475 #cross:     1525 #dups:       542 
#niche:     1431 #errors:     536 
--------------------------------------------------------------------------------

Doing AMOEBA simplex on best individual
Done simplexing #iterations 516, best score  34.34

Ligand is stored in gold_soln_ligand_prepared_m1_4.mol2


--------------------------------------------------------------------------------
--- GoldScore breakdown of terms                                             ---
--------------------------------------------------------------------------------
Fitness = S(hb_ext) + 1.3750*S(vdw_ext) + S(hb_int) + 1.0000*S(int)
S(int)  = S(vdw_int) + S(tors)

Internal terms are relative to best energy found (intcor).

--------------------------------------------------------------------------------


     Fitness  S(hb_ext) S(vdw_ext)  S(hb_int)    S(int)      intcor
     34.34      10.00      17.78       0.00      -0.11      -0.76

--------------------------------------------------------------------------------
--- GoldScore analysis of protein-ligand interactions                        ---
--------------------------------------------------------------------------------

  Ligand acceptor   11 Protein hydrogen  586 donor  580 bond energy  2.00 wt 1.00
  Ligand acceptor   11 Protein hydrogen  590 donor  585 bond energy  2.00 wt 1.00
  Ligand donor    8 hydrogen   22 Protein acceptor 2502 bond energy  6.00 wt 1.00

--------------------------------------------------------------------------------

--------------------------------------------------------------------------------
--- Rescoring solution                                                       ---
--------------------------------------------------------------------------------

     Score     S(PLP)   S(hbond)     S(cho)   S(metal)  DE(clash)   DE(tors)
     15.10      -6.17       2.99       0.00       0.00       0.00       0.02

Doing AMOEBA simplex on best individual
Done simplexing #iterations 1044, best score  29.09

     Score     S(PLP)   S(hbond)     S(cho)   S(metal)  DE(clash)   DE(tors)
     29.09     -23.27       2.65       0.00       0.00       0.00       1.06

--------------------------------------------------------------------------------
--- CHEMPLP breakdown of terms                                               ---
--------------------------------------------------------------------------------
CHEMPLP = - ( 1.0000*S(PLP) + -3.0000*S(hbond) + -6.0000*S(metal) + -3.0000*S(cho) )

Score = CHEMPLP - 1.0000*DE(clash) - 2.0000*DE(tors)


--------------------------------------------------------------------------------


--------------------------------------------------------------------------------
--- PLP analysis of protein-ligand interactions                              ---
--------------------------------------------------------------------------------
hydrogen bonding        :      -2.78
metal                   :       0.00
buried (polar-nonpolar) :      -6.29
nonpolar                :     -16.91
repulsive               :       1.42
--------------------------------------------------------------------------------


--------------------------------------------------------------------------------
--- ChemScore analysis of protein-ligand interactions                        ---
--------------------------------------------------------------------------------

* Hydrogen bonds                                                                
Ligand donor    8 hydrogen   22 Protein acceptor 2502 bond energy  1.00 wt 0.65
Protein donor  580 hydrogen  586 Ligand acceptor   11 bond energy  1.00 wt 1.00
Protein donor  585 hydrogen  590 Ligand acceptor   11 bond energy  1.00 wt 1.00


* CH..O interactions                                                            
  CH group selection                       : activated ring CH (adjacent to hetatom)

--------------------------------------------------------------------------------


--------------------------------------------------------------------------------
--- Intra-ligand clashes                                                     ---
--------------------------------------------------------------------------------

Ligand
--------------------------------------------------------------------------------


--------------------------------------------------------------------------------
--- Chromosome decoded                                                       ---
--------------------------------------------------------------------------------
Ligand Torsions
[   6    2    1    3]  -64.78
[  12    5    1    2] -179.60
Protein Torsions
[3607 3598 3597 3595] -146.94 
[3527 3518 3517 3515]  -31.08 
[3788 3779 3778 3776]   -7.37 
[3080 3073 3071 3068]   42.76 
[5059 5050 5049 5047]  129.11 
[2545 2534 2533 2532]   28.28 
[ 568  565  563  560]   92.54 
[1886 1881 1880 1877]  -55.38 
[3128 3121 3120 3118]  -30.92 
[ 590  585  584  581]  -48.41 
Mapping
Ligand acceptors to protein hydrogens (mapping then atom ids)
  2  52 [ 11-> 590]
Ligand hydrogens to protein acceptors (mapping then atom ids)
  1  55 [ 22->2502]
Ligand shape atoms to protein points (mapping then atom ids & coords)
  3  9793 [  7->( 24.000 -10.750  -0.750)]
  7  9308 [ 16->( 23.500 -11.500  -0.750)]
Chromosome values
Integers:
  -1   51   -1   54   -1   -1   -1 9792   -1   -1   -1 9307 
--------------------------------------------------------------------------------


--------------------------------------------------------------------------------
--- Diverse Solutions Stats                                                  ---
--------------------------------------------------------------------------------
  Move attempts                            :  16944
  Move failures                            :     21
  Failure rate                             :   0.001

--------------------------------------------------------------------------------

Current Ranking  2  1  4  3

--------------------------------------------------------------------------------

* GA execution time :                                                           
  total  1.3555 user  1.3097 sys  0.0458

--------------------------------------------------------------------------------
Fitness function evaluations: 53612

--------------------------------------------------------------------------------
** Docking run number  5 **
--------------------------------------------------------------------------------
  Rank fitness base is 5000.00 ; increment is 11.2233

* Initialising population(s) ...                                                
Number of constraints mappings 0
Number of constraints 0
  Population no.                           :      1
  Population size                          :    100
  Number of duplicates                     :      0
  Number of niche violations               :      0
  Number of errors                         :  34705


Doing GA, no. of population(s) 1 size 100 selection pressure 1.100000

 Operation      Fitness  S(hb_ext) S(vdw_ext)  S(hb_int)    S(int)      intcor
         0      28.73       0.91      21.00       0.00      -5.27      -0.76
        51      28.87       2.75      21.29       0.00     -15.44      -0.76
       254      29.48       0.88      21.50       0.00      -4.08      -0.76
       265      30.59       2.46      20.75       0.00      -1.68      -0.76
       316      30.72       2.49      21.30       0.00      -4.31      -0.76
       501      30.99       1.14      22.79       0.00      -5.31      -0.76
       555      31.59       0.17      23.90       0.00      -4.89      -0.76
       768      30.77       1.43      21.98       0.00      -2.56      -0.76
       780      30.82       1.60      21.69       0.00      -1.73      -0.76
       903      30.87       0.58      22.74       0.00      -2.56      -0.76
      1013      31.43       0.09      23.18       0.00      -1.30      -0.76
      1198      31.19       0.35      22.87       0.00      -1.30      -0.76
      1199      31.30       0.41      22.91       0.00      -1.30      -0.76
      1263      31.44       0.00      24.23       0.00      -3.81      -0.76
      1264      32.60       2.57      22.31       0.00      -1.30      -0.76
      1526      33.14       2.40      22.90       0.00      -1.30      -0.76
      1665      32.51       2.06      22.76       0.00      -1.30      -0.76
      1676      32.58       2.24      22.69       0.00      -1.30      -0.76
      1827      33.62       2.11      23.07       0.00      -0.30      -0.76
      2365      31.62       2.05      21.73       0.00      -0.30      -0.76
      2374      31.74       2.05      21.65       0.00      -0.07      -0.76
--------------------------------------------------------------------------------
Best docking solution after GA:
      3000      31.74       2.05      21.65       0.00      -0.07      -0.76

#ops:       3000 #mutates:   1552 #cross:     1448 #dups:       570 
#niche:     1649 #errors:     489 
--------------------------------------------------------------------------------

Doing AMOEBA simplex on best individual
Done simplexing #iterations 1034, best score  35.51

Ligand is stored in gold_soln_ligand_prepared_m1_5.mol2


--------------------------------------------------------------------------------
--- GoldScore breakdown of terms                                             ---
--------------------------------------------------------------------------------
Fitness = S(hb_ext) + 1.3750*S(vdw_ext) + S(hb_int) + 1.0000*S(int)
S(int)  = S(vdw_int) + S(tors)

Internal terms are relative to best energy found (intcor).

--------------------------------------------------------------------------------


     Fitness  S(hb_ext) S(vdw_ext)  S(hb_int)    S(int)      intcor
     35.51       1.99      24.43       0.00      -0.08      -0.76

--------------------------------------------------------------------------------
--- GoldScore analysis of protein-ligand interactions                        ---
--------------------------------------------------------------------------------

  Ligand acceptor   17 Protein hydrogen 5059 donor 5050 bond energy  2.00 wt 1.00

--------------------------------------------------------------------------------

--------------------------------------------------------------------------------
--- Rescoring solution                                                       ---
--------------------------------------------------------------------------------

     Score     S(PLP)   S(hbond)     S(cho)   S(metal)  DE(clash)   DE(tors)
     21.78     -20.15       0.96       0.00       0.00       0.00       0.62

Doing AMOEBA simplex on best individual
Done simplexing #iterations 1062, best score  35.17

     Score     S(PLP)   S(hbond)     S(cho)   S(metal)  DE(clash)   DE(tors)
     35.17     -34.89       1.00       0.00       0.00       0.02       1.35

--------------------------------------------------------------------------------
--- CHEMPLP breakdown of terms                                               ---
--------------------------------------------------------------------------------
CHEMPLP = - ( 1.0000*S(PLP) + -3.0000*S(hbond) + -6.0000*S(metal) + -3.0000*S(cho) )

Score = CHEMPLP - 1.0000*DE(clash) - 2.0000*DE(tors)


--------------------------------------------------------------------------------


--------------------------------------------------------------------------------
--- PLP analysis of protein-ligand interactions                              ---
--------------------------------------------------------------------------------
hydrogen bonding        :      -2.71
metal                   :       0.00
buried (polar-nonpolar) :      -4.73
nonpolar                :     -29.54
repulsive               :       0.59
--------------------------------------------------------------------------------


--------------------------------------------------------------------------------
--- ChemScore analysis of protein-ligand interactions                        ---
--------------------------------------------------------------------------------

* Hydrogen bonds                                                                
Protein donor 5050 hydrogen 5059 Ligand acceptor   17 bond energy  1.00 wt 1.00


* CH..O interactions                                                            
  CH group selection                       : activated ring CH (adjacent to hetatom)

--------------------------------------------------------------------------------


--------------------------------------------------------------------------------
--- Intra-ligand clashes                                                     ---
--------------------------------------------------------------------------------

Ligand
  6 (C6   ) -   4 (C4   ):   0.02 (dist   2.75)
--------------------------------------------------------------------------------


--------------------------------------------------------------------------------
--- Chromosome decoded                                                       ---
--------------------------------------------------------------------------------
Ligand Torsions
[   6    2    1    3]  -71.63
[  12    5    1    2] -171.55
Protein Torsions
[3607 3598 3597 3595]   62.93 
[3527 3518 3517 3515]  156.50 
[3788 3779 3778 3776]  -65.71 
[3080 3073 3071 3068]  144.42 
[5059 5050 5049 5047]   86.07 
[2545 2534 2533 2532]  132.44 
[ 568  565  563  560]  -97.05 
[1886 1881 1880 1877]  160.50 
[3128 3121 3120 3118]  139.09 
[ 590  585  584  581]   84.65 
Mapping
Ligand acceptors to protein hydrogens (mapping then atom ids)
  3  28 [ 17->5059]
Ligand hydrogens to protein acceptors (mapping then atom ids)
Ligand shape atoms to protein points (mapping then atom ids & coords)
  1 11575 [  5->( 26.000 -10.000   1.250)]
  2 10510 [  6->( 24.750 -11.750   1.500)]
  3 10534 [  7->( 24.750 -11.000   0.000)]
  5 10492 [ 13->( 24.750 -12.250   1.500)]
  6  9280 [ 14->( 23.500 -12.000  -2.000)]
  7 10489 [ 16->( 24.750 -12.250   0.750)]
Chromosome values
Integers:
  -1   -1   27   -1   -1 11574 10509 10533   -1 10491 9279 10488 
--------------------------------------------------------------------------------


--------------------------------------------------------------------------------
--- Diverse Solutions Stats                                                  ---
--------------------------------------------------------------------------------
  Move attempts                            :  17500
  Move failures                            :     71
  Failure rate                             :   0.004

--------------------------------------------------------------------------------

Current Ranking  2  1  5  4  3

--------------------------------------------------------------------------------

* GA execution time :                                                           
  total  1.2279 user  1.1993 sys  0.0285

--------------------------------------------------------------------------------
Fitness function evaluations: 52642

--------------------------------------------------------------------------------
** Docking run number  6 **
--------------------------------------------------------------------------------
  Rank fitness base is 5000.00 ; increment is 11.2233

* Initialising population(s) ...                                                
Number of constraints mappings 0
Number of constraints 0
  Population no.                           :      1
  Population size                          :    100
  Number of duplicates                     :      0
  Number of niche violations               :      0
  Number of errors                         :  35235


Doing GA, no. of population(s) 1 size 100 selection pressure 1.100000

 Operation      Fitness  S(hb_ext) S(vdw_ext)  S(hb_int)    S(int)      intcor
         0      31.20       1.03      22.13       0.00      -1.29      -0.76
        67      31.34       2.77      21.47       0.00      -4.53      -0.76
Reordering...
        90      30.31       0.97      21.54       0.00      -1.29      -0.76
       236      32.21       2.24      22.15       0.00      -2.03      -0.76
       339      33.33       2.15      25.21       0.00     -13.73      -0.76
       364      32.99       2.06      24.96       0.00     -13.09      -0.76
       945      26.24       0.08      20.80       0.00      -6.26      -0.76
      1046      26.26       0.28      20.78       0.00      -6.26      -0.76
      1211      30.22       0.00      22.88       0.00      -2.62      -0.76
      1347      30.20       0.05      22.48       0.00      -1.48      -0.76
      1460      29.28       0.04      21.87       0.00      -1.48      -0.76
      1800      27.23       2.16      20.49       0.00      -4.29      -0.76
      2933      25.43       1.53      20.50       0.00      -4.29      -0.76
--------------------------------------------------------------------------------
Best docking solution after GA:
      3000      25.43       1.53      20.50       0.00      -4.29      -0.76

#ops:       3000 #mutates:   1438 #cross:     1562 #dups:       635 
#niche:     1262 #errors:     601 
--------------------------------------------------------------------------------

Doing AMOEBA simplex on best individual
Done simplexing #iterations 580, best score  28.79

Ligand is stored in gold_soln_ligand_prepared_m1_6.mol2


--------------------------------------------------------------------------------
--- GoldScore breakdown of terms                                             ---
--------------------------------------------------------------------------------
Fitness = S(hb_ext) + 1.3750*S(vdw_ext) + S(hb_int) + 1.0000*S(int)
S(int)  = S(vdw_int) + S(tors)

Internal terms are relative to best energy found (intcor).

--------------------------------------------------------------------------------


     Fitness  S(hb_ext) S(vdw_ext)  S(hb_int)    S(int)      intcor
     28.79       1.24      22.07       0.00      -2.79      -0.76

--------------------------------------------------------------------------------
--- GoldScore analysis of protein-ligand interactions                        ---
--------------------------------------------------------------------------------

  Ligand acceptor   11 Protein hydrogen 2546 donor 2534 bond energy  6.00 wt 0.06
  Ligand acceptor   11 Protein hydrogen 2589 donor 2583 bond energy  2.00 wt 0.39
  Ligand donor   10 hydrogen   23 Protein acceptor 2502 bond energy  6.00 wt 0.01

--------------------------------------------------------------------------------

--------------------------------------------------------------------------------
--- Rescoring solution                                                       ---
--------------------------------------------------------------------------------

     Score     S(PLP)   S(hbond)     S(cho)   S(metal)  DE(clash)   DE(tors)
    -13.33      11.54       0.17       0.00       0.00       1.96       0.18

Doing AMOEBA simplex on best individual
Done simplexing #iterations 1131, best score  27.40

     Score     S(PLP)   S(hbond)     S(cho)   S(metal)  DE(clash)   DE(tors)
     27.40     -24.50       1.73       0.00       0.00       2.08       0.10

--------------------------------------------------------------------------------
--- CHEMPLP breakdown of terms                                               ---
--------------------------------------------------------------------------------
CHEMPLP = - ( 1.0000*S(PLP) + -3.0000*S(hbond) + -6.0000*S(metal) + -3.0000*S(cho) )

Score = CHEMPLP - 1.0000*DE(clash) - 2.0000*DE(tors)


--------------------------------------------------------------------------------


--------------------------------------------------------------------------------
--- PLP analysis of protein-ligand interactions                              ---
--------------------------------------------------------------------------------
hydrogen bonding        :      -3.65
metal                   :       0.00
buried (polar-nonpolar) :      -5.34
nonpolar                :     -16.70
repulsive               :       0.46
--------------------------------------------------------------------------------


--------------------------------------------------------------------------------
--- ChemScore analysis of protein-ligand interactions                        ---
--------------------------------------------------------------------------------

* Hydrogen bonds                                                                
Ligand donor   10 hydrogen   23 Protein acceptor 2502 bond energy  1.00 wt 0.78
Protein donor 2534 hydrogen 2546 Ligand acceptor   11 bond energy  1.00 wt 0.94


* CH..O interactions                                                            
  CH group selection                       : activated ring CH (adjacent to hetatom)

--------------------------------------------------------------------------------


--------------------------------------------------------------------------------
--- Intra-ligand clashes                                                     ---
--------------------------------------------------------------------------------

Ligand
  6 (C6   ) -   4 (C4   ):   2.08 (dist   2.69)
--------------------------------------------------------------------------------


--------------------------------------------------------------------------------
--- Chromosome decoded                                                       ---
--------------------------------------------------------------------------------
Ligand Torsions
[   6    2    1    3] -109.05
[  12    5    1    2]  175.96
Protein Torsions
[3607 3598 3597 3595]   70.79 
[3527 3518 3517 3515] -161.94 
[3788 3779 3778 3776] -100.01 
[3080 3073 3071 3068] -136.47 
[5059 5050 5049 5047] -101.55 
[2545 2534 2533 2532]   27.55 
[ 568  565  563  560]   40.70 
[1886 1881 1880 1877]  108.40 
[3128 3121 3120 3118]  132.97 
[ 590  585  584  581]  -11.17 
Mapping
Ligand acceptors to protein hydrogens (mapping then atom ids)
Ligand hydrogens to protein acceptors (mapping then atom ids)
  2  55 [ 23->2502]
Ligand shape atoms to protein points (mapping then atom ids & coords)
  5  5641 [ 13->( 17.250  -5.250  -2.000)]
  6  5558 [ 14->( 17.000  -5.500  -2.000)]
Chromosome values
Integers:
  -1   -1   -1   -1   54   -1   -1   -1   -1 5640 5557   -1 
--------------------------------------------------------------------------------


--------------------------------------------------------------------------------
--- Diverse Solutions Stats                                                  ---
--------------------------------------------------------------------------------
  Move attempts                            :  17323
  Move failures                            :    164
  Failure rate                             :   0.009

--------------------------------------------------------------------------------

Current Ranking  2  1  5  4  3  6

--------------------------------------------------------------------------------

* GA execution time :                                                           
  total  1.3932 user  1.2331 sys  0.1601

--------------------------------------------------------------------------------
Fitness function evaluations: 53016

--------------------------------------------------------------------------------
** Docking run number  7 **
--------------------------------------------------------------------------------
  Rank fitness base is 5000.00 ; increment is 11.2233

* Initialising population(s) ...                                                
Number of constraints mappings 0
Number of constraints 0
  Population no.                           :      1
  Population size                          :    100
  Number of duplicates                     :      0
  Number of niche violations               :      0
  Number of errors                         :  35253


Doing GA, no. of population(s) 1 size 100 selection pressure 1.100000

 Operation      Fitness  S(hb_ext) S(vdw_ext)  S(hb_int)    S(int)      intcor
         0      26.68       6.74      17.32       0.00     -19.37      -0.76
Reordering...
        90      25.50       4.53      17.77       0.00     -16.25      -0.76
       113      26.68       3.52      19.58       0.00     -17.61      -0.76
       172      26.54       3.52      19.59       0.00     -17.61      -0.76
Reordering...
       180      25.14       4.44      17.74       0.00     -16.25      -0.76
       434      25.70       0.31      19.53       0.00      -5.44      -0.76
       473      25.84       0.52      18.46       0.00      -0.24      -0.76
       485      26.45       1.07      18.51       0.00      -0.24      -0.76
       705      29.80       0.16      21.78       0.00      -0.90      -0.76
       982      29.63       0.18      21.68       0.00      -0.90      -0.76
      1676      28.41       0.36      20.83       0.00      -0.90      -0.76
      1766      28.67       0.47      20.92       0.00      -0.82      -0.76
      2328      28.55       1.84      21.10       0.00      -2.30      -0.76
      2691      29.04       6.58      18.14       0.00      -2.48      -0.76
      2708      30.10       6.58      18.09       0.00      -1.35      -0.76
      2882      31.77       6.58      18.49       0.00      -0.23      -0.76
--------------------------------------------------------------------------------
Best docking solution after GA:
      3000      31.77       6.58      18.49       0.00      -0.23      -0.76

#ops:       3000 #mutates:   1468 #cross:     1532 #dups:       547 
#niche:     1428 #errors:     589 
--------------------------------------------------------------------------------

Doing AMOEBA simplex on best individual
Done simplexing #iterations 590, best score  32.83

Ligand is stored in gold_soln_ligand_prepared_m1_7.mol2


--------------------------------------------------------------------------------
--- GoldScore breakdown of terms                                             ---
--------------------------------------------------------------------------------
Fitness = S(hb_ext) + 1.3750*S(vdw_ext) + S(hb_int) + 1.0000*S(int)
S(int)  = S(vdw_int) + S(tors)

Internal terms are relative to best energy found (intcor).

--------------------------------------------------------------------------------


     Fitness  S(hb_ext) S(vdw_ext)  S(hb_int)    S(int)      intcor
     32.83       6.48      19.28       0.00      -0.16      -0.76

--------------------------------------------------------------------------------
--- GoldScore analysis of protein-ligand interactions                        ---
--------------------------------------------------------------------------------

  Ligand acceptor    9 Protein hydrogen 2589 donor 2583 bond energy  2.00 wt 1.00
  Ligand acceptor   11 Protein hydrogen  586 donor  580 bond energy  2.00 wt 0.15
  Ligand acceptor   11 Protein hydrogen  590 donor  585 bond energy  2.00 wt 0.17
  Ligand donor    8 hydrogen   22 Protein acceptor 2501 bond energy  6.00 wt 0.64

--------------------------------------------------------------------------------

--------------------------------------------------------------------------------
--- Rescoring solution                                                       ---
--------------------------------------------------------------------------------

     Score     S(PLP)   S(hbond)     S(cho)   S(metal)  DE(clash)   DE(tors)
     16.80     -12.47       1.75       0.00       0.00       0.00       0.47

Doing AMOEBA simplex on best individual
Done simplexing #iterations 1190, best score  29.47

     Score     S(PLP)   S(hbond)     S(cho)   S(metal)  DE(clash)   DE(tors)
     29.47     -28.00       0.51       0.00       0.00       0.00       0.03

--------------------------------------------------------------------------------
--- CHEMPLP breakdown of terms                                               ---
--------------------------------------------------------------------------------
CHEMPLP = - ( 1.0000*S(PLP) + -3.0000*S(hbond) + -6.0000*S(metal) + -3.0000*S(cho) )

Score = CHEMPLP - 1.0000*DE(clash) - 2.0000*DE(tors)


--------------------------------------------------------------------------------


--------------------------------------------------------------------------------
--- PLP analysis of protein-ligand interactions                              ---
--------------------------------------------------------------------------------
hydrogen bonding        :      -1.48
metal                   :       0.00
buried (polar-nonpolar) :      -6.83
nonpolar                :     -22.93
repulsive               :       3.00
--------------------------------------------------------------------------------


--------------------------------------------------------------------------------
--- ChemScore analysis of protein-ligand interactions                        ---
--------------------------------------------------------------------------------

* Hydrogen bonds                                                                
Protein donor  585 hydrogen  590 Ligand acceptor   11 bond energy  1.00 wt 0.51


* CH..O interactions                                                            
  CH group selection                       : activated ring CH (adjacent to hetatom)

--------------------------------------------------------------------------------


--------------------------------------------------------------------------------
--- Intra-ligand clashes                                                     ---
--------------------------------------------------------------------------------

Ligand
--------------------------------------------------------------------------------


--------------------------------------------------------------------------------
--- Chromosome decoded                                                       ---
--------------------------------------------------------------------------------
Ligand Torsions
[   6    2    1    3]  -45.83
[  12    5    1    2]  169.81
Protein Torsions
[3607 3598 3597 3595]  -55.45 
[3527 3518 3517 3515] -104.44 
[3788 3779 3778 3776] -153.11 
[3080 3073 3071 3068]   70.31 
[5059 5050 5049 5047]  115.08 
[2545 2534 2533 2532]   -7.48 
[ 568  565  563  560]  144.78 
[1886 1881 1880 1877]   39.68 
[3128 3121 3120 3118]  173.98 
[ 590  585  584  581] -110.43 
Mapping
Ligand acceptors to protein hydrogens (mapping then atom ids)
  2  52 [ 11-> 590]
Ligand hydrogens to protein acceptors (mapping then atom ids)
Ligand shape atoms to protein points (mapping then atom ids & coords)
  2  7851 [  6->( 21.750  -9.000  -4.500)]
  3  9109 [  7->( 23.250 -10.250  -3.000)]
  7  8034 [ 16->( 22.000  -9.000  -4.000)]
Chromosome values
Integers:
  -1   51   -1   -1   -1   -1 7850 9108   -1   -1   -1 8033 
--------------------------------------------------------------------------------


--------------------------------------------------------------------------------
--- Diverse Solutions Stats                                                  ---
--------------------------------------------------------------------------------
  Move attempts                            :  17095
  Move failures                            :     27
  Failure rate                             :   0.002

--------------------------------------------------------------------------------

Current Ranking  2  1  5  4  7  3  6

--------------------------------------------------------------------------------

* GA execution time :                                                           
  total  1.0825 user  0.9624 sys  0.1201

--------------------------------------------------------------------------------
Fitness function evaluations: 52932

--------------------------------------------------------------------------------
** Docking run number  8 **
--------------------------------------------------------------------------------
  Rank fitness base is 5000.00 ; increment is 11.2233

* Initialising population(s) ...                                                
Number of constraints mappings 0
Number of constraints 0
  Population no.                           :      1
  Population size                          :    100
  Number of duplicates                     :      0
  Number of niche violations               :      0
  Number of errors                         :  34636


Doing GA, no. of population(s) 1 size 100 selection pressure 1.100000

 Operation      Fitness  S(hb_ext) S(vdw_ext)  S(hb_int)    S(int)      intcor
         0      28.44       0.74      20.92       0.00      -5.32      -0.76
       459      24.80       0.97      17.82       0.00      -2.47      -0.76
       548      24.29       0.00      20.32       0.00     -12.42      -0.76
Reordering...
       570      24.23       0.95      17.47       0.00      -2.47      -0.76
       607      24.60       4.86      17.40       0.00     -13.67      -0.76
       622      25.15       4.38      18.16       0.00     -13.67      -0.76
       702      27.68       4.25      17.31       0.00      -1.13      -0.76
       826      27.38       4.71      16.78       0.00      -1.13      -0.76
      1647      27.87       0.78      20.04       0.00      -0.73      -0.76
      2332      27.44       0.61      20.05       0.00      -0.73      -0.76
      2352      28.07       0.60      20.71       0.00      -1.00      -0.76
--------------------------------------------------------------------------------
Best docking solution after GA:
      3000      28.07       0.60      20.71       0.00      -1.00      -0.76

#ops:       3000 #mutates:   1521 #cross:     1479 #dups:       529 
#niche:     1286 #errors:     535 
--------------------------------------------------------------------------------

Doing AMOEBA simplex on best individual
Done simplexing #iterations 663, best score  30.12

Ligand is stored in gold_soln_ligand_prepared_m1_8.mol2


--------------------------------------------------------------------------------
--- GoldScore breakdown of terms                                             ---
--------------------------------------------------------------------------------
Fitness = S(hb_ext) + 1.3750*S(vdw_ext) + S(hb_int) + 1.0000*S(int)
S(int)  = S(vdw_int) + S(tors)

Internal terms are relative to best energy found (intcor).

--------------------------------------------------------------------------------


     Fitness  S(hb_ext) S(vdw_ext)  S(hb_int)    S(int)      intcor
     30.12       0.76      22.09       0.00      -1.02      -0.76

--------------------------------------------------------------------------------
--- GoldScore analysis of protein-ligand interactions                        ---
--------------------------------------------------------------------------------

  Ligand donor    8 hydrogen   22 Protein acceptor 2584 bond energy  2.00 wt 0.38

--------------------------------------------------------------------------------

--------------------------------------------------------------------------------
--- Rescoring solution                                                       ---
--------------------------------------------------------------------------------

     Score     S(PLP)   S(hbond)     S(cho)   S(metal)  DE(clash)   DE(tors)
     22.07     -21.80       0.77       0.00       0.00       0.00       1.03

Doing AMOEBA simplex on best individual
Done simplexing #iterations 1021, best score  26.82

     Score     S(PLP)   S(hbond)     S(cho)   S(metal)  DE(clash)   DE(tors)
     26.82     -25.43       1.04       0.00       0.00       0.63       0.55

--------------------------------------------------------------------------------
--- CHEMPLP breakdown of terms                                               ---
--------------------------------------------------------------------------------
CHEMPLP = - ( 1.0000*S(PLP) + -3.0000*S(hbond) + -6.0000*S(metal) + -3.0000*S(cho) )

Score = CHEMPLP - 1.0000*DE(clash) - 2.0000*DE(tors)


--------------------------------------------------------------------------------


--------------------------------------------------------------------------------
--- PLP analysis of protein-ligand interactions                              ---
--------------------------------------------------------------------------------
hydrogen bonding        :      -1.73
metal                   :       0.00
buried (polar-nonpolar) :       0.97
nonpolar                :     -27.63
repulsive               :       1.90
--------------------------------------------------------------------------------


--------------------------------------------------------------------------------
--- ChemScore analysis of protein-ligand interactions                        ---
--------------------------------------------------------------------------------

* Hydrogen bonds                                                                
Ligand donor    8 hydrogen   22 Protein acceptor 2584 bond energy  1.00 wt 0.97
Protein donor  559 hydrogen  566 Ligand acceptor   11 bond energy  1.00 wt 0.07


* CH..O interactions                                                            
  CH group selection                       : activated ring CH (adjacent to hetatom)

--------------------------------------------------------------------------------


--------------------------------------------------------------------------------
--- Intra-ligand clashes                                                     ---
--------------------------------------------------------------------------------

Ligand
  7 (C7   ) -   3 (C3   ):   0.63 (dist   2.73)
--------------------------------------------------------------------------------


--------------------------------------------------------------------------------
--- Chromosome decoded                                                       ---
--------------------------------------------------------------------------------
Ligand Torsions
[   6    2    1    3]  158.52
[  12    5    1    2]  167.21
Protein Torsions
[3607 3598 3597 3595]   52.13 
[3527 3518 3517 3515]  -20.92 
[3788 3779 3778 3776]  174.46 
[3080 3073 3071 3068] -141.68 
[5059 5050 5049 5047]    8.05 
[2545 2534 2533 2532]  106.12 
[ 568  565  563  560]   -4.90 
[1886 1881 1880 1877]   34.66 
[3128 3121 3120 3118]   48.93 
[ 590  585  584  581]   14.89 
Mapping
Ligand acceptors to protein hydrogens (mapping then atom ids)
Ligand hydrogens to protein acceptors (mapping then atom ids)
  1  56 [ 22->2584]
Ligand shape atoms to protein points (mapping then atom ids & coords)
  1 11584 [  5->( 26.000 -10.000   3.500)]
  3 10291 [  7->( 24.500 -11.000   0.750)]
  4 12584 [ 12->( 27.500  -7.250   3.250)]
  7  9462 [ 16->( 23.750 -13.000   0.000)]
Chromosome values
Integers:
  -1   -1   -1   55   -1 11583   -1 10290 12583   -1   -1 9461 
--------------------------------------------------------------------------------


--------------------------------------------------------------------------------
--- Diverse Solutions Stats                                                  ---
--------------------------------------------------------------------------------
  Move attempts                            :  17041
  Move failures                            :     33
  Failure rate                             :   0.002

--------------------------------------------------------------------------------

Current Ranking  2  1  5  4  7  3  8  6

--------------------------------------------------------------------------------

* GA execution time :                                                           
  total  1.0770 user  0.9145 sys  0.1625

--------------------------------------------------------------------------------
Fitness function evaluations: 52200

--------------------------------------------------------------------------------
** Docking run number  9 **
--------------------------------------------------------------------------------
  Rank fitness base is 5000.00 ; increment is 11.2233

* Initialising population(s) ...                                                
Number of constraints mappings 0
Number of constraints 0
  Population no.                           :      1
  Population size                          :    100
  Number of duplicates                     :      0
  Number of niche violations               :      0
  Number of errors                         :  35374


Doing GA, no. of population(s) 1 size 100 selection pressure 1.100000

 Operation      Fitness  S(hb_ext) S(vdw_ext)  S(hb_int)    S(int)      intcor
         0      30.07       4.79      19.05       0.00      -4.58      -0.76
       182      29.93       5.25      20.08       0.00     -12.90      -0.76
       330      31.32       2.17      22.40       0.00      -6.53      -0.76
       682      31.58       0.09      23.68       0.00      -3.32      -0.76
       861      30.90       0.09      23.04       0.00      -2.39      -0.76
      2173      29.52       0.02      24.80       0.00      -4.91      -0.76
      2757      29.55       0.02      24.73       0.00      -4.48      -0.76
      2914      30.05       0.00      24.49       0.00      -3.63      -0.76
--------------------------------------------------------------------------------
Best docking solution after GA:
      3000      30.05       0.00      24.49       0.00      -3.63      -0.76

#ops:       3000 #mutates:   1529 #cross:     1471 #dups:       486 
#niche:     1358 #errors:     521 
--------------------------------------------------------------------------------

Doing AMOEBA simplex on best individual
Done simplexing #iterations 710, best score  31.94

Ligand is stored in gold_soln_ligand_prepared_m1_9.mol2


--------------------------------------------------------------------------------
--- GoldScore breakdown of terms                                             ---
--------------------------------------------------------------------------------
Fitness = S(hb_ext) + 1.3750*S(vdw_ext) + S(hb_int) + 1.0000*S(int)
S(int)  = S(vdw_int) + S(tors)

Internal terms are relative to best energy found (intcor).

--------------------------------------------------------------------------------


     Fitness  S(hb_ext) S(vdw_ext)  S(hb_int)    S(int)      intcor
     31.94       0.00      25.31       0.00      -2.86      -0.76

--------------------------------------------------------------------------------
--- GoldScore analysis of protein-ligand interactions                        ---
--------------------------------------------------------------------------------


--------------------------------------------------------------------------------

--------------------------------------------------------------------------------
--- Rescoring solution                                                       ---
--------------------------------------------------------------------------------

     Score     S(PLP)   S(hbond)     S(cho)   S(metal)  DE(clash)   DE(tors)
     23.88     -25.30       0.00       0.00       0.00       1.37       0.03

Doing AMOEBA simplex on best individual
Done simplexing #iterations 793, best score  27.18

     Score     S(PLP)   S(hbond)     S(cho)   S(metal)  DE(clash)   DE(tors)
     27.18     -28.75       0.00       0.00       0.00       1.20       0.18

--------------------------------------------------------------------------------
--- CHEMPLP breakdown of terms                                               ---
--------------------------------------------------------------------------------
CHEMPLP = - ( 1.0000*S(PLP) + -3.0000*S(hbond) + -6.0000*S(metal) + -3.0000*S(cho) )

Score = CHEMPLP - 1.0000*DE(clash) - 2.0000*DE(tors)


--------------------------------------------------------------------------------


--------------------------------------------------------------------------------
--- PLP analysis of protein-ligand interactions                              ---
--------------------------------------------------------------------------------
hydrogen bonding        :       0.00
metal                   :       0.00
buried (polar-nonpolar) :      -0.20
nonpolar                :     -28.80
repulsive               :       0.30
--------------------------------------------------------------------------------


--------------------------------------------------------------------------------
--- ChemScore analysis of protein-ligand interactions                        ---
--------------------------------------------------------------------------------

* Hydrogen bonds                                                                


* CH..O interactions                                                            
  CH group selection                       : activated ring CH (adjacent to hetatom)

--------------------------------------------------------------------------------


--------------------------------------------------------------------------------
--- Intra-ligand clashes                                                     ---
--------------------------------------------------------------------------------

Ligand
  7 (C7   ) -   3 (C3   ):   1.20 (dist   2.72)
--------------------------------------------------------------------------------


--------------------------------------------------------------------------------
--- Chromosome decoded                                                       ---
--------------------------------------------------------------------------------
Ligand Torsions
[   6    2    1    3]  178.86
[  12    5    1    2] -179.96
Protein Torsions
[3607 3598 3597 3595]  -46.31 
[3527 3518 3517 3515]  -11.65 
[3788 3779 3778 3776]   76.54 
[3080 3073 3071 3068]  -69.44 
[5059 5050 5049 5047]   24.05 
[2545 2534 2533 2532]  -70.48 
[ 568  565  563  560]  -88.28 
[1886 1881 1880 1877]  153.09 
[3128 3121 3120 3118] -163.21 
[ 590  585  584  581]  137.23 
Mapping
Ligand acceptors to protein hydrogens (mapping then atom ids)
Ligand hydrogens to protein acceptors (mapping then atom ids)
Ligand shape atoms to protein points (mapping then atom ids & coords)
  1 11692 [  5->( 26.000  -8.000   2.500)]
  3 10992 [  7->( 25.250 -11.000   2.250)]
  5 10244 [ 13->( 24.500 -12.000  -0.500)]
  7 10200 [ 16->( 24.500 -13.000  -0.250)]
Chromosome values
Integers:
  -1   -1   -1   -1   -1 11691   -1 10991   -1 10243   -1 10199 
--------------------------------------------------------------------------------


--------------------------------------------------------------------------------
--- Diverse Solutions Stats                                                  ---
--------------------------------------------------------------------------------
  Move attempts                            :  16679
  Move failures                            :     58
  Failure rate                             :   0.003

--------------------------------------------------------------------------------

Current Ranking  2  1  5  4  7  9  3  8  6

--------------------------------------------------------------------------------

* GA execution time :                                                           
  total  1.1161 user  0.9870 sys  0.1292

--------------------------------------------------------------------------------
Fitness function evaluations: 52538

--------------------------------------------------------------------------------
** Docking run number 10 **
--------------------------------------------------------------------------------
  Rank fitness base is 5000.00 ; increment is 11.2233

* Initialising population(s) ...                                                
Number of constraints mappings 0
Number of constraints 0
  Population no.                           :      1
  Population size                          :    100
  Number of duplicates                     :      0
  Number of niche violations               :      0
  Number of errors                         :  35558


Doing GA, no. of population(s) 1 size 100 selection pressure 1.100000

 Operation      Fitness  S(hb_ext) S(vdw_ext)  S(hb_int)    S(int)      intcor
         0      28.23       9.64      16.18       0.00     -18.30      -0.76
       164      27.28       9.58      15.83       0.00     -18.30      -0.76
Reordering...
       360      24.34       1.62      16.82       0.00      -1.59      -0.76
       367      24.67       0.32      18.61       0.00      -4.79      -0.76
       411      25.97       4.13      17.08       0.00      -6.20      -0.76
Reordering...
       540      23.65       0.29      18.01       0.00      -4.79      -0.76
       664      28.68       0.00      22.30       0.00      -6.20      -0.76
       769      27.99       0.00      21.90       0.00      -6.20      -0.76
      1181      27.40       1.07      19.81       0.00      -1.96      -0.76
      1216      29.11       1.22      22.47       0.00      -6.38      -0.76
      1324      29.28       0.00      21.95       0.00      -1.76      -0.76
      1325      29.49       0.02      22.06       0.00      -1.69      -0.76
      1535      29.81       0.17      21.93       0.00      -0.87      -0.76
      1770      29.71       0.24      21.88       0.00      -0.87      -0.76
      2221      29.76       0.18      22.28       0.00      -1.08      -0.76
      2494      31.49       0.00      23.53       0.00      -0.87      -0.76
      2917      31.55       0.00      23.57       0.00      -0.87      -0.76
--------------------------------------------------------------------------------
Best docking solution after GA:
      3000      31.55       0.00      23.57       0.00      -0.87      -0.76

#ops:       3000 #mutates:   1510 #cross:     1490 #dups:       598 
#niche:     1371 #errors:     479 
--------------------------------------------------------------------------------

Doing AMOEBA simplex on best individual
Done simplexing #iterations 950, best score  33.82

Ligand is stored in gold_soln_ligand_prepared_m1_10.mol2


--------------------------------------------------------------------------------
--- GoldScore breakdown of terms                                             ---
--------------------------------------------------------------------------------
Fitness = S(hb_ext) + 1.3750*S(vdw_ext) + S(hb_int) + 1.0000*S(int)
S(int)  = S(vdw_int) + S(tors)

Internal terms are relative to best energy found (intcor).

--------------------------------------------------------------------------------


     Fitness  S(hb_ext) S(vdw_ext)  S(hb_int)    S(int)      intcor
     33.82       0.00      25.23       0.00      -0.87      -0.76

--------------------------------------------------------------------------------
--- GoldScore analysis of protein-ligand interactions                        ---
--------------------------------------------------------------------------------


--------------------------------------------------------------------------------

--------------------------------------------------------------------------------
--- Rescoring solution                                                       ---
--------------------------------------------------------------------------------

     Score     S(PLP)   S(hbond)     S(cho)   S(metal)  DE(clash)   DE(tors)
     16.20     -18.67       0.00       0.00       0.00       0.00       1.24

Doing AMOEBA simplex on best individual
Done simplexing #iterations 776, best score  31.94

     Score     S(PLP)   S(hbond)     S(cho)   S(metal)  DE(clash)   DE(tors)
     31.94     -34.15       0.00       0.00       0.00       1.42       0.39

--------------------------------------------------------------------------------
--- CHEMPLP breakdown of terms                                               ---
--------------------------------------------------------------------------------
CHEMPLP = - ( 1.0000*S(PLP) + -3.0000*S(hbond) + -6.0000*S(metal) + -3.0000*S(cho) )

Score = CHEMPLP - 1.0000*DE(clash) - 2.0000*DE(tors)


--------------------------------------------------------------------------------


--------------------------------------------------------------------------------
--- PLP analysis of protein-ligand interactions                              ---
--------------------------------------------------------------------------------
hydrogen bonding        :      -0.97
metal                   :       0.00
buried (polar-nonpolar) :      -5.23
nonpolar                :     -29.11
repulsive               :       0.54
--------------------------------------------------------------------------------


--------------------------------------------------------------------------------
--- ChemScore analysis of protein-ligand interactions                        ---
--------------------------------------------------------------------------------

* Hydrogen bonds                                                                


* CH..O interactions                                                            
  CH group selection                       : activated ring CH (adjacent to hetatom)

--------------------------------------------------------------------------------


--------------------------------------------------------------------------------
--- Intra-ligand clashes                                                     ---
--------------------------------------------------------------------------------

Ligand
  7 (C7   ) -   4 (C4   ):   1.42 (dist   2.71)
--------------------------------------------------------------------------------


--------------------------------------------------------------------------------
--- Chromosome decoded                                                       ---
--------------------------------------------------------------------------------
Ligand Torsions
[   6    2    1    3]   84.88
[  12    5    1    2] -164.51
Protein Torsions
[3607 3598 3597 3595] -131.85 
[3527 3518 3517 3515]  139.51 
[3788 3779 3778 3776]    1.89 
[3080 3073 3071 3068]  -13.31 
[5059 5050 5049 5047]   79.35 
[2545 2534 2533 2532]  166.82 
[ 568  565  563  560]  -13.80 
[1886 1881 1880 1877]  -57.25 
[3128 3121 3120 3118]   68.09 
[ 590  585  584  581]  -79.64 
Mapping
Ligand acceptors to protein hydrogens (mapping then atom ids)
Ligand hydrogens to protein acceptors (mapping then atom ids)
Ligand shape atoms to protein points (mapping then atom ids & coords)
  1 12124 [  5->( 26.750  -8.500   0.750)]
  2  9805 [  6->( 24.000 -10.500   0.000)]
  3  9744 [  7->( 24.000 -12.000   0.250)]
  4 11677 [ 12->( 26.000  -8.250   1.500)]
  5  9218 [ 13->( 23.500 -13.750  -1.000)]
  6  9706 [ 14->( 24.000 -12.750   0.000)]
  7  9935 [ 16->( 24.250 -13.250  -0.500)]
Chromosome values
Integers:
  -1   -1   -1   -1   -1 12123 9804 9743 11676 9217 9705 9934 
--------------------------------------------------------------------------------


--------------------------------------------------------------------------------
--- Diverse Solutions Stats                                                  ---
--------------------------------------------------------------------------------
  Move attempts                            :  17182
  Move failures                            :     64
  Failure rate                             :   0.004

--------------------------------------------------------------------------------

Current Ranking  2  1  5  4 10  7  9  3  8  6

--------------------------------------------------------------------------------

* GA execution time :                                                           
  total  1.1604 user  1.0740 sys  0.0864

--------------------------------------------------------------------------------
Fitness function evaluations: 53177

--------------------------------------------------------------------------------
--- Ranking analysis                                                         ---
--------------------------------------------------------------------------------


* Final ranked order of GA solutions:                                           
   2  1  5  4 10  7  9  3  8  6 

  _______________________________
  RMSD Matrix of RANKED solutions

        2    3    4    5    6    7    8    9   10  

   1 :  0.4  6.5  2.7  5.6  3.5  7.5  3.0  6.0  6.0
   2 :       6.7  2.8  5.9  3.3  7.7  3.1  6.2  5.7
   3 :            5.9  1.3  7.5  2.4  5.6  2.4  9.9
   4 :                 5.1  2.7  6.9  0.6  5.0  5.9
   5 :                      6.7  3.3  4.7  2.2  9.2
   6 :                           8.6  2.8  6.6  4.7
   7 :                                6.6  3.3 10.6
   8 :                                     4.5  6.1
   9 :                                          9.3

  Clustering method                        : complete linkage
  Structure ids in cluster table           : rank nos.
  Ordering of clusters and their members   : by rank (order if from rms_analysis)

  Distance | Clusters
   0.38    |  1  2 |  3 |  4 |  5 |  6 |  7 |  8 |  9 | 10 |
   0.59    |  1  2 |  3 |  4  8 |  5 |  6 |  7 |  9 | 10 |
   1.29    |  1  2 |  3  5 |  4  8 |  6 |  7 |  9 | 10 |
   2.41    |  1  2 |  3  5  9 |  4  8 |  6 |  7 | 10 |
   2.79    |  1  2 |  3  5  9 |  4  6  8 |  7 | 10 |
   3.32    |  1  2 |  3  5  7  9 |  4  6  8 | 10 |
   3.46    |  1  2  4  6  8 |  3  5  7  9 | 10 |
   6.13    |  1  2  4  6  8 10 |  3  5  7  9 |
  10.56    |  1  2  3  4  5  6  7  8  9 10 |
  Finished Docking Ligand                  : /mnt/c/Users/ricca/Desktop/Documents/1_Coding/1_Script_Github/Reverse_Docking_Explore_V3/3oxt/ligand_prepared.mol2
--------------------------------------------------------------------------------

  Relative_Ligand_Energy (best encountered) :  -0.759
  Relative_Ligand_Energy: fitness values have been corrected using this amount
