
--------------------------------------------------------------------------------
--- Ligand                                                                   ---
--------------------------------------------------------------------------------
  Ligand loaded from file                  : /mnt/c/Users/ricca/Desktop/Documents/1_Coding/1_Script_Github/Reverse_Docking_Explore_V3/4v3u/ligand_prepared.mol2
  Ligand name                              :  
  "CT1002167954                                                             "

--------------------------------------------------------------------------------
  N.plc donors                             : 
  none found

  Acidic nitrogen acceptors                : 
  none found
  Sulfur acceptors                         :
  none found


  Donor atoms                              :      2
  8   10  
  Acceptor atoms                           :      3
  9   11  17  

  Hydrogens                                :  (n = 2)
  22   23   

  Lone pairs added to molecule             :      6
  Numbering                                : from 30 to 35

--------------------------------------------------------------------------------
--- Postprocessing of typing                                                 ---
--------------------------------------------------------------------------------
  Fragment file                            : /home/hitesit/CCDC/Discovery_2022/GOLD/gold/rotatable_bond_override.mol2
  acylurea fragment                        : 2 matches
  Ligand bond 15-8  set to flip
  Ligand bond 15-10  set to flip
  Ligand bond 15-10  set to 1
  Ligand bond 15-8  set to 1
  Ligand bond 10-4  set to flip
  Ligand bond 8-3  set to flip
  thioacylthiourea fragment                : no matches
  acylthiourea fragment                    : no matches
  thioacylurea fragment                    : no matches
  diarylamine fragment >C.ar-NH-C.ar<      : no matches
  sec-amine (1) fragment                   : no matches
  sec-amine (2) fragment                   : no matches
  sec-amine (3) fragment                   : no matches
  carboxylic ester                         : no matches

* Rotatable bonds in /mnt/c/Users/ricca/D  :
  [   1    2] [   1    5] 
  No. of rotatable bonds                   :      2


* Reading torsional distributions from file:
  /home/hitesit/CCDC/Discovery_2022/GOLD/gold/gold.tordist
  No. of bins in torsional distributions   :     36
  Minimum size of largest peak             :      0
  Removing high energy torsions            : on
  Delta E set to                           :   2.500

* Fragments found in /mnt/c/Users/ricca/D  :
  atom   2: benzene
  atom   6: benzene
  atom   7: benzene
  atom  13: benzene
  atom  14: benzene
  atom  16: benzene


* Checking torsion distributions:                                               
  No. of matched torsions                  :      0

--------------------------------------------------------------------------------
--- Shape fitting atoms selection (hydrophobic atoms)                        ---
--------------------------------------------------------------------------------
  Molecule                                 : /mnt/c/Users/ricca/Desktop/Documents/1_Coding/1_Script_Github/Reverse_Docking_Explore_V3/4v3u/ligand_prepared.mol2
  Selection                                : carbons only
  Atom numbers                             :  (n = 7)
  5    6    7    12   13   14   16   

--------------------------------------------------------------------------------
--- Diverse Solutions Setup                                                  ---
--------------------------------------------------------------------------------
  Cluster size                             :      2
  RMSD                                     :   2.000
  Refinement                               :      0


--------------------------------------------------------------------------------
--- ChemScore ligand setup summary                                           ---
--------------------------------------------------------------------------------
  ChemScore ligand acceptors               :      3
  9 11 17 
  ChemScore ligand donors                  :      2
  8 ( 22  ) 10 ( 23  ) 
  ChemScore ligand CH donors               :      0
  

  ChemScore ligand lipophilic atoms        :  (n = 9)
  1    2    5    6    7    12   13   14   16   

  ChemScore ligand rotatable bonds         :      2
  1   (C1 ) - 2   (C2 ): SP3_SP2_BOND
  1   (C1 ) - 5   (C5 ): SP3_SP3_BOND

--------------------------------------------------------------------------------
--- PLP ligand setup summary                                                 ---
--------------------------------------------------------------------------------
    1    C1   C.3 NONPOLAR
    2    C2  C.ar NONPOLAR
    3    C3   C.2 NONPOLAR
    4    C4   C.2 NONPOLAR
    5    C5   C.3 NONPOLAR
    6    C6  C.ar NONPOLAR
    7    C7  C.ar NONPOLAR
    8    N8  N.am DONOR
    9    O9   O.2 ACCEPTOR
   10   N10  N.am DONOR
   11   O11   O.2 ACCEPTOR
   12   C12   C.3 NONPOLAR
   13   C13  C.ar NONPOLAR
   14   C14  C.ar NONPOLAR
   15   C15   C.2 NONPOLAR
   16   C16  C.ar NONPOLAR
   17   O17   O.2 ACCEPTOR

--------------------------------------------------------------------------------
--- Automatic parameter setting                                              ---
--------------------------------------------------------------------------------
  Contribution base                        :   2500
  Contribution per rotatable bond          :   6000
  Contribution per df                      :   4000
  Contribution per water                   :  10000
  Ligand rotatable bonds                   :      2
  Protein flexible side chain bonds        :      0
  Total rotatable bonds                    :      2
  Hydrophobic vol ratio (P/L)              :   1.000
  Base multiplier (polar)                  :   1.000
  Base multiplier (apolar)                 :   1.400
  Base contribution                        : 5000.000
  Fitting points                           :      5
  Estimated maxops needed (optimal)        :  17500
  Autoscale factor (in percent)            :     10
  Scaled maxops                            :   2000

--------------------------------------------------------------------------------

* Population settings                                                           
  maxops                                   :   2000
  popsiz                                   :    100
  select_pressure                          :   1.100
  n_islands                                :      1
  niche_siz                                :      2

* GA settings                                                                   
  pt_crosswt                               :    100
  allele_mutatewt                          :    100
  migratewt                                :      0

* Search settings                                                               
  start_vdw_linear_cutoff                  :   6.000
  initial_virtual_pt_match_max             :   3.000
  Scaling of internal VDW energy           : log scale from  0.2 to    1
                                             over 1500 ops
  Sampling interval (operations)           :     20
  Scaling of virtual pt maximum length     : linear scale from    3 to    2
                                             over  1500 ops
  Sampling interval (operations)           :     60
  Scaling of 4-8 potential cutoff          : log scale from    6 to 1.2e+02
                                             over 1500 ops
  Sampling interval (operations)           :     60

--------------------------------------------------------------------------------

* Ligand initialisation time :                                                  
  total  0.0132 user  0.0127 sys  0.0006

--------------------------------------------------------------------------------

--------------------------------------------------------------------------------
** Docking run number  1 **
--------------------------------------------------------------------------------
  Rank fitness base is 5000.00 ; increment is 11.2233

* Initialising population(s) ...                                                
Number of constraints mappings 0
Number of constraints 0
  Population no.                           :      1
  Population size                          :    100
  Number of duplicates                     :      0
  Number of niche violations               :      0
  Number of errors                         :   1231


Doing GA, no. of population(s) 1 size 100 selection pressure 1.100000

 Operation      Fitness  S(hb_ext) S(vdw_ext)  S(hb_int)    S(int)      intcor
         0      23.43       7.62      12.18       0.00      -4.65      -0.81
       697      18.90       6.65      10.10       0.00      -3.96      -0.81
       772      21.14       4.63      12.78       0.00      -2.35      -0.81
       946      20.74       5.21      12.24       0.00      -2.35      -0.81
       965      21.23       5.94      12.08       0.00      -2.35      -0.81
      1071      20.72       5.89      11.86       0.00      -2.35      -0.81
      1125      20.44       5.83      11.57       0.00      -1.97      -0.81
      1155      21.58       5.78      11.80       0.00      -0.62      -0.81
      1334      20.48       5.60      11.61       0.00      -1.33      -0.81
      1362      21.47       5.60      12.09       0.00      -0.88      -0.81
      1780      18.82       5.41      10.38       0.00      -0.87      -0.81
      1833      18.82       5.41      10.38       0.00      -0.87      -0.81
--------------------------------------------------------------------------------
Best docking solution after GA:
      2000      18.82       5.41      10.38       0.00      -0.87      -0.81

#ops:       2000 #mutates:    980 #cross:     1020 #dups:       631 
#niche:     1018 #errors:     114 
--------------------------------------------------------------------------------

Doing AMOEBA simplex on best individual
Done simplexing #iterations 1457, best score  30.73

Ligand is stored in gold_soln_ligand_prepared_m1_1.mol2


--------------------------------------------------------------------------------
--- GoldScore breakdown of terms                                             ---
--------------------------------------------------------------------------------
Fitness = S(hb_ext) + 1.3750*S(vdw_ext) + S(hb_int) + 1.0000*S(int)
S(int)  = S(vdw_int) + S(tors)

Internal terms are relative to best energy found (intcor).

--------------------------------------------------------------------------------


     Fitness  S(hb_ext) S(vdw_ext)  S(hb_int)    S(int)      intcor
     30.73       6.08      18.36       0.00      -0.59      -0.81

--------------------------------------------------------------------------------
--- GoldScore analysis of protein-ligand interactions                        ---
--------------------------------------------------------------------------------

  Ligand acceptor   11 Protein hydrogen 6848 donor 6792 bond energy  6.00 wt 0.82
  Ligand acceptor    9 Protein hydrogen 8119 donor 8091 bond energy  2.00 wt 0.01
  Ligand donor    8 hydrogen   22 Protein acceptor 8153 bond energy  2.00 wt 0.56

--------------------------------------------------------------------------------

--------------------------------------------------------------------------------
--- Rescoring solution                                                       ---
--------------------------------------------------------------------------------

     Score     S(PLP)   S(hbond)     S(cho)   S(metal)  DE(clash)   DE(tors)
    -24.67      26.87       1.40       0.00       0.00       0.00       1.00

Doing AMOEBA simplex on best individual
AMOEBA simplex failed to converge after 2000 iterations
Done simplexing #iterations 2000, best score  22.88

     Score     S(PLP)   S(hbond)     S(cho)   S(metal)  DE(clash)   DE(tors)
     22.88     -22.14       0.88       0.00       0.00       0.00       0.95

--------------------------------------------------------------------------------
--- CHEMPLP breakdown of terms                                               ---
--------------------------------------------------------------------------------
CHEMPLP = - ( 1.0000*S(PLP) + -3.0000*S(hbond) + -6.0000*S(metal) + -3.0000*S(cho) )

Score = CHEMPLP - 1.0000*DE(clash) - 2.0000*DE(tors)


--------------------------------------------------------------------------------


--------------------------------------------------------------------------------
--- PLP analysis of protein-ligand interactions                              ---
--------------------------------------------------------------------------------
hydrogen bonding        :      -3.72
metal                   :       0.00
buried (polar-nonpolar) :      -4.40
nonpolar                :     -14.92
repulsive               :       0.54
--------------------------------------------------------------------------------


--------------------------------------------------------------------------------
--- ChemScore analysis of protein-ligand interactions                        ---
--------------------------------------------------------------------------------

* Hydrogen bonds                                                                
Protein donor 6792 hydrogen 6848 Ligand acceptor   11 bond energy  1.00 wt 0.88


* CH..O interactions                                                            
  CH group selection                       : activated ring CH (adjacent to hetatom)

--------------------------------------------------------------------------------


--------------------------------------------------------------------------------
--- Intra-ligand clashes                                                     ---
--------------------------------------------------------------------------------

Ligand
--------------------------------------------------------------------------------


--------------------------------------------------------------------------------
--- Chromosome decoded                                                       ---
--------------------------------------------------------------------------------
Ligand Torsions
[   6    2    1    3]   89.76
[  12    5    1    2] -168.56
Protein Torsions
[6601 6555 6556 6557]  -17.26 
[8042 8007 8008 8009]  -78.61 
[8121 8084 8085 8086]    7.43 
[8180 8150 8151 8152] -144.15 
[8257 8218 8219 8220]  -27.64 
[9569 9518 9517 9515]  121.50 
[6689 6635 6636 6637]  -59.21 
[8319 8295 8296 8297]  -44.25 
[10213 10167 10168 10169]   77.95 
[7960 7920 7921 7922]    4.22 
[6837 6784 6785 6786] -162.86 
[7896 7873 7874 7875]   59.68 
[7900 7878 7877 7874]   51.70 
[27201 6558 6557 6556] -155.96 
[27203 7876 7875 7874]  129.69 
[27206 8010 8009 8008]   73.62 
[27209 8087 8086 8085]  -19.61 
[27212 8153 8152 8151]   14.63 
[27219 10084 10083 10082]  -10.74 
[27222 10170 10169 10168]    3.03 
[27225 7923 7922 7921]  113.32 
[27227 6365 6364 6363] -106.48 
[27230 7788 7787 7786]  155.11 
[27232 7715 7714 7713]  -10.01 
Mapping
Ligand acceptors to protein hydrogens (mapping then atom ids)
  1   7 [  9->8119]
  2   3 [ 11->6848]
Ligand hydrogens to protein acceptors (mapping then atom ids)
  1  10 [ 22->8153]
Ligand shape atoms to protein points (mapping then atom ids & coords)
Chromosome values
Integers:
   6    2   -1    9   -1   -1   -1   -1   -1   -1   -1   -1 
--------------------------------------------------------------------------------


--------------------------------------------------------------------------------
--- Diverse Solutions Stats                                                  ---
--------------------------------------------------------------------------------
  Move attempts                            :  18920
  Move failures                            :      0
  Failure rate                             :   0.000

--------------------------------------------------------------------------------

Current Ranking  1

--------------------------------------------------------------------------------

* GA execution time :                                                           
  total  0.4160 user  0.4146 sys  0.0014

--------------------------------------------------------------------------------
Fitness function evaluations: 20345

--------------------------------------------------------------------------------
** Docking run number  2 **
--------------------------------------------------------------------------------
  Rank fitness base is 5000.00 ; increment is 11.2233

* Initialising population(s) ...                                                
Number of constraints mappings 0
Number of constraints 0
  Population no.                           :      1
  Population size                          :    100
  Number of duplicates                     :      0
  Number of niche violations               :      0
  Number of errors                         :   1217


Doing GA, no. of population(s) 1 size 100 selection pressure 1.100000

 Operation      Fitness  S(hb_ext) S(vdw_ext)  S(hb_int)    S(int)      intcor
         0      27.50       7.51      14.54       0.00      -0.00      -0.81
      1021      23.77       5.89      13.49       0.00      -1.11      -0.81
      1878      17.95       5.41       9.96       0.00      -1.15      -0.77
      1932      17.95       5.41       9.96       0.00      -1.15      -0.77
      2000      18.36       5.41      10.45       0.00      -1.41      -0.77
--------------------------------------------------------------------------------
Best docking solution after GA:
      2000      18.36       5.41      10.45       0.00      -1.41      -0.77

#ops:       2000 #mutates:   1025 #cross:      975 #dups:       525 
#niche:      893 #errors:     141 
--------------------------------------------------------------------------------

Doing AMOEBA simplex on best individual
Done simplexing #iterations 1421, best score  30.37

Ligand is stored in gold_soln_ligand_prepared_m1_2.mol2


--------------------------------------------------------------------------------
--- GoldScore breakdown of terms                                             ---
--------------------------------------------------------------------------------
Fitness = S(hb_ext) + 1.3750*S(vdw_ext) + S(hb_int) + 1.0000*S(int)
S(int)  = S(vdw_int) + S(tors)

Internal terms are relative to best energy found (intcor).

--------------------------------------------------------------------------------


     Fitness  S(hb_ext) S(vdw_ext)  S(hb_int)    S(int)      intcor
     30.37       6.71      17.78       0.00      -0.79      -0.77

--------------------------------------------------------------------------------
--- GoldScore analysis of protein-ligand interactions                        ---
--------------------------------------------------------------------------------

  Ligand acceptor   11 Protein hydrogen 6848 donor 6792 bond energy  6.00 wt 0.93
  Ligand acceptor    9 Protein hydrogen 8119 donor 8091 bond energy  2.00 wt 0.01
  Ligand donor    8 hydrogen   22 Protein acceptor 8153 bond energy  2.00 wt 0.55

--------------------------------------------------------------------------------

--------------------------------------------------------------------------------
--- Rescoring solution                                                       ---
--------------------------------------------------------------------------------

     Score     S(PLP)   S(hbond)     S(cho)   S(metal)  DE(clash)   DE(tors)
    -24.79      27.02       1.40       0.00       0.00       0.00       0.98

Doing AMOEBA simplex on best individual
AMOEBA simplex failed to converge after 2000 iterations
Done simplexing #iterations 2000, best score  23.32

     Score     S(PLP)   S(hbond)     S(cho)   S(metal)  DE(clash)   DE(tors)
     23.32     -22.46       0.85       0.00       0.00       0.33       0.68

--------------------------------------------------------------------------------
--- CHEMPLP breakdown of terms                                               ---
--------------------------------------------------------------------------------
CHEMPLP = - ( 1.0000*S(PLP) + -3.0000*S(hbond) + -6.0000*S(metal) + -3.0000*S(cho) )

Score = CHEMPLP - 1.0000*DE(clash) - 2.0000*DE(tors)


--------------------------------------------------------------------------------


--------------------------------------------------------------------------------
--- PLP analysis of protein-ligand interactions                              ---
--------------------------------------------------------------------------------
hydrogen bonding        :      -3.64
metal                   :       0.00
buried (polar-nonpolar) :      -4.45
nonpolar                :     -15.34
repulsive               :       0.54
--------------------------------------------------------------------------------


--------------------------------------------------------------------------------
--- ChemScore analysis of protein-ligand interactions                        ---
--------------------------------------------------------------------------------

* Hydrogen bonds                                                                
Protein donor 6792 hydrogen 6848 Ligand acceptor   11 bond energy  1.00 wt 0.85


* CH..O interactions                                                            
  CH group selection                       : activated ring CH (adjacent to hetatom)

--------------------------------------------------------------------------------


--------------------------------------------------------------------------------
--- Intra-ligand clashes                                                     ---
--------------------------------------------------------------------------------

Ligand
  7 (C7   ) -   4 (C4   ):   0.33 (dist   2.74)
--------------------------------------------------------------------------------


--------------------------------------------------------------------------------
--- Chromosome decoded                                                       ---
--------------------------------------------------------------------------------
Ligand Torsions
[   6    2    1    3]   86.23
[  12    5    1    2] -170.01
Protein Torsions
[6601 6555 6556 6557]  -14.42 
[8042 8007 8008 8009]  -31.17 
[8121 8084 8085 8086] -138.72 
[8180 8150 8151 8152]  -95.58 
[8257 8218 8219 8220]  -30.92 
[9569 9518 9517 9515]  -68.03 
[6689 6635 6636 6637]   18.12 
[8319 8295 8296 8297]  166.81 
[10213 10167 10168 10169]  111.86 
[7960 7920 7921 7922] -168.06 
[6837 6784 6785 6786]   99.80 
[7896 7873 7874 7875]  172.09 
[7900 7878 7877 7874]  169.09 
[27201 6558 6557 6556]   40.12 
[27203 7876 7875 7874]   24.24 
[27206 8010 8009 8008] -116.06 
[27209 8087 8086 8085] -146.06 
[27212 8153 8152 8151] -161.86 
[27219 10084 10083 10082] -164.71 
[27222 10170 10169 10168]  -87.49 
[27225 7923 7922 7921]  -70.55 
[27227 6365 6364 6363]  123.24 
[27230 7788 7787 7786]  134.46 
[27232 7715 7714 7713] -171.77 
Mapping
Ligand acceptors to protein hydrogens (mapping then atom ids)
  1   7 [  9->8119]
  2   3 [ 11->6848]
Ligand hydrogens to protein acceptors (mapping then atom ids)
  1  10 [ 22->8153]
Ligand shape atoms to protein points (mapping then atom ids & coords)
Chromosome values
Integers:
   6    2   -1    9   -1   -1   -1   -1   -1   -1   -1   -1 
--------------------------------------------------------------------------------


--------------------------------------------------------------------------------
--- Diverse Solutions Stats                                                  ---
--------------------------------------------------------------------------------
  Move attempts                            :  18574
  Move failures                            :      0
  Failure rate                             :   0.000

--------------------------------------------------------------------------------

Current Ranking  1  2

--------------------------------------------------------------------------------

* GA execution time :                                                           
  total  0.4090 user  0.3958 sys  0.0131

--------------------------------------------------------------------------------
Fitness function evaluations: 19939

--------------------------------------------------------------------------------
** Docking run number  3 **
--------------------------------------------------------------------------------
  Rank fitness base is 5000.00 ; increment is 11.2233

* Initialising population(s) ...                                                
Number of constraints mappings 0
Number of constraints 0
  Population no.                           :      1
  Population size                          :    100
  Number of duplicates                     :      0
  Number of niche violations               :      0
  Number of errors                         :   1216


Doing GA, no. of population(s) 1 size 100 selection pressure 1.100000

 Operation      Fitness  S(hb_ext) S(vdw_ext)  S(hb_int)    S(int)      intcor
         0      25.75       3.19      18.41       0.00     -13.81      -0.76
       166      24.92       5.92      14.13       0.00      -1.85      -0.76
       236      24.21       2.98      17.60       0.00     -11.75      -0.76
Reordering...
       280      23.39       5.90      13.08       0.00      -1.85      -0.76
Reordering...
       300      22.62       2.84      16.74       0.00     -11.75      -0.76
Reordering...
       340      22.49       5.88      12.46       0.00      -1.85      -0.76
Reordering...
       360      21.68       2.77      16.27       0.00     -11.75      -0.76
Reordering...
       600      17.12       5.05      10.36       0.00      -5.70      -0.76
       641      17.69       5.23      12.50       0.00     -11.91      -0.76
Reordering...
       660      17.18       4.97      10.17       0.00      -4.36      -0.76
       821      16.78       4.81       9.70       0.00      -2.84      -0.76
       851      16.72       6.85       7.75       0.00      -1.60      -0.76
Reordering...
       960      14.59       4.57       8.45       0.00      -2.84      -0.76
       990      14.62       4.57       8.50       0.00      -2.84      -0.76
       991      14.75       4.52       8.62       0.00      -2.84      -0.76
Reordering...
      1020      14.26       2.21       9.53       0.00      -1.75      -0.76
      1090      14.54       1.85      11.38       0.00      -4.63      -0.76
Reordering...
      1140      14.04       2.13       9.53       0.00      -1.75      -0.76
      1156      14.24       1.77      11.15       0.00      -4.21      -0.76
Reordering...
      1200      13.95       2.07       9.56       0.00      -1.75      -0.76
      1285      14.45       2.04       9.47       0.00      -0.78      -0.76
      1653      16.60       3.76      10.10       0.00      -1.04      -0.76
      1899      16.82       1.26      14.18       0.00      -3.95      -0.76
--------------------------------------------------------------------------------
Best docking solution after GA:
      2000      16.82       1.26      14.18       0.00      -3.95      -0.76

#ops:       2000 #mutates:   1032 #cross:      968 #dups:       543 
#niche:     1010 #errors:     132 
--------------------------------------------------------------------------------

Doing AMOEBA simplex on best individual
Done simplexing #iterations 1855, best score  31.34

Ligand is stored in gold_soln_ligand_prepared_m1_3.mol2


--------------------------------------------------------------------------------
--- GoldScore breakdown of terms                                             ---
--------------------------------------------------------------------------------
Fitness = S(hb_ext) + 1.3750*S(vdw_ext) + S(hb_int) + 1.0000*S(int)
S(int)  = S(vdw_int) + S(tors)

Internal terms are relative to best energy found (intcor).

--------------------------------------------------------------------------------


     Fitness  S(hb_ext) S(vdw_ext)  S(hb_int)    S(int)      intcor
     31.34       6.40      20.97       0.00      -3.90      -0.76

--------------------------------------------------------------------------------
--- GoldScore analysis of protein-ligand interactions                        ---
--------------------------------------------------------------------------------

  Ligand acceptor    9 Protein hydrogen 6848 donor 6792 bond energy  6.00 wt 1.00
  Ligand donor    8 hydrogen   22 Protein acceptor 7876 bond energy  2.00 wt 0.21

--------------------------------------------------------------------------------

--------------------------------------------------------------------------------
--- Rescoring solution                                                       ---
--------------------------------------------------------------------------------

     Score     S(PLP)   S(hbond)     S(cho)   S(metal)  DE(clash)   DE(tors)
    -32.74      32.83       0.75       0.00       0.00       2.05       0.06

Doing AMOEBA simplex on best individual
AMOEBA simplex failed to converge after 2000 iterations
Done simplexing #iterations 2000, best score  26.18

     Score     S(PLP)   S(hbond)     S(cho)   S(metal)  DE(clash)   DE(tors)
     26.18     -25.26       1.00       0.00       0.00       2.06       0.01

--------------------------------------------------------------------------------
--- CHEMPLP breakdown of terms                                               ---
--------------------------------------------------------------------------------
CHEMPLP = - ( 1.0000*S(PLP) + -3.0000*S(hbond) + -6.0000*S(metal) + -3.0000*S(cho) )

Score = CHEMPLP - 1.0000*DE(clash) - 2.0000*DE(tors)


--------------------------------------------------------------------------------


--------------------------------------------------------------------------------
--- PLP analysis of protein-ligand interactions                              ---
--------------------------------------------------------------------------------
hydrogen bonding        :      -2.66
metal                   :       0.00
buried (polar-nonpolar) :      -3.83
nonpolar                :     -19.70
repulsive               :       0.45
--------------------------------------------------------------------------------


--------------------------------------------------------------------------------
--- ChemScore analysis of protein-ligand interactions                        ---
--------------------------------------------------------------------------------

* Hydrogen bonds                                                                
Protein donor 6792 hydrogen 6848 Ligand acceptor    9 bond energy  1.00 wt 1.00


* CH..O interactions                                                            
  CH group selection                       : activated ring CH (adjacent to hetatom)

--------------------------------------------------------------------------------


--------------------------------------------------------------------------------
--- Intra-ligand clashes                                                     ---
--------------------------------------------------------------------------------

Ligand
  6 (C6   ) -   3 (C3   ):   2.06 (dist   2.69)
--------------------------------------------------------------------------------


--------------------------------------------------------------------------------
--- Chromosome decoded                                                       ---
--------------------------------------------------------------------------------
Ligand Torsions
[   6    2    1    3]   -2.06
[  12    5    1    2] -172.32
Protein Torsions
[6601 6555 6556 6557]   22.28 
[8042 8007 8008 8009] -118.17 
[8121 8084 8085 8086]   89.04 
[8180 8150 8151 8152]  100.70 
[8257 8218 8219 8220]  -52.65 
[9569 9518 9517 9515]   47.89 
[6689 6635 6636 6637] -178.48 
[8319 8295 8296 8297] -141.51 
[10213 10167 10168 10169]  -98.80 
[7960 7920 7921 7922] -165.86 
[6837 6784 6785 6786]  -36.68 
[7896 7873 7874 7875]  -38.04 
[7900 7878 7877 7874]   73.64 
[27201 6558 6557 6556]  -12.09 
[27203 7876 7875 7874]  -27.54 
[27206 8010 8009 8008]  -19.07 
[27209 8087 8086 8085]   54.40 
[27212 8153 8152 8151]   77.86 
[27219 10084 10083 10082]  -75.54 
[27222 10170 10169 10168] -134.37 
[27225 7923 7922 7921]  127.43 
[27227 6365 6364 6363]   -8.51 
[27230 7788 7787 7786]  150.91 
[27232 7715 7714 7713]  109.75 
Mapping
Ligand acceptors to protein hydrogens (mapping then atom ids)
  1   4 [  9->6849]
  2  11 [ 11->9569]
Ligand hydrogens to protein acceptors (mapping then atom ids)
  1   4 [ 22->8007]
Ligand shape atoms to protein points (mapping then atom ids & coords)
Chromosome values
Integers:
   3   10   -1    3   -1   -1   -1   -1   -1   -1   -1   -1 
--------------------------------------------------------------------------------


--------------------------------------------------------------------------------
--- Diverse Solutions Stats                                                  ---
--------------------------------------------------------------------------------
  Move attempts                            :  19100
  Move failures                            :     10
  Failure rate                             :   0.001

--------------------------------------------------------------------------------

Current Ranking  3  1  2

--------------------------------------------------------------------------------

* GA execution time :                                                           
  total  0.4339 user  0.4161 sys  0.0178

--------------------------------------------------------------------------------
Fitness function evaluations: 20518

--------------------------------------------------------------------------------
** Docking run number  4 **
--------------------------------------------------------------------------------
  Rank fitness base is 5000.00 ; increment is 11.2233

* Initialising population(s) ...                                                
Number of constraints mappings 0
Number of constraints 0
  Population no.                           :      1
  Population size                          :    100
  Number of duplicates                     :      0
  Number of niche violations               :      0
  Number of errors                         :   1208


Doing GA, no. of population(s) 1 size 100 selection pressure 1.100000

 Operation      Fitness  S(hb_ext) S(vdw_ext)  S(hb_int)    S(int)      intcor
         0      20.41       1.26      14.19       0.00      -1.84      -0.76
        46      20.67       4.37      11.85       0.00      -0.03      -0.76
Reordering...
        60      19.72       1.21      13.74       0.00      -1.84      -0.76
       113      28.45       2.40      22.03       0.00     -19.07      -0.76
       262      24.85       2.36      16.82       0.00      -2.39      -0.76
       582      15.82       2.00      12.36       0.00      -8.54      -0.76
       877      13.54       6.03       5.62       0.00      -0.43      -0.76
Reordering...
       900      12.46       1.76      11.05       0.00      -8.54      -0.76
       945      15.53       1.76      11.78       0.00      -4.43      -0.76
       971      18.75       6.00       9.69       0.00      -1.03      -0.76
Reordering...
      1140      15.65       1.57      11.14       0.00      -1.81      -0.76
      1267      14.86       1.53      10.71       0.00      -1.81      -0.76
      1532      12.96       1.31       9.40       0.00      -1.26      -0.76
      1665      12.97       1.31       9.38       0.00      -1.23      -0.76
      1816      13.86       0.13      11.05       0.00      -1.46      -0.76
      1903      16.10       0.13      12.71       0.00      -1.50      -0.76
--------------------------------------------------------------------------------
Best docking solution after GA:
      2000      16.10       0.13      12.71       0.00      -1.50      -0.76

#ops:       2000 #mutates:    981 #cross:     1019 #dups:       591 
#niche:      951 #errors:     131 
--------------------------------------------------------------------------------

Doing AMOEBA simplex on best individual
Done simplexing #iterations 1823, best score  30.38

Ligand is stored in gold_soln_ligand_prepared_m1_4.mol2


--------------------------------------------------------------------------------
--- GoldScore breakdown of terms                                             ---
--------------------------------------------------------------------------------
Fitness = S(hb_ext) + 1.3750*S(vdw_ext) + S(hb_int) + 1.0000*S(int)
S(int)  = S(vdw_int) + S(tors)

Internal terms are relative to best energy found (intcor).

--------------------------------------------------------------------------------


     Fitness  S(hb_ext) S(vdw_ext)  S(hb_int)    S(int)      intcor
     30.38       6.00      18.66       0.00      -1.27      -0.76

--------------------------------------------------------------------------------
--- GoldScore analysis of protein-ligand interactions                        ---
--------------------------------------------------------------------------------

  Ligand donor    8 hydrogen   22 Protein acceptor 8092 bond energy  6.00 wt 1.00

--------------------------------------------------------------------------------

--------------------------------------------------------------------------------
--- Rescoring solution                                                       ---
--------------------------------------------------------------------------------

     Score     S(PLP)   S(hbond)     S(cho)   S(metal)  DE(clash)   DE(tors)
     21.46     -22.47       0.20       0.00       0.00       0.73       0.45

Doing AMOEBA simplex on best individual
Done simplexing #iterations 1639, best score  33.34

     Score     S(PLP)   S(hbond)     S(cho)   S(metal)  DE(clash)   DE(tors)
     33.34     -31.95       1.00       0.00       0.00       0.74       0.44

--------------------------------------------------------------------------------
--- CHEMPLP breakdown of terms                                               ---
--------------------------------------------------------------------------------
CHEMPLP = - ( 1.0000*S(PLP) + -3.0000*S(hbond) + -6.0000*S(metal) + -3.0000*S(cho) )

Score = CHEMPLP - 1.0000*DE(clash) - 2.0000*DE(tors)


--------------------------------------------------------------------------------


--------------------------------------------------------------------------------
--- PLP analysis of protein-ligand interactions                              ---
--------------------------------------------------------------------------------
hydrogen bonding        :      -1.68
metal                   :       0.00
buried (polar-nonpolar) :      -5.70
nonpolar                :     -25.20
repulsive               :       0.38
--------------------------------------------------------------------------------


--------------------------------------------------------------------------------
--- ChemScore analysis of protein-ligand interactions                        ---
--------------------------------------------------------------------------------

* Hydrogen bonds                                                                
Ligand donor    8 hydrogen   22 Protein acceptor 8092 bond energy  1.00 wt 1.00


* CH..O interactions                                                            
  CH group selection                       : activated ring CH (adjacent to hetatom)

--------------------------------------------------------------------------------


--------------------------------------------------------------------------------
--- Intra-ligand clashes                                                     ---
--------------------------------------------------------------------------------

Ligand
  7 (C7   ) -   3 (C3   ):   0.74 (dist   2.73)
--------------------------------------------------------------------------------


--------------------------------------------------------------------------------
--- Chromosome decoded                                                       ---
--------------------------------------------------------------------------------
Ligand Torsions
[   6    2    1    3]  165.28
[  12    5    1    2]  172.97
Protein Torsions
[6601 6555 6556 6557] -172.26 
[8042 8007 8008 8009] -162.63 
[8121 8084 8085 8086]  -27.02 
[8180 8150 8151 8152]  -86.48 
[8257 8218 8219 8220] -100.70 
[9569 9518 9517 9515]  -86.34 
[6689 6635 6636 6637] -138.36 
[8319 8295 8296 8297]   49.03 
[10213 10167 10168 10169]  113.13 
[7960 7920 7921 7922]  138.69 
[6837 6784 6785 6786] -174.81 
[7896 7873 7874 7875]  123.07 
[7900 7878 7877 7874] -102.04 
[27201 6558 6557 6556] -107.80 
[27203 7876 7875 7874]  -98.62 
[27206 8010 8009 8008]  106.35 
[27209 8087 8086 8085]   29.59 
[27212 8153 8152 8151]  139.06 
[27219 10084 10083 10082]  -14.67 
[27222 10170 10169 10168]  160.89 
[27225 7923 7922 7921]  122.73 
[27227 6365 6364 6363] -173.63 
[27230 7788 7787 7786] -122.03 
[27232 7715 7714 7713]   91.15 
Mapping
Ligand acceptors to protein hydrogens (mapping then atom ids)
  1  11 [  9->9569]
  3   3 [ 17->6848]
Ligand hydrogens to protein acceptors (mapping then atom ids)
  1  12 [ 22->9518]
Ligand shape atoms to protein points (mapping then atom ids & coords)
Chromosome values
Integers:
  10   -1    2   11   -1   -1   -1   -1   -1   -1   -1   -1 
--------------------------------------------------------------------------------


--------------------------------------------------------------------------------
--- Diverse Solutions Stats                                                  ---
--------------------------------------------------------------------------------
  Move attempts                            :  18768
  Move failures                            :      4
  Failure rate                             :   0.000

--------------------------------------------------------------------------------

Current Ranking  3  1  4  2

--------------------------------------------------------------------------------

* GA execution time :                                                           
  total  0.4314 user  0.4270 sys  0.0045

--------------------------------------------------------------------------------
Fitness function evaluations: 20112

--------------------------------------------------------------------------------
** Docking run number  5 **
--------------------------------------------------------------------------------
  Rank fitness base is 5000.00 ; increment is 11.2233

* Initialising population(s) ...                                                
Number of constraints mappings 0
Number of constraints 0
  Population no.                           :      1
  Population size                          :    100
  Number of duplicates                     :      0
  Number of niche violations               :      0
  Number of errors                         :   1228


Doing GA, no. of population(s) 1 size 100 selection pressure 1.100000

 Operation      Fitness  S(hb_ext) S(vdw_ext)  S(hb_int)    S(int)      intcor
         0      28.46       5.41      18.35       0.00     -10.91      -0.76
        83      27.70       4.52      17.11       0.00      -1.56      -0.76
       318      24.95       4.29      15.38       0.00      -1.81      -0.76
       331      24.99       4.33      15.40       0.00      -1.81      -0.76
       711      22.12       3.93      13.76       0.00      -1.72      -0.76
       824      22.06       3.77      13.80       0.00      -1.42      -0.76
      1084      20.62       3.43      13.16       0.00      -1.42      -0.76
      1401      20.78       3.07      14.06       0.00      -1.81      -0.76
Reordering...
      1500      19.50       9.49       8.25       0.00      -1.34      -0.76
      1730      19.53       9.49       8.55       0.00      -1.72      -0.76
      1738      19.74       9.49       8.53       0.00      -1.49      -0.76
      1811      20.30       2.91      13.70       0.00      -1.45      -0.76
      1959      20.52       9.49       8.51       0.00      -0.67      -0.76
      1992      23.59       9.56      11.69       0.00      -2.05      -0.76
--------------------------------------------------------------------------------
Best docking solution after GA:
      2000      23.59       9.56      11.69       0.00      -2.05      -0.76

#ops:       2000 #mutates:   1004 #cross:      996 #dups:       548 
#niche:     1014 #errors:     137 
--------------------------------------------------------------------------------

Doing AMOEBA simplex on best individual
Done simplexing #iterations 1482, best score  26.69

Ligand is stored in gold_soln_ligand_prepared_m1_5.mol2


--------------------------------------------------------------------------------
--- GoldScore breakdown of terms                                             ---
--------------------------------------------------------------------------------
Fitness = S(hb_ext) + 1.3750*S(vdw_ext) + S(hb_int) + 1.0000*S(int)
S(int)  = S(vdw_int) + S(tors)

Internal terms are relative to best energy found (intcor).

--------------------------------------------------------------------------------


     Fitness  S(hb_ext) S(vdw_ext)  S(hb_int)    S(int)      intcor
     26.69      10.14      13.14       0.00      -1.50      -0.76

--------------------------------------------------------------------------------
--- GoldScore analysis of protein-ligand interactions                        ---
--------------------------------------------------------------------------------

  Ligand acceptor   11 Protein hydrogen 6848 donor 6792 bond energy  6.00 wt 0.47
  Ligand acceptor   17 Protein hydrogen 8180 donor 8150 bond energy  2.00 wt 0.70
  Ligand donor    8 hydrogen   22 Protein acceptor 8092 bond energy  6.00 wt 0.99

--------------------------------------------------------------------------------

--------------------------------------------------------------------------------
--- Rescoring solution                                                       ---
--------------------------------------------------------------------------------

     Score     S(PLP)   S(hbond)     S(cho)   S(metal)  DE(clash)   DE(tors)
     18.95     -12.03       2.86       0.00       0.00       1.16       0.25

Doing AMOEBA simplex on best individual
Done simplexing #iterations 1564, best score  28.25

     Score     S(PLP)   S(hbond)     S(cho)   S(metal)  DE(clash)   DE(tors)
     28.25     -20.79       3.00       0.00       0.00       1.08       0.23

--------------------------------------------------------------------------------
--- CHEMPLP breakdown of terms                                               ---
--------------------------------------------------------------------------------
CHEMPLP = - ( 1.0000*S(PLP) + -3.0000*S(hbond) + -6.0000*S(metal) + -3.0000*S(cho) )

Score = CHEMPLP - 1.0000*DE(clash) - 2.0000*DE(tors)


--------------------------------------------------------------------------------


--------------------------------------------------------------------------------
--- PLP analysis of protein-ligand interactions                              ---
--------------------------------------------------------------------------------
hydrogen bonding        :      -3.00
metal                   :       0.00
buried (polar-nonpolar) :      -5.83
nonpolar                :     -12.69
repulsive               :       0.46
--------------------------------------------------------------------------------


--------------------------------------------------------------------------------
--- ChemScore analysis of protein-ligand interactions                        ---
--------------------------------------------------------------------------------

* Hydrogen bonds                                                                
Ligand donor    8 hydrogen   22 Protein acceptor 8092 bond energy  1.00 wt 1.00
Protein donor 6792 hydrogen 6848 Ligand acceptor   11 bond energy  1.00 wt 1.00
Protein donor 8150 hydrogen 8180 Ligand acceptor   17 bond energy  1.00 wt 1.00


* CH..O interactions                                                            
  CH group selection                       : activated ring CH (adjacent to hetatom)

--------------------------------------------------------------------------------


--------------------------------------------------------------------------------
--- Intra-ligand clashes                                                     ---
--------------------------------------------------------------------------------

Ligand
  7 (C7   ) -   3 (C3   ):   1.08 (dist   2.72)
--------------------------------------------------------------------------------


--------------------------------------------------------------------------------
--- Chromosome decoded                                                       ---
--------------------------------------------------------------------------------
Ligand Torsions
[   6    2    1    3]  168.62
[  12    5    1    2]  171.88
Protein Torsions
[6601 6555 6556 6557]   18.67 
[8042 8007 8008 8009]  104.97 
[8121 8084 8085 8086] -132.28 
[8180 8150 8151 8152]   93.22 
[8257 8218 8219 8220]   59.70 
[9569 9518 9517 9515]  -17.04 
[6689 6635 6636 6637]  -38.08 
[8319 8295 8296 8297]  -24.74 
[10213 10167 10168 10169]    1.74 
[7960 7920 7921 7922] -128.28 
[6837 6784 6785 6786]   86.96 
[7896 7873 7874 7875]  -59.03 
[7900 7878 7877 7874]   11.63 
[27201 6558 6557 6556] -157.41 
[27203 7876 7875 7874] -148.03 
[27206 8010 8009 8008]  -52.26 
[27209 8087 8086 8085] -145.47 
[27212 8153 8152 8151]   18.08 
[27219 10084 10083 10082] -136.93 
[27222 10170 10169 10168]  145.81 
[27225 7923 7922 7921]   71.79 
[27227 6365 6364 6363]  136.32 
[27230 7788 7787 7786]  149.12 
[27232 7715 7714 7713]    6.31 
Mapping
Ligand acceptors to protein hydrogens (mapping then atom ids)
  2   3 [ 11->6848]
  3   9 [ 17->8180]
Ligand hydrogens to protein acceptors (mapping then atom ids)
  1   8 [ 22->8092]
Ligand shape atoms to protein points (mapping then atom ids & coords)
Chromosome values
Integers:
  -1    2    8    7   -1   -1   -1   -1   -1   -1   -1   -1 
--------------------------------------------------------------------------------


--------------------------------------------------------------------------------
--- Diverse Solutions Stats                                                  ---
--------------------------------------------------------------------------------
  Move attempts                            :  17946
  Move failures                            :     11
  Failure rate                             :   0.001

--------------------------------------------------------------------------------

Current Ranking  3  1  4  2  5

--------------------------------------------------------------------------------

* GA execution time :                                                           
  total  0.4107 user  0.4019 sys  0.0088

--------------------------------------------------------------------------------
Fitness function evaluations: 19455

--------------------------------------------------------------------------------
** Docking run number  6 **
--------------------------------------------------------------------------------
  Rank fitness base is 5000.00 ; increment is 11.2233

* Initialising population(s) ...                                                
Number of constraints mappings 0
Number of constraints 0
  Population no.                           :      1
  Population size                          :    100
  Number of duplicates                     :      0
  Number of niche violations               :      0
  Number of errors                         :   1188


Doing GA, no. of population(s) 1 size 100 selection pressure 1.100000

 Operation      Fitness  S(hb_ext) S(vdw_ext)  S(hb_int)    S(int)      intcor
         0      22.16       2.56      15.09       0.00      -5.73      -0.76
        43      23.30       3.01      15.03       0.00      -1.83      -0.76
       218      20.74       1.54      14.49       0.00      -2.96      -0.76
Reordering...
       240      19.47       2.55      12.66       0.00      -1.83      -0.76
       330      18.63       4.78      12.05       0.00      -9.65      -0.76
       350      18.65       2.91      11.83       0.00      -1.83      -0.76
Reordering...
       360      18.00       4.72      11.73       0.00      -9.65      -0.76
       378      18.12       3.47      13.06       0.00     -11.25      -0.76
Reordering...
       420      18.62       4.67      11.42       0.00      -5.59      -0.76
       784      15.33       3.30      10.07       0.00      -3.93      -0.76
       794      21.42      10.02      12.07       0.00     -11.25      -0.76
       962      25.11       9.94      12.03       0.00      -2.42      -0.76
      1366      24.31       9.74      12.11       0.00      -2.42      -0.76
      1782      24.38       9.63      12.07       0.00      -1.84      -0.76
      2000      24.89       9.63      11.95       0.00      -1.17      -0.76
--------------------------------------------------------------------------------
Best docking solution after GA:
      2000      24.89       9.63      11.95       0.00      -1.17      -0.76

#ops:       2000 #mutates:    991 #cross:     1009 #dups:       598 
#niche:      970 #errors:     104 
--------------------------------------------------------------------------------

Doing AMOEBA simplex on best individual
Done simplexing #iterations 1346, best score  27.58

Ligand is stored in gold_soln_ligand_prepared_m1_6.mol2


--------------------------------------------------------------------------------
--- GoldScore breakdown of terms                                             ---
--------------------------------------------------------------------------------
Fitness = S(hb_ext) + 1.3750*S(vdw_ext) + S(hb_int) + 1.0000*S(int)
S(int)  = S(vdw_int) + S(tors)

Internal terms are relative to best energy found (intcor).

--------------------------------------------------------------------------------


     Fitness  S(hb_ext) S(vdw_ext)  S(hb_int)    S(int)      intcor
     27.58      10.21      13.35       0.00      -0.99      -0.76

--------------------------------------------------------------------------------
--- GoldScore analysis of protein-ligand interactions                        ---
--------------------------------------------------------------------------------

  Ligand acceptor   11 Protein hydrogen 6848 donor 6792 bond energy  6.00 wt 0.47
  Ligand acceptor   17 Protein hydrogen 8180 donor 8150 bond energy  2.00 wt 0.69
  Ligand donor    8 hydrogen   22 Protein acceptor 8092 bond energy  6.00 wt 1.00

--------------------------------------------------------------------------------

--------------------------------------------------------------------------------
--- Rescoring solution                                                       ---
--------------------------------------------------------------------------------

     Score     S(PLP)   S(hbond)     S(cho)   S(metal)  DE(clash)   DE(tors)
     21.02     -14.56       2.91       0.00       0.00       0.00       1.14

Doing AMOEBA simplex on best individual
Done simplexing #iterations 1266, best score  28.20

     Score     S(PLP)   S(hbond)     S(cho)   S(metal)  DE(clash)   DE(tors)
     28.20     -21.22       2.89       0.00       0.00       0.36       0.67

--------------------------------------------------------------------------------
--- CHEMPLP breakdown of terms                                               ---
--------------------------------------------------------------------------------
CHEMPLP = - ( 1.0000*S(PLP) + -3.0000*S(hbond) + -6.0000*S(metal) + -3.0000*S(cho) )

Score = CHEMPLP - 1.0000*DE(clash) - 2.0000*DE(tors)


--------------------------------------------------------------------------------


--------------------------------------------------------------------------------
--- PLP analysis of protein-ligand interactions                              ---
--------------------------------------------------------------------------------
hydrogen bonding        :      -3.00
metal                   :       0.00
buried (polar-nonpolar) :      -5.98
nonpolar                :     -13.07
repulsive               :       0.46
--------------------------------------------------------------------------------


--------------------------------------------------------------------------------
--- ChemScore analysis of protein-ligand interactions                        ---
--------------------------------------------------------------------------------

* Hydrogen bonds                                                                
Ligand donor    8 hydrogen   22 Protein acceptor 8092 bond energy  1.00 wt 0.89
Protein donor 6792 hydrogen 6848 Ligand acceptor   11 bond energy  1.00 wt 1.00
Protein donor 8150 hydrogen 8180 Ligand acceptor   17 bond energy  1.00 wt 1.00


* CH..O interactions                                                            
  CH group selection                       : activated ring CH (adjacent to hetatom)

--------------------------------------------------------------------------------


--------------------------------------------------------------------------------
--- Intra-ligand clashes                                                     ---
--------------------------------------------------------------------------------

Ligand
  7 (C7   ) -   3 (C3   ):   0.36 (dist   2.74)
--------------------------------------------------------------------------------


--------------------------------------------------------------------------------
--- Chromosome decoded                                                       ---
--------------------------------------------------------------------------------
Ligand Torsions
[   6    2    1    3]  152.40
[  12    5    1    2]  171.25
Protein Torsions
[6601 6555 6556 6557] -169.87 
[8042 8007 8008 8009] -170.92 
[8121 8084 8085 8086]  -14.18 
[8180 8150 8151 8152]   90.82 
[8257 8218 8219 8220]  151.09 
[9569 9518 9517 9515]   18.19 
[6689 6635 6636 6637]  163.28 
[8319 8295 8296 8297]  154.73 
[10213 10167 10168 10169]   68.51 
[7960 7920 7921 7922]   93.91 
[6837 6784 6785 6786]  -60.44 
[7896 7873 7874 7875] -132.85 
[7900 7878 7877 7874]  136.03 
[27201 6558 6557 6556]   47.83 
[27203 7876 7875 7874]  -24.00 
[27206 8010 8009 8008]   14.75 
[27209 8087 8086 8085]    6.59 
[27212 8153 8152 8151] -127.50 
[27219 10084 10083 10082] -122.26 
[27222 10170 10169 10168] -105.56 
[27225 7923 7922 7921] -156.62 
[27227 6365 6364 6363]   49.33 
[27230 7788 7787 7786]  105.58 
[27232 7715 7714 7713]  166.10 
Mapping
Ligand acceptors to protein hydrogens (mapping then atom ids)
  2   3 [ 11->6848]
  3   9 [ 17->8180]
Ligand hydrogens to protein acceptors (mapping then atom ids)
  1   8 [ 22->8092]
Ligand shape atoms to protein points (mapping then atom ids & coords)
Chromosome values
Integers:
  -1    2    8    7   -1   -1   -1   -1   -1   -1   -1   -1 
--------------------------------------------------------------------------------


--------------------------------------------------------------------------------
--- Diverse Solutions Stats                                                  ---
--------------------------------------------------------------------------------
  Move attempts                            :  17680
  Move failures                            :      8
  Failure rate                             :   0.000

--------------------------------------------------------------------------------

Current Ranking  3  1  4  2  6  5

--------------------------------------------------------------------------------

* GA execution time :                                                           
  total  0.4087 user  0.4001 sys  0.0087

--------------------------------------------------------------------------------
Fitness function evaluations: 18970

--------------------------------------------------------------------------------
** Docking run number  7 **
--------------------------------------------------------------------------------
  Rank fitness base is 5000.00 ; increment is 11.2233

* Initialising population(s) ...                                                
Number of constraints mappings 0
Number of constraints 0
  Population no.                           :      1
  Population size                          :    100
  Number of duplicates                     :      0
  Number of niche violations               :      0
  Number of errors                         :   1231


Doing GA, no. of population(s) 1 size 100 selection pressure 1.100000

 Operation      Fitness  S(hb_ext) S(vdw_ext)  S(hb_int)    S(int)      intcor
         0      18.00       3.56      10.67       0.00      -1.13      -0.76
        93      16.98       3.50       9.96       0.00      -0.98      -0.76
        98      19.96       7.07       9.75       0.00      -2.38      -0.76
       100      20.71       1.95      14.24       0.00      -3.68      -0.76
       217      17.66       1.93      12.64       0.00      -6.64      -0.76
       230      19.31       1.93      13.14       0.00      -2.71      -0.76
       250      18.45       1.90      12.41       0.00      -2.01      -0.76
       589      13.90       0.48      13.02       0.00     -12.03      -0.76
       682      14.89       0.36      11.65       0.00      -3.58      -0.76
       776      15.88       0.38      12.45       0.00      -3.58      -0.76
       915      14.57       6.22       9.88       0.00      -9.96      -0.76
Reordering...
       960      13.69       0.29      11.20       0.00      -3.58      -0.76
      1051      14.17       2.78       8.95       0.00      -1.50      -0.76
      1175      13.88       2.81       8.81       0.00      -1.50      -0.76
      1218      13.43       2.69       8.61       0.00      -1.50      -0.76
      1260      13.69       5.49       7.68       0.00      -3.06      -0.76
Reordering...
      1320      11.76       2.43       7.68       0.00      -1.50      -0.76
Reordering...
      1380      11.41       0.63       8.57       0.00      -1.13      -0.76
      1447      11.33       0.60       8.58       0.00      -1.13      -0.76
      1563      14.25       2.14       9.63       0.00      -1.13      -0.76
      1807      14.85       2.14      10.44       0.00      -1.64      -0.76
      1935      18.51       2.09      12.30       0.00      -0.48      -0.76
--------------------------------------------------------------------------------
Best docking solution after GA:
      2000      18.51       2.09      12.30       0.00      -0.48      -0.76

#ops:       2000 #mutates:    970 #cross:     1030 #dups:       615 
#niche:      936 #errors:     176 
--------------------------------------------------------------------------------

Doing AMOEBA simplex on best individual
Done simplexing #iterations 1987, best score  25.58

Ligand is stored in gold_soln_ligand_prepared_m1_7.mol2


--------------------------------------------------------------------------------
--- GoldScore breakdown of terms                                             ---
--------------------------------------------------------------------------------
Fitness = S(hb_ext) + 1.3750*S(vdw_ext) + S(hb_int) + 1.0000*S(int)
S(int)  = S(vdw_int) + S(tors)

Internal terms are relative to best energy found (intcor).

--------------------------------------------------------------------------------


     Fitness  S(hb_ext) S(vdw_ext)  S(hb_int)    S(int)      intcor
     25.58       5.45      14.85       0.00      -0.28      -0.76

--------------------------------------------------------------------------------
--- GoldScore analysis of protein-ligand interactions                        ---
--------------------------------------------------------------------------------

  Ligand acceptor   11 Protein hydrogen 6848 donor 6792 bond energy  6.00 wt 0.07
  Ligand acceptor   17 Protein hydrogen 8121 donor 8084 bond energy  2.00 wt 0.01
  Ligand donor   10 hydrogen   23 Protein acceptor 8007 bond energy  6.00 wt 0.83

--------------------------------------------------------------------------------

--------------------------------------------------------------------------------
--- Rescoring solution                                                       ---
--------------------------------------------------------------------------------

     Score     S(PLP)   S(hbond)     S(cho)   S(metal)  DE(clash)   DE(tors)
      1.41       2.90       2.28       0.00       0.00       0.00       1.26

Doing AMOEBA simplex on best individual
AMOEBA simplex failed to converge after 2000 iterations
Done simplexing #iterations 2000, best score  15.95

     Score     S(PLP)   S(hbond)     S(cho)   S(metal)  DE(clash)   DE(tors)
     15.95     -14.52       1.31       0.00       0.00       0.00       1.25

--------------------------------------------------------------------------------
--- CHEMPLP breakdown of terms                                               ---
--------------------------------------------------------------------------------
CHEMPLP = - ( 1.0000*S(PLP) + -3.0000*S(hbond) + -6.0000*S(metal) + -3.0000*S(cho) )

Score = CHEMPLP - 1.0000*DE(clash) - 2.0000*DE(tors)


--------------------------------------------------------------------------------


--------------------------------------------------------------------------------
--- PLP analysis of protein-ligand interactions                              ---
--------------------------------------------------------------------------------
hydrogen bonding        :      -2.60
metal                   :       0.00
buried (polar-nonpolar) :      -4.30
nonpolar                :      -9.48
repulsive               :       0.45
--------------------------------------------------------------------------------


--------------------------------------------------------------------------------
--- ChemScore analysis of protein-ligand interactions                        ---
--------------------------------------------------------------------------------

* Hydrogen bonds                                                                
Ligand donor   10 hydrogen   23 Protein acceptor 8007 bond energy  1.00 wt 0.80
Protein donor 6792 hydrogen 6848 Ligand acceptor   11 bond energy  1.00 wt 0.51


* CH..O interactions                                                            
  CH group selection                       : activated ring CH (adjacent to hetatom)

--------------------------------------------------------------------------------


--------------------------------------------------------------------------------
--- Intra-ligand clashes                                                     ---
--------------------------------------------------------------------------------

Ligand
--------------------------------------------------------------------------------


--------------------------------------------------------------------------------
--- Chromosome decoded                                                       ---
--------------------------------------------------------------------------------
Ligand Torsions
[   6    2    1    3]  -71.69
[  12    5    1    2] -177.44
Protein Torsions
[6601 6555 6556 6557]   33.76 
[8042 8007 8008 8009]  174.42 
[8121 8084 8085 8086]  179.30 
[8180 8150 8151 8152]  -59.01 
[8257 8218 8219 8220]   63.16 
[9569 9518 9517 9515]  132.81 
[6689 6635 6636 6637] -155.30 
[8319 8295 8296 8297]   99.66 
[10213 10167 10168 10169]   64.82 
[7960 7920 7921 7922]  -21.58 
[6837 6784 6785 6786]   67.43 
[7896 7873 7874 7875]  -45.86 
[7900 7878 7877 7874]   55.56 
[27201 6558 6557 6556]    2.23 
[27203 7876 7875 7874]    6.76 
[27206 8010 8009 8008]  -58.82 
[27209 8087 8086 8085] -178.99 
[27212 8153 8152 8151]  -16.30 
[27219 10084 10083 10082]  -10.01 
[27222 10170 10169 10168]   60.08 
[27225 7923 7922 7921] -159.88 
[27227 6365 6364 6363]  176.26 
[27230 7788 7787 7786]   95.02 
[27232 7715 7714 7713]  -90.80 
Mapping
Ligand acceptors to protein hydrogens (mapping then atom ids)
  2   3 [ 11->6848]
  3   6 [ 17->8121]
Ligand hydrogens to protein acceptors (mapping then atom ids)
  2   4 [ 23->8007]
Ligand shape atoms to protein points (mapping then atom ids & coords)
Chromosome values
Integers:
  -1    2    5   -1    3   -1   -1   -1   -1   -1   -1   -1 
--------------------------------------------------------------------------------


--------------------------------------------------------------------------------
--- Diverse Solutions Stats                                                  ---
--------------------------------------------------------------------------------
  Move attempts                            :  19468
  Move failures                            :     29
  Failure rate                             :   0.001

--------------------------------------------------------------------------------

Current Ranking  3  1  4  2  6  5  7

--------------------------------------------------------------------------------

* GA execution time :                                                           
  total  0.4329 user  0.4313 sys  0.0016

--------------------------------------------------------------------------------
Fitness function evaluations: 20867

--------------------------------------------------------------------------------
** Docking run number  8 **
--------------------------------------------------------------------------------
  Rank fitness base is 5000.00 ; increment is 11.2233

* Initialising population(s) ...                                                
Number of constraints mappings 0
Number of constraints 0
  Population no.                           :      1
  Population size                          :    100
  Number of duplicates                     :      0
  Number of niche violations               :      0
  Number of errors                         :   1116


Doing GA, no. of population(s) 1 size 100 selection pressure 1.100000

 Operation      Fitness  S(hb_ext) S(vdw_ext)  S(hb_int)    S(int)      intcor
         0      21.32       4.06      15.74       0.00     -21.90      -0.76
Reordering...
        60      19.70       3.79      13.00       0.00      -9.22      -0.76
       195      19.42       6.69      11.85       0.00     -14.69      -0.76
       235      21.54       6.69      11.58       0.00      -4.23      -0.76
       541      16.06       6.49      10.69       0.00     -14.37      -0.76
       661      14.64       6.27       8.96       0.00      -9.72      -0.76
       662      15.19       6.28       8.20       0.00      -5.81      -0.76
Reordering...
       840      10.85       0.13       8.83       0.00      -2.90      -0.76
       924      11.04       0.11       8.60       0.00      -1.66      -0.76
       965      11.57       4.30       7.79       0.00      -6.14      -0.76
Reordering...
      1040      10.42       0.05       8.28       0.00      -1.66      -0.76
      1056      23.32       6.00      13.82       0.00      -2.76      -0.76
Reordering...
      1320      20.05       6.00      13.10       0.00      -4.80      -0.76
      1540      19.56       6.00      11.85       0.00      -2.73      -0.76
      1847      20.33       6.00      11.84       0.00      -1.95      -0.76
--------------------------------------------------------------------------------
Best docking solution after GA:
      2000      20.33       6.00      11.84       0.00      -1.95      -0.76

#ops:       2000 #mutates:    985 #cross:     1015 #dups:       598 
#niche:      901 #errors:     145 
--------------------------------------------------------------------------------

Doing AMOEBA simplex on best individual
AMOEBA simplex failed to converge after 2000 iterations
Done simplexing #iterations 2000, best score  33.79

Ligand is stored in gold_soln_ligand_prepared_m1_8.mol2


--------------------------------------------------------------------------------
--- GoldScore breakdown of terms                                             ---
--------------------------------------------------------------------------------
Fitness = S(hb_ext) + 1.3750*S(vdw_ext) + S(hb_int) + 1.0000*S(int)
S(int)  = S(vdw_int) + S(tors)

Internal terms are relative to best energy found (intcor).

--------------------------------------------------------------------------------


     Fitness  S(hb_ext) S(vdw_ext)  S(hb_int)    S(int)      intcor
     33.79       6.00      21.00       0.00      -1.09      -0.76

--------------------------------------------------------------------------------
--- GoldScore analysis of protein-ligand interactions                        ---
--------------------------------------------------------------------------------

  Ligand donor    8 hydrogen   22 Protein acceptor 8092 bond energy  6.00 wt 1.00

--------------------------------------------------------------------------------

--------------------------------------------------------------------------------
--- Rescoring solution                                                       ---
--------------------------------------------------------------------------------

     Score     S(PLP)   S(hbond)     S(cho)   S(metal)  DE(clash)   DE(tors)
     21.60     -20.07       1.00       0.00       0.00       1.23       0.12

Doing AMOEBA simplex on best individual
Done simplexing #iterations 1656, best score  33.09

     Score     S(PLP)   S(hbond)     S(cho)   S(metal)  DE(clash)   DE(tors)
     33.09     -31.64       0.99       0.00       0.00       1.03       0.25

--------------------------------------------------------------------------------
--- CHEMPLP breakdown of terms                                               ---
--------------------------------------------------------------------------------
CHEMPLP = - ( 1.0000*S(PLP) + -3.0000*S(hbond) + -6.0000*S(metal) + -3.0000*S(cho) )

Score = CHEMPLP - 1.0000*DE(clash) - 2.0000*DE(tors)


--------------------------------------------------------------------------------


--------------------------------------------------------------------------------
--- PLP analysis of protein-ligand interactions                              ---
--------------------------------------------------------------------------------
hydrogen bonding        :      -1.19
metal                   :       0.00
buried (polar-nonpolar) :      -5.04
nonpolar                :     -25.87
repulsive               :       0.51
--------------------------------------------------------------------------------


--------------------------------------------------------------------------------
--- ChemScore analysis of protein-ligand interactions                        ---
--------------------------------------------------------------------------------

* Hydrogen bonds                                                                
Ligand donor    8 hydrogen   22 Protein acceptor 8092 bond energy  1.00 wt 0.99


* CH..O interactions                                                            
  CH group selection                       : activated ring CH (adjacent to hetatom)

--------------------------------------------------------------------------------


--------------------------------------------------------------------------------
--- Intra-ligand clashes                                                     ---
--------------------------------------------------------------------------------

Ligand
  7 (C7   ) -   3 (C3   ):   1.03 (dist   2.72)
--------------------------------------------------------------------------------


--------------------------------------------------------------------------------
--- Chromosome decoded                                                       ---
--------------------------------------------------------------------------------
Ligand Torsions
[   6    2    1    3]  155.98
[  12    5    1    2]  172.20
Protein Torsions
[6601 6555 6556 6557] -175.80 
[8042 8007 8008 8009]  104.69 
[8121 8084 8085 8086]    4.25 
[8180 8150 8151 8152] -113.12 
[8257 8218 8219 8220]  -80.54 
[9569 9518 9517 9515]  -84.52 
[6689 6635 6636 6637]  -26.92 
[8319 8295 8296 8297]   -6.72 
[10213 10167 10168 10169] -151.73 
[7960 7920 7921 7922] -104.00 
[6837 6784 6785 6786]   42.98 
[7896 7873 7874 7875]  170.41 
[7900 7878 7877 7874]  142.88 
[27201 6558 6557 6556]  -12.76 
[27203 7876 7875 7874]    5.53 
[27206 8010 8009 8008] -144.13 
[27209 8087 8086 8085]   -9.81 
[27212 8153 8152 8151]   48.81 
[27219 10084 10083 10082]   67.29 
[27222 10170 10169 10168]   35.69 
[27225 7923 7922 7921]  175.46 
[27227 6365 6364 6363]  137.24 
[27230 7788 7787 7786]   -3.92 
[27232 7715 7714 7713]   30.68 
Mapping
Ligand acceptors to protein hydrogens (mapping then atom ids)
  1  11 [  9->9569]
  3   3 [ 17->6848]
Ligand hydrogens to protein acceptors (mapping then atom ids)
  1   8 [ 22->8092]
Ligand shape atoms to protein points (mapping then atom ids & coords)
Chromosome values
Integers:
  10   -1    2    7   -1   -1   -1   -1   -1   -1   -1   -1 
--------------------------------------------------------------------------------


--------------------------------------------------------------------------------
--- Diverse Solutions Stats                                                  ---
--------------------------------------------------------------------------------
  Move attempts                            :  18814
  Move failures                            :     18
  Failure rate                             :   0.001

--------------------------------------------------------------------------------

Current Ranking  8  3  1  4  2  6  5  7

--------------------------------------------------------------------------------

* GA execution time :                                                           
  total  0.4334 user  0.4208 sys  0.0126

--------------------------------------------------------------------------------
Fitness function evaluations: 20136

--------------------------------------------------------------------------------
** Docking run number  9 **
--------------------------------------------------------------------------------
  Rank fitness base is 5000.00 ; increment is 11.2233

* Initialising population(s) ...                                                
Number of constraints mappings 0
Number of constraints 0
  Population no.                           :      1
  Population size                          :    100
  Number of duplicates                     :      0
  Number of niche violations               :      0
  Number of errors                         :   1158


Doing GA, no. of population(s) 1 size 100 selection pressure 1.100000

 Operation      Fitness  S(hb_ext) S(vdw_ext)  S(hb_int)    S(int)      intcor
         0      21.82       3.77      16.24       0.00     -21.40      -0.76
       126      21.12       5.02      14.04       0.00     -14.07      -0.76
Reordering...
       240      18.27       3.75      14.59       0.00     -21.40      -0.76
Reordering...
       260      18.17       4.90      12.36       0.00     -14.07      -0.76
Reordering...
       300      17.16       3.66      14.12       0.00     -21.40      -0.76
       319      17.17       4.56      12.26       0.00     -15.40      -0.76
       338      17.35       4.76       9.92       0.00      -3.73      -0.76
       410      17.23       4.51      11.37       0.00      -9.50      -0.76
       504      16.79       3.09      11.62       0.00      -6.66      -0.76
       575      16.59       4.40      11.91       0.00     -11.47      -0.76
       998      13.27       6.11       9.47       0.00     -10.23      -0.76
      1227      12.40       5.62       8.23       0.00      -6.14      -0.76
      1448       6.06       1.13       5.95       0.00      -3.47      -0.76
      1646       5.78       1.05       5.96       0.00      -3.47      -0.76
      1714       7.36       0.41       8.50       0.00      -4.74      -0.76
      1943       7.69       1.29       8.91       0.00      -5.85      -0.76
--------------------------------------------------------------------------------
Best docking solution after GA:
      2000       7.69       1.29       8.91       0.00      -5.85      -0.76

#ops:       2000 #mutates:    962 #cross:     1038 #dups:       647 
#niche:      920 #errors:     163 
--------------------------------------------------------------------------------

Doing AMOEBA simplex on best individual
Done simplexing #iterations 1920, best score  23.41

Ligand is stored in gold_soln_ligand_prepared_m1_9.mol2


--------------------------------------------------------------------------------
--- GoldScore breakdown of terms                                             ---
--------------------------------------------------------------------------------
Fitness = S(hb_ext) + 1.3750*S(vdw_ext) + S(hb_int) + 1.0000*S(int)
S(int)  = S(vdw_int) + S(tors)

Internal terms are relative to best energy found (intcor).

--------------------------------------------------------------------------------


     Fitness  S(hb_ext) S(vdw_ext)  S(hb_int)    S(int)      intcor
     23.41       6.00      14.91       0.00      -3.08      -0.76

--------------------------------------------------------------------------------
--- GoldScore analysis of protein-ligand interactions                        ---
--------------------------------------------------------------------------------

  Ligand donor   10 hydrogen   23 Protein acceptor 8007 bond energy  6.00 wt 1.00

--------------------------------------------------------------------------------

--------------------------------------------------------------------------------
--- Rescoring solution                                                       ---
--------------------------------------------------------------------------------

     Score     S(PLP)   S(hbond)     S(cho)   S(metal)  DE(clash)   DE(tors)
    -10.01      10.59       0.71       0.00       0.00       1.21       0.18

Doing AMOEBA simplex on best individual
AMOEBA simplex failed to converge after 2000 iterations
Done simplexing #iterations 2000, best score  19.28

     Score     S(PLP)   S(hbond)     S(cho)   S(metal)  DE(clash)   DE(tors)
     19.28     -17.95       0.99       0.00       0.00       0.94       0.35

--------------------------------------------------------------------------------
--- CHEMPLP breakdown of terms                                               ---
--------------------------------------------------------------------------------
CHEMPLP = - ( 1.0000*S(PLP) + -3.0000*S(hbond) + -6.0000*S(metal) + -3.0000*S(cho) )

Score = CHEMPLP - 1.0000*DE(clash) - 2.0000*DE(tors)


--------------------------------------------------------------------------------


--------------------------------------------------------------------------------
--- PLP analysis of protein-ligand interactions                              ---
--------------------------------------------------------------------------------
hydrogen bonding        :      -2.00
metal                   :       0.00
buried (polar-nonpolar) :      -2.62
nonpolar                :     -14.18
repulsive               :       0.54
--------------------------------------------------------------------------------


--------------------------------------------------------------------------------
--- ChemScore analysis of protein-ligand interactions                        ---
--------------------------------------------------------------------------------

* Hydrogen bonds                                                                
Ligand donor   10 hydrogen   23 Protein acceptor 7876 bond energy  1.00 wt 0.99


* CH..O interactions                                                            
  CH group selection                       : activated ring CH (adjacent to hetatom)

--------------------------------------------------------------------------------


--------------------------------------------------------------------------------
--- Intra-ligand clashes                                                     ---
--------------------------------------------------------------------------------

Ligand
  7 (C7   ) -   4 (C4   ):   0.94 (dist   2.72)
--------------------------------------------------------------------------------


--------------------------------------------------------------------------------
--- Chromosome decoded                                                       ---
--------------------------------------------------------------------------------
Ligand Torsions
[   6    2    1    3]   73.95
[  12    5    1    2]  -41.64
Protein Torsions
[6601 6555 6556 6557]   46.75 
[8042 8007 8008 8009]  169.41 
[8121 8084 8085 8086]   77.43 
[8180 8150 8151 8152]  -68.72 
[8257 8218 8219 8220]   55.94 
[9569 9518 9517 9515]   63.08 
[6689 6635 6636 6637]    4.47 
[8319 8295 8296 8297]  -72.62 
[10213 10167 10168 10169]  175.82 
[7960 7920 7921 7922] -113.04 
[6837 6784 6785 6786] -160.42 
[7896 7873 7874 7875]  -78.25 
[7900 7878 7877 7874]  156.46 
[27201 6558 6557 6556]   34.69 
[27203 7876 7875 7874]  141.24 
[27206 8010 8009 8008]  157.11 
[27209 8087 8086 8085]  -77.29 
[27212 8153 8152 8151] -139.25 
[27219 10084 10083 10082]  -32.41 
[27222 10170 10169 10168] -172.92 
[27225 7923 7922 7921]  132.39 
[27227 6365 6364 6363]   21.45 
[27230 7788 7787 7786]  135.40 
[27232 7715 7714 7713] -129.40 
Mapping
Ligand acceptors to protein hydrogens (mapping then atom ids)
  2  11 [ 11->9569]
  3   2 [ 17->6847]
Ligand hydrogens to protein acceptors (mapping then atom ids)
  2   4 [ 23->8007]
Ligand shape atoms to protein points (mapping then atom ids & coords)
Chromosome values
Integers:
  -1   10    1   -1    3   -1   -1   -1   -1   -1   -1   -1 
--------------------------------------------------------------------------------


--------------------------------------------------------------------------------
--- Diverse Solutions Stats                                                  ---
--------------------------------------------------------------------------------
  Move attempts                            :  19366
  Move failures                            :     38
  Failure rate                             :   0.002

--------------------------------------------------------------------------------

Current Ranking  8  3  1  4  2  6  5  7  9

--------------------------------------------------------------------------------

* GA execution time :                                                           
  total  0.4442 user  0.4260 sys  0.0182

--------------------------------------------------------------------------------
Fitness function evaluations: 20735

--------------------------------------------------------------------------------
** Docking run number 10 **
--------------------------------------------------------------------------------
  Rank fitness base is 5000.00 ; increment is 11.2233

* Initialising population(s) ...                                                
Number of constraints mappings 0
Number of constraints 0
  Population no.                           :      1
  Population size                          :    100
  Number of duplicates                     :      0
  Number of niche violations               :      0
  Number of errors                         :   1193


Doing GA, no. of population(s) 1 size 100 selection pressure 1.100000

 Operation      Fitness  S(hb_ext) S(vdw_ext)  S(hb_int)    S(int)      intcor
         0      20.82       3.51      13.20       0.00      -4.18      -0.76
        62      20.47       6.35      12.48       0.00     -14.22      -0.76
       131      20.21       6.33      12.04       0.00     -11.81      -0.76
       141      20.63       2.65      15.53       0.00     -14.50      -0.76
       174      20.60       2.66      15.55       0.00     -14.50      -0.76
Reordering...
       180      19.46       6.31      11.65       0.00     -11.81      -0.76
       258      24.45       6.23      14.50       0.00      -6.65      -0.76
       309      27.30       6.63      16.37       0.00      -6.65      -0.76
Reordering...
       660      17.25       4.96      10.13       0.00      -4.01      -0.76
       827      16.44       4.82       8.77       0.00      -0.90      -0.76
       868      15.81       4.75       8.86       0.00      -2.25      -0.76
Reordering...
       960      14.13       2.35       9.36       0.00      -1.94      -0.76
Reordering...
      1080      12.96       7.64       4.24       0.00      -0.80      -0.76
      1295      12.15       7.64       3.65       0.00      -0.63      -0.76
      1434      11.37       7.64       3.14       0.00      -0.63      -0.76
      1521      11.31       1.39       7.26       0.00      -0.07      -0.76
      1668      11.35       1.39       7.26       0.00      -0.03      -0.76
--------------------------------------------------------------------------------
Best docking solution after GA:
      2000      11.35       1.39       7.26       0.00      -0.03      -0.76

#ops:       2000 #mutates:    968 #cross:     1032 #dups:       623 
#niche:     1016 #errors:      92 
--------------------------------------------------------------------------------

Doing AMOEBA simplex on best individual
AMOEBA simplex failed to converge after 2000 iterations
Done simplexing #iterations 2000, best score  17.93

Ligand is stored in gold_soln_ligand_prepared_m1_10.mol2


--------------------------------------------------------------------------------
--- GoldScore breakdown of terms                                             ---
--------------------------------------------------------------------------------
Fitness = S(hb_ext) + 1.3750*S(vdw_ext) + S(hb_int) + 1.0000*S(int)
S(int)  = S(vdw_int) + S(tors)

Internal terms are relative to best energy found (intcor).

--------------------------------------------------------------------------------


     Fitness  S(hb_ext) S(vdw_ext)  S(hb_int)    S(int)      intcor
     17.93       6.14       8.60       0.00      -0.04      -0.76

--------------------------------------------------------------------------------
--- GoldScore analysis of protein-ligand interactions                        ---
--------------------------------------------------------------------------------

  Ligand acceptor   17 Protein hydrogen 8121 donor 8084 bond energy  2.00 wt 0.07
  Ligand donor   10 hydrogen   23 Protein acceptor 8092 bond energy  6.00 wt 1.00

--------------------------------------------------------------------------------

--------------------------------------------------------------------------------
--- Rescoring solution                                                       ---
--------------------------------------------------------------------------------

     Score     S(PLP)   S(hbond)     S(cho)   S(metal)  DE(clash)   DE(tors)
     -0.55       3.51       1.00       0.00       0.00       0.00       0.02

Doing AMOEBA simplex on best individual
AMOEBA simplex failed to converge after 2000 iterations
Done simplexing #iterations 2000, best score  23.98

     Score     S(PLP)   S(hbond)     S(cho)   S(metal)  DE(clash)   DE(tors)
     23.98     -24.07       0.00       0.00       0.00       0.00       0.05

--------------------------------------------------------------------------------
--- CHEMPLP breakdown of terms                                               ---
--------------------------------------------------------------------------------
CHEMPLP = - ( 1.0000*S(PLP) + -3.0000*S(hbond) + -6.0000*S(metal) + -3.0000*S(cho) )

Score = CHEMPLP - 1.0000*DE(clash) - 2.0000*DE(tors)


--------------------------------------------------------------------------------


--------------------------------------------------------------------------------
--- PLP analysis of protein-ligand interactions                              ---
--------------------------------------------------------------------------------
hydrogen bonding        :      -2.85
metal                   :       0.00
buried (polar-nonpolar) :      -3.45
nonpolar                :     -18.94
repulsive               :       0.37
--------------------------------------------------------------------------------


--------------------------------------------------------------------------------
--- ChemScore analysis of protein-ligand interactions                        ---
--------------------------------------------------------------------------------

* Hydrogen bonds                                                                


* CH..O interactions                                                            
  CH group selection                       : activated ring CH (adjacent to hetatom)

--------------------------------------------------------------------------------


--------------------------------------------------------------------------------
--- Intra-ligand clashes                                                     ---
--------------------------------------------------------------------------------

Ligand
--------------------------------------------------------------------------------


--------------------------------------------------------------------------------
--- Chromosome decoded                                                       ---
--------------------------------------------------------------------------------
Ligand Torsions
[   6    2    1    3]  -64.03
[  12    5    1    2] -178.97
Protein Torsions
[6601 6555 6556 6557]  -98.90 
[8042 8007 8008 8009] -168.84 
[8121 8084 8085 8086] -164.02 
[8180 8150 8151 8152]   49.30 
[8257 8218 8219 8220]  109.06 
[9569 9518 9517 9515]   76.00 
[6689 6635 6636 6637] -150.02 
[8319 8295 8296 8297] -137.64 
[10213 10167 10168 10169]  -67.65 
[7960 7920 7921 7922] -150.74 
[6837 6784 6785 6786]   47.06 
[7896 7873 7874 7875]  140.40 
[7900 7878 7877 7874]   62.40 
[27201 6558 6557 6556] -139.61 
[27203 7876 7875 7874]   -1.03 
[27206 8010 8009 8008]   67.79 
[27209 8087 8086 8085]  124.76 
[27212 8153 8152 8151]  142.66 
[27219 10084 10083 10082]   26.45 
[27222 10170 10169 10168]  170.85 
[27225 7923 7922 7921]  164.90 
[27227 6365 6364 6363]  -47.58 
[27230 7788 7787 7786]  -86.05 
[27232 7715 7714 7713]   73.03 
Mapping
Ligand acceptors to protein hydrogens (mapping then atom ids)
  3   6 [ 17->8121]
Ligand hydrogens to protein acceptors (mapping then atom ids)
  1   3 [ 22->7876]
  2  12 [ 23->9518]
Ligand shape atoms to protein points (mapping then atom ids & coords)
Chromosome values
Integers:
  -1   -1    5    2   11   -1   -1   -1   -1   -1   -1   -1 
--------------------------------------------------------------------------------


--------------------------------------------------------------------------------
--- Diverse Solutions Stats                                                  ---
--------------------------------------------------------------------------------
  Move attempts                            :  19275
  Move failures                            :     18
  Failure rate                             :   0.001

--------------------------------------------------------------------------------

Current Ranking  8  3  1  4  2  6  5  7  9 10

--------------------------------------------------------------------------------

* GA execution time :                                                           
  total  0.4273 user  0.4166 sys  0.0107

--------------------------------------------------------------------------------
Fitness function evaluations: 20625

--------------------------------------------------------------------------------
--- Ranking analysis                                                         ---
--------------------------------------------------------------------------------


* Final ranked order of GA solutions:                                           
   8  3  1  4  2  6  5  7  9 10 

  _______________________________
  RMSD Matrix of RANKED solutions

        2    3    4    5    6    7    8    9   10  

   1 :  6.0  5.4  0.6  5.5  4.5  4.5  5.7  5.4  5.8
   2 :       4.0  6.3  4.0  4.4  4.4  3.9  2.9  2.7
   3 :            5.9  0.1  2.9  2.9  4.1  4.4  4.5
   4 :                 5.9  4.9  4.9  6.0  5.5  6.0
   5 :                      2.9  2.9  4.0  4.4  4.5
   6 :                           0.2  3.3  4.7  3.8
   7 :                                3.3  4.7  3.8
   8 :                                     4.0  2.9
   9 :                                          3.3

  Clustering method                        : complete linkage
  Structure ids in cluster table           : rank nos.
  Ordering of clusters and their members   : by rank (order if from rms_analysis)

  Distance | Clusters
   0.08    |  1 |  2 |  3  5 |  4 |  6 |  7 |  8 |  9 | 10 |
   0.16    |  1 |  2 |  3  5 |  4 |  6  7 |  8 |  9 | 10 |
   0.63    |  1  4 |  2 |  3  5 |  6  7 |  8 |  9 | 10 |
   2.71    |  1  4 |  2 10 |  3  5 |  6  7 |  8 |  9 |
   2.95    |  1  4 |  2 10 |  3  5  6  7 |  8 |  9 |
   3.33    |  1  4 |  2  9 10 |  3  5  6  7 |  8 |
   4.02    |  1  4 |  2  8  9 10 |  3  5  6  7 |
   4.74    |  1  4 |  2  3  5  6  7  8  9 10 |
   6.28    |  1  2  3  4  5  6  7  8  9 10 |
  Finished Docking Ligand                  : /mnt/c/Users/ricca/Desktop/Documents/1_Coding/1_Script_Github/Reverse_Docking_Explore_V3/4v3u/ligand_prepared.mol2
--------------------------------------------------------------------------------

  Relative_Ligand_Energy (best encountered) :  -0.759
  Relative_Ligand_Energy: fitness values have been corrected using this amount
