
--------------------------------------------------------------------------------
--- Ligand                                                                   ---
--------------------------------------------------------------------------------
  Ligand loaded from file                  : /mnt/c/Users/ricca/Desktop/Documents/1_Coding/1_Script_Github/Reverse_Docking_Explore_V3/3ama/ligand_prepared.mol2
  Ligand name                              :  
  "CT1002167954                                                             "

--------------------------------------------------------------------------------
  N.plc donors                             : 
  none found

  Acidic nitrogen acceptors                : 
  none found
  Sulfur acceptors                         :
  none found


  Donor atoms                              :      2
  8   10  
  Acceptor atoms                           :      3
  9   11  17  

  Hydrogens                                :  (n = 2)
  22   23   

  Lone pairs added to molecule             :      6
  Numbering                                : from 30 to 35

--------------------------------------------------------------------------------
--- Postprocessing of typing                                                 ---
--------------------------------------------------------------------------------
  Fragment file                            : /home/hitesit/CCDC/Discovery_2022/GOLD/gold/rotatable_bond_override.mol2
  acylurea fragment                        : 2 matches
  Ligand bond 15-8  set to flip
  Ligand bond 15-10  set to flip
  Ligand bond 15-10  set to 1
  Ligand bond 15-8  set to 1
  Ligand bond 10-4  set to flip
  Ligand bond 8-3  set to flip
  thioacylthiourea fragment                : no matches
  acylthiourea fragment                    : no matches
  thioacylurea fragment                    : no matches
  diarylamine fragment >C.ar-NH-C.ar<      : no matches
  sec-amine (1) fragment                   : no matches
  sec-amine (2) fragment                   : no matches
  sec-amine (3) fragment                   : no matches
  carboxylic ester                         : no matches

* Rotatable bonds in /mnt/c/Users/ricca/D  :
  [   1    2] [   1    5] 
  No. of rotatable bonds                   :      2


* Reading torsional distributions from file:
  /home/hitesit/CCDC/Discovery_2022/GOLD/gold/gold.tordist
  No. of bins in torsional distributions   :     36
  Minimum size of largest peak             :      0
  Removing high energy torsions            : on
  Delta E set to                           :   2.500

* Fragments found in /mnt/c/Users/ricca/D  :
  atom   2: benzene
  atom   6: benzene
  atom   7: benzene
  atom  13: benzene
  atom  14: benzene
  atom  16: benzene


* Checking torsion distributions:                                               
  No. of matched torsions                  :      0

--------------------------------------------------------------------------------
--- Shape fitting atoms selection (hydrophobic atoms)                        ---
--------------------------------------------------------------------------------
  Molecule                                 : /mnt/c/Users/ricca/Desktop/Documents/1_Coding/1_Script_Github/Reverse_Docking_Explore_V3/3ama/ligand_prepared.mol2
  Selection                                : carbons only
  Atom numbers                             :  (n = 7)
  5    6    7    12   13   14   16   

--------------------------------------------------------------------------------
--- Diverse Solutions Setup                                                  ---
--------------------------------------------------------------------------------
  Cluster size                             :      2
  RMSD                                     :   2.000
  Refinement                               :      0


--------------------------------------------------------------------------------
--- ChemScore ligand setup summary                                           ---
--------------------------------------------------------------------------------
  ChemScore ligand acceptors               :      3
  9 11 17 
  ChemScore ligand donors                  :      2
  8 ( 22  ) 10 ( 23  ) 
  ChemScore ligand CH donors               :      0
  

  ChemScore ligand lipophilic atoms        :  (n = 9)
  1    2    5    6    7    12   13   14   16   

  ChemScore ligand rotatable bonds         :      2
  1   (C1 ) - 2   (C2 ): SP3_SP2_BOND
  1   (C1 ) - 5   (C5 ): SP3_SP3_BOND

--------------------------------------------------------------------------------
--- PLP ligand setup summary                                                 ---
--------------------------------------------------------------------------------
    1    C1   C.3 NONPOLAR
    2    C2  C.ar NONPOLAR
    3    C3   C.2 NONPOLAR
    4    C4   C.2 NONPOLAR
    5    C5   C.3 NONPOLAR
    6    C6  C.ar NONPOLAR
    7    C7  C.ar NONPOLAR
    8    N8  N.am DONOR
    9    O9   O.2 ACCEPTOR
   10   N10  N.am DONOR
   11   O11   O.2 ACCEPTOR
   12   C12   C.3 NONPOLAR
   13   C13  C.ar NONPOLAR
   14   C14  C.ar NONPOLAR
   15   C15   C.2 NONPOLAR
   16   C16  C.ar NONPOLAR
   17   O17   O.2 ACCEPTOR

--------------------------------------------------------------------------------
--- Automatic parameter setting                                              ---
--------------------------------------------------------------------------------
  Contribution base                        :   2500
  Contribution per rotatable bond          :   6000
  Contribution per df                      :   4000
  Contribution per water                   :  10000
  Ligand rotatable bonds                   :      2
  Protein flexible side chain bonds        :      0
  Total rotatable bonds                    :      2
  Hydrophobic vol ratio (P/L)              :   2.968
  Base multiplier (polar)                  :   1.000
  Base multiplier (apolar)                 :   4.155
  Base contribution                        : 12500.000
  Fitting points                           :      5
  Estimated maxops needed (optimal)        :  25000
  Autoscale factor (in percent)            :     10
  Scaled maxops                            :   2750

--------------------------------------------------------------------------------

* Population settings                                                           
  maxops                                   :   2750
  popsiz                                   :    100
  select_pressure                          :   1.100
  n_islands                                :      1
  niche_siz                                :      2

* GA settings                                                                   
  pt_crosswt                               :    100
  allele_mutatewt                          :    100
  migratewt                                :      0

* Search settings                                                               
  start_vdw_linear_cutoff                  :   6.000
  initial_virtual_pt_match_max             :   3.000
  Scaling of internal VDW energy           : log scale from  0.2 to    1
                                             over 2062 ops
  Sampling interval (operations)           :     27
  Scaling of virtual pt maximum length     : linear scale from    3 to    2
                                             over  2062 ops
  Sampling interval (operations)           :     82
  Scaling of 4-8 potential cutoff          : log scale from    6 to 1.2e+02
                                             over 2062 ops
  Sampling interval (operations)           :     82

--------------------------------------------------------------------------------

* Ligand initialisation time :                                                  
  total  0.0653 user  0.0154 sys  0.0499

--------------------------------------------------------------------------------

--------------------------------------------------------------------------------
** Docking run number  1 **
--------------------------------------------------------------------------------
  Rank fitness base is 5000.00 ; increment is 11.2233

* Initialising population(s) ...                                                
Number of constraints mappings 0
Number of constraints 0
  Population no.                           :      1
  Population size                          :    100
  Number of duplicates                     :      0
  Number of niche violations               :      0
  Number of errors                         :    822


Doing GA, no. of population(s) 1 size 100 selection pressure 1.100000

 Operation      Fitness  S(hb_ext) S(vdw_ext)  S(hb_int)    S(int)      intcor
         0      38.82       6.45      27.39       0.00     -26.47      -0.84
       359      33.75       6.12      25.29       0.00     -27.12      -0.84
       377      33.84       6.12      25.35       0.00     -27.12      -0.84
       401      34.42       6.12      25.48       0.00     -25.04      -0.84
       410      35.49       6.03      24.46       0.00     -15.19      -0.84
       642      34.37       0.34      25.25       0.00      -2.13      -0.84
       653      34.35       0.35      25.25       0.00      -2.13      -0.84
Reordering...
       656      34.22       0.32      25.17       0.00      -2.13      -0.84
      1062      33.39       0.70      24.48       0.00      -2.14      -0.83
      1213      33.05       0.66      24.34       0.00      -2.14      -0.83
      1284      33.35       0.79      24.52       0.00      -2.14      -0.83
      1447      35.15       0.92      26.12       0.00      -2.76      -0.83
      2241      35.00       0.78      25.19       0.00      -0.42      -0.79
      2469      35.04       0.74      25.22       0.00      -0.38      -0.79
      2674      35.10       0.54      26.23       0.00      -1.51      -0.79
      2742      35.12       0.74      25.28       0.00      -0.38      -0.79
--------------------------------------------------------------------------------
Best docking solution after GA:
      2750      35.12       0.74      25.28       0.00      -0.38      -0.79

#ops:       2750 #mutates:   1357 #cross:     1393 #dups:       463 
#niche:     1469 #errors:      64 
--------------------------------------------------------------------------------

Doing AMOEBA simplex on best individual
Done simplexing #iterations 774, best score  37.07

Ligand is stored in gold_soln_ligand_prepared_m1_1.mol2


--------------------------------------------------------------------------------
--- GoldScore breakdown of terms                                             ---
--------------------------------------------------------------------------------
Fitness = S(hb_ext) + 1.3750*S(vdw_ext) + S(hb_int) + 1.0000*S(int)
S(int)  = S(vdw_int) + S(tors)

Internal terms are relative to best energy found (intcor).

--------------------------------------------------------------------------------


     Fitness  S(hb_ext) S(vdw_ext)  S(hb_int)    S(int)      intcor
     37.07       0.66      26.65       0.00      -0.23      -0.79

--------------------------------------------------------------------------------
--- GoldScore analysis of protein-ligand interactions                        ---
--------------------------------------------------------------------------------

  Ligand acceptor    9 Protein hydrogen 2059 donor 2050 bond energy  2.00 wt 0.27
  Ligand acceptor    9 Protein hydrogen 2112 donor 2107 bond energy  2.00 wt 0.06

--------------------------------------------------------------------------------

--------------------------------------------------------------------------------
--- Rescoring solution                                                       ---
--------------------------------------------------------------------------------

     Score     S(PLP)   S(hbond)     S(cho)   S(metal)  DE(clash)   DE(tors)
     24.39     -22.10       1.48       0.00       0.00       0.00       1.08

Doing AMOEBA simplex on best individual
Done simplexing #iterations 928, best score  40.70

     Score     S(PLP)   S(hbond)     S(cho)   S(metal)  DE(clash)   DE(tors)
     40.70     -39.90       0.79       0.00       0.00       0.00       0.78

--------------------------------------------------------------------------------
--- CHEMPLP breakdown of terms                                               ---
--------------------------------------------------------------------------------
CHEMPLP = - ( 1.0000*S(PLP) + -3.0000*S(hbond) + -6.0000*S(metal) + -3.0000*S(cho) )

Score = CHEMPLP - 1.0000*DE(clash) - 2.0000*DE(tors)


--------------------------------------------------------------------------------


--------------------------------------------------------------------------------
--- PLP analysis of protein-ligand interactions                              ---
--------------------------------------------------------------------------------
hydrogen bonding        :      -3.45
metal                   :       0.00
buried (polar-nonpolar) :      -0.59
nonpolar                :     -37.92
repulsive               :       0.99
--------------------------------------------------------------------------------


--------------------------------------------------------------------------------
--- ChemScore analysis of protein-ligand interactions                        ---
--------------------------------------------------------------------------------

* Hydrogen bonds                                                                
Ligand donor    8 hydrogen   22 Protein acceptor 2058 bond energy  1.00 wt 0.69
Protein donor 5311 hydrogen 5319 Ligand acceptor   11 bond energy  1.00 wt 0.10


* CH..O interactions                                                            
  CH group selection                       : activated ring CH (adjacent to hetatom)

--------------------------------------------------------------------------------


--------------------------------------------------------------------------------
--- Intra-ligand clashes                                                     ---
--------------------------------------------------------------------------------

Ligand
--------------------------------------------------------------------------------


--------------------------------------------------------------------------------
--- Chromosome decoded                                                       ---
--------------------------------------------------------------------------------
Ligand Torsions
[   6    2    1    3]  -38.05
[  12    5    1    2]  169.25
Protein Torsions
[2011 2002 2001 1999]   16.40 
[2112 2107 2106 2103] -175.01 
[5355 5346 5345 5343]  133.20 
[ 804  797  795  792] -170.33 
[2696 2687 2686 2684]  164.42 
[5271 5265 5266 5267]  -81.07 
Mapping
Ligand acceptors to protein hydrogens (mapping then atom ids)
  1   9 [  9->2059]
Ligand hydrogens to protein acceptors (mapping then atom ids)
Ligand shape atoms to protein points (mapping then atom ids & coords)
  1  5080 [  5->(-30.500   9.000  12.250)]
  2  5784 [  6->(-30.000   9.750   9.750)]
  3  3101 [  7->(-32.250   9.750  10.750)]
  5  4564 [ 13->(-31.000   9.500   7.000)]
  7  4880 [ 16->(-30.750   9.750   7.750)]
Chromosome values
Integers:
   8   -1   -1   -1   -1 5079 5783 3100   -1 4563   -1 4879 
--------------------------------------------------------------------------------


--------------------------------------------------------------------------------
--- Diverse Solutions Stats                                                  ---
--------------------------------------------------------------------------------
  Move attempts                            :  19677
  Move failures                            :      0
  Failure rate                             :   0.000

--------------------------------------------------------------------------------

Current Ranking  1

--------------------------------------------------------------------------------

* GA execution time :                                                           
  total  1.0038 user  0.9622 sys  0.0416

--------------------------------------------------------------------------------
Fitness function evaluations: 20565

--------------------------------------------------------------------------------
** Docking run number  2 **
--------------------------------------------------------------------------------
  Rank fitness base is 5000.00 ; increment is 11.2233

* Initialising population(s) ...                                                
Number of constraints mappings 0
Number of constraints 0
  Population no.                           :      1
  Population size                          :    100
  Number of duplicates                     :      0
  Number of niche violations               :      0
  Number of errors                         :    766


Doing GA, no. of population(s) 1 size 100 selection pressure 1.100000

 Operation      Fitness  S(hb_ext) S(vdw_ext)  S(hb_int)    S(int)      intcor
         0      31.73       0.96      24.20       0.00     -12.52      -0.78
        44      32.45       0.43      23.99       0.00      -4.70      -0.78
        81      32.47       0.43      24.03       0.00      -4.70      -0.78
Reordering...
       246      30.20       1.10      23.37       0.00     -12.53      -0.78
       336      31.88       0.23      23.42       0.00      -2.15      -0.78
       405      35.52       0.68      26.13       0.00      -4.00      -0.78
       531      34.88       0.55      25.84       0.00      -4.00      -0.78
       676      34.13       0.51      25.44       0.00      -4.00      -0.78
       730      34.32       0.85      25.37       0.00      -4.00      -0.78
Reordering...
      1066      31.97       0.58      23.80       0.00      -2.93      -0.78
Reordering...
      1404      31.48       0.45      23.65       0.00      -2.49      -0.78
Reordering...
      1476      31.42       0.47      23.84       0.00      -2.93      -0.78
      1527      33.78       2.30      23.36       0.00      -0.97      -0.78
      1602      34.20       2.27      23.71       0.00      -0.97      -0.78
      2304      34.25       2.07      23.78       0.00      -0.52      -0.78
      2625      34.25       2.07      23.78       0.00      -0.52      -0.78
      2719      34.68       2.07      24.10       0.00      -0.52      -0.78
--------------------------------------------------------------------------------
Best docking solution after GA:
      2750      34.68       2.07      24.10       0.00      -0.52      -0.78

#ops:       2750 #mutates:   1361 #cross:     1389 #dups:       597 
#niche:     1341 #errors:      66 
--------------------------------------------------------------------------------

Doing AMOEBA simplex on best individual
Done simplexing #iterations 749, best score  37.53

Ligand is stored in gold_soln_ligand_prepared_m1_2.mol2


--------------------------------------------------------------------------------
--- GoldScore breakdown of terms                                             ---
--------------------------------------------------------------------------------
Fitness = S(hb_ext) + 1.3750*S(vdw_ext) + S(hb_int) + 1.0000*S(int)
S(int)  = S(vdw_int) + S(tors)

Internal terms are relative to best energy found (intcor).

--------------------------------------------------------------------------------


     Fitness  S(hb_ext) S(vdw_ext)  S(hb_int)    S(int)      intcor
     37.53       1.99      26.27       0.00      -0.58      -0.78

--------------------------------------------------------------------------------
--- GoldScore analysis of protein-ligand interactions                        ---
--------------------------------------------------------------------------------

  Ligand acceptor   17 Protein hydrogen 2059 donor 2050 bond energy  2.00 wt 0.43
  Ligand acceptor   11 Protein hydrogen 5319 donor 5311 bond energy  2.00 wt 0.56

--------------------------------------------------------------------------------

--------------------------------------------------------------------------------
--- Rescoring solution                                                       ---
--------------------------------------------------------------------------------

     Score     S(PLP)   S(hbond)     S(cho)   S(metal)  DE(clash)   DE(tors)
     13.07     -11.42       1.19       0.00       0.00       0.00       0.95

Doing AMOEBA simplex on best individual
Done simplexing #iterations 708, best score  25.64

     Score     S(PLP)   S(hbond)     S(cho)   S(metal)  DE(clash)   DE(tors)
     25.64     -21.27       2.00       0.00       0.00       0.00       0.82

--------------------------------------------------------------------------------
--- CHEMPLP breakdown of terms                                               ---
--------------------------------------------------------------------------------
CHEMPLP = - ( 1.0000*S(PLP) + -3.0000*S(hbond) + -6.0000*S(metal) + -3.0000*S(cho) )

Score = CHEMPLP - 1.0000*DE(clash) - 2.0000*DE(tors)


--------------------------------------------------------------------------------


--------------------------------------------------------------------------------
--- PLP analysis of protein-ligand interactions                              ---
--------------------------------------------------------------------------------
hydrogen bonding        :      -3.30
metal                   :       0.00
buried (polar-nonpolar) :       6.97
nonpolar                :     -31.62
repulsive               :       6.04
--------------------------------------------------------------------------------


--------------------------------------------------------------------------------
--- ChemScore analysis of protein-ligand interactions                        ---
--------------------------------------------------------------------------------

* Hydrogen bonds                                                                
Protein donor 2050 hydrogen 2059 Ligand acceptor   17 bond energy  1.00 wt 1.00
Protein donor 5311 hydrogen 5319 Ligand acceptor   11 bond energy  1.00 wt 1.00


* CH..O interactions                                                            
  CH group selection                       : activated ring CH (adjacent to hetatom)

--------------------------------------------------------------------------------


--------------------------------------------------------------------------------
--- Intra-ligand clashes                                                     ---
--------------------------------------------------------------------------------

Ligand
--------------------------------------------------------------------------------


--------------------------------------------------------------------------------
--- Chromosome decoded                                                       ---
--------------------------------------------------------------------------------
Ligand Torsions
[   6    2    1    3]  102.44
[  12    5    1    2] -168.65
Protein Torsions
[2011 2002 2001 1999]    6.67 
[2112 2107 2106 2103]    4.14 
[5355 5346 5345 5343]  138.14 
[ 804  797  795  792]   37.29 
[2696 2687 2686 2684] -172.47 
[5271 5265 5266 5267]  145.49 
Mapping
Ligand acceptors to protein hydrogens (mapping then atom ids)
  3   9 [ 17->2059]
Ligand hydrogens to protein acceptors (mapping then atom ids)
Ligand shape atoms to protein points (mapping then atom ids & coords)
  5  3284 [ 13->(-32.000   8.500  13.500)]
  6  2417 [ 14->(-33.000   9.750  11.500)]
Chromosome values
Integers:
  -1   -1    8   -1   -1   -1   -1   -1   -1 3283 2416   -1 
--------------------------------------------------------------------------------


--------------------------------------------------------------------------------
--- Diverse Solutions Stats                                                  ---
--------------------------------------------------------------------------------
  Move attempts                            :  19263
  Move failures                            :      0
  Failure rate                             :   0.000

--------------------------------------------------------------------------------

Current Ranking  2  1

--------------------------------------------------------------------------------

* GA execution time :                                                           
  total  0.9511 user  0.8820 sys  0.0692

--------------------------------------------------------------------------------
Fitness function evaluations: 20100

--------------------------------------------------------------------------------
** Docking run number  3 **
--------------------------------------------------------------------------------
  Rank fitness base is 5000.00 ; increment is 11.2233

* Initialising population(s) ...                                                
Number of constraints mappings 0
Number of constraints 0
  Population no.                           :      1
  Population size                          :    100
  Number of duplicates                     :      0
  Number of niche violations               :      0
  Number of errors                         :    853


Doing GA, no. of population(s) 1 size 100 selection pressure 1.100000

 Operation      Fitness  S(hb_ext) S(vdw_ext)  S(hb_int)    S(int)      intcor
         0      39.07       2.71      29.14       0.00     -18.59      -0.78
       417      35.30       5.06      23.19       0.00      -5.99      -0.78
       499      34.95       2.68      26.07       0.00     -12.22      -0.78
       523      36.10       2.01      27.04       0.00     -10.37      -0.78
       664      35.31       2.33      28.07       0.00     -16.93      -0.78
Reordering...
       984      32.35       1.98      22.58       0.00      -1.59      -0.78
      1127      34.31       1.37      25.05       0.00      -3.16      -0.78
Reordering...
      1485      32.10       0.81      23.49       0.00      -1.59      -0.78
      1570      32.44       3.37      21.89       0.00      -1.50      -0.78
      1669      32.44       0.33      24.19       0.00      -1.59      -0.78
      1768      32.41       1.37      23.49       0.00      -1.59      -0.78
      1885      32.90       3.88      23.41       0.00      -3.70      -0.78
      2352      32.20       3.69      23.43       0.00      -3.70      -0.78
      2411      32.29       0.34      24.45       0.00      -1.67      -0.78
      2482      33.50       4.15      21.95       0.00      -0.82      -0.78
      2688      33.80       3.63      22.54       0.00      -0.82      -0.78
--------------------------------------------------------------------------------
Best docking solution after GA:
      2750      33.80       3.63      22.54       0.00      -0.82      -0.78

#ops:       2750 #mutates:   1381 #cross:     1369 #dups:       484 
#niche:     1529 #errors:      72 
--------------------------------------------------------------------------------

Doing AMOEBA simplex on best individual
Done simplexing #iterations 635, best score  37.27

Ligand is stored in gold_soln_ligand_prepared_m1_3.mol2


--------------------------------------------------------------------------------
--- GoldScore breakdown of terms                                             ---
--------------------------------------------------------------------------------
Fitness = S(hb_ext) + 1.3750*S(vdw_ext) + S(hb_int) + 1.0000*S(int)
S(int)  = S(vdw_int) + S(tors)

Internal terms are relative to best energy found (intcor).

--------------------------------------------------------------------------------


     Fitness  S(hb_ext) S(vdw_ext)  S(hb_int)    S(int)      intcor
     37.27       3.13      25.49       0.00      -0.92      -0.78

--------------------------------------------------------------------------------
--- GoldScore analysis of protein-ligand interactions                        ---
--------------------------------------------------------------------------------

  Ligand acceptor   11 Protein hydrogen 2059 donor 2050 bond energy  2.00 wt 0.42
  Ligand acceptor    9 Protein hydrogen 5319 donor 5311 bond energy  2.00 wt 1.00
  Ligand donor    8 hydrogen   22 Protein acceptor 5280 bond energy  2.00 wt 0.13
  Ligand donor   10 hydrogen   23 Protein acceptor 2107 bond energy  2.00 wt 0.02

--------------------------------------------------------------------------------

--------------------------------------------------------------------------------
--- Rescoring solution                                                       ---
--------------------------------------------------------------------------------

     Score     S(PLP)   S(hbond)     S(cho)   S(metal)  DE(clash)   DE(tors)
     23.61     -20.87       1.71       0.00       0.00       0.00       1.20

Doing AMOEBA simplex on best individual
Done simplexing #iterations 927, best score  37.21

     Score     S(PLP)   S(hbond)     S(cho)   S(metal)  DE(clash)   DE(tors)
     37.21     -32.17       2.00       0.00       0.00       0.00       0.48

--------------------------------------------------------------------------------
--- CHEMPLP breakdown of terms                                               ---
--------------------------------------------------------------------------------
CHEMPLP = - ( 1.0000*S(PLP) + -3.0000*S(hbond) + -6.0000*S(metal) + -3.0000*S(cho) )

Score = CHEMPLP - 1.0000*DE(clash) - 2.0000*DE(tors)


--------------------------------------------------------------------------------


--------------------------------------------------------------------------------
--- PLP analysis of protein-ligand interactions                              ---
--------------------------------------------------------------------------------
hydrogen bonding        :      -2.61
metal                   :       0.00
buried (polar-nonpolar) :       0.73
nonpolar                :     -33.79
repulsive               :       1.57
--------------------------------------------------------------------------------


--------------------------------------------------------------------------------
--- ChemScore analysis of protein-ligand interactions                        ---
--------------------------------------------------------------------------------

* Hydrogen bonds                                                                
Protein donor 2050 hydrogen 2059 Ligand acceptor   11 bond energy  1.00 wt 1.00
Protein donor 5311 hydrogen 5319 Ligand acceptor    9 bond energy  1.00 wt 1.00


* CH..O interactions                                                            
  CH group selection                       : activated ring CH (adjacent to hetatom)

--------------------------------------------------------------------------------


--------------------------------------------------------------------------------
--- Intra-ligand clashes                                                     ---
--------------------------------------------------------------------------------

Ligand
--------------------------------------------------------------------------------


--------------------------------------------------------------------------------
--- Chromosome decoded                                                       ---
--------------------------------------------------------------------------------
Ligand Torsions
[   6    2    1    3]  148.92
[  12    5    1    2]  171.40
Protein Torsions
[2011 2002 2001 1999]  128.30 
[2112 2107 2106 2103]    5.79 
[5355 5346 5345 5343] -155.95 
[ 804  797  795  792]  132.16 
[2696 2687 2686 2684]   48.47 
[5271 5265 5266 5267]  -14.19 
Mapping
Ligand acceptors to protein hydrogens (mapping then atom ids)
  1  31 [  9->5319]
  2   9 [ 11->2059]
Ligand hydrogens to protein acceptors (mapping then atom ids)
Ligand shape atoms to protein points (mapping then atom ids & coords)
  1  7921 [  5->(-28.500   9.500   9.750)]
  2  6151 [  6->(-29.750   9.750  10.250)]
  6  3732 [ 14->(-31.750   9.750  10.000)]
Chromosome values
Integers:
  30    8   -1   -1   -1 7920 6150   -1   -1   -1 3731   -1 
--------------------------------------------------------------------------------


--------------------------------------------------------------------------------
--- Diverse Solutions Stats                                                  ---
--------------------------------------------------------------------------------
  Move attempts                            :  19469
  Move failures                            :      0
  Failure rate                             :   0.000

--------------------------------------------------------------------------------

Current Ranking  2  3  1

--------------------------------------------------------------------------------

* GA execution time :                                                           
  total  0.9581 user  0.9193 sys  0.0388

--------------------------------------------------------------------------------
Fitness function evaluations: 20399

--------------------------------------------------------------------------------
** Docking run number  4 **
--------------------------------------------------------------------------------
  Rank fitness base is 5000.00 ; increment is 11.2233

* Initialising population(s) ...                                                
Number of constraints mappings 0
Number of constraints 0
  Population no.                           :      1
  Population size                          :    100
  Number of duplicates                     :      0
  Number of niche violations               :      0
  Number of errors                         :    847


Doing GA, no. of population(s) 1 size 100 selection pressure 1.100000

 Operation      Fitness  S(hb_ext) S(vdw_ext)  S(hb_int)    S(int)      intcor
         0      36.74       6.10      24.53       0.00     -15.46      -0.78
        33      36.89       3.34      27.02       0.00     -17.64      -0.78
       565      33.99       1.24      23.92       0.00      -0.48      -0.78
       602      34.28       1.58      23.89       0.00      -0.48      -0.78
      1004      33.51       1.48      23.29       0.00      -0.00      -0.78
      1044      34.65       0.32      26.50       0.00      -4.71      -0.78
      1214      34.03       0.20      26.34       0.00      -4.71      -0.78
      1855      34.83       2.31      24.85       0.00      -1.97      -0.76
      2658      35.04       2.31      24.83       0.00      -1.42      -0.76
--------------------------------------------------------------------------------
Best docking solution after GA:
      2750      35.04       2.31      24.83       0.00      -1.42      -0.76

#ops:       2750 #mutates:   1335 #cross:     1415 #dups:       493 
#niche:     1420 #errors:      96 
--------------------------------------------------------------------------------

Doing AMOEBA simplex on best individual
Done simplexing #iterations 776, best score  38.42

Ligand is stored in gold_soln_ligand_prepared_m1_4.mol2


--------------------------------------------------------------------------------
--- GoldScore breakdown of terms                                             ---
--------------------------------------------------------------------------------
Fitness = S(hb_ext) + 1.3750*S(vdw_ext) + S(hb_int) + 1.0000*S(int)
S(int)  = S(vdw_int) + S(tors)

Internal terms are relative to best energy found (intcor).

--------------------------------------------------------------------------------


     Fitness  S(hb_ext) S(vdw_ext)  S(hb_int)    S(int)      intcor
     38.42       2.53      26.13       0.00      -0.03      -0.76

--------------------------------------------------------------------------------
--- GoldScore analysis of protein-ligand interactions                        ---
--------------------------------------------------------------------------------

  Ligand acceptor   17 Protein hydrogen 2059 donor 2050 bond energy  2.00 wt 0.63
  Ligand acceptor   11 Protein hydrogen 5319 donor 5311 bond energy  2.00 wt 0.64

--------------------------------------------------------------------------------

--------------------------------------------------------------------------------
--- Rescoring solution                                                       ---
--------------------------------------------------------------------------------

     Score     S(PLP)   S(hbond)     S(cho)   S(metal)  DE(clash)   DE(tors)
     15.96     -11.17       1.63       0.00       0.00       0.00       0.06

Doing AMOEBA simplex on best individual
Done simplexing #iterations 795, best score  25.91

     Score     S(PLP)   S(hbond)     S(cho)   S(metal)  DE(clash)   DE(tors)
     25.91     -20.06       2.00       0.00       0.00       0.00       0.07

--------------------------------------------------------------------------------
--- CHEMPLP breakdown of terms                                               ---
--------------------------------------------------------------------------------
CHEMPLP = - ( 1.0000*S(PLP) + -3.0000*S(hbond) + -6.0000*S(metal) + -3.0000*S(cho) )

Score = CHEMPLP - 1.0000*DE(clash) - 2.0000*DE(tors)


--------------------------------------------------------------------------------


--------------------------------------------------------------------------------
--- PLP analysis of protein-ligand interactions                              ---
--------------------------------------------------------------------------------
hydrogen bonding        :      -3.06
metal                   :       0.00
buried (polar-nonpolar) :       8.12
nonpolar                :     -30.23
repulsive               :       5.04
--------------------------------------------------------------------------------


--------------------------------------------------------------------------------
--- ChemScore analysis of protein-ligand interactions                        ---
--------------------------------------------------------------------------------

* Hydrogen bonds                                                                
Protein donor 2050 hydrogen 2059 Ligand acceptor   17 bond energy  1.00 wt 1.00
Protein donor 5311 hydrogen 5319 Ligand acceptor   11 bond energy  1.00 wt 1.00


* CH..O interactions                                                            
  CH group selection                       : activated ring CH (adjacent to hetatom)

--------------------------------------------------------------------------------


--------------------------------------------------------------------------------
--- Intra-ligand clashes                                                     ---
--------------------------------------------------------------------------------

Ligand
--------------------------------------------------------------------------------


--------------------------------------------------------------------------------
--- Chromosome decoded                                                       ---
--------------------------------------------------------------------------------
Ligand Torsions
[   6    2    1    3]  -62.22
[  12    5    1    2] -179.37
Protein Torsions
[2011 2002 2001 1999]  -29.34 
[2112 2107 2106 2103]   55.51 
[5355 5346 5345 5343] -127.25 
[ 804  797  795  792]  175.48 
[2696 2687 2686 2684]  159.14 
[5271 5265 5266 5267]  176.70 
Mapping
Ligand acceptors to protein hydrogens (mapping then atom ids)
  2  31 [ 11->5319]
  3   9 [ 17->2059]
Ligand hydrogens to protein acceptors (mapping then atom ids)
Ligand shape atoms to protein points (mapping then atom ids & coords)
  1  6766 [  5->(-29.250   8.500  13.750)]
  2  4211 [  6->(-31.250   8.500  12.750)]
Chromosome values
Integers:
  -1   30    8   -1   -1 6765 4210   -1   -1   -1   -1   -1 
--------------------------------------------------------------------------------


--------------------------------------------------------------------------------
--- Diverse Solutions Stats                                                  ---
--------------------------------------------------------------------------------
  Move attempts                            :  19413
  Move failures                            :      0
  Failure rate                             :   0.000

--------------------------------------------------------------------------------

Current Ranking  4  2  3  1

--------------------------------------------------------------------------------

* GA execution time :                                                           
  total  1.0013 user  0.9198 sys  0.0815

--------------------------------------------------------------------------------
Fitness function evaluations: 20360

--------------------------------------------------------------------------------
** Docking run number  5 **
--------------------------------------------------------------------------------
  Rank fitness base is 5000.00 ; increment is 11.2233

* Initialising population(s) ...                                                
Number of constraints mappings 0
Number of constraints 0
  Population no.                           :      1
  Population size                          :    100
  Number of duplicates                     :      0
  Number of niche violations               :      0
  Number of errors                         :    876


Doing GA, no. of population(s) 1 size 100 selection pressure 1.100000

 Operation      Fitness  S(hb_ext) S(vdw_ext)  S(hb_int)    S(int)      intcor
         0      34.61       2.92      25.25       0.00     -15.17      -0.76
        41      35.27       2.92      25.78       0.00     -15.17      -0.76
       141      35.73       2.88      24.64       0.00      -4.62      -0.76
Reordering...
       410      31.89       1.29      26.15       0.00     -19.53      -0.76
       427      32.75       0.08      24.60       0.00      -4.23      -0.76
       429      37.26       0.92      26.58       0.00      -0.72      -0.76
       580      37.22       1.02      26.49       0.00      -0.72      -0.76
       595      37.90       1.79      26.42       0.00      -0.72      -0.76
       812      37.45       1.75      26.15       0.00      -0.66      -0.76
Reordering...
       820      37.21       1.70      26.02       0.00      -0.72      -0.76
Reordering...
       864      37.20       1.71      26.00       0.00      -0.66      -0.76
       973      37.09       1.68      25.97       0.00      -0.69      -0.76
Reordering...
      1066      36.82       1.60      25.83       0.00      -0.66      -0.76
      1116      37.26       1.72      26.07       0.00      -0.66      -0.76
      1769      38.28       2.59      26.12       0.00      -0.29      -0.76
      2738      38.15       2.52      26.12       0.00      -0.29      -0.76
--------------------------------------------------------------------------------
Best docking solution after GA:
      2750      38.15       2.52      26.12       0.00      -0.29      -0.76

#ops:       2750 #mutates:   1370 #cross:     1380 #dups:       566 
#niche:     1535 #errors:      81 
--------------------------------------------------------------------------------

Doing AMOEBA simplex on best individual
Done simplexing #iterations 677, best score  39.64

Ligand is stored in gold_soln_ligand_prepared_m1_5.mol2


--------------------------------------------------------------------------------
--- GoldScore breakdown of terms                                             ---
--------------------------------------------------------------------------------
Fitness = S(hb_ext) + 1.3750*S(vdw_ext) + S(hb_int) + 1.0000*S(int)
S(int)  = S(vdw_int) + S(tors)

Internal terms are relative to best energy found (intcor).

--------------------------------------------------------------------------------


     Fitness  S(hb_ext) S(vdw_ext)  S(hb_int)    S(int)      intcor
     39.64       3.24      26.68       0.00      -0.29      -0.76

--------------------------------------------------------------------------------
--- GoldScore analysis of protein-ligand interactions                        ---
--------------------------------------------------------------------------------

  Ligand acceptor    9 Protein hydrogen 2059 donor 2050 bond energy  2.00 wt 0.19
  Ligand acceptor    9 Protein hydrogen 2112 donor 2107 bond energy  2.00 wt 0.53
  Ligand acceptor   17 Protein hydrogen 5355 donor 5346 bond energy  2.00 wt 0.90

--------------------------------------------------------------------------------

--------------------------------------------------------------------------------
--- Rescoring solution                                                       ---
--------------------------------------------------------------------------------

     Score     S(PLP)   S(hbond)     S(cho)   S(metal)  DE(clash)   DE(tors)
     28.09     -27.77       0.83       0.00       0.00       0.00       1.09

Doing AMOEBA simplex on best individual
Done simplexing #iterations 1129, best score  44.24

     Score     S(PLP)   S(hbond)     S(cho)   S(metal)  DE(clash)   DE(tors)
     44.24     -40.86       1.58       0.00       0.00       0.00       0.68

--------------------------------------------------------------------------------
--- CHEMPLP breakdown of terms                                               ---
--------------------------------------------------------------------------------
CHEMPLP = - ( 1.0000*S(PLP) + -3.0000*S(hbond) + -6.0000*S(metal) + -3.0000*S(cho) )

Score = CHEMPLP - 1.0000*DE(clash) - 2.0000*DE(tors)


--------------------------------------------------------------------------------


--------------------------------------------------------------------------------
--- PLP analysis of protein-ligand interactions                              ---
--------------------------------------------------------------------------------
hydrogen bonding        :      -3.09
metal                   :       0.00
buried (polar-nonpolar) :      -0.49
nonpolar                :     -39.66
repulsive               :       1.82
--------------------------------------------------------------------------------


--------------------------------------------------------------------------------
--- ChemScore analysis of protein-ligand interactions                        ---
--------------------------------------------------------------------------------

* Hydrogen bonds                                                                
Ligand donor    8 hydrogen   22 Protein acceptor 2058 bond energy  1.00 wt 0.51
Protein donor 2107 hydrogen 2112 Ligand acceptor    9 bond energy  1.00 wt 0.08
Protein donor 5346 hydrogen 5355 Ligand acceptor   17 bond energy  1.00 wt 0.99


* CH..O interactions                                                            
  CH group selection                       : activated ring CH (adjacent to hetatom)

--------------------------------------------------------------------------------


--------------------------------------------------------------------------------
--- Intra-ligand clashes                                                     ---
--------------------------------------------------------------------------------

Ligand
--------------------------------------------------------------------------------


--------------------------------------------------------------------------------
--- Chromosome decoded                                                       ---
--------------------------------------------------------------------------------
Ligand Torsions
[   6    2    1    3]  -37.63
[  12    5    1    2]  167.96
Protein Torsions
[2011 2002 2001 1999]  -57.32 
[2112 2107 2106 2103]  156.33 
[5355 5346 5345 5343] -179.06 
[ 804  797  795  792] -171.22 
[2696 2687 2686 2684]  121.94 
[5271 5265 5266 5267]   65.37 
Mapping
Ligand acceptors to protein hydrogens (mapping then atom ids)
  1   9 [  9->2059]
Ligand hydrogens to protein acceptors (mapping then atom ids)
Ligand shape atoms to protein points (mapping then atom ids & coords)
  1  4857 [  5->(-30.750   9.500  11.250)]
  4  5127 [ 12->(-30.500   9.500  13.000)]
  7  4311 [ 16->(-31.250   9.750   8.500)]
Chromosome values
Integers:
   8   -1   -1   -1   -1 4856   -1   -1 5126   -1   -1 4310 
--------------------------------------------------------------------------------


--------------------------------------------------------------------------------
--- Diverse Solutions Stats                                                  ---
--------------------------------------------------------------------------------
  Move attempts                            :  19811
  Move failures                            :     13
  Failure rate                             :   0.001

--------------------------------------------------------------------------------

Current Ranking  5  4  2  3  1

--------------------------------------------------------------------------------

* GA execution time :                                                           
  total  0.9856 user  0.9454 sys  0.0402

--------------------------------------------------------------------------------
Fitness function evaluations: 20761

--------------------------------------------------------------------------------
** Docking run number  6 **
--------------------------------------------------------------------------------
  Rank fitness base is 5000.00 ; increment is 11.2233

* Initialising population(s) ...                                                
Number of constraints mappings 0
Number of constraints 0
  Population no.                           :      1
  Population size                          :    100
  Number of duplicates                     :      0
  Number of niche violations               :      0
  Number of errors                         :    882


Doing GA, no. of population(s) 1 size 100 selection pressure 1.100000

 Operation      Fitness  S(hb_ext) S(vdw_ext)  S(hb_int)    S(int)      intcor
         0      38.91       7.28      23.50       0.00      -3.39      -0.76
       488      35.14       6.18      21.42       0.00      -1.65      -0.76
       725      32.75       0.40      24.25       0.00      -2.84      -0.76
       742      32.87       6.13      21.56       0.00      -8.22      -0.76
Reordering...
       820      32.33       0.37      24.02       0.00      -2.84      -0.76
      1055      32.53       0.35      24.15       0.00      -2.26      -0.76
      1112      32.52       0.44      24.11       0.00      -2.26      -0.76
      1422      31.49       0.75      23.34       0.00      -2.26      -0.76
      1601      30.43       2.08      21.36       0.00      -1.47      -0.76
      1849      31.38       0.64      25.92       0.00      -5.85      -0.76
      1865      32.51       4.01      21.33       0.00      -0.96      -0.76
      1900      32.48       3.98      21.34       0.00      -0.96      -0.76
      2016      32.52       0.54      25.10       0.00      -2.68      -0.76
      2314      33.10       3.82      21.99       0.00      -0.96      -0.76
      2589      33.10       3.82      22.00       0.00      -0.96      -0.76
      2592      33.25       4.43      21.69       0.00      -1.00      -0.76
      2640      34.16       3.57      22.95       0.00      -0.96      -0.76
--------------------------------------------------------------------------------
Best docking solution after GA:
      2750      34.16       3.57      22.95       0.00      -0.96      -0.76

#ops:       2750 #mutates:   1429 #cross:     1321 #dups:       475 
#niche:     1427 #errors:     149 
--------------------------------------------------------------------------------

Doing AMOEBA simplex on best individual
Done simplexing #iterations 633, best score  37.41

Ligand is stored in gold_soln_ligand_prepared_m1_6.mol2


--------------------------------------------------------------------------------
--- GoldScore breakdown of terms                                             ---
--------------------------------------------------------------------------------
Fitness = S(hb_ext) + 1.3750*S(vdw_ext) + S(hb_int) + 1.0000*S(int)
S(int)  = S(vdw_int) + S(tors)

Internal terms are relative to best energy found (intcor).

--------------------------------------------------------------------------------


     Fitness  S(hb_ext) S(vdw_ext)  S(hb_int)    S(int)      intcor
     37.41       3.13      25.51       0.00      -0.79      -0.76

--------------------------------------------------------------------------------
--- GoldScore analysis of protein-ligand interactions                        ---
--------------------------------------------------------------------------------

  Ligand acceptor   11 Protein hydrogen 2059 donor 2050 bond energy  2.00 wt 0.52
  Ligand acceptor    9 Protein hydrogen 5319 donor 5311 bond energy  2.00 wt 0.96
  Ligand donor   10 hydrogen   23 Protein acceptor 2107 bond energy  2.00 wt 0.09

--------------------------------------------------------------------------------

--------------------------------------------------------------------------------
--- Rescoring solution                                                       ---
--------------------------------------------------------------------------------

     Score     S(PLP)   S(hbond)     S(cho)   S(metal)  DE(clash)   DE(tors)
     25.52     -22.73       1.78       0.00       0.00       0.00       1.27

Doing AMOEBA simplex on best individual
Done simplexing #iterations 682, best score  37.82

     Score     S(PLP)   S(hbond)     S(cho)   S(metal)  DE(clash)   DE(tors)
     37.82     -32.15       1.99       0.00       0.00       0.00       0.15

--------------------------------------------------------------------------------
--- CHEMPLP breakdown of terms                                               ---
--------------------------------------------------------------------------------
CHEMPLP = - ( 1.0000*S(PLP) + -3.0000*S(hbond) + -6.0000*S(metal) + -3.0000*S(cho) )

Score = CHEMPLP - 1.0000*DE(clash) - 2.0000*DE(tors)


--------------------------------------------------------------------------------


--------------------------------------------------------------------------------
--- PLP analysis of protein-ligand interactions                              ---
--------------------------------------------------------------------------------
hydrogen bonding        :      -2.72
metal                   :       0.00
buried (polar-nonpolar) :       2.15
nonpolar                :     -34.27
repulsive               :       1.79
--------------------------------------------------------------------------------


--------------------------------------------------------------------------------
--- ChemScore analysis of protein-ligand interactions                        ---
--------------------------------------------------------------------------------

* Hydrogen bonds                                                                
Protein donor 2050 hydrogen 2059 Ligand acceptor   11 bond energy  1.00 wt 1.00
Protein donor 5311 hydrogen 5319 Ligand acceptor    9 bond energy  1.00 wt 0.99


* CH..O interactions                                                            
  CH group selection                       : activated ring CH (adjacent to hetatom)

--------------------------------------------------------------------------------


--------------------------------------------------------------------------------
--- Intra-ligand clashes                                                     ---
--------------------------------------------------------------------------------

Ligand
--------------------------------------------------------------------------------


--------------------------------------------------------------------------------
--- Chromosome decoded                                                       ---
--------------------------------------------------------------------------------
Ligand Torsions
[   6    2    1    3]  150.42
[  12    5    1    2]  168.71
Protein Torsions
[2011 2002 2001 1999] -178.10 
[2112 2107 2106 2103]  -21.37 
[5355 5346 5345 5343] -133.59 
[ 804  797  795  792]   31.33 
[2696 2687 2686 2684] -151.42 
[5271 5265 5266 5267]  112.17 
Mapping
Ligand acceptors to protein hydrogens (mapping then atom ids)
  1  31 [  9->5319]
  2   9 [ 11->2059]
Ligand hydrogens to protein acceptors (mapping then atom ids)
Ligand shape atoms to protein points (mapping then atom ids & coords)
  2  5826 [  6->(-30.000  10.000   9.250)]
  6  2227 [ 14->(-33.250   9.250  12.750)]
Chromosome values
Integers:
  30    8   -1   -1   -1   -1 5825   -1   -1   -1 2226   -1 
--------------------------------------------------------------------------------


--------------------------------------------------------------------------------
--- Diverse Solutions Stats                                                  ---
--------------------------------------------------------------------------------
  Move attempts                            :  19026
  Move failures                            :     78
  Failure rate                             :   0.004

--------------------------------------------------------------------------------

Current Ranking  5  4  2  6  3  1

--------------------------------------------------------------------------------

* GA execution time :                                                           
  total  1.0882 user  1.0022 sys  0.0860

--------------------------------------------------------------------------------
Fitness function evaluations: 19982

--------------------------------------------------------------------------------
** Docking run number  7 **
--------------------------------------------------------------------------------
  Rank fitness base is 5000.00 ; increment is 11.2233

* Initialising population(s) ...                                                
Number of constraints mappings 0
Number of constraints 0
  Population no.                           :      1
  Population size                          :    100
  Number of duplicates                     :      0
  Number of niche violations               :      0
  Number of errors                         :    967


Doing GA, no. of population(s) 1 size 100 selection pressure 1.100000

 Operation      Fitness  S(hb_ext) S(vdw_ext)  S(hb_int)    S(int)      intcor
         0      34.39       0.20      25.92       0.00      -7.24      -0.76
       291      33.81       3.61      22.87       0.00      -5.06      -0.76
Reordering...
       492      31.21       0.49      22.69       0.00      -1.66      -0.76
       578      31.81       0.17      23.64       0.00      -2.79      -0.76
       809      31.03       1.93      21.83       0.00      -2.49      -0.76
      1238      29.33       0.40      22.15       0.00      -2.96      -0.76
      1672      28.70       0.48      22.48       0.00      -3.72      -0.76
      1803      28.52       0.76      21.07       0.00      -1.52      -0.76
      2375      28.20       0.74      21.08       0.00      -1.52      -0.76
--------------------------------------------------------------------------------
Best docking solution after GA:
      2750      28.20       0.74      21.08       0.00      -1.52      -0.76

#ops:       2750 #mutates:   1390 #cross:     1360 #dups:       587 
#niche:     1156 #errors:     259 
--------------------------------------------------------------------------------

Doing AMOEBA simplex on best individual
Done simplexing #iterations 786, best score  34.64

Ligand is stored in gold_soln_ligand_prepared_m1_7.mol2


--------------------------------------------------------------------------------
--- GoldScore breakdown of terms                                             ---
--------------------------------------------------------------------------------
Fitness = S(hb_ext) + 1.3750*S(vdw_ext) + S(hb_int) + 1.0000*S(int)
S(int)  = S(vdw_int) + S(tors)

Internal terms are relative to best energy found (intcor).

--------------------------------------------------------------------------------


     Fitness  S(hb_ext) S(vdw_ext)  S(hb_int)    S(int)      intcor
     34.64       1.09      25.28       0.00      -1.22      -0.76

--------------------------------------------------------------------------------
--- GoldScore analysis of protein-ligand interactions                        ---
--------------------------------------------------------------------------------

  Ligand donor   10 hydrogen   23 Protein acceptor 2122 bond energy  2.00 wt 0.54

--------------------------------------------------------------------------------

--------------------------------------------------------------------------------
--- Rescoring solution                                                       ---
--------------------------------------------------------------------------------

     Score     S(PLP)   S(hbond)     S(cho)   S(metal)  DE(clash)   DE(tors)
     22.02     -24.22       0.00       0.00       0.00       0.38       0.91

Doing AMOEBA simplex on best individual
Done simplexing #iterations 1166, best score  36.94

     Score     S(PLP)   S(hbond)     S(cho)   S(metal)  DE(clash)   DE(tors)
     36.94     -39.26       0.00       0.00       0.00       0.00       1.16

--------------------------------------------------------------------------------
--- CHEMPLP breakdown of terms                                               ---
--------------------------------------------------------------------------------
CHEMPLP = - ( 1.0000*S(PLP) + -3.0000*S(hbond) + -6.0000*S(metal) + -3.0000*S(cho) )

Score = CHEMPLP - 1.0000*DE(clash) - 2.0000*DE(tors)


--------------------------------------------------------------------------------


--------------------------------------------------------------------------------
--- PLP analysis of protein-ligand interactions                              ---
--------------------------------------------------------------------------------
hydrogen bonding        :      -1.38
metal                   :       0.00
buried (polar-nonpolar) :      -4.83
nonpolar                :     -34.56
repulsive               :       0.66
--------------------------------------------------------------------------------


--------------------------------------------------------------------------------
--- ChemScore analysis of protein-ligand interactions                        ---
--------------------------------------------------------------------------------

* Hydrogen bonds                                                                


* CH..O interactions                                                            
  CH group selection                       : activated ring CH (adjacent to hetatom)

--------------------------------------------------------------------------------


--------------------------------------------------------------------------------
--- Intra-ligand clashes                                                     ---
--------------------------------------------------------------------------------

Ligand
--------------------------------------------------------------------------------


--------------------------------------------------------------------------------
--- Chromosome decoded                                                       ---
--------------------------------------------------------------------------------
Ligand Torsions
[   6    2    1    3]  -22.21
[  12    5    1    2]  174.43
Protein Torsions
[2011 2002 2001 1999]   64.93 
[2112 2107 2106 2103]  167.95 
[5355 5346 5345 5343]   24.13 
[ 804  797  795  792] -147.14 
[2696 2687 2686 2684]  -30.58 
[5271 5265 5266 5267]  114.71 
Mapping
Ligand acceptors to protein hydrogens (mapping then atom ids)
Ligand hydrogens to protein acceptors (mapping then atom ids)
Ligand shape atoms to protein points (mapping then atom ids & coords)
  1  6763 [  5->(-29.250   8.500  13.000)]
  2  2597 [  6->(-32.750   9.500  11.250)]
  3  6016 [  7->(-29.750   8.000  13.250)]
  5  3064 [ 13->(-32.250   9.500  11.000)]
  7  4066 [ 16->(-31.500  10.000  11.000)]
Chromosome values
Integers:
  -1   -1   -1   -1   -1 6762 2596 6015   -1 3063   -1 4065 
--------------------------------------------------------------------------------


--------------------------------------------------------------------------------
--- Diverse Solutions Stats                                                  ---
--------------------------------------------------------------------------------
  Move attempts                            :  19951
  Move failures                            :    198
  Failure rate                             :   0.010

--------------------------------------------------------------------------------

Current Ranking  5  4  2  6  3  1  7

--------------------------------------------------------------------------------

* GA execution time :                                                           
  total  1.0376 user  0.9614 sys  0.0762

--------------------------------------------------------------------------------
Fitness function evaluations: 20988

--------------------------------------------------------------------------------
** Docking run number  8 **
--------------------------------------------------------------------------------
  Rank fitness base is 5000.00 ; increment is 11.2233

* Initialising population(s) ...                                                
Number of constraints mappings 0
Number of constraints 0
  Population no.                           :      1
  Population size                          :    100
  Number of duplicates                     :      0
  Number of niche violations               :      0
  Number of errors                         :    903


Doing GA, no. of population(s) 1 size 100 selection pressure 1.100000

 Operation      Fitness  S(hb_ext) S(vdw_ext)  S(hb_int)    S(int)      intcor
         0      36.63       6.18      24.43       0.00     -15.74      -0.76
        18      36.70       6.18      24.49       0.00     -15.74      -0.76
       119      36.48       0.44      26.65       0.00      -2.81      -0.76
Reordering...
       328      32.24       6.32      20.62       0.00      -9.47      -0.76
       486      34.18       6.07      21.85       0.00      -6.59      -0.76
       498      34.10       6.12      22.26       0.00      -8.97      -0.76
       609      33.64       5.89      21.52       0.00      -5.79      -0.76
       775      32.33       6.30      21.06       0.00      -8.09      -0.76
Reordering...
       820      31.58       5.86      20.29       0.00      -5.79      -0.76
Reordering...
       902      30.55       6.20      20.07       0.00      -8.09      -0.76
Reordering...
       984      29.80       0.15      24.82       0.00     -10.51      -0.76
Reordering...
       999      29.73       1.64      21.04       0.00      -1.94      -0.76
      1002      30.91       0.19      25.67       0.00     -10.51      -0.76
      1199      31.52       0.20      26.65       0.00     -10.51      -0.76
      1454      30.50       0.20      26.71       0.00     -10.51      -0.76
      1624      29.49       0.19      26.72       0.00     -10.51      -0.76
      1723      29.23       0.19      26.89       0.00     -10.51      -0.76
      1862      28.49       0.47      26.78       0.00     -10.51      -0.76
      2335      28.01       0.15      21.14       0.00      -1.21      -0.76
      2479      28.99       0.73      21.11       0.00      -0.77      -0.76
      2570      33.48       0.39      26.45       0.00      -3.27      -0.76
--------------------------------------------------------------------------------
Best docking solution after GA:
      2750      33.48       0.39      26.45       0.00      -3.27      -0.76

#ops:       2750 #mutates:   1392 #cross:     1358 #dups:       546 
#niche:     1493 #errors:     205 
--------------------------------------------------------------------------------

Doing AMOEBA simplex on best individual
Done simplexing #iterations 611, best score  35.26

Ligand is stored in gold_soln_ligand_prepared_m1_8.mol2


--------------------------------------------------------------------------------
--- GoldScore breakdown of terms                                             ---
--------------------------------------------------------------------------------
Fitness = S(hb_ext) + 1.3750*S(vdw_ext) + S(hb_int) + 1.0000*S(int)
S(int)  = S(vdw_int) + S(tors)

Internal terms are relative to best energy found (intcor).

--------------------------------------------------------------------------------


     Fitness  S(hb_ext) S(vdw_ext)  S(hb_int)    S(int)      intcor
     35.26       0.54      27.45       0.00      -3.03      -0.76

--------------------------------------------------------------------------------
--- GoldScore analysis of protein-ligand interactions                        ---
--------------------------------------------------------------------------------

  Ligand acceptor   11 Protein hydrogen 2059 donor 2050 bond energy  2.00 wt 0.09
  Ligand acceptor   11 Protein hydrogen 2112 donor 2107 bond energy  2.00 wt 0.18

--------------------------------------------------------------------------------

--------------------------------------------------------------------------------
--- Rescoring solution                                                       ---
--------------------------------------------------------------------------------

     Score     S(PLP)   S(hbond)     S(cho)   S(metal)  DE(clash)   DE(tors)
     25.55     -25.42       0.78       0.00       0.00       0.73       0.74

Doing AMOEBA simplex on best individual
Done simplexing #iterations 830, best score  40.62

     Score     S(PLP)   S(hbond)     S(cho)   S(metal)  DE(clash)   DE(tors)
     40.62     -36.53       2.00       0.00       0.00       1.18       0.36

--------------------------------------------------------------------------------
--- CHEMPLP breakdown of terms                                               ---
--------------------------------------------------------------------------------
CHEMPLP = - ( 1.0000*S(PLP) + -3.0000*S(hbond) + -6.0000*S(metal) + -3.0000*S(cho) )

Score = CHEMPLP - 1.0000*DE(clash) - 2.0000*DE(tors)


--------------------------------------------------------------------------------


--------------------------------------------------------------------------------
--- PLP analysis of protein-ligand interactions                              ---
--------------------------------------------------------------------------------
hydrogen bonding        :      -2.00
metal                   :       0.00
buried (polar-nonpolar) :      -4.62
nonpolar                :     -31.43
repulsive               :       0.93
--------------------------------------------------------------------------------


--------------------------------------------------------------------------------
--- ChemScore analysis of protein-ligand interactions                        ---
--------------------------------------------------------------------------------

* Hydrogen bonds                                                                
Protein donor 2050 hydrogen 2059 Ligand acceptor   11 bond energy  1.00 wt 1.00
Protein donor 2107 hydrogen 2112 Ligand acceptor   11 bond energy  1.00 wt 1.00


* CH..O interactions                                                            
  CH group selection                       : activated ring CH (adjacent to hetatom)

--------------------------------------------------------------------------------


--------------------------------------------------------------------------------
--- Intra-ligand clashes                                                     ---
--------------------------------------------------------------------------------

Ligand
  7 (C7   ) -   3 (C3   ):   1.18 (dist   2.72)
--------------------------------------------------------------------------------


--------------------------------------------------------------------------------
--- Chromosome decoded                                                       ---
--------------------------------------------------------------------------------
Ligand Torsions
[   6    2    1    3]  166.56
[  12    5    1    2]   42.73
Protein Torsions
[2011 2002 2001 1999]    9.48 
[2112 2107 2106 2103]  137.96 
[5355 5346 5345 5343]  152.28 
[ 804  797  795  792] -131.30 
[2696 2687 2686 2684]  -20.16 
[5271 5265 5266 5267]  160.29 
Mapping
Ligand acceptors to protein hydrogens (mapping then atom ids)
Ligand hydrogens to protein acceptors (mapping then atom ids)
Ligand shape atoms to protein points (mapping then atom ids & coords)
  2  7689 [  6->(-28.750  10.000   9.500)]
  3  3732 [  7->(-31.750   9.750  10.000)]
  4  7018 [ 12->(-29.250  11.000  11.500)]
  5  4810 [ 13->(-30.750   9.000   6.750)]
  6  4059 [ 14->(-31.500  10.000   9.250)]
Chromosome values
Integers:
  -1   -1   -1   -1   -1   -1 7688 3731 7017 4809 4058   -1 
--------------------------------------------------------------------------------


--------------------------------------------------------------------------------
--- Diverse Solutions Stats                                                  ---
--------------------------------------------------------------------------------
  Move attempts                            :  19225
  Move failures                            :    233
  Failure rate                             :   0.012

--------------------------------------------------------------------------------

Current Ranking  5  4  2  6  3  1  8  7

--------------------------------------------------------------------------------

* GA execution time :                                                           
  total  1.0727 user  0.9580 sys  0.1147

--------------------------------------------------------------------------------
Fitness function evaluations: 20169

--------------------------------------------------------------------------------
** Docking run number  9 **
--------------------------------------------------------------------------------
  Rank fitness base is 5000.00 ; increment is 11.2233

* Initialising population(s) ...                                                
Number of constraints mappings 0
Number of constraints 0
  Population no.                           :      1
  Population size                          :    100
  Number of duplicates                     :      0
  Number of niche violations               :      1
  Number of errors                         :    851


Doing GA, no. of population(s) 1 size 100 selection pressure 1.100000

 Operation      Fitness  S(hb_ext) S(vdw_ext)  S(hb_int)    S(int)      intcor
         0      33.67       3.79      23.73       0.00     -13.76      -0.76
        46      34.32       6.32      24.71       0.00     -29.24      -0.76
Reordering...
        82      33.02       3.88      23.29       0.00     -13.55      -0.76
       148      32.96       5.25      23.04       0.00     -17.84      -0.76
       151      34.99       2.04      26.75       0.00     -17.23      -0.76
       333      33.99       1.86      26.60       0.00     -17.23      -0.76
       464      33.14       2.01      25.85       0.00     -15.41      -0.76
Reordering...
       492      32.28       1.81      25.82       0.00     -17.23      -0.76
       584      36.58       3.46      25.99       0.00      -8.37      -0.76
       795      35.50       1.83      26.78       0.00      -8.54      -0.76
      1077      34.36       2.63      25.91       0.00      -8.54      -0.76
      1275      33.38       2.55      25.77       0.00      -8.54      -0.76
      1293      34.30       3.09      26.04       0.00      -8.54      -0.76
      1518      33.51       3.01      26.22       0.00      -8.54      -0.76
      1642      33.12       2.95      26.34       0.00      -8.54      -0.76
      1666      33.02       2.95      26.36       0.00      -8.54      -0.76
      1704      34.94       2.63      26.01       0.00      -4.59      -0.76
      1876      35.20       2.78      26.44       0.00      -4.59      -0.76
      1976      34.79       2.79      25.52       0.00      -3.32      -0.76
      2098      34.54       3.41      26.66       0.00      -5.52      -0.76
      2179      34.96       3.66      26.78       0.00      -5.52      -0.76
      2369      35.49       3.35      26.72       0.00      -4.59      -0.76
      2384      35.55       3.72      27.17       0.00      -5.52      -0.76
      2402      35.70       2.81      26.65       0.00      -3.75      -0.76
      2560      36.82       3.93      27.22       0.00      -4.54      -0.76
      2661      36.86       3.93      27.25       0.00      -4.54      -0.76
      2726      37.20       3.73      27.68       0.00      -4.59      -0.76
--------------------------------------------------------------------------------
Best docking solution after GA:
      2750      37.20       3.73      27.68       0.00      -4.59      -0.76

#ops:       2750 #mutates:   1368 #cross:     1382 #dups:       582 
#niche:     1409 #errors:     166 
--------------------------------------------------------------------------------

Doing AMOEBA simplex on best individual
Done simplexing #iterations 516, best score  38.57

Ligand is stored in gold_soln_ligand_prepared_m1_9.mol2


--------------------------------------------------------------------------------
--- GoldScore breakdown of terms                                             ---
--------------------------------------------------------------------------------
Fitness = S(hb_ext) + 1.3750*S(vdw_ext) + S(hb_int) + 1.0000*S(int)
S(int)  = S(vdw_int) + S(tors)

Internal terms are relative to best energy found (intcor).

--------------------------------------------------------------------------------


     Fitness  S(hb_ext) S(vdw_ext)  S(hb_int)    S(int)      intcor
     38.57       3.68      27.50       0.00      -2.92      -0.76

--------------------------------------------------------------------------------
--- GoldScore analysis of protein-ligand interactions                        ---
--------------------------------------------------------------------------------

  Ligand acceptor   17 Protein hydrogen 2059 donor 2050 bond energy  2.00 wt 0.62
  Ligand acceptor   17 Protein hydrogen 2112 donor 2107 bond energy  2.00 wt 0.99
  Ligand acceptor    9 Protein hydrogen 5319 donor 5311 bond energy  2.00 wt 0.23

--------------------------------------------------------------------------------

--------------------------------------------------------------------------------
--- Rescoring solution                                                       ---
--------------------------------------------------------------------------------

     Score     S(PLP)   S(hbond)     S(cho)   S(metal)  DE(clash)   DE(tors)
     31.42     -24.24       2.90       0.00       0.00       1.31       0.10

Doing AMOEBA simplex on best individual
Done simplexing #iterations 726, best score  42.06

     Score     S(PLP)   S(hbond)     S(cho)   S(metal)  DE(clash)   DE(tors)
     42.06     -36.45       2.71       0.00       0.00       0.24       1.14

--------------------------------------------------------------------------------
--- CHEMPLP breakdown of terms                                               ---
--------------------------------------------------------------------------------
CHEMPLP = - ( 1.0000*S(PLP) + -3.0000*S(hbond) + -6.0000*S(metal) + -3.0000*S(cho) )

Score = CHEMPLP - 1.0000*DE(clash) - 2.0000*DE(tors)


--------------------------------------------------------------------------------


--------------------------------------------------------------------------------
--- PLP analysis of protein-ligand interactions                              ---
--------------------------------------------------------------------------------
hydrogen bonding        :      -2.91
metal                   :       0.00
buried (polar-nonpolar) :       1.27
nonpolar                :     -39.92
repulsive               :       4.21
--------------------------------------------------------------------------------


--------------------------------------------------------------------------------
--- ChemScore analysis of protein-ligand interactions                        ---
--------------------------------------------------------------------------------

* Hydrogen bonds                                                                
Protein donor 2050 hydrogen 2059 Ligand acceptor   17 bond energy  1.00 wt 0.96
Protein donor 2107 hydrogen 2112 Ligand acceptor   17 bond energy  1.00 wt 1.00
Protein donor 5311 hydrogen 5319 Ligand acceptor    9 bond energy  1.00 wt 0.75


* CH..O interactions                                                            
  CH group selection                       : activated ring CH (adjacent to hetatom)

--------------------------------------------------------------------------------


--------------------------------------------------------------------------------
--- Intra-ligand clashes                                                     ---
--------------------------------------------------------------------------------

Ligand
 11 (O11  ) -   6 (C6   ):   0.24 (dist   2.74)
--------------------------------------------------------------------------------


--------------------------------------------------------------------------------
--- Chromosome decoded                                                       ---
--------------------------------------------------------------------------------
Ligand Torsions
[   6    2    1    3]  179.14
[  12    5    1    2]  178.71
Protein Torsions
[2011 2002 2001 1999]   71.66 
[2112 2107 2106 2103]  142.55 
[5355 5346 5345 5343]  147.42 
[ 804  797  795  792] -101.22 
[2696 2687 2686 2684]  170.30 
[5271 5265 5266 5267]   22.38 
Mapping
Ligand acceptors to protein hydrogens (mapping then atom ids)
  3   9 [ 17->2059]
Ligand hydrogens to protein acceptors (mapping then atom ids)
Ligand shape atoms to protein points (mapping then atom ids & coords)
  2  4647 [  6->(-31.000  10.000  11.750)]
  4  7413 [ 12->(-29.000  11.500  11.500)]
Chromosome values
Integers:
  -1   -1    8   -1   -1   -1 4646   -1 7412   -1   -1   -1 
--------------------------------------------------------------------------------


--------------------------------------------------------------------------------
--- Diverse Solutions Stats                                                  ---
--------------------------------------------------------------------------------
  Move attempts                            :  19035
  Move failures                            :    158
  Failure rate                             :   0.008

--------------------------------------------------------------------------------

Current Ranking  5  9  4  2  6  3  1  8  7

--------------------------------------------------------------------------------

* GA execution time :                                                           
  total  1.0971 user  0.9143 sys  0.1828

--------------------------------------------------------------------------------
Fitness function evaluations: 19920

--------------------------------------------------------------------------------
** Docking run number 10 **
--------------------------------------------------------------------------------
  Rank fitness base is 5000.00 ; increment is 11.2233

* Initialising population(s) ...                                                
Number of constraints mappings 0
Number of constraints 0
  Population no.                           :      1
  Population size                          :    100
  Number of duplicates                     :      0
  Number of niche violations               :      0
  Number of errors                         :    873


Doing GA, no. of population(s) 1 size 100 selection pressure 1.100000

 Operation      Fitness  S(hb_ext) S(vdw_ext)  S(hb_int)    S(int)      intcor
         0      32.97       7.09      19.61       0.00      -5.39      -0.76
       149      31.88       3.59      20.91       0.00      -2.02      -0.76
       183      32.68       1.80      23.06       0.00      -3.64      -0.76
Reordering...
       189      31.67       3.56      20.79       0.00      -2.02      -0.76
       257      32.39       5.50      20.78       0.00      -6.93      -0.76
       313      33.49       4.79      20.99       0.00      -0.66      -0.76
       406      33.86       1.89      23.44       0.00      -0.95      -0.76
       477      33.80       1.67      23.56       0.00      -0.95      -0.76
       534      35.20       1.18      24.95       0.00      -0.95      -0.76
       859      34.82       1.09      24.80       0.00      -0.95      -0.76
      1154      33.98       1.14      25.25       0.00      -3.85      -0.76
      1197      34.61       0.86      25.65       0.00      -3.03      -0.76
      1580      34.76       0.84      26.30       0.00      -3.31      -0.76
      1631      35.82       0.87      26.67       0.00      -2.43      -0.76
      2144      35.26       0.76      26.22       0.00      -1.55      -0.76
      2302      35.27       0.76      26.23       0.00      -1.55      -0.76
      2310      35.75       0.81      27.18       0.00      -2.43      -0.76
      2370      35.79       0.49      27.44       0.00      -2.43      -0.76
      2411      35.86       0.79      27.16       0.00      -2.28      -0.76
      2599      36.40       0.49      27.88       0.00      -2.43      -0.76
--------------------------------------------------------------------------------
Best docking solution after GA:
      2750      36.40       0.49      27.88       0.00      -2.43      -0.76

#ops:       2750 #mutates:   1351 #cross:     1399 #dups:       666 
#niche:     1577 #errors:     128 
--------------------------------------------------------------------------------

Doing AMOEBA simplex on best individual
Done simplexing #iterations 457, best score  37.33

Ligand is stored in gold_soln_ligand_prepared_m1_10.mol2


--------------------------------------------------------------------------------
--- GoldScore breakdown of terms                                             ---
--------------------------------------------------------------------------------
Fitness = S(hb_ext) + 1.3750*S(vdw_ext) + S(hb_int) + 1.0000*S(int)
S(int)  = S(vdw_int) + S(tors)

Internal terms are relative to best energy found (intcor).

--------------------------------------------------------------------------------


     Fitness  S(hb_ext) S(vdw_ext)  S(hb_int)    S(int)      intcor
     37.33       0.53      28.26       0.00      -2.05      -0.76

--------------------------------------------------------------------------------
--- GoldScore analysis of protein-ligand interactions                        ---
--------------------------------------------------------------------------------

  Ligand acceptor   11 Protein hydrogen 5319 donor 5311 bond energy  2.00 wt 0.17
  Ligand donor    8 hydrogen   22 Protein acceptor 2122 bond energy  2.00 wt 0.09

--------------------------------------------------------------------------------

--------------------------------------------------------------------------------
--- Rescoring solution                                                       ---
--------------------------------------------------------------------------------

     Score     S(PLP)   S(hbond)     S(cho)   S(metal)  DE(clash)   DE(tors)
     17.41     -18.25       0.55       0.00       0.00       1.57       0.46

Doing AMOEBA simplex on best individual
Done simplexing #iterations 817, best score  30.45

     Score     S(PLP)   S(hbond)     S(cho)   S(metal)  DE(clash)   DE(tors)
     30.45     -27.60       1.74       0.00       0.00       1.63       0.38

--------------------------------------------------------------------------------
--- CHEMPLP breakdown of terms                                               ---
--------------------------------------------------------------------------------
CHEMPLP = - ( 1.0000*S(PLP) + -3.0000*S(hbond) + -6.0000*S(metal) + -3.0000*S(cho) )

Score = CHEMPLP - 1.0000*DE(clash) - 2.0000*DE(tors)


--------------------------------------------------------------------------------


--------------------------------------------------------------------------------
--- PLP analysis of protein-ligand interactions                              ---
--------------------------------------------------------------------------------
hydrogen bonding        :      -3.00
metal                   :       0.00
buried (polar-nonpolar) :       2.21
nonpolar                :     -32.03
repulsive               :       4.20
--------------------------------------------------------------------------------


--------------------------------------------------------------------------------
--- ChemScore analysis of protein-ligand interactions                        ---
--------------------------------------------------------------------------------

* Hydrogen bonds                                                                
Ligand donor    8 hydrogen   22 Protein acceptor 2039 bond energy  1.00 wt 0.75
Protein donor 5311 hydrogen 5319 Ligand acceptor   11 bond energy  1.00 wt 0.99


* CH..O interactions                                                            
  CH group selection                       : activated ring CH (adjacent to hetatom)

--------------------------------------------------------------------------------


--------------------------------------------------------------------------------
--- Intra-ligand clashes                                                     ---
--------------------------------------------------------------------------------

Ligand
  6 (C6   ) -   4 (C4   ):   1.63 (dist   2.70)
--------------------------------------------------------------------------------


--------------------------------------------------------------------------------
--- Chromosome decoded                                                       ---
--------------------------------------------------------------------------------
Ligand Torsions
[   6    2    1    3] -107.52
[  12    5    1    2] -170.49
Protein Torsions
[2011 2002 2001 1999]    1.89 
[2112 2107 2106 2103] -174.33 
[5355 5346 5345 5343] -145.02 
[ 804  797  795  792]   35.30 
[2696 2687 2686 2684]  -70.21 
[5271 5265 5266 5267] -134.64 
Mapping
Ligand acceptors to protein hydrogens (mapping then atom ids)
Ligand hydrogens to protein acceptors (mapping then atom ids)
  1  20 [ 22->2039]
  2  28 [ 23->5317]
Ligand shape atoms to protein points (mapping then atom ids & coords)
  1  3952 [  5->(-31.500   9.000  14.250)]
  2  4569 [  6->(-31.000   9.500  10.750)]
  4  3633 [ 12->(-31.750   8.750  14.750)]
  5  3778 [ 13->(-31.750  10.000  10.000)]
  7  5719 [ 16->(-30.000   9.250   7.750)]
Chromosome values
Integers:
  -1   -1   -1   19   27 3951 4568   -1 3632 3777   -1 5718 
--------------------------------------------------------------------------------


--------------------------------------------------------------------------------
--- Diverse Solutions Stats                                                  ---
--------------------------------------------------------------------------------
  Move attempts                            :  19056
  Move failures                            :    111
  Failure rate                             :   0.006

--------------------------------------------------------------------------------

Current Ranking  5  9  4  2  6 10  3  1  8  7

--------------------------------------------------------------------------------

* GA execution time :                                                           
  total  1.3909 user  1.0995 sys  0.2914

--------------------------------------------------------------------------------
Fitness function evaluations: 19965

--------------------------------------------------------------------------------
--- Ranking analysis                                                         ---
--------------------------------------------------------------------------------


* Final ranked order of GA solutions:                                           
   5  9  4  2  6 10  3  1  8  7 

  _______________________________
  RMSD Matrix of RANKED solutions

        2    3    4    5    6    7    8    9   10  

   1 :  4.1  4.4  4.3  3.3  3.5  3.2  0.9  3.2  5.1
   2 :       2.7  2.8  2.4  3.5  2.6  3.6  3.6  4.5
   3 :            0.3  3.1  3.3  3.2  3.7  4.0  3.8
   4 :                 3.0  3.1  3.1  3.6  3.9  3.7
   5 :                      3.3  0.4  2.8  2.5  4.1
   6 :                           3.1  3.3  2.6  2.7
   7 :                                2.8  2.1  3.8
   8 :                                     3.2  4.8
   9 :                                          2.8

  Clustering method                        : complete linkage
  Structure ids in cluster table           : rank nos.
  Ordering of clusters and their members   : by rank (order if from rms_analysis)

  Distance | Clusters
   0.33    |  1 |  2 |  3  4 |  5 |  6 |  7 |  8 |  9 | 10 |
   0.45    |  1 |  2 |  3  4 |  5  7 |  6 |  8 |  9 | 10 |
   0.93    |  1  8 |  2 |  3  4 |  5  7 |  6 |  9 | 10 |
   2.53    |  1  8 |  2 |  3  4 |  5  7  9 |  6 | 10 |
   2.66    |  1  8 |  2 |  3  4 |  5  7  9 |  6 10 |
   2.75    |  1  8 |  2  3  4 |  5  7  9 |  6 10 |
   3.27    |  1  5  7  8  9 |  2  3  4 |  6 10 |
   4.40    |  1  2  3  4  5  7  8  9 |  6 10 |
   5.11    |  1  2  3  4  5  6  7  8  9 10 |
  Finished Docking Ligand                  : /mnt/c/Users/ricca/Desktop/Documents/1_Coding/1_Script_Github/Reverse_Docking_Explore_V3/3ama/ligand_prepared.mol2
--------------------------------------------------------------------------------

  Relative_Ligand_Energy (best encountered) :  -0.759
  Relative_Ligand_Energy: fitness values have been corrected using this amount
