
--------------------------------------------------------------------------------
--- Ligand                                                                   ---
--------------------------------------------------------------------------------
  Ligand loaded from file                  : /mnt/c/Users/ricca/Desktop/Documents/1_Coding/1_Script_Github/Reverse_Docking_Explore_V3/4g3y_cavity/ligand_prepared.mol2
  Ligand name                              :  
  "CT1002167954                                                             "

--------------------------------------------------------------------------------
  N.plc donors                             : 
  none found

  Acidic nitrogen acceptors                : 
  none found
  Sulfur acceptors                         :
  none found


  Donor atoms                              :      2
  8   10  
  Acceptor atoms                           :      3
  9   11  17  

  Hydrogens                                :  (n = 2)
  22   23   

  Lone pairs added to molecule             :      6
  Numbering                                : from 30 to 35

--------------------------------------------------------------------------------
--- Postprocessing of typing                                                 ---
--------------------------------------------------------------------------------
  Fragment file                            : /home/hitesit/CCDC/Discovery_2022/GOLD/gold/rotatable_bond_override.mol2
  acylurea fragment                        : 2 matches
  Ligand bond 15-8  set to flip
  Ligand bond 15-10  set to flip
  Ligand bond 15-10  set to 1
  Ligand bond 15-8  set to 1
  Ligand bond 10-4  set to flip
  Ligand bond 8-3  set to flip
  thioacylthiourea fragment                : no matches
  acylthiourea fragment                    : no matches
  thioacylurea fragment                    : no matches
  diarylamine fragment >C.ar-NH-C.ar<      : no matches
  sec-amine (1) fragment                   : no matches
  sec-amine (2) fragment                   : no matches
  sec-amine (3) fragment                   : no matches
  carboxylic ester                         : no matches

* Rotatable bonds in /mnt/c/Users/ricca/D  :
  [   1    2] [   1    5] 
  No. of rotatable bonds                   :      2


* Reading torsional distributions from file:
  /home/hitesit/CCDC/Discovery_2022/GOLD/gold/gold.tordist
  No. of bins in torsional distributions   :     36
  Minimum size of largest peak             :      0
  Removing high energy torsions            : on
  Delta E set to                           :   2.500

* Fragments found in /mnt/c/Users/ricca/D  :
  atom   2: benzene
  atom   6: benzene
  atom   7: benzene
  atom  13: benzene
  atom  14: benzene
  atom  16: benzene


* Checking torsion distributions:                                               
  No. of matched torsions                  :      0

--------------------------------------------------------------------------------
--- Shape fitting atoms selection (hydrophobic atoms)                        ---
--------------------------------------------------------------------------------
  Molecule                                 : /mnt/c/Users/ricca/Desktop/Documents/1_Coding/1_Script_Github/Reverse_Docking_Explore_V3/4g3y_cavity/ligand_prepared.mol2
  Selection                                : carbons only
  Atom numbers                             :  (n = 7)
  5    6    7    12   13   14   16   

--------------------------------------------------------------------------------
--- Diverse Solutions Setup                                                  ---
--------------------------------------------------------------------------------
  Cluster size                             :      2
  RMSD                                     :   2.000
  Refinement                               :      0


--------------------------------------------------------------------------------
--- ChemScore ligand setup summary                                           ---
--------------------------------------------------------------------------------
  ChemScore ligand acceptors               :      3
  9 11 17 
  ChemScore ligand donors                  :      2
  8 ( 22  ) 10 ( 23  ) 
  ChemScore ligand CH donors               :      0
  

  ChemScore ligand lipophilic atoms        :  (n = 9)
  1    2    5    6    7    12   13   14   16   

  ChemScore ligand rotatable bonds         :      2
  1   (C1 ) - 2   (C2 ): SP3_SP2_BOND
  1   (C1 ) - 5   (C5 ): SP3_SP3_BOND

--------------------------------------------------------------------------------
--- PLP ligand setup summary                                                 ---
--------------------------------------------------------------------------------
    1    C1   C.3 NONPOLAR
    2    C2  C.ar NONPOLAR
    3    C3   C.2 NONPOLAR
    4    C4   C.2 NONPOLAR
    5    C5   C.3 NONPOLAR
    6    C6  C.ar NONPOLAR
    7    C7  C.ar NONPOLAR
    8    N8  N.am DONOR
    9    O9   O.2 ACCEPTOR
   10   N10  N.am DONOR
   11   O11   O.2 ACCEPTOR
   12   C12   C.3 NONPOLAR
   13   C13  C.ar NONPOLAR
   14   C14  C.ar NONPOLAR
   15   C15   C.2 NONPOLAR
   16   C16  C.ar NONPOLAR
   17   O17   O.2 ACCEPTOR

--------------------------------------------------------------------------------
--- Automatic parameter setting                                              ---
--------------------------------------------------------------------------------
  Contribution base                        :   2500
  Contribution per rotatable bond          :   6000
  Contribution per df                      :   4000
  Contribution per water                   :  10000
  Ligand rotatable bonds                   :      2
  Protein flexible side chain bonds        :      0
  Total rotatable bonds                    :      2
  Hydrophobic vol ratio (P/L)              :   1.819
  Base multiplier (polar)                  :   1.000
  Base multiplier (apolar)                 :   2.546
  Base contribution                        : 7500.000
  Fitting points                           :      5
  Estimated maxops needed (optimal)        :  20000
  Autoscale factor (in percent)            :     10
  Scaled maxops                            :   2250

--------------------------------------------------------------------------------

* Population settings                                                           
  maxops                                   :   2250
  popsiz                                   :    100
  select_pressure                          :   1.100
  n_islands                                :      1
  niche_siz                                :      2

* GA settings                                                                   
  pt_crosswt                               :    100
  allele_mutatewt                          :    100
  migratewt                                :      0

* Search settings                                                               
  start_vdw_linear_cutoff                  :   6.000
  initial_virtual_pt_match_max             :   3.000
  Scaling of internal VDW energy           : log scale from  0.2 to    1
                                             over 1687 ops
  Sampling interval (operations)           :     22
  Scaling of virtual pt maximum length     : linear scale from    3 to    2
                                             over  1687 ops
  Sampling interval (operations)           :     67
  Scaling of 4-8 potential cutoff          : log scale from    6 to 1.2e+02
                                             over 1687 ops
  Sampling interval (operations)           :     67

--------------------------------------------------------------------------------

* Ligand initialisation time :                                                  
  total  0.0524 user  0.0209 sys  0.0315

--------------------------------------------------------------------------------

--------------------------------------------------------------------------------
** Docking run number  1 **
--------------------------------------------------------------------------------
  Rank fitness base is 5000.00 ; increment is 11.2233

* Initialising population(s) ...                                                
Number of constraints mappings 0
Number of constraints 0
  Population no.                           :      1
  Population size                          :    100
  Number of duplicates                     :      0
  Number of niche violations               :      0
  Number of errors                         :    561


Doing GA, no. of population(s) 1 size 100 selection pressure 1.100000

 Operation      Fitness  S(hb_ext) S(vdw_ext)  S(hb_int)    S(int)      intcor
         0      28.08       7.18      17.83       0.00     -18.13      -0.83
        23      28.05       6.98      18.02       0.00     -18.13      -0.83
        70      29.88       2.15      21.93       0.00     -11.41      -0.83
       380      29.59       5.18      18.20       0.00      -2.15      -0.83
Reordering...
       871      25.06       0.00      19.21       0.00      -2.98      -0.83
      1090      24.36       0.00      19.08       0.00      -3.35      -0.83
      1369      23.52       1.21      18.78       0.00      -4.77      -0.83
      1592      22.60       1.10      18.78       0.00      -4.77      -0.83
Reordering...
      1675      22.16       0.00      17.73       0.00      -2.26      -0.80
      1695      22.35       1.02      17.99       0.00      -3.41      -0.80
      1723      22.87       0.68      16.21       0.00      -0.10      -0.80
      2015      22.87       0.68      16.21       0.00      -0.10      -0.80
      2190      22.93       1.02      18.76       0.00      -3.89      -0.80
--------------------------------------------------------------------------------
Best docking solution after GA:
      2250      22.93       1.02      18.76       0.00      -3.89      -0.80

#ops:       2250 #mutates:   1088 #cross:     1162 #dups:       450 
#niche:     1044 #errors:      88 
--------------------------------------------------------------------------------

Doing AMOEBA simplex on best individual
Done simplexing #iterations 578, best score  26.71

Ligand is stored in gold_soln_ligand_prepared_m1_1.mol2


--------------------------------------------------------------------------------
--- GoldScore breakdown of terms                                             ---
--------------------------------------------------------------------------------
Fitness = S(hb_ext) + 1.3750*S(vdw_ext) + S(hb_int) + 1.0000*S(int)
S(int)  = S(vdw_int) + S(tors)

Internal terms are relative to best energy found (intcor).

--------------------------------------------------------------------------------


     Fitness  S(hb_ext) S(vdw_ext)  S(hb_int)    S(int)      intcor
     26.71       1.14      21.34       0.00      -3.77      -0.80

--------------------------------------------------------------------------------
--- GoldScore analysis of protein-ligand interactions                        ---
--------------------------------------------------------------------------------

  Ligand acceptor   11 Protein hydrogen  292 donor  280 bond energy  2.00 wt 0.07
  Ligand donor    8 hydrogen   22 Protein acceptor 2189 bond energy  6.00 wt 0.17

--------------------------------------------------------------------------------

--------------------------------------------------------------------------------
--- Rescoring solution                                                       ---
--------------------------------------------------------------------------------

     Score     S(PLP)   S(hbond)     S(cho)   S(metal)  DE(clash)   DE(tors)
     14.27     -12.70       1.38       0.00       0.00       1.66       0.45

Doing AMOEBA simplex on best individual
Done simplexing #iterations 879, best score  29.26

     Score     S(PLP)   S(hbond)     S(cho)   S(metal)  DE(clash)   DE(tors)
     29.26     -26.11       1.74       0.00       0.00       2.05       0.01

--------------------------------------------------------------------------------
--- CHEMPLP breakdown of terms                                               ---
--------------------------------------------------------------------------------
CHEMPLP = - ( 1.0000*S(PLP) + -3.0000*S(hbond) + -6.0000*S(metal) + -3.0000*S(cho) )

Score = CHEMPLP - 1.0000*DE(clash) - 2.0000*DE(tors)


--------------------------------------------------------------------------------


--------------------------------------------------------------------------------
--- PLP analysis of protein-ligand interactions                              ---
--------------------------------------------------------------------------------
hydrogen bonding        :      -2.76
metal                   :       0.00
buried (polar-nonpolar) :       0.26
nonpolar                :     -24.36
repulsive               :       0.98
--------------------------------------------------------------------------------


--------------------------------------------------------------------------------
--- ChemScore analysis of protein-ligand interactions                        ---
--------------------------------------------------------------------------------

* Hydrogen bonds                                                                
Ligand donor    8 hydrogen   22 Protein acceptor 2189 bond energy  1.00 wt 0.23
Ligand donor   10 hydrogen   23 Protein acceptor  281 bond energy  1.00 wt 0.58
Protein donor  280 hydrogen  292 Ligand acceptor   11 bond energy  1.00 wt 0.93


* CH..O interactions                                                            
  CH group selection                       : activated ring CH (adjacent to hetatom)

--------------------------------------------------------------------------------


--------------------------------------------------------------------------------
--- Intra-ligand clashes                                                     ---
--------------------------------------------------------------------------------

Ligand
  6 (C6   ) -   3 (C3   ):   2.05 (dist   2.69)
--------------------------------------------------------------------------------


--------------------------------------------------------------------------------
--- Chromosome decoded                                                       ---
--------------------------------------------------------------------------------
Ligand Torsions
[   6    2    1    3]  -10.25
[  12    5    1    2]   41.60
Protein Torsions
[1460 1451 1450 1449]   16.17 
[2171 2166 2165 2162]   65.75 
[ 286  273  274  275] -175.75 
[8865  276  275  274]   14.90 
Mapping
Ligand acceptors to protein hydrogens (mapping then atom ids)
Ligand hydrogens to protein acceptors (mapping then atom ids)
  1   3 [ 22->2189]
Ligand shape atoms to protein points (mapping then atom ids & coords)
  1  4801 [  5->( 20.750  -2.500  -5.000)]
  4  4630 [ 12->( 20.500  -2.750  -3.500)]
  7  1249 [ 16->( 17.750   1.500  -6.000)]
Chromosome values
Integers:
  -1   -1   -1    2   -1 4800   -1   -1 4629   -1   -1 1248 
--------------------------------------------------------------------------------


--------------------------------------------------------------------------------
--- Diverse Solutions Stats                                                  ---
--------------------------------------------------------------------------------
  Move attempts                            :  18549
  Move failures                            :      0
  Failure rate                             :   0.000

--------------------------------------------------------------------------------

Current Ranking  1

--------------------------------------------------------------------------------

* GA execution time :                                                           
  total  0.8038 user  0.7534 sys  0.0504

--------------------------------------------------------------------------------
Fitness function evaluations: 19204

--------------------------------------------------------------------------------
** Docking run number  2 **
--------------------------------------------------------------------------------
  Rank fitness base is 5000.00 ; increment is 11.2233

* Initialising population(s) ...                                                
Number of constraints mappings 0
Number of constraints 0
  Population no.                           :      1
  Population size                          :    100
  Number of duplicates                     :      0
  Number of niche violations               :      0
  Number of errors                         :    586


Doing GA, no. of population(s) 1 size 100 selection pressure 1.100000

 Operation      Fitness  S(hb_ext) S(vdw_ext)  S(hb_int)    S(int)      intcor
         0      27.97       0.59      20.74       0.00      -5.71      -0.80
       233      30.07       5.44      18.70       0.00      -4.39      -0.80
       248      31.05       1.43      21.65       0.00      -0.63      -0.80
       387      30.26       1.38      21.18       0.00      -0.84      -0.80
Reordering...
       484      29.29       1.33      20.48       0.00      -0.63      -0.80
Reordering...
       536      28.85       1.30      20.24       0.00      -0.84      -0.80
Reordering...
       603      28.37       1.28      19.86       0.00      -0.63      -0.80
       762      28.21       1.11      19.89       0.00      -0.63      -0.80
       856      29.05       1.75      20.15       0.00      -0.91      -0.80
      1149      26.16       1.51      18.32       0.00      -0.91      -0.80
      1215      26.08       0.98      18.68       0.00      -0.91      -0.80
Reordering...
      1608      23.86       0.83      17.60       0.00      -1.26      -0.80
      2094      25.67       1.22      18.24       0.00      -0.64      -0.77
--------------------------------------------------------------------------------
Best docking solution after GA:
      2250      25.67       1.22      18.24       0.00      -0.64      -0.77

#ops:       2250 #mutates:   1148 #cross:     1102 #dups:       452 
#niche:      984 #errors:      65 
--------------------------------------------------------------------------------

Doing AMOEBA simplex on best individual
Done simplexing #iterations 867, best score  30.20

Ligand is stored in gold_soln_ligand_prepared_m1_2.mol2


--------------------------------------------------------------------------------
--- GoldScore breakdown of terms                                             ---
--------------------------------------------------------------------------------
Fitness = S(hb_ext) + 1.3750*S(vdw_ext) + S(hb_int) + 1.0000*S(int)
S(int)  = S(vdw_int) + S(tors)

Internal terms are relative to best energy found (intcor).

--------------------------------------------------------------------------------


     Fitness  S(hb_ext) S(vdw_ext)  S(hb_int)    S(int)      intcor
     30.20       1.12      21.31       0.00      -0.23      -0.77

--------------------------------------------------------------------------------
--- GoldScore analysis of protein-ligand interactions                        ---
--------------------------------------------------------------------------------

  Ligand acceptor   11 Protein hydrogen 2205 donor 2197 bond energy  2.00 wt 0.11
  Ligand acceptor   17 Protein hydrogen  262 donor  245 bond energy  2.00 wt 0.45

--------------------------------------------------------------------------------

--------------------------------------------------------------------------------
--- Rescoring solution                                                       ---
--------------------------------------------------------------------------------

     Score     S(PLP)   S(hbond)     S(cho)   S(metal)  DE(clash)   DE(tors)
     11.94      -9.41       1.68       0.00       0.00       0.00       1.26

Doing AMOEBA simplex on best individual
Done simplexing #iterations 618, best score  23.83

     Score     S(PLP)   S(hbond)     S(cho)   S(metal)  DE(clash)   DE(tors)
     23.83     -26.35       0.00       0.00       0.00       0.00       1.26

--------------------------------------------------------------------------------
--- CHEMPLP breakdown of terms                                               ---
--------------------------------------------------------------------------------
CHEMPLP = - ( 1.0000*S(PLP) + -3.0000*S(hbond) + -6.0000*S(metal) + -3.0000*S(cho) )

Score = CHEMPLP - 1.0000*DE(clash) - 2.0000*DE(tors)


--------------------------------------------------------------------------------


--------------------------------------------------------------------------------
--- PLP analysis of protein-ligand interactions                              ---
--------------------------------------------------------------------------------
hydrogen bonding        :       0.00
metal                   :       0.00
buried (polar-nonpolar) :      -5.49
nonpolar                :     -21.48
repulsive               :       0.47
--------------------------------------------------------------------------------


--------------------------------------------------------------------------------
--- ChemScore analysis of protein-ligand interactions                        ---
--------------------------------------------------------------------------------

* Hydrogen bonds                                                                


* CH..O interactions                                                            
  CH group selection                       : activated ring CH (adjacent to hetatom)

--------------------------------------------------------------------------------


--------------------------------------------------------------------------------
--- Intra-ligand clashes                                                     ---
--------------------------------------------------------------------------------

Ligand
--------------------------------------------------------------------------------


--------------------------------------------------------------------------------
--- Chromosome decoded                                                       ---
--------------------------------------------------------------------------------
Ligand Torsions
[   6    2    1    3]  -79.99
[  12    5    1    2] -166.83
Protein Torsions
[1460 1451 1450 1449] -170.65 
[2171 2166 2165 2162]  156.43 
[ 286  273  274  275] -159.14 
[8865  276  275  274]   68.35 
Mapping
Ligand acceptors to protein hydrogens (mapping then atom ids)
  3  17 [ 17-> 262]
Ligand hydrogens to protein acceptors (mapping then atom ids)
Ligand shape atoms to protein points (mapping then atom ids & coords)
  4  3349 [ 12->( 19.500  -5.500  -8.750)]
  7  4784 [ 16->( 20.750  -3.000  -4.750)]
Chromosome values
Integers:
  -1   -1   16   -1   -1   -1   -1   -1 3348   -1   -1 4783 
--------------------------------------------------------------------------------


--------------------------------------------------------------------------------
--- Diverse Solutions Stats                                                  ---
--------------------------------------------------------------------------------
  Move attempts                            :  18491
  Move failures                            :      0
  Failure rate                             :   0.000

--------------------------------------------------------------------------------

Current Ranking  2  1

--------------------------------------------------------------------------------

* GA execution time :                                                           
  total  0.7668 user  0.7422 sys  0.0246

--------------------------------------------------------------------------------
Fitness function evaluations: 19146

--------------------------------------------------------------------------------
** Docking run number  3 **
--------------------------------------------------------------------------------
  Rank fitness base is 5000.00 ; increment is 11.2233

* Initialising population(s) ...                                                
Number of constraints mappings 0
Number of constraints 0
  Population no.                           :      1
  Population size                          :    100
  Number of duplicates                     :      0
  Number of niche violations               :      0
  Number of errors                         :    577


Doing GA, no. of population(s) 1 size 100 selection pressure 1.100000

 Operation      Fitness  S(hb_ext) S(vdw_ext)  S(hb_int)    S(int)      intcor
         0      28.02       0.83      20.24       0.00      -3.18      -0.77
        20      29.13       2.08      20.46       0.00      -5.39      -0.77
        43      30.61       1.73      21.81       0.00      -5.43      -0.77
       398      27.53       0.97      20.19       0.00      -4.12      -0.77
       841      26.20       0.97      18.62       0.00      -0.82      -0.77
      1627      22.96       0.00      16.78       0.00      -0.13      -0.77
      2171      23.16       0.89      17.22       0.00      -1.41      -0.77
      2192      23.18       0.68      16.46       0.00      -0.13      -0.77
      2217      23.45       0.69      17.60       0.00      -1.45      -0.77
--------------------------------------------------------------------------------
Best docking solution after GA:
      2250      23.45       0.69      17.60       0.00      -1.45      -0.77

#ops:       2250 #mutates:   1120 #cross:     1130 #dups:       429 
#niche:     1064 #errors:      60 
--------------------------------------------------------------------------------

Doing AMOEBA simplex on best individual
Done simplexing #iterations 597, best score  28.94

Ligand is stored in gold_soln_ligand_prepared_m1_3.mol2


--------------------------------------------------------------------------------
--- GoldScore breakdown of terms                                             ---
--------------------------------------------------------------------------------
Fitness = S(hb_ext) + 1.3750*S(vdw_ext) + S(hb_int) + 1.0000*S(int)
S(int)  = S(vdw_int) + S(tors)

Internal terms are relative to best energy found (intcor).

--------------------------------------------------------------------------------


     Fitness  S(hb_ext) S(vdw_ext)  S(hb_int)    S(int)      intcor
     28.94       1.01      21.07       0.00      -1.04      -0.77

--------------------------------------------------------------------------------
--- GoldScore analysis of protein-ligand interactions                        ---
--------------------------------------------------------------------------------

  Ligand acceptor    9 Protein hydrogen 2205 donor 2197 bond energy  2.00 wt 0.16
  Ligand acceptor   17 Protein hydrogen  618 donor  613 bond energy  2.00 wt 0.02
  Ligand donor    8 hydrogen   22 Protein acceptor 2175 bond energy  2.00 wt 0.32

--------------------------------------------------------------------------------

--------------------------------------------------------------------------------
--- Rescoring solution                                                       ---
--------------------------------------------------------------------------------

     Score     S(PLP)   S(hbond)     S(cho)   S(metal)  DE(clash)   DE(tors)
     14.03     -16.83       0.00       0.00       0.00       0.00       1.40

Doing AMOEBA simplex on best individual
Done simplexing #iterations 784, best score  33.90

     Score     S(PLP)   S(hbond)     S(cho)   S(metal)  DE(clash)   DE(tors)
     33.90     -29.57       1.77       0.00       0.00       0.00       0.48

--------------------------------------------------------------------------------
--- CHEMPLP breakdown of terms                                               ---
--------------------------------------------------------------------------------
CHEMPLP = - ( 1.0000*S(PLP) + -3.0000*S(hbond) + -6.0000*S(metal) + -3.0000*S(cho) )

Score = CHEMPLP - 1.0000*DE(clash) - 2.0000*DE(tors)


--------------------------------------------------------------------------------


--------------------------------------------------------------------------------
--- PLP analysis of protein-ligand interactions                              ---
--------------------------------------------------------------------------------
hydrogen bonding        :      -2.00
metal                   :       0.00
buried (polar-nonpolar) :      -3.15
nonpolar                :     -25.50
repulsive               :       0.41
--------------------------------------------------------------------------------


--------------------------------------------------------------------------------
--- ChemScore analysis of protein-ligand interactions                        ---
--------------------------------------------------------------------------------

* Hydrogen bonds                                                                
Protein donor 2197 hydrogen 2205 Ligand acceptor    9 bond energy  1.00 wt 0.99
Protein donor  613 hydrogen  618 Ligand acceptor   17 bond energy  1.00 wt 0.78


* CH..O interactions                                                            
  CH group selection                       : activated ring CH (adjacent to hetatom)

--------------------------------------------------------------------------------


--------------------------------------------------------------------------------
--- Intra-ligand clashes                                                     ---
--------------------------------------------------------------------------------

Ligand
--------------------------------------------------------------------------------


--------------------------------------------------------------------------------
--- Chromosome decoded                                                       ---
--------------------------------------------------------------------------------
Ligand Torsions
[   6    2    1    3]   94.47
[  12    5    1    2] -161.28
Protein Torsions
[1460 1451 1450 1449] -158.94 
[2171 2166 2165 2162]  166.24 
[ 286  273  274  275]  -66.86 
[8865  276  275  274]  -83.51 
Mapping
Ligand acceptors to protein hydrogens (mapping then atom ids)
Ligand hydrogens to protein acceptors (mapping then atom ids)
  1  13 [ 22->2175]
Ligand shape atoms to protein points (mapping then atom ids & coords)
  4  4277 [ 12->( 20.250  -7.000  -7.750)]
  5  4306 [ 13->( 20.250  -5.000  -5.000)]
Chromosome values
Integers:
  -1   -1   -1   12   -1   -1   -1   -1 4276 4305   -1   -1 
--------------------------------------------------------------------------------


--------------------------------------------------------------------------------
--- Diverse Solutions Stats                                                  ---
--------------------------------------------------------------------------------
  Move attempts                            :  18516
  Move failures                            :      0
  Failure rate                             :   0.000

--------------------------------------------------------------------------------

Current Ranking  2  3  1

--------------------------------------------------------------------------------

* GA execution time :                                                           
  total  0.7807 user  0.7425 sys  0.0382

--------------------------------------------------------------------------------
Fitness function evaluations: 19160

--------------------------------------------------------------------------------
** Docking run number  4 **
--------------------------------------------------------------------------------
  Rank fitness base is 5000.00 ; increment is 11.2233

* Initialising population(s) ...                                                
Number of constraints mappings 0
Number of constraints 0
  Population no.                           :      1
  Population size                          :    100
  Number of duplicates                     :      0
  Number of niche violations               :      1
  Number of errors                         :    600


Doing GA, no. of population(s) 1 size 100 selection pressure 1.100000

 Operation      Fitness  S(hb_ext) S(vdw_ext)  S(hb_int)    S(int)      intcor
         0      27.17       2.28      20.49       0.00     -16.40      -0.77
        64      28.06       3.10      20.59       0.00     -16.07      -0.77
       292      25.72       0.06      18.80       0.00      -0.74      -0.77
Reordering...
       335      25.07       2.84      19.37       0.00     -16.07      -0.77
Reordering...
       352      25.00       8.11      12.61       0.00      -1.62      -0.77
       373      25.11       8.11      12.83       0.00      -2.33      -0.77
       416      25.88       2.59      17.03       0.00      -0.43      -0.77
       602      27.16       2.43      18.86       0.00      -3.44      -0.77
       651      28.39       2.60      18.93       0.00      -0.64      -0.77
       962      28.25       2.25      19.89       0.00      -2.73      -0.77
--------------------------------------------------------------------------------
Best docking solution after GA:
      2250      23.39       1.91      17.61       0.00      -2.73      -0.77

#ops:       2250 #mutates:   1091 #cross:     1159 #dups:       560 
#niche:     1164 #errors:      64 
--------------------------------------------------------------------------------

Doing AMOEBA simplex on best individual
Done simplexing #iterations 523, best score  29.92

Ligand is stored in gold_soln_ligand_prepared_m1_4.mol2


--------------------------------------------------------------------------------
--- GoldScore breakdown of terms                                             ---
--------------------------------------------------------------------------------
Fitness = S(hb_ext) + 1.3750*S(vdw_ext) + S(hb_int) + 1.0000*S(int)
S(int)  = S(vdw_int) + S(tors)

Internal terms are relative to best energy found (intcor).

--------------------------------------------------------------------------------


     Fitness  S(hb_ext) S(vdw_ext)  S(hb_int)    S(int)      intcor
     29.92       1.87      20.99       0.00      -0.81      -0.77

--------------------------------------------------------------------------------
--- GoldScore analysis of protein-ligand interactions                        ---
--------------------------------------------------------------------------------

  Ligand acceptor   11 Protein hydrogen 2205 donor 2197 bond energy  2.00 wt 0.53
  Ligand acceptor   17 Protein hydrogen  262 donor  245 bond energy  2.00 wt 0.40

--------------------------------------------------------------------------------

--------------------------------------------------------------------------------
--- Rescoring solution                                                       ---
--------------------------------------------------------------------------------

     Score     S(PLP)   S(hbond)     S(cho)   S(metal)  DE(clash)   DE(tors)
     21.03     -15.56       1.86       0.00       0.00       0.00       0.06

Doing AMOEBA simplex on best individual
Done simplexing #iterations 511, best score  30.06

     Score     S(PLP)   S(hbond)     S(cho)   S(metal)  DE(clash)   DE(tors)
     30.06     -24.08       2.00       0.00       0.00       0.00       0.01

--------------------------------------------------------------------------------
--- CHEMPLP breakdown of terms                                               ---
--------------------------------------------------------------------------------
CHEMPLP = - ( 1.0000*S(PLP) + -3.0000*S(hbond) + -6.0000*S(metal) + -3.0000*S(cho) )

Score = CHEMPLP - 1.0000*DE(clash) - 2.0000*DE(tors)


--------------------------------------------------------------------------------


--------------------------------------------------------------------------------
--- PLP analysis of protein-ligand interactions                              ---
--------------------------------------------------------------------------------
hydrogen bonding        :      -2.00
metal                   :       0.00
buried (polar-nonpolar) :      -1.89
nonpolar                :     -22.27
repulsive               :       1.48
--------------------------------------------------------------------------------


--------------------------------------------------------------------------------
--- ChemScore analysis of protein-ligand interactions                        ---
--------------------------------------------------------------------------------

* Hydrogen bonds                                                                
Protein donor 2197 hydrogen 2205 Ligand acceptor   11 bond energy  1.00 wt 1.00
Protein donor  245 hydrogen  262 Ligand acceptor   17 bond energy  1.00 wt 1.00


* CH..O interactions                                                            
  CH group selection                       : activated ring CH (adjacent to hetatom)

--------------------------------------------------------------------------------


--------------------------------------------------------------------------------
--- Intra-ligand clashes                                                     ---
--------------------------------------------------------------------------------

Ligand
--------------------------------------------------------------------------------


--------------------------------------------------------------------------------
--- Chromosome decoded                                                       ---
--------------------------------------------------------------------------------
Ligand Torsions
[   6    2    1    3]  124.10
[  12    5    1    2]  176.11
Protein Torsions
[1460 1451 1450 1449] -156.33 
[2171 2166 2165 2162]   53.23 
[ 286  273  274  275] -155.93 
[8865  276  275  274]    2.88 
Mapping
Ligand acceptors to protein hydrogens (mapping then atom ids)
  3  17 [ 17-> 262]
Ligand hydrogens to protein acceptors (mapping then atom ids)
Ligand shape atoms to protein points (mapping then atom ids & coords)
  1  3394 [  5->( 19.500  -4.750  -8.750)]
  3  4008 [  7->( 20.000  -4.500  -5.000)]
  6  4609 [ 14->( 20.500  -3.250  -4.250)]
Chromosome values
Integers:
  -1   -1   16   -1   -1 3393   -1 4007   -1   -1 4608   -1 
--------------------------------------------------------------------------------


--------------------------------------------------------------------------------
--- Diverse Solutions Stats                                                  ---
--------------------------------------------------------------------------------
  Move attempts                            :  17832
  Move failures                            :      0
  Failure rate                             :   0.000

--------------------------------------------------------------------------------

Current Ranking  2  4  3  1

--------------------------------------------------------------------------------

* GA execution time :                                                           
  total  0.7358 user  0.7088 sys  0.0270

--------------------------------------------------------------------------------
Fitness function evaluations: 18495

--------------------------------------------------------------------------------
** Docking run number  5 **
--------------------------------------------------------------------------------
  Rank fitness base is 5000.00 ; increment is 11.2233

* Initialising population(s) ...                                                
Number of constraints mappings 0
Number of constraints 0
  Population no.                           :      1
  Population size                          :    100
  Number of duplicates                     :      0
  Number of niche violations               :      0
  Number of errors                         :    580


Doing GA, no. of population(s) 1 size 100 selection pressure 1.100000

 Operation      Fitness  S(hb_ext) S(vdw_ext)  S(hb_int)    S(int)      intcor
         0      34.37       3.16      23.82       0.00      -7.73      -0.77
Reordering...
       335      27.84       2.45      18.75       0.00      -1.44      -0.77
       515      27.09       2.85      18.04       0.00      -1.75      -0.77
       524      27.82       5.79      17.89       0.00      -7.97      -0.77
Reordering...
       660      26.14       6.61      14.98       0.00      -2.85      -0.77
Reordering...
       670      25.65       2.06      17.55       0.00      -1.44      -0.77
       792      27.10       2.20      18.72       0.00      -1.97      -0.77
       858      26.30       2.17      18.19       0.00      -1.97      -0.77
       942      24.55       2.12      17.00       0.00      -1.97      -0.77
      1041      23.59       2.09      16.40       0.00      -1.97      -0.77
      1093      22.65       2.07      15.74       0.00      -1.89      -0.77
Reordering...
      1206      21.14       0.84      17.06       0.00      -5.09      -0.77
      1208      27.11       0.32      19.98       0.00      -1.08      -0.77
--------------------------------------------------------------------------------
Best docking solution after GA:
      2250      26.53       0.29      19.87       0.00      -1.08      -0.77

#ops:       2250 #mutates:   1132 #cross:     1118 #dups:       437 
#niche:      977 #errors:      86 
--------------------------------------------------------------------------------

Doing AMOEBA simplex on best individual
Done simplexing #iterations 544, best score  32.31

Ligand is stored in gold_soln_ligand_prepared_m1_5.mol2


--------------------------------------------------------------------------------
--- GoldScore breakdown of terms                                             ---
--------------------------------------------------------------------------------
Fitness = S(hb_ext) + 1.3750*S(vdw_ext) + S(hb_int) + 1.0000*S(int)
S(int)  = S(vdw_int) + S(tors)

Internal terms are relative to best energy found (intcor).

--------------------------------------------------------------------------------


     Fitness  S(hb_ext) S(vdw_ext)  S(hb_int)    S(int)      intcor
     32.31       0.07      23.90       0.00      -0.62      -0.77

--------------------------------------------------------------------------------
--- GoldScore analysis of protein-ligand interactions                        ---
--------------------------------------------------------------------------------

  Ligand acceptor    9 Protein hydrogen  292 donor  280 bond energy  2.00 wt 0.04

--------------------------------------------------------------------------------

--------------------------------------------------------------------------------
--- Rescoring solution                                                       ---
--------------------------------------------------------------------------------

     Score     S(PLP)   S(hbond)     S(cho)   S(metal)  DE(clash)   DE(tors)
    -12.87      13.11       0.67       0.00       0.00       0.12       0.82

Doing AMOEBA simplex on best individual
Done simplexing #iterations 861, best score  20.45

     Score     S(PLP)   S(hbond)     S(cho)   S(metal)  DE(clash)   DE(tors)
     20.45     -22.11       0.21       0.00       0.00       0.00       1.15

--------------------------------------------------------------------------------
--- CHEMPLP breakdown of terms                                               ---
--------------------------------------------------------------------------------
CHEMPLP = - ( 1.0000*S(PLP) + -3.0000*S(hbond) + -6.0000*S(metal) + -3.0000*S(cho) )

Score = CHEMPLP - 1.0000*DE(clash) - 2.0000*DE(tors)


--------------------------------------------------------------------------------


--------------------------------------------------------------------------------
--- PLP analysis of protein-ligand interactions                              ---
--------------------------------------------------------------------------------
hydrogen bonding        :      -3.72
metal                   :       0.00
buried (polar-nonpolar) :       0.34
nonpolar                :     -19.89
repulsive               :       0.65
--------------------------------------------------------------------------------


--------------------------------------------------------------------------------
--- ChemScore analysis of protein-ligand interactions                        ---
--------------------------------------------------------------------------------

* Hydrogen bonds                                                                
Ligand donor    8 hydrogen   22 Protein acceptor  281 bond energy  1.00 wt 0.06
Protein donor  280 hydrogen  292 Ligand acceptor    9 bond energy  1.00 wt 0.15


* CH..O interactions                                                            
  CH group selection                       : activated ring CH (adjacent to hetatom)

--------------------------------------------------------------------------------


--------------------------------------------------------------------------------
--- Intra-ligand clashes                                                     ---
--------------------------------------------------------------------------------

Ligand
--------------------------------------------------------------------------------


--------------------------------------------------------------------------------
--- Chromosome decoded                                                       ---
--------------------------------------------------------------------------------
Ligand Torsions
[   6    2    1    3]   93.53
[  12    5    1    2] -169.89
Protein Torsions
[1460 1451 1450 1449] -119.04 
[2171 2166 2165 2162] -133.11 
[ 286  273  274  275]   31.96 
[8865  276  275  274]  -80.86 
Mapping
Ligand acceptors to protein hydrogens (mapping then atom ids)
  1  22 [  9-> 292]
  3   4 [ 17->1462]
Ligand hydrogens to protein acceptors (mapping then atom ids)
Ligand shape atoms to protein points (mapping then atom ids & coords)
  5  4390 [ 13->( 20.250  -3.250  -3.500)]
Chromosome values
Integers:
  21   -1    3   -1   -1   -1   -1   -1   -1 4389   -1   -1 
--------------------------------------------------------------------------------


--------------------------------------------------------------------------------
--- Diverse Solutions Stats                                                  ---
--------------------------------------------------------------------------------
  Move attempts                            :  18440
  Move failures                            :     24
  Failure rate                             :   0.001

--------------------------------------------------------------------------------

Current Ranking  5  2  4  3  1

--------------------------------------------------------------------------------

* GA execution time :                                                           
  total  0.7000 user  0.6595 sys  0.0406

--------------------------------------------------------------------------------
Fitness function evaluations: 19082

--------------------------------------------------------------------------------
** Docking run number  6 **
--------------------------------------------------------------------------------
  Rank fitness base is 5000.00 ; increment is 11.2233

* Initialising population(s) ...                                                
Number of constraints mappings 0
Number of constraints 0
  Population no.                           :      1
  Population size                          :    100
  Number of duplicates                     :      0
  Number of niche violations               :      0
  Number of errors                         :    598


Doing GA, no. of population(s) 1 size 100 selection pressure 1.100000

 Operation      Fitness  S(hb_ext) S(vdw_ext)  S(hb_int)    S(int)      intcor
         0      29.91       1.29      21.73       0.00      -6.27      -0.77
       287      30.02       5.83      18.18       0.00      -3.05      -0.77
Reordering...
       335      29.17       0.00      21.33       0.00      -0.56      -0.77
      1624      25.00       0.45      18.96       0.00      -1.65      -0.77
Reordering...
      1675      23.97       0.00      17.83       0.00      -0.56      -0.77
      1780      24.93       0.84      17.59       0.00      -0.10      -0.77
      1935      25.17       0.47      18.04       0.00      -0.10      -0.77
      1966      25.18       0.95      17.69       0.00      -0.10      -0.77
--------------------------------------------------------------------------------
Best docking solution after GA:
      2250      25.18       0.95      17.69       0.00      -0.10      -0.77

#ops:       2250 #mutates:   1111 #cross:     1139 #dups:       436 
#niche:     1083 #errors:      72 
--------------------------------------------------------------------------------

Doing AMOEBA simplex on best individual
Done simplexing #iterations 607, best score  27.48

Ligand is stored in gold_soln_ligand_prepared_m1_6.mol2


--------------------------------------------------------------------------------
--- GoldScore breakdown of terms                                             ---
--------------------------------------------------------------------------------
Fitness = S(hb_ext) + 1.3750*S(vdw_ext) + S(hb_int) + 1.0000*S(int)
S(int)  = S(vdw_int) + S(tors)

Internal terms are relative to best energy found (intcor).

--------------------------------------------------------------------------------


     Fitness  S(hb_ext) S(vdw_ext)  S(hb_int)    S(int)      intcor
     27.48       0.87      19.54       0.00      -0.25      -0.76

--------------------------------------------------------------------------------
--- GoldScore analysis of protein-ligand interactions                        ---
--------------------------------------------------------------------------------

  Ligand acceptor    9 Protein hydrogen 2205 donor 2197 bond energy  2.00 wt 0.17
  Ligand acceptor   17 Protein hydrogen  618 donor  613 bond energy  2.00 wt 0.05
  Ligand donor    8 hydrogen   22 Protein acceptor 2175 bond energy  2.00 wt 0.22

--------------------------------------------------------------------------------

--------------------------------------------------------------------------------
--- Rescoring solution                                                       ---
--------------------------------------------------------------------------------

     Score     S(PLP)   S(hbond)     S(cho)   S(metal)  DE(clash)   DE(tors)
     17.49     -14.69       1.29       0.00       0.00       0.00       0.54

Doing AMOEBA simplex on best individual
Done simplexing #iterations 577, best score  30.94

     Score     S(PLP)   S(hbond)     S(cho)   S(metal)  DE(clash)   DE(tors)
     30.94     -28.04       1.00       0.00       0.00       0.00       0.05

--------------------------------------------------------------------------------
--- CHEMPLP breakdown of terms                                               ---
--------------------------------------------------------------------------------
CHEMPLP = - ( 1.0000*S(PLP) + -3.0000*S(hbond) + -6.0000*S(metal) + -3.0000*S(cho) )

Score = CHEMPLP - 1.0000*DE(clash) - 2.0000*DE(tors)


--------------------------------------------------------------------------------


--------------------------------------------------------------------------------
--- PLP analysis of protein-ligand interactions                              ---
--------------------------------------------------------------------------------
hydrogen bonding        :      -1.00
metal                   :       0.00
buried (polar-nonpolar) :      -6.17
nonpolar                :     -21.53
repulsive               :       0.26
--------------------------------------------------------------------------------


--------------------------------------------------------------------------------
--- ChemScore analysis of protein-ligand interactions                        ---
--------------------------------------------------------------------------------

* Hydrogen bonds                                                                
Protein donor  613 hydrogen  618 Ligand acceptor   17 bond energy  1.00 wt 1.00


* CH..O interactions                                                            
  CH group selection                       : activated ring CH (adjacent to hetatom)

--------------------------------------------------------------------------------


--------------------------------------------------------------------------------
--- Intra-ligand clashes                                                     ---
--------------------------------------------------------------------------------

Ligand
--------------------------------------------------------------------------------


--------------------------------------------------------------------------------
--- Chromosome decoded                                                       ---
--------------------------------------------------------------------------------
Ligand Torsions
[   6    2    1    3]  -65.35
[  12    5    1    2] -173.55
Protein Torsions
[1460 1451 1450 1449]   70.59 
[2171 2166 2165 2162]   88.10 
[ 286  273  274  275]  116.42 
[8865  276  275  274]  -57.71 
Mapping
Ligand acceptors to protein hydrogens (mapping then atom ids)
  1   6 [  9->2205]
  3  12 [ 17-> 618]
Ligand hydrogens to protein acceptors (mapping then atom ids)
  1  13 [ 22->2175]
Ligand shape atoms to protein points (mapping then atom ids & coords)
  1  2709 [  5->( 19.000  -5.750  -6.250)]
  3  4775 [  7->( 20.750  -3.250  -4.750)]
  4  3526 [ 12->( 19.750  -7.250  -8.000)]
  6  4644 [ 14->( 20.500  -2.250  -4.000)]
  7  3112 [ 16->( 19.250  -0.750  -5.750)]
Chromosome values
Integers:
   5   -1   11   12   -1 2708   -1 4774 3525   -1 4643 3111 
--------------------------------------------------------------------------------


--------------------------------------------------------------------------------
--- Diverse Solutions Stats                                                  ---
--------------------------------------------------------------------------------
  Move attempts                            :  18062
  Move failures                            :     16
  Failure rate                             :   0.001

--------------------------------------------------------------------------------

Current Ranking  5  2  4  3  6  1

--------------------------------------------------------------------------------

* GA execution time :                                                           
  total  0.7377 user  0.7278 sys  0.0099

--------------------------------------------------------------------------------
Fitness function evaluations: 18719

--------------------------------------------------------------------------------
** Docking run number  7 **
--------------------------------------------------------------------------------
  Rank fitness base is 5000.00 ; increment is 11.2233

* Initialising population(s) ...                                                
Number of constraints mappings 0
Number of constraints 0
  Population no.                           :      1
  Population size                          :    100
  Number of duplicates                     :      0
  Number of niche violations               :      0
  Number of errors                         :    610


Doing GA, no. of population(s) 1 size 100 selection pressure 1.100000

 Operation      Fitness  S(hb_ext) S(vdw_ext)  S(hb_int)    S(int)      intcor
         0      31.10       1.11      22.15       0.00      -2.31      -0.76
       581      24.29       1.35      18.47       0.00      -7.14      -0.76
       583      25.71       0.41      20.72       0.00      -9.24      -0.76
       604      29.26       0.46      22.27       0.00      -5.16      -0.76
Reordering...
       871      25.61       4.71      15.71       0.00      -1.54      -0.76
       877      26.03       0.39      19.40       0.00      -2.27      -0.76
Reordering...
      1139      24.24       4.51      15.00       0.00      -1.54      -0.76
      1430      22.75       5.97      13.27       0.00      -1.88      -0.76
      1464      22.80       4.70      14.26       0.00      -1.88      -0.76
Reordering...
      1518      22.65       1.91      15.59       0.00      -0.82      -0.76
      1634      23.93       6.69      15.76       0.00      -4.68      -0.76
      1954      23.64       0.00      19.23       0.00      -2.80      -0.76
--------------------------------------------------------------------------------
Best docking solution after GA:
      2250      23.64       0.00      19.23       0.00      -2.80      -0.76

#ops:       2250 #mutates:   1144 #cross:     1106 #dups:       427 
#niche:     1012 #errors:     108 
--------------------------------------------------------------------------------

Doing AMOEBA simplex on best individual
Done simplexing #iterations 543, best score  26.12

Ligand is stored in gold_soln_ligand_prepared_m1_7.mol2


--------------------------------------------------------------------------------
--- GoldScore breakdown of terms                                             ---
--------------------------------------------------------------------------------
Fitness = S(hb_ext) + 1.3750*S(vdw_ext) + S(hb_int) + 1.0000*S(int)
S(int)  = S(vdw_int) + S(tors)

Internal terms are relative to best energy found (intcor).

--------------------------------------------------------------------------------


     Fitness  S(hb_ext) S(vdw_ext)  S(hb_int)    S(int)      intcor
     26.12       0.00      20.82       0.00      -2.51      -0.76

--------------------------------------------------------------------------------
--- GoldScore analysis of protein-ligand interactions                        ---
--------------------------------------------------------------------------------


--------------------------------------------------------------------------------

--------------------------------------------------------------------------------
--- Rescoring solution                                                       ---
--------------------------------------------------------------------------------

     Score     S(PLP)   S(hbond)     S(cho)   S(metal)  DE(clash)   DE(tors)
     16.80     -19.04       0.00       0.00       0.00       1.79       0.23

Doing AMOEBA simplex on best individual
Done simplexing #iterations 567, best score  27.64

     Score     S(PLP)   S(hbond)     S(cho)   S(metal)  DE(clash)   DE(tors)
     27.64     -29.92       0.00       0.00       0.00       2.05       0.12

--------------------------------------------------------------------------------
--- CHEMPLP breakdown of terms                                               ---
--------------------------------------------------------------------------------
CHEMPLP = - ( 1.0000*S(PLP) + -3.0000*S(hbond) + -6.0000*S(metal) + -3.0000*S(cho) )

Score = CHEMPLP - 1.0000*DE(clash) - 2.0000*DE(tors)


--------------------------------------------------------------------------------


--------------------------------------------------------------------------------
--- PLP analysis of protein-ligand interactions                              ---
--------------------------------------------------------------------------------
hydrogen bonding        :      -0.00
metal                   :       0.00
buried (polar-nonpolar) :      -2.37
nonpolar                :     -28.53
repulsive               :       0.24
--------------------------------------------------------------------------------


--------------------------------------------------------------------------------
--- ChemScore analysis of protein-ligand interactions                        ---
--------------------------------------------------------------------------------

* Hydrogen bonds                                                                


* CH..O interactions                                                            
  CH group selection                       : activated ring CH (adjacent to hetatom)

--------------------------------------------------------------------------------


--------------------------------------------------------------------------------
--- Intra-ligand clashes                                                     ---
--------------------------------------------------------------------------------

Ligand
  6 (C6   ) -   4 (C4   ):   2.05 (dist   2.69)
--------------------------------------------------------------------------------


--------------------------------------------------------------------------------
--- Chromosome decoded                                                       ---
--------------------------------------------------------------------------------
Ligand Torsions
[   6    2    1    3] -110.26
[  12    5    1    2] -178.74
Protein Torsions
[1460 1451 1450 1449]  134.47 
[2171 2166 2165 2162] -131.86 
[ 286  273  274  275]  -85.94 
[8865  276  275  274]  120.90 
Mapping
Ligand acceptors to protein hydrogens (mapping then atom ids)
Ligand hydrogens to protein acceptors (mapping then atom ids)
Ligand shape atoms to protein points (mapping then atom ids & coords)
  2  3395 [  6->( 19.500  -4.750  -8.500)]
  6  1421 [ 14->( 18.000  -5.500  -7.250)]
  7  1682 [ 16->( 18.250  -5.750 -10.000)]
Chromosome values
Integers:
  -1   -1   -1   -1   -1   -1 3394   -1   -1   -1 1420 1681 
--------------------------------------------------------------------------------


--------------------------------------------------------------------------------
--- Diverse Solutions Stats                                                  ---
--------------------------------------------------------------------------------
  Move attempts                            :  17941
  Move failures                            :     79
  Failure rate                             :   0.004

--------------------------------------------------------------------------------

Current Ranking  5  2  4  3  6  1  7

--------------------------------------------------------------------------------

* GA execution time :                                                           
  total  0.7536 user  0.6732 sys  0.0804

--------------------------------------------------------------------------------
Fitness function evaluations: 18584

--------------------------------------------------------------------------------
** Docking run number  8 **
--------------------------------------------------------------------------------
  Rank fitness base is 5000.00 ; increment is 11.2233

* Initialising population(s) ...                                                
Number of constraints mappings 0
Number of constraints 0
  Population no.                           :      1
  Population size                          :    100
  Number of duplicates                     :      0
  Number of niche violations               :      0
  Number of errors                         :    609


Doing GA, no. of population(s) 1 size 100 selection pressure 1.100000

 Operation      Fitness  S(hb_ext) S(vdw_ext)  S(hb_int)    S(int)      intcor
         0      28.93       0.00      23.00       0.00     -13.50      -0.76
       118      28.54       0.00      22.94       0.00     -13.50      -0.76
       181      30.95       6.22      19.68       0.00      -9.86      -0.76
Reordering...
       603      25.15       0.00      21.75       0.00     -13.50      -0.76
       630      25.79       0.28      18.87       0.00      -1.19      -0.76
      1329      23.79       0.63      18.69       0.00      -3.61      -0.76
      1607      21.80       0.63      17.83       0.00      -3.61      -0.76
      2087      22.60       0.18      16.73       0.00      -0.58      -0.76
      2088      23.18       0.68      18.09       0.00      -2.37      -0.76
      2214      23.38       0.24      17.27       0.00      -0.61      -0.76
--------------------------------------------------------------------------------
Best docking solution after GA:
      2250      23.38       0.24      17.27       0.00      -0.61      -0.76

#ops:       2250 #mutates:   1131 #cross:     1119 #dups:       467 
#niche:     1015 #errors:     123 
--------------------------------------------------------------------------------

Doing AMOEBA simplex on best individual
Done simplexing #iterations 710, best score  30.16

Ligand is stored in gold_soln_ligand_prepared_m1_8.mol2


--------------------------------------------------------------------------------
--- GoldScore breakdown of terms                                             ---
--------------------------------------------------------------------------------
Fitness = S(hb_ext) + 1.3750*S(vdw_ext) + S(hb_int) + 1.0000*S(int)
S(int)  = S(vdw_int) + S(tors)

Internal terms are relative to best energy found (intcor).

--------------------------------------------------------------------------------


     Fitness  S(hb_ext) S(vdw_ext)  S(hb_int)    S(int)      intcor
     30.16       0.15      22.44       0.00      -0.84      -0.76

--------------------------------------------------------------------------------
--- GoldScore analysis of protein-ligand interactions                        ---
--------------------------------------------------------------------------------

  Ligand acceptor    9 Protein hydrogen  292 donor  280 bond energy  2.00 wt 0.07

--------------------------------------------------------------------------------

--------------------------------------------------------------------------------
--- Rescoring solution                                                       ---
--------------------------------------------------------------------------------

     Score     S(PLP)   S(hbond)     S(cho)   S(metal)  DE(clash)   DE(tors)
      0.14      -0.41       0.36       0.00       0.00       0.00       0.68

Doing AMOEBA simplex on best individual
Done simplexing #iterations 802, best score  18.84

     Score     S(PLP)   S(hbond)     S(cho)   S(metal)  DE(clash)   DE(tors)
     18.84     -19.12       0.30       0.00       0.00       0.00       0.59

--------------------------------------------------------------------------------
--- CHEMPLP breakdown of terms                                               ---
--------------------------------------------------------------------------------
CHEMPLP = - ( 1.0000*S(PLP) + -3.0000*S(hbond) + -6.0000*S(metal) + -3.0000*S(cho) )

Score = CHEMPLP - 1.0000*DE(clash) - 2.0000*DE(tors)


--------------------------------------------------------------------------------


--------------------------------------------------------------------------------
--- PLP analysis of protein-ligand interactions                              ---
--------------------------------------------------------------------------------
hydrogen bonding        :      -3.51
metal                   :       0.00
buried (polar-nonpolar) :       2.58
nonpolar                :     -20.19
repulsive               :       0.81
--------------------------------------------------------------------------------


--------------------------------------------------------------------------------
--- ChemScore analysis of protein-ligand interactions                        ---
--------------------------------------------------------------------------------

* Hydrogen bonds                                                                
Ligand donor    8 hydrogen   22 Protein acceptor  281 bond energy  1.00 wt 0.15
Protein donor  280 hydrogen  292 Ligand acceptor    9 bond energy  1.00 wt 0.15


* CH..O interactions                                                            
  CH group selection                       : activated ring CH (adjacent to hetatom)

--------------------------------------------------------------------------------


--------------------------------------------------------------------------------
--- Intra-ligand clashes                                                     ---
--------------------------------------------------------------------------------

Ligand
--------------------------------------------------------------------------------


--------------------------------------------------------------------------------
--- Chromosome decoded                                                       ---
--------------------------------------------------------------------------------
Ligand Torsions
[   6    2    1    3]   95.87
[  12    5    1    2] -163.26
Protein Torsions
[1460 1451 1450 1449]  110.90 
[2171 2166 2165 2162]   15.75 
[ 286  273  274  275]  136.90 
[8865  276  275  274] -111.17 
Mapping
Ligand acceptors to protein hydrogens (mapping then atom ids)
  1  22 [  9-> 292]
  3   2 [ 17->1460]
Ligand hydrogens to protein acceptors (mapping then atom ids)
Ligand shape atoms to protein points (mapping then atom ids & coords)
  1  4451 [  5->( 20.250  -1.750  -4.250)]
  2  3715 [  6->( 19.750  -3.750  -4.250)]
  5  4772 [ 13->( 20.750  -3.500  -3.500)]
  7  3399 [ 16->( 19.500  -4.750  -7.500)]
Chromosome values
Integers:
  21   -1    1   -1   -1 4450 3714   -1   -1 4771   -1 3398 
--------------------------------------------------------------------------------


--------------------------------------------------------------------------------
--- Diverse Solutions Stats                                                  ---
--------------------------------------------------------------------------------
  Move attempts                            :  18664
  Move failures                            :    103
  Failure rate                             :   0.006

--------------------------------------------------------------------------------

Current Ranking  5  2  8  4  3  6  1  7

--------------------------------------------------------------------------------

* GA execution time :                                                           
  total  0.7473 user  0.7198 sys  0.0275

--------------------------------------------------------------------------------
Fitness function evaluations: 19296

--------------------------------------------------------------------------------
** Docking run number  9 **
--------------------------------------------------------------------------------
  Rank fitness base is 5000.00 ; increment is 11.2233

* Initialising population(s) ...                                                
Number of constraints mappings 0
Number of constraints 0
  Population no.                           :      1
  Population size                          :    100
  Number of duplicates                     :      0
  Number of niche violations               :      0
  Number of errors                         :    669


Doing GA, no. of population(s) 1 size 100 selection pressure 1.100000

 Operation      Fitness  S(hb_ext) S(vdw_ext)  S(hb_int)    S(int)      intcor
         0      26.42       0.05      21.11       0.00     -13.26      -0.76
       101      26.17       0.00      20.60       0.00      -9.89      -0.76
       109      27.82       0.10      20.54       0.00      -2.37      -0.76
Reordering...
       201      26.11       0.60      19.27       0.00      -4.08      -0.76
Reordering...
       335      24.55       0.00      19.83       0.00      -9.89      -0.76
       353      24.52       0.00      19.85       0.00      -9.89      -0.76
Reordering...
       402      24.14       0.97      16.98       0.00      -0.60      -0.76
       799      23.78       1.18      16.77       0.00      -1.08      -0.76
Reordering...
      1005      23.02       6.73      12.18       0.00      -0.88      -0.76
      1427      23.67       0.34      18.06       0.00      -1.96      -0.76
      2104      23.67       1.33      17.00       0.00      -1.03      -0.76
      2130      23.84       0.55      18.36       0.00      -1.96      -0.76
--------------------------------------------------------------------------------
Best docking solution after GA:
      2250      23.84       0.55      18.36       0.00      -1.96      -0.76

#ops:       2250 #mutates:   1101 #cross:     1149 #dups:       509 
#niche:      909 #errors:     155 
--------------------------------------------------------------------------------

Doing AMOEBA simplex on best individual
Done simplexing #iterations 630, best score  28.47

Ligand is stored in gold_soln_ligand_prepared_m1_9.mol2


--------------------------------------------------------------------------------
--- GoldScore breakdown of terms                                             ---
--------------------------------------------------------------------------------
Fitness = S(hb_ext) + 1.3750*S(vdw_ext) + S(hb_int) + 1.0000*S(int)
S(int)  = S(vdw_int) + S(tors)

Internal terms are relative to best energy found (intcor).

--------------------------------------------------------------------------------


     Fitness  S(hb_ext) S(vdw_ext)  S(hb_int)    S(int)      intcor
     28.47       0.30      21.41       0.00      -1.27      -0.76

--------------------------------------------------------------------------------
--- GoldScore analysis of protein-ligand interactions                        ---
--------------------------------------------------------------------------------

  Ligand acceptor   11 Protein hydrogen  262 donor  245 bond energy  2.00 wt 0.15

--------------------------------------------------------------------------------

--------------------------------------------------------------------------------
--- Rescoring solution                                                       ---
--------------------------------------------------------------------------------

     Score     S(PLP)   S(hbond)     S(cho)   S(metal)  DE(clash)   DE(tors)
     23.22     -22.15       1.00       0.00       0.00       0.86       0.54

Doing AMOEBA simplex on best individual
Done simplexing #iterations 666, best score  29.93

     Score     S(PLP)   S(hbond)     S(cho)   S(metal)  DE(clash)   DE(tors)
     29.93     -28.74       1.00       0.00       0.00       1.37       0.22

--------------------------------------------------------------------------------
--- CHEMPLP breakdown of terms                                               ---
--------------------------------------------------------------------------------
CHEMPLP = - ( 1.0000*S(PLP) + -3.0000*S(hbond) + -6.0000*S(metal) + -3.0000*S(cho) )

Score = CHEMPLP - 1.0000*DE(clash) - 2.0000*DE(tors)


--------------------------------------------------------------------------------


--------------------------------------------------------------------------------
--- PLP analysis of protein-ligand interactions                              ---
--------------------------------------------------------------------------------
hydrogen bonding        :      -1.66
metal                   :       0.00
buried (polar-nonpolar) :      -4.59
nonpolar                :     -22.55
repulsive               :       0.46
--------------------------------------------------------------------------------


--------------------------------------------------------------------------------
--- ChemScore analysis of protein-ligand interactions                        ---
--------------------------------------------------------------------------------

* Hydrogen bonds                                                                
Protein donor  245 hydrogen  262 Ligand acceptor   11 bond energy  1.00 wt 1.00


* CH..O interactions                                                            
  CH group selection                       : activated ring CH (adjacent to hetatom)

--------------------------------------------------------------------------------


--------------------------------------------------------------------------------
--- Intra-ligand clashes                                                     ---
--------------------------------------------------------------------------------

Ligand
  7 (C7   ) -   3 (C3   ):   1.37 (dist   2.71)
--------------------------------------------------------------------------------


--------------------------------------------------------------------------------
--- Chromosome decoded                                                       ---
--------------------------------------------------------------------------------
Ligand Torsions
[   6    2    1    3]  162.49
[  12    5    1    2]  166.60
Protein Torsions
[1460 1451 1450 1449]  -14.96 
[2171 2166 2165 2162]   23.46 
[ 286  273  274  275]  -83.23 
[8865  276  275  274]  174.97 
Mapping
Ligand acceptors to protein hydrogens (mapping then atom ids)
  2  17 [ 11-> 262]
Ligand hydrogens to protein acceptors (mapping then atom ids)
Ligand shape atoms to protein points (mapping then atom ids & coords)
  1  1708 [  5->( 18.250  -5.500  -8.000)]
  3  3949 [  7->( 20.000  -5.750  -6.500)]
  4  1414 [ 12->( 18.000  -5.500 -10.500)]
  7  4792 [ 16->( 20.750  -2.750  -5.000)]
Chromosome values
Integers:
  -1   16   -1   -1   -1 1707   -1 3948 1413   -1   -1 4791 
--------------------------------------------------------------------------------


--------------------------------------------------------------------------------
--- Diverse Solutions Stats                                                  ---
--------------------------------------------------------------------------------
  Move attempts                            :  18200
  Move failures                            :    106
  Failure rate                             :   0.006

--------------------------------------------------------------------------------

Current Ranking  5  2  8  4  3  9  6  1  7

--------------------------------------------------------------------------------

* GA execution time :                                                           
  total  0.7168 user  0.7094 sys  0.0074

--------------------------------------------------------------------------------
Fitness function evaluations: 18920

--------------------------------------------------------------------------------
** Docking run number 10 **
--------------------------------------------------------------------------------
  Rank fitness base is 5000.00 ; increment is 11.2233

* Initialising population(s) ...                                                
Number of constraints mappings 0
Number of constraints 0
  Population no.                           :      1
  Population size                          :    100
  Number of duplicates                     :      0
  Number of niche violations               :      0
  Number of errors                         :    661


Doing GA, no. of population(s) 1 size 100 selection pressure 1.100000

 Operation      Fitness  S(hb_ext) S(vdw_ext)  S(hb_int)    S(int)      intcor
         0      29.62       7.14      19.47       0.00     -21.44      -0.76
       235      28.52       7.16      16.35       0.00      -4.54      -0.76
Reordering...
       737      24.12       2.53      15.90       0.00      -0.67      -0.76
      1007      22.97       2.43      15.19       0.00      -0.67      -0.76
      1058      23.29       1.30      16.15       0.00      -0.40      -0.76
      1744      22.86       1.15      16.20       0.00      -0.56      -0.76
      1960      23.31       1.15      16.22       0.00      -0.14      -0.76
--------------------------------------------------------------------------------
Best docking solution after GA:
      2250      23.31       1.15      16.22       0.00      -0.14      -0.76

#ops:       2250 #mutates:   1121 #cross:     1129 #dups:       428 
#niche:     1103 #errors:     100 
--------------------------------------------------------------------------------

Doing AMOEBA simplex on best individual
Done simplexing #iterations 727, best score  26.79

Ligand is stored in gold_soln_ligand_prepared_m1_10.mol2


--------------------------------------------------------------------------------
--- GoldScore breakdown of terms                                             ---
--------------------------------------------------------------------------------
Fitness = S(hb_ext) + 1.3750*S(vdw_ext) + S(hb_int) + 1.0000*S(int)
S(int)  = S(vdw_int) + S(tors)

Internal terms are relative to best energy found (intcor).

--------------------------------------------------------------------------------


     Fitness  S(hb_ext) S(vdw_ext)  S(hb_int)    S(int)      intcor
     26.79       1.38      18.53       0.00      -0.07      -0.76

--------------------------------------------------------------------------------
--- GoldScore analysis of protein-ligand interactions                        ---
--------------------------------------------------------------------------------

  Ligand acceptor   11 Protein hydrogen  292 donor  280 bond energy  2.00 wt 0.69

--------------------------------------------------------------------------------

--------------------------------------------------------------------------------
--- Rescoring solution                                                       ---
--------------------------------------------------------------------------------

     Score     S(PLP)   S(hbond)     S(cho)   S(metal)  DE(clash)   DE(tors)
     13.17     -11.97       0.47       0.00       0.00       0.00       0.10

Doing AMOEBA simplex on best individual
Done simplexing #iterations 526, best score  25.33

     Score     S(PLP)   S(hbond)     S(cho)   S(metal)  DE(clash)   DE(tors)
     25.33     -22.42       1.00       0.00       0.00       0.00       0.05

--------------------------------------------------------------------------------
--- CHEMPLP breakdown of terms                                               ---
--------------------------------------------------------------------------------
CHEMPLP = - ( 1.0000*S(PLP) + -3.0000*S(hbond) + -6.0000*S(metal) + -3.0000*S(cho) )

Score = CHEMPLP - 1.0000*DE(clash) - 2.0000*DE(tors)


--------------------------------------------------------------------------------


--------------------------------------------------------------------------------
--- PLP analysis of protein-ligand interactions                              ---
--------------------------------------------------------------------------------
hydrogen bonding        :      -4.84
metal                   :       0.00
buried (polar-nonpolar) :      -0.48
nonpolar                :     -19.99
repulsive               :       2.15
--------------------------------------------------------------------------------


--------------------------------------------------------------------------------
--- ChemScore analysis of protein-ligand interactions                        ---
--------------------------------------------------------------------------------

* Hydrogen bonds                                                                
Protein donor  280 hydrogen  292 Ligand acceptor   11 bond energy  1.00 wt 1.00


* CH..O interactions                                                            
  CH group selection                       : activated ring CH (adjacent to hetatom)

--------------------------------------------------------------------------------


--------------------------------------------------------------------------------
--- Intra-ligand clashes                                                     ---
--------------------------------------------------------------------------------

Ligand
--------------------------------------------------------------------------------


--------------------------------------------------------------------------------
--- Chromosome decoded                                                       ---
--------------------------------------------------------------------------------
Ligand Torsions
[   6    2    1    3]  -64.77
[  12    5    1    2] -175.79
Protein Torsions
[1460 1451 1450 1449]   36.55 
[2171 2166 2165 2162]  118.50 
[ 286  273  274  275] -167.61 
[8865  276  275  274]    5.72 
Mapping
Ligand acceptors to protein hydrogens (mapping then atom ids)
  2  22 [ 11-> 292]
Ligand hydrogens to protein acceptors (mapping then atom ids)
Ligand shape atoms to protein points (mapping then atom ids & coords)
  1  4813 [  5->( 20.750  -2.250  -4.250)]
  5  3456 [ 13->( 19.500   2.250  -9.500)]
Chromosome values
Integers:
  -1   21   -1   -1   -1 4812   -1   -1   -1 3455   -1   -1 
--------------------------------------------------------------------------------


--------------------------------------------------------------------------------
--- Diverse Solutions Stats                                                  ---
--------------------------------------------------------------------------------
  Move attempts                            :  18236
  Move failures                            :     96
  Failure rate                             :   0.005

--------------------------------------------------------------------------------

Current Ranking  5  2  8  4  3  9  6 10  1  7

--------------------------------------------------------------------------------

* GA execution time :                                                           
  total  0.7038 user  0.6736 sys  0.0302

--------------------------------------------------------------------------------
Fitness function evaluations: 18904

--------------------------------------------------------------------------------
--- Ranking analysis                                                         ---
--------------------------------------------------------------------------------


* Final ranked order of GA solutions:                                           
   5  2  8  4  3  9  6 10  1  7 

  _______________________________
  RMSD Matrix of RANKED solutions

        2    3    4    5    6    7    8    9   10  

   1 :  5.8  1.1  5.9  5.8  6.6  5.4  4.5  3.7  5.1
   2 :       5.7  0.8  3.0  2.7  2.7  5.7  5.7  4.5
   3 :            5.8  5.7  6.4  5.2  4.1  3.5  4.5
   4 :                 2.9  2.6  2.6  5.6  5.6  4.4
   5 :                      2.6  0.9  5.8  5.7  4.7
   6 :                           2.8  6.4  6.6  4.5
   7 :                                5.2  5.0  4.4
   8 :                                     2.3  4.0
   9 :                                          5.0

  Clustering method                        : complete linkage
  Structure ids in cluster table           : rank nos.
  Ordering of clusters and their members   : by rank (order if from rms_analysis)

  Distance | Clusters
   0.77    |  1 |  2  4 |  3 |  5 |  6 |  7 |  8 |  9 | 10 |
   0.88    |  1 |  2  4 |  3 |  5  7 |  6 |  8 |  9 | 10 |
   1.09    |  1  3 |  2  4 |  5  7 |  6 |  8 |  9 | 10 |
   2.33    |  1  3 |  2  4 |  5  7 |  6 |  8  9 | 10 |
   2.70    |  1  3 |  2  4  6 |  5  7 |  8  9 | 10 |
   2.99    |  1  3 |  2  4  5  6  7 |  8  9 | 10 |
   4.51    |  1  3  8  9 |  2  4  5  6  7 | 10 |
   4.75    |  1  3  8  9 |  2  4  5  6  7 10 |
   6.64    |  1  2  3  4  5  6  7  8  9 10 |
  Finished Docking Ligand                  : /mnt/c/Users/ricca/Desktop/Documents/1_Coding/1_Script_Github/Reverse_Docking_Explore_V3/4g3y_cavity/ligand_prepared.mol2
--------------------------------------------------------------------------------

  Relative_Ligand_Energy (best encountered) :  -0.758
  Relative_Ligand_Energy: fitness values have been corrected using this amount
