
--------------------------------------------------------------------------------
--- Ligand                                                                   ---
--------------------------------------------------------------------------------
  Ligand loaded from file                  : /mnt/c/Users/ricca/Desktop/Documents/1_Coding/1_Script_Github/Reverse_Docking_Explore_V3/4d1n/ligand_prepared.mol2
  Ligand name                              :  
  "CT1002167954                                                             "

--------------------------------------------------------------------------------
  N.plc donors                             : 
  none found

  Acidic nitrogen acceptors                : 
  none found
  Sulfur acceptors                         :
  none found


  Donor atoms                              :      2
  8   10  
  Acceptor atoms                           :      3
  9   11  17  

  Hydrogens                                :  (n = 2)
  22   23   

  Lone pairs added to molecule             :      6
  Numbering                                : from 30 to 35

--------------------------------------------------------------------------------
--- Postprocessing of typing                                                 ---
--------------------------------------------------------------------------------
  Fragment file                            : /home/hitesit/CCDC/Discovery_2022/GOLD/gold/rotatable_bond_override.mol2
  acylurea fragment                        : 2 matches
  Ligand bond 15-8  set to flip
  Ligand bond 15-10  set to flip
  Ligand bond 15-10  set to 1
  Ligand bond 15-8  set to 1
  Ligand bond 10-4  set to flip
  Ligand bond 8-3  set to flip
  thioacylthiourea fragment                : no matches
  acylthiourea fragment                    : no matches
  thioacylurea fragment                    : no matches
  diarylamine fragment >C.ar-NH-C.ar<      : no matches
  sec-amine (1) fragment                   : no matches
  sec-amine (2) fragment                   : no matches
  sec-amine (3) fragment                   : no matches
  carboxylic ester                         : no matches

* Rotatable bonds in /mnt/c/Users/ricca/D  :
  [   1    2] [   1    5] 
  No. of rotatable bonds                   :      2


* Reading torsional distributions from file:
  /home/hitesit/CCDC/Discovery_2022/GOLD/gold/gold.tordist
  No. of bins in torsional distributions   :     36
  Minimum size of largest peak             :      0
  Removing high energy torsions            : on
  Delta E set to                           :   2.500

* Fragments found in /mnt/c/Users/ricca/D  :
  atom   2: benzene
  atom   6: benzene
  atom   7: benzene
  atom  13: benzene
  atom  14: benzene
  atom  16: benzene


* Checking torsion distributions:                                               
  No. of matched torsions                  :      0

--------------------------------------------------------------------------------
--- Shape fitting atoms selection (hydrophobic atoms)                        ---
--------------------------------------------------------------------------------
  Molecule                                 : /mnt/c/Users/ricca/Desktop/Documents/1_Coding/1_Script_Github/Reverse_Docking_Explore_V3/4d1n/ligand_prepared.mol2
  Selection                                : carbons only
  Atom numbers                             :  (n = 7)
  5    6    7    12   13   14   16   

--------------------------------------------------------------------------------
--- Diverse Solutions Setup                                                  ---
--------------------------------------------------------------------------------
  Cluster size                             :      2
  RMSD                                     :   2.000
  Refinement                               :      0


--------------------------------------------------------------------------------
--- ChemScore ligand setup summary                                           ---
--------------------------------------------------------------------------------
  ChemScore ligand acceptors               :      3
  9 11 17 
  ChemScore ligand donors                  :      2
  8 ( 22  ) 10 ( 23  ) 
  ChemScore ligand CH donors               :      0
  

  ChemScore ligand lipophilic atoms        :  (n = 9)
  1    2    5    6    7    12   13   14   16   

  ChemScore ligand rotatable bonds         :      2
  1   (C1 ) - 2   (C2 ): SP3_SP2_BOND
  1   (C1 ) - 5   (C5 ): SP3_SP3_BOND

--------------------------------------------------------------------------------
--- PLP ligand setup summary                                                 ---
--------------------------------------------------------------------------------
    1    C1   C.3 NONPOLAR
    2    C2  C.ar NONPOLAR
    3    C3   C.2 NONPOLAR
    4    C4   C.2 NONPOLAR
    5    C5   C.3 NONPOLAR
    6    C6  C.ar NONPOLAR
    7    C7  C.ar NONPOLAR
    8    N8  N.am DONOR
    9    O9   O.2 ACCEPTOR
   10   N10  N.am DONOR
   11   O11   O.2 ACCEPTOR
   12   C12   C.3 NONPOLAR
   13   C13  C.ar NONPOLAR
   14   C14  C.ar NONPOLAR
   15   C15   C.2 NONPOLAR
   16   C16  C.ar NONPOLAR
   17   O17   O.2 ACCEPTOR

--------------------------------------------------------------------------------
--- Automatic parameter setting                                              ---
--------------------------------------------------------------------------------
  Contribution base                        :   2500
  Contribution per rotatable bond          :   6000
  Contribution per df                      :   4000
  Contribution per water                   :  10000
  Ligand rotatable bonds                   :      2
  Protein flexible side chain bonds        :      0
  Total rotatable bonds                    :      2
  Hydrophobic vol ratio (P/L)              :   1.000
  Base multiplier (polar)                  :   1.000
  Base multiplier (apolar)                 :   1.400
  Base contribution                        : 5000.000
  Fitting points                           :      5
  Estimated maxops needed (optimal)        :  17500
  Autoscale factor (in percent)            :     10
  Scaled maxops                            :   2000

--------------------------------------------------------------------------------

* Population settings                                                           
  maxops                                   :   2000
  popsiz                                   :    100
  select_pressure                          :   1.100
  n_islands                                :      1
  niche_siz                                :      2

* GA settings                                                                   
  pt_crosswt                               :    100
  allele_mutatewt                          :    100
  migratewt                                :      0

* Search settings                                                               
  start_vdw_linear_cutoff                  :   6.000
  initial_virtual_pt_match_max             :   3.000
  Scaling of internal VDW energy           : log scale from  0.2 to    1
                                             over 1500 ops
  Sampling interval (operations)           :     20
  Scaling of virtual pt maximum length     : linear scale from    3 to    2
                                             over  1500 ops
  Sampling interval (operations)           :     60
  Scaling of 4-8 potential cutoff          : log scale from    6 to 1.2e+02
                                             over 1500 ops
  Sampling interval (operations)           :     60

--------------------------------------------------------------------------------

* Ligand initialisation time :                                                  
  total  0.0159 user  0.0159 sys  0.0000

--------------------------------------------------------------------------------

--------------------------------------------------------------------------------
** Docking run number  1 **
--------------------------------------------------------------------------------
  Rank fitness base is 5000.00 ; increment is 11.2233

* Initialising population(s) ...                                                
Number of constraints mappings 0
Number of constraints 0
  Population no.                           :      1
  Population size                          :    100
  Number of duplicates                     :      0
  Number of niche violations               :      0
  Number of errors                         :   1325


Doing GA, no. of population(s) 1 size 100 selection pressure 1.100000

 Operation      Fitness  S(hb_ext) S(vdw_ext)  S(hb_int)    S(int)      intcor
         0      24.11       1.27      18.80       0.00     -15.05      -0.79
       222      21.87       0.90      17.61       0.00     -12.84      -0.79
       247      23.17       0.83      16.42       0.00      -0.90      -0.79
       504      19.19       0.90      14.21       0.00      -3.63      -0.79
       617      18.94       1.10      13.06       0.00      -0.30      -0.79
       744      25.98       1.04      18.69       0.00      -1.72      -0.79
Reordering...
      1320      23.89       0.76      17.86       0.00      -1.72      -0.79
      1909      23.58       0.73      17.87       0.00      -1.72      -0.79
      1993      23.58       0.73      17.87       0.00      -1.72      -0.79
--------------------------------------------------------------------------------
Best docking solution after GA:
      2000      23.58       0.73      17.87       0.00      -1.72      -0.79

#ops:       2000 #mutates:   1007 #cross:      993 #dups:       622 
#niche:      935 #errors:     137 
--------------------------------------------------------------------------------

Doing AMOEBA simplex on best individual
Done simplexing #iterations 606, best score  31.47

Ligand is stored in gold_soln_ligand_prepared_m1_1.mol2


--------------------------------------------------------------------------------
--- GoldScore breakdown of terms                                             ---
--------------------------------------------------------------------------------
Fitness = S(hb_ext) + 1.3750*S(vdw_ext) + S(hb_int) + 1.0000*S(int)
S(int)  = S(vdw_int) + S(tors)

Internal terms are relative to best energy found (intcor).

--------------------------------------------------------------------------------


     Fitness  S(hb_ext) S(vdw_ext)  S(hb_int)    S(int)      intcor
     31.47       1.07      22.19       0.00      -0.11      -0.79

--------------------------------------------------------------------------------
--- GoldScore analysis of protein-ligand interactions                        ---
--------------------------------------------------------------------------------

  Ligand acceptor   17 Protein hydrogen 8055 donor 8001 bond energy  2.00 wt 0.07
  Ligand acceptor    9 Protein hydrogen 8135 donor 8084 bond energy  2.00 wt 0.47

--------------------------------------------------------------------------------

--------------------------------------------------------------------------------
--- Rescoring solution                                                       ---
--------------------------------------------------------------------------------

     Score     S(PLP)   S(hbond)     S(cho)   S(metal)  DE(clash)   DE(tors)
     11.06      -8.73       1.30       0.00       0.00       0.00       0.79

Doing AMOEBA simplex on best individual
Done simplexing #iterations 518, best score  32.40

     Score     S(PLP)   S(hbond)     S(cho)   S(metal)  DE(clash)   DE(tors)
     32.40     -29.41       1.45       0.00       0.00       0.00       0.67

--------------------------------------------------------------------------------
--- CHEMPLP breakdown of terms                                               ---
--------------------------------------------------------------------------------
CHEMPLP = - ( 1.0000*S(PLP) + -3.0000*S(hbond) + -6.0000*S(metal) + -3.0000*S(cho) )

Score = CHEMPLP - 1.0000*DE(clash) - 2.0000*DE(tors)


--------------------------------------------------------------------------------


--------------------------------------------------------------------------------
--- PLP analysis of protein-ligand interactions                              ---
--------------------------------------------------------------------------------
hydrogen bonding        :      -2.94
metal                   :       0.00
buried (polar-nonpolar) :      -0.48
nonpolar                :     -26.99
repulsive               :       0.54
--------------------------------------------------------------------------------


--------------------------------------------------------------------------------
--- ChemScore analysis of protein-ligand interactions                        ---
--------------------------------------------------------------------------------

* Hydrogen bonds                                                                
Protein donor 8001 hydrogen 8055 Ligand acceptor   17 bond energy  1.00 wt 0.45
Protein donor 8084 hydrogen 8135 Ligand acceptor    9 bond energy  1.00 wt 1.00


* CH..O interactions                                                            
  CH group selection                       : activated ring CH (adjacent to hetatom)

--------------------------------------------------------------------------------


--------------------------------------------------------------------------------
--- Intra-ligand clashes                                                     ---
--------------------------------------------------------------------------------

Ligand
--------------------------------------------------------------------------------


--------------------------------------------------------------------------------
--- Chromosome decoded                                                       ---
--------------------------------------------------------------------------------
Ligand Torsions
[   6    2    1    3]  -42.86
[  12    5    1    2]  170.25
Protein Torsions
[9562 9508 9507 9505] -135.76 
[7906 7874 7873 7870]   47.04 
Mapping
Ligand acceptors to protein hydrogens (mapping then atom ids)
  1  10 [  9->8135]
  3   7 [ 17->8055]
Ligand hydrogens to protein acceptors (mapping then atom ids)
  1   4 [ 22->8004]
Ligand shape atoms to protein points (mapping then atom ids & coords)
Chromosome values
Integers:
   9   -1    6    3   -1   -1   -1   -1   -1   -1   -1   -1 
--------------------------------------------------------------------------------


--------------------------------------------------------------------------------
--- Diverse Solutions Stats                                                  ---
--------------------------------------------------------------------------------
  Move attempts                            :  14919
  Move failures                            :      0
  Failure rate                             :   0.000

--------------------------------------------------------------------------------

Current Ranking  1

--------------------------------------------------------------------------------

* GA execution time :                                                           
  total  0.3547 user  0.3461 sys  0.0086

--------------------------------------------------------------------------------
Fitness function evaluations: 16390

--------------------------------------------------------------------------------
** Docking run number  2 **
--------------------------------------------------------------------------------
  Rank fitness base is 5000.00 ; increment is 11.2233

* Initialising population(s) ...                                                
Number of constraints mappings 0
Number of constraints 0
  Population no.                           :      1
  Population size                          :    100
  Number of duplicates                     :      0
  Number of niche violations               :      0
  Number of errors                         :   1283


Doing GA, no. of population(s) 1 size 100 selection pressure 1.100000

 Operation      Fitness  S(hb_ext) S(vdw_ext)  S(hb_int)    S(int)      intcor
         0      26.70       0.84      19.58       0.00      -5.37      -0.79
        87      25.67       0.83      18.91       0.00      -5.33      -0.79
Reordering...
       180      23.47       2.12      16.91       0.00      -7.80      -0.79
       194      24.48       1.51      16.93       0.00      -1.30      -0.79
       543      19.36       0.67      13.97       0.00      -1.48      -0.79
       579      21.41       0.19      15.57       0.00      -0.54      -0.79
       949      17.08       0.15      12.80       0.00      -1.24      -0.79
       971      19.57       1.73      13.88       0.00      -2.24      -0.79
      1071      19.48       0.99      14.46       0.00      -2.24      -0.79
      1354      18.98       0.90      14.52       0.00      -2.24      -0.79
--------------------------------------------------------------------------------
Best docking solution after GA:
      2000      18.57       0.84      14.52       0.00      -2.24      -0.79

#ops:       2000 #mutates:   1048 #cross:      952 #dups:       514 
#niche:      849 #errors:     121 
--------------------------------------------------------------------------------

Doing AMOEBA simplex on best individual
Done simplexing #iterations 458, best score  25.84

Ligand is stored in gold_soln_ligand_prepared_m1_2.mol2


--------------------------------------------------------------------------------
--- GoldScore breakdown of terms                                             ---
--------------------------------------------------------------------------------
Fitness = S(hb_ext) + 1.3750*S(vdw_ext) + S(hb_int) + 1.0000*S(int)
S(int)  = S(vdw_int) + S(tors)

Internal terms are relative to best energy found (intcor).

--------------------------------------------------------------------------------


     Fitness  S(hb_ext) S(vdw_ext)  S(hb_int)    S(int)      intcor
     25.84       0.32      19.43       0.00      -1.19      -0.79

--------------------------------------------------------------------------------
--- GoldScore analysis of protein-ligand interactions                        ---
--------------------------------------------------------------------------------

  Ligand acceptor   11 Protein hydrogen 8055 donor 8001 bond energy  2.00 wt 0.02
  Ligand acceptor    9 Protein hydrogen 8134 donor 8084 bond energy  2.00 wt 0.08
  Ligand acceptor   17 Protein hydrogen 8191 donor 8145 bond energy  2.00 wt 0.06

--------------------------------------------------------------------------------

--------------------------------------------------------------------------------
--- Rescoring solution                                                       ---
--------------------------------------------------------------------------------

     Score     S(PLP)   S(hbond)     S(cho)   S(metal)  DE(clash)   DE(tors)
     13.60     -12.66       0.90       0.00       0.00       1.12       0.32

Doing AMOEBA simplex on best individual
Done simplexing #iterations 592, best score  24.85

     Score     S(PLP)   S(hbond)     S(cho)   S(metal)  DE(clash)   DE(tors)
     24.85     -20.30       2.10       0.00       0.00       1.14       0.30

--------------------------------------------------------------------------------
--- CHEMPLP breakdown of terms                                               ---
--------------------------------------------------------------------------------
CHEMPLP = - ( 1.0000*S(PLP) + -3.0000*S(hbond) + -6.0000*S(metal) + -3.0000*S(cho) )

Score = CHEMPLP - 1.0000*DE(clash) - 2.0000*DE(tors)


--------------------------------------------------------------------------------


--------------------------------------------------------------------------------
--- PLP analysis of protein-ligand interactions                              ---
--------------------------------------------------------------------------------
hydrogen bonding        :      -3.87
metal                   :       0.00
buried (polar-nonpolar) :      -0.67
nonpolar                :     -17.76
repulsive               :       2.49
--------------------------------------------------------------------------------


--------------------------------------------------------------------------------
--- ChemScore analysis of protein-ligand interactions                        ---
--------------------------------------------------------------------------------

* Hydrogen bonds                                                                
Protein donor 6785 hydrogen 6837 Ligand acceptor   11 bond energy  1.00 wt 0.45
Protein donor 8084 hydrogen 8134 Ligand acceptor    9 bond energy  1.00 wt 0.80
Protein donor 8145 hydrogen 8191 Ligand acceptor   17 bond energy  1.00 wt 0.85


* CH..O interactions                                                            
  CH group selection                       : activated ring CH (adjacent to hetatom)

--------------------------------------------------------------------------------


--------------------------------------------------------------------------------
--- Intra-ligand clashes                                                     ---
--------------------------------------------------------------------------------

Ligand
  7 (C7   ) -   4 (C4   ):   1.14 (dist   2.72)
--------------------------------------------------------------------------------


--------------------------------------------------------------------------------
--- Chromosome decoded                                                       ---
--------------------------------------------------------------------------------
Ligand Torsions
[   6    2    1    3]   75.87
[  12    5    1    2] -169.56
Protein Torsions
[9562 9508 9507 9505]   32.43 
[7906 7874 7873 7870]   -5.13 
Mapping
Ligand acceptors to protein hydrogens (mapping then atom ids)
  1   9 [  9->8134]
  2   7 [ 11->8055]
  3  11 [ 17->8191]
Ligand hydrogens to protein acceptors (mapping then atom ids)
Ligand shape atoms to protein points (mapping then atom ids & coords)
Chromosome values
Integers:
   8    6   10   -1   -1   -1   -1   -1   -1   -1   -1   -1 
--------------------------------------------------------------------------------


--------------------------------------------------------------------------------
--- Diverse Solutions Stats                                                  ---
--------------------------------------------------------------------------------
  Move attempts                            :  14863
  Move failures                            :      0
  Failure rate                             :   0.000

--------------------------------------------------------------------------------

Current Ranking  1  2

--------------------------------------------------------------------------------

* GA execution time :                                                           
  total  0.3543 user  0.3337 sys  0.0205

--------------------------------------------------------------------------------
Fitness function evaluations: 16272

--------------------------------------------------------------------------------
** Docking run number  3 **
--------------------------------------------------------------------------------
  Rank fitness base is 5000.00 ; increment is 11.2233

* Initialising population(s) ...                                                
Number of constraints mappings 0
Number of constraints 0
  Population no.                           :      1
  Population size                          :    100
  Number of duplicates                     :      0
  Number of niche violations               :      0
  Number of errors                         :   1318


Doing GA, no. of population(s) 1 size 100 selection pressure 1.100000

 Operation      Fitness  S(hb_ext) S(vdw_ext)  S(hb_int)    S(int)      intcor
         0      25.48       2.48      18.51       0.00     -12.25      -0.79
         4      25.59       2.56      18.53       0.00     -12.25      -0.79
        86      23.89       2.65      17.39       0.00     -12.25      -0.79
       147      22.74       3.05      16.39       0.00     -12.25      -0.79
Reordering...
       180      21.04       0.79      15.13       0.00      -2.25      -0.79
       620      18.18       0.80      13.52       0.00      -3.13      -0.79
       716      20.22       1.09      15.03       0.00      -3.62      -0.79
      1254      19.55       0.93      13.92       0.00      -0.70      -0.79
--------------------------------------------------------------------------------
Best docking solution after GA:
      2000      19.28       0.84      13.92       0.00      -0.70      -0.79

#ops:       2000 #mutates:   1023 #cross:      977 #dups:       583 
#niche:     1008 #errors:      98 
--------------------------------------------------------------------------------

Doing AMOEBA simplex on best individual
Done simplexing #iterations 574, best score  25.29

Ligand is stored in gold_soln_ligand_prepared_m1_3.mol2


--------------------------------------------------------------------------------
--- GoldScore breakdown of terms                                             ---
--------------------------------------------------------------------------------
Fitness = S(hb_ext) + 1.3750*S(vdw_ext) + S(hb_int) + 1.0000*S(int)
S(int)  = S(vdw_int) + S(tors)

Internal terms are relative to best energy found (intcor).

--------------------------------------------------------------------------------


     Fitness  S(hb_ext) S(vdw_ext)  S(hb_int)    S(int)      intcor
     25.29       0.30      18.72       0.00      -0.74      -0.79

--------------------------------------------------------------------------------
--- GoldScore analysis of protein-ligand interactions                        ---
--------------------------------------------------------------------------------

  Ligand acceptor   11 Protein hydrogen 8055 donor 8001 bond energy  2.00 wt 0.02
  Ligand acceptor    9 Protein hydrogen 8134 donor 8084 bond energy  2.00 wt 0.05
  Ligand acceptor   17 Protein hydrogen 8191 donor 8145 bond energy  2.00 wt 0.08

--------------------------------------------------------------------------------

--------------------------------------------------------------------------------
--- Rescoring solution                                                       ---
--------------------------------------------------------------------------------

     Score     S(PLP)   S(hbond)     S(cho)   S(metal)  DE(clash)   DE(tors)
     11.48     -11.43       0.90       0.00       0.00       0.00       1.32

Doing AMOEBA simplex on best individual
Done simplexing #iterations 681, best score  25.62

     Score     S(PLP)   S(hbond)     S(cho)   S(metal)  DE(clash)   DE(tors)
     25.62     -21.10       1.63       0.00       0.00       0.00       0.18

--------------------------------------------------------------------------------
--- CHEMPLP breakdown of terms                                               ---
--------------------------------------------------------------------------------
CHEMPLP = - ( 1.0000*S(PLP) + -3.0000*S(hbond) + -6.0000*S(metal) + -3.0000*S(cho) )

Score = CHEMPLP - 1.0000*DE(clash) - 2.0000*DE(tors)


--------------------------------------------------------------------------------


--------------------------------------------------------------------------------
--- PLP analysis of protein-ligand interactions                              ---
--------------------------------------------------------------------------------
hydrogen bonding        :      -4.00
metal                   :       0.00
buried (polar-nonpolar) :      -1.18
nonpolar                :     -18.95
repulsive               :       3.07
--------------------------------------------------------------------------------


--------------------------------------------------------------------------------
--- ChemScore analysis of protein-ligand interactions                        ---
--------------------------------------------------------------------------------

* Hydrogen bonds                                                                
Protein donor 6785 hydrogen 6837 Ligand acceptor   11 bond energy  1.00 wt 0.18
Protein donor 8084 hydrogen 8134 Ligand acceptor    9 bond energy  1.00 wt 0.45
Protein donor 8145 hydrogen 8191 Ligand acceptor   17 bond energy  1.00 wt 1.00


* CH..O interactions                                                            
  CH group selection                       : activated ring CH (adjacent to hetatom)

--------------------------------------------------------------------------------


--------------------------------------------------------------------------------
--- Intra-ligand clashes                                                     ---
--------------------------------------------------------------------------------

Ligand
--------------------------------------------------------------------------------


--------------------------------------------------------------------------------
--- Chromosome decoded                                                       ---
--------------------------------------------------------------------------------
Ligand Torsions
[   6    2    1    3]  -94.43
[  12    5    1    2] -166.62
Protein Torsions
[9562 9508 9507 9505]   78.93 
[7906 7874 7873 7870]  107.40 
Mapping
Ligand acceptors to protein hydrogens (mapping then atom ids)
  1   9 [  9->8134]
  2   7 [ 11->8055]
  3  11 [ 17->8191]
Ligand hydrogens to protein acceptors (mapping then atom ids)
Ligand shape atoms to protein points (mapping then atom ids & coords)
Chromosome values
Integers:
   8    6   10   -1   -1   -1   -1   -1   -1   -1   -1   -1 
--------------------------------------------------------------------------------


--------------------------------------------------------------------------------
--- Diverse Solutions Stats                                                  ---
--------------------------------------------------------------------------------
  Move attempts                            :  15077
  Move failures                            :      0
  Failure rate                             :   0.000

--------------------------------------------------------------------------------

Current Ranking  1  2  3

--------------------------------------------------------------------------------

* GA execution time :                                                           
  total  0.3378 user  0.3269 sys  0.0109

--------------------------------------------------------------------------------
Fitness function evaluations: 16503

--------------------------------------------------------------------------------
** Docking run number  4 **
--------------------------------------------------------------------------------
  Rank fitness base is 5000.00 ; increment is 11.2233

* Initialising population(s) ...                                                
Number of constraints mappings 0
Number of constraints 0
  Population no.                           :      1
  Population size                          :    100
  Number of duplicates                     :      0
  Number of niche violations               :      0
  Number of errors                         :   1260


Doing GA, no. of population(s) 1 size 100 selection pressure 1.100000

 Operation      Fitness  S(hb_ext) S(vdw_ext)  S(hb_int)    S(int)      intcor
         0      25.87       2.33      18.35       0.00      -8.45      -0.76
        79      29.32       0.88      22.01       0.00      -8.51      -0.76
       257      27.59       0.86      21.04       0.00      -8.51      -0.76
       258      27.68       0.86      21.11       0.00      -8.51      -0.76
       300      27.78       1.46      20.84       0.00      -8.51      -0.76
       605      28.01       1.35      20.52       0.00      -4.06      -0.76
       879      26.51       1.25      19.08       0.00      -1.92      -0.76
      1268      24.75       1.07      18.31       0.00      -1.92      -0.76
      1548      24.21       0.99      18.28       0.00      -1.92      -0.76
      1788      24.67       0.92      18.60       0.00      -1.82      -0.76
--------------------------------------------------------------------------------
Best docking solution after GA:
      2000      24.67       0.92      18.60       0.00      -1.82      -0.76

#ops:       2000 #mutates:   1025 #cross:      975 #dups:       614 
#niche:      990 #errors:     107 
--------------------------------------------------------------------------------

Doing AMOEBA simplex on best individual
Done simplexing #iterations 445, best score  31.38

Ligand is stored in gold_soln_ligand_prepared_m1_4.mol2


--------------------------------------------------------------------------------
--- GoldScore breakdown of terms                                             ---
--------------------------------------------------------------------------------
Fitness = S(hb_ext) + 1.3750*S(vdw_ext) + S(hb_int) + 1.0000*S(int)
S(int)  = S(vdw_int) + S(tors)

Internal terms are relative to best energy found (intcor).

--------------------------------------------------------------------------------


     Fitness  S(hb_ext) S(vdw_ext)  S(hb_int)    S(int)      intcor
     31.38       0.81      23.26       0.00      -1.42      -0.76

--------------------------------------------------------------------------------
--- GoldScore analysis of protein-ligand interactions                        ---
--------------------------------------------------------------------------------

  Ligand acceptor   17 Protein hydrogen 8055 donor 8001 bond energy  2.00 wt 0.10
  Ligand acceptor    9 Protein hydrogen 8135 donor 8084 bond energy  2.00 wt 0.16
  Ligand acceptor    9 Protein hydrogen 9562 donor 9508 bond energy  2.00 wt 0.13
  Ligand donor    8 hydrogen   22 Protein acceptor 8004 bond energy  2.00 wt 0.03

--------------------------------------------------------------------------------

--------------------------------------------------------------------------------
--- Rescoring solution                                                       ---
--------------------------------------------------------------------------------

     Score     S(PLP)   S(hbond)     S(cho)   S(metal)  DE(clash)   DE(tors)
     18.47     -16.57       1.49       0.00       0.00       1.28       0.64

Doing AMOEBA simplex on best individual
Done simplexing #iterations 527, best score  35.51

     Score     S(PLP)   S(hbond)     S(cho)   S(metal)  DE(clash)   DE(tors)
     35.51     -31.65       2.04       0.00       0.00       2.06       0.10

--------------------------------------------------------------------------------
--- CHEMPLP breakdown of terms                                               ---
--------------------------------------------------------------------------------
CHEMPLP = - ( 1.0000*S(PLP) + -3.0000*S(hbond) + -6.0000*S(metal) + -3.0000*S(cho) )

Score = CHEMPLP - 1.0000*DE(clash) - 2.0000*DE(tors)


--------------------------------------------------------------------------------


--------------------------------------------------------------------------------
--- PLP analysis of protein-ligand interactions                              ---
--------------------------------------------------------------------------------
hydrogen bonding        :      -3.95
metal                   :       0.00
buried (polar-nonpolar) :      -0.11
nonpolar                :     -28.54
repulsive               :       0.53
--------------------------------------------------------------------------------


--------------------------------------------------------------------------------
--- ChemScore analysis of protein-ligand interactions                        ---
--------------------------------------------------------------------------------

* Hydrogen bonds                                                                
Ligand donor    8 hydrogen   22 Protein acceptor 8004 bond energy  1.00 wt 0.34
Protein donor 8084 hydrogen 8135 Ligand acceptor    9 bond energy  1.00 wt 1.00
Protein donor 9508 hydrogen 9562 Ligand acceptor    9 bond energy  1.00 wt 0.71


* CH..O interactions                                                            
  CH group selection                       : activated ring CH (adjacent to hetatom)

--------------------------------------------------------------------------------


--------------------------------------------------------------------------------
--- Intra-ligand clashes                                                     ---
--------------------------------------------------------------------------------

Ligand
  6 (C6   ) -   3 (C3   ):   2.06 (dist   2.69)
--------------------------------------------------------------------------------


--------------------------------------------------------------------------------
--- Chromosome decoded                                                       ---
--------------------------------------------------------------------------------
Ligand Torsions
[   6    2    1    3]  -17.09
[  12    5    1    2]  173.63
Protein Torsions
[9562 9508 9507 9505]  123.15 
[7906 7874 7873 7870] -143.75 
Mapping
Ligand acceptors to protein hydrogens (mapping then atom ids)
  1  10 [  9->8135]
  3   7 [ 17->8055]
Ligand hydrogens to protein acceptors (mapping then atom ids)
  1   4 [ 22->8004]
Ligand shape atoms to protein points (mapping then atom ids & coords)
Chromosome values
Integers:
   9   -1    6    3   -1   -1   -1   -1   -1   -1   -1   -1 
--------------------------------------------------------------------------------


--------------------------------------------------------------------------------
--- Diverse Solutions Stats                                                  ---
--------------------------------------------------------------------------------
  Move attempts                            :  14666
  Move failures                            :     12
  Failure rate                             :   0.001

--------------------------------------------------------------------------------

Current Ranking  1  4  2  3

--------------------------------------------------------------------------------

* GA execution time :                                                           
  total  0.3483 user  0.3273 sys  0.0210

--------------------------------------------------------------------------------
Fitness function evaluations: 16030

--------------------------------------------------------------------------------
** Docking run number  5 **
--------------------------------------------------------------------------------
  Rank fitness base is 5000.00 ; increment is 11.2233

* Initialising population(s) ...                                                
Number of constraints mappings 0
Number of constraints 0
  Population no.                           :      1
  Population size                          :    100
  Number of duplicates                     :      0
  Number of niche violations               :      0
  Number of errors                         :   1246


Doing GA, no. of population(s) 1 size 100 selection pressure 1.100000

 Operation      Fitness  S(hb_ext) S(vdw_ext)  S(hb_int)    S(int)      intcor
         0      23.66       1.78      17.47       0.00     -10.72      -0.76
Reordering...
        60      21.64       1.16      16.34       0.00      -9.34      -0.76
       233      19.87       2.60      15.57       0.00     -16.34      -0.76
Reordering...
       240      18.70       1.13      14.54       0.00      -9.34      -0.76
Reordering...
       360      16.44       2.28      10.61       0.00      -1.46      -0.76
       476      17.18       1.07      12.05       0.00      -1.42      -0.76
Reordering...
       540      15.09       2.12       9.81       0.00      -1.46      -0.76
       807      13.96       0.07      10.97       0.00      -2.53      -0.76
       928      13.88       0.06      10.38       0.00      -0.86      -0.76
Reordering...
      1440      11.13       0.03      10.60       0.00      -3.70      -0.76
Reordering...
      1480      10.99       0.03       8.58       0.00      -0.86      -0.76
Reordering...
      1500      10.90       0.02      10.60       0.00      -3.70      -0.76
      1602      11.23       0.02       8.24       0.00      -0.13      -0.76
      1648      11.59       0.02       8.54       0.00      -0.18      -0.76
      1871      11.89       0.28       9.08       0.00      -0.87      -0.76
--------------------------------------------------------------------------------
Best docking solution after GA:
      2000      11.89       0.28       9.08       0.00      -0.87      -0.76

#ops:       2000 #mutates:   1022 #cross:      978 #dups:       512 
#niche:      976 #errors:      99 
--------------------------------------------------------------------------------

Doing AMOEBA simplex on best individual
Done simplexing #iterations 739, best score  19.11

Ligand is stored in gold_soln_ligand_prepared_m1_5.mol2


--------------------------------------------------------------------------------
--- GoldScore breakdown of terms                                             ---
--------------------------------------------------------------------------------
Fitness = S(hb_ext) + 1.3750*S(vdw_ext) + S(hb_int) + 1.0000*S(int)
S(int)  = S(vdw_int) + S(tors)

Internal terms are relative to best energy found (intcor).

--------------------------------------------------------------------------------


     Fitness  S(hb_ext) S(vdw_ext)  S(hb_int)    S(int)      intcor
     19.11       0.22      14.54       0.00      -1.10      -0.76

--------------------------------------------------------------------------------
--- GoldScore analysis of protein-ligand interactions                        ---
--------------------------------------------------------------------------------

  Ligand acceptor   17 Protein hydrogen 8055 donor 8001 bond energy  2.00 wt 0.04
  Ligand acceptor    9 Protein hydrogen 8135 donor 8084 bond energy  2.00 wt 0.07

--------------------------------------------------------------------------------

--------------------------------------------------------------------------------
--- Rescoring solution                                                       ---
--------------------------------------------------------------------------------

     Score     S(PLP)   S(hbond)     S(cho)   S(metal)  DE(clash)   DE(tors)
      6.48      -7.29       0.55       0.00       0.00       0.00       1.24

Doing AMOEBA simplex on best individual
Done simplexing #iterations 1165, best score  20.26

     Score     S(PLP)   S(hbond)     S(cho)   S(metal)  DE(clash)   DE(tors)
     20.26     -18.23       1.00       0.00       0.00       0.00       0.49

--------------------------------------------------------------------------------
--- CHEMPLP breakdown of terms                                               ---
--------------------------------------------------------------------------------
CHEMPLP = - ( 1.0000*S(PLP) + -3.0000*S(hbond) + -6.0000*S(metal) + -3.0000*S(cho) )

Score = CHEMPLP - 1.0000*DE(clash) - 2.0000*DE(tors)


--------------------------------------------------------------------------------


--------------------------------------------------------------------------------
--- PLP analysis of protein-ligand interactions                              ---
--------------------------------------------------------------------------------
hydrogen bonding        :      -2.00
metal                   :       0.00
buried (polar-nonpolar) :      -2.74
nonpolar                :     -14.07
repulsive               :       0.38
--------------------------------------------------------------------------------


--------------------------------------------------------------------------------
--- ChemScore analysis of protein-ligand interactions                        ---
--------------------------------------------------------------------------------

* Hydrogen bonds                                                                
Protein donor 8084 hydrogen 8135 Ligand acceptor    9 bond energy  1.00 wt 1.00


* CH..O interactions                                                            
  CH group selection                       : activated ring CH (adjacent to hetatom)

--------------------------------------------------------------------------------


--------------------------------------------------------------------------------
--- Intra-ligand clashes                                                     ---
--------------------------------------------------------------------------------

Ligand
--------------------------------------------------------------------------------


--------------------------------------------------------------------------------
--- Chromosome decoded                                                       ---
--------------------------------------------------------------------------------
Ligand Torsions
[   6    2    1    3]   85.72
[  12    5    1    2] -161.55
Protein Torsions
[9562 9508 9507 9505]  -13.59 
[7906 7874 7873 7870]  -26.54 
Mapping
Ligand acceptors to protein hydrogens (mapping then atom ids)
  1  13 [  9->9562]
Ligand hydrogens to protein acceptors (mapping then atom ids)
  1   8 [ 22->9508]
  2   3 [ 23->7872]
Ligand shape atoms to protein points (mapping then atom ids & coords)
Chromosome values
Integers:
  12   -1   -1    7    2   -1   -1   -1   -1   -1   -1   -1 
--------------------------------------------------------------------------------


--------------------------------------------------------------------------------
--- Diverse Solutions Stats                                                  ---
--------------------------------------------------------------------------------
  Move attempts                            :  16013
  Move failures                            :    178
  Failure rate                             :   0.011

--------------------------------------------------------------------------------

Current Ranking  1  4  2  3  5

--------------------------------------------------------------------------------

* GA execution time :                                                           
  total  0.3785 user  0.3487 sys  0.0298

--------------------------------------------------------------------------------
Fitness function evaluations: 17346

--------------------------------------------------------------------------------
** Docking run number  6 **
--------------------------------------------------------------------------------
  Rank fitness base is 5000.00 ; increment is 11.2233

* Initialising population(s) ...                                                
Number of constraints mappings 0
Number of constraints 0
  Population no.                           :      1
  Population size                          :    100
  Number of duplicates                     :      0
  Number of niche violations               :      0
  Number of errors                         :   1347


Doing GA, no. of population(s) 1 size 100 selection pressure 1.100000

 Operation      Fitness  S(hb_ext) S(vdw_ext)  S(hb_int)    S(int)      intcor
         0      23.86       2.07      16.82       0.00      -6.72      -0.76
        38      24.50       1.49      17.65       0.00      -6.15      -0.76
Reordering...
       120      21.67       2.12      15.33       0.00      -6.72      -0.76
       174      21.63       2.75      14.62       0.00      -5.13      -0.76
       181      20.65       2.43      13.91       0.00      -3.71      -0.76
Reordering...
       240      19.33       2.66      13.09       0.00      -5.13      -0.76
       262      21.40       1.26      15.30       0.00      -3.38      -0.76
       281      23.27       2.34      15.71       0.00      -2.46      -0.76
       526      21.99       0.17      17.21       0.00      -5.30      -0.76
Reordering...
       600      19.81       2.27      13.44       0.00      -2.46      -0.76
Reordering...
      1020      15.14       0.06      11.92       0.00      -2.17      -0.76
      1168      21.00       2.15      13.73       0.00      -0.03      -0.76
      1663      15.27       0.02      11.66       0.00      -0.78      -0.76
      1826      15.27       0.02      11.66       0.00      -0.78      -0.76
--------------------------------------------------------------------------------
Best docking solution after GA:
      2000      15.27       0.02      11.66       0.00      -0.78      -0.76

#ops:       2000 #mutates:    988 #cross:     1012 #dups:       594 
#niche:      948 #errors:     141 
--------------------------------------------------------------------------------

Doing AMOEBA simplex on best individual
Done simplexing #iterations 541, best score  16.19

Ligand is stored in gold_soln_ligand_prepared_m1_6.mol2


--------------------------------------------------------------------------------
--- GoldScore breakdown of terms                                             ---
--------------------------------------------------------------------------------
Fitness = S(hb_ext) + 1.3750*S(vdw_ext) + S(hb_int) + 1.0000*S(int)
S(int)  = S(vdw_int) + S(tors)

Internal terms are relative to best energy found (intcor).

--------------------------------------------------------------------------------


     Fitness  S(hb_ext) S(vdw_ext)  S(hb_int)    S(int)      intcor
     16.19       0.02      12.30       0.00      -0.75      -0.76

--------------------------------------------------------------------------------
--- GoldScore analysis of protein-ligand interactions                        ---
--------------------------------------------------------------------------------

  Ligand acceptor   11 Protein hydrogen 8134 donor 8084 bond energy  2.00 wt 0.01

--------------------------------------------------------------------------------

--------------------------------------------------------------------------------
--- Rescoring solution                                                       ---
--------------------------------------------------------------------------------

     Score     S(PLP)   S(hbond)     S(cho)   S(metal)  DE(clash)   DE(tors)
      2.40      -3.06       0.46       0.00       0.00       0.00       1.02

Doing AMOEBA simplex on best individual
Done simplexing #iterations 838, best score  18.73

     Score     S(PLP)   S(hbond)     S(cho)   S(metal)  DE(clash)   DE(tors)
     18.73     -16.93       0.99       0.00       0.00       0.00       0.59

--------------------------------------------------------------------------------
--- CHEMPLP breakdown of terms                                               ---
--------------------------------------------------------------------------------
CHEMPLP = - ( 1.0000*S(PLP) + -3.0000*S(hbond) + -6.0000*S(metal) + -3.0000*S(cho) )

Score = CHEMPLP - 1.0000*DE(clash) - 2.0000*DE(tors)


--------------------------------------------------------------------------------


--------------------------------------------------------------------------------
--- PLP analysis of protein-ligand interactions                              ---
--------------------------------------------------------------------------------
hydrogen bonding        :      -1.64
metal                   :       0.00
buried (polar-nonpolar) :      -4.12
nonpolar                :     -14.34
repulsive               :       2.76
--------------------------------------------------------------------------------


--------------------------------------------------------------------------------
--- ChemScore analysis of protein-ligand interactions                        ---
--------------------------------------------------------------------------------

* Hydrogen bonds                                                                
Protein donor 8001 hydrogen 8055 Ligand acceptor    9 bond energy  1.00 wt 0.99


* CH..O interactions                                                            
  CH group selection                       : activated ring CH (adjacent to hetatom)

--------------------------------------------------------------------------------


--------------------------------------------------------------------------------
--- Intra-ligand clashes                                                     ---
--------------------------------------------------------------------------------

Ligand
--------------------------------------------------------------------------------


--------------------------------------------------------------------------------
--- Chromosome decoded                                                       ---
--------------------------------------------------------------------------------
Ligand Torsions
[   6    2    1    3]  145.28
[  12    5    1    2]  165.37
Protein Torsions
[9562 9508 9507 9505]   92.89 
[7906 7874 7873 7870]   71.81 
Mapping
Ligand acceptors to protein hydrogens (mapping then atom ids)
  1   7 [  9->8055]
  3  11 [ 17->8191]
Ligand hydrogens to protein acceptors (mapping then atom ids)
  1   3 [ 22->7872]
Ligand shape atoms to protein points (mapping then atom ids & coords)
Chromosome values
Integers:
   6   -1   10    2   -1   -1   -1   -1   -1   -1   -1   -1 
--------------------------------------------------------------------------------


--------------------------------------------------------------------------------
--- Diverse Solutions Stats                                                  ---
--------------------------------------------------------------------------------
  Move attempts                            :  15224
  Move failures                            :     21
  Failure rate                             :   0.001

--------------------------------------------------------------------------------

Current Ranking  1  4  2  3  5  6

--------------------------------------------------------------------------------

* GA execution time :                                                           
  total  0.3467 user  0.3071 sys  0.0396

--------------------------------------------------------------------------------
Fitness function evaluations: 16694

--------------------------------------------------------------------------------
** Docking run number  7 **
--------------------------------------------------------------------------------
  Rank fitness base is 5000.00 ; increment is 11.2233

* Initialising population(s) ...                                                
Number of constraints mappings 0
Number of constraints 0
  Population no.                           :      1
  Population size                          :    100
  Number of duplicates                     :      0
  Number of niche violations               :      0
  Number of errors                         :   1307


Doing GA, no. of population(s) 1 size 100 selection pressure 1.100000

 Operation      Fitness  S(hb_ext) S(vdw_ext)  S(hb_int)    S(int)      intcor
         0      19.28       2.04      13.17       0.00      -4.37      -0.76
Reordering...
        60      16.51       1.24      13.32       0.00     -14.25      -0.76
Reordering...
       100      16.38       2.54      10.96       0.00      -5.55      -0.76
Reordering...
       120      15.54       1.22      12.77       0.00     -14.25      -0.76
       147      18.13       2.49      14.68       0.00     -19.59      -0.76
       227      18.08       2.19      13.58       0.00     -10.94      -0.76
       339      18.09       2.05      13.91       0.00     -10.94      -0.76
       446      15.19       2.77      11.59       0.00     -10.94      -0.76
       471      16.20       1.15      12.58       0.00      -6.86      -0.76
       850      14.71       1.04      12.22       0.00      -6.38      -0.76
      1172      14.59       0.96      10.33       0.00      -0.82      -0.76
      1214      14.52       0.94      10.23       0.00      -0.66      -0.76
      1818      14.40       0.02      11.57       0.00      -1.54      -0.76
--------------------------------------------------------------------------------
Best docking solution after GA:
      2000      14.40       0.02      11.57       0.00      -1.54      -0.76

#ops:       2000 #mutates:   1015 #cross:      985 #dups:       510 
#niche:     1032 #errors:     126 
--------------------------------------------------------------------------------

Doing AMOEBA simplex on best individual
Done simplexing #iterations 531, best score  15.23

Ligand is stored in gold_soln_ligand_prepared_m1_7.mol2


--------------------------------------------------------------------------------
--- GoldScore breakdown of terms                                             ---
--------------------------------------------------------------------------------
Fitness = S(hb_ext) + 1.3750*S(vdw_ext) + S(hb_int) + 1.0000*S(int)
S(int)  = S(vdw_int) + S(tors)

Internal terms are relative to best energy found (intcor).

--------------------------------------------------------------------------------


     Fitness  S(hb_ext) S(vdw_ext)  S(hb_int)    S(int)      intcor
     15.23       0.02      12.06       0.00      -1.37      -0.76

--------------------------------------------------------------------------------
--- GoldScore analysis of protein-ligand interactions                        ---
--------------------------------------------------------------------------------

  Ligand acceptor   11 Protein hydrogen 8134 donor 8084 bond energy  2.00 wt 0.01

--------------------------------------------------------------------------------

--------------------------------------------------------------------------------
--- Rescoring solution                                                       ---
--------------------------------------------------------------------------------

     Score     S(PLP)   S(hbond)     S(cho)   S(metal)  DE(clash)   DE(tors)
      2.60      -3.08       0.46       0.00       0.00       0.73       0.56

Doing AMOEBA simplex on best individual
Done simplexing #iterations 738, best score  16.33

     Score     S(PLP)   S(hbond)     S(cho)   S(metal)  DE(clash)   DE(tors)
     16.33     -11.55       2.12       0.00       0.00       1.22       0.18

--------------------------------------------------------------------------------
--- CHEMPLP breakdown of terms                                               ---
--------------------------------------------------------------------------------
CHEMPLP = - ( 1.0000*S(PLP) + -3.0000*S(hbond) + -6.0000*S(metal) + -3.0000*S(cho) )

Score = CHEMPLP - 1.0000*DE(clash) - 2.0000*DE(tors)


--------------------------------------------------------------------------------


--------------------------------------------------------------------------------
--- PLP analysis of protein-ligand interactions                              ---
--------------------------------------------------------------------------------
hydrogen bonding        :      -2.81
metal                   :       0.00
buried (polar-nonpolar) :      -2.48
nonpolar                :      -9.25
repulsive               :       3.56
--------------------------------------------------------------------------------


--------------------------------------------------------------------------------
--- ChemScore analysis of protein-ligand interactions                        ---
--------------------------------------------------------------------------------

* Hydrogen bonds                                                                
Ligand donor    8 hydrogen   22 Protein acceptor 8004 bond energy  1.00 wt 0.16
Protein donor 8001 hydrogen 8055 Ligand acceptor    9 bond energy  1.00 wt 0.96
Protein donor 8145 hydrogen 8191 Ligand acceptor   17 bond energy  1.00 wt 1.00


* CH..O interactions                                                            
  CH group selection                       : activated ring CH (adjacent to hetatom)

--------------------------------------------------------------------------------


--------------------------------------------------------------------------------
--- Intra-ligand clashes                                                     ---
--------------------------------------------------------------------------------

Ligand
  7 (C7   ) -   3 (C3   ):   1.22 (dist   2.72)
--------------------------------------------------------------------------------


--------------------------------------------------------------------------------
--- Chromosome decoded                                                       ---
--------------------------------------------------------------------------------
Ligand Torsions
[   6    2    1    3]  164.94
[  12    5    1    2]  167.93
Protein Torsions
[9562 9508 9507 9505]   34.19 
[7906 7874 7873 7870]   42.76 
Mapping
Ligand acceptors to protein hydrogens (mapping then atom ids)
  1   7 [  9->8055]
  3  11 [ 17->8191]
Ligand hydrogens to protein acceptors (mapping then atom ids)
  1   3 [ 22->7872]
Ligand shape atoms to protein points (mapping then atom ids & coords)
Chromosome values
Integers:
   6   -1   10    2   -1   -1   -1   -1   -1   -1   -1   -1 
--------------------------------------------------------------------------------


--------------------------------------------------------------------------------
--- Diverse Solutions Stats                                                  ---
--------------------------------------------------------------------------------
  Move attempts                            :  15204
  Move failures                            :     40
  Failure rate                             :   0.003

--------------------------------------------------------------------------------

Current Ranking  1  4  2  3  5  6  7

--------------------------------------------------------------------------------

* GA execution time :                                                           
  total  0.3493 user  0.3307 sys  0.0187

--------------------------------------------------------------------------------
Fitness function evaluations: 16610

--------------------------------------------------------------------------------
** Docking run number  8 **
--------------------------------------------------------------------------------
  Rank fitness base is 5000.00 ; increment is 11.2233

* Initialising population(s) ...                                                
Number of constraints mappings 0
Number of constraints 0
  Population no.                           :      1
  Population size                          :    100
  Number of duplicates                     :      0
  Number of niche violations               :      0
  Number of errors                         :   1329


Doing GA, no. of population(s) 1 size 100 selection pressure 1.100000

 Operation      Fitness  S(hb_ext) S(vdw_ext)  S(hb_int)    S(int)      intcor
         0      26.14       1.95      18.71       0.00      -7.71      -0.76
       444      19.95       1.75      15.03       0.00      -7.71      -0.76
       570      19.25       1.48      13.76       0.00      -3.15      -0.76
Reordering...
      1080       7.98       1.07       5.80       0.00      -1.66      -0.76
      1126       8.42       1.07       5.98       0.00      -1.31      -0.76
Reordering...
      1140       7.73       1.17       6.03       0.00      -2.55      -0.76
      1817       8.56       0.97       7.01       0.00      -2.05      -0.76
--------------------------------------------------------------------------------
Best docking solution after GA:
      2000       8.56       0.97       7.01       0.00      -2.05      -0.76

#ops:       2000 #mutates:    978 #cross:     1022 #dups:       581 
#niche:      977 #errors:     141 
--------------------------------------------------------------------------------

Doing AMOEBA simplex on best individual
Done simplexing #iterations 755, best score  18.45

Ligand is stored in gold_soln_ligand_prepared_m1_8.mol2


--------------------------------------------------------------------------------
--- GoldScore breakdown of terms                                             ---
--------------------------------------------------------------------------------
Fitness = S(hb_ext) + 1.3750*S(vdw_ext) + S(hb_int) + 1.0000*S(int)
S(int)  = S(vdw_int) + S(tors)

Internal terms are relative to best energy found (intcor).

--------------------------------------------------------------------------------


     Fitness  S(hb_ext) S(vdw_ext)  S(hb_int)    S(int)      intcor
     18.45       2.54      12.31       0.00      -1.02      -0.76

--------------------------------------------------------------------------------
--- GoldScore analysis of protein-ligand interactions                        ---
--------------------------------------------------------------------------------

  Ligand acceptor   17 Protein hydrogen 8191 donor 8145 bond energy  2.00 wt 0.88
  Ligand donor    8 hydrogen   22 Protein acceptor 8148 bond energy  2.00 wt 0.39

--------------------------------------------------------------------------------

--------------------------------------------------------------------------------
--- Rescoring solution                                                       ---
--------------------------------------------------------------------------------

     Score     S(PLP)   S(hbond)     S(cho)   S(metal)  DE(clash)   DE(tors)
      6.78      -6.00       0.82       0.00       0.00       0.77       0.45

Doing AMOEBA simplex on best individual
Done simplexing #iterations 808, best score  19.30

     Score     S(PLP)   S(hbond)     S(cho)   S(metal)  DE(clash)   DE(tors)
     19.30     -15.04       1.93       0.00       0.00       1.21       0.16

--------------------------------------------------------------------------------
--- CHEMPLP breakdown of terms                                               ---
--------------------------------------------------------------------------------
CHEMPLP = - ( 1.0000*S(PLP) + -3.0000*S(hbond) + -6.0000*S(metal) + -3.0000*S(cho) )

Score = CHEMPLP - 1.0000*DE(clash) - 2.0000*DE(tors)


--------------------------------------------------------------------------------


--------------------------------------------------------------------------------
--- PLP analysis of protein-ligand interactions                              ---
--------------------------------------------------------------------------------
hydrogen bonding        :      -3.00
metal                   :       0.00
buried (polar-nonpolar) :      -3.76
nonpolar                :      -9.58
repulsive               :       0.68
--------------------------------------------------------------------------------


--------------------------------------------------------------------------------
--- ChemScore analysis of protein-ligand interactions                        ---
--------------------------------------------------------------------------------

* Hydrogen bonds                                                                
Ligand donor    8 hydrogen   22 Protein acceptor 8148 bond energy  1.00 wt 1.00
Protein donor 8145 hydrogen 8191 Ligand acceptor   17 bond energy  1.00 wt 0.93


* CH..O interactions                                                            
  CH group selection                       : activated ring CH (adjacent to hetatom)

--------------------------------------------------------------------------------


--------------------------------------------------------------------------------
--- Intra-ligand clashes                                                     ---
--------------------------------------------------------------------------------

Ligand
  7 (C7   ) -   4 (C4   ):   1.21 (dist   2.72)
--------------------------------------------------------------------------------


--------------------------------------------------------------------------------
--- Chromosome decoded                                                       ---
--------------------------------------------------------------------------------
Ligand Torsions
[   6    2    1    3]   78.68
[  12    5    1    2] -169.08
Protein Torsions
[9562 9508 9507 9505]  -48.01 
[7906 7874 7873 7870]    2.25 
Mapping
Ligand acceptors to protein hydrogens (mapping then atom ids)
  1  14 [  9->8329]
  3   4 [ 17->6837]
Ligand hydrogens to protein acceptors (mapping then atom ids)
  1   7 [ 22->8148]
Ligand shape atoms to protein points (mapping then atom ids & coords)
Chromosome values
Integers:
  13   -1    3    6   -1   -1   -1   -1   -1   -1   -1   -1 
--------------------------------------------------------------------------------


--------------------------------------------------------------------------------
--- Diverse Solutions Stats                                                  ---
--------------------------------------------------------------------------------
  Move attempts                            :  15557
  Move failures                            :     31
  Failure rate                             :   0.002

--------------------------------------------------------------------------------

Current Ranking  1  4  2  3  5  8  6  7

--------------------------------------------------------------------------------

* GA execution time :                                                           
  total  0.3480 user  0.3271 sys  0.0209

--------------------------------------------------------------------------------
Fitness function evaluations: 17005

--------------------------------------------------------------------------------
** Docking run number  9 **
--------------------------------------------------------------------------------
  Rank fitness base is 5000.00 ; increment is 11.2233

* Initialising population(s) ...                                                
Number of constraints mappings 0
Number of constraints 0
  Population no.                           :      1
  Population size                          :    100
  Number of duplicates                     :      0
  Number of niche violations               :      1
  Number of errors                         :   1337


Doing GA, no. of population(s) 1 size 100 selection pressure 1.100000

 Operation      Fitness  S(hb_ext) S(vdw_ext)  S(hb_int)    S(int)      intcor
         0      26.95       2.87      17.98       0.00      -3.20      -0.76
Reordering...
       600      16.97       0.62      12.50       0.00      -2.17      -0.76
Reordering...
       960      10.64       3.21       7.39       0.00      -4.89      -0.76
       968      11.15       3.21       7.35       0.00      -3.87      -0.76
      1004      13.28       3.01       7.72       0.00      -0.60      -0.76
--------------------------------------------------------------------------------
Best docking solution after GA:
      2000      12.25       2.87       7.26       0.00      -0.60      -0.76

#ops:       2000 #mutates:   1007 #cross:      993 #dups:       613 
#niche:      864 #errors:     150 
--------------------------------------------------------------------------------

Doing AMOEBA simplex on best individual
Done simplexing #iterations 829, best score  27.09

Ligand is stored in gold_soln_ligand_prepared_m1_9.mol2


--------------------------------------------------------------------------------
--- GoldScore breakdown of terms                                             ---
--------------------------------------------------------------------------------
Fitness = S(hb_ext) + 1.3750*S(vdw_ext) + S(hb_int) + 1.0000*S(int)
S(int)  = S(vdw_int) + S(tors)

Internal terms are relative to best energy found (intcor).

--------------------------------------------------------------------------------


     Fitness  S(hb_ext) S(vdw_ext)  S(hb_int)    S(int)      intcor
     27.09       0.74      19.37       0.00      -0.29      -0.76

--------------------------------------------------------------------------------
--- GoldScore analysis of protein-ligand interactions                        ---
--------------------------------------------------------------------------------

  Ligand acceptor   11 Protein hydrogen 8055 donor 8001 bond energy  2.00 wt 0.21
  Ligand donor   10 hydrogen   23 Protein acceptor 7872 bond energy  2.00 wt 0.15

--------------------------------------------------------------------------------

--------------------------------------------------------------------------------
--- Rescoring solution                                                       ---
--------------------------------------------------------------------------------

     Score     S(PLP)   S(hbond)     S(cho)   S(metal)  DE(clash)   DE(tors)
     -2.81       4.77       1.35       0.00       0.00       0.00       1.05

Doing AMOEBA simplex on best individual
Done simplexing #iterations 525, best score  21.68

     Score     S(PLP)   S(hbond)     S(cho)   S(metal)  DE(clash)   DE(tors)
     21.68     -17.67       2.00       0.00       0.00       0.00       0.99

--------------------------------------------------------------------------------
--- CHEMPLP breakdown of terms                                               ---
--------------------------------------------------------------------------------
CHEMPLP = - ( 1.0000*S(PLP) + -3.0000*S(hbond) + -6.0000*S(metal) + -3.0000*S(cho) )

Score = CHEMPLP - 1.0000*DE(clash) - 2.0000*DE(tors)


--------------------------------------------------------------------------------


--------------------------------------------------------------------------------
--- PLP analysis of protein-ligand interactions                              ---
--------------------------------------------------------------------------------
hydrogen bonding        :      -2.72
metal                   :       0.00
buried (polar-nonpolar) :      -3.76
nonpolar                :     -14.07
repulsive               :       2.54
--------------------------------------------------------------------------------


--------------------------------------------------------------------------------
--- ChemScore analysis of protein-ligand interactions                        ---
--------------------------------------------------------------------------------

* Hydrogen bonds                                                                
Ligand donor   10 hydrogen   23 Protein acceptor 7872 bond energy  1.00 wt 1.00
Protein donor 8001 hydrogen 8055 Ligand acceptor   11 bond energy  1.00 wt 1.00


* CH..O interactions                                                            
  CH group selection                       : activated ring CH (adjacent to hetatom)

--------------------------------------------------------------------------------


--------------------------------------------------------------------------------
--- Intra-ligand clashes                                                     ---
--------------------------------------------------------------------------------

Ligand
--------------------------------------------------------------------------------


--------------------------------------------------------------------------------
--- Chromosome decoded                                                       ---
--------------------------------------------------------------------------------
Ligand Torsions
[   6    2    1    3]  -45.92
[  12    5    1    2]  175.24
Protein Torsions
[9562 9508 9507 9505]   69.11 
[7906 7874 7873 7870]   65.73 
Mapping
Ligand acceptors to protein hydrogens (mapping then atom ids)
  2   7 [ 11->8055]
  3  17 [ 17->7906]
Ligand hydrogens to protein acceptors (mapping then atom ids)
  2   3 [ 23->7872]
Ligand shape atoms to protein points (mapping then atom ids & coords)
Chromosome values
Integers:
  -1    6   16   -1    2   -1   -1   -1   -1   -1   -1   -1 
--------------------------------------------------------------------------------


--------------------------------------------------------------------------------
--- Diverse Solutions Stats                                                  ---
--------------------------------------------------------------------------------
  Move attempts                            :  15237
  Move failures                            :     22
  Failure rate                             :   0.001

--------------------------------------------------------------------------------

Current Ranking  1  4  9  2  3  5  8  6  7

--------------------------------------------------------------------------------

* GA execution time :                                                           
  total  0.3439 user  0.3257 sys  0.0181

--------------------------------------------------------------------------------
Fitness function evaluations: 16707

--------------------------------------------------------------------------------
** Docking run number 10 **
--------------------------------------------------------------------------------
  Rank fitness base is 5000.00 ; increment is 11.2233

* Initialising population(s) ...                                                
Number of constraints mappings 0
Number of constraints 0
  Population no.                           :      1
  Population size                          :    100
  Number of duplicates                     :      0
  Number of niche violations               :      0
  Number of errors                         :   1365


Doing GA, no. of population(s) 1 size 100 selection pressure 1.100000

 Operation      Fitness  S(hb_ext) S(vdw_ext)  S(hb_int)    S(int)      intcor
         0      24.04       2.55      18.26       0.00     -18.07      -0.76
       203      22.27       3.47      16.93       0.00     -18.07      -0.76
       363      20.19       1.53      15.35       0.00      -8.32      -0.76
       465      19.75       1.47      14.72       0.00      -6.01      -0.76
       477      20.22       1.24      13.83       0.00      -0.14      -0.76
Reordering...
       480      18.59       1.41      13.96       0.00      -6.01      -0.76
       519      18.55       1.41      13.80       0.00      -5.37      -0.76
       580      17.20       1.35      13.01       0.00      -5.44      -0.76
Reordering...
       660      14.09       3.06      12.17       0.00     -14.03      -0.76
       667      14.37       2.34      12.01       0.00     -11.06      -0.76
Reordering...
       720      13.22       3.40       7.41       0.00      -0.85      -0.76
      1024      12.93       0.38       9.86       0.00      -1.71      -0.76
Reordering...
      1080      12.76       3.11       7.41       0.00      -0.85      -0.76
      1183      13.65       0.26       9.79       0.00      -0.10      -0.76
--------------------------------------------------------------------------------
Best docking solution after GA:
      2000      13.54       0.17       9.79       0.00      -0.10      -0.76

#ops:       2000 #mutates:   1032 #cross:      968 #dups:       496 
#niche:      886 #errors:     156 
--------------------------------------------------------------------------------

Doing AMOEBA simplex on best individual
Done simplexing #iterations 761, best score  19.86

Ligand is stored in gold_soln_ligand_prepared_m1_10.mol2


--------------------------------------------------------------------------------
--- GoldScore breakdown of terms                                             ---
--------------------------------------------------------------------------------
Fitness = S(hb_ext) + 1.3750*S(vdw_ext) + S(hb_int) + 1.0000*S(int)
S(int)  = S(vdw_int) + S(tors)

Internal terms are relative to best energy found (intcor).

--------------------------------------------------------------------------------


     Fitness  S(hb_ext) S(vdw_ext)  S(hb_int)    S(int)      intcor
     19.86       0.00      14.48       0.00      -0.05      -0.76

--------------------------------------------------------------------------------
--- GoldScore analysis of protein-ligand interactions                        ---
--------------------------------------------------------------------------------


--------------------------------------------------------------------------------

--------------------------------------------------------------------------------
--- Rescoring solution                                                       ---
--------------------------------------------------------------------------------

     Score     S(PLP)   S(hbond)     S(cho)   S(metal)  DE(clash)   DE(tors)
      0.65       2.41       1.06       0.00       0.00       0.00       0.05

Doing AMOEBA simplex on best individual
Done simplexing #iterations 772, best score  22.28

     Score     S(PLP)   S(hbond)     S(cho)   S(metal)  DE(clash)   DE(tors)
     22.28     -14.77       2.53       0.00       0.00       0.00       0.04

--------------------------------------------------------------------------------
--- CHEMPLP breakdown of terms                                               ---
--------------------------------------------------------------------------------
CHEMPLP = - ( 1.0000*S(PLP) + -3.0000*S(hbond) + -6.0000*S(metal) + -3.0000*S(cho) )

Score = CHEMPLP - 1.0000*DE(clash) - 2.0000*DE(tors)


--------------------------------------------------------------------------------


--------------------------------------------------------------------------------
--- PLP analysis of protein-ligand interactions                              ---
--------------------------------------------------------------------------------
hydrogen bonding        :      -3.00
metal                   :       0.00
buried (polar-nonpolar) :      -4.42
nonpolar                :      -9.74
repulsive               :       1.08
--------------------------------------------------------------------------------


--------------------------------------------------------------------------------
--- ChemScore analysis of protein-ligand interactions                        ---
--------------------------------------------------------------------------------

* Hydrogen bonds                                                                
Ligand donor    8 hydrogen   22 Protein acceptor 8004 bond energy  1.00 wt 0.90
Protein donor 6785 hydrogen 6837 Ligand acceptor    9 bond energy  1.00 wt 0.62
Protein donor 8145 hydrogen 8191 Ligand acceptor   17 bond energy  1.00 wt 1.00


* CH..O interactions                                                            
  CH group selection                       : activated ring CH (adjacent to hetatom)

--------------------------------------------------------------------------------


--------------------------------------------------------------------------------
--- Intra-ligand clashes                                                     ---
--------------------------------------------------------------------------------

Ligand
--------------------------------------------------------------------------------


--------------------------------------------------------------------------------
--- Chromosome decoded                                                       ---
--------------------------------------------------------------------------------
Ligand Torsions
[   6    2    1    3]  -65.29
[  12    5    1    2] -175.66
Protein Torsions
[9562 9508 9507 9505]   83.97 
[7906 7874 7873 7870]    8.93 
Mapping
Ligand acceptors to protein hydrogens (mapping then atom ids)
  1   3 [  9->6836]
  3   9 [ 17->8134]
Ligand hydrogens to protein acceptors (mapping then atom ids)
  1   7 [ 22->8148]
Ligand shape atoms to protein points (mapping then atom ids & coords)
Chromosome values
Integers:
   2   -1    8    6   -1   -1   -1   -1   -1   -1   -1   -1 
--------------------------------------------------------------------------------


--------------------------------------------------------------------------------
--- Diverse Solutions Stats                                                  ---
--------------------------------------------------------------------------------
  Move attempts                            :  15481
  Move failures                            :     67
  Failure rate                             :   0.004

--------------------------------------------------------------------------------

Current Ranking  1  4  9  2  3 10  5  8  6  7

--------------------------------------------------------------------------------

* GA execution time :                                                           
  total  0.3670 user  0.3262 sys  0.0408

--------------------------------------------------------------------------------
Fitness function evaluations: 16975

--------------------------------------------------------------------------------
--- Ranking analysis                                                         ---
--------------------------------------------------------------------------------


* Final ranked order of GA solutions:                                           
   1  4  9  2  3 10  5  8  6  7 

  _______________________________
  RMSD Matrix of RANKED solutions

        2    3    4    5    6    7    8    9   10  

   1 :  0.5  5.7  4.3  4.2  6.4  1.7  9.6  5.6  5.7
   2 :       5.3  4.2  4.0  6.1  1.8  9.4  5.4  5.5
   3 :            4.8  4.8  4.1  5.7  8.8  3.9  3.9
   4 :                 0.3  4.4  4.1  6.8  3.7  3.7
   5 :                      4.3  4.0  7.1  3.6  3.6
   6 :                           6.4  8.6  2.6  2.4
   7 :                                9.1  5.2  5.3
   8 :                                     8.4  8.4
   9 :                                          0.3

  Clustering method                        : complete linkage
  Structure ids in cluster table           : rank nos.
  Ordering of clusters and their members   : by rank (order if from rms_analysis)

  Distance | Clusters
   0.29    |  1 |  2 |  3 |  4  5 |  6 |  7 |  8 |  9 | 10 |
   0.30    |  1 |  2 |  3 |  4  5 |  6 |  7 |  8 |  9 10 |
   0.55    |  1  2 |  3 |  4  5 |  6 |  7 |  8 |  9 10 |
   1.79    |  1  2  7 |  3 |  4  5 |  6 |  8 |  9 10 |
   2.62    |  1  2  7 |  3 |  4  5 |  6  9 10 |  8 |
   4.11    |  1  2  7 |  3  6  9 10 |  4  5 |  8 |
   4.35    |  1  2  4  5  7 |  3  6  9 10 |  8 |
   6.42    |  1  2  3  4  5  6  7  9 10 |  8 |
   9.60    |  1  2  3  4  5  6  7  8  9 10 |
  Finished Docking Ligand                  : /mnt/c/Users/ricca/Desktop/Documents/1_Coding/1_Script_Github/Reverse_Docking_Explore_V3/4d1n/ligand_prepared.mol2
--------------------------------------------------------------------------------

  Relative_Ligand_Energy (best encountered) :  -0.759
  Relative_Ligand_Energy: fitness values have been corrected using this amount
