
--------------------------------------------------------------------------------
--- Ligand                                                                   ---
--------------------------------------------------------------------------------
  Ligand loaded from file                  : /mnt/c/Users/ricca/Desktop/Documents/1_Coding/1_Script_Github/Reverse_Docking_Explore_V3/7ts3/ligand_prepared.mol2
  Ligand name                              :  
  "CT1002167954                                                             "

--------------------------------------------------------------------------------
  N.plc donors                             : 
  none found

  Acidic nitrogen acceptors                : 
  none found
  Sulfur acceptors                         :
  none found


  Donor atoms                              :      2
  8   10  
  Acceptor atoms                           :      3
  9   11  17  

  Hydrogens                                :  (n = 2)
  22   23   

  Lone pairs added to molecule             :      6
  Numbering                                : from 30 to 35

--------------------------------------------------------------------------------
--- Postprocessing of typing                                                 ---
--------------------------------------------------------------------------------
  Fragment file                            : /home/hitesit/CCDC/Discovery_2022/GOLD/gold/rotatable_bond_override.mol2
  acylurea fragment                        : 2 matches
  Ligand bond 15-8  set to flip
  Ligand bond 15-10  set to flip
  Ligand bond 15-10  set to 1
  Ligand bond 15-8  set to 1
  Ligand bond 10-4  set to flip
  Ligand bond 8-3  set to flip
  thioacylthiourea fragment                : no matches
  acylthiourea fragment                    : no matches
  thioacylurea fragment                    : no matches
  diarylamine fragment >C.ar-NH-C.ar<      : no matches
  sec-amine (1) fragment                   : no matches
  sec-amine (2) fragment                   : no matches
  sec-amine (3) fragment                   : no matches
  carboxylic ester                         : no matches

* Rotatable bonds in /mnt/c/Users/ricca/D  :
  [   1    2] [   1    5] 
  No. of rotatable bonds                   :      2


* Reading torsional distributions from file:
  /home/hitesit/CCDC/Discovery_2022/GOLD/gold/gold.tordist
  No. of bins in torsional distributions   :     36
  Minimum size of largest peak             :      0
  Removing high energy torsions            : on
  Delta E set to                           :   2.500

* Fragments found in /mnt/c/Users/ricca/D  :
  atom   2: benzene
  atom   6: benzene
  atom   7: benzene
  atom  13: benzene
  atom  14: benzene
  atom  16: benzene


* Checking torsion distributions:                                               
  No. of matched torsions                  :      0

--------------------------------------------------------------------------------
--- Shape fitting atoms selection (hydrophobic atoms)                        ---
--------------------------------------------------------------------------------
  Molecule                                 : /mnt/c/Users/ricca/Desktop/Documents/1_Coding/1_Script_Github/Reverse_Docking_Explore_V3/7ts3/ligand_prepared.mol2
  Selection                                : carbons only
  Atom numbers                             :  (n = 7)
  5    6    7    12   13   14   16   

--------------------------------------------------------------------------------
--- Diverse Solutions Setup                                                  ---
--------------------------------------------------------------------------------
  Cluster size                             :      2
  RMSD                                     :   2.000
  Refinement                               :      0


--------------------------------------------------------------------------------
--- ChemScore ligand setup summary                                           ---
--------------------------------------------------------------------------------
  ChemScore ligand acceptors               :      3
  9 11 17 
  ChemScore ligand donors                  :      2
  8 ( 22  ) 10 ( 23  ) 
  ChemScore ligand CH donors               :      0
  

  ChemScore ligand lipophilic atoms        :  (n = 9)
  1    2    5    6    7    12   13   14   16   

  ChemScore ligand rotatable bonds         :      2
  1   (C1 ) - 2   (C2 ): SP3_SP2_BOND
  1   (C1 ) - 5   (C5 ): SP3_SP3_BOND

--------------------------------------------------------------------------------
--- PLP ligand setup summary                                                 ---
--------------------------------------------------------------------------------
    1    C1   C.3 NONPOLAR
    2    C2  C.ar NONPOLAR
    3    C3   C.2 NONPOLAR
    4    C4   C.2 NONPOLAR
    5    C5   C.3 NONPOLAR
    6    C6  C.ar NONPOLAR
    7    C7  C.ar NONPOLAR
    8    N8  N.am DONOR
    9    O9   O.2 ACCEPTOR
   10   N10  N.am DONOR
   11   O11   O.2 ACCEPTOR
   12   C12   C.3 NONPOLAR
   13   C13  C.ar NONPOLAR
   14   C14  C.ar NONPOLAR
   15   C15   C.2 NONPOLAR
   16   C16  C.ar NONPOLAR
   17   O17   O.2 ACCEPTOR

--------------------------------------------------------------------------------
--- Automatic parameter setting                                              ---
--------------------------------------------------------------------------------
  Contribution base                        :   2500
  Contribution per rotatable bond          :   6000
  Contribution per df                      :   4000
  Contribution per water                   :  10000
  Ligand rotatable bonds                   :      2
  Protein flexible side chain bonds        :      0
  Total rotatable bonds                    :      2
  Hydrophobic vol ratio (P/L)              :   1.537
  Base multiplier (polar)                  :   1.000
  Base multiplier (apolar)                 :   2.152
  Base contribution                        : 7500.000
  Fitting points                           :      5
  Estimated maxops needed (optimal)        :  20000
  Autoscale factor (in percent)            :     10
  Scaled maxops                            :   2250

--------------------------------------------------------------------------------

* Population settings                                                           
  maxops                                   :   2250
  popsiz                                   :    100
  select_pressure                          :   1.100
  n_islands                                :      1
  niche_siz                                :      2

* GA settings                                                                   
  pt_crosswt                               :    100
  allele_mutatewt                          :    100
  migratewt                                :      0

* Search settings                                                               
  start_vdw_linear_cutoff                  :   6.000
  initial_virtual_pt_match_max             :   3.000
  Scaling of internal VDW energy           : log scale from  0.2 to    1
                                             over 1687 ops
  Sampling interval (operations)           :     22
  Scaling of virtual pt maximum length     : linear scale from    3 to    2
                                             over  1687 ops
  Sampling interval (operations)           :     67
  Scaling of 4-8 potential cutoff          : log scale from    6 to 1.2e+02
                                             over 1687 ops
  Sampling interval (operations)           :     67

--------------------------------------------------------------------------------

* Ligand initialisation time :                                                  
  total  0.0185 user  0.0000 sys  0.0185

--------------------------------------------------------------------------------

--------------------------------------------------------------------------------
** Docking run number  1 **
--------------------------------------------------------------------------------
  Rank fitness base is 5000.00 ; increment is 11.2233

* Initialising population(s) ...                                                
Number of constraints mappings 0
Number of constraints 0
  Population no.                           :      1
  Population size                          :    100
  Number of duplicates                     :      0
  Number of niche violations               :      0
  Number of errors                         :     38


Doing GA, no. of population(s) 1 size 100 selection pressure 1.100000

 Operation      Fitness  S(hb_ext) S(vdw_ext)  S(hb_int)    S(int)      intcor
         0      52.99      10.50      31.34       0.00      -3.06      -0.77
       100      57.80      10.49      35.20       0.00      -4.99      -0.77
       146      59.34      10.47      35.84       0.00      -1.81      -0.77
       348      56.99      10.41      35.27       0.00      -7.00      -0.77
Reordering...
       396      56.87      10.41      34.18       0.00      -1.81      -0.77
Reordering...
       402      56.16      10.39      34.77       0.00      -7.00      -0.77
       499      58.82      11.13      35.10       0.00      -1.81      -0.77
       970      53.95      11.01      31.89       0.00      -1.81      -0.77
      1008      53.20      11.00      31.37       0.00      -1.81      -0.77
      1146      54.36      11.50      32.15       0.00      -2.26      -0.77
      1171      54.34      11.50      32.16       0.00      -2.26      -0.77
      1972      46.05      11.46      26.81       0.00      -2.26      -0.77
      2092      50.35      11.37      31.80       0.00      -4.74      -0.77
      2239      52.89      11.13      32.14       0.00      -2.42      -0.77
--------------------------------------------------------------------------------
Best docking solution after GA:
      2250      52.89      11.13      32.14       0.00      -2.42      -0.77

#ops:       2250 #mutates:   1098 #cross:     1152 #dups:       428 
#niche:     1217 #errors:      15 
--------------------------------------------------------------------------------

Doing AMOEBA simplex on best individual
Done simplexing #iterations 650, best score  59.35

Ligand is stored in gold_soln_ligand_prepared_m1_1.mol2


--------------------------------------------------------------------------------
--- GoldScore breakdown of terms                                             ---
--------------------------------------------------------------------------------
Fitness = S(hb_ext) + 1.3750*S(vdw_ext) + S(hb_int) + 1.0000*S(int)
S(int)  = S(vdw_int) + S(tors)

Internal terms are relative to best energy found (intcor).

--------------------------------------------------------------------------------


     Fitness  S(hb_ext) S(vdw_ext)  S(hb_int)    S(int)      intcor
     59.35      10.42      36.93       0.00      -1.84      -0.77

--------------------------------------------------------------------------------
--- GoldScore analysis of protein-ligand interactions                        ---
--------------------------------------------------------------------------------

  Ligand acceptor   17 Protein hydrogen 17195 donor 17141 bond energy  2.00 wt 0.21
  Ligand acceptor   11 Protein metal coordination point 27339 metal 26840 bond energy 10.00 wt 1.00

--------------------------------------------------------------------------------

--------------------------------------------------------------------------------
--- Rescoring solution                                                       ---
--------------------------------------------------------------------------------

     Score     S(PLP)   S(hbond)     S(cho)   S(metal)  DE(clash)   DE(tors)
     38.45     -34.82       0.00       0.00       1.00       0.30       1.03

Doing AMOEBA simplex on best individual
Done simplexing #iterations 675, best score  45.35

     Score     S(PLP)   S(hbond)     S(cho)   S(metal)  DE(clash)   DE(tors)
     45.35     -41.44       0.00       0.00       1.00       0.00       1.04

--------------------------------------------------------------------------------
--- CHEMPLP breakdown of terms                                               ---
--------------------------------------------------------------------------------
CHEMPLP = - ( 1.0000*S(PLP) + -3.0000*S(hbond) + -6.0000*S(metal) + -3.0000*S(cho) )

Score = CHEMPLP - 1.0000*DE(clash) - 2.0000*DE(tors)


--------------------------------------------------------------------------------


--------------------------------------------------------------------------------
--- PLP analysis of protein-ligand interactions                              ---
--------------------------------------------------------------------------------
hydrogen bonding        :      -2.98
metal                   :      -0.87
buried (polar-nonpolar) :      14.83
nonpolar                :     -62.44
repulsive               :       7.12
--------------------------------------------------------------------------------


--------------------------------------------------------------------------------
--- ChemScore analysis of protein-ligand interactions                        ---
--------------------------------------------------------------------------------

* Hydrogen bonds                                                                
Ligand acceptor   11 Protein metal                  26840 bond energy  1.00 wt 1.00


* CH..O interactions                                                            
  CH group selection                       : activated ring CH (adjacent to hetatom)

--------------------------------------------------------------------------------


--------------------------------------------------------------------------------
--- Intra-ligand clashes                                                     ---
--------------------------------------------------------------------------------

Ligand
--------------------------------------------------------------------------------


--------------------------------------------------------------------------------
--- Chromosome decoded                                                       ---
--------------------------------------------------------------------------------
Ligand Torsions
[   6    2    1    3]   81.38
[  12    5    1    2] -158.05
Protein Torsions
[18421 18376 18375 18373]   40.02 
[18225 18202 18201 18198]    1.27 
[16931 16868 16867 16865]   70.54 
[11361 11338 11337 11334]   26.63 
[26024 25971 25970 25968]  163.16 
[18579 18551 18549 18546]  -66.62 
Mapping
Ligand acceptors to protein hydrogens (mapping then atom ids)
  2  52 [ 11->27339]
  3   4 [ 17->17195]
Ligand hydrogens to protein acceptors (mapping then atom ids)
Ligand shape atoms to protein points (mapping then atom ids & coords)
  1  1266 [  5->(260.000 350.250 -59.750)]
  2  2061 [  6->(261.750 350.500 -59.000)]
  3  1765 [  7->(260.750 351.250 -61.500)]
  5  2542 [ 13->(263.250 350.000 -61.750)]
Chromosome values
Integers:
  -1   51    3   -1   -1 1265 2060 1764   -1 2541   -1   -1 
--------------------------------------------------------------------------------


--------------------------------------------------------------------------------
--- Diverse Solutions Stats                                                  ---
--------------------------------------------------------------------------------
  Move attempts                            :  18294
  Move failures                            :      0
  Failure rate                             :   0.000

--------------------------------------------------------------------------------

Current Ranking  1

--------------------------------------------------------------------------------

* GA execution time :                                                           
  total  0.6734 user  0.6366 sys  0.0368

--------------------------------------------------------------------------------
Fitness function evaluations: 18347

--------------------------------------------------------------------------------
** Docking run number  2 **
--------------------------------------------------------------------------------
  Rank fitness base is 5000.00 ; increment is 11.2233

* Initialising population(s) ...                                                
Number of constraints mappings 0
Number of constraints 0
  Population no.                           :      1
  Population size                          :    100
  Number of duplicates                     :      0
  Number of niche violations               :      0
  Number of errors                         :     32


Doing GA, no. of population(s) 1 size 100 selection pressure 1.100000

 Operation      Fitness  S(hb_ext) S(vdw_ext)  S(hb_int)    S(int)      intcor
         0      41.95       0.14      32.43       0.00     -13.90      -0.77
       171      38.42       0.12      30.20       0.00     -13.90      -0.77
       176      53.99       7.96      34.21       0.00      -4.22      -0.77
       542      56.46      10.63      34.28       0.00      -3.94      -0.77
       892      51.37      10.51      31.04       0.00      -3.94      -0.77
      1280      47.05      10.52      28.02       0.00      -2.97      -0.77
      1467      45.05       8.07      29.19       0.00      -3.94      -0.77
      1506      44.23       7.99      28.74       0.00      -3.94      -0.77
      1627      42.78      10.21      24.35       0.00      -0.98      -0.77
      1646      42.82      10.21      24.39       0.00      -0.98      -0.77
Reordering...
      1675      41.22       7.76      27.16       0.00      -3.94      -0.77
      1693      40.99       7.74      27.04       0.00      -3.94      -0.77
      1774      41.37       7.97      27.15       0.00      -3.94      -0.77
      2085      44.33      10.81      26.78       0.00      -3.31      -0.77
--------------------------------------------------------------------------------
Best docking solution after GA:
      2250      44.33      10.81      26.78       0.00      -3.31      -0.77

#ops:       2250 #mutates:   1144 #cross:     1106 #dups:       439 
#niche:     1119 #errors:      16 
--------------------------------------------------------------------------------

Doing AMOEBA simplex on best individual
Done simplexing #iterations 772, best score  60.11

Ligand is stored in gold_soln_ligand_prepared_m1_2.mol2


--------------------------------------------------------------------------------
--- GoldScore breakdown of terms                                             ---
--------------------------------------------------------------------------------
Fitness = S(hb_ext) + 1.3750*S(vdw_ext) + S(hb_int) + 1.0000*S(int)
S(int)  = S(vdw_int) + S(tors)

Internal terms are relative to best energy found (intcor).

--------------------------------------------------------------------------------


     Fitness  S(hb_ext) S(vdw_ext)  S(hb_int)    S(int)      intcor
     60.11      10.39      37.12       0.00      -1.32      -0.77

--------------------------------------------------------------------------------
--- GoldScore analysis of protein-ligand interactions                        ---
--------------------------------------------------------------------------------

  Ligand acceptor   17 Protein hydrogen 17195 donor 17141 bond energy  2.00 wt 0.20
  Ligand acceptor   11 Protein metal coordination point 27339 metal 26840 bond energy 10.00 wt 1.00

--------------------------------------------------------------------------------

--------------------------------------------------------------------------------
--- Rescoring solution                                                       ---
--------------------------------------------------------------------------------

     Score     S(PLP)   S(hbond)     S(cho)   S(metal)  DE(clash)   DE(tors)
     32.14     -28.57       0.00       0.00       1.00       0.77       0.83

Doing AMOEBA simplex on best individual
Done simplexing #iterations 772, best score  45.17

     Score     S(PLP)   S(hbond)     S(cho)   S(metal)  DE(clash)   DE(tors)
     45.17     -41.28       0.00       0.00       1.00       0.02       1.04

--------------------------------------------------------------------------------
--- CHEMPLP breakdown of terms                                               ---
--------------------------------------------------------------------------------
CHEMPLP = - ( 1.0000*S(PLP) + -3.0000*S(hbond) + -6.0000*S(metal) + -3.0000*S(cho) )

Score = CHEMPLP - 1.0000*DE(clash) - 2.0000*DE(tors)


--------------------------------------------------------------------------------


--------------------------------------------------------------------------------
--- PLP analysis of protein-ligand interactions                              ---
--------------------------------------------------------------------------------
hydrogen bonding        :      -2.55
metal                   :      -1.00
buried (polar-nonpolar) :      16.88
nonpolar                :     -61.77
repulsive               :       3.82
--------------------------------------------------------------------------------


--------------------------------------------------------------------------------
--- ChemScore analysis of protein-ligand interactions                        ---
--------------------------------------------------------------------------------

* Hydrogen bonds                                                                
Ligand acceptor   11 Protein metal                  26840 bond energy  1.00 wt 1.00


* CH..O interactions                                                            
  CH group selection                       : activated ring CH (adjacent to hetatom)

--------------------------------------------------------------------------------


--------------------------------------------------------------------------------
--- Intra-ligand clashes                                                     ---
--------------------------------------------------------------------------------

Ligand
  7 (C7   ) -   4 (C4   ):   0.02 (dist   2.75)
--------------------------------------------------------------------------------


--------------------------------------------------------------------------------
--- Chromosome decoded                                                       ---
--------------------------------------------------------------------------------
Ligand Torsions
[   6    2    1    3]   80.60
[  12    5    1    2] -161.87
Protein Torsions
[18421 18376 18375 18373]  173.08 
[18225 18202 18201 18198]    3.68 
[16931 16868 16867 16865] -131.20 
[11361 11338 11337 11334]    7.00 
[26024 25971 25970 25968]  161.86 
[18579 18551 18549 18546]  -68.37 
Mapping
Ligand acceptors to protein hydrogens (mapping then atom ids)
  2  52 [ 11->27339]
Ligand hydrogens to protein acceptors (mapping then atom ids)
Ligand shape atoms to protein points (mapping then atom ids & coords)
  1  1147 [  5->(259.750 351.250 -58.750)]
  6  2292 [ 14->(262.750 350.000 -62.000)]
Chromosome values
Integers:
  -1   51   -1   -1   -1 1146   -1   -1   -1   -1 2291   -1 
--------------------------------------------------------------------------------


--------------------------------------------------------------------------------
--- Diverse Solutions Stats                                                  ---
--------------------------------------------------------------------------------
  Move attempts                            :  18584
  Move failures                            :      0
  Failure rate                             :   0.000

--------------------------------------------------------------------------------

Current Ranking  2  1

--------------------------------------------------------------------------------

* GA execution time :                                                           
  total  0.8136 user  0.7830 sys  0.0305

--------------------------------------------------------------------------------
Fitness function evaluations: 18630

--------------------------------------------------------------------------------
** Docking run number  3 **
--------------------------------------------------------------------------------
  Rank fitness base is 5000.00 ; increment is 11.2233

* Initialising population(s) ...                                                
Number of constraints mappings 0
Number of constraints 0
  Population no.                           :      1
  Population size                          :    100
  Number of duplicates                     :      0
  Number of niche violations               :      0
  Number of errors                         :     44


Doing GA, no. of population(s) 1 size 100 selection pressure 1.100000

 Operation      Fitness  S(hb_ext) S(vdw_ext)  S(hb_int)    S(int)      intcor
         0      44.10       7.02      28.88       0.00     -13.19      -0.77
        73      49.46      10.80      31.99       0.00     -24.99      -0.77
       196      51.19      10.79      31.73       0.00     -13.64      -0.77
       453      45.53      10.74      28.32       0.00     -13.64      -0.77
       810      35.83      10.60      21.41       0.00      -9.89      -0.77
Reordering...
       871      34.47       5.59      22.32       0.00      -4.01      -0.77
      1598      31.93       5.59      21.80       0.00      -4.01      -0.76
--------------------------------------------------------------------------------
Best docking solution after GA:
      2250      31.55       5.59      21.80       0.00      -4.01      -0.76

#ops:       2250 #mutates:   1164 #cross:     1086 #dups:       366 
#niche:     1020 #errors:      26 
--------------------------------------------------------------------------------

Doing AMOEBA simplex on best individual
Done simplexing #iterations 603, best score  35.72

Ligand is stored in gold_soln_ligand_prepared_m1_3.mol2


--------------------------------------------------------------------------------
--- GoldScore breakdown of terms                                             ---
--------------------------------------------------------------------------------
Fitness = S(hb_ext) + 1.3750*S(vdw_ext) + S(hb_int) + 1.0000*S(int)
S(int)  = S(vdw_int) + S(tors)

Internal terms are relative to best energy found (intcor).

--------------------------------------------------------------------------------


     Fitness  S(hb_ext) S(vdw_ext)  S(hb_int)    S(int)      intcor
     35.72       4.90      24.49       0.00      -2.86      -0.76

--------------------------------------------------------------------------------
--- GoldScore analysis of protein-ligand interactions                        ---
--------------------------------------------------------------------------------

  Ligand donor    8 hydrogen   22 Protein acceptor 26829 bond energy  6.00 wt 0.82

--------------------------------------------------------------------------------

--------------------------------------------------------------------------------
--- Rescoring solution                                                       ---
--------------------------------------------------------------------------------

     Score     S(PLP)   S(hbond)     S(cho)   S(metal)  DE(clash)   DE(tors)
     11.22     -10.17       1.00       0.00       0.00       1.33       0.31

Doing AMOEBA simplex on best individual
Done simplexing #iterations 818, best score  21.35

     Score     S(PLP)   S(hbond)     S(cho)   S(metal)  DE(clash)   DE(tors)
     21.35     -20.92       1.00       0.00       0.00       1.30       0.64

--------------------------------------------------------------------------------
--- CHEMPLP breakdown of terms                                               ---
--------------------------------------------------------------------------------
CHEMPLP = - ( 1.0000*S(PLP) + -3.0000*S(hbond) + -6.0000*S(metal) + -3.0000*S(cho) )

Score = CHEMPLP - 1.0000*DE(clash) - 2.0000*DE(tors)


--------------------------------------------------------------------------------


--------------------------------------------------------------------------------
--- PLP analysis of protein-ligand interactions                              ---
--------------------------------------------------------------------------------
hydrogen bonding        :      -1.91
metal                   :       0.00
buried (polar-nonpolar) :      12.50
nonpolar                :     -40.21
repulsive               :       6.34
--------------------------------------------------------------------------------


--------------------------------------------------------------------------------
--- ChemScore analysis of protein-ligand interactions                        ---
--------------------------------------------------------------------------------

* Hydrogen bonds                                                                
Ligand donor    8 hydrogen   22 Protein acceptor 26829 bond energy  1.00 wt 1.00


* CH..O interactions                                                            
  CH group selection                       : activated ring CH (adjacent to hetatom)

--------------------------------------------------------------------------------


--------------------------------------------------------------------------------
--- Intra-ligand clashes                                                     ---
--------------------------------------------------------------------------------

Ligand
  7 (C7   ) -   3 (C3   ):   1.30 (dist   2.71)
--------------------------------------------------------------------------------


--------------------------------------------------------------------------------
--- Chromosome decoded                                                       ---
--------------------------------------------------------------------------------
Ligand Torsions
[   6    2    1    3]  176.21
[  12    5    1    2]  167.50
Protein Torsions
[18421 18376 18375 18373]   52.93 
[18225 18202 18201 18198]  162.50 
[16931 16868 16867 16865]  -49.52 
[11361 11338 11337 11334]  135.61 
[26024 25971 25970 25968]  -58.25 
[18579 18551 18549 18546]   22.58 
Mapping
Ligand acceptors to protein hydrogens (mapping then atom ids)
Ligand hydrogens to protein acceptors (mapping then atom ids)
Ligand shape atoms to protein points (mapping then atom ids & coords)
  2  2216 [  6->(262.250 352.000 -58.750)]
  5   409 [ 13->(258.500 353.500 -61.500)]
  6  1646 [ 14->(260.500 351.250 -60.250)]
  7   705 [ 16->(259.000 352.750 -61.500)]
Chromosome values
Integers:
  -1   -1   -1   -1   -1   -1 2215   -1   -1  408 1645  704 
--------------------------------------------------------------------------------


--------------------------------------------------------------------------------
--- Diverse Solutions Stats                                                  ---
--------------------------------------------------------------------------------
  Move attempts                            :  18385
  Move failures                            :     12
  Failure rate                             :   0.001

--------------------------------------------------------------------------------

Current Ranking  2  1  3

--------------------------------------------------------------------------------

* GA execution time :                                                           
  total  0.7889 user  0.7589 sys  0.0300

--------------------------------------------------------------------------------
Fitness function evaluations: 18442

--------------------------------------------------------------------------------
** Docking run number  4 **
--------------------------------------------------------------------------------
  Rank fitness base is 5000.00 ; increment is 11.2233

* Initialising population(s) ...                                                
Number of constraints mappings 0
Number of constraints 0
  Population no.                           :      1
  Population size                          :    100
  Number of duplicates                     :      0
  Number of niche violations               :      0
  Number of errors                         :     42


Doing GA, no. of population(s) 1 size 100 selection pressure 1.100000

 Operation      Fitness  S(hb_ext) S(vdw_ext)  S(hb_int)    S(int)      intcor
         0      42.91       1.15      33.11       0.00     -18.81      -0.76
       136      41.88       1.98      32.12       0.00     -18.81      -0.76
       509      36.16       0.93      28.59       0.00     -12.61      -0.76
Reordering...
       536      34.90       1.84      28.57       0.00     -18.81      -0.76
       617      38.65       0.25      31.97       0.00     -15.44      -0.76
       622      38.71       0.25      32.01       0.00     -15.44      -0.76
       929      32.87       0.91      27.56       0.00     -12.30      -0.76
      1077      28.91       0.83      25.32       0.00     -12.30      -0.76
      1156      27.38       0.78      24.68       0.00     -12.30      -0.76
      1267      25.51       0.68      24.18       0.00     -12.72      -0.76
      1363      22.24       0.44      16.16       0.00      -0.59      -0.76
      1458      32.79       0.69      23.69       0.00      -0.59      -0.76
      1620      33.21       0.66      24.13       0.00      -0.68      -0.76
--------------------------------------------------------------------------------
Best docking solution after GA:
      2250      33.12       0.61      24.13       0.00      -0.68      -0.76

#ops:       2250 #mutates:   1145 #cross:     1105 #dups:       398 
#niche:     1059 #errors:      31 
--------------------------------------------------------------------------------

Doing AMOEBA simplex on best individual
Done simplexing #iterations 902, best score  43.01

Ligand is stored in gold_soln_ligand_prepared_m1_4.mol2


--------------------------------------------------------------------------------
--- GoldScore breakdown of terms                                             ---
--------------------------------------------------------------------------------
Fitness = S(hb_ext) + 1.3750*S(vdw_ext) + S(hb_int) + 1.0000*S(int)
S(int)  = S(vdw_int) + S(tors)

Internal terms are relative to best energy found (intcor).

--------------------------------------------------------------------------------


     Fitness  S(hb_ext) S(vdw_ext)  S(hb_int)    S(int)      intcor
     43.01       1.37      30.68       0.00      -0.54      -0.76

--------------------------------------------------------------------------------
--- GoldScore analysis of protein-ligand interactions                        ---
--------------------------------------------------------------------------------

  Ligand acceptor   17 Protein hydrogen 16931 donor 16868 bond energy  2.00 wt 0.67
  Ligand donor    8 hydrogen   22 Protein acceptor 11385 bond energy  2.00 wt 0.01

--------------------------------------------------------------------------------

--------------------------------------------------------------------------------
--- Rescoring solution                                                       ---
--------------------------------------------------------------------------------

     Score     S(PLP)   S(hbond)     S(cho)   S(metal)  DE(clash)   DE(tors)
      6.23      -7.04       0.59       0.00       0.00       0.00       1.29

Doing AMOEBA simplex on best individual
Done simplexing #iterations 1010, best score  28.72

     Score     S(PLP)   S(hbond)     S(cho)   S(metal)  DE(clash)   DE(tors)
     28.72     -30.18       0.35       0.00       0.00       0.00       1.25

--------------------------------------------------------------------------------
--- CHEMPLP breakdown of terms                                               ---
--------------------------------------------------------------------------------
CHEMPLP = - ( 1.0000*S(PLP) + -3.0000*S(hbond) + -6.0000*S(metal) + -3.0000*S(cho) )

Score = CHEMPLP - 1.0000*DE(clash) - 2.0000*DE(tors)


--------------------------------------------------------------------------------


--------------------------------------------------------------------------------
--- PLP analysis of protein-ligand interactions                              ---
--------------------------------------------------------------------------------
hydrogen bonding        :      -3.00
metal                   :       0.00
buried (polar-nonpolar) :       5.87
nonpolar                :     -36.72
repulsive               :       1.57
--------------------------------------------------------------------------------


--------------------------------------------------------------------------------
--- ChemScore analysis of protein-ligand interactions                        ---
--------------------------------------------------------------------------------

* Hydrogen bonds                                                                
Ligand donor    8 hydrogen   22 Protein acceptor 11385 bond energy  1.00 wt 0.35


* CH..O interactions                                                            
  CH group selection                       : activated ring CH (adjacent to hetatom)

--------------------------------------------------------------------------------


--------------------------------------------------------------------------------
--- Intra-ligand clashes                                                     ---
--------------------------------------------------------------------------------

Ligand
--------------------------------------------------------------------------------


--------------------------------------------------------------------------------
--- Chromosome decoded                                                       ---
--------------------------------------------------------------------------------
Ligand Torsions
[   6    2    1    3]   95.51
[  12    5    1    2] -167.52
Protein Torsions
[18421 18376 18375 18373]  -59.63 
[18225 18202 18201 18198]   17.03 
[16931 16868 16867 16865]  -43.45 
[11361 11338 11337 11334]  120.88 
[26024 25971 25970 25968]  120.80 
[18579 18551 18549 18546] -100.29 
Mapping
Ligand acceptors to protein hydrogens (mapping then atom ids)
Ligand hydrogens to protein acceptors (mapping then atom ids)
Ligand shape atoms to protein points (mapping then atom ids & coords)
  1  2560 [  5->(263.250 350.250 -60.000)]
  5   374 [ 13->(258.500 352.500 -61.000)]
  7   216 [ 16->(258.250 351.500 -58.750)]
Chromosome values
Integers:
  -1   -1   -1   -1   -1 2559   -1   -1   -1  373   -1  215 
--------------------------------------------------------------------------------


--------------------------------------------------------------------------------
--- Diverse Solutions Stats                                                  ---
--------------------------------------------------------------------------------
  Move attempts                            :  19210
  Move failures                            :     10
  Failure rate                             :   0.001

--------------------------------------------------------------------------------

Current Ranking  2  1  4  3

--------------------------------------------------------------------------------

* GA execution time :                                                           
  total  0.6966 user  0.6882 sys  0.0084

--------------------------------------------------------------------------------
Fitness function evaluations: 19272

--------------------------------------------------------------------------------
** Docking run number  5 **
--------------------------------------------------------------------------------
  Rank fitness base is 5000.00 ; increment is 11.2233

* Initialising population(s) ...                                                
Number of constraints mappings 0
Number of constraints 0
  Population no.                           :      1
  Population size                          :    100
  Number of duplicates                     :      0
  Number of niche violations               :      0
  Number of errors                         :     41


Doing GA, no. of population(s) 1 size 100 selection pressure 1.100000

 Operation      Fitness  S(hb_ext) S(vdw_ext)  S(hb_int)    S(int)      intcor
         0      40.10       0.70      31.53       0.00     -19.77      -0.76
        20      42.13       0.63      33.06       0.00     -19.77      -0.76
Reordering...
       335      34.48       0.53      28.55       0.00     -19.34      -0.76
Reordering...
       440      33.41       5.12      20.74       0.00      -0.73      -0.76
Reordering...
       469      32.75       0.43      27.88       0.00     -19.34      -0.76
       535      33.97       5.35      23.33       0.00     -10.45      -0.76
       618      42.66       0.06      32.38       0.00      -5.35      -0.76
      2128      30.91       0.13      26.21       0.00      -5.27      -0.76
--------------------------------------------------------------------------------
Best docking solution after GA:
      2250      30.91       0.13      26.21       0.00      -5.27      -0.76

#ops:       2250 #mutates:   1140 #cross:     1110 #dups:       352 
#niche:     1085 #errors:      28 
--------------------------------------------------------------------------------

Doing AMOEBA simplex on best individual
Done simplexing #iterations 708, best score  44.78

Ligand is stored in gold_soln_ligand_prepared_m1_5.mol2


--------------------------------------------------------------------------------
--- GoldScore breakdown of terms                                             ---
--------------------------------------------------------------------------------
Fitness = S(hb_ext) + 1.3750*S(vdw_ext) + S(hb_int) + 1.0000*S(int)
S(int)  = S(vdw_int) + S(tors)

Internal terms are relative to best energy found (intcor).

--------------------------------------------------------------------------------


     Fitness  S(hb_ext) S(vdw_ext)  S(hb_int)    S(int)      intcor
     44.78       0.13      35.82       0.00      -4.60      -0.76

--------------------------------------------------------------------------------
--- GoldScore analysis of protein-ligand interactions                        ---
--------------------------------------------------------------------------------

  Ligand donor    8 hydrogen   22 Protein acceptor 18272 bond energy  2.00 wt 0.06

--------------------------------------------------------------------------------

--------------------------------------------------------------------------------
--- Rescoring solution                                                       ---
--------------------------------------------------------------------------------

     Score     S(PLP)   S(hbond)     S(cho)   S(metal)  DE(clash)   DE(tors)
      7.46      -7.39       0.72       0.00       0.00       0.14       0.98

Doing AMOEBA simplex on best individual
Done simplexing #iterations 895, best score  30.28

     Score     S(PLP)   S(hbond)     S(cho)   S(metal)  DE(clash)   DE(tors)
     30.28     -31.67       0.33       0.00       0.00       0.00       1.20

--------------------------------------------------------------------------------
--- CHEMPLP breakdown of terms                                               ---
--------------------------------------------------------------------------------
CHEMPLP = - ( 1.0000*S(PLP) + -3.0000*S(hbond) + -6.0000*S(metal) + -3.0000*S(cho) )

Score = CHEMPLP - 1.0000*DE(clash) - 2.0000*DE(tors)


--------------------------------------------------------------------------------


--------------------------------------------------------------------------------
--- PLP analysis of protein-ligand interactions                              ---
--------------------------------------------------------------------------------
hydrogen bonding        :      -3.35
metal                   :       0.00
buried (polar-nonpolar) :      19.17
nonpolar                :     -50.13
repulsive               :       0.87
--------------------------------------------------------------------------------


--------------------------------------------------------------------------------
--- ChemScore analysis of protein-ligand interactions                        ---
--------------------------------------------------------------------------------

* Hydrogen bonds                                                                
Ligand donor   10 hydrogen   23 Protein acceptor 17048 bond energy  1.00 wt 0.05
Protein donor 17141 hydrogen 17195 Ligand acceptor   11 bond energy  1.00 wt 0.24
Protein donor 18241 hydrogen 18257 Ligand acceptor   17 bond energy  1.00 wt 0.04


* CH..O interactions                                                            
  CH group selection                       : activated ring CH (adjacent to hetatom)

--------------------------------------------------------------------------------


--------------------------------------------------------------------------------
--- Intra-ligand clashes                                                     ---
--------------------------------------------------------------------------------

Ligand
--------------------------------------------------------------------------------


--------------------------------------------------------------------------------
--- Chromosome decoded                                                       ---
--------------------------------------------------------------------------------
Ligand Torsions
[   6    2    1    3] -112.11
[  12    5    1    2]  -46.73
Protein Torsions
[18421 18376 18375 18373]   43.15 
[18225 18202 18201 18198] -131.32 
[16931 16868 16867 16865]   -9.67 
[11361 11338 11337 11334]   12.27 
[26024 25971 25970 25968]  128.53 
[18579 18551 18549 18546] -111.00 
Mapping
Ligand acceptors to protein hydrogens (mapping then atom ids)
Ligand hydrogens to protein acceptors (mapping then atom ids)
Ligand shape atoms to protein points (mapping then atom ids & coords)
  1  1276 [  5->(260.000 350.750 -61.250)]
  3  2431 [  7->(263.000 350.500 -58.000)]
  5  2281 [ 13->(262.500 351.750 -57.500)]
  6  2124 [ 14->(262.000 350.750 -58.000)]
  7  2439 [ 16->(263.000 350.750 -58.750)]
Chromosome values
Integers:
  -1   -1   -1   -1   -1 1275   -1 2430   -1 2280 2123 2438 
--------------------------------------------------------------------------------


--------------------------------------------------------------------------------
--- Diverse Solutions Stats                                                  ---
--------------------------------------------------------------------------------
  Move attempts                            :  18730
  Move failures                            :     18
  Failure rate                             :   0.001

--------------------------------------------------------------------------------

Current Ranking  2  1  5  4  3

--------------------------------------------------------------------------------

* GA execution time :                                                           
  total  0.6620 user  0.6527 sys  0.0093

--------------------------------------------------------------------------------
Fitness function evaluations: 18779

--------------------------------------------------------------------------------
** Docking run number  6 **
--------------------------------------------------------------------------------
  Rank fitness base is 5000.00 ; increment is 11.2233

* Initialising population(s) ...                                                
Number of constraints mappings 0
Number of constraints 0
  Population no.                           :      1
  Population size                          :    100
  Number of duplicates                     :      0
  Number of niche violations               :      0
  Number of errors                         :     59


Doing GA, no. of population(s) 1 size 100 selection pressure 1.100000

 Operation      Fitness  S(hb_ext) S(vdw_ext)  S(hb_int)    S(int)      intcor
         0      51.08       8.42      31.45       0.00      -2.93      -0.76
       457      42.96       3.06      30.58       0.00      -7.05      -0.76
       762      30.89       0.45      24.81       0.00      -9.01      -0.76
Reordering...
       938      26.67       3.56      18.84       0.00      -5.77      -0.76
Reordering...
      1232      23.46       1.12      16.75       0.00      -1.07      -0.76
      1373      24.62       3.36      18.54       0.00      -5.77      -0.76
Reordering...
      1540      23.77       0.12      19.21       0.00      -3.17      -0.76
      1542      23.86       0.11      19.28       0.00      -3.17      -0.76
      1556      23.96       0.11      19.35       0.00      -3.17      -0.76
      1559      29.93       3.00      21.23       0.00      -2.60      -0.76
      1731      30.22       3.45      20.13       0.00      -0.90      -0.76
--------------------------------------------------------------------------------
Best docking solution after GA:
      2250      30.22       3.45      20.13       0.00      -0.90      -0.76

#ops:       2250 #mutates:   1122 #cross:     1128 #dups:       414 
#niche:     1000 #errors:      25 
--------------------------------------------------------------------------------

Doing AMOEBA simplex on best individual
Done simplexing #iterations 732, best score  37.58

Ligand is stored in gold_soln_ligand_prepared_m1_6.mol2


--------------------------------------------------------------------------------
--- GoldScore breakdown of terms                                             ---
--------------------------------------------------------------------------------
Fitness = S(hb_ext) + 1.3750*S(vdw_ext) + S(hb_int) + 1.0000*S(int)
S(int)  = S(vdw_int) + S(tors)

Internal terms are relative to best energy found (intcor).

--------------------------------------------------------------------------------


     Fitness  S(hb_ext) S(vdw_ext)  S(hb_int)    S(int)      intcor
     37.58       1.89      26.46       0.00      -0.68      -0.76

--------------------------------------------------------------------------------
--- GoldScore analysis of protein-ligand interactions                        ---
--------------------------------------------------------------------------------

  Ligand donor    8 hydrogen   22 Protein acceptor 26829 bond energy  6.00 wt 0.31

--------------------------------------------------------------------------------

--------------------------------------------------------------------------------
--- Rescoring solution                                                       ---
--------------------------------------------------------------------------------

     Score     S(PLP)   S(hbond)     S(cho)   S(metal)  DE(clash)   DE(tors)
     -4.33       4.58       0.16       0.00       0.00       0.00       0.12

Doing AMOEBA simplex on best individual
Done simplexing #iterations 1000, best score  22.02

     Score     S(PLP)   S(hbond)     S(cho)   S(metal)  DE(clash)   DE(tors)
     22.02     -19.45       0.90       0.00       0.00       0.00       0.07

--------------------------------------------------------------------------------
--- CHEMPLP breakdown of terms                                               ---
--------------------------------------------------------------------------------
CHEMPLP = - ( 1.0000*S(PLP) + -3.0000*S(hbond) + -6.0000*S(metal) + -3.0000*S(cho) )

Score = CHEMPLP - 1.0000*DE(clash) - 2.0000*DE(tors)


--------------------------------------------------------------------------------


--------------------------------------------------------------------------------
--- PLP analysis of protein-ligand interactions                              ---
--------------------------------------------------------------------------------
hydrogen bonding        :      -1.25
metal                   :       0.00
buried (polar-nonpolar) :      11.97
nonpolar                :     -40.34
repulsive               :       7.80
--------------------------------------------------------------------------------


--------------------------------------------------------------------------------
--- ChemScore analysis of protein-ligand interactions                        ---
--------------------------------------------------------------------------------

* Hydrogen bonds                                                                
Ligand donor    8 hydrogen   22 Protein acceptor 26829 bond energy  1.00 wt 0.90


* CH..O interactions                                                            
  CH group selection                       : activated ring CH (adjacent to hetatom)

--------------------------------------------------------------------------------


--------------------------------------------------------------------------------
--- Intra-ligand clashes                                                     ---
--------------------------------------------------------------------------------

Ligand
--------------------------------------------------------------------------------


--------------------------------------------------------------------------------
--- Chromosome decoded                                                       ---
--------------------------------------------------------------------------------
Ligand Torsions
[   6    2    1    3]  110.05
[  12    5    1    2] -174.75
Protein Torsions
[18421 18376 18375 18373]   23.07 
[18225 18202 18201 18198]   79.42 
[16931 16868 16867 16865]  171.13 
[11361 11338 11337 11334]  -34.15 
[26024 25971 25970 25968]   83.40 
[18579 18551 18549 18546]  152.43 
Mapping
Ligand acceptors to protein hydrogens (mapping then atom ids)
Ligand hydrogens to protein acceptors (mapping then atom ids)
  1  12 [ 22->26829]
Ligand shape atoms to protein points (mapping then atom ids & coords)
  1  2132 [  5->(262.000 351.000 -58.500)]
  2  1491 [  6->(260.250 351.250 -59.250)]
  5   213 [ 13->(258.250 351.500 -59.500)]
  7  1789 [ 16->(260.750 351.750 -61.500)]
Chromosome values
Integers:
  -1   -1   -1   11   -1 2131 1490   -1   -1  212   -1 1788 
--------------------------------------------------------------------------------


--------------------------------------------------------------------------------
--- Diverse Solutions Stats                                                  ---
--------------------------------------------------------------------------------
  Move attempts                            :  19160
  Move failures                            :     21
  Failure rate                             :   0.001

--------------------------------------------------------------------------------

Current Ranking  2  1  5  4  6  3

--------------------------------------------------------------------------------

* GA execution time :                                                           
  total  0.6558 user  0.6268 sys  0.0290

--------------------------------------------------------------------------------
Fitness function evaluations: 19221

--------------------------------------------------------------------------------
** Docking run number  7 **
--------------------------------------------------------------------------------
  Rank fitness base is 5000.00 ; increment is 11.2233

* Initialising population(s) ...                                                
Number of constraints mappings 0
Number of constraints 0
  Population no.                           :      1
  Population size                          :    100
  Number of duplicates                     :      0
  Number of niche violations               :      0
  Number of errors                         :     51


Doing GA, no. of population(s) 1 size 100 selection pressure 1.100000

 Operation      Fitness  S(hb_ext) S(vdw_ext)  S(hb_int)    S(int)      intcor
         0      45.84       1.13      33.53       0.00      -6.97      -0.76
       207      41.77       0.76      31.63       0.00     -10.28      -0.76
Reordering...
       804      25.22       1.08      17.80       0.00      -0.77      -0.76
       975      23.94       5.68      14.94       0.00      -4.54      -0.76
Reordering...
      1072      22.52       0.27      19.27       0.00      -7.75      -0.76
      1304      21.91       0.26      19.06       0.00      -6.61      -0.76
      1369      25.32       0.16      18.71       0.00      -0.77      -0.76
      1546      25.24       0.13      18.75       0.00      -0.77      -0.76
      2220      25.13       0.13      18.75       0.00      -0.77      -0.76
--------------------------------------------------------------------------------
Best docking solution after GA:
      2250      25.13       0.13      18.75       0.00      -0.77      -0.76

#ops:       2250 #mutates:   1144 #cross:     1106 #dups:       471 
#niche:     1078 #errors:      65 
--------------------------------------------------------------------------------

Doing AMOEBA simplex on best individual
Done simplexing #iterations 587, best score  28.39

Ligand is stored in gold_soln_ligand_prepared_m1_7.mol2


--------------------------------------------------------------------------------
--- GoldScore breakdown of terms                                             ---
--------------------------------------------------------------------------------
Fitness = S(hb_ext) + 1.3750*S(vdw_ext) + S(hb_int) + 1.0000*S(int)
S(int)  = S(vdw_int) + S(tors)

Internal terms are relative to best energy found (intcor).

--------------------------------------------------------------------------------


     Fitness  S(hb_ext) S(vdw_ext)  S(hb_int)    S(int)      intcor
     28.39       0.19      20.99       0.00      -0.67      -0.76

--------------------------------------------------------------------------------
--- GoldScore analysis of protein-ligand interactions                        ---
--------------------------------------------------------------------------------

  Ligand acceptor   11 Protein hydrogen 11419 donor 11384 bond energy  2.00 wt 0.04
  Ligand acceptor   11 Protein hydrogen 18421 donor 18376 bond energy  2.00 wt 0.05

--------------------------------------------------------------------------------

--------------------------------------------------------------------------------
--- Rescoring solution                                                       ---
--------------------------------------------------------------------------------

     Score     S(PLP)   S(hbond)     S(cho)   S(metal)  DE(clash)   DE(tors)
    -10.25      10.93       0.90       0.00       0.00       0.00       1.02

Doing AMOEBA simplex on best individual
Done simplexing #iterations 749, best score  17.99

     Score     S(PLP)   S(hbond)     S(cho)   S(metal)  DE(clash)   DE(tors)
     17.99     -17.27       1.00       0.00       0.00       0.00       1.14

--------------------------------------------------------------------------------
--- CHEMPLP breakdown of terms                                               ---
--------------------------------------------------------------------------------
CHEMPLP = - ( 1.0000*S(PLP) + -3.0000*S(hbond) + -6.0000*S(metal) + -3.0000*S(cho) )

Score = CHEMPLP - 1.0000*DE(clash) - 2.0000*DE(tors)


--------------------------------------------------------------------------------


--------------------------------------------------------------------------------
--- PLP analysis of protein-ligand interactions                              ---
--------------------------------------------------------------------------------
hydrogen bonding        :      -1.00
metal                   :       0.00
buried (polar-nonpolar) :      -5.45
nonpolar                :     -16.68
repulsive               :       4.76
--------------------------------------------------------------------------------


--------------------------------------------------------------------------------
--- ChemScore analysis of protein-ligand interactions                        ---
--------------------------------------------------------------------------------

* Hydrogen bonds                                                                
Protein donor 11384 hydrogen 11419 Ligand acceptor   11 bond energy  1.00 wt 1.00


* CH..O interactions                                                            
  CH group selection                       : activated ring CH (adjacent to hetatom)

--------------------------------------------------------------------------------


--------------------------------------------------------------------------------
--- Intra-ligand clashes                                                     ---
--------------------------------------------------------------------------------

Ligand
--------------------------------------------------------------------------------


--------------------------------------------------------------------------------
--- Chromosome decoded                                                       ---
--------------------------------------------------------------------------------
Ligand Torsions
[   6    2    1    3]  145.35
[  12    5    1    2]  167.15
Protein Torsions
[18421 18376 18375 18373]  177.48 
[18225 18202 18201 18198]  134.43 
[16931 16868 16867 16865]  -34.84 
[11361 11338 11337 11334]  -87.82 
[26024 25971 25970 25968] -169.37 
[18579 18551 18549 18546]  149.17 
Mapping
Ligand acceptors to protein hydrogens (mapping then atom ids)
  2   1 [ 11->11419]
Ligand hydrogens to protein acceptors (mapping then atom ids)
Ligand shape atoms to protein points (mapping then atom ids & coords)
  1  3031 [  5->(264.000 347.750 -55.500)]
  7  2529 [ 16->(263.250 349.750 -62.000)]
Chromosome values
Integers:
  -1    0   -1   -1   -1 3030   -1   -1   -1   -1   -1 2528 
--------------------------------------------------------------------------------


--------------------------------------------------------------------------------
--- Diverse Solutions Stats                                                  ---
--------------------------------------------------------------------------------
  Move attempts                            :  18321
  Move failures                            :     42
  Failure rate                             :   0.002

--------------------------------------------------------------------------------

Current Ranking  2  1  5  4  6  3  7

--------------------------------------------------------------------------------

* GA execution time :                                                           
  total  0.6471 user  0.6200 sys  0.0271

--------------------------------------------------------------------------------
Fitness function evaluations: 18394

--------------------------------------------------------------------------------
** Docking run number  8 **
--------------------------------------------------------------------------------
  Rank fitness base is 5000.00 ; increment is 11.2233

* Initialising population(s) ...                                                
Number of constraints mappings 0
Number of constraints 0
  Population no.                           :      1
  Population size                          :    100
  Number of duplicates                     :      0
  Number of niche violations               :      0
  Number of errors                         :     76


Doing GA, no. of population(s) 1 size 100 selection pressure 1.100000

 Operation      Fitness  S(hb_ext) S(vdw_ext)  S(hb_int)    S(int)      intcor
         0      41.08       1.46      30.02       0.00      -8.34      -0.76
       113      47.38       1.21      35.14       0.00      -9.61      -0.76
       115      47.43       1.21      35.17       0.00      -9.61      -0.76
       455      43.70      11.42      29.12       0.00     -25.48      -0.76
       460      47.32      12.08      27.95       0.00     -10.48      -0.76
       964      28.97      12.00      15.47       0.00      -8.72      -0.76
Reordering...
      1005      27.60       2.04      21.42       0.00      -7.56      -0.76
Reordering...
      1474      19.32       0.83      14.70       0.00      -2.11      -0.76
      1780      21.50       2.02      15.23       0.00      -1.47      -0.76
      1799      22.19       2.13      15.66       0.00      -1.47      -0.76
      1960      25.52       1.70      18.50       0.00      -1.62      -0.76
      1975      26.90       0.00      20.74       0.00      -1.62      -0.76
      2045      27.76       1.02      20.62       0.00      -1.62      -0.76
--------------------------------------------------------------------------------
Best docking solution after GA:
      2250      27.76       1.02      20.62       0.00      -1.62      -0.76

#ops:       2250 #mutates:   1165 #cross:     1085 #dups:       412 
#niche:     1104 #errors:      50 
--------------------------------------------------------------------------------

Doing AMOEBA simplex on best individual
Done simplexing #iterations 631, best score  35.22

Ligand is stored in gold_soln_ligand_prepared_m1_8.mol2


--------------------------------------------------------------------------------
--- GoldScore breakdown of terms                                             ---
--------------------------------------------------------------------------------
Fitness = S(hb_ext) + 1.3750*S(vdw_ext) + S(hb_int) + 1.0000*S(int)
S(int)  = S(vdw_int) + S(tors)

Internal terms are relative to best energy found (intcor).

--------------------------------------------------------------------------------


     Fitness  S(hb_ext) S(vdw_ext)  S(hb_int)    S(int)      intcor
     35.22       0.62      25.93       0.00      -1.06      -0.76

--------------------------------------------------------------------------------
--- GoldScore analysis of protein-ligand interactions                        ---
--------------------------------------------------------------------------------

  Ligand acceptor   11 Protein hydrogen 18421 donor 18376 bond energy  2.00 wt 0.31

--------------------------------------------------------------------------------

--------------------------------------------------------------------------------
--- Rescoring solution                                                       ---
--------------------------------------------------------------------------------

     Score     S(PLP)   S(hbond)     S(cho)   S(metal)  DE(clash)   DE(tors)
     -0.18       0.61       1.00       0.00       0.00       0.96       0.81

Doing AMOEBA simplex on best individual
Done simplexing #iterations 1018, best score  21.10

     Score     S(PLP)   S(hbond)     S(cho)   S(metal)  DE(clash)   DE(tors)
     21.10     -20.06       1.13       0.00       0.00       1.24       0.56

--------------------------------------------------------------------------------
--- CHEMPLP breakdown of terms                                               ---
--------------------------------------------------------------------------------
CHEMPLP = - ( 1.0000*S(PLP) + -3.0000*S(hbond) + -6.0000*S(metal) + -3.0000*S(cho) )

Score = CHEMPLP - 1.0000*DE(clash) - 2.0000*DE(tors)


--------------------------------------------------------------------------------


--------------------------------------------------------------------------------
--- PLP analysis of protein-ligand interactions                              ---
--------------------------------------------------------------------------------
hydrogen bonding        :      -5.37
metal                   :       0.00
buried (polar-nonpolar) :       7.51
nonpolar                :     -28.78
repulsive               :       4.78
--------------------------------------------------------------------------------


--------------------------------------------------------------------------------
--- ChemScore analysis of protein-ligand interactions                        ---
--------------------------------------------------------------------------------

* Hydrogen bonds                                                                
Ligand donor   10 hydrogen   23 Protein acceptor 18932 bond energy  1.00 wt 0.03
Protein donor 18376 hydrogen 18421 Ligand acceptor   11 bond energy  1.00 wt 0.80
Protein donor 19259 hydrogen 19317 Ligand acceptor   17 bond energy  1.00 wt 0.30


* CH..O interactions                                                            
  CH group selection                       : activated ring CH (adjacent to hetatom)

--------------------------------------------------------------------------------


--------------------------------------------------------------------------------
--- Intra-ligand clashes                                                     ---
--------------------------------------------------------------------------------

Ligand
  6 (C6   ) -   4 (C4   ):   1.24 (dist   2.72)
--------------------------------------------------------------------------------


--------------------------------------------------------------------------------
--- Chromosome decoded                                                       ---
--------------------------------------------------------------------------------
Ligand Torsions
[   6    2    1    3]  -98.53
[  12    5    1    2] -166.79
Protein Torsions
[18421 18376 18375 18373]  162.72 
[18225 18202 18201 18198]  -18.95 
[16931 16868 16867 16865]  145.67 
[11361 11338 11337 11334]   98.00 
[26024 25971 25970 25968]   11.56 
[18579 18551 18549 18546]   29.54 
Mapping
Ligand acceptors to protein hydrogens (mapping then atom ids)
Ligand hydrogens to protein acceptors (mapping then atom ids)
Ligand shape atoms to protein points (mapping then atom ids & coords)
  3  2404 [  7->(263.000 350.000 -58.000)]
  4  3197 [ 12->(264.250 347.000 -55.250)]
  7  2216 [ 16->(262.250 352.000 -58.750)]
Chromosome values
Integers:
  -1   -1   -1   -1   -1   -1   -1 2403 3196   -1   -1 2215 
--------------------------------------------------------------------------------


--------------------------------------------------------------------------------
--- Diverse Solutions Stats                                                  ---
--------------------------------------------------------------------------------
  Move attempts                            :  18889
  Move failures                            :     86
  Failure rate                             :   0.005

--------------------------------------------------------------------------------

Current Ranking  2  1  5  4  6  3  8  7

--------------------------------------------------------------------------------

* GA execution time :                                                           
  total  0.7095 user  0.7012 sys  0.0083

--------------------------------------------------------------------------------
Fitness function evaluations: 18947

--------------------------------------------------------------------------------
** Docking run number  9 **
--------------------------------------------------------------------------------
  Rank fitness base is 5000.00 ; increment is 11.2233

* Initialising population(s) ...                                                
Number of constraints mappings 0
Number of constraints 0
  Population no.                           :      1
  Population size                          :    100
  Number of duplicates                     :      0
  Number of niche violations               :      0
  Number of errors                         :     66


Doing GA, no. of population(s) 1 size 100 selection pressure 1.100000

 Operation      Fitness  S(hb_ext) S(vdw_ext)  S(hb_int)    S(int)      intcor
         0      43.70       2.31      32.92       0.00     -19.38      -0.76
       131      41.87       2.22      31.97       0.00     -19.38      -0.76
       204      44.98       8.08      28.73       0.00     -10.81      -0.76
       742      27.62       2.74      21.15       0.00     -10.52      -0.76
Reordering...
       938      24.72       0.33      18.84       0.00      -3.14      -0.76
      1135      27.02       0.00      21.40       0.00      -4.12      -0.76
      1172      26.75       0.00      21.28       0.00      -4.12      -0.76
      1278      26.77       0.00      20.31       0.00      -1.72      -0.76
Reordering...
      1541      25.32       0.00      21.02       0.00      -4.12      -0.76
      1811      27.20       0.00      21.03       0.00      -1.72      -0.76
      1885      27.23       0.00      21.05       0.00      -1.72      -0.76
--------------------------------------------------------------------------------
Best docking solution after GA:
      2250      27.23       0.00      21.05       0.00      -1.72      -0.76

#ops:       2250 #mutates:   1080 #cross:     1170 #dups:       466 
#niche:     1088 #errors:      67 
--------------------------------------------------------------------------------

Doing AMOEBA simplex on best individual
Done simplexing #iterations 590, best score  31.93

Ligand is stored in gold_soln_ligand_prepared_m1_9.mol2


--------------------------------------------------------------------------------
--- GoldScore breakdown of terms                                             ---
--------------------------------------------------------------------------------
Fitness = S(hb_ext) + 1.3750*S(vdw_ext) + S(hb_int) + 1.0000*S(int)
S(int)  = S(vdw_int) + S(tors)

Internal terms are relative to best energy found (intcor).

--------------------------------------------------------------------------------


     Fitness  S(hb_ext) S(vdw_ext)  S(hb_int)    S(int)      intcor
     31.93       0.00      24.51       0.00      -1.77      -0.76

--------------------------------------------------------------------------------
--- GoldScore analysis of protein-ligand interactions                        ---
--------------------------------------------------------------------------------


--------------------------------------------------------------------------------

--------------------------------------------------------------------------------
--- Rescoring solution                                                       ---
--------------------------------------------------------------------------------

     Score     S(PLP)   S(hbond)     S(cho)   S(metal)  DE(clash)   DE(tors)
     26.98     -28.59       0.00       0.00       0.00       0.73       0.44

Doing AMOEBA simplex on best individual
Done simplexing #iterations 928, best score  34.40

     Score     S(PLP)   S(hbond)     S(cho)   S(metal)  DE(clash)   DE(tors)
     34.40     -34.17       0.59       0.00       0.00       1.37       0.09

--------------------------------------------------------------------------------
--- CHEMPLP breakdown of terms                                               ---
--------------------------------------------------------------------------------
CHEMPLP = - ( 1.0000*S(PLP) + -3.0000*S(hbond) + -6.0000*S(metal) + -3.0000*S(cho) )

Score = CHEMPLP - 1.0000*DE(clash) - 2.0000*DE(tors)


--------------------------------------------------------------------------------


--------------------------------------------------------------------------------
--- PLP analysis of protein-ligand interactions                              ---
--------------------------------------------------------------------------------
hydrogen bonding        :      -1.87
metal                   :       0.00
buried (polar-nonpolar) :      -4.15
nonpolar                :     -32.13
repulsive               :       2.73
--------------------------------------------------------------------------------


--------------------------------------------------------------------------------
--- ChemScore analysis of protein-ligand interactions                        ---
--------------------------------------------------------------------------------

* Hydrogen bonds                                                                
Protein donor 11384 hydrogen 11420 Ligand acceptor    9 bond energy  1.00 wt 0.59


* CH..O interactions                                                            
  CH group selection                       : activated ring CH (adjacent to hetatom)

--------------------------------------------------------------------------------


--------------------------------------------------------------------------------
--- Intra-ligand clashes                                                     ---
--------------------------------------------------------------------------------

Ligand
  7 (C7   ) -   3 (C3   ):   1.37 (dist   2.71)
--------------------------------------------------------------------------------


--------------------------------------------------------------------------------
--- Chromosome decoded                                                       ---
--------------------------------------------------------------------------------
Ligand Torsions
[   6    2    1    3]  167.81
[  12    5    1    2] -179.25
Protein Torsions
[18421 18376 18375 18373] -118.15 
[18225 18202 18201 18198]  -84.36 
[16931 16868 16867 16865] -127.76 
[11361 11338 11337 11334]  141.31 
[26024 25971 25970 25968] -171.27 
[18579 18551 18549 18546]   32.81 
Mapping
Ligand acceptors to protein hydrogens (mapping then atom ids)
Ligand hydrogens to protein acceptors (mapping then atom ids)
Ligand shape atoms to protein points (mapping then atom ids & coords)
  3  2590 [  7->(263.250 350.750 -59.000)]
  4  4306 [ 12->(265.750 350.500 -63.250)]
  6  2250 [ 14->(262.500 351.000 -58.750)]
Chromosome values
Integers:
  -1   -1   -1   -1   -1   -1   -1 2589 4305   -1 2249   -1 
--------------------------------------------------------------------------------


--------------------------------------------------------------------------------
--- Diverse Solutions Stats                                                  ---
--------------------------------------------------------------------------------
  Move attempts                            :  18645
  Move failures                            :     71
  Failure rate                             :   0.004

--------------------------------------------------------------------------------

Current Ranking  2  1  5  4  6  3  8  9  7

--------------------------------------------------------------------------------

* GA execution time :                                                           
  total  0.6856 user  0.6655 sys  0.0201

--------------------------------------------------------------------------------
Fitness function evaluations: 18706

--------------------------------------------------------------------------------
** Docking run number 10 **
--------------------------------------------------------------------------------
  Rank fitness base is 5000.00 ; increment is 11.2233

* Initialising population(s) ...                                                
Number of constraints mappings 0
Number of constraints 0
  Population no.                           :      1
  Population size                          :    100
  Number of duplicates                     :      0
  Number of niche violations               :      0
  Number of errors                         :     68


Doing GA, no. of population(s) 1 size 100 selection pressure 1.100000

 Operation      Fitness  S(hb_ext) S(vdw_ext)  S(hb_int)    S(int)      intcor
         0      49.86       5.10      33.27       0.00      -4.89      -0.76
Reordering...
      1072      29.58       0.08      21.79       0.00      -0.85      -0.76
      2223      26.71       0.35      22.42       0.00      -4.46      -0.76
--------------------------------------------------------------------------------
Best docking solution after GA:
      2250      26.71       0.35      22.42       0.00      -4.46      -0.76

#ops:       2250 #mutates:   1166 #cross:     1084 #dups:       372 
#niche:     1059 #errors:      29 
--------------------------------------------------------------------------------

Doing AMOEBA simplex on best individual
Done simplexing #iterations 638, best score  30.54

Ligand is stored in gold_soln_ligand_prepared_m1_10.mol2


--------------------------------------------------------------------------------
--- GoldScore breakdown of terms                                             ---
--------------------------------------------------------------------------------
Fitness = S(hb_ext) + 1.3750*S(vdw_ext) + S(hb_int) + 1.0000*S(int)
S(int)  = S(vdw_int) + S(tors)

Internal terms are relative to best energy found (intcor).

--------------------------------------------------------------------------------


     Fitness  S(hb_ext) S(vdw_ext)  S(hb_int)    S(int)      intcor
     30.54       0.32      24.15       0.00      -3.00      -0.76

--------------------------------------------------------------------------------
--- GoldScore analysis of protein-ligand interactions                        ---
--------------------------------------------------------------------------------

  Ligand acceptor   11 Protein hydrogen 11419 donor 11384 bond energy  2.00 wt 0.02
  Ligand acceptor   17 Protein hydrogen 11665 donor 11607 bond energy  6.00 wt 0.05

--------------------------------------------------------------------------------

--------------------------------------------------------------------------------
--- Rescoring solution                                                       ---
--------------------------------------------------------------------------------

     Score     S(PLP)   S(hbond)     S(cho)   S(metal)  DE(clash)   DE(tors)
      7.66      -8.25       0.52       0.00       0.00       1.36       0.39

Doing AMOEBA simplex on best individual
Done simplexing #iterations 749, best score  18.17

     Score     S(PLP)   S(hbond)     S(cho)   S(metal)  DE(clash)   DE(tors)
     18.17     -17.87       0.76       0.00       0.00       0.00       0.98

--------------------------------------------------------------------------------
--- CHEMPLP breakdown of terms                                               ---
--------------------------------------------------------------------------------
CHEMPLP = - ( 1.0000*S(PLP) + -3.0000*S(hbond) + -6.0000*S(metal) + -3.0000*S(cho) )

Score = CHEMPLP - 1.0000*DE(clash) - 2.0000*DE(tors)


--------------------------------------------------------------------------------


--------------------------------------------------------------------------------
--- PLP analysis of protein-ligand interactions                              ---
--------------------------------------------------------------------------------
hydrogen bonding        :      -2.39
metal                   :       0.00
buried (polar-nonpolar) :      -1.36
nonpolar                :     -21.41
repulsive               :       5.79
--------------------------------------------------------------------------------


--------------------------------------------------------------------------------
--- ChemScore analysis of protein-ligand interactions                        ---
--------------------------------------------------------------------------------

* Hydrogen bonds                                                                
Protein donor 11384 hydrogen 11419 Ligand acceptor   11 bond energy  1.00 wt 0.30
Protein donor 11607 hydrogen 11665 Ligand acceptor   17 bond energy  1.00 wt 0.46


* CH..O interactions                                                            
  CH group selection                       : activated ring CH (adjacent to hetatom)

--------------------------------------------------------------------------------


--------------------------------------------------------------------------------
--- Intra-ligand clashes                                                     ---
--------------------------------------------------------------------------------

Ligand
--------------------------------------------------------------------------------


--------------------------------------------------------------------------------
--- Chromosome decoded                                                       ---
--------------------------------------------------------------------------------
Ligand Torsions
[   6    2    1    3]  165.90
[  12    5    1    2]   43.35
Protein Torsions
[18421 18376 18375 18373]  136.30 
[18225 18202 18201 18198]  -38.57 
[16931 16868 16867 16865]    2.45 
[11361 11338 11337 11334]  150.79 
[26024 25971 25970 25968] -159.97 
[18579 18551 18549 18546] -174.17 
Mapping
Ligand acceptors to protein hydrogens (mapping then atom ids)
Ligand hydrogens to protein acceptors (mapping then atom ids)
Ligand shape atoms to protein points (mapping then atom ids & coords)
  1  2867 [  5->(263.750 348.750 -55.750)]
  2  3078 [  6->(264.000 349.000 -55.750)]
  5  2736 [ 13->(263.500 350.000 -58.750)]
  6  3803 [ 14->(265.000 349.500 -61.250)]
  7  2176 [ 16->(262.250 350.750 -58.500)]
Chromosome values
Integers:
  -1   -1   -1   -1   -1 2866 3077   -1   -1 2735 3802 2175 
--------------------------------------------------------------------------------


--------------------------------------------------------------------------------
--- Diverse Solutions Stats                                                  ---
--------------------------------------------------------------------------------
  Move attempts                            :  18589
  Move failures                            :     44
  Failure rate                             :   0.002

--------------------------------------------------------------------------------

Current Ranking  2  1  5  4  6  3  8  9 10  7

--------------------------------------------------------------------------------

* GA execution time :                                                           
  total  0.6846 user  0.6747 sys  0.0099

--------------------------------------------------------------------------------
Fitness function evaluations: 18640

--------------------------------------------------------------------------------
--- Ranking analysis                                                         ---
--------------------------------------------------------------------------------


* Final ranked order of GA solutions:                                           
   2  1  5  4  6  3  8  9 10  7 

  _______________________________
  RMSD Matrix of RANKED solutions

        2    3    4    5    6    7    8    9   10  

   1 :  0.2  3.6  5.3  4.9  4.9  7.3  6.3  8.0  7.7
   2 :       3.6  5.4  5.0  4.9  7.3  6.3  8.0  7.7
   3 :            4.7  5.4  5.3  7.0  6.5  8.1  7.9
   4 :                 2.7  2.9  3.9  4.3  5.1  5.1
   5 :                      0.9  4.1  3.6  4.5  4.3
   6 :                           4.2  3.7  4.8  4.7
   7 :                                5.2  2.4  2.7
   8 :                                     4.9  4.8
   9 :                                          1.1

  Clustering method                        : complete linkage
  Structure ids in cluster table           : rank nos.
  Ordering of clusters and their members   : by rank (order if from rms_analysis)

  Distance | Clusters
   0.17    |  1  2 |  3 |  4 |  5 |  6 |  7 |  8 |  9 | 10 |
   0.94    |  1  2 |  3 |  4 |  5  6 |  7 |  8 |  9 | 10 |
   1.08    |  1  2 |  3 |  4 |  5  6 |  7 |  8 |  9 10 |
   2.74    |  1  2 |  3 |  4 |  5  6 |  7  9 10 |  8 |
   2.86    |  1  2 |  3 |  4  5  6 |  7  9 10 |  8 |
   3.62    |  1  2  3 |  4  5  6 |  7  9 10 |  8 |
   4.27    |  1  2  3 |  4  5  6  8 |  7  9 10 |
   5.24    |  1  2  3 |  4  5  6  7  8  9 10 |
   8.06    |  1  2  3  4  5  6  7  8  9 10 |
  Finished Docking Ligand                  : /mnt/c/Users/ricca/Desktop/Documents/1_Coding/1_Script_Github/Reverse_Docking_Explore_V3/7ts3/ligand_prepared.mol2
--------------------------------------------------------------------------------

  Relative_Ligand_Energy (best encountered) :  -0.765
  Relative_Ligand_Energy: fitness values have been corrected using this amount
