
--------------------------------------------------------------------------------
--- Ligand                                                                   ---
--------------------------------------------------------------------------------
  Ligand loaded from file                  : /mnt/c/Users/ricca/Desktop/Documents/1_Coding/1_Script_Github/Reverse_Docking_Explore_V3/4v3u/ligand_prepared.mol2
  Ligand name                              :  
  "CT1002167954                                                             "

--------------------------------------------------------------------------------
  N.plc donors                             : 
  none found

  Acidic nitrogen acceptors                : 
  none found
  Sulfur acceptors                         :
  none found


  Donor atoms                              :      2
  8   10  
  Acceptor atoms                           :      3
  9   11  17  

  Hydrogens                                :  (n = 2)
  22   23   

  Lone pairs added to molecule             :      6
  Numbering                                : from 30 to 35

--------------------------------------------------------------------------------
--- Postprocessing of typing                                                 ---
--------------------------------------------------------------------------------
  Fragment file                            : /home/hitesit/CCDC/Discovery_2022/GOLD/gold/rotatable_bond_override.mol2
  acylurea fragment                        : 2 matches
  Ligand bond 15-8  set to flip
  Ligand bond 15-10  set to flip
  Ligand bond 15-10  set to 1
  Ligand bond 15-8  set to 1
  Ligand bond 10-4  set to flip
  Ligand bond 8-3  set to flip
  thioacylthiourea fragment                : no matches
  acylthiourea fragment                    : no matches
  thioacylurea fragment                    : no matches
  diarylamine fragment >C.ar-NH-C.ar<      : no matches
  sec-amine (1) fragment                   : no matches
  sec-amine (2) fragment                   : no matches
  sec-amine (3) fragment                   : no matches
  carboxylic ester                         : no matches

* Rotatable bonds in /mnt/c/Users/ricca/D  :
  [   1    2] [   1    5] 
  No. of rotatable bonds                   :      2


* Reading torsional distributions from file:
  /home/hitesit/CCDC/Discovery_2022/GOLD/gold/gold.tordist
  No. of bins in torsional distributions   :     36
  Minimum size of largest peak             :      0
  Removing high energy torsions            : on
  Delta E set to                           :   2.500

* Fragments found in /mnt/c/Users/ricca/D  :
  atom   2: benzene
  atom   6: benzene
  atom   7: benzene
  atom  13: benzene
  atom  14: benzene
  atom  16: benzene


* Checking torsion distributions:                                               
  No. of matched torsions                  :      0

--------------------------------------------------------------------------------
--- Shape fitting atoms selection (hydrophobic atoms)                        ---
--------------------------------------------------------------------------------
  Molecule                                 : /mnt/c/Users/ricca/Desktop/Documents/1_Coding/1_Script_Github/Reverse_Docking_Explore_V3/4v3u/ligand_prepared.mol2
  Selection                                : carbons only
  Atom numbers                             :  (n = 7)
  5    6    7    12   13   14   16   

--------------------------------------------------------------------------------
--- Diverse Solutions Setup                                                  ---
--------------------------------------------------------------------------------
  Cluster size                             :      2
  RMSD                                     :   2.000
  Refinement                               :      0


--------------------------------------------------------------------------------
--- ChemScore ligand setup summary                                           ---
--------------------------------------------------------------------------------
  ChemScore ligand acceptors               :      3
  9 11 17 
  ChemScore ligand donors                  :      2
  8 ( 22  ) 10 ( 23  ) 
  ChemScore ligand CH donors               :      0
  

  ChemScore ligand lipophilic atoms        :  (n = 9)
  1    2    5    6    7    12   13   14   16   

  ChemScore ligand rotatable bonds         :      2
  1   (C1 ) - 2   (C2 ): SP3_SP2_BOND
  1   (C1 ) - 5   (C5 ): SP3_SP3_BOND

--------------------------------------------------------------------------------
--- PLP ligand setup summary                                                 ---
--------------------------------------------------------------------------------
    1    C1   C.3 NONPOLAR
    2    C2  C.ar NONPOLAR
    3    C3   C.2 NONPOLAR
    4    C4   C.2 NONPOLAR
    5    C5   C.3 NONPOLAR
    6    C6  C.ar NONPOLAR
    7    C7  C.ar NONPOLAR
    8    N8  N.am DONOR
    9    O9   O.2 ACCEPTOR
   10   N10  N.am DONOR
   11   O11   O.2 ACCEPTOR
   12   C12   C.3 NONPOLAR
   13   C13  C.ar NONPOLAR
   14   C14  C.ar NONPOLAR
   15   C15   C.2 NONPOLAR
   16   C16  C.ar NONPOLAR
   17   O17   O.2 ACCEPTOR

--------------------------------------------------------------------------------
--- Automatic parameter setting                                              ---
--------------------------------------------------------------------------------
  Contribution base                        :   2500
  Contribution per rotatable bond          :   6000
  Contribution per df                      :   4000
  Contribution per water                   :  10000
  Ligand rotatable bonds                   :      2
  Protein flexible side chain bonds        :      0
  Total rotatable bonds                    :      2
  Hydrophobic vol ratio (P/L)              :   1.000
  Base multiplier (polar)                  :   1.000
  Base multiplier (apolar)                 :   1.400
  Base contribution                        : 5000.000
  Fitting points                           :      5
  Estimated maxops needed (optimal)        :  17500
  Autoscale factor (in percent)            :     10
  Scaled maxops                            :   2000

--------------------------------------------------------------------------------

* Population settings                                                           
  maxops                                   :   2000
  popsiz                                   :    100
  select_pressure                          :   1.100
  n_islands                                :      1
  niche_siz                                :      2

* GA settings                                                                   
  pt_crosswt                               :    100
  allele_mutatewt                          :    100
  migratewt                                :      0

* Search settings                                                               
  start_vdw_linear_cutoff                  :   6.000
  initial_virtual_pt_match_max             :   3.000
  Scaling of internal VDW energy           : log scale from  0.2 to    1
                                             over 1500 ops
  Sampling interval (operations)           :     20
  Scaling of virtual pt maximum length     : linear scale from    3 to    2
                                             over  1500 ops
  Sampling interval (operations)           :     60
  Scaling of 4-8 potential cutoff          : log scale from    6 to 1.2e+02
                                             over 1500 ops
  Sampling interval (operations)           :     60

--------------------------------------------------------------------------------

* Ligand initialisation time :                                                  
  total  0.0190 user  0.0000 sys  0.0190

--------------------------------------------------------------------------------

--------------------------------------------------------------------------------
** Docking run number  1 **
--------------------------------------------------------------------------------
  Rank fitness base is 5000.00 ; increment is 11.2233

* Initialising population(s) ...                                                
Number of constraints mappings 0
Number of constraints 0
  Population no.                           :      1
  Population size                          :    100
  Number of duplicates                     :      0
  Number of niche violations               :      0
  Number of errors                         :   1222


Doing GA, no. of population(s) 1 size 100 selection pressure 1.100000

 Operation      Fitness  S(hb_ext) S(vdw_ext)  S(hb_int)    S(int)      intcor
         0      23.08       4.00      15.32       0.00      -9.95      -0.77
        52      24.20       4.00      15.04       0.00      -2.32      -0.77
        99      23.19       3.35      16.01       0.00      -9.98      -0.77
       292      17.82       3.48      11.96       0.00      -7.76      -0.77
       507      16.40       3.26      11.40       0.00      -7.41      -0.77
       667      16.83       3.08      11.27       0.00      -4.30      -0.77
       831      16.99       2.96      10.86       0.00      -1.86      -0.77
Reordering...
      1260      12.02       2.58       7.74       0.00      -1.55      -0.77
      1479      14.62       1.18      11.77       0.00      -2.86      -0.77
      1833      14.80       1.48      11.77       0.00      -2.86      -0.77
      1941      15.30       1.48      11.73       0.00      -2.31      -0.77
--------------------------------------------------------------------------------
Best docking solution after GA:
      2000      15.30       1.48      11.73       0.00      -2.31      -0.77

#ops:       2000 #mutates:    974 #cross:     1026 #dups:       581 
#niche:     1064 #errors:      89 
--------------------------------------------------------------------------------

Doing AMOEBA simplex on best individual
Done simplexing #iterations 1467, best score  21.14

Ligand is stored in gold_soln_ligand_prepared_m1_1.mol2


--------------------------------------------------------------------------------
--- GoldScore breakdown of terms                                             ---
--------------------------------------------------------------------------------
Fitness = S(hb_ext) + 1.3750*S(vdw_ext) + S(hb_int) + 1.0000*S(int)
S(int)  = S(vdw_int) + S(tors)

Internal terms are relative to best energy found (intcor).

--------------------------------------------------------------------------------


     Fitness  S(hb_ext) S(vdw_ext)  S(hb_int)    S(int)      intcor
     21.14       1.07      15.20       0.00      -0.82      -0.77

--------------------------------------------------------------------------------
--- GoldScore analysis of protein-ligand interactions                        ---
--------------------------------------------------------------------------------

  Ligand acceptor    9 Protein hydrogen 8117 donor 8100 bond energy  2.00 wt 0.06
  Ligand acceptor   17 Protein hydrogen 8171 donor 8157 bond energy  2.00 wt 0.07
  Ligand donor    8 hydrogen   22 Protein acceptor 8160 bond energy  2.00 wt 0.41

--------------------------------------------------------------------------------

--------------------------------------------------------------------------------
--- Rescoring solution                                                       ---
--------------------------------------------------------------------------------

     Score     S(PLP)   S(hbond)     S(cho)   S(metal)  DE(clash)   DE(tors)
    -21.86      25.21       1.63       0.00       0.00       1.21       0.16

Doing AMOEBA simplex on best individual
Done simplexing #iterations 1847, best score  12.92

     Score     S(PLP)   S(hbond)     S(cho)   S(metal)  DE(clash)   DE(tors)
     12.92      -9.70       1.56       0.00       0.00       1.44       0.00

--------------------------------------------------------------------------------
--- CHEMPLP breakdown of terms                                               ---
--------------------------------------------------------------------------------
CHEMPLP = - ( 1.0000*S(PLP) + -3.0000*S(hbond) + -6.0000*S(metal) + -3.0000*S(cho) )

Score = CHEMPLP - 1.0000*DE(clash) - 2.0000*DE(tors)


--------------------------------------------------------------------------------


--------------------------------------------------------------------------------
--- PLP analysis of protein-ligand interactions                              ---
--------------------------------------------------------------------------------
hydrogen bonding        :      -1.57
metal                   :       0.00
buried (polar-nonpolar) :      -3.86
nonpolar                :      -6.51
repulsive               :       0.82
--------------------------------------------------------------------------------


--------------------------------------------------------------------------------
--- ChemScore analysis of protein-ligand interactions                        ---
--------------------------------------------------------------------------------

* Hydrogen bonds                                                                
Protein donor 8100 hydrogen 8117 Ligand acceptor    9 bond energy  1.00 wt 0.88
Protein donor 8157 hydrogen 8171 Ligand acceptor   17 bond energy  1.00 wt 0.68


* CH..O interactions                                                            
  CH group selection                       : activated ring CH (adjacent to hetatom)

--------------------------------------------------------------------------------


--------------------------------------------------------------------------------
--- Intra-ligand clashes                                                     ---
--------------------------------------------------------------------------------

Ligand
  7 (C7   ) -   4 (C4   ):   1.44 (dist   2.71)
--------------------------------------------------------------------------------


--------------------------------------------------------------------------------
--- Chromosome decoded                                                       ---
--------------------------------------------------------------------------------
Ligand Torsions
[   6    2    1    3]   82.58
[  12    5    1    2] -168.64
Protein Torsions
[6579 6563 6564 6565]  166.34 
[6671 6647 6648 6649]  -52.10 
[8031 8015 8016 8017]  -97.39 
[8111 8093 8094 8095]  -49.21 
[8171 8157 8158 8159]  118.68 
[8251 8229 8230 8231]   81.72 
[9544 9530 9529 9527]   46.07 
[8327 8303 8304 8305]   59.32 
[10191 10175 10176 10177]  -29.90 
[7947 7929 7930 7931]  -76.37 
[7891 7879 7880 7881]   27.48 
[7895 7884 7883 7880]   -5.77 
[6811 6793 6794 6795]  -19.50 
[27200 6326 6325 6324]  -93.27 
[27203 6566 6565 6564]   -2.07 
[27206 7882 7881 7880]  117.02 
[27208 7932 7931 7930] -156.60 
[27211 8018 8017 8016]  -28.62 
[27214 8096 8095 8094]  -53.80 
[27217 8160 8159 8158]    1.84 
[27222 10090 10089 10088] -162.93 
[27224 10178 10177 10176] -107.90 
[27229 7724 7723 7722]  116.38 
[27231 7802 7801 7800] -135.61 
Mapping
Ligand acceptors to protein hydrogens (mapping then atom ids)
  1   8 [  9->8117]
  2   4 [ 11->6822]
  3  10 [ 17->8171]
Ligand hydrogens to protein acceptors (mapping then atom ids)
  1  13 [ 22->8160]
Ligand shape atoms to protein points (mapping then atom ids & coords)
Chromosome values
Integers:
   7    3    9   12   -1   -1   -1   -1   -1   -1   -1   -1 
--------------------------------------------------------------------------------


--------------------------------------------------------------------------------
--- Diverse Solutions Stats                                                  ---
--------------------------------------------------------------------------------
  Move attempts                            :  19067
  Move failures                            :      0
  Failure rate                             :   0.000

--------------------------------------------------------------------------------

Current Ranking  1

--------------------------------------------------------------------------------

* GA execution time :                                                           
  total  0.4392 user  0.4297 sys  0.0095

--------------------------------------------------------------------------------
Fitness function evaluations: 20386

--------------------------------------------------------------------------------
** Docking run number  2 **
--------------------------------------------------------------------------------
  Rank fitness base is 5000.00 ; increment is 11.2233

* Initialising population(s) ...                                                
Number of constraints mappings 0
Number of constraints 0
  Population no.                           :      1
  Population size                          :    100
  Number of duplicates                     :      0
  Number of niche violations               :      0
  Number of errors                         :   1234


Doing GA, no. of population(s) 1 size 100 selection pressure 1.100000

 Operation      Fitness  S(hb_ext) S(vdw_ext)  S(hb_int)    S(int)      intcor
         0      19.40       1.99      15.65       0.00     -20.58      -0.77
         4      20.75       2.74      15.09       0.00     -13.70      -0.77
        56      21.66       3.63      15.94       0.00     -18.57      -0.77
       155      19.58       3.37      15.26       0.00     -20.58      -0.77
       172      20.22       3.55      15.88       0.00     -21.78      -0.77
       229      19.02       3.57      15.03       0.00     -20.58      -0.77
Reordering...
       240      18.56       0.76      14.46       0.00      -8.07      -0.77
       431      18.76       0.70      14.06       0.00      -4.08      -0.77
       630      18.09       1.11      13.50       0.00      -4.08      -0.77
       657      20.73       3.79      12.52       0.00      -0.68      -0.77
       905      19.65       3.76      11.69       0.00      -0.36      -0.77
      1071      19.39       3.74      11.45       0.00      -0.14      -0.77
      1222      18.63       3.72      10.87       0.00      -0.05      -0.77
      1499      19.82       3.67      11.79       0.00      -0.05      -0.77
--------------------------------------------------------------------------------
Best docking solution after GA:
      2000      19.29       3.65      11.41       0.00      -0.05      -0.77

#ops:       2000 #mutates:   1013 #cross:      987 #dups:       633 
#niche:      921 #errors:     138 
--------------------------------------------------------------------------------

Doing AMOEBA simplex on best individual
Done simplexing #iterations 1696, best score  23.94

Ligand is stored in gold_soln_ligand_prepared_m1_2.mol2


--------------------------------------------------------------------------------
--- GoldScore breakdown of terms                                             ---
--------------------------------------------------------------------------------
Fitness = S(hb_ext) + 1.3750*S(vdw_ext) + S(hb_int) + 1.0000*S(int)
S(int)  = S(vdw_int) + S(tors)

Internal terms are relative to best energy found (intcor).

--------------------------------------------------------------------------------


     Fitness  S(hb_ext) S(vdw_ext)  S(hb_int)    S(int)      intcor
     23.94       2.73      15.48       0.00      -0.07      -0.77

--------------------------------------------------------------------------------
--- GoldScore analysis of protein-ligand interactions                        ---
--------------------------------------------------------------------------------

  Ligand acceptor   17 Protein hydrogen 9544 donor 9530 bond energy  2.00 wt 0.54
  Ligand donor    8 hydrogen   22 Protein acceptor 7932 bond energy  2.00 wt 0.79
  Ligand donor   10 hydrogen   23 Protein acceptor 9530 bond energy  2.00 wt 0.03

--------------------------------------------------------------------------------

--------------------------------------------------------------------------------
--- Rescoring solution                                                       ---
--------------------------------------------------------------------------------

     Score     S(PLP)   S(hbond)     S(cho)   S(metal)  DE(clash)   DE(tors)
     -7.58       7.63       0.02       0.00       0.00       0.00       0.01

Doing AMOEBA simplex on best individual
AMOEBA simplex failed to converge after 2000 iterations
Done simplexing #iterations 2000, best score  15.60

     Score     S(PLP)   S(hbond)     S(cho)   S(metal)  DE(clash)   DE(tors)
     15.60     -16.53       0.00       0.00       0.00       0.00       0.46

--------------------------------------------------------------------------------
--- CHEMPLP breakdown of terms                                               ---
--------------------------------------------------------------------------------
CHEMPLP = - ( 1.0000*S(PLP) + -3.0000*S(hbond) + -6.0000*S(metal) + -3.0000*S(cho) )

Score = CHEMPLP - 1.0000*DE(clash) - 2.0000*DE(tors)


--------------------------------------------------------------------------------


--------------------------------------------------------------------------------
--- PLP analysis of protein-ligand interactions                              ---
--------------------------------------------------------------------------------
hydrogen bonding        :      -1.53
metal                   :       0.00
buried (polar-nonpolar) :      -5.19
nonpolar                :     -10.14
repulsive               :       0.28
--------------------------------------------------------------------------------


--------------------------------------------------------------------------------
--- ChemScore analysis of protein-ligand interactions                        ---
--------------------------------------------------------------------------------

* Hydrogen bonds                                                                


* CH..O interactions                                                            
  CH group selection                       : activated ring CH (adjacent to hetatom)

--------------------------------------------------------------------------------


--------------------------------------------------------------------------------
--- Intra-ligand clashes                                                     ---
--------------------------------------------------------------------------------

Ligand
--------------------------------------------------------------------------------


--------------------------------------------------------------------------------
--- Chromosome decoded                                                       ---
--------------------------------------------------------------------------------
Ligand Torsions
[   6    2    1    3]  -60.91
[  12    5    1    2]  178.62
Protein Torsions
[6579 6563 6564 6565]  109.48 
[6671 6647 6648 6649]   19.95 
[8031 8015 8016 8017]   15.60 
[8111 8093 8094 8095]   75.17 
[8171 8157 8158 8159]  144.63 
[8251 8229 8230 8231]   89.16 
[9544 9530 9529 9527] -166.89 
[8327 8303 8304 8305] -113.00 
[10191 10175 10176 10177]  159.67 
[7947 7929 7930 7931]  135.34 
[7891 7879 7880 7881] -118.82 
[7895 7884 7883 7880] -101.22 
[6811 6793 6794 6795]   82.21 
[27200 6326 6325 6324]  126.70 
[27203 6566 6565 6564]  171.52 
[27206 7882 7881 7880] -160.43 
[27208 7932 7931 7930] -109.47 
[27211 8018 8017 8016] -141.64 
[27214 8096 8095 8094]   19.27 
[27217 8160 8159 8158]   43.63 
[27222 10090 10089 10088]   -5.46 
[27224 10178 10177 10176]  104.71 
[27229 7724 7723 7722]  112.97 
[27231 7802 7801 7800]  -96.87 
Mapping
Ligand acceptors to protein hydrogens (mapping then atom ids)
  3  12 [ 17->9544]
Ligand hydrogens to protein acceptors (mapping then atom ids)
  1   6 [ 22->7932]
  2  15 [ 23->9530]
Ligand shape atoms to protein points (mapping then atom ids & coords)
Chromosome values
Integers:
  -1   -1   11    5   14   -1   -1   -1   -1   -1   -1   -1 
--------------------------------------------------------------------------------


--------------------------------------------------------------------------------
--- Diverse Solutions Stats                                                  ---
--------------------------------------------------------------------------------
  Move attempts                            :  18750
  Move failures                            :      0
  Failure rate                             :   0.000

--------------------------------------------------------------------------------

Current Ranking  2  1

--------------------------------------------------------------------------------

* GA execution time :                                                           
  total  0.4538 user  0.4337 sys  0.0201

--------------------------------------------------------------------------------
Fitness function evaluations: 20128

--------------------------------------------------------------------------------
** Docking run number  3 **
--------------------------------------------------------------------------------
  Rank fitness base is 5000.00 ; increment is 11.2233

* Initialising population(s) ...                                                
Number of constraints mappings 0
Number of constraints 0
  Population no.                           :      1
  Population size                          :    100
  Number of duplicates                     :      0
  Number of niche violations               :      0
  Number of errors                         :   1212


Doing GA, no. of population(s) 1 size 100 selection pressure 1.100000

 Operation      Fitness  S(hb_ext) S(vdw_ext)  S(hb_int)    S(int)      intcor
         0      24.09       1.22      17.00       0.00      -2.53      -0.77
       122      22.91       1.18      16.22       0.00      -2.53      -0.77
       133      23.13       0.69      16.52       0.00      -1.16      -0.77
Reordering...
       480      17.84       1.03      12.83       0.00      -2.53      -0.77
       533      18.67       1.03      13.47       0.00      -2.53      -0.77
Reordering...
       600      16.86       3.15      11.22       0.00      -4.51      -0.77
       755      15.93       3.01       9.66       0.00      -0.84      -0.77
Reordering...
      1140      12.12       0.29      14.17       0.00     -11.26      -0.77
Reordering...
      1160      12.02       2.51       7.34       0.00      -0.84      -0.77
Reordering...
      1200      11.61       0.29      14.17       0.00     -11.26      -0.77
Reordering...
      1240      11.42       2.43       7.00       0.00      -0.84      -0.77
Reordering...
      1260      11.07       0.29      14.17       0.00     -11.26      -0.77
Reordering...
      1280      10.91       1.43       8.03       0.00      -1.98      -0.77
      1445      11.12       1.43       7.77       0.00      -1.05      -0.77
      1560      11.95       0.29      12.45       0.00      -5.46      -0.77
--------------------------------------------------------------------------------
Best docking solution after GA:
      2000      11.95       0.29      12.45       0.00      -5.46      -0.77

#ops:       2000 #mutates:   1010 #cross:      990 #dups:       534 
#niche:      909 #errors:      88 
--------------------------------------------------------------------------------

Doing AMOEBA simplex on best individual
Done simplexing #iterations 1379, best score  16.39

Ligand is stored in gold_soln_ligand_prepared_m1_3.mol2


--------------------------------------------------------------------------------
--- GoldScore breakdown of terms                                             ---
--------------------------------------------------------------------------------
Fitness = S(hb_ext) + 1.3750*S(vdw_ext) + S(hb_int) + 1.0000*S(int)
S(int)  = S(vdw_int) + S(tors)

Internal terms are relative to best energy found (intcor).

--------------------------------------------------------------------------------


     Fitness  S(hb_ext) S(vdw_ext)  S(hb_int)    S(int)      intcor
     16.39       0.84      13.81       0.00      -3.44      -0.77

--------------------------------------------------------------------------------
--- GoldScore analysis of protein-ligand interactions                        ---
--------------------------------------------------------------------------------

  Ligand donor   10 hydrogen   23 Protein acceptor 8093 bond energy  6.00 wt 0.14

--------------------------------------------------------------------------------

--------------------------------------------------------------------------------
--- Rescoring solution                                                       ---
--------------------------------------------------------------------------------

     Score     S(PLP)   S(hbond)     S(cho)   S(metal)  DE(clash)   DE(tors)
      6.70      -7.70       0.37       0.00       0.00       0.00       1.06

Doing AMOEBA simplex on best individual
AMOEBA simplex failed to converge after 2000 iterations
Done simplexing #iterations 2000, best score  23.82

     Score     S(PLP)   S(hbond)     S(cho)   S(metal)  DE(clash)   DE(tors)
     23.82     -23.24       0.78       0.00       0.00       0.02       0.88

--------------------------------------------------------------------------------
--- CHEMPLP breakdown of terms                                               ---
--------------------------------------------------------------------------------
CHEMPLP = - ( 1.0000*S(PLP) + -3.0000*S(hbond) + -6.0000*S(metal) + -3.0000*S(cho) )

Score = CHEMPLP - 1.0000*DE(clash) - 2.0000*DE(tors)


--------------------------------------------------------------------------------


--------------------------------------------------------------------------------
--- PLP analysis of protein-ligand interactions                              ---
--------------------------------------------------------------------------------
hydrogen bonding        :      -1.49
metal                   :       0.00
buried (polar-nonpolar) :      -6.34
nonpolar                :     -14.87
repulsive               :       0.31
--------------------------------------------------------------------------------


--------------------------------------------------------------------------------
--- ChemScore analysis of protein-ligand interactions                        ---
--------------------------------------------------------------------------------

* Hydrogen bonds                                                                
Protein donor 9530 hydrogen 9544 Ligand acceptor   11 bond energy  1.00 wt 0.78


* CH..O interactions                                                            
  CH group selection                       : activated ring CH (adjacent to hetatom)

--------------------------------------------------------------------------------


--------------------------------------------------------------------------------
--- Intra-ligand clashes                                                     ---
--------------------------------------------------------------------------------

Ligand
  7 (C7   ) -   3 (C3   ):   0.02 (dist   2.75)
--------------------------------------------------------------------------------


--------------------------------------------------------------------------------
--- Chromosome decoded                                                       ---
--------------------------------------------------------------------------------
Ligand Torsions
[   6    2    1    3]  158.06
[  12    5    1    2]   45.89
Protein Torsions
[6579 6563 6564 6565]   27.70 
[6671 6647 6648 6649]   67.97 
[8031 8015 8016 8017]  -53.75 
[8111 8093 8094 8095]  103.22 
[8171 8157 8158 8159]  -52.30 
[8251 8229 8230 8231]  122.71 
[9544 9530 9529 9527] -140.81 
[8327 8303 8304 8305]  -67.66 
[10191 10175 10176 10177]  129.87 
[7947 7929 7930 7931]   65.43 
[7891 7879 7880 7881]  -54.56 
[7895 7884 7883 7880]   57.79 
[6811 6793 6794 6795]  163.51 
[27200 6326 6325 6324]   11.46 
[27203 6566 6565 6564]  101.81 
[27206 7882 7881 7880] -162.19 
[27208 7932 7931 7930]  116.08 
[27211 8018 8017 8016]  155.52 
[27214 8096 8095 8094]  -88.76 
[27217 8160 8159 8158]  128.67 
[27222 10090 10089 10088] -106.33 
[27224 10178 10177 10176]  -39.84 
[27229 7724 7723 7722]  169.90 
[27231 7802 7801 7800]  160.42 
Mapping
Ligand acceptors to protein hydrogens (mapping then atom ids)
  2  12 [ 11->9544]
  3   4 [ 17->6822]
Ligand hydrogens to protein acceptors (mapping then atom ids)
  2   9 [ 23->8093]
Ligand shape atoms to protein points (mapping then atom ids & coords)
Chromosome values
Integers:
  -1   11    3   -1    8   -1   -1   -1   -1   -1   -1   -1 
--------------------------------------------------------------------------------


--------------------------------------------------------------------------------
--- Diverse Solutions Stats                                                  ---
--------------------------------------------------------------------------------
  Move attempts                            :  18640
  Move failures                            :      0
  Failure rate                             :   0.000

--------------------------------------------------------------------------------

Current Ranking  2  1  3

--------------------------------------------------------------------------------

* GA execution time :                                                           
  total  0.4294 user  0.4118 sys  0.0176

--------------------------------------------------------------------------------
Fitness function evaluations: 19953

--------------------------------------------------------------------------------
** Docking run number  4 **
--------------------------------------------------------------------------------
  Rank fitness base is 5000.00 ; increment is 11.2233

* Initialising population(s) ...                                                
Number of constraints mappings 0
Number of constraints 0
  Population no.                           :      1
  Population size                          :    100
  Number of duplicates                     :      0
  Number of niche violations               :      0
  Number of errors                         :   1238


Doing GA, no. of population(s) 1 size 100 selection pressure 1.100000

 Operation      Fitness  S(hb_ext) S(vdw_ext)  S(hb_int)    S(int)      intcor
         0      19.27       0.31      20.21       0.00     -44.14      -0.77
        85      24.92       0.29      20.89       0.00     -18.76      -0.77
Reordering...
       380      17.49       0.29      13.28       0.00      -3.52      -0.77
       399      18.05       1.05      15.94       0.00     -16.38      -0.77
       445      17.41       1.01      15.74       0.00     -16.38      -0.77
Reordering...
       480      16.62       0.25      12.76       0.00      -3.52      -0.77
       518      17.39       1.00      15.34       0.00     -13.77      -0.77
Reordering...
       640      15.60       0.22      12.20       0.00      -3.52      -0.77
       776      16.85       0.93      14.55       0.00      -9.03      -0.77
      1009      14.07       0.85      13.45       0.00      -9.03      -0.77
      1041      13.83       0.21      13.68       0.00      -8.50      -0.77
      1341      14.04       0.73      12.44       0.00      -4.51      -0.77
      1700      14.47       0.67      11.49       0.00      -2.00      -0.77
      1814      16.61       0.06      13.14       0.00      -1.51      -0.77
--------------------------------------------------------------------------------
Best docking solution after GA:
      2000      16.61       0.06      13.14       0.00      -1.51      -0.77

#ops:       2000 #mutates:    963 #cross:     1037 #dups:       585 
#niche:      847 #errors:     109 
--------------------------------------------------------------------------------

Doing AMOEBA simplex on best individual
Done simplexing #iterations 1589, best score  22.82

Ligand is stored in gold_soln_ligand_prepared_m1_4.mol2


--------------------------------------------------------------------------------
--- GoldScore breakdown of terms                                             ---
--------------------------------------------------------------------------------
Fitness = S(hb_ext) + 1.3750*S(vdw_ext) + S(hb_int) + 1.0000*S(int)
S(int)  = S(vdw_int) + S(tors)

Internal terms are relative to best energy found (intcor).

--------------------------------------------------------------------------------


     Fitness  S(hb_ext) S(vdw_ext)  S(hb_int)    S(int)      intcor
     22.82       0.10      17.04       0.00      -0.71      -0.77

--------------------------------------------------------------------------------
--- GoldScore analysis of protein-ligand interactions                        ---
--------------------------------------------------------------------------------

  Ligand acceptor    9 Protein hydrogen 8031 donor 8015 bond energy  2.00 wt 0.03
  Ligand acceptor    9 Protein hydrogen 8111 donor 8093 bond energy  2.00 wt 0.02

--------------------------------------------------------------------------------

--------------------------------------------------------------------------------
--- Rescoring solution                                                       ---
--------------------------------------------------------------------------------

     Score     S(PLP)   S(hbond)     S(cho)   S(metal)  DE(clash)   DE(tors)
     -8.47       7.24       0.50       0.00       0.00       0.00       1.37

Doing AMOEBA simplex on best individual
AMOEBA simplex failed to converge after 2000 iterations
Done simplexing #iterations 2000, best score  18.43

     Score     S(PLP)   S(hbond)     S(cho)   S(metal)  DE(clash)   DE(tors)
     18.43     -18.09       0.98       0.00       0.00       0.00       1.30

--------------------------------------------------------------------------------
--- CHEMPLP breakdown of terms                                               ---
--------------------------------------------------------------------------------
CHEMPLP = - ( 1.0000*S(PLP) + -3.0000*S(hbond) + -6.0000*S(metal) + -3.0000*S(cho) )

Score = CHEMPLP - 1.0000*DE(clash) - 2.0000*DE(tors)


--------------------------------------------------------------------------------


--------------------------------------------------------------------------------
--- PLP analysis of protein-ligand interactions                              ---
--------------------------------------------------------------------------------
hydrogen bonding        :      -3.55
metal                   :       0.00
buried (polar-nonpolar) :      -3.25
nonpolar                :     -14.33
repulsive               :       3.43
--------------------------------------------------------------------------------


--------------------------------------------------------------------------------
--- ChemScore analysis of protein-ligand interactions                        ---
--------------------------------------------------------------------------------

* Hydrogen bonds                                                                
Ligand donor   10 hydrogen   23 Protein acceptor 8101 bond energy  1.00 wt 0.01
Protein donor 8015 hydrogen 8031 Ligand acceptor    9 bond energy  1.00 wt 0.97


* CH..O interactions                                                            
  CH group selection                       : activated ring CH (adjacent to hetatom)

--------------------------------------------------------------------------------


--------------------------------------------------------------------------------
--- Intra-ligand clashes                                                     ---
--------------------------------------------------------------------------------

Ligand
--------------------------------------------------------------------------------


--------------------------------------------------------------------------------
--- Chromosome decoded                                                       ---
--------------------------------------------------------------------------------
Ligand Torsions
[   6    2    1    3]   90.39
[  12    5    1    2] -164.05
Protein Torsions
[6579 6563 6564 6565]  178.18 
[6671 6647 6648 6649]  171.93 
[8031 8015 8016 8017]  -12.28 
[8111 8093 8094 8095] -103.37 
[8171 8157 8158 8159]  -62.61 
[8251 8229 8230 8231] -114.48 
[9544 9530 9529 9527]  116.03 
[8327 8303 8304 8305]  107.64 
[10191 10175 10176 10177] -153.62 
[7947 7929 7930 7931]   92.99 
[7891 7879 7880 7881]  -11.12 
[7895 7884 7883 7880]  111.78 
[6811 6793 6794 6795]   62.76 
[27200 6326 6325 6324]  -49.99 
[27203 6566 6565 6564]   59.80 
[27206 7882 7881 7880]  122.09 
[27208 7932 7931 7930]   96.59 
[27211 8018 8017 8016] -123.62 
[27214 8096 8095 8094]  -28.98 
[27217 8160 8159 8158]  143.65 
[27222 10090 10089 10088]  132.25 
[27224 10178 10177 10176]   14.99 
[27229 7724 7723 7722] -146.25 
[27231 7802 7801 7800]  115.76 
Mapping
Ligand acceptors to protein hydrogens (mapping then atom ids)
  1   6 [  9->8031]
  3   8 [ 17->8117]
Ligand hydrogens to protein acceptors (mapping then atom ids)
  1   3 [ 22->6566]
Ligand shape atoms to protein points (mapping then atom ids & coords)
Chromosome values
Integers:
   5   -1    7    2   -1   -1   -1   -1   -1   -1   -1   -1 
--------------------------------------------------------------------------------


--------------------------------------------------------------------------------
--- Diverse Solutions Stats                                                  ---
--------------------------------------------------------------------------------
  Move attempts                            :  18787
  Move failures                            :      0
  Failure rate                             :   0.000

--------------------------------------------------------------------------------

Current Ranking  2  4  1  3

--------------------------------------------------------------------------------

* GA execution time :                                                           
  total  0.4243 user  0.4059 sys  0.0184

--------------------------------------------------------------------------------
Fitness function evaluations: 20217

--------------------------------------------------------------------------------
** Docking run number  5 **
--------------------------------------------------------------------------------
  Rank fitness base is 5000.00 ; increment is 11.2233

* Initialising population(s) ...                                                
Number of constraints mappings 0
Number of constraints 0
  Population no.                           :      1
  Population size                          :    100
  Number of duplicates                     :      0
  Number of niche violations               :      0
  Number of errors                         :   1236


Doing GA, no. of population(s) 1 size 100 selection pressure 1.100000

 Operation      Fitness  S(hb_ext) S(vdw_ext)  S(hb_int)    S(int)      intcor
         0      24.42       1.01      18.04       0.00      -7.04      -0.77
Reordering...
       780      17.20       0.85      13.28       0.00      -4.10      -0.77
      1101      14.22       0.63      10.22       0.00      -0.71      -0.77
      1286      14.09       0.55      10.25       0.00      -0.71      -0.77
      1679      17.14       0.39      12.91       0.00      -1.00      -0.77
--------------------------------------------------------------------------------
Best docking solution after GA:
      2000      17.14       0.39      12.91       0.00      -1.00      -0.77

#ops:       2000 #mutates:    991 #cross:     1009 #dups:       537 
#niche:      953 #errors:     101 
--------------------------------------------------------------------------------

Doing AMOEBA simplex on best individual
Done simplexing #iterations 1229, best score  23.23

Ligand is stored in gold_soln_ligand_prepared_m1_5.mol2


--------------------------------------------------------------------------------
--- GoldScore breakdown of terms                                             ---
--------------------------------------------------------------------------------
Fitness = S(hb_ext) + 1.3750*S(vdw_ext) + S(hb_int) + 1.0000*S(int)
S(int)  = S(vdw_int) + S(tors)

Internal terms are relative to best energy found (intcor).

--------------------------------------------------------------------------------


     Fitness  S(hb_ext) S(vdw_ext)  S(hb_int)    S(int)      intcor
     23.23       0.31      17.49       0.00      -1.14      -0.77

--------------------------------------------------------------------------------
--- GoldScore analysis of protein-ligand interactions                        ---
--------------------------------------------------------------------------------

  Ligand acceptor   11 Protein hydrogen 9544 donor 9530 bond energy  2.00 wt 0.05
  Ligand donor   10 hydrogen   23 Protein acceptor 9530 bond energy  2.00 wt 0.11

--------------------------------------------------------------------------------

--------------------------------------------------------------------------------
--- Rescoring solution                                                       ---
--------------------------------------------------------------------------------

     Score     S(PLP)   S(hbond)     S(cho)   S(metal)  DE(clash)   DE(tors)
      5.71      -7.23       0.23       0.00       0.00       0.16       1.03

Doing AMOEBA simplex on best individual
AMOEBA simplex failed to converge after 2000 iterations
Done simplexing #iterations 2000, best score  19.62

     Score     S(PLP)   S(hbond)     S(cho)   S(metal)  DE(clash)   DE(tors)
     19.62     -21.93       0.00       0.00       0.00       0.45       0.93

--------------------------------------------------------------------------------
--- CHEMPLP breakdown of terms                                               ---
--------------------------------------------------------------------------------
CHEMPLP = - ( 1.0000*S(PLP) + -3.0000*S(hbond) + -6.0000*S(metal) + -3.0000*S(cho) )

Score = CHEMPLP - 1.0000*DE(clash) - 2.0000*DE(tors)


--------------------------------------------------------------------------------


--------------------------------------------------------------------------------
--- PLP analysis of protein-ligand interactions                              ---
--------------------------------------------------------------------------------
hydrogen bonding        :      -4.23
metal                   :       0.00
buried (polar-nonpolar) :      -3.07
nonpolar                :     -15.85
repulsive               :       1.00
--------------------------------------------------------------------------------


--------------------------------------------------------------------------------
--- ChemScore analysis of protein-ligand interactions                        ---
--------------------------------------------------------------------------------

* Hydrogen bonds                                                                


* CH..O interactions                                                            
  CH group selection                       : activated ring CH (adjacent to hetatom)

--------------------------------------------------------------------------------


--------------------------------------------------------------------------------
--- Intra-ligand clashes                                                     ---
--------------------------------------------------------------------------------

Ligand
  6 (C6   ) -   3 (C3   ):   0.45 (dist   2.74)
--------------------------------------------------------------------------------


--------------------------------------------------------------------------------
--- Chromosome decoded                                                       ---
--------------------------------------------------------------------------------
Ligand Torsions
[   6    2    1    3]  -20.72
[  12    5    1    2]  170.26
Protein Torsions
[6579 6563 6564 6565]  -30.69 
[6671 6647 6648 6649] -117.82 
[8031 8015 8016 8017]  -97.31 
[8111 8093 8094 8095]  -61.10 
[8171 8157 8158 8159]   11.72 
[8251 8229 8230 8231]  176.23 
[9544 9530 9529 9527]   39.08 
[8327 8303 8304 8305]  117.94 
[10191 10175 10176 10177]   42.90 
[7947 7929 7930 7931]  172.24 
[7891 7879 7880 7881] -144.89 
[7895 7884 7883 7880]  105.42 
[6811 6793 6794 6795]   46.78 
[27200 6326 6325 6324] -157.23 
[27203 6566 6565 6564]  123.82 
[27206 7882 7881 7880]   33.50 
[27208 7932 7931 7930] -173.41 
[27211 8018 8017 8016]    3.74 
[27214 8096 8095 8094]  -10.24 
[27217 8160 8159 8158]  123.11 
[27222 10090 10089 10088] -152.72 
[27224 10178 10177 10176]  139.58 
[27229 7724 7723 7722]  167.74 
[27231 7802 7801 7800]  -69.21 
Mapping
Ligand acceptors to protein hydrogens (mapping then atom ids)
  2  12 [ 11->9544]
Ligand hydrogens to protein acceptors (mapping then atom ids)
  1  20 [ 22->7929]
  2  15 [ 23->9530]
Ligand shape atoms to protein points (mapping then atom ids & coords)
Chromosome values
Integers:
  -1   11   -1   19   14   -1   -1   -1   -1   -1   -1   -1 
--------------------------------------------------------------------------------


--------------------------------------------------------------------------------
--- Diverse Solutions Stats                                                  ---
--------------------------------------------------------------------------------
  Move attempts                            :  17895
  Move failures                            :      0
  Failure rate                             :   0.000

--------------------------------------------------------------------------------

Current Ranking  2  5  4  1  3

--------------------------------------------------------------------------------

* GA execution time :                                                           
  total  0.4179 user  0.4083 sys  0.0096

--------------------------------------------------------------------------------
Fitness function evaluations: 19245

--------------------------------------------------------------------------------
** Docking run number  6 **
--------------------------------------------------------------------------------
  Rank fitness base is 5000.00 ; increment is 11.2233

* Initialising population(s) ...                                                
Number of constraints mappings 0
Number of constraints 0
  Population no.                           :      1
  Population size                          :    100
  Number of duplicates                     :      0
  Number of niche violations               :      0
  Number of errors                         :   1225


Doing GA, no. of population(s) 1 size 100 selection pressure 1.100000

 Operation      Fitness  S(hb_ext) S(vdw_ext)  S(hb_int)    S(int)      intcor
         0      20.85       6.85      10.95       0.00      -5.23      -0.76
        41      20.91       6.85      12.75       0.00     -16.61      -0.76
       230      18.88       6.81      10.88       0.00     -11.44      -0.76
       276      19.22       0.27      14.35       0.00      -2.99      -0.76
       283      21.74       2.58      14.00       0.00      -0.36      -0.76
       712      16.93       7.42       8.81       0.00      -6.14      -0.76
       863      15.90       7.41       8.42       0.00      -6.14      -0.76
       889      17.21       2.00      11.17       0.00      -0.29      -0.76
--------------------------------------------------------------------------------
Best docking solution after GA:
      2000      17.07       2.00      11.17       0.00      -0.29      -0.76

#ops:       2000 #mutates:   1009 #cross:      991 #dups:       510 
#niche:      915 #errors:     109 
--------------------------------------------------------------------------------

Doing AMOEBA simplex on best individual
Done simplexing #iterations 1760, best score  28.03

Ligand is stored in gold_soln_ligand_prepared_m1_6.mol2


--------------------------------------------------------------------------------
--- GoldScore breakdown of terms                                             ---
--------------------------------------------------------------------------------
Fitness = S(hb_ext) + 1.3750*S(vdw_ext) + S(hb_int) + 1.0000*S(int)
S(int)  = S(vdw_int) + S(tors)

Internal terms are relative to best energy found (intcor).

--------------------------------------------------------------------------------


     Fitness  S(hb_ext) S(vdw_ext)  S(hb_int)    S(int)      intcor
     28.03       0.09      20.63       0.00      -0.43      -0.76

--------------------------------------------------------------------------------
--- GoldScore analysis of protein-ligand interactions                        ---
--------------------------------------------------------------------------------

  Ligand donor    8 hydrogen   22 Protein acceptor 8018 bond energy  2.00 wt 0.05

--------------------------------------------------------------------------------

--------------------------------------------------------------------------------
--- Rescoring solution                                                       ---
--------------------------------------------------------------------------------

     Score     S(PLP)   S(hbond)     S(cho)   S(metal)  DE(clash)   DE(tors)
      0.33      -0.96       0.52       0.00       0.00       0.00       1.09

Doing AMOEBA simplex on best individual
Done simplexing #iterations 1534, best score  23.24

     Score     S(PLP)   S(hbond)     S(cho)   S(metal)  DE(clash)   DE(tors)
     23.24     -25.34       0.00       0.00       0.00       0.00       1.05

--------------------------------------------------------------------------------
--- CHEMPLP breakdown of terms                                               ---
--------------------------------------------------------------------------------
CHEMPLP = - ( 1.0000*S(PLP) + -3.0000*S(hbond) + -6.0000*S(metal) + -3.0000*S(cho) )

Score = CHEMPLP - 1.0000*DE(clash) - 2.0000*DE(tors)


--------------------------------------------------------------------------------


--------------------------------------------------------------------------------
--- PLP analysis of protein-ligand interactions                              ---
--------------------------------------------------------------------------------
hydrogen bonding        :      -0.91
metal                   :       0.00
buried (polar-nonpolar) :      -4.44
nonpolar                :     -20.77
repulsive               :       0.35
--------------------------------------------------------------------------------


--------------------------------------------------------------------------------
--- ChemScore analysis of protein-ligand interactions                        ---
--------------------------------------------------------------------------------

* Hydrogen bonds                                                                


* CH..O interactions                                                            
  CH group selection                       : activated ring CH (adjacent to hetatom)

--------------------------------------------------------------------------------


--------------------------------------------------------------------------------
--- Intra-ligand clashes                                                     ---
--------------------------------------------------------------------------------

Ligand
--------------------------------------------------------------------------------


--------------------------------------------------------------------------------
--- Chromosome decoded                                                       ---
--------------------------------------------------------------------------------
Ligand Torsions
[   6    2    1    3]  -34.19
[  12    5    1    2]  167.29
Protein Torsions
[6579 6563 6564 6565]    9.87 
[6671 6647 6648 6649]   50.20 
[8031 8015 8016 8017]   88.55 
[8111 8093 8094 8095] -114.32 
[8171 8157 8158 8159]   67.58 
[8251 8229 8230 8231]   40.28 
[9544 9530 9529 9527]   71.10 
[8327 8303 8304 8305]  150.28 
[10191 10175 10176 10177]  -37.95 
[7947 7929 7930 7931]  -77.35 
[7891 7879 7880 7881]  178.37 
[7895 7884 7883 7880]   59.05 
[6811 6793 6794 6795]   34.77 
[27200 6326 6325 6324]  -60.81 
[27203 6566 6565 6564]  124.01 
[27206 7882 7881 7880]    0.04 
[27208 7932 7931 7930]  -28.55 
[27211 8018 8017 8016]   76.60 
[27214 8096 8095 8094]  149.12 
[27217 8160 8159 8158]   86.45 
[27222 10090 10089 10088]  112.67 
[27224 10178 10177 10176]  124.21 
[27229 7724 7723 7722]   18.78 
[27231 7802 7801 7800] -157.61 
Mapping
Ligand acceptors to protein hydrogens (mapping then atom ids)
  1  12 [  9->9544]
  3   3 [ 17->6821]
Ligand hydrogens to protein acceptors (mapping then atom ids)
  1   8 [ 22->8018]
Ligand shape atoms to protein points (mapping then atom ids & coords)
Chromosome values
Integers:
  11   -1    2    7   -1   -1   -1   -1   -1   -1   -1   -1 
--------------------------------------------------------------------------------


--------------------------------------------------------------------------------
--- Diverse Solutions Stats                                                  ---
--------------------------------------------------------------------------------
  Move attempts                            :  18490
  Move failures                            :      1
  Failure rate                             :   0.000

--------------------------------------------------------------------------------

Current Ranking  6  2  5  4  1  3

--------------------------------------------------------------------------------

* GA execution time :                                                           
  total  0.4176 user  0.4176 sys  0.0000

--------------------------------------------------------------------------------
Fitness function evaluations: 19827

--------------------------------------------------------------------------------
** Docking run number  7 **
--------------------------------------------------------------------------------
  Rank fitness base is 5000.00 ; increment is 11.2233

* Initialising population(s) ...                                                
Number of constraints mappings 0
Number of constraints 0
  Population no.                           :      1
  Population size                          :    100
  Number of duplicates                     :      0
  Number of niche violations               :      0
  Number of errors                         :   1219


Doing GA, no. of population(s) 1 size 100 selection pressure 1.100000

 Operation      Fitness  S(hb_ext) S(vdw_ext)  S(hb_int)    S(int)      intcor
         0      21.53       2.04      15.06       0.00      -6.12      -0.76
        68      21.66       3.01      14.52       0.00      -6.12      -0.76
       247      19.09       2.39      12.92       0.00      -4.11      -0.76
Reordering...
       600      13.34       1.82       9.25       0.00      -3.13      -0.76
Reordering...
       660      12.98       2.01       9.79       0.00      -6.12      -0.76
       726      12.73       1.74       9.27       0.00      -4.05      -0.76
Reordering...
       840      11.75       1.90       9.36       0.00      -6.12      -0.76
Reordering...
       880      11.64       1.65       8.78       0.00      -4.05      -0.76
Reordering...
       900      11.27       1.86       9.18       0.00      -6.12      -0.76
       922      11.59       2.26       9.18       0.00      -6.12      -0.76
Reordering...
      1080      10.26       0.08       7.71       0.00      -0.67      -0.76
      1087      11.54       1.42       9.19       0.00      -3.96      -0.76
Reordering...
      1240      10.17       0.08       7.71       0.00      -0.67      -0.76
      1663      11.23       1.52       9.52       0.00      -3.38      -0.76
--------------------------------------------------------------------------------
Best docking solution after GA:
      2000      11.23       1.52       9.52       0.00      -3.38      -0.76

#ops:       2000 #mutates:   1005 #cross:      995 #dups:       498 
#niche:      974 #errors:     140 
--------------------------------------------------------------------------------

Doing AMOEBA simplex on best individual
Done simplexing #iterations 1674, best score  19.96

Ligand is stored in gold_soln_ligand_prepared_m1_7.mol2


--------------------------------------------------------------------------------
--- GoldScore breakdown of terms                                             ---
--------------------------------------------------------------------------------
Fitness = S(hb_ext) + 1.3750*S(vdw_ext) + S(hb_int) + 1.0000*S(int)
S(int)  = S(vdw_int) + S(tors)

Internal terms are relative to best energy found (intcor).

--------------------------------------------------------------------------------


     Fitness  S(hb_ext) S(vdw_ext)  S(hb_int)    S(int)      intcor
     19.96       6.00      11.53       0.00      -1.90      -0.76

--------------------------------------------------------------------------------
--- GoldScore analysis of protein-ligand interactions                        ---
--------------------------------------------------------------------------------

  Ligand donor    8 hydrogen   22 Protein acceptor 8015 bond energy  6.00 wt 1.00

--------------------------------------------------------------------------------

--------------------------------------------------------------------------------
--- Rescoring solution                                                       ---
--------------------------------------------------------------------------------

     Score     S(PLP)   S(hbond)     S(cho)   S(metal)  DE(clash)   DE(tors)
     -3.47       2.83       0.30       0.00       0.00       1.34       0.10

Doing AMOEBA simplex on best individual
AMOEBA simplex failed to converge after 2000 iterations
Done simplexing #iterations 2000, best score  23.40

     Score     S(PLP)   S(hbond)     S(cho)   S(metal)  DE(clash)   DE(tors)
     23.40     -22.41       1.00       0.00       0.00       0.00       1.00

--------------------------------------------------------------------------------
--- CHEMPLP breakdown of terms                                               ---
--------------------------------------------------------------------------------
CHEMPLP = - ( 1.0000*S(PLP) + -3.0000*S(hbond) + -6.0000*S(metal) + -3.0000*S(cho) )

Score = CHEMPLP - 1.0000*DE(clash) - 2.0000*DE(tors)


--------------------------------------------------------------------------------


--------------------------------------------------------------------------------
--- PLP analysis of protein-ligand interactions                              ---
--------------------------------------------------------------------------------
hydrogen bonding        :      -3.19
metal                   :       0.00
buried (polar-nonpolar) :      -3.33
nonpolar                :     -18.86
repulsive               :       2.70
--------------------------------------------------------------------------------


--------------------------------------------------------------------------------
--- ChemScore analysis of protein-ligand interactions                        ---
--------------------------------------------------------------------------------

* Hydrogen bonds                                                                
Ligand donor    8 hydrogen   22 Protein acceptor 8015 bond energy  1.00 wt 0.98
Protein donor 6801 hydrogen 6821 Ligand acceptor    9 bond energy  1.00 wt 0.02


* CH..O interactions                                                            
  CH group selection                       : activated ring CH (adjacent to hetatom)

--------------------------------------------------------------------------------


--------------------------------------------------------------------------------
--- Intra-ligand clashes                                                     ---
--------------------------------------------------------------------------------

Ligand
--------------------------------------------------------------------------------


--------------------------------------------------------------------------------
--- Chromosome decoded                                                       ---
--------------------------------------------------------------------------------
Ligand Torsions
[   6    2    1    3]   75.01
[  12    5    1    2]  179.51
Protein Torsions
[6579 6563 6564 6565]  -98.60 
[6671 6647 6648 6649]   75.36 
[8031 8015 8016 8017] -170.96 
[8111 8093 8094 8095]   86.23 
[8171 8157 8158 8159] -141.57 
[8251 8229 8230 8231] -174.16 
[9544 9530 9529 9527]   99.33 
[8327 8303 8304 8305]  152.89 
[10191 10175 10176 10177]  -28.45 
[7947 7929 7930 7931] -108.96 
[7891 7879 7880 7881] -159.53 
[7895 7884 7883 7880]  -62.40 
[6811 6793 6794 6795]    6.42 
[27200 6326 6325 6324]   -9.41 
[27203 6566 6565 6564]   16.15 
[27206 7882 7881 7880]  -88.95 
[27208 7932 7931 7930]   93.80 
[27211 8018 8017 8016] -117.38 
[27214 8096 8095 8094]  -34.28 
[27217 8160 8159 8158]   71.56 
[27222 10090 10089 10088]   42.65 
[27224 10178 10177 10176] -136.96 
[27229 7724 7723 7722]    4.80 
[27231 7802 7801 7800]  -85.14 
Mapping
Ligand acceptors to protein hydrogens (mapping then atom ids)
  1   3 [  9->6821]
  3  12 [ 17->9544]
Ligand hydrogens to protein acceptors (mapping then atom ids)
  1   5 [ 22->7882]
Ligand shape atoms to protein points (mapping then atom ids & coords)
Chromosome values
Integers:
   2   -1   11    4   -1   -1   -1   -1   -1   -1   -1   -1 
--------------------------------------------------------------------------------


--------------------------------------------------------------------------------
--- Diverse Solutions Stats                                                  ---
--------------------------------------------------------------------------------
  Move attempts                            :  19673
  Move failures                            :    702
  Failure rate                             :   0.036

--------------------------------------------------------------------------------

Current Ranking  6  2  5  4  1  7  3

--------------------------------------------------------------------------------

* GA execution time :                                                           
  total  0.4148 user  0.4098 sys  0.0050

--------------------------------------------------------------------------------
Fitness function evaluations: 21047

--------------------------------------------------------------------------------
** Docking run number  8 **
--------------------------------------------------------------------------------
  Rank fitness base is 5000.00 ; increment is 11.2233

* Initialising population(s) ...                                                
Number of constraints mappings 0
Number of constraints 0
  Population no.                           :      1
  Population size                          :    100
  Number of duplicates                     :      0
  Number of niche violations               :      0
  Number of errors                         :   1141


Doing GA, no. of population(s) 1 size 100 selection pressure 1.100000

 Operation      Fitness  S(hb_ext) S(vdw_ext)  S(hb_int)    S(int)      intcor
         0      21.42       1.03      17.46       0.00     -18.08      -0.76
        55      23.12       1.59      18.82       0.00     -20.79      -0.76
        70      21.73       1.55      17.64       0.00     -19.11      -0.76
       186      18.93       2.87      15.30       0.00     -20.51      -0.76
       295      18.48       2.87      15.43       0.00     -20.78      -0.76
       381      17.83       3.39      11.21       0.00      -3.25      -0.76
       456      17.36       2.87      11.54       0.00      -4.31      -0.76
       477      17.72       2.87      15.13       0.00     -18.20      -0.76
Reordering...
       500      16.77       3.27      10.63       0.00      -3.25      -0.76
       555      17.54       2.87      11.63       0.00      -3.70      -0.76
Reordering...
       780      14.75       2.95       9.55       0.00      -2.87      -0.76
Reordering...
       960      13.13       2.23       9.88       0.00      -4.79      -0.76
       976      14.28       0.47      11.82       0.00      -4.36      -0.76
Reordering...
      1080      12.71       2.18       9.88       0.00      -4.79      -0.76
      1159      12.22       2.14       9.69       0.00      -4.77      -0.76
Reordering...
      1420      11.07       0.46       8.62       0.00      -1.36      -0.76
      1422      11.13       0.52       8.62       0.00      -1.36      -0.76
      1562      11.83       0.53       8.97       0.00      -1.04      -0.76
      1632      11.85       0.53       8.96       0.00      -1.00      -0.76
      1775      13.49       2.03       8.89       0.00      -0.75      -0.76
      1910      13.53       2.03       8.85       0.00      -0.66      -0.76
      1934      14.18       2.67       8.85       0.00      -0.66      -0.76
--------------------------------------------------------------------------------
Best docking solution after GA:
      2000      14.18       2.67       8.85       0.00      -0.66      -0.76

#ops:       2000 #mutates:    969 #cross:     1031 #dups:       675 
#niche:      939 #errors:     136 
--------------------------------------------------------------------------------

Doing AMOEBA simplex on best individual
Done simplexing #iterations 1900, best score  18.68

Ligand is stored in gold_soln_ligand_prepared_m1_8.mol2


--------------------------------------------------------------------------------
--- GoldScore breakdown of terms                                             ---
--------------------------------------------------------------------------------
Fitness = S(hb_ext) + 1.3750*S(vdw_ext) + S(hb_int) + 1.0000*S(int)
S(int)  = S(vdw_int) + S(tors)

Internal terms are relative to best energy found (intcor).

--------------------------------------------------------------------------------


     Fitness  S(hb_ext) S(vdw_ext)  S(hb_int)    S(int)      intcor
     18.68       3.30      11.80       0.00      -0.85      -0.76

--------------------------------------------------------------------------------
--- GoldScore analysis of protein-ligand interactions                        ---
--------------------------------------------------------------------------------

  Ligand acceptor   17 Protein hydrogen 8111 donor 8093 bond energy  2.00 wt 0.65
  Ligand donor    8 hydrogen   22 Protein acceptor 8018 bond energy  2.00 wt 1.00

--------------------------------------------------------------------------------

--------------------------------------------------------------------------------
--- Rescoring solution                                                       ---
--------------------------------------------------------------------------------

     Score     S(PLP)   S(hbond)     S(cho)   S(metal)  DE(clash)   DE(tors)
      0.29       5.35       2.69       0.00       0.00       0.00       1.21

Doing AMOEBA simplex on best individual
Done simplexing #iterations 1903, best score  17.21

     Score     S(PLP)   S(hbond)     S(cho)   S(metal)  DE(clash)   DE(tors)
     17.21     -11.99       2.45       0.00       0.00       0.00       1.06

--------------------------------------------------------------------------------
--- CHEMPLP breakdown of terms                                               ---
--------------------------------------------------------------------------------
CHEMPLP = - ( 1.0000*S(PLP) + -3.0000*S(hbond) + -6.0000*S(metal) + -3.0000*S(cho) )

Score = CHEMPLP - 1.0000*DE(clash) - 2.0000*DE(tors)


--------------------------------------------------------------------------------


--------------------------------------------------------------------------------
--- PLP analysis of protein-ligand interactions                              ---
--------------------------------------------------------------------------------
hydrogen bonding        :      -2.98
metal                   :       0.00
buried (polar-nonpolar) :      -3.19
nonpolar                :      -6.71
repulsive               :       0.36
--------------------------------------------------------------------------------


--------------------------------------------------------------------------------
--- ChemScore analysis of protein-ligand interactions                        ---
--------------------------------------------------------------------------------

* Hydrogen bonds                                                                
Ligand donor    8 hydrogen   22 Protein acceptor 8018 bond energy  1.00 wt 0.95
Protein donor 6801 hydrogen 6822 Ligand acceptor    9 bond energy  1.00 wt 0.99
Protein donor 8093 hydrogen 8111 Ligand acceptor   17 bond energy  1.00 wt 0.50


* CH..O interactions                                                            
  CH group selection                       : activated ring CH (adjacent to hetatom)

--------------------------------------------------------------------------------


--------------------------------------------------------------------------------
--- Intra-ligand clashes                                                     ---
--------------------------------------------------------------------------------

Ligand
--------------------------------------------------------------------------------


--------------------------------------------------------------------------------
--- Chromosome decoded                                                       ---
--------------------------------------------------------------------------------
Ligand Torsions
[   6    2    1    3]  -26.00
[  12    5    1    2]  170.10
Protein Torsions
[6579 6563 6564 6565]  149.30 
[6671 6647 6648 6649]  176.67 
[8031 8015 8016 8017]  -88.41 
[8111 8093 8094 8095]  170.03 
[8171 8157 8158 8159]  -78.78 
[8251 8229 8230 8231]  -24.01 
[9544 9530 9529 9527]  -48.12 
[8327 8303 8304 8305]   97.76 
[10191 10175 10176 10177]   48.45 
[7947 7929 7930 7931]   50.59 
[7891 7879 7880 7881]  -74.55 
[7895 7884 7883 7880]  -70.52 
[6811 6793 6794 6795]   13.12 
[27200 6326 6325 6324]  148.43 
[27203 6566 6565 6564]  110.80 
[27206 7882 7881 7880]   52.53 
[27208 7932 7931 7930]  -76.41 
[27211 8018 8017 8016]  -80.69 
[27214 8096 8095 8094] -103.65 
[27217 8160 8159 8158]  -74.33 
[27222 10090 10089 10088]  128.28 
[27224 10178 10177 10176]  -79.43 
[27229 7724 7723 7722]   10.66 
[27231 7802 7801 7800]   46.13 
Mapping
Ligand acceptors to protein hydrogens (mapping then atom ids)
  1   4 [  9->6822]
  3   7 [ 17->8111]
Ligand hydrogens to protein acceptors (mapping then atom ids)
  1   8 [ 22->8018]
Ligand shape atoms to protein points (mapping then atom ids & coords)
Chromosome values
Integers:
   3   -1    6    7   -1   -1   -1   -1   -1   -1   -1   -1 
--------------------------------------------------------------------------------


--------------------------------------------------------------------------------
--- Diverse Solutions Stats                                                  ---
--------------------------------------------------------------------------------
  Move attempts                            :  20318
  Move failures                            :     27
  Failure rate                             :   0.001

--------------------------------------------------------------------------------

Current Ranking  6  2  5  4  1  7  8  3

--------------------------------------------------------------------------------

* GA execution time :                                                           
  total  0.4312 user  0.4305 sys  0.0007

--------------------------------------------------------------------------------
Fitness function evaluations: 21583

--------------------------------------------------------------------------------
** Docking run number  9 **
--------------------------------------------------------------------------------
  Rank fitness base is 5000.00 ; increment is 11.2233

* Initialising population(s) ...                                                
Number of constraints mappings 0
Number of constraints 0
  Population no.                           :      1
  Population size                          :    100
  Number of duplicates                     :      0
  Number of niche violations               :      0
  Number of errors                         :   1213


Doing GA, no. of population(s) 1 size 100 selection pressure 1.100000

 Operation      Fitness  S(hb_ext) S(vdw_ext)  S(hb_int)    S(int)      intcor
         0      20.25       1.77      13.98       0.00      -3.69      -0.76
Reordering...
        60      18.60       3.66      13.26       0.00     -15.38      -0.76
Reordering...
       180      16.15       1.16      11.26       0.00      -2.06      -0.76
Reordering...
       240      15.73       1.13      10.78       0.00      -0.83      -0.76
       322      15.78       1.13      11.08       0.00      -2.06      -0.76
       864      12.33       4.03       7.54       0.00      -4.11      -0.76
       930      14.16       2.57       9.24       0.00      -2.08      -0.76
Reordering...
      1020      13.03       3.89       7.45       0.00      -1.84      -0.76
      1452      12.76       2.79       8.82       0.00      -2.30      -0.76
      1488      13.62       2.79       8.62       0.00      -1.04      -0.76
      1692      14.91       0.47      12.01       0.00      -2.08      -0.76
      1869      15.65       0.47      13.29       0.00      -3.10      -0.76
      1915      16.14       6.00      10.28       0.00      -3.99      -0.76
--------------------------------------------------------------------------------
Best docking solution after GA:
      2000      16.14       6.00      10.28       0.00      -3.99      -0.76

#ops:       2000 #mutates:   1005 #cross:      995 #dups:       631 
#niche:      954 #errors:     151 
--------------------------------------------------------------------------------

Doing AMOEBA simplex on best individual
Done simplexing #iterations 1539, best score  21.50

Ligand is stored in gold_soln_ligand_prepared_m1_9.mol2


--------------------------------------------------------------------------------
--- GoldScore breakdown of terms                                             ---
--------------------------------------------------------------------------------
Fitness = S(hb_ext) + 1.3750*S(vdw_ext) + S(hb_int) + 1.0000*S(int)
S(int)  = S(vdw_int) + S(tors)

Internal terms are relative to best energy found (intcor).

--------------------------------------------------------------------------------


     Fitness  S(hb_ext) S(vdw_ext)  S(hb_int)    S(int)      intcor
     21.50       6.00      12.95       0.00      -2.30      -0.76

--------------------------------------------------------------------------------
--- GoldScore analysis of protein-ligand interactions                        ---
--------------------------------------------------------------------------------

  Ligand donor   10 hydrogen   23 Protein acceptor 8101 bond energy  6.00 wt 1.00

--------------------------------------------------------------------------------

--------------------------------------------------------------------------------
--- Rescoring solution                                                       ---
--------------------------------------------------------------------------------

     Score     S(PLP)   S(hbond)     S(cho)   S(metal)  DE(clash)   DE(tors)
      3.58      -1.67       1.17       0.00       0.00       1.39       0.11

Doing AMOEBA simplex on best individual
Done simplexing #iterations 1716, best score  15.80

     Score     S(PLP)   S(hbond)     S(cho)   S(metal)  DE(clash)   DE(tors)
     15.80     -13.92       1.14       0.00       0.00       1.38       0.08

--------------------------------------------------------------------------------
--- CHEMPLP breakdown of terms                                               ---
--------------------------------------------------------------------------------
CHEMPLP = - ( 1.0000*S(PLP) + -3.0000*S(hbond) + -6.0000*S(metal) + -3.0000*S(cho) )

Score = CHEMPLP - 1.0000*DE(clash) - 2.0000*DE(tors)


--------------------------------------------------------------------------------


--------------------------------------------------------------------------------
--- PLP analysis of protein-ligand interactions                              ---
--------------------------------------------------------------------------------
hydrogen bonding        :      -2.00
metal                   :       0.00
buried (polar-nonpolar) :      -2.90
nonpolar                :      -9.11
repulsive               :       0.25
--------------------------------------------------------------------------------


--------------------------------------------------------------------------------
--- ChemScore analysis of protein-ligand interactions                        ---
--------------------------------------------------------------------------------

* Hydrogen bonds                                                                
Ligand donor   10 hydrogen   23 Protein acceptor 8101 bond energy  1.00 wt 1.00
Protein donor 9530 hydrogen 9544 Ligand acceptor   11 bond energy  1.00 wt 0.14


* CH..O interactions                                                            
  CH group selection                       : activated ring CH (adjacent to hetatom)

--------------------------------------------------------------------------------


--------------------------------------------------------------------------------
--- Intra-ligand clashes                                                     ---
--------------------------------------------------------------------------------

Ligand
  7 (C7   ) -   4 (C4   ):   1.38 (dist   2.71)
--------------------------------------------------------------------------------


--------------------------------------------------------------------------------
--- Chromosome decoded                                                       ---
--------------------------------------------------------------------------------
Ligand Torsions
[   6    2    1    3]   70.27
[  12    5    1    2]  176.60
Protein Torsions
[6579 6563 6564 6565]   12.94 
[6671 6647 6648 6649]   41.81 
[8031 8015 8016 8017]   82.99 
[8111 8093 8094 8095]  -89.55 
[8171 8157 8158 8159]   86.07 
[8251 8229 8230 8231]  128.27 
[9544 9530 9529 9527]   -3.89 
[8327 8303 8304 8305]  -40.76 
[10191 10175 10176 10177]  -11.53 
[7947 7929 7930 7931]  -12.20 
[7891 7879 7880 7881]  102.81 
[7895 7884 7883 7880] -168.91 
[6811 6793 6794 6795]  128.54 
[27200 6326 6325 6324]   16.85 
[27203 6566 6565 6564] -133.81 
[27206 7882 7881 7880]  148.55 
[27208 7932 7931 7930]  -89.88 
[27211 8018 8017 8016]  103.85 
[27214 8096 8095 8094]  145.97 
[27217 8160 8159 8158]  113.08 
[27222 10090 10089 10088]    9.66 
[27224 10178 10177 10176]  162.30 
[27229 7724 7723 7722]   11.45 
[27231 7802 7801 7800]  109.59 
Mapping
Ligand acceptors to protein hydrogens (mapping then atom ids)
  2  12 [ 11->9544]
Ligand hydrogens to protein acceptors (mapping then atom ids)
  1   5 [ 22->7882]
  2  11 [ 23->8101]
Ligand shape atoms to protein points (mapping then atom ids & coords)
Chromosome values
Integers:
  -1   11   -1    4   10   -1   -1   -1   -1   -1   -1   -1 
--------------------------------------------------------------------------------


--------------------------------------------------------------------------------
--- Diverse Solutions Stats                                                  ---
--------------------------------------------------------------------------------
  Move attempts                            :  18327
  Move failures                            :      8
  Failure rate                             :   0.000

--------------------------------------------------------------------------------

Current Ranking  6  2  5  4  9  1  7  8  3

--------------------------------------------------------------------------------

* GA execution time :                                                           
  total  0.4301 user  0.4209 sys  0.0092

--------------------------------------------------------------------------------
Fitness function evaluations: 19765

--------------------------------------------------------------------------------
** Docking run number 10 **
--------------------------------------------------------------------------------
  Rank fitness base is 5000.00 ; increment is 11.2233

* Initialising population(s) ...                                                
Number of constraints mappings 0
Number of constraints 0
  Population no.                           :      1
  Population size                          :    100
  Number of duplicates                     :      0
  Number of niche violations               :      0
  Number of errors                         :   1157


Doing GA, no. of population(s) 1 size 100 selection pressure 1.100000

 Operation      Fitness  S(hb_ext) S(vdw_ext)  S(hb_int)    S(int)      intcor
         0      23.99       1.83      17.83       0.00     -11.78      -0.76
       377      21.42       1.24      17.20       0.00     -11.78      -0.76
       492      20.74       1.19      16.72       0.00     -10.29      -0.76
Reordering...
       580      20.01       6.18      10.25       0.00      -0.72      -0.76
       828      19.49       6.11       9.78       0.00      -0.14      -0.76
      1529      19.00       6.00       9.56       0.00      -0.14      -0.76
      1578      19.51       6.00       9.92       0.00      -0.14      -0.76
      1756      19.78       6.00      10.12       0.00      -0.14      -0.76
--------------------------------------------------------------------------------
Best docking solution after GA:
      2000      19.78       6.00      10.12       0.00      -0.14      -0.76

#ops:       2000 #mutates:   1013 #cross:      987 #dups:       463 
#niche:      906 #errors:     168 
--------------------------------------------------------------------------------

Doing AMOEBA simplex on best individual
Done simplexing #iterations 1108, best score  21.59

Ligand is stored in gold_soln_ligand_prepared_m1_10.mol2


--------------------------------------------------------------------------------
--- GoldScore breakdown of terms                                             ---
--------------------------------------------------------------------------------
Fitness = S(hb_ext) + 1.3750*S(vdw_ext) + S(hb_int) + 1.0000*S(int)
S(int)  = S(vdw_int) + S(tors)

Internal terms are relative to best energy found (intcor).

--------------------------------------------------------------------------------


     Fitness  S(hb_ext) S(vdw_ext)  S(hb_int)    S(int)      intcor
     21.59       6.00      11.34       0.00      -0.01      -0.76

--------------------------------------------------------------------------------
--- GoldScore analysis of protein-ligand interactions                        ---
--------------------------------------------------------------------------------

  Ligand donor   10 hydrogen   23 Protein acceptor 8101 bond energy  6.00 wt 1.00

--------------------------------------------------------------------------------

--------------------------------------------------------------------------------
--- Rescoring solution                                                       ---
--------------------------------------------------------------------------------

     Score     S(PLP)   S(hbond)     S(cho)   S(metal)  DE(clash)   DE(tors)
     -2.83       4.13       0.81       0.00       0.00       0.00       0.57

Doing AMOEBA simplex on best individual
AMOEBA simplex failed to converge after 2000 iterations
Done simplexing #iterations 2000, best score  17.92

     Score     S(PLP)   S(hbond)     S(cho)   S(metal)  DE(clash)   DE(tors)
     17.92     -14.05       1.30       0.00       0.00       0.00       0.01

--------------------------------------------------------------------------------
--- CHEMPLP breakdown of terms                                               ---
--------------------------------------------------------------------------------
CHEMPLP = - ( 1.0000*S(PLP) + -3.0000*S(hbond) + -6.0000*S(metal) + -3.0000*S(cho) )

Score = CHEMPLP - 1.0000*DE(clash) - 2.0000*DE(tors)


--------------------------------------------------------------------------------


--------------------------------------------------------------------------------
--- PLP analysis of protein-ligand interactions                              ---
--------------------------------------------------------------------------------
hydrogen bonding        :      -2.00
metal                   :       0.00
buried (polar-nonpolar) :      -3.12
nonpolar                :      -8.85
repulsive               :       0.22
--------------------------------------------------------------------------------


--------------------------------------------------------------------------------
--- ChemScore analysis of protein-ligand interactions                        ---
--------------------------------------------------------------------------------

* Hydrogen bonds                                                                
Ligand donor   10 hydrogen   23 Protein acceptor 8101 bond energy  1.00 wt 1.00
Protein donor 9530 hydrogen 9544 Ligand acceptor   11 bond energy  1.00 wt 0.30


* CH..O interactions                                                            
  CH group selection                       : activated ring CH (adjacent to hetatom)

--------------------------------------------------------------------------------


--------------------------------------------------------------------------------
--- Intra-ligand clashes                                                     ---
--------------------------------------------------------------------------------

Ligand
--------------------------------------------------------------------------------


--------------------------------------------------------------------------------
--- Chromosome decoded                                                       ---
--------------------------------------------------------------------------------
Ligand Torsions
[   6    2    1    3]  -72.26
[  12    5    1    2] -172.71
Protein Torsions
[6579 6563 6564 6565] -127.75 
[6671 6647 6648 6649] -170.90 
[8031 8015 8016 8017]   50.64 
[8111 8093 8094 8095]  165.71 
[8171 8157 8158 8159]   65.58 
[8251 8229 8230 8231]  119.64 
[9544 9530 9529 9527]    3.44 
[8327 8303 8304 8305]   21.85 
[10191 10175 10176 10177]  164.07 
[7947 7929 7930 7931]  179.40 
[7891 7879 7880 7881]  171.64 
[7895 7884 7883 7880]   19.86 
[6811 6793 6794 6795]   77.81 
[27200 6326 6325 6324] -106.76 
[27203 6566 6565 6564]   86.60 
[27206 7882 7881 7880]   60.38 
[27208 7932 7931 7930]  -49.68 
[27211 8018 8017 8016]  -74.97 
[27214 8096 8095 8094] -137.26 
[27217 8160 8159 8158]  123.08 
[27222 10090 10089 10088]   54.47 
[27224 10178 10177 10176]  -88.09 
[27229 7724 7723 7722]   -4.83 
[27231 7802 7801 7800]   56.17 
Mapping
Ligand acceptors to protein hydrogens (mapping then atom ids)
  2  12 [ 11->9544]
Ligand hydrogens to protein acceptors (mapping then atom ids)
  1   5 [ 22->7882]
  2  11 [ 23->8101]
Ligand shape atoms to protein points (mapping then atom ids & coords)
Chromosome values
Integers:
  -1   11   -1    4   10   -1   -1   -1   -1   -1   -1   -1 
--------------------------------------------------------------------------------


--------------------------------------------------------------------------------
--- Diverse Solutions Stats                                                  ---
--------------------------------------------------------------------------------
  Move attempts                            :  17686
  Move failures                            :      0
  Failure rate                             :   0.000

--------------------------------------------------------------------------------

Current Ranking  6  2  5  4 10  9  1  7  8  3

--------------------------------------------------------------------------------

* GA execution time :                                                           
  total  0.4097 user  0.3909 sys  0.0188

--------------------------------------------------------------------------------
Fitness function evaluations: 19092

--------------------------------------------------------------------------------
--- Ranking analysis                                                         ---
--------------------------------------------------------------------------------


* Final ranked order of GA solutions:                                           
   6  2  5  4 10  9  1  7  8  3 

  _______________________________
  RMSD Matrix of RANKED solutions

        2    3    4    5    6    7    8    9   10  

   1 :  4.6  4.5  5.4  4.1  3.9  5.1  6.2  4.6  3.5
   2 :       1.7  3.6  4.4  4.4  5.3  3.3  3.0  4.6
   3 :            4.3  5.0  4.9  4.8  4.0  3.1  4.6
   4 :                 4.7  4.5  4.3  2.8  3.9  5.5
   5 :                      0.8  6.2  6.1  4.2  2.6
   6 :                           5.8  6.0  4.1  2.5
   7 :                                5.4  4.8  5.7
   8 :                                     4.0  6.6
   9 :                                          4.0

  Clustering method                        : complete linkage
  Structure ids in cluster table           : rank nos.
  Ordering of clusters and their members   : by rank (order if from rms_analysis)

  Distance | Clusters
   0.79    |  1 |  2 |  3 |  4 |  5  6 |  7 |  8 |  9 | 10 |
   1.72    |  1 |  2  3 |  4 |  5  6 |  7 |  8 |  9 | 10 |
   2.59    |  1 |  2  3 |  4 |  5  6 10 |  7 |  8 |  9 |
   2.82    |  1 |  2  3 |  4  8 |  5  6 10 |  7 |  9 |
   3.08    |  1 |  2  3  9 |  4  8 |  5  6 10 |  7 |
   4.09    |  1  5  6 10 |  2  3  9 |  4  8 |  7 |
   4.30    |  1  5  6 10 |  2  3  4  8  9 |  7 |
   5.44    |  1  5  6 10 |  2  3  4  7  8  9 |
   6.59    |  1  2  3  4  5  6  7  8  9 10 |
  Finished Docking Ligand                  : /mnt/c/Users/ricca/Desktop/Documents/1_Coding/1_Script_Github/Reverse_Docking_Explore_V3/4v3u/ligand_prepared.mol2
--------------------------------------------------------------------------------

  Relative_Ligand_Energy (best encountered) :  -0.755
  Relative_Ligand_Energy: fitness values have been corrected using this amount
