Warning message: 
set_pdb_atom_types: can't deduce type of atom   14 in /mnt/e/GOLD/Screening_2/output/prep_cristal.mol2/6c5f_clean.pdb, replacing by Du

Warning message: 
set_pdb_atom_types: can't deduce type of atom   15 in /mnt/e/GOLD/Screening_2/output/prep_cristal.mol2/6c5f_clean.pdb, replacing by Du

Warning message: 
set_pdb_atom_types: can't deduce type of atom   16 in /mnt/e/GOLD/Screening_2/output/prep_cristal.mol2/6c5f_clean.pdb, replacing by Du

Warning message: 
set_pdb_atom_types: can't deduce type of atom   17 in /mnt/e/GOLD/Screening_2/output/prep_cristal.mol2/6c5f_clean.pdb, replacing by Du

Warning message: 
set_pdb_atom_types: can't deduce type of atom   18 in /mnt/e/GOLD/Screening_2/output/prep_cristal.mol2/6c5f_clean.pdb, replacing by Du

Warning message: 
set_pdb_atom_types: can't deduce type of atom   25 in /mnt/e/GOLD/Screening_2/output/prep_cristal.mol2/6c5f_clean.pdb, replacing by Du

Warning message: 
set_pdb_atom_types: can't deduce type of atom   26 in /mnt/e/GOLD/Screening_2/output/prep_cristal.mol2/6c5f_clean.pdb, replacing by Du

Warning message: 
set_pdb_atom_types: can't deduce type of atom   42 in /mnt/e/GOLD/Screening_2/output/prep_cristal.mol2/6c5f_clean.pdb, replacing by Du

Warning message: 
set_pdb_atom_types: can't deduce type of atom   43 in /mnt/e/GOLD/Screening_2/output/prep_cristal.mol2/6c5f_clean.pdb, replacing by Du

Warning message: 
set_pdb_atom_types: can't deduce type of atom   57 in /mnt/e/GOLD/Screening_2/output/prep_cristal.mol2/6c5f_clean.pdb, replacing by Du

Warning message: 
set_pdb_atom_types: can't deduce type of atom   65 in /mnt/e/GOLD/Screening_2/output/prep_cristal.mol2/6c5f_clean.pdb, replacing by Du

Warning message: 
set_pdb_atom_types: can't deduce type of atom   73 in /mnt/e/GOLD/Screening_2/output/prep_cristal.mol2/6c5f_clean.pdb, replacing by Du

Warning message: 
set_pdb_atom_types: can't deduce type of atom   74 in /mnt/e/GOLD/Screening_2/output/prep_cristal.mol2/6c5f_clean.pdb, replacing by Du

Warning message: 
set_pdb_atom_types: can't deduce type of atom   86 in /mnt/e/GOLD/Screening_2/output/prep_cristal.mol2/6c5f_clean.pdb, replacing by Du

Warning message: 
set_pdb_atom_types: can't deduce type of atom   93 in /mnt/e/GOLD/Screening_2/output/prep_cristal.mol2/6c5f_clean.pdb, replacing by Du

Warning message: 
set_pdb_atom_types: can't deduce type of atom  104 in /mnt/e/GOLD/Screening_2/output/prep_cristal.mol2/6c5f_clean.pdb, replacing by Du

Warning message: 
set_pdb_atom_types: can't deduce type of atom  105 in /mnt/e/GOLD/Screening_2/output/prep_cristal.mol2/6c5f_clean.pdb, replacing by Du

Warning message: 
set_pdb_atom_types: can't deduce type of atom  111 in /mnt/e/GOLD/Screening_2/output/prep_cristal.mol2/6c5f_clean.pdb, replacing by Du

Warning message: 
set_pdb_atom_types: can't deduce type of atom  112 in /mnt/e/GOLD/Screening_2/output/prep_cristal.mol2/6c5f_clean.pdb, replacing by Du

Warning message: 
set_pdb_atom_types: can't deduce type of atom  124 in /mnt/e/GOLD/Screening_2/output/prep_cristal.mol2/6c5f_clean.pdb, replacing by Du

Warning message: 
set_pdb_atom_types: can't deduce type of atom  135 in /mnt/e/GOLD/Screening_2/output/prep_cristal.mol2/6c5f_clean.pdb, replacing by Du

Warning message: 
set_pdb_atom_types: can't deduce type of atom  136 in /mnt/e/GOLD/Screening_2/output/prep_cristal.mol2/6c5f_clean.pdb, replacing by Du

Warning message: 
set_pdb_atom_types: can't deduce type of atom  151 in /mnt/e/GOLD/Screening_2/output/prep_cristal.mol2/6c5f_clean.pdb, replacing by Du

Warning message: 
set_pdb_atom_types: can't deduce type of atom  161 in /mnt/e/GOLD/Screening_2/output/prep_cristal.mol2/6c5f_clean.pdb, replacing by Du

Warning message: 
set_pdb_atom_types: can't deduce type of atom  162 in /mnt/e/GOLD/Screening_2/output/prep_cristal.mol2/6c5f_clean.pdb, replacing by Du

Warning message: 
set_pdb_atom_types: can't deduce type of atom  169 in /mnt/e/GOLD/Screening_2/output/prep_cristal.mol2/6c5f_clean.pdb, replacing by Du

Warning message: 
set_pdb_atom_types: can't deduce type of atom  170 in /mnt/e/GOLD/Screening_2/output/prep_cristal.mol2/6c5f_clean.pdb, replacing by Du

Warning message: 
set_pdb_atom_types: can't deduce type of atom  181 in /mnt/e/GOLD/Screening_2/output/prep_cristal.mol2/6c5f_clean.pdb, replacing by Du

Warning message: 
set_pdb_atom_types: can't deduce type of atom  186 in /mnt/e/GOLD/Screening_2/output/prep_cristal.mol2/6c5f_clean.pdb, replacing by Du

Warning message: 
set_pdb_atom_types: can't deduce type of atom  191 in /mnt/e/GOLD/Screening_2/output/prep_cristal.mol2/6c5f_clean.pdb, replacing by Du

Warning message: 
set_pdb_atom_types: can't deduce type of atom  196 in /mnt/e/GOLD/Screening_2/output/prep_cristal.mol2/6c5f_clean.pdb, replacing by Du

Warning message: 
set_pdb_atom_types: can't deduce type of atom  209 in /mnt/e/GOLD/Screening_2/output/prep_cristal.mol2/6c5f_clean.pdb, replacing by Du

Warning message: 
set_pdb_atom_types: can't deduce type of atom  210 in /mnt/e/GOLD/Screening_2/output/prep_cristal.mol2/6c5f_clean.pdb, replacing by Du

Warning message: 
set_pdb_atom_types: can't deduce type of atom  217 in /mnt/e/GOLD/Screening_2/output/prep_cristal.mol2/6c5f_clean.pdb, replacing by Du

Warning message: 
set_pdb_atom_types: can't deduce type of atom  218 in /mnt/e/GOLD/Screening_2/output/prep_cristal.mol2/6c5f_clean.pdb, replacing by Du

Warning message: 
set_pdb_atom_types: can't deduce type of atom  231 in /mnt/e/GOLD/Screening_2/output/prep_cristal.mol2/6c5f_clean.pdb, replacing by Du

Warning message: 
set_pdb_atom_types: can't deduce type of atom  243 in /mnt/e/GOLD/Screening_2/output/prep_cristal.mol2/6c5f_clean.pdb, replacing by Du

Warning message: 
set_pdb_atom_types: can't deduce type of atom  261 in /mnt/e/GOLD/Screening_2/output/prep_cristal.mol2/6c5f_clean.pdb, replacing by Du

Warning message: 
set_pdb_atom_types: can't deduce type of atom  262 in /mnt/e/GOLD/Screening_2/output/prep_cristal.mol2/6c5f_clean.pdb, replacing by Du

Warning message: 
set_pdb_atom_types: can't deduce type of atom  268 in /mnt/e/GOLD/Screening_2/output/prep_cristal.mol2/6c5f_clean.pdb, replacing by Du

Warning message: 
set_pdb_atom_types: can't deduce type of atom  269 in /mnt/e/GOLD/Screening_2/output/prep_cristal.mol2/6c5f_clean.pdb, replacing by Du

Warning message: 
set_pdb_atom_types: can't deduce type of atom  276 in /mnt/e/GOLD/Screening_2/output/prep_cristal.mol2/6c5f_clean.pdb, replacing by Du

Warning message: 
set_pdb_atom_types: can't deduce type of atom  283 in /mnt/e/GOLD/Screening_2/output/prep_cristal.mol2/6c5f_clean.pdb, replacing by Du

Warning message: 
set_pdb_atom_types: can't deduce type of atom  284 in /mnt/e/GOLD/Screening_2/output/prep_cristal.mol2/6c5f_clean.pdb, replacing by Du

Warning message: 
set_pdb_atom_types: can't deduce type of atom  290 in /mnt/e/GOLD/Screening_2/output/prep_cristal.mol2/6c5f_clean.pdb, replacing by Du

Warning message: 
set_pdb_atom_types: can't deduce type of atom  297 in /mnt/e/GOLD/Screening_2/output/prep_cristal.mol2/6c5f_clean.pdb, replacing by Du

Warning message: 
set_pdb_atom_types: can't deduce type of atom  298 in /mnt/e/GOLD/Screening_2/output/prep_cristal.mol2/6c5f_clean.pdb, replacing by Du

Warning message: 
set_pdb_atom_types: can't deduce type of atom  308 in /mnt/e/GOLD/Screening_2/output/prep_cristal.mol2/6c5f_clean.pdb, replacing by Du

Warning message: 
set_pdb_atom_types: can't deduce type of atom  309 in /mnt/e/GOLD/Screening_2/output/prep_cristal.mol2/6c5f_clean.pdb, replacing by Du

Warning message: 
set_pdb_atom_types: can't deduce type of atom  327 in /mnt/e/GOLD/Screening_2/output/prep_cristal.mol2/6c5f_clean.pdb, replacing by Du

Warning message: 
set_pdb_atom_types: can't deduce type of atom  328 in /mnt/e/GOLD/Screening_2/output/prep_cristal.mol2/6c5f_clean.pdb, replacing by Du

Warning message: 
set_pdb_atom_types: can't deduce type of atom  333 in /mnt/e/GOLD/Screening_2/output/prep_cristal.mol2/6c5f_clean.pdb, replacing by Du

Warning message: 
set_pdb_atom_types: can't deduce type of atom  341 in /mnt/e/GOLD/Screening_2/output/prep_cristal.mol2/6c5f_clean.pdb, replacing by Du

Warning message: 
set_pdb_atom_types: can't deduce type of atom  346 in /mnt/e/GOLD/Screening_2/output/prep_cristal.mol2/6c5f_clean.pdb, replacing by Du

Warning message: 
set_pdb_atom_types: can't deduce type of atom  353 in /mnt/e/GOLD/Screening_2/output/prep_cristal.mol2/6c5f_clean.pdb, replacing by Du

Warning message: 
set_pdb_atom_types: can't deduce type of atom  354 in /mnt/e/GOLD/Screening_2/output/prep_cristal.mol2/6c5f_clean.pdb, replacing by Du

Warning message: 
set_pdb_atom_types: can't deduce type of atom  376 in /mnt/e/GOLD/Screening_2/output/prep_cristal.mol2/6c5f_clean.pdb, replacing by Du

Warning message: 
set_pdb_atom_types: can't deduce type of atom  404 in /mnt/e/GOLD/Screening_2/output/prep_cristal.mol2/6c5f_clean.pdb, replacing by Du

Warning message: 
set_pdb_atom_types: can't deduce type of atom  412 in /mnt/e/GOLD/Screening_2/output/prep_cristal.mol2/6c5f_clean.pdb, replacing by Du

Warning message: 
set_pdb_atom_types: can't deduce type of atom  420 in /mnt/e/GOLD/Screening_2/output/prep_cristal.mol2/6c5f_clean.pdb, replacing by Du

Warning message: 
set_pdb_atom_types: can't deduce type of atom  421 in /mnt/e/GOLD/Screening_2/output/prep_cristal.mol2/6c5f_clean.pdb, replacing by Du

Warning message: 
set_pdb_atom_types: can't deduce type of atom  434 in /mnt/e/GOLD/Screening_2/output/prep_cristal.mol2/6c5f_clean.pdb, replacing by Du

Warning message: 
set_pdb_atom_types: can't deduce type of atom  435 in /mnt/e/GOLD/Screening_2/output/prep_cristal.mol2/6c5f_clean.pdb, replacing by Du

Warning message: 
set_pdb_atom_types: can't deduce type of atom  454 in /mnt/e/GOLD/Screening_2/output/prep_cristal.mol2/6c5f_clean.pdb, replacing by Du

Warning message: 
set_pdb_atom_types: can't deduce type of atom  455 in /mnt/e/GOLD/Screening_2/output/prep_cristal.mol2/6c5f_clean.pdb, replacing by Du

Warning message: 
set_pdb_atom_types: can't deduce type of atom  465 in /mnt/e/GOLD/Screening_2/output/prep_cristal.mol2/6c5f_clean.pdb, replacing by Du

Warning message: 
set_pdb_atom_types: can't deduce type of atom  466 in /mnt/e/GOLD/Screening_2/output/prep_cristal.mol2/6c5f_clean.pdb, replacing by Du

Warning message: 
set_pdb_atom_types: can't deduce type of atom  472 in /mnt/e/GOLD/Screening_2/output/prep_cristal.mol2/6c5f_clean.pdb, replacing by Du

Warning message: 
set_pdb_atom_types: can't deduce type of atom  473 in /mnt/e/GOLD/Screening_2/output/prep_cristal.mol2/6c5f_clean.pdb, replacing by Du

Warning message: 
set_pdb_atom_types: can't deduce type of atom  483 in /mnt/e/GOLD/Screening_2/output/prep_cristal.mol2/6c5f_clean.pdb, replacing by Du

Warning message: 
set_pdb_atom_types: can't deduce type of atom  489 in /mnt/e/GOLD/Screening_2/output/prep_cristal.mol2/6c5f_clean.pdb, replacing by Du

Warning message: 
set_pdb_atom_types: can't deduce type of atom  495 in /mnt/e/GOLD/Screening_2/output/prep_cristal.mol2/6c5f_clean.pdb, replacing by Du

Warning message: 
set_pdb_atom_types: can't deduce type of atom  510 in /mnt/e/GOLD/Screening_2/output/prep_cristal.mol2/6c5f_clean.pdb, replacing by Du

Warning message: 
set_pdb_atom_types: can't deduce type of atom  518 in /mnt/e/GOLD/Screening_2/output/prep_cristal.mol2/6c5f_clean.pdb, replacing by Du

Warning message: 
set_pdb_atom_types: can't deduce type of atom  531 in /mnt/e/GOLD/Screening_2/output/prep_cristal.mol2/6c5f_clean.pdb, replacing by Du

Warning message: 
set_pdb_atom_types: can't deduce type of atom  545 in /mnt/e/GOLD/Screening_2/output/prep_cristal.mol2/6c5f_clean.pdb, replacing by Du

Warning message: 
set_pdb_atom_types: can't deduce type of atom  552 in /mnt/e/GOLD/Screening_2/output/prep_cristal.mol2/6c5f_clean.pdb, replacing by Du

Warning message: 
set_pdb_atom_types: can't deduce type of atom  562 in /mnt/e/GOLD/Screening_2/output/prep_cristal.mol2/6c5f_clean.pdb, replacing by Du

Warning message: 
set_pdb_atom_types: can't deduce type of atom  563 in /mnt/e/GOLD/Screening_2/output/prep_cristal.mol2/6c5f_clean.pdb, replacing by Du

Warning message: 
set_pdb_atom_types: can't deduce type of atom  564 in /mnt/e/GOLD/Screening_2/output/prep_cristal.mol2/6c5f_clean.pdb, replacing by Du

Warning message: 
set_pdb_atom_types: can't deduce type of atom  565 in /mnt/e/GOLD/Screening_2/output/prep_cristal.mol2/6c5f_clean.pdb, replacing by Du

Warning message: 
set_pdb_atom_types: can't deduce type of atom  566 in /mnt/e/GOLD/Screening_2/output/prep_cristal.mol2/6c5f_clean.pdb, replacing by Du

Warning message: 
set_pdb_atom_types: can't deduce type of atom  573 in /mnt/e/GOLD/Screening_2/output/prep_cristal.mol2/6c5f_clean.pdb, replacing by Du

Warning message: 
set_pdb_atom_types: can't deduce type of atom  574 in /mnt/e/GOLD/Screening_2/output/prep_cristal.mol2/6c5f_clean.pdb, replacing by Du

Warning message: 
set_pdb_atom_types: can't deduce type of atom  575 in /mnt/e/GOLD/Screening_2/output/prep_cristal.mol2/6c5f_clean.pdb, replacing by Du

Warning message: 
set_pdb_atom_types: can't deduce type of atom  576 in /mnt/e/GOLD/Screening_2/output/prep_cristal.mol2/6c5f_clean.pdb, replacing by Du

Warning message: 
set_pdb_atom_types: can't deduce type of atom  577 in /mnt/e/GOLD/Screening_2/output/prep_cristal.mol2/6c5f_clean.pdb, replacing by Du

Warning message: 
set_pdb_atom_types: can't deduce type of atom  593 in /mnt/e/GOLD/Screening_2/output/prep_cristal.mol2/6c5f_clean.pdb, replacing by Du

Warning message: 
set_pdb_atom_types: can't deduce type of atom  594 in /mnt/e/GOLD/Screening_2/output/prep_cristal.mol2/6c5f_clean.pdb, replacing by Du

Warning message: 
set_pdb_atom_types: can't deduce type of atom  595 in /mnt/e/GOLD/Screening_2/output/prep_cristal.mol2/6c5f_clean.pdb, replacing by Du

Warning message: 
set_pdb_atom_types: can't deduce type of atom  596 in /mnt/e/GOLD/Screening_2/output/prep_cristal.mol2/6c5f_clean.pdb, replacing by Du

Warning message: 
set_pdb_atom_types: can't deduce type of atom  597 in /mnt/e/GOLD/Screening_2/output/prep_cristal.mol2/6c5f_clean.pdb, replacing by Du

Warning message: 
set_pdb_atom_types: can't deduce type of atom  604 in /mnt/e/GOLD/Screening_2/output/prep_cristal.mol2/6c5f_clean.pdb, replacing by Du

Warning message: 
set_pdb_atom_types: can't deduce type of atom  605 in /mnt/e/GOLD/Screening_2/output/prep_cristal.mol2/6c5f_clean.pdb, replacing by Du

Warning message: 
set_pdb_atom_types: can't deduce type of atom  611 in /mnt/e/GOLD/Screening_2/output/prep_cristal.mol2/6c5f_clean.pdb, replacing by Du

Warning message: 
set_pdb_atom_types: can't deduce type of atom  618 in /mnt/e/GOLD/Screening_2/output/prep_cristal.mol2/6c5f_clean.pdb, replacing by Du

Warning message: 
set_pdb_atom_types: can't deduce type of atom  634 in /mnt/e/GOLD/Screening_2/output/prep_cristal.mol2/6c5f_clean.pdb, replacing by Du

Warning message: 
set_pdb_atom_types: can't deduce type of atom  635 in /mnt/e/GOLD/Screening_2/output/prep_cristal.mol2/6c5f_clean.pdb, replacing by Du

Warning message: 
set_pdb_atom_types: can't deduce type of atom  640 in /mnt/e/GOLD/Screening_2/output/prep_cristal.mol2/6c5f_clean.pdb, replacing by Du

Warning message: 
set_pdb_atom_types: can't deduce type of atom  647 in /mnt/e/GOLD/Screening_2/output/prep_cristal.mol2/6c5f_clean.pdb, replacing by Du

Warning message: 
set_pdb_atom_types: can't deduce type of atom  648 in /mnt/e/GOLD/Screening_2/output/prep_cristal.mol2/6c5f_clean.pdb, replacing by Du

Warning message: 
set_pdb_atom_types: can't deduce type of atom  660 in /mnt/e/GOLD/Screening_2/output/prep_cristal.mol2/6c5f_clean.pdb, replacing by Du

Warning message: 
set_pdb_atom_types: can't deduce type of atom  679 in /mnt/e/GOLD/Screening_2/output/prep_cristal.mol2/6c5f_clean.pdb, replacing by Du

Warning message: 
set_pdb_atom_types: can't deduce type of atom  680 in /mnt/e/GOLD/Screening_2/output/prep_cristal.mol2/6c5f_clean.pdb, replacing by Du

Warning message: 
set_pdb_atom_types: can't deduce type of atom  687 in /mnt/e/GOLD/Screening_2/output/prep_cristal.mol2/6c5f_clean.pdb, replacing by Du

Warning message: 
set_pdb_atom_types: can't deduce type of atom  688 in /mnt/e/GOLD/Screening_2/output/prep_cristal.mol2/6c5f_clean.pdb, replacing by Du

Warning message: 
set_pdb_atom_types: can't deduce type of atom  695 in /mnt/e/GOLD/Screening_2/output/prep_cristal.mol2/6c5f_clean.pdb, replacing by Du

Warning message: 
set_pdb_atom_types: can't deduce type of atom  696 in /mnt/e/GOLD/Screening_2/output/prep_cristal.mol2/6c5f_clean.pdb, replacing by Du

Warning message: 
set_pdb_atom_types: can't deduce type of atom  703 in /mnt/e/GOLD/Screening_2/output/prep_cristal.mol2/6c5f_clean.pdb, replacing by Du

Warning message: 
set_pdb_atom_types: can't deduce type of atom  704 in /mnt/e/GOLD/Screening_2/output/prep_cristal.mol2/6c5f_clean.pdb, replacing by Du

Warning message: 
set_pdb_atom_types: can't deduce type of atom  714 in /mnt/e/GOLD/Screening_2/output/prep_cristal.mol2/6c5f_clean.pdb, replacing by Du

Warning message: 
set_pdb_atom_types: can't deduce type of atom  715 in /mnt/e/GOLD/Screening_2/output/prep_cristal.mol2/6c5f_clean.pdb, replacing by Du

Warning message: 
set_pdb_atom_types: can't deduce type of atom  722 in /mnt/e/GOLD/Screening_2/output/prep_cristal.mol2/6c5f_clean.pdb, replacing by Du

Warning message: 
set_pdb_atom_types: can't deduce type of atom  723 in /mnt/e/GOLD/Screening_2/output/prep_cristal.mol2/6c5f_clean.pdb, replacing by Du

Warning message: 
set_pdb_atom_types: can't deduce type of atom  724 in /mnt/e/GOLD/Screening_2/output/prep_cristal.mol2/6c5f_clean.pdb, replacing by Du

Warning message: 
set_pdb_atom_types: can't deduce type of atom  725 in /mnt/e/GOLD/Screening_2/output/prep_cristal.mol2/6c5f_clean.pdb, replacing by Du

Warning message: 
set_pdb_atom_types: can't deduce type of atom  726 in /mnt/e/GOLD/Screening_2/output/prep_cristal.mol2/6c5f_clean.pdb, replacing by Du

Warning message: 
set_pdb_atom_types: can't deduce type of atom  733 in /mnt/e/GOLD/Screening_2/output/prep_cristal.mol2/6c5f_clean.pdb, replacing by Du

Warning message: 
set_pdb_atom_types: can't deduce type of atom  734 in /mnt/e/GOLD/Screening_2/output/prep_cristal.mol2/6c5f_clean.pdb, replacing by Du

Warning message: 
set_pdb_atom_types: can't deduce type of atom  735 in /mnt/e/GOLD/Screening_2/output/prep_cristal.mol2/6c5f_clean.pdb, replacing by Du

Warning message: 
set_pdb_atom_types: can't deduce type of atom  736 in /mnt/e/GOLD/Screening_2/output/prep_cristal.mol2/6c5f_clean.pdb, replacing by Du

Warning message: 
set_pdb_atom_types: can't deduce type of atom  737 in /mnt/e/GOLD/Screening_2/output/prep_cristal.mol2/6c5f_clean.pdb, replacing by Du

Warning message: 
set_pdb_atom_types: can't deduce type of atom  751 in /mnt/e/GOLD/Screening_2/output/prep_cristal.mol2/6c5f_clean.pdb, replacing by Du

Warning message: 
set_pdb_atom_types: can't deduce type of atom  752 in /mnt/e/GOLD/Screening_2/output/prep_cristal.mol2/6c5f_clean.pdb, replacing by Du

Warning message: 
set_pdb_atom_types: can't deduce type of atom  774 in /mnt/e/GOLD/Screening_2/output/prep_cristal.mol2/6c5f_clean.pdb, replacing by Du

Warning message: 
set_pdb_atom_types: can't deduce type of atom  777 in /mnt/e/GOLD/Screening_2/output/prep_cristal.mol2/6c5f_clean.pdb, replacing by Du

Warning message: 
set_pdb_atom_types: can't deduce type of atom  779 in /mnt/e/GOLD/Screening_2/output/prep_cristal.mol2/6c5f_clean.pdb, replacing by Du

Warning message: 
set_pdb_atom_types: can't deduce type of atom  780 in /mnt/e/GOLD/Screening_2/output/prep_cristal.mol2/6c5f_clean.pdb, replacing by Du

Warning message: 
set_pdb_atom_types: can't deduce type of atom  781 in /mnt/e/GOLD/Screening_2/output/prep_cristal.mol2/6c5f_clean.pdb, replacing by Du

Warning message: 
set_pdb_atom_types: can't deduce type of atom  789 in /mnt/e/GOLD/Screening_2/output/prep_cristal.mol2/6c5f_clean.pdb, replacing by Du

Warning message: 
set_pdb_atom_types: can't deduce type of atom  797 in /mnt/e/GOLD/Screening_2/output/prep_cristal.mol2/6c5f_clean.pdb, replacing by Du

Warning message: 
set_pdb_atom_types: can't deduce type of atom  798 in /mnt/e/GOLD/Screening_2/output/prep_cristal.mol2/6c5f_clean.pdb, replacing by Du

Warning message: 
set_pdb_atom_types: can't deduce type of atom  811 in /mnt/e/GOLD/Screening_2/output/prep_cristal.mol2/6c5f_clean.pdb, replacing by Du

Warning message: 
set_pdb_atom_types: can't deduce type of atom  818 in /mnt/e/GOLD/Screening_2/output/prep_cristal.mol2/6c5f_clean.pdb, replacing by Du

Warning message: 
set_pdb_atom_types: can't deduce type of atom  819 in /mnt/e/GOLD/Screening_2/output/prep_cristal.mol2/6c5f_clean.pdb, replacing by Du

Warning message: 
set_pdb_atom_types: can't deduce type of atom  833 in /mnt/e/GOLD/Screening_2/output/prep_cristal.mol2/6c5f_clean.pdb, replacing by Du

Warning message: 
set_pdb_atom_types: can't deduce type of atom  834 in /mnt/e/GOLD/Screening_2/output/prep_cristal.mol2/6c5f_clean.pdb, replacing by Du

Warning message: 
set_pdb_atom_types: can't deduce type of atom  848 in /mnt/e/GOLD/Screening_2/output/prep_cristal.mol2/6c5f_clean.pdb, replacing by Du

Warning message: 
set_pdb_atom_types: can't deduce type of atom  849 in /mnt/e/GOLD/Screening_2/output/prep_cristal.mol2/6c5f_clean.pdb, replacing by Du

Warning message: 
set_pdb_atom_types: can't deduce type of atom  850 in /mnt/e/GOLD/Screening_2/output/prep_cristal.mol2/6c5f_clean.pdb, replacing by Du

Warning message: 
set_pdb_atom_types: can't deduce type of atom  851 in /mnt/e/GOLD/Screening_2/output/prep_cristal.mol2/6c5f_clean.pdb, replacing by Du

Warning message: 
set_pdb_atom_types: can't deduce type of atom  852 in /mnt/e/GOLD/Screening_2/output/prep_cristal.mol2/6c5f_clean.pdb, replacing by Du

Warning message: 
set_pdb_atom_types: can't deduce type of atom  859 in /mnt/e/GOLD/Screening_2/output/prep_cristal.mol2/6c5f_clean.pdb, replacing by Du

Warning message: 
set_pdb_atom_types: can't deduce type of atom  860 in /mnt/e/GOLD/Screening_2/output/prep_cristal.mol2/6c5f_clean.pdb, replacing by Du

Warning message: 
set_pdb_atom_types: can't deduce type of atom  876 in /mnt/e/GOLD/Screening_2/output/prep_cristal.mol2/6c5f_clean.pdb, replacing by Du

Warning message: 
set_pdb_atom_types: can't deduce type of atom  877 in /mnt/e/GOLD/Screening_2/output/prep_cristal.mol2/6c5f_clean.pdb, replacing by Du

Warning message: 
set_pdb_atom_types: can't deduce type of atom  891 in /mnt/e/GOLD/Screening_2/output/prep_cristal.mol2/6c5f_clean.pdb, replacing by Du

Warning message: 
set_pdb_atom_types: can't deduce type of atom  899 in /mnt/e/GOLD/Screening_2/output/prep_cristal.mol2/6c5f_clean.pdb, replacing by Du

Warning message: 
set_pdb_atom_types: can't deduce type of atom  907 in /mnt/e/GOLD/Screening_2/output/prep_cristal.mol2/6c5f_clean.pdb, replacing by Du

Warning message: 
set_pdb_atom_types: can't deduce type of atom  908 in /mnt/e/GOLD/Screening_2/output/prep_cristal.mol2/6c5f_clean.pdb, replacing by Du

Warning message: 
set_pdb_atom_types: can't deduce type of atom  920 in /mnt/e/GOLD/Screening_2/output/prep_cristal.mol2/6c5f_clean.pdb, replacing by Du

Warning message: 
set_pdb_atom_types: can't deduce type of atom  927 in /mnt/e/GOLD/Screening_2/output/prep_cristal.mol2/6c5f_clean.pdb, replacing by Du

Warning message: 
set_pdb_atom_types: can't deduce type of atom  938 in /mnt/e/GOLD/Screening_2/output/prep_cristal.mol2/6c5f_clean.pdb, replacing by Du

Warning message: 
set_pdb_atom_types: can't deduce type of atom  939 in /mnt/e/GOLD/Screening_2/output/prep_cristal.mol2/6c5f_clean.pdb, replacing by Du

Warning message: 
set_pdb_atom_types: can't deduce type of atom  945 in /mnt/e/GOLD/Screening_2/output/prep_cristal.mol2/6c5f_clean.pdb, replacing by Du

Warning message: 
set_pdb_atom_types: can't deduce type of atom  946 in /mnt/e/GOLD/Screening_2/output/prep_cristal.mol2/6c5f_clean.pdb, replacing by Du

Warning message: 
set_pdb_atom_types: can't deduce type of atom  958 in /mnt/e/GOLD/Screening_2/output/prep_cristal.mol2/6c5f_clean.pdb, replacing by Du

Warning message: 
set_pdb_atom_types: can't deduce type of atom  969 in /mnt/e/GOLD/Screening_2/output/prep_cristal.mol2/6c5f_clean.pdb, replacing by Du

Warning message: 
set_pdb_atom_types: can't deduce type of atom  970 in /mnt/e/GOLD/Screening_2/output/prep_cristal.mol2/6c5f_clean.pdb, replacing by Du

Warning message: 
set_pdb_atom_types: can't deduce type of atom  985 in /mnt/e/GOLD/Screening_2/output/prep_cristal.mol2/6c5f_clean.pdb, replacing by Du

Warning message: 
set_pdb_atom_types: can't deduce type of atom  995 in /mnt/e/GOLD/Screening_2/output/prep_cristal.mol2/6c5f_clean.pdb, replacing by Du

Warning message: 
set_pdb_atom_types: can't deduce type of atom  996 in /mnt/e/GOLD/Screening_2/output/prep_cristal.mol2/6c5f_clean.pdb, replacing by Du

Warning message: 
set_pdb_atom_types: can't deduce type of atom 1003 in /mnt/e/GOLD/Screening_2/output/prep_cristal.mol2/6c5f_clean.pdb, replacing by Du

Warning message: 
set_pdb_atom_types: can't deduce type of atom 1004 in /mnt/e/GOLD/Screening_2/output/prep_cristal.mol2/6c5f_clean.pdb, replacing by Du

Warning message: 
set_pdb_atom_types: can't deduce type of atom 1015 in /mnt/e/GOLD/Screening_2/output/prep_cristal.mol2/6c5f_clean.pdb, replacing by Du

Warning message: 
set_pdb_atom_types: can't deduce type of atom 1020 in /mnt/e/GOLD/Screening_2/output/prep_cristal.mol2/6c5f_clean.pdb, replacing by Du

Warning message: 
set_pdb_atom_types: can't deduce type of atom 1025 in /mnt/e/GOLD/Screening_2/output/prep_cristal.mol2/6c5f_clean.pdb, replacing by Du

Warning message: 
set_pdb_atom_types: can't deduce type of atom 1030 in /mnt/e/GOLD/Screening_2/output/prep_cristal.mol2/6c5f_clean.pdb, replacing by Du

Warning message: 
set_pdb_atom_types: can't deduce type of atom 1043 in /mnt/e/GOLD/Screening_2/output/prep_cristal.mol2/6c5f_clean.pdb, replacing by Du

Warning message: 
set_pdb_atom_types: can't deduce type of atom 1044 in /mnt/e/GOLD/Screening_2/output/prep_cristal.mol2/6c5f_clean.pdb, replacing by Du

Warning message: 
set_pdb_atom_types: can't deduce type of atom 1051 in /mnt/e/GOLD/Screening_2/output/prep_cristal.mol2/6c5f_clean.pdb, replacing by Du

Warning message: 
set_pdb_atom_types: can't deduce type of atom 1052 in /mnt/e/GOLD/Screening_2/output/prep_cristal.mol2/6c5f_clean.pdb, replacing by Du

Warning message: 
set_pdb_atom_types: can't deduce type of atom 1065 in /mnt/e/GOLD/Screening_2/output/prep_cristal.mol2/6c5f_clean.pdb, replacing by Du

Warning message: 
set_pdb_atom_types: can't deduce type of atom 1077 in /mnt/e/GOLD/Screening_2/output/prep_cristal.mol2/6c5f_clean.pdb, replacing by Du

Warning message: 
set_pdb_atom_types: can't deduce type of atom 1095 in /mnt/e/GOLD/Screening_2/output/prep_cristal.mol2/6c5f_clean.pdb, replacing by Du

Warning message: 
set_pdb_atom_types: can't deduce type of atom 1096 in /mnt/e/GOLD/Screening_2/output/prep_cristal.mol2/6c5f_clean.pdb, replacing by Du

Warning message: 
set_pdb_atom_types: can't deduce type of atom 1102 in /mnt/e/GOLD/Screening_2/output/prep_cristal.mol2/6c5f_clean.pdb, replacing by Du

Warning message: 
set_pdb_atom_types: can't deduce type of atom 1103 in /mnt/e/GOLD/Screening_2/output/prep_cristal.mol2/6c5f_clean.pdb, replacing by Du

Warning message: 
set_pdb_atom_types: can't deduce type of atom 1110 in /mnt/e/GOLD/Screening_2/output/prep_cristal.mol2/6c5f_clean.pdb, replacing by Du

Warning message: 
set_pdb_atom_types: can't deduce type of atom 1117 in /mnt/e/GOLD/Screening_2/output/prep_cristal.mol2/6c5f_clean.pdb, replacing by Du

Warning message: 
set_pdb_atom_types: can't deduce type of atom 1118 in /mnt/e/GOLD/Screening_2/output/prep_cristal.mol2/6c5f_clean.pdb, replacing by Du

Warning message: 
set_pdb_atom_types: can't deduce type of atom 1124 in /mnt/e/GOLD/Screening_2/output/prep_cristal.mol2/6c5f_clean.pdb, replacing by Du

Warning message: 
set_pdb_atom_types: can't deduce type of atom 1131 in /mnt/e/GOLD/Screening_2/output/prep_cristal.mol2/6c5f_clean.pdb, replacing by Du

Warning message: 
set_pdb_atom_types: can't deduce type of atom 1132 in /mnt/e/GOLD/Screening_2/output/prep_cristal.mol2/6c5f_clean.pdb, replacing by Du

Warning message: 
set_pdb_atom_types: can't deduce type of atom 1142 in /mnt/e/GOLD/Screening_2/output/prep_cristal.mol2/6c5f_clean.pdb, replacing by Du

Warning message: 
set_pdb_atom_types: can't deduce type of atom 1143 in /mnt/e/GOLD/Screening_2/output/prep_cristal.mol2/6c5f_clean.pdb, replacing by Du

Warning message: 
set_pdb_atom_types: can't deduce type of atom 1161 in /mnt/e/GOLD/Screening_2/output/prep_cristal.mol2/6c5f_clean.pdb, replacing by Du

Warning message: 
set_pdb_atom_types: can't deduce type of atom 1162 in /mnt/e/GOLD/Screening_2/output/prep_cristal.mol2/6c5f_clean.pdb, replacing by Du

Warning message: 
set_pdb_atom_types: can't deduce type of atom 1167 in /mnt/e/GOLD/Screening_2/output/prep_cristal.mol2/6c5f_clean.pdb, replacing by Du

Warning message: 
set_pdb_atom_types: can't deduce type of atom 1175 in /mnt/e/GOLD/Screening_2/output/prep_cristal.mol2/6c5f_clean.pdb, replacing by Du

Warning message: 
set_pdb_atom_types: can't deduce type of atom 1180 in /mnt/e/GOLD/Screening_2/output/prep_cristal.mol2/6c5f_clean.pdb, replacing by Du

Warning message: 
set_pdb_atom_types: can't deduce type of atom 1187 in /mnt/e/GOLD/Screening_2/output/prep_cristal.mol2/6c5f_clean.pdb, replacing by Du

Warning message: 
set_pdb_atom_types: can't deduce type of atom 1188 in /mnt/e/GOLD/Screening_2/output/prep_cristal.mol2/6c5f_clean.pdb, replacing by Du

Warning message: 
set_pdb_atom_types: can't deduce type of atom 1210 in /mnt/e/GOLD/Screening_2/output/prep_cristal.mol2/6c5f_clean.pdb, replacing by Du

Warning message: 
set_pdb_atom_types: can't deduce type of atom 1238 in /mnt/e/GOLD/Screening_2/output/prep_cristal.mol2/6c5f_clean.pdb, replacing by Du

Warning message: 
set_pdb_atom_types: can't deduce type of atom 1246 in /mnt/e/GOLD/Screening_2/output/prep_cristal.mol2/6c5f_clean.pdb, replacing by Du

Warning message: 
set_pdb_atom_types: can't deduce type of atom 1254 in /mnt/e/GOLD/Screening_2/output/prep_cristal.mol2/6c5f_clean.pdb, replacing by Du

Warning message: 
set_pdb_atom_types: can't deduce type of atom 1255 in /mnt/e/GOLD/Screening_2/output/prep_cristal.mol2/6c5f_clean.pdb, replacing by Du

Warning message: 
set_pdb_atom_types: can't deduce type of atom 1268 in /mnt/e/GOLD/Screening_2/output/prep_cristal.mol2/6c5f_clean.pdb, replacing by Du

Warning message: 
set_pdb_atom_types: can't deduce type of atom 1269 in /mnt/e/GOLD/Screening_2/output/prep_cristal.mol2/6c5f_clean.pdb, replacing by Du

Warning message: 
set_pdb_atom_types: can't deduce type of atom 1288 in /mnt/e/GOLD/Screening_2/output/prep_cristal.mol2/6c5f_clean.pdb, replacing by Du

Warning message: 
set_pdb_atom_types: can't deduce type of atom 1289 in /mnt/e/GOLD/Screening_2/output/prep_cristal.mol2/6c5f_clean.pdb, replacing by Du

Warning message: 
set_pdb_atom_types: can't deduce type of atom 1299 in /mnt/e/GOLD/Screening_2/output/prep_cristal.mol2/6c5f_clean.pdb, replacing by Du

Warning message: 
set_pdb_atom_types: can't deduce type of atom 1300 in /mnt/e/GOLD/Screening_2/output/prep_cristal.mol2/6c5f_clean.pdb, replacing by Du

Warning message: 
set_pdb_atom_types: can't deduce type of atom 1306 in /mnt/e/GOLD/Screening_2/output/prep_cristal.mol2/6c5f_clean.pdb, replacing by Du

Warning message: 
set_pdb_atom_types: can't deduce type of atom 1307 in /mnt/e/GOLD/Screening_2/output/prep_cristal.mol2/6c5f_clean.pdb, replacing by Du

Warning message: 
set_pdb_atom_types: can't deduce type of atom 1317 in /mnt/e/GOLD/Screening_2/output/prep_cristal.mol2/6c5f_clean.pdb, replacing by Du

Warning message: 
set_pdb_atom_types: can't deduce type of atom 1323 in /mnt/e/GOLD/Screening_2/output/prep_cristal.mol2/6c5f_clean.pdb, replacing by Du

Warning message: 
set_pdb_atom_types: can't deduce type of atom 1329 in /mnt/e/GOLD/Screening_2/output/prep_cristal.mol2/6c5f_clean.pdb, replacing by Du

Warning message: 
set_pdb_atom_types: can't deduce type of atom 1344 in /mnt/e/GOLD/Screening_2/output/prep_cristal.mol2/6c5f_clean.pdb, replacing by Du

Warning message: 
set_pdb_atom_types: can't deduce type of atom 1352 in /mnt/e/GOLD/Screening_2/output/prep_cristal.mol2/6c5f_clean.pdb, replacing by Du

Warning message: 
set_pdb_atom_types: can't deduce type of atom 1365 in /mnt/e/GOLD/Screening_2/output/prep_cristal.mol2/6c5f_clean.pdb, replacing by Du

Warning message: 
set_pdb_atom_types: can't deduce type of atom 1379 in /mnt/e/GOLD/Screening_2/output/prep_cristal.mol2/6c5f_clean.pdb, replacing by Du

Warning message: 
set_pdb_atom_types: can't deduce type of atom 1386 in /mnt/e/GOLD/Screening_2/output/prep_cristal.mol2/6c5f_clean.pdb, replacing by Du

Warning message: 
set_pdb_atom_types: can't deduce type of atom 1396 in /mnt/e/GOLD/Screening_2/output/prep_cristal.mol2/6c5f_clean.pdb, replacing by Du

Warning message: 
set_pdb_atom_types: can't deduce type of atom 1397 in /mnt/e/GOLD/Screening_2/output/prep_cristal.mol2/6c5f_clean.pdb, replacing by Du

Warning message: 
set_pdb_atom_types: can't deduce type of atom 1398 in /mnt/e/GOLD/Screening_2/output/prep_cristal.mol2/6c5f_clean.pdb, replacing by Du

Warning message: 
set_pdb_atom_types: can't deduce type of atom 1399 in /mnt/e/GOLD/Screening_2/output/prep_cristal.mol2/6c5f_clean.pdb, replacing by Du

Warning message: 
set_pdb_atom_types: can't deduce type of atom 1400 in /mnt/e/GOLD/Screening_2/output/prep_cristal.mol2/6c5f_clean.pdb, replacing by Du

Warning message: 
set_pdb_atom_types: can't deduce type of atom 1407 in /mnt/e/GOLD/Screening_2/output/prep_cristal.mol2/6c5f_clean.pdb, replacing by Du

Warning message: 
set_pdb_atom_types: can't deduce type of atom 1408 in /mnt/e/GOLD/Screening_2/output/prep_cristal.mol2/6c5f_clean.pdb, replacing by Du

Warning message: 
set_pdb_atom_types: can't deduce type of atom 1409 in /mnt/e/GOLD/Screening_2/output/prep_cristal.mol2/6c5f_clean.pdb, replacing by Du

Warning message: 
set_pdb_atom_types: can't deduce type of atom 1410 in /mnt/e/GOLD/Screening_2/output/prep_cristal.mol2/6c5f_clean.pdb, replacing by Du

Warning message: 
set_pdb_atom_types: can't deduce type of atom 1411 in /mnt/e/GOLD/Screening_2/output/prep_cristal.mol2/6c5f_clean.pdb, replacing by Du

Warning message: 
set_pdb_atom_types: can't deduce type of atom 1427 in /mnt/e/GOLD/Screening_2/output/prep_cristal.mol2/6c5f_clean.pdb, replacing by Du

Warning message: 
set_pdb_atom_types: can't deduce type of atom 1428 in /mnt/e/GOLD/Screening_2/output/prep_cristal.mol2/6c5f_clean.pdb, replacing by Du

Warning message: 
set_pdb_atom_types: can't deduce type of atom 1429 in /mnt/e/GOLD/Screening_2/output/prep_cristal.mol2/6c5f_clean.pdb, replacing by Du

Warning message: 
set_pdb_atom_types: can't deduce type of atom 1430 in /mnt/e/GOLD/Screening_2/output/prep_cristal.mol2/6c5f_clean.pdb, replacing by Du

Warning message: 
set_pdb_atom_types: can't deduce type of atom 1431 in /mnt/e/GOLD/Screening_2/output/prep_cristal.mol2/6c5f_clean.pdb, replacing by Du

Warning message: 
set_pdb_atom_types: can't deduce type of atom 1438 in /mnt/e/GOLD/Screening_2/output/prep_cristal.mol2/6c5f_clean.pdb, replacing by Du

Warning message: 
set_pdb_atom_types: can't deduce type of atom 1439 in /mnt/e/GOLD/Screening_2/output/prep_cristal.mol2/6c5f_clean.pdb, replacing by Du

Warning message: 
set_pdb_atom_types: can't deduce type of atom 1445 in /mnt/e/GOLD/Screening_2/output/prep_cristal.mol2/6c5f_clean.pdb, replacing by Du

Warning message: 
set_pdb_atom_types: can't deduce type of atom 1452 in /mnt/e/GOLD/Screening_2/output/prep_cristal.mol2/6c5f_clean.pdb, replacing by Du

Warning message: 
set_pdb_atom_types: can't deduce type of atom 1468 in /mnt/e/GOLD/Screening_2/output/prep_cristal.mol2/6c5f_clean.pdb, replacing by Du

Warning message: 
set_pdb_atom_types: can't deduce type of atom 1469 in /mnt/e/GOLD/Screening_2/output/prep_cristal.mol2/6c5f_clean.pdb, replacing by Du

Warning message: 
set_pdb_atom_types: can't deduce type of atom 1474 in /mnt/e/GOLD/Screening_2/output/prep_cristal.mol2/6c5f_clean.pdb, replacing by Du

Warning message: 
set_pdb_atom_types: can't deduce type of atom 1481 in /mnt/e/GOLD/Screening_2/output/prep_cristal.mol2/6c5f_clean.pdb, replacing by Du

Warning message: 
set_pdb_atom_types: can't deduce type of atom 1482 in /mnt/e/GOLD/Screening_2/output/prep_cristal.mol2/6c5f_clean.pdb, replacing by Du

Warning message: 
set_pdb_atom_types: can't deduce type of atom 1494 in /mnt/e/GOLD/Screening_2/output/prep_cristal.mol2/6c5f_clean.pdb, replacing by Du

Warning message: 
set_pdb_atom_types: can't deduce type of atom 1513 in /mnt/e/GOLD/Screening_2/output/prep_cristal.mol2/6c5f_clean.pdb, replacing by Du

Warning message: 
set_pdb_atom_types: can't deduce type of atom 1514 in /mnt/e/GOLD/Screening_2/output/prep_cristal.mol2/6c5f_clean.pdb, replacing by Du

Warning message: 
set_pdb_atom_types: can't deduce type of atom 1521 in /mnt/e/GOLD/Screening_2/output/prep_cristal.mol2/6c5f_clean.pdb, replacing by Du

Warning message: 
set_pdb_atom_types: can't deduce type of atom 1522 in /mnt/e/GOLD/Screening_2/output/prep_cristal.mol2/6c5f_clean.pdb, replacing by Du

Warning message: 
set_pdb_atom_types: can't deduce type of atom 1529 in /mnt/e/GOLD/Screening_2/output/prep_cristal.mol2/6c5f_clean.pdb, replacing by Du

Warning message: 
set_pdb_atom_types: can't deduce type of atom 1530 in /mnt/e/GOLD/Screening_2/output/prep_cristal.mol2/6c5f_clean.pdb, replacing by Du

Warning message: 
set_pdb_atom_types: can't deduce type of atom 1537 in /mnt/e/GOLD/Screening_2/output/prep_cristal.mol2/6c5f_clean.pdb, replacing by Du

Warning message: 
set_pdb_atom_types: can't deduce type of atom 1538 in /mnt/e/GOLD/Screening_2/output/prep_cristal.mol2/6c5f_clean.pdb, replacing by Du

Warning message: 
set_pdb_atom_types: can't deduce type of atom 1548 in /mnt/e/GOLD/Screening_2/output/prep_cristal.mol2/6c5f_clean.pdb, replacing by Du

Warning message: 
set_pdb_atom_types: can't deduce type of atom 1549 in /mnt/e/GOLD/Screening_2/output/prep_cristal.mol2/6c5f_clean.pdb, replacing by Du

Warning message: 
set_pdb_atom_types: can't deduce type of atom 1556 in /mnt/e/GOLD/Screening_2/output/prep_cristal.mol2/6c5f_clean.pdb, replacing by Du

Warning message: 
set_pdb_atom_types: can't deduce type of atom 1557 in /mnt/e/GOLD/Screening_2/output/prep_cristal.mol2/6c5f_clean.pdb, replacing by Du

Warning message: 
set_pdb_atom_types: can't deduce type of atom 1558 in /mnt/e/GOLD/Screening_2/output/prep_cristal.mol2/6c5f_clean.pdb, replacing by Du

Warning message: 
set_pdb_atom_types: can't deduce type of atom 1559 in /mnt/e/GOLD/Screening_2/output/prep_cristal.mol2/6c5f_clean.pdb, replacing by Du

Warning message: 
set_pdb_atom_types: can't deduce type of atom 1560 in /mnt/e/GOLD/Screening_2/output/prep_cristal.mol2/6c5f_clean.pdb, replacing by Du

Warning message: 
set_pdb_atom_types: can't deduce type of atom 1567 in /mnt/e/GOLD/Screening_2/output/prep_cristal.mol2/6c5f_clean.pdb, replacing by Du

Warning message: 
set_pdb_atom_types: can't deduce type of atom 1568 in /mnt/e/GOLD/Screening_2/output/prep_cristal.mol2/6c5f_clean.pdb, replacing by Du

Warning message: 
set_pdb_atom_types: can't deduce type of atom 1569 in /mnt/e/GOLD/Screening_2/output/prep_cristal.mol2/6c5f_clean.pdb, replacing by Du

Warning message: 
set_pdb_atom_types: can't deduce type of atom 1570 in /mnt/e/GOLD/Screening_2/output/prep_cristal.mol2/6c5f_clean.pdb, replacing by Du

Warning message: 
set_pdb_atom_types: can't deduce type of atom 1571 in /mnt/e/GOLD/Screening_2/output/prep_cristal.mol2/6c5f_clean.pdb, replacing by Du

Warning message: 
set_pdb_atom_types: can't deduce type of atom 1585 in /mnt/e/GOLD/Screening_2/output/prep_cristal.mol2/6c5f_clean.pdb, replacing by Du

Warning message: 
set_pdb_atom_types: can't deduce type of atom 1586 in /mnt/e/GOLD/Screening_2/output/prep_cristal.mol2/6c5f_clean.pdb, replacing by Du

Warning message: 
set_pdb_atom_types: can't deduce type of atom 1608 in /mnt/e/GOLD/Screening_2/output/prep_cristal.mol2/6c5f_clean.pdb, replacing by Du

Warning message: 
set_pdb_atom_types: can't deduce type of atom 1611 in /mnt/e/GOLD/Screening_2/output/prep_cristal.mol2/6c5f_clean.pdb, replacing by Du

Warning message: 
set_pdb_atom_types: can't deduce type of atom 1613 in /mnt/e/GOLD/Screening_2/output/prep_cristal.mol2/6c5f_clean.pdb, replacing by Du

Warning message: 
set_pdb_atom_types: can't deduce type of atom 1614 in /mnt/e/GOLD/Screening_2/output/prep_cristal.mol2/6c5f_clean.pdb, replacing by Du

Warning message: 
set_pdb_atom_types: can't deduce type of atom 1615 in /mnt/e/GOLD/Screening_2/output/prep_cristal.mol2/6c5f_clean.pdb, replacing by Du

Warning message: 
set_pdb_atom_types: can't deduce type of atom 1623 in /mnt/e/GOLD/Screening_2/output/prep_cristal.mol2/6c5f_clean.pdb, replacing by Du

Warning message: 
set_pdb_atom_types: can't deduce type of atom 1631 in /mnt/e/GOLD/Screening_2/output/prep_cristal.mol2/6c5f_clean.pdb, replacing by Du

Warning message: 
set_pdb_atom_types: can't deduce type of atom 1632 in /mnt/e/GOLD/Screening_2/output/prep_cristal.mol2/6c5f_clean.pdb, replacing by Du

Warning message: 
set_pdb_atom_types: can't deduce type of atom 1645 in /mnt/e/GOLD/Screening_2/output/prep_cristal.mol2/6c5f_clean.pdb, replacing by Du

Warning message: 
set_pdb_atom_types: can't deduce type of atom 1652 in /mnt/e/GOLD/Screening_2/output/prep_cristal.mol2/6c5f_clean.pdb, replacing by Du

Warning message: 
set_pdb_atom_types: can't deduce type of atom 1653 in /mnt/e/GOLD/Screening_2/output/prep_cristal.mol2/6c5f_clean.pdb, replacing by Du

Warning message: 
set_pdb_atom_types: can't deduce type of atom 1667 in /mnt/e/GOLD/Screening_2/output/prep_cristal.mol2/6c5f_clean.pdb, replacing by Du

Warning message: 
set_pdb_atom_types: can't deduce type of atom 1668 in /mnt/e/GOLD/Screening_2/output/prep_cristal.mol2/6c5f_clean.pdb, replacing by Du

Warning message: 
set_pdb_atom_types: can't deduce type of atom 1682 in /mnt/e/GOLD/Screening_2/output/prep_cristal.mol2/6c5f_clean.pdb, replacing by Du

Warning message: 
set_pdb_atom_types: can't deduce type of atom 1683 in /mnt/e/GOLD/Screening_2/output/prep_cristal.mol2/6c5f_clean.pdb, replacing by Du

Warning message: 
set_pdb_atom_types: can't deduce type of atom 1684 in /mnt/e/GOLD/Screening_2/output/prep_cristal.mol2/6c5f_clean.pdb, replacing by Du

Warning message: 
set_pdb_atom_types: can't deduce type of atom 1685 in /mnt/e/GOLD/Screening_2/output/prep_cristal.mol2/6c5f_clean.pdb, replacing by Du

Warning message: 
set_pdb_atom_types: can't deduce type of atom 1686 in /mnt/e/GOLD/Screening_2/output/prep_cristal.mol2/6c5f_clean.pdb, replacing by Du

Warning message: 
set_pdb_atom_types: can't deduce type of atom 1693 in /mnt/e/GOLD/Screening_2/output/prep_cristal.mol2/6c5f_clean.pdb, replacing by Du

Warning message: 
set_pdb_atom_types: can't deduce type of atom 1694 in /mnt/e/GOLD/Screening_2/output/prep_cristal.mol2/6c5f_clean.pdb, replacing by Du

Warning message: 
set_pdb_atom_types: can't deduce type of atom 1710 in /mnt/e/GOLD/Screening_2/output/prep_cristal.mol2/6c5f_clean.pdb, replacing by Du

Warning message: 
set_pdb_atom_types: can't deduce type of atom 1711 in /mnt/e/GOLD/Screening_2/output/prep_cristal.mol2/6c5f_clean.pdb, replacing by Du

Warning message: 
set_pdb_atom_types: can't deduce type of atom 1725 in /mnt/e/GOLD/Screening_2/output/prep_cristal.mol2/6c5f_clean.pdb, replacing by Du

Warning message: 
set_pdb_atom_types: can't deduce type of atom 1733 in /mnt/e/GOLD/Screening_2/output/prep_cristal.mol2/6c5f_clean.pdb, replacing by Du

Warning message: 
set_pdb_atom_types: can't deduce type of atom 1741 in /mnt/e/GOLD/Screening_2/output/prep_cristal.mol2/6c5f_clean.pdb, replacing by Du

Warning message: 
set_pdb_atom_types: can't deduce type of atom 1742 in /mnt/e/GOLD/Screening_2/output/prep_cristal.mol2/6c5f_clean.pdb, replacing by Du

Warning message: 
set_pdb_atom_types: can't deduce type of atom 1754 in /mnt/e/GOLD/Screening_2/output/prep_cristal.mol2/6c5f_clean.pdb, replacing by Du

Warning message: 
set_pdb_atom_types: can't deduce type of atom 1761 in /mnt/e/GOLD/Screening_2/output/prep_cristal.mol2/6c5f_clean.pdb, replacing by Du

Warning message: 
set_pdb_atom_types: can't deduce type of atom 1772 in /mnt/e/GOLD/Screening_2/output/prep_cristal.mol2/6c5f_clean.pdb, replacing by Du

Warning message: 
set_pdb_atom_types: can't deduce type of atom 1773 in /mnt/e/GOLD/Screening_2/output/prep_cristal.mol2/6c5f_clean.pdb, replacing by Du

Warning message: 
set_pdb_atom_types: can't deduce type of atom 1779 in /mnt/e/GOLD/Screening_2/output/prep_cristal.mol2/6c5f_clean.pdb, replacing by Du

Warning message: 
set_pdb_atom_types: can't deduce type of atom 1780 in /mnt/e/GOLD/Screening_2/output/prep_cristal.mol2/6c5f_clean.pdb, replacing by Du

Warning message: 
set_pdb_atom_types: can't deduce type of atom 1792 in /mnt/e/GOLD/Screening_2/output/prep_cristal.mol2/6c5f_clean.pdb, replacing by Du

Warning message: 
set_pdb_atom_types: can't deduce type of atom 1803 in /mnt/e/GOLD/Screening_2/output/prep_cristal.mol2/6c5f_clean.pdb, replacing by Du

Warning message: 
set_pdb_atom_types: can't deduce type of atom 1804 in /mnt/e/GOLD/Screening_2/output/prep_cristal.mol2/6c5f_clean.pdb, replacing by Du

Warning message: 
set_pdb_atom_types: can't deduce type of atom 1819 in /mnt/e/GOLD/Screening_2/output/prep_cristal.mol2/6c5f_clean.pdb, replacing by Du

Warning message: 
set_pdb_atom_types: can't deduce type of atom 1829 in /mnt/e/GOLD/Screening_2/output/prep_cristal.mol2/6c5f_clean.pdb, replacing by Du

Warning message: 
set_pdb_atom_types: can't deduce type of atom 1830 in /mnt/e/GOLD/Screening_2/output/prep_cristal.mol2/6c5f_clean.pdb, replacing by Du

Warning message: 
set_pdb_atom_types: can't deduce type of atom 1837 in /mnt/e/GOLD/Screening_2/output/prep_cristal.mol2/6c5f_clean.pdb, replacing by Du

Warning message: 
set_pdb_atom_types: can't deduce type of atom 1838 in /mnt/e/GOLD/Screening_2/output/prep_cristal.mol2/6c5f_clean.pdb, replacing by Du

Warning message: 
set_pdb_atom_types: can't deduce type of atom 1849 in /mnt/e/GOLD/Screening_2/output/prep_cristal.mol2/6c5f_clean.pdb, replacing by Du

Warning message: 
set_pdb_atom_types: can't deduce type of atom 1854 in /mnt/e/GOLD/Screening_2/output/prep_cristal.mol2/6c5f_clean.pdb, replacing by Du

Warning message: 
set_pdb_atom_types: can't deduce type of atom 1859 in /mnt/e/GOLD/Screening_2/output/prep_cristal.mol2/6c5f_clean.pdb, replacing by Du

Warning message: 
set_pdb_atom_types: can't deduce type of atom 1864 in /mnt/e/GOLD/Screening_2/output/prep_cristal.mol2/6c5f_clean.pdb, replacing by Du

Warning message: 
set_pdb_atom_types: can't deduce type of atom 1877 in /mnt/e/GOLD/Screening_2/output/prep_cristal.mol2/6c5f_clean.pdb, replacing by Du

Warning message: 
set_pdb_atom_types: can't deduce type of atom 1878 in /mnt/e/GOLD/Screening_2/output/prep_cristal.mol2/6c5f_clean.pdb, replacing by Du

Warning message: 
set_pdb_atom_types: can't deduce type of atom 1885 in /mnt/e/GOLD/Screening_2/output/prep_cristal.mol2/6c5f_clean.pdb, replacing by Du

Warning message: 
set_pdb_atom_types: can't deduce type of atom 1886 in /mnt/e/GOLD/Screening_2/output/prep_cristal.mol2/6c5f_clean.pdb, replacing by Du

Warning message: 
set_pdb_atom_types: can't deduce type of atom 1899 in /mnt/e/GOLD/Screening_2/output/prep_cristal.mol2/6c5f_clean.pdb, replacing by Du

Warning message: 
set_pdb_atom_types: can't deduce type of atom 1911 in /mnt/e/GOLD/Screening_2/output/prep_cristal.mol2/6c5f_clean.pdb, replacing by Du

Warning message: 
set_pdb_atom_types: can't deduce type of atom 1929 in /mnt/e/GOLD/Screening_2/output/prep_cristal.mol2/6c5f_clean.pdb, replacing by Du

Warning message: 
set_pdb_atom_types: can't deduce type of atom 1930 in /mnt/e/GOLD/Screening_2/output/prep_cristal.mol2/6c5f_clean.pdb, replacing by Du

Warning message: 
set_pdb_atom_types: can't deduce type of atom 1936 in /mnt/e/GOLD/Screening_2/output/prep_cristal.mol2/6c5f_clean.pdb, replacing by Du

Warning message: 
set_pdb_atom_types: can't deduce type of atom 1937 in /mnt/e/GOLD/Screening_2/output/prep_cristal.mol2/6c5f_clean.pdb, replacing by Du

Warning message: 
set_pdb_atom_types: can't deduce type of atom 1944 in /mnt/e/GOLD/Screening_2/output/prep_cristal.mol2/6c5f_clean.pdb, replacing by Du

Warning message: 
set_pdb_atom_types: can't deduce type of atom 1951 in /mnt/e/GOLD/Screening_2/output/prep_cristal.mol2/6c5f_clean.pdb, replacing by Du

Warning message: 
set_pdb_atom_types: can't deduce type of atom 1952 in /mnt/e/GOLD/Screening_2/output/prep_cristal.mol2/6c5f_clean.pdb, replacing by Du

Warning message: 
set_pdb_atom_types: can't deduce type of atom 1958 in /mnt/e/GOLD/Screening_2/output/prep_cristal.mol2/6c5f_clean.pdb, replacing by Du

Warning message: 
set_pdb_atom_types: can't deduce type of atom 1965 in /mnt/e/GOLD/Screening_2/output/prep_cristal.mol2/6c5f_clean.pdb, replacing by Du

Warning message: 
set_pdb_atom_types: can't deduce type of atom 1966 in /mnt/e/GOLD/Screening_2/output/prep_cristal.mol2/6c5f_clean.pdb, replacing by Du

Warning message: 
set_pdb_atom_types: can't deduce type of atom 1976 in /mnt/e/GOLD/Screening_2/output/prep_cristal.mol2/6c5f_clean.pdb, replacing by Du

Warning message: 
set_pdb_atom_types: can't deduce type of atom 1977 in /mnt/e/GOLD/Screening_2/output/prep_cristal.mol2/6c5f_clean.pdb, replacing by Du

Warning message: 
set_pdb_atom_types: can't deduce type of atom 1995 in /mnt/e/GOLD/Screening_2/output/prep_cristal.mol2/6c5f_clean.pdb, replacing by Du

Warning message: 
set_pdb_atom_types: can't deduce type of atom 1996 in /mnt/e/GOLD/Screening_2/output/prep_cristal.mol2/6c5f_clean.pdb, replacing by Du

Warning message: 
set_pdb_atom_types: can't deduce type of atom 2001 in /mnt/e/GOLD/Screening_2/output/prep_cristal.mol2/6c5f_clean.pdb, replacing by Du

Warning message: 
set_pdb_atom_types: can't deduce type of atom 2009 in /mnt/e/GOLD/Screening_2/output/prep_cristal.mol2/6c5f_clean.pdb, replacing by Du

Warning message: 
set_pdb_atom_types: can't deduce type of atom 2014 in /mnt/e/GOLD/Screening_2/output/prep_cristal.mol2/6c5f_clean.pdb, replacing by Du

Warning message: 
set_pdb_atom_types: can't deduce type of atom 2021 in /mnt/e/GOLD/Screening_2/output/prep_cristal.mol2/6c5f_clean.pdb, replacing by Du

Warning message: 
set_pdb_atom_types: can't deduce type of atom 2022 in /mnt/e/GOLD/Screening_2/output/prep_cristal.mol2/6c5f_clean.pdb, replacing by Du

Warning message: 
set_pdb_atom_types: can't deduce type of atom 2044 in /mnt/e/GOLD/Screening_2/output/prep_cristal.mol2/6c5f_clean.pdb, replacing by Du

Warning message: 
set_pdb_atom_types: can't deduce type of atom 2072 in /mnt/e/GOLD/Screening_2/output/prep_cristal.mol2/6c5f_clean.pdb, replacing by Du

Warning message: 
set_pdb_atom_types: can't deduce type of atom 2080 in /mnt/e/GOLD/Screening_2/output/prep_cristal.mol2/6c5f_clean.pdb, replacing by Du

Warning message: 
set_pdb_atom_types: can't deduce type of atom 2088 in /mnt/e/GOLD/Screening_2/output/prep_cristal.mol2/6c5f_clean.pdb, replacing by Du

Warning message: 
set_pdb_atom_types: can't deduce type of atom 2089 in /mnt/e/GOLD/Screening_2/output/prep_cristal.mol2/6c5f_clean.pdb, replacing by Du

Warning message: 
set_pdb_atom_types: can't deduce type of atom 2102 in /mnt/e/GOLD/Screening_2/output/prep_cristal.mol2/6c5f_clean.pdb, replacing by Du

Warning message: 
set_pdb_atom_types: can't deduce type of atom 2103 in /mnt/e/GOLD/Screening_2/output/prep_cristal.mol2/6c5f_clean.pdb, replacing by Du

Warning message: 
set_pdb_atom_types: can't deduce type of atom 2122 in /mnt/e/GOLD/Screening_2/output/prep_cristal.mol2/6c5f_clean.pdb, replacing by Du

Warning message: 
set_pdb_atom_types: can't deduce type of atom 2123 in /mnt/e/GOLD/Screening_2/output/prep_cristal.mol2/6c5f_clean.pdb, replacing by Du

Warning message: 
set_pdb_atom_types: can't deduce type of atom 2133 in /mnt/e/GOLD/Screening_2/output/prep_cristal.mol2/6c5f_clean.pdb, replacing by Du

Warning message: 
set_pdb_atom_types: can't deduce type of atom 2134 in /mnt/e/GOLD/Screening_2/output/prep_cristal.mol2/6c5f_clean.pdb, replacing by Du

Warning message: 
set_pdb_atom_types: can't deduce type of atom 2140 in /mnt/e/GOLD/Screening_2/output/prep_cristal.mol2/6c5f_clean.pdb, replacing by Du

Warning message: 
set_pdb_atom_types: can't deduce type of atom 2141 in /mnt/e/GOLD/Screening_2/output/prep_cristal.mol2/6c5f_clean.pdb, replacing by Du

Warning message: 
set_pdb_atom_types: can't deduce type of atom 2151 in /mnt/e/GOLD/Screening_2/output/prep_cristal.mol2/6c5f_clean.pdb, replacing by Du

Warning message: 
set_pdb_atom_types: can't deduce type of atom 2157 in /mnt/e/GOLD/Screening_2/output/prep_cristal.mol2/6c5f_clean.pdb, replacing by Du

Warning message: 
set_pdb_atom_types: can't deduce type of atom 2163 in /mnt/e/GOLD/Screening_2/output/prep_cristal.mol2/6c5f_clean.pdb, replacing by Du

Warning message: 
set_pdb_atom_types: can't deduce type of atom 2178 in /mnt/e/GOLD/Screening_2/output/prep_cristal.mol2/6c5f_clean.pdb, replacing by Du

Warning message: 
set_pdb_atom_types: can't deduce type of atom 2186 in /mnt/e/GOLD/Screening_2/output/prep_cristal.mol2/6c5f_clean.pdb, replacing by Du

Warning message: 
set_pdb_atom_types: can't deduce type of atom 2199 in /mnt/e/GOLD/Screening_2/output/prep_cristal.mol2/6c5f_clean.pdb, replacing by Du

Warning message: 
set_pdb_atom_types: can't deduce type of atom 2213 in /mnt/e/GOLD/Screening_2/output/prep_cristal.mol2/6c5f_clean.pdb, replacing by Du

Warning message: 
set_pdb_atom_types: can't deduce type of atom 2220 in /mnt/e/GOLD/Screening_2/output/prep_cristal.mol2/6c5f_clean.pdb, replacing by Du

Warning message: 
set_pdb_atom_types: can't deduce type of atom 2230 in /mnt/e/GOLD/Screening_2/output/prep_cristal.mol2/6c5f_clean.pdb, replacing by Du

Warning message: 
set_pdb_atom_types: can't deduce type of atom 2231 in /mnt/e/GOLD/Screening_2/output/prep_cristal.mol2/6c5f_clean.pdb, replacing by Du

Warning message: 
set_pdb_atom_types: can't deduce type of atom 2232 in /mnt/e/GOLD/Screening_2/output/prep_cristal.mol2/6c5f_clean.pdb, replacing by Du

Warning message: 
set_pdb_atom_types: can't deduce type of atom 2233 in /mnt/e/GOLD/Screening_2/output/prep_cristal.mol2/6c5f_clean.pdb, replacing by Du

Warning message: 
set_pdb_atom_types: can't deduce type of atom 2234 in /mnt/e/GOLD/Screening_2/output/prep_cristal.mol2/6c5f_clean.pdb, replacing by Du

Warning message: 
set_pdb_atom_types: can't deduce type of atom 2241 in /mnt/e/GOLD/Screening_2/output/prep_cristal.mol2/6c5f_clean.pdb, replacing by Du

Warning message: 
set_pdb_atom_types: can't deduce type of atom 2242 in /mnt/e/GOLD/Screening_2/output/prep_cristal.mol2/6c5f_clean.pdb, replacing by Du

Warning message: 
set_pdb_atom_types: can't deduce type of atom 2243 in /mnt/e/GOLD/Screening_2/output/prep_cristal.mol2/6c5f_clean.pdb, replacing by Du

Warning message: 
set_pdb_atom_types: can't deduce type of atom 2244 in /mnt/e/GOLD/Screening_2/output/prep_cristal.mol2/6c5f_clean.pdb, replacing by Du

Warning message: 
set_pdb_atom_types: can't deduce type of atom 2245 in /mnt/e/GOLD/Screening_2/output/prep_cristal.mol2/6c5f_clean.pdb, replacing by Du

Warning message: 
set_pdb_atom_types: can't deduce type of atom 2261 in /mnt/e/GOLD/Screening_2/output/prep_cristal.mol2/6c5f_clean.pdb, replacing by Du

Warning message: 
set_pdb_atom_types: can't deduce type of atom 2262 in /mnt/e/GOLD/Screening_2/output/prep_cristal.mol2/6c5f_clean.pdb, replacing by Du

Warning message: 
set_pdb_atom_types: can't deduce type of atom 2263 in /mnt/e/GOLD/Screening_2/output/prep_cristal.mol2/6c5f_clean.pdb, replacing by Du

Warning message: 
set_pdb_atom_types: can't deduce type of atom 2264 in /mnt/e/GOLD/Screening_2/output/prep_cristal.mol2/6c5f_clean.pdb, replacing by Du

Warning message: 
set_pdb_atom_types: can't deduce type of atom 2265 in /mnt/e/GOLD/Screening_2/output/prep_cristal.mol2/6c5f_clean.pdb, replacing by Du

Warning message: 
set_pdb_atom_types: can't deduce type of atom 2272 in /mnt/e/GOLD/Screening_2/output/prep_cristal.mol2/6c5f_clean.pdb, replacing by Du

Warning message: 
set_pdb_atom_types: can't deduce type of atom 2273 in /mnt/e/GOLD/Screening_2/output/prep_cristal.mol2/6c5f_clean.pdb, replacing by Du

Warning message: 
set_pdb_atom_types: can't deduce type of atom 2279 in /mnt/e/GOLD/Screening_2/output/prep_cristal.mol2/6c5f_clean.pdb, replacing by Du

Warning message: 
set_pdb_atom_types: can't deduce type of atom 2286 in /mnt/e/GOLD/Screening_2/output/prep_cristal.mol2/6c5f_clean.pdb, replacing by Du

Warning message: 
set_pdb_atom_types: can't deduce type of atom 2302 in /mnt/e/GOLD/Screening_2/output/prep_cristal.mol2/6c5f_clean.pdb, replacing by Du

Warning message: 
set_pdb_atom_types: can't deduce type of atom 2303 in /mnt/e/GOLD/Screening_2/output/prep_cristal.mol2/6c5f_clean.pdb, replacing by Du

Warning message: 
set_pdb_atom_types: can't deduce type of atom 2308 in /mnt/e/GOLD/Screening_2/output/prep_cristal.mol2/6c5f_clean.pdb, replacing by Du

Warning message: 
set_pdb_atom_types: can't deduce type of atom 2315 in /mnt/e/GOLD/Screening_2/output/prep_cristal.mol2/6c5f_clean.pdb, replacing by Du

Warning message: 
set_pdb_atom_types: can't deduce type of atom 2316 in /mnt/e/GOLD/Screening_2/output/prep_cristal.mol2/6c5f_clean.pdb, replacing by Du

Warning message: 
set_pdb_atom_types: can't deduce type of atom 2328 in /mnt/e/GOLD/Screening_2/output/prep_cristal.mol2/6c5f_clean.pdb, replacing by Du

Warning message: 
set_pdb_atom_types: can't deduce type of atom 2347 in /mnt/e/GOLD/Screening_2/output/prep_cristal.mol2/6c5f_clean.pdb, replacing by Du

Warning message: 
set_pdb_atom_types: can't deduce type of atom 2348 in /mnt/e/GOLD/Screening_2/output/prep_cristal.mol2/6c5f_clean.pdb, replacing by Du

Warning message: 
set_pdb_atom_types: can't deduce type of atom 2355 in /mnt/e/GOLD/Screening_2/output/prep_cristal.mol2/6c5f_clean.pdb, replacing by Du

Warning message: 
set_pdb_atom_types: can't deduce type of atom 2356 in /mnt/e/GOLD/Screening_2/output/prep_cristal.mol2/6c5f_clean.pdb, replacing by Du

Warning message: 
set_pdb_atom_types: can't deduce type of atom 2363 in /mnt/e/GOLD/Screening_2/output/prep_cristal.mol2/6c5f_clean.pdb, replacing by Du

Warning message: 
set_pdb_atom_types: can't deduce type of atom 2364 in /mnt/e/GOLD/Screening_2/output/prep_cristal.mol2/6c5f_clean.pdb, replacing by Du

Warning message: 
set_pdb_atom_types: can't deduce type of atom 2371 in /mnt/e/GOLD/Screening_2/output/prep_cristal.mol2/6c5f_clean.pdb, replacing by Du

Warning message: 
set_pdb_atom_types: can't deduce type of atom 2372 in /mnt/e/GOLD/Screening_2/output/prep_cristal.mol2/6c5f_clean.pdb, replacing by Du

Warning message: 
set_pdb_atom_types: can't deduce type of atom 2382 in /mnt/e/GOLD/Screening_2/output/prep_cristal.mol2/6c5f_clean.pdb, replacing by Du

Warning message: 
set_pdb_atom_types: can't deduce type of atom 2383 in /mnt/e/GOLD/Screening_2/output/prep_cristal.mol2/6c5f_clean.pdb, replacing by Du

Warning message: 
set_pdb_atom_types: can't deduce type of atom 2390 in /mnt/e/GOLD/Screening_2/output/prep_cristal.mol2/6c5f_clean.pdb, replacing by Du

Warning message: 
set_pdb_atom_types: can't deduce type of atom 2391 in /mnt/e/GOLD/Screening_2/output/prep_cristal.mol2/6c5f_clean.pdb, replacing by Du

Warning message: 
set_pdb_atom_types: can't deduce type of atom 2392 in /mnt/e/GOLD/Screening_2/output/prep_cristal.mol2/6c5f_clean.pdb, replacing by Du

Warning message: 
set_pdb_atom_types: can't deduce type of atom 2393 in /mnt/e/GOLD/Screening_2/output/prep_cristal.mol2/6c5f_clean.pdb, replacing by Du

Warning message: 
set_pdb_atom_types: can't deduce type of atom 2394 in /mnt/e/GOLD/Screening_2/output/prep_cristal.mol2/6c5f_clean.pdb, replacing by Du

Warning message: 
set_pdb_atom_types: can't deduce type of atom 2401 in /mnt/e/GOLD/Screening_2/output/prep_cristal.mol2/6c5f_clean.pdb, replacing by Du

Warning message: 
set_pdb_atom_types: can't deduce type of atom 2402 in /mnt/e/GOLD/Screening_2/output/prep_cristal.mol2/6c5f_clean.pdb, replacing by Du

Warning message: 
set_pdb_atom_types: can't deduce type of atom 2403 in /mnt/e/GOLD/Screening_2/output/prep_cristal.mol2/6c5f_clean.pdb, replacing by Du

Warning message: 
set_pdb_atom_types: can't deduce type of atom 2404 in /mnt/e/GOLD/Screening_2/output/prep_cristal.mol2/6c5f_clean.pdb, replacing by Du

Warning message: 
set_pdb_atom_types: can't deduce type of atom 2405 in /mnt/e/GOLD/Screening_2/output/prep_cristal.mol2/6c5f_clean.pdb, replacing by Du

Warning message: 
set_pdb_atom_types: can't deduce type of atom 2419 in /mnt/e/GOLD/Screening_2/output/prep_cristal.mol2/6c5f_clean.pdb, replacing by Du

Warning message: 
set_pdb_atom_types: can't deduce type of atom 2420 in /mnt/e/GOLD/Screening_2/output/prep_cristal.mol2/6c5f_clean.pdb, replacing by Du

Warning message: 
set_pdb_atom_types: can't deduce type of atom 2442 in /mnt/e/GOLD/Screening_2/output/prep_cristal.mol2/6c5f_clean.pdb, replacing by Du

Warning message: 
set_pdb_atom_types: can't deduce type of atom 2445 in /mnt/e/GOLD/Screening_2/output/prep_cristal.mol2/6c5f_clean.pdb, replacing by Du

Warning message: 
set_pdb_atom_types: can't deduce type of atom 2447 in /mnt/e/GOLD/Screening_2/output/prep_cristal.mol2/6c5f_clean.pdb, replacing by Du

Warning message: 
set_pdb_atom_types: can't deduce type of atom 2448 in /mnt/e/GOLD/Screening_2/output/prep_cristal.mol2/6c5f_clean.pdb, replacing by Du

Warning message: 
set_pdb_atom_types: can't deduce type of atom 2449 in /mnt/e/GOLD/Screening_2/output/prep_cristal.mol2/6c5f_clean.pdb, replacing by Du

Warning message: 
set_pdb_atom_types: can't deduce type of atom 2457 in /mnt/e/GOLD/Screening_2/output/prep_cristal.mol2/6c5f_clean.pdb, replacing by Du

Warning message: 
set_pdb_atom_types: can't deduce type of atom 2465 in /mnt/e/GOLD/Screening_2/output/prep_cristal.mol2/6c5f_clean.pdb, replacing by Du

Warning message: 
set_pdb_atom_types: can't deduce type of atom 2466 in /mnt/e/GOLD/Screening_2/output/prep_cristal.mol2/6c5f_clean.pdb, replacing by Du

Warning message: 
set_pdb_atom_types: can't deduce type of atom 2479 in /mnt/e/GOLD/Screening_2/output/prep_cristal.mol2/6c5f_clean.pdb, replacing by Du

Warning message: 
set_pdb_atom_types: can't deduce type of atom 2486 in /mnt/e/GOLD/Screening_2/output/prep_cristal.mol2/6c5f_clean.pdb, replacing by Du

Warning message: 
set_pdb_atom_types: can't deduce type of atom 2487 in /mnt/e/GOLD/Screening_2/output/prep_cristal.mol2/6c5f_clean.pdb, replacing by Du

Warning message: 
set_pdb_atom_types: can't deduce type of atom 2501 in /mnt/e/GOLD/Screening_2/output/prep_cristal.mol2/6c5f_clean.pdb, replacing by Du

Warning message: 
set_pdb_atom_types: can't deduce type of atom 2502 in /mnt/e/GOLD/Screening_2/output/prep_cristal.mol2/6c5f_clean.pdb, replacing by Du

Warning message: 
check_atom_types: atom    7 in /mnt/e/GOLD/Screening_2/output/prep_cristal.mol2/cavity_F_ID.mol2 is type  C.ar but should be   C.2

Warning message: 
check_atom_types: atom   13 in /mnt/e/GOLD/Screening_2/output/prep_cristal.mol2/cavity_F_ID.mol2 is type  C.ar but should be   C.2

Warning message: 
check_atom_types: atom   14 in /mnt/e/GOLD/Screening_2/output/prep_cristal.mol2/cavity_F_ID.mol2 is type  C.ar but should be   C.2

Warning message: 
add_1lp_to_sp3: N.3 atom 2479 has 1 connections

Warning message: 
add_1lp_to_sp3: N.3 atom 1930 has 1 connections

Warning message: 
add_1lp_to_sp3: N.3 atom 1944 has 1 connections

Warning message: 
add_1lp_to_sp3: N.3 atom 1899 has 1 connections

Warning message: 
add_1lp_to_sp3: N.3 atom 1929 has 1 connections

Warning message: 
add_1lp_to_sp3: N.3 atom 1246 has 1 connections

Warning message: 
Some difficulty setting lone pairs on certain atoms in the protein: you may wish to check whether your input contains incomplete residues?
The issue will be ignored, but results may be adversely affected if the partial residues are active in ligand binding.
Warning message: 
init_protein: only found 0 h-donors in the active site: check origin and radius

Warning message: 
check_atom_types: atom    7 in /mnt/e/GOLD/Screening_2/output/prep_cristal.mol2/cristal.mol2 is type  C.ar but should be   C.2

Warning message: 
check_atom_types: atom   13 in /mnt/e/GOLD/Screening_2/output/prep_cristal.mol2/cristal.mol2 is type  C.ar but should be   C.2

Warning message: 
check_atom_types: atom   14 in /mnt/e/GOLD/Screening_2/output/prep_cristal.mol2/cristal.mol2 is type  C.ar but should be   C.2



********************************************************************************
Ligand in file /mnt/e/GOLD/Screening_2/ligands_prepared/prep_cristal.mol2, named F:ID,
starting at address 0 raised the following warnings and/or errors
Warning message: 
set_atom_type: atom    7 in /mnt/e/GOLD/Screening_2/ligands_prepared/prep_cristal.mol2 is type  C.ar ; resetting to type   C.2

Warning message: 
set_atom_type: atom   13 in /mnt/e/GOLD/Screening_2/ligands_prepared/prep_cristal.mol2 is type  C.ar ; resetting to type   C.2

Warning message: 
set_atom_type: atom   14 in /mnt/e/GOLD/Screening_2/ligands_prepared/prep_cristal.mol2 is type  C.ar ; resetting to type   C.2

