
--------------------------------------------------------------------------------
--- Ligand                                                                   ---
--------------------------------------------------------------------------------
  Ligand loaded from file                  : /mnt/c/Users/ricca/Desktop/Documents/1_Coding/1_Script_Github/Reverse_Docking_Explore_V3/7rmi_cavity/ligand_prepared.mol2
  Ligand name                              :  
  "CT1002167954                                                             "

--------------------------------------------------------------------------------
  N.plc donors                             : 
  none found

  Acidic nitrogen acceptors                : 
  none found
  Sulfur acceptors                         :
  none found


  Donor atoms                              :      2
  8   10  
  Acceptor atoms                           :      3
  9   11  17  

  Hydrogens                                :  (n = 2)
  22   23   

  Lone pairs added to molecule             :      6
  Numbering                                : from 30 to 35

--------------------------------------------------------------------------------
--- Postprocessing of typing                                                 ---
--------------------------------------------------------------------------------
  Fragment file                            : /home/hitesit/CCDC/Discovery_2022/GOLD/gold/rotatable_bond_override.mol2
  acylurea fragment                        : 2 matches
  Ligand bond 15-8  set to flip
  Ligand bond 15-10  set to flip
  Ligand bond 15-10  set to 1
  Ligand bond 15-8  set to 1
  Ligand bond 10-4  set to flip
  Ligand bond 8-3  set to flip
  thioacylthiourea fragment                : no matches
  acylthiourea fragment                    : no matches
  thioacylurea fragment                    : no matches
  diarylamine fragment >C.ar-NH-C.ar<      : no matches
  sec-amine (1) fragment                   : no matches
  sec-amine (2) fragment                   : no matches
  sec-amine (3) fragment                   : no matches
  carboxylic ester                         : no matches

* Rotatable bonds in /mnt/c/Users/ricca/D  :
  [   1    2] [   1    5] 
  No. of rotatable bonds                   :      2


* Reading torsional distributions from file:
  /home/hitesit/CCDC/Discovery_2022/GOLD/gold/gold.tordist
  No. of bins in torsional distributions   :     36
  Minimum size of largest peak             :      0
  Removing high energy torsions            : on
  Delta E set to                           :   2.500

* Fragments found in /mnt/c/Users/ricca/D  :
  atom   2: benzene
  atom   6: benzene
  atom   7: benzene
  atom  13: benzene
  atom  14: benzene
  atom  16: benzene


* Checking torsion distributions:                                               
  No. of matched torsions                  :      0

--------------------------------------------------------------------------------
--- Shape fitting atoms selection (hydrophobic atoms)                        ---
--------------------------------------------------------------------------------
  Molecule                                 : /mnt/c/Users/ricca/Desktop/Documents/1_Coding/1_Script_Github/Reverse_Docking_Explore_V3/7rmi_cavity/ligand_prepared.mol2
  Selection                                : carbons only
  Atom numbers                             :  (n = 7)
  5    6    7    12   13   14   16   

--------------------------------------------------------------------------------
--- Diverse Solutions Setup                                                  ---
--------------------------------------------------------------------------------
  Cluster size                             :      2
  RMSD                                     :   2.000
  Refinement                               :      0


--------------------------------------------------------------------------------
--- ChemScore ligand setup summary                                           ---
--------------------------------------------------------------------------------
  ChemScore ligand acceptors               :      3
  9 11 17 
  ChemScore ligand donors                  :      2
  8 ( 22  ) 10 ( 23  ) 
  ChemScore ligand CH donors               :      0
  

  ChemScore ligand lipophilic atoms        :  (n = 9)
  1    2    5    6    7    12   13   14   16   

  ChemScore ligand rotatable bonds         :      2
  1   (C1 ) - 2   (C2 ): SP3_SP2_BOND
  1   (C1 ) - 5   (C5 ): SP3_SP3_BOND

--------------------------------------------------------------------------------
--- PLP ligand setup summary                                                 ---
--------------------------------------------------------------------------------
    1    C1   C.3 NONPOLAR
    2    C2  C.ar NONPOLAR
    3    C3   C.2 NONPOLAR
    4    C4   C.2 NONPOLAR
    5    C5   C.3 NONPOLAR
    6    C6  C.ar NONPOLAR
    7    C7  C.ar NONPOLAR
    8    N8  N.am DONOR
    9    O9   O.2 ACCEPTOR
   10   N10  N.am DONOR
   11   O11   O.2 ACCEPTOR
   12   C12   C.3 NONPOLAR
   13   C13  C.ar NONPOLAR
   14   C14  C.ar NONPOLAR
   15   C15   C.2 NONPOLAR
   16   C16  C.ar NONPOLAR
   17   O17   O.2 ACCEPTOR

--------------------------------------------------------------------------------
--- Automatic parameter setting                                              ---
--------------------------------------------------------------------------------
  Contribution base                        :   2500
  Contribution per rotatable bond          :   6000
  Contribution per df                      :   4000
  Contribution per water                   :  10000
  Ligand rotatable bonds                   :      2
  Protein flexible side chain bonds        :      0
  Total rotatable bonds                    :      2
  Hydrophobic vol ratio (P/L)              :  10.905
  Base multiplier (polar)                  :   1.000
  Base multiplier (apolar)                 :  15.267
  Base contribution                        : 40000.000
  Fitting points                           :      5
  Estimated maxops needed (optimal)        :  52500
  Autoscale factor (in percent)            :     10
  Scaled maxops                            :   5500

--------------------------------------------------------------------------------

* Population settings                                                           
  maxops                                   :   5500
  popsiz                                   :    100
  select_pressure                          :   1.100
  n_islands                                :      1
  niche_siz                                :      2

* GA settings                                                                   
  pt_crosswt                               :    100
  allele_mutatewt                          :    100
  migratewt                                :      0

* Search settings                                                               
  start_vdw_linear_cutoff                  :   6.000
  initial_virtual_pt_match_max             :   3.000
  Scaling of internal VDW energy           : log scale from  0.2 to    1
                                             over 4125 ops
  Sampling interval (operations)           :     55
  Scaling of virtual pt maximum length     : linear scale from    3 to    2
                                             over  4125 ops
  Sampling interval (operations)           :    165
  Scaling of 4-8 potential cutoff          : log scale from    6 to 1.2e+02
                                             over 4125 ops
  Sampling interval (operations)           :    165

--------------------------------------------------------------------------------

* Ligand initialisation time :                                                  
  total  0.0147 user  0.0147 sys  0.0000

--------------------------------------------------------------------------------

--------------------------------------------------------------------------------
** Docking run number  1 **
--------------------------------------------------------------------------------
  Rank fitness base is 5000.00 ; increment is 11.2233

* Initialising population(s) ...                                                
Number of constraints mappings 0
Number of constraints 0
  Population no.                           :      1
  Population size                          :    100
  Number of duplicates                     :      0
  Number of niche violations               :      0
  Number of errors                         : 13588384


Doing GA, no. of population(s) 1 size 100 selection pressure 1.100000

 Operation      Fitness  S(hb_ext) S(vdw_ext)  S(hb_int)    S(int)      intcor
         0      29.37       0.00      22.89       0.00     -10.51      -0.82
Reordering...
       330      25.67       0.00      19.35       0.00      -4.14      -0.82
       405      29.40       0.00      21.96       0.00      -3.41      -0.82
       783      27.24       0.00      20.29       0.00      -2.46      -0.82
       897      27.56       0.00      20.60       0.00      -2.73      -0.82
Reordering...
      1980      21.82       0.00      16.64       0.00      -2.46      -0.82
      2059      21.87       0.00      16.77       0.00      -2.69      -0.82
      2122      22.61       0.00      16.80       0.00      -1.08      -0.82
      2746      22.27       0.00      16.59       0.00      -0.94      -0.76
      2877      22.06       0.00      16.39       0.00      -0.78      -0.76
Reordering...
      3135      21.56       0.00      16.75       0.00      -2.17      -0.76
Reordering...
      3190      21.55       0.00      16.06       0.00      -0.78      -0.76
Reordering...
      3300      21.46       0.00      16.75       0.00      -2.17      -0.76
      4647      21.34       0.00      16.02       0.00      -0.68      -0.76
--------------------------------------------------------------------------------
Best docking solution after GA:
      5500      21.34       0.00      16.02       0.00      -0.68      -0.76

#ops:       5500 #mutates:   2772 #cross:     2728 #dups:      1603 
#niche:     2776 #errors:    1477 
--------------------------------------------------------------------------------

Doing AMOEBA simplex on best individual
Done simplexing #iterations 882, best score  26.92

Ligand is stored in gold_soln_ligand_prepared_m1_1.mol2


--------------------------------------------------------------------------------
--- GoldScore breakdown of terms                                             ---
--------------------------------------------------------------------------------
Fitness = S(hb_ext) + 1.3750*S(vdw_ext) + S(hb_int) + 1.0000*S(int)
S(int)  = S(vdw_int) + S(tors)

Internal terms are relative to best energy found (intcor).

--------------------------------------------------------------------------------


     Fitness  S(hb_ext) S(vdw_ext)  S(hb_int)    S(int)      intcor
     26.92       0.00      20.06       0.00      -0.65      -0.76

--------------------------------------------------------------------------------
--- GoldScore analysis of protein-ligand interactions                        ---
--------------------------------------------------------------------------------


--------------------------------------------------------------------------------

--------------------------------------------------------------------------------
--- Rescoring solution                                                       ---
--------------------------------------------------------------------------------

     Score     S(PLP)   S(hbond)     S(cho)   S(metal)  DE(clash)   DE(tors)
     21.47     -23.93       0.00       0.00       0.00       0.00       1.23

Doing AMOEBA simplex on best individual
Done simplexing #iterations 1282, best score  28.13

     Score     S(PLP)   S(hbond)     S(cho)   S(metal)  DE(clash)   DE(tors)
     28.13     -28.47       0.00       0.00       0.00       0.00       0.17

--------------------------------------------------------------------------------
--- CHEMPLP breakdown of terms                                               ---
--------------------------------------------------------------------------------
CHEMPLP = - ( 1.0000*S(PLP) + -3.0000*S(hbond) + -6.0000*S(metal) + -3.0000*S(cho) )

Score = CHEMPLP - 1.0000*DE(clash) - 2.0000*DE(tors)


--------------------------------------------------------------------------------


--------------------------------------------------------------------------------
--- PLP analysis of protein-ligand interactions                              ---
--------------------------------------------------------------------------------
hydrogen bonding        :       0.00
metal                   :       0.00
buried (polar-nonpolar) :      -3.13
nonpolar                :     -27.14
repulsive               :       1.09
--------------------------------------------------------------------------------


--------------------------------------------------------------------------------
--- ChemScore analysis of protein-ligand interactions                        ---
--------------------------------------------------------------------------------

* Hydrogen bonds                                                                


* CH..O interactions                                                            
  CH group selection                       : activated ring CH (adjacent to hetatom)

--------------------------------------------------------------------------------


--------------------------------------------------------------------------------
--- Intra-ligand clashes                                                     ---
--------------------------------------------------------------------------------

Ligand
--------------------------------------------------------------------------------


--------------------------------------------------------------------------------
--- Chromosome decoded                                                       ---
--------------------------------------------------------------------------------
Ligand Torsions
[   6    2    1    3]  142.67
[  12    5    1    2]  167.44
Protein Torsions
[7275 7267 7268 7269] -124.09 
[7259 7254 7253 7250] -164.88 
[3787 3780 3778 3775]   26.31 
[7241 7225 7224 7223]   89.97 
[7244 7226 7227 7228]  -82.72 
[7633 7625 7626 7627]   45.59 
[8107 8100 8094 8093]   59.99 
[14346 7229 7228 7227]   23.52 
[14355 7628 7627 7626]   33.71 
Mapping
Ligand acceptors to protein hydrogens (mapping then atom ids)
Ligand hydrogens to protein acceptors (mapping then atom ids)
Ligand shape atoms to protein points (mapping then atom ids & coords)
  2 29803 [  6->(133.750 143.500 127.750)]
  5 31841 [ 13->(134.750 142.750 129.250)]
  7 31850 [ 16->(134.750 143.000 129.000)]
Chromosome values
Integers:
  -1   -1   -1   -1   -1   -1 29802   -1   -1 31840   -1 31849 
--------------------------------------------------------------------------------


--------------------------------------------------------------------------------
--- Diverse Solutions Stats                                                  ---
--------------------------------------------------------------------------------
  Move attempts                            :  20075
  Move failures                            :      0
  Failure rate                             :   0.000

--------------------------------------------------------------------------------

Current Ranking  1

--------------------------------------------------------------------------------

* GA execution time :                                                           
  total 39.8967 user 39.8868 sys  0.0099

--------------------------------------------------------------------------------
Fitness function evaluations: 13609959

--------------------------------------------------------------------------------
** Docking run number  2 **
--------------------------------------------------------------------------------
  Rank fitness base is 5000.00 ; increment is 11.2233

* Initialising population(s) ...                                                
Number of constraints mappings 0
Number of constraints 0
  Population no.                           :      1
  Population size                          :    100
  Number of duplicates                     :      0
  Number of niche violations               :      0
  Number of errors                         : 13123387


Doing GA, no. of population(s) 1 size 100 selection pressure 1.100000

 Operation      Fitness  S(hb_ext) S(vdw_ext)  S(hb_int)    S(int)      intcor
         0      27.79       0.00      20.59       0.00      -2.60      -0.76
        32      33.77       0.28      25.09       0.00      -5.10      -0.76
        95      33.94       0.28      25.11       0.00      -4.26      -0.76
       216      35.12       0.00      25.96       0.00      -2.70      -0.76
       355      34.47       0.00      26.88       0.00     -10.93      -0.76
       606      32.41       0.00      25.59       0.00     -10.93      -0.76
       622      32.62       0.00      24.16       0.00      -2.34      -0.76
       653      32.90       0.02      24.34       0.00      -2.34      -0.76
       674      30.71       0.02      22.62       0.00      -1.57      -0.76
Reordering...
      1155      23.97       0.00      18.37       0.00      -4.11      -0.76
      1362      23.41       0.00      17.33       0.00      -1.22      -0.76
      1641      25.41       0.00      18.72       0.00      -0.89      -0.76
      3453      25.21       0.00      18.90       0.00      -1.04      -0.76
      3543      25.34       0.00      18.87       0.00      -0.77      -0.76
      3559      25.65       0.00      19.12       0.00      -0.82      -0.76
      3958      25.57       0.00      19.21       0.00      -0.93      -0.76
--------------------------------------------------------------------------------
Best docking solution after GA:
      5500      25.49       0.00      19.21       0.00      -0.93      -0.76

#ops:       5500 #mutates:   2750 #cross:     2750 #dups:      1860 
#niche:     2647 #errors:    1560 
--------------------------------------------------------------------------------

Doing AMOEBA simplex on best individual
Done simplexing #iterations 841, best score  33.66

Ligand is stored in gold_soln_ligand_prepared_m1_2.mol2


--------------------------------------------------------------------------------
--- GoldScore breakdown of terms                                             ---
--------------------------------------------------------------------------------
Fitness = S(hb_ext) + 1.3750*S(vdw_ext) + S(hb_int) + 1.0000*S(int)
S(int)  = S(vdw_int) + S(tors)

Internal terms are relative to best energy found (intcor).

--------------------------------------------------------------------------------


     Fitness  S(hb_ext) S(vdw_ext)  S(hb_int)    S(int)      intcor
     33.66       0.00      24.89       0.00      -0.56      -0.76

--------------------------------------------------------------------------------
--- GoldScore analysis of protein-ligand interactions                        ---
--------------------------------------------------------------------------------


--------------------------------------------------------------------------------

--------------------------------------------------------------------------------
--- Rescoring solution                                                       ---
--------------------------------------------------------------------------------

     Score     S(PLP)   S(hbond)     S(cho)   S(metal)  DE(clash)   DE(tors)
     25.26     -25.32       0.00       0.00       0.00       0.00       0.03

Doing AMOEBA simplex on best individual
Done simplexing #iterations 671, best score  30.02

     Score     S(PLP)   S(hbond)     S(cho)   S(metal)  DE(clash)   DE(tors)
     30.02     -30.28       0.00       0.00       0.00       0.00       0.13

--------------------------------------------------------------------------------
--- CHEMPLP breakdown of terms                                               ---
--------------------------------------------------------------------------------
CHEMPLP = - ( 1.0000*S(PLP) + -3.0000*S(hbond) + -6.0000*S(metal) + -3.0000*S(cho) )

Score = CHEMPLP - 1.0000*DE(clash) - 2.0000*DE(tors)


--------------------------------------------------------------------------------


--------------------------------------------------------------------------------
--- PLP analysis of protein-ligand interactions                              ---
--------------------------------------------------------------------------------
hydrogen bonding        :      -1.00
metal                   :       0.00
buried (polar-nonpolar) :      -2.68
nonpolar                :     -27.75
repulsive               :       0.90
--------------------------------------------------------------------------------


--------------------------------------------------------------------------------
--- ChemScore analysis of protein-ligand interactions                        ---
--------------------------------------------------------------------------------

* Hydrogen bonds                                                                


* CH..O interactions                                                            
  CH group selection                       : activated ring CH (adjacent to hetatom)

--------------------------------------------------------------------------------


--------------------------------------------------------------------------------
--- Intra-ligand clashes                                                     ---
--------------------------------------------------------------------------------

Ligand
--------------------------------------------------------------------------------


--------------------------------------------------------------------------------
--- Chromosome decoded                                                       ---
--------------------------------------------------------------------------------
Ligand Torsions
[   6    2    1    3]   92.57
[  12    5    1    2] -167.22
Protein Torsions
[7275 7267 7268 7269] -125.92 
[7259 7254 7253 7250]   20.32 
[3787 3780 3778 3775]    3.79 
[7241 7225 7224 7223] -137.37 
[7244 7226 7227 7228]   92.71 
[7633 7625 7626 7627]  -65.61 
[8107 8100 8094 8093] -120.01 
[14346 7229 7228 7227]  137.15 
[14355 7628 7627 7626]   49.22 
Mapping
Ligand acceptors to protein hydrogens (mapping then atom ids)
Ligand hydrogens to protein acceptors (mapping then atom ids)
Ligand shape atoms to protein points (mapping then atom ids & coords)
  2 29847 [  6->(133.750 144.000 128.000)]
  3 30804 [  7->(134.250 144.000 127.500)]
  5 29817 [ 13->(133.750 143.500 131.250)]
  6 30810 [ 14->(134.250 144.000 129.000)]
  7 31844 [ 16->(134.750 142.750 130.000)]
Chromosome values
Integers:
  -1   -1   -1   -1   -1   -1 29846 30803   -1 29816 30809 31843 
--------------------------------------------------------------------------------


--------------------------------------------------------------------------------
--- Diverse Solutions Stats                                                  ---
--------------------------------------------------------------------------------
  Move attempts                            :  19157
  Move failures                            :      0
  Failure rate                             :   0.000

--------------------------------------------------------------------------------

Current Ranking  2  1

--------------------------------------------------------------------------------

* GA execution time :                                                           
  total 38.3048 user 38.2847 sys  0.0201

--------------------------------------------------------------------------------
Fitness function evaluations: 13144127

--------------------------------------------------------------------------------
** Docking run number  3 **
--------------------------------------------------------------------------------
  Rank fitness base is 5000.00 ; increment is 11.2233

* Initialising population(s) ...                                                
Number of constraints mappings 0
Number of constraints 0
  Population no.                           :      1
  Population size                          :    100
  Number of duplicates                     :      0
  Number of niche violations               :      0
  Number of errors                         : 13307683


Doing GA, no. of population(s) 1 size 100 selection pressure 1.100000

 Operation      Fitness  S(hb_ext) S(vdw_ext)  S(hb_int)    S(int)      intcor
         0      28.61       0.08      24.39       0.00     -25.02      -0.76
       399      31.95       0.00      23.40       0.00      -0.95      -0.76
       627      30.01       0.03      21.98       0.00      -0.95      -0.76
Reordering...
       825      26.61       0.44      20.04       0.00      -4.99      -0.76
      1379      25.10       0.39      18.96       0.00      -4.00      -0.76
      1864      24.75       0.02      18.40       0.00      -1.40      -0.76
      3153      22.77       0.00      17.32       0.00      -1.53      -0.76
Reordering...
      3795      21.52       0.00      15.78       0.00      -0.21      -0.76
      4932      21.54       0.00      17.08       0.00      -1.94      -0.76
      5341      22.19       0.00      16.19       0.00      -0.06      -0.76
--------------------------------------------------------------------------------
Best docking solution after GA:
      5500      22.19       0.00      16.19       0.00      -0.06      -0.76

#ops:       5500 #mutates:   2700 #cross:     2800 #dups:      1347 
#niche:     2590 #errors:    1976 
--------------------------------------------------------------------------------

Doing AMOEBA simplex on best individual
Done simplexing #iterations 891, best score  24.74

Ligand is stored in gold_soln_ligand_prepared_m1_3.mol2


--------------------------------------------------------------------------------
--- GoldScore breakdown of terms                                             ---
--------------------------------------------------------------------------------
Fitness = S(hb_ext) + 1.3750*S(vdw_ext) + S(hb_int) + 1.0000*S(int)
S(int)  = S(vdw_int) + S(tors)

Internal terms are relative to best energy found (intcor).

--------------------------------------------------------------------------------


     Fitness  S(hb_ext) S(vdw_ext)  S(hb_int)    S(int)      intcor
     24.74       0.00      18.04       0.00      -0.07      -0.76

--------------------------------------------------------------------------------
--- GoldScore analysis of protein-ligand interactions                        ---
--------------------------------------------------------------------------------


--------------------------------------------------------------------------------

--------------------------------------------------------------------------------
--- Rescoring solution                                                       ---
--------------------------------------------------------------------------------

     Score     S(PLP)   S(hbond)     S(cho)   S(metal)  DE(clash)   DE(tors)
     19.96     -20.24       0.00       0.00       0.00       0.00       0.14

Doing AMOEBA simplex on best individual
Done simplexing #iterations 796, best score  26.71

     Score     S(PLP)   S(hbond)     S(cho)   S(metal)  DE(clash)   DE(tors)
     26.71     -26.84       0.00       0.00       0.00       0.00       0.07

--------------------------------------------------------------------------------
--- CHEMPLP breakdown of terms                                               ---
--------------------------------------------------------------------------------
CHEMPLP = - ( 1.0000*S(PLP) + -3.0000*S(hbond) + -6.0000*S(metal) + -3.0000*S(cho) )

Score = CHEMPLP - 1.0000*DE(clash) - 2.0000*DE(tors)


--------------------------------------------------------------------------------


--------------------------------------------------------------------------------
--- PLP analysis of protein-ligand interactions                              ---
--------------------------------------------------------------------------------
hydrogen bonding        :       0.00
metal                   :       0.00
buried (polar-nonpolar) :      -2.13
nonpolar                :     -25.40
repulsive               :       0.01
--------------------------------------------------------------------------------


--------------------------------------------------------------------------------
--- ChemScore analysis of protein-ligand interactions                        ---
--------------------------------------------------------------------------------

* Hydrogen bonds                                                                


* CH..O interactions                                                            
  CH group selection                       : activated ring CH (adjacent to hetatom)

--------------------------------------------------------------------------------


--------------------------------------------------------------------------------
--- Intra-ligand clashes                                                     ---
--------------------------------------------------------------------------------

Ligand
--------------------------------------------------------------------------------


--------------------------------------------------------------------------------
--- Chromosome decoded                                                       ---
--------------------------------------------------------------------------------
Ligand Torsions
[   6    2    1    3]  -53.60
[  12    5    1    2]  175.10
Protein Torsions
[7275 7267 7268 7269] -138.04 
[7259 7254 7253 7250] -162.91 
[3787 3780 3778 3775]  -58.91 
[7241 7225 7224 7223]  119.95 
[7244 7226 7227 7228]  -30.55 
[7633 7625 7626 7627]   85.92 
[8107 8100 8094 8093]   59.99 
[14346 7229 7228 7227]  -94.49 
[14355 7628 7627 7626]  121.19 
Mapping
Ligand acceptors to protein hydrogens (mapping then atom ids)
Ligand hydrogens to protein acceptors (mapping then atom ids)
Ligand shape atoms to protein points (mapping then atom ids & coords)
  3 28440 [  7->(132.750 144.500 126.250)]
  6 30230 [ 14->(134.000 143.250 126.250)]
  7 29387 [ 16->(133.500 143.250 127.750)]
Chromosome values
Integers:
  -1   -1   -1   -1   -1   -1   -1 28439   -1   -1 30229 29386 
--------------------------------------------------------------------------------


--------------------------------------------------------------------------------
--- Diverse Solutions Stats                                                  ---
--------------------------------------------------------------------------------
  Move attempts                            :  19258
  Move failures                            :     28
  Failure rate                             :   0.001

--------------------------------------------------------------------------------

Current Ranking  2  1  3

--------------------------------------------------------------------------------

* GA execution time :                                                           
  total 40.0022 user 39.9923 sys  0.0099

--------------------------------------------------------------------------------
Fitness function evaluations: 13328912

--------------------------------------------------------------------------------
** Docking run number  4 **
--------------------------------------------------------------------------------
  Rank fitness base is 5000.00 ; increment is 11.2233

* Initialising population(s) ...                                                
Number of constraints mappings 0
Number of constraints 0
  Population no.                           :      1
  Population size                          :    100
  Number of duplicates                     :      0
  Number of niche violations               :      0
  Number of errors                         : 12974752


Doing GA, no. of population(s) 1 size 100 selection pressure 1.100000

 Operation      Fitness  S(hb_ext) S(vdw_ext)  S(hb_int)    S(int)      intcor
         0      28.20       0.04      22.02       0.00     -10.58      -0.76
       156      32.06       0.00      24.00       0.00      -4.48      -0.76
       231      32.48       0.00      24.99       0.00      -8.64      -0.76
       256      33.95       1.32      25.10       0.00      -8.64      -0.76
       342      31.84       1.09      23.67       0.00      -7.90      -0.76
Reordering...
       495      29.24       0.00      22.06       0.00      -4.48      -0.76
       557      29.29       0.18      22.74       0.00      -8.74      -0.76
       968      31.39       0.00      23.30       0.00      -2.27      -0.76
      1762      25.05       0.00      18.24       0.00      -0.06      -0.76
      2453      23.41       0.00      17.60       0.00      -1.52      -0.76
      2465      23.87       0.00      17.83       0.00      -1.25      -0.76
      2979      22.32       0.00      16.81       0.00      -1.26      -0.76
      3243      22.88       0.00      17.39       0.00      -1.49      -0.76
      4073      19.89       0.00      15.60       0.00      -1.60      -0.76
Reordering...
      4125      19.45       0.00      14.87       0.00      -0.99      -0.76
      4442      19.47       0.00      15.10       0.00      -1.30      -0.76
      5035      22.46       0.00      16.41       0.00      -0.10      -0.76
      5337      22.75       0.00      16.61       0.00      -0.10      -0.76
--------------------------------------------------------------------------------
Best docking solution after GA:
      5500      22.75       0.00      16.61       0.00      -0.10      -0.76

#ops:       5500 #mutates:   2729 #cross:     2771 #dups:      1420 
#niche:     2655 #errors:    1692 
--------------------------------------------------------------------------------

Doing AMOEBA simplex on best individual
Done simplexing #iterations 1012, best score  27.14

Ligand is stored in gold_soln_ligand_prepared_m1_4.mol2


--------------------------------------------------------------------------------
--- GoldScore breakdown of terms                                             ---
--------------------------------------------------------------------------------
Fitness = S(hb_ext) + 1.3750*S(vdw_ext) + S(hb_int) + 1.0000*S(int)
S(int)  = S(vdw_int) + S(tors)

Internal terms are relative to best energy found (intcor).

--------------------------------------------------------------------------------


     Fitness  S(hb_ext) S(vdw_ext)  S(hb_int)    S(int)      intcor
     27.14       0.00      19.85       0.00      -0.16      -0.76

--------------------------------------------------------------------------------
--- GoldScore analysis of protein-ligand interactions                        ---
--------------------------------------------------------------------------------


--------------------------------------------------------------------------------

--------------------------------------------------------------------------------
--- Rescoring solution                                                       ---
--------------------------------------------------------------------------------

     Score     S(PLP)   S(hbond)     S(cho)   S(metal)  DE(clash)   DE(tors)
     24.69     -25.91       0.00       0.00       0.00       0.00       0.61

Doing AMOEBA simplex on best individual
Done simplexing #iterations 682, best score  32.49

     Score     S(PLP)   S(hbond)     S(cho)   S(metal)  DE(clash)   DE(tors)
     32.49     -33.00       0.00       0.00       0.00       0.00       0.25

--------------------------------------------------------------------------------
--- CHEMPLP breakdown of terms                                               ---
--------------------------------------------------------------------------------
CHEMPLP = - ( 1.0000*S(PLP) + -3.0000*S(hbond) + -6.0000*S(metal) + -3.0000*S(cho) )

Score = CHEMPLP - 1.0000*DE(clash) - 2.0000*DE(tors)


--------------------------------------------------------------------------------


--------------------------------------------------------------------------------
--- PLP analysis of protein-ligand interactions                              ---
--------------------------------------------------------------------------------
hydrogen bonding        :       0.00
metal                   :       0.00
buried (polar-nonpolar) :      -2.72
nonpolar                :     -31.24
repulsive               :       0.08
--------------------------------------------------------------------------------


--------------------------------------------------------------------------------
--- ChemScore analysis of protein-ligand interactions                        ---
--------------------------------------------------------------------------------

* Hydrogen bonds                                                                


* CH..O interactions                                                            
  CH group selection                       : activated ring CH (adjacent to hetatom)

--------------------------------------------------------------------------------


--------------------------------------------------------------------------------
--- Intra-ligand clashes                                                     ---
--------------------------------------------------------------------------------

Ligand
--------------------------------------------------------------------------------


--------------------------------------------------------------------------------
--- Chromosome decoded                                                       ---
--------------------------------------------------------------------------------
Ligand Torsions
[   6    2    1    3]  -41.74
[  12    5    1    2]  170.13
Protein Torsions
[7275 7267 7268 7269]  166.89 
[7259 7254 7253 7250]  178.36 
[3787 3780 3778 3775]  -59.83 
[7241 7225 7224 7223]   43.88 
[7244 7226 7227 7228] -109.99 
[7633 7625 7626 7627]   74.44 
[8107 8100 8094 8093]   59.99 
[14346 7229 7228 7227] -138.95 
[14355 7628 7627 7626]  -87.88 
Mapping
Ligand acceptors to protein hydrogens (mapping then atom ids)
Ligand hydrogens to protein acceptors (mapping then atom ids)
Ligand shape atoms to protein points (mapping then atom ids & coords)
  1 29399 [  5->(133.500 143.500 126.500)]
  3 30261 [  7->(134.000 143.500 129.000)]
  6 30719 [ 14->(134.250 142.750 129.500)]
  7 29834 [ 16->(133.750 143.750 130.250)]
Chromosome values
Integers:
  -1   -1   -1   -1   -1 29398   -1 30260   -1   -1 30718 29833 
--------------------------------------------------------------------------------


--------------------------------------------------------------------------------
--- Diverse Solutions Stats                                                  ---
--------------------------------------------------------------------------------
  Move attempts                            :  19498
  Move failures                            :     93
  Failure rate                             :   0.005

--------------------------------------------------------------------------------

Current Ranking  2  4  1  3

--------------------------------------------------------------------------------

* GA execution time :                                                           
  total 38.6051 user 38.5852 sys  0.0200

--------------------------------------------------------------------------------
Fitness function evaluations: 12995873

--------------------------------------------------------------------------------
** Docking run number  5 **
--------------------------------------------------------------------------------
  Rank fitness base is 5000.00 ; increment is 11.2233

* Initialising population(s) ...                                                
Number of constraints mappings 0
Number of constraints 0
  Population no.                           :      1
  Population size                          :    100
  Number of duplicates                     :      0
  Number of niche violations               :      0
  Number of errors                         : 13353224


Doing GA, no. of population(s) 1 size 100 selection pressure 1.100000

 Operation      Fitness  S(hb_ext) S(vdw_ext)  S(hb_int)    S(int)      intcor
         0      27.28       0.96      21.92       0.00     -19.06      -0.76
       193      27.81       0.87      23.39       0.00     -24.52      -0.76
       482      25.57       0.90      18.32       0.00      -2.17      -0.76
Reordering...
       495      23.48       0.00      17.73       0.00      -3.73      -0.76
Reordering...
       660      22.87       0.00      16.77       0.00      -0.75      -0.76
       694      23.23       0.00      17.29       0.00      -2.11      -0.76
      1592      22.49       0.00      16.90       0.00      -2.04      -0.76
      1915      22.36       0.00      17.47       0.00      -4.00      -0.76
      2067      22.42       0.00      17.13       0.00      -2.55      -0.76
      2383      22.75       0.00      17.38       0.00      -2.27      -0.76
      3689      25.00       0.00      19.31       0.00      -1.84      -0.76
      3717      25.85       0.00      19.58       0.00      -1.28      -0.76
--------------------------------------------------------------------------------
Best docking solution after GA:
      5500      25.65       0.00      19.58       0.00      -1.28      -0.76

#ops:       5500 #mutates:   2781 #cross:     2719 #dups:      1387 
#niche:     2803 #errors:    1303 
--------------------------------------------------------------------------------

Doing AMOEBA simplex on best individual
Done simplexing #iterations 799, best score  29.96

Ligand is stored in gold_soln_ligand_prepared_m1_5.mol2


--------------------------------------------------------------------------------
--- GoldScore breakdown of terms                                             ---
--------------------------------------------------------------------------------
Fitness = S(hb_ext) + 1.3750*S(vdw_ext) + S(hb_int) + 1.0000*S(int)
S(int)  = S(vdw_int) + S(tors)

Internal terms are relative to best energy found (intcor).

--------------------------------------------------------------------------------


     Fitness  S(hb_ext) S(vdw_ext)  S(hb_int)    S(int)      intcor
     29.96       0.00      22.48       0.00      -0.95      -0.76

--------------------------------------------------------------------------------
--- GoldScore analysis of protein-ligand interactions                        ---
--------------------------------------------------------------------------------


--------------------------------------------------------------------------------

--------------------------------------------------------------------------------
--- Rescoring solution                                                       ---
--------------------------------------------------------------------------------

     Score     S(PLP)   S(hbond)     S(cho)   S(metal)  DE(clash)   DE(tors)
     24.41     -26.17       0.00       0.00       0.00       0.47       0.65

Doing AMOEBA simplex on best individual
Done simplexing #iterations 854, best score  29.38

     Score     S(PLP)   S(hbond)     S(cho)   S(metal)  DE(clash)   DE(tors)
     29.38     -31.41       0.00       0.00       0.00       0.00       1.02

--------------------------------------------------------------------------------
--- CHEMPLP breakdown of terms                                               ---
--------------------------------------------------------------------------------
CHEMPLP = - ( 1.0000*S(PLP) + -3.0000*S(hbond) + -6.0000*S(metal) + -3.0000*S(cho) )

Score = CHEMPLP - 1.0000*DE(clash) - 2.0000*DE(tors)


--------------------------------------------------------------------------------


--------------------------------------------------------------------------------
--- PLP analysis of protein-ligand interactions                              ---
--------------------------------------------------------------------------------
hydrogen bonding        :      -0.36
metal                   :       0.00
buried (polar-nonpolar) :       1.65
nonpolar                :     -33.34
repulsive               :       0.32
--------------------------------------------------------------------------------


--------------------------------------------------------------------------------
--- ChemScore analysis of protein-ligand interactions                        ---
--------------------------------------------------------------------------------

* Hydrogen bonds                                                                


* CH..O interactions                                                            
  CH group selection                       : activated ring CH (adjacent to hetatom)

--------------------------------------------------------------------------------


--------------------------------------------------------------------------------
--- Intra-ligand clashes                                                     ---
--------------------------------------------------------------------------------

Ligand
--------------------------------------------------------------------------------


--------------------------------------------------------------------------------
--- Chromosome decoded                                                       ---
--------------------------------------------------------------------------------
Ligand Torsions
[   6    2    1    3]   87.02
[  12    5    1    2] -172.09
Protein Torsions
[7275 7267 7268 7269]  154.49 
[7259 7254 7253 7250] -146.07 
[3787 3780 3778 3775] -142.99 
[7241 7225 7224 7223]  -37.79 
[7244 7226 7227 7228]  100.10 
[7633 7625 7626 7627] -129.57 
[8107 8100 8094 8093]   59.99 
[14346 7229 7228 7227]   23.49 
[14355 7628 7627 7626] -111.76 
Mapping
Ligand acceptors to protein hydrogens (mapping then atom ids)
Ligand hydrogens to protein acceptors (mapping then atom ids)
Ligand shape atoms to protein points (mapping then atom ids & coords)
  1 31307 [  5->(134.500 143.500 126.500)]
  2 29444 [  6->(133.500 144.000 127.500)]
  5 31255 [ 13->(134.500 142.250 129.000)]
  6 29039 [ 14->(133.250 143.250 131.250)]
  7 30285 [ 16->(134.000 143.750 130.000)]
Chromosome values
Integers:
  -1   -1   -1   -1   -1 31306 29443   -1   -1 31254 29038 30284 
--------------------------------------------------------------------------------


--------------------------------------------------------------------------------
--- Diverse Solutions Stats                                                  ---
--------------------------------------------------------------------------------
  Move attempts                            :  19652
  Move failures                            :     28
  Failure rate                             :   0.001

--------------------------------------------------------------------------------

Current Ranking  2  5  4  1  3

--------------------------------------------------------------------------------

* GA execution time :                                                           
  total 41.0701 user 41.0701 sys  0.0001

--------------------------------------------------------------------------------
Fitness function evaluations: 13374177

--------------------------------------------------------------------------------
** Docking run number  6 **
--------------------------------------------------------------------------------
  Rank fitness base is 5000.00 ; increment is 11.2233

* Initialising population(s) ...                                                
Number of constraints mappings 0
Number of constraints 0
  Population no.                           :      1
  Population size                          :    100
  Number of duplicates                     :      0
  Number of niche violations               :      0
  Number of errors                         : 12957775


Doing GA, no. of population(s) 1 size 100 selection pressure 1.100000

 Operation      Fitness  S(hb_ext) S(vdw_ext)  S(hb_int)    S(int)      intcor
         0      40.24       0.03      32.01       0.00     -19.05      -0.76
       199      41.48       0.03      30.19       0.00      -0.32      -0.76
Reordering...
       495      37.68       0.03      28.26       0.00      -4.99      -0.76
      1334      27.71       0.97      19.84       0.00      -1.60      -0.76
      1623      28.57       0.00      21.02       0.00      -0.89      -0.76
Reordering...
      1650      27.06       0.95      19.43       0.00      -1.60      -0.76
      1878      26.73       0.97      19.42       0.00      -2.28      -0.76
      2200      28.48       1.24      20.54       0.00      -2.13      -0.76
      3168      27.99       1.16      20.55       0.00      -2.10      -0.76
      3692      28.83       1.11      20.68       0.00      -0.86      -0.76
--------------------------------------------------------------------------------
Best docking solution after GA:
      5500      28.64       1.06      20.68       0.00      -0.86      -0.76

#ops:       5500 #mutates:   2706 #cross:     2794 #dups:      1198 
#niche:     2771 #errors:    2183 
--------------------------------------------------------------------------------

Doing AMOEBA simplex on best individual
Done simplexing #iterations 777, best score  30.51

Ligand is stored in gold_soln_ligand_prepared_m1_6.mol2


--------------------------------------------------------------------------------
--- GoldScore breakdown of terms                                             ---
--------------------------------------------------------------------------------
Fitness = S(hb_ext) + 1.3750*S(vdw_ext) + S(hb_int) + 1.0000*S(int)
S(int)  = S(vdw_int) + S(tors)

Internal terms are relative to best energy found (intcor).

--------------------------------------------------------------------------------


     Fitness  S(hb_ext) S(vdw_ext)  S(hb_int)    S(int)      intcor
     30.51       0.97      22.02       0.00      -0.73      -0.76

--------------------------------------------------------------------------------
--- GoldScore analysis of protein-ligand interactions                        ---
--------------------------------------------------------------------------------

  Ligand acceptor   11 Protein hydrogen 7608 donor 7601 bond energy  2.00 wt 0.48

--------------------------------------------------------------------------------

--------------------------------------------------------------------------------
--- Rescoring solution                                                       ---
--------------------------------------------------------------------------------

     Score     S(PLP)   S(hbond)     S(cho)   S(metal)  DE(clash)   DE(tors)
      1.77      -3.43       0.18       0.00       0.00       0.00       1.10

Doing AMOEBA simplex on best individual
Done simplexing #iterations 1075, best score  21.56

     Score     S(PLP)   S(hbond)     S(cho)   S(metal)  DE(clash)   DE(tors)
     21.56     -20.61       1.00       0.00       0.00       0.00       1.03

--------------------------------------------------------------------------------
--- CHEMPLP breakdown of terms                                               ---
--------------------------------------------------------------------------------
CHEMPLP = - ( 1.0000*S(PLP) + -3.0000*S(hbond) + -6.0000*S(metal) + -3.0000*S(cho) )

Score = CHEMPLP - 1.0000*DE(clash) - 2.0000*DE(tors)


--------------------------------------------------------------------------------


--------------------------------------------------------------------------------
--- PLP analysis of protein-ligand interactions                              ---
--------------------------------------------------------------------------------
hydrogen bonding        :      -1.00
metal                   :       0.00
buried (polar-nonpolar) :       2.94
nonpolar                :     -23.64
repulsive               :       0.12
--------------------------------------------------------------------------------


--------------------------------------------------------------------------------
--- ChemScore analysis of protein-ligand interactions                        ---
--------------------------------------------------------------------------------

* Hydrogen bonds                                                                
Protein donor 7601 hydrogen 7608 Ligand acceptor   11 bond energy  1.00 wt 1.00


* CH..O interactions                                                            
  CH group selection                       : activated ring CH (adjacent to hetatom)

--------------------------------------------------------------------------------


--------------------------------------------------------------------------------
--- Intra-ligand clashes                                                     ---
--------------------------------------------------------------------------------

Ligand
--------------------------------------------------------------------------------


--------------------------------------------------------------------------------
--- Chromosome decoded                                                       ---
--------------------------------------------------------------------------------
Ligand Torsions
[   6    2    1    3]  146.56
[  12    5    1    2]  165.82
Protein Torsions
[7275 7267 7268 7269] -144.92 
[7259 7254 7253 7250]  132.81 
[3787 3780 3778 3775]  -46.95 
[7241 7225 7224 7223]  -37.59 
[7244 7226 7227 7228]  -64.37 
[7633 7625 7626 7627]    8.28 
[8107 8100 8094 8093]   59.99 
[14346 7229 7228 7227]  127.23 
[14355 7628 7627 7626]  173.52 
Mapping
Ligand acceptors to protein hydrogens (mapping then atom ids)
Ligand hydrogens to protein acceptors (mapping then atom ids)
Ligand shape atoms to protein points (mapping then atom ids & coords)
  3  6426 [  7->(121.750 152.750 153.000)]
  5  8274 [ 13->(123.000 153.500 156.250)]
  6  7020 [ 14->(122.250 152.750 152.000)]
  7 11437 [ 16->(124.250 153.250 156.250)]
Chromosome values
Integers:
  -1   -1   -1   -1   -1   -1   -1 6425   -1 8273 7019 11436 
--------------------------------------------------------------------------------


--------------------------------------------------------------------------------
--- Diverse Solutions Stats                                                  ---
--------------------------------------------------------------------------------
  Move attempts                            :  19220
  Move failures                            :     16
  Failure rate                             :   0.001

--------------------------------------------------------------------------------

Current Ranking  2  6  5  4  1  3

--------------------------------------------------------------------------------

* GA execution time :                                                           
  total 38.1152 user 38.0852 sys  0.0300

--------------------------------------------------------------------------------
Fitness function evaluations: 12979187

--------------------------------------------------------------------------------
** Docking run number  7 **
--------------------------------------------------------------------------------
  Rank fitness base is 5000.00 ; increment is 11.2233

* Initialising population(s) ...                                                
Number of constraints mappings 0
Number of constraints 0
  Population no.                           :      1
  Population size                          :    100
  Number of duplicates                     :      0
  Number of niche violations               :      0
  Number of errors                         : 13208936


Doing GA, no. of population(s) 1 size 100 selection pressure 1.100000

 Operation      Fitness  S(hb_ext) S(vdw_ext)  S(hb_int)    S(int)      intcor
         0      29.37       0.00      22.09       0.00      -5.00      -0.76
         1      30.06       0.00      25.51       0.00     -25.10      -0.76
       127      30.03       0.00      21.97       0.00      -0.86      -0.76
       257      32.00       0.00      24.73       0.00      -9.22      -0.76
       663      25.20       0.00      18.34       0.00      -0.10      -0.76
       753      26.49       0.00      19.40       0.00      -0.74      -0.76
       879      27.52       0.09      20.35       0.00      -2.00      -0.76
      1038      26.82       0.00      19.66       0.00      -0.74      -0.76
      1043      27.72       0.05      20.37       0.00      -1.16      -0.76
Reordering...
      1155      26.14       0.00      19.18       0.00      -0.74      -0.76
      1772      25.02       0.00      19.31       0.00      -3.85      -0.76
      2237      24.52       0.00      19.12       0.00      -3.75      -0.76
      2238      24.53       0.00      19.14       0.00      -3.79      -0.76
      3308      22.94       0.00      18.44       0.00      -3.33      -0.76
      3820      22.76       0.00      18.61       0.00      -3.22      -0.76
      4641      22.43       0.00      18.56       0.00      -3.09      -0.76
      4903      22.48       0.00      17.38       0.00      -1.41      -0.76
--------------------------------------------------------------------------------
Best docking solution after GA:
      5500      22.48       0.00      17.38       0.00      -1.41      -0.76

#ops:       5500 #mutates:   2811 #cross:     2689 #dups:      1619 
#niche:     2937 #errors:    1237 
--------------------------------------------------------------------------------

Doing AMOEBA simplex on best individual
Done simplexing #iterations 752, best score  25.38

Ligand is stored in gold_soln_ligand_prepared_m1_7.mol2


--------------------------------------------------------------------------------
--- GoldScore breakdown of terms                                             ---
--------------------------------------------------------------------------------
Fitness = S(hb_ext) + 1.3750*S(vdw_ext) + S(hb_int) + 1.0000*S(int)
S(int)  = S(vdw_int) + S(tors)

Internal terms are relative to best energy found (intcor).

--------------------------------------------------------------------------------


     Fitness  S(hb_ext) S(vdw_ext)  S(hb_int)    S(int)      intcor
     25.38       0.00      18.82       0.00      -0.50      -0.76

--------------------------------------------------------------------------------
--- GoldScore analysis of protein-ligand interactions                        ---
--------------------------------------------------------------------------------


--------------------------------------------------------------------------------

--------------------------------------------------------------------------------
--- Rescoring solution                                                       ---
--------------------------------------------------------------------------------

     Score     S(PLP)   S(hbond)     S(cho)   S(metal)  DE(clash)   DE(tors)
     21.75     -24.01       0.00       0.00       0.00       0.00       1.13

Doing AMOEBA simplex on best individual
Done simplexing #iterations 791, best score  26.16

     Score     S(PLP)   S(hbond)     S(cho)   S(metal)  DE(clash)   DE(tors)
     26.16     -28.41       0.00       0.00       0.00       0.00       1.13

--------------------------------------------------------------------------------
--- CHEMPLP breakdown of terms                                               ---
--------------------------------------------------------------------------------
CHEMPLP = - ( 1.0000*S(PLP) + -3.0000*S(hbond) + -6.0000*S(metal) + -3.0000*S(cho) )

Score = CHEMPLP - 1.0000*DE(clash) - 2.0000*DE(tors)


--------------------------------------------------------------------------------


--------------------------------------------------------------------------------
--- PLP analysis of protein-ligand interactions                              ---
--------------------------------------------------------------------------------
hydrogen bonding        :       0.00
metal                   :       0.00
buried (polar-nonpolar) :      -3.12
nonpolar                :     -26.09
repulsive               :       0.19
--------------------------------------------------------------------------------


--------------------------------------------------------------------------------
--- ChemScore analysis of protein-ligand interactions                        ---
--------------------------------------------------------------------------------

* Hydrogen bonds                                                                


* CH..O interactions                                                            
  CH group selection                       : activated ring CH (adjacent to hetatom)

--------------------------------------------------------------------------------


--------------------------------------------------------------------------------
--- Intra-ligand clashes                                                     ---
--------------------------------------------------------------------------------

Ligand
--------------------------------------------------------------------------------


--------------------------------------------------------------------------------
--- Chromosome decoded                                                       ---
--------------------------------------------------------------------------------
Ligand Torsions
[   6    2    1    3]  -89.89
[  12    5    1    2] -170.75
Protein Torsions
[7275 7267 7268 7269]   63.01 
[7259 7254 7253 7250]  -47.79 
[3787 3780 3778 3775]  104.68 
[7241 7225 7224 7223]  -52.55 
[7244 7226 7227 7228]   12.28 
[7633 7625 7626 7627]   24.27 
[8107 8100 8094 8093] -120.01 
[14346 7229 7228 7227]   88.32 
[14355 7628 7627 7626] -166.79 
Mapping
Ligand acceptors to protein hydrogens (mapping then atom ids)
Ligand hydrogens to protein acceptors (mapping then atom ids)
Ligand shape atoms to protein points (mapping then atom ids & coords)
  3 31848 [  7->(134.750 143.000 128.500)]
  5 30778 [ 13->(134.250 143.750 126.250)]
  6 30728 [ 14->(134.250 143.000 128.000)]
  7 31267 [ 16->(134.500 142.750 128.250)]
Chromosome values
Integers:
  -1   -1   -1   -1   -1   -1   -1 31847   -1 30777 30727 31266 
--------------------------------------------------------------------------------


--------------------------------------------------------------------------------
--- Diverse Solutions Stats                                                  ---
--------------------------------------------------------------------------------
  Move attempts                            :  19482
  Move failures                            :      8
  Failure rate                             :   0.000

--------------------------------------------------------------------------------

Current Ranking  2  6  5  4  1  7  3

--------------------------------------------------------------------------------

* GA execution time :                                                           
  total 39.6296 user 39.5996 sys  0.0300

--------------------------------------------------------------------------------
Fitness function evaluations: 13229671

--------------------------------------------------------------------------------
** Docking run number  8 **
--------------------------------------------------------------------------------
  Rank fitness base is 5000.00 ; increment is 11.2233

* Initialising population(s) ...                                                
Number of constraints mappings 0
Number of constraints 0
  Population no.                           :      1
  Population size                          :    100
  Number of duplicates                     :      0
  Number of niche violations               :      0
  Number of errors                         : 12685427


Doing GA, no. of population(s) 1 size 100 selection pressure 1.100000

 Operation      Fitness  S(hb_ext) S(vdw_ext)  S(hb_int)    S(int)      intcor
         0      29.63       0.03      23.39       0.00     -12.83      -0.76
        87      29.90       0.18      21.98       0.00      -2.43      -0.76
Reordering...
       165      28.37       0.03      22.60       0.00     -12.83      -0.76
       219      30.02       0.04      23.20       0.00      -9.04      -0.76
      1281      24.86       0.00      18.68       0.00      -2.49      -0.76
      1374      27.24       0.00      20.67       0.00      -3.53      -0.76
      1797      24.79       0.00      18.72       0.00      -2.41      -0.76
      1834      26.23       0.00      19.43       0.00      -1.19      -0.76
      1908      26.23       0.00      19.44       0.00      -1.19      -0.76
      2119      25.12       0.00      18.64       0.00      -1.14      -0.76
Reordering...
      2310      23.06       0.00      17.13       0.00      -1.01      -0.76
      3274      24.47       0.00      18.13       0.00      -0.65      -0.76
      3622      25.95       0.00      18.94       0.00      -0.11      -0.76
      4105      26.93       0.00      19.78       0.00      -0.27      -0.76
      5452      27.08       0.00      19.80       0.00      -0.14      -0.76
--------------------------------------------------------------------------------
Best docking solution after GA:
      5500      27.08       0.00      19.80       0.00      -0.14      -0.76

#ops:       5500 #mutates:   2771 #cross:     2729 #dups:      1315 
#niche:     2659 #errors:    1608 
--------------------------------------------------------------------------------

Doing AMOEBA simplex on best individual
Done simplexing #iterations 793, best score  28.33

Ligand is stored in gold_soln_ligand_prepared_m1_8.mol2


--------------------------------------------------------------------------------
--- GoldScore breakdown of terms                                             ---
--------------------------------------------------------------------------------
Fitness = S(hb_ext) + 1.3750*S(vdw_ext) + S(hb_int) + 1.0000*S(int)
S(int)  = S(vdw_int) + S(tors)

Internal terms are relative to best energy found (intcor).

--------------------------------------------------------------------------------


     Fitness  S(hb_ext) S(vdw_ext)  S(hb_int)    S(int)      intcor
     28.33       0.00      20.70       0.00      -0.13      -0.76

--------------------------------------------------------------------------------
--- GoldScore analysis of protein-ligand interactions                        ---
--------------------------------------------------------------------------------


--------------------------------------------------------------------------------

--------------------------------------------------------------------------------
--- Rescoring solution                                                       ---
--------------------------------------------------------------------------------

     Score     S(PLP)   S(hbond)     S(cho)   S(metal)  DE(clash)   DE(tors)
     15.64     -17.00       0.00       0.00       0.00       0.00       0.68

Doing AMOEBA simplex on best individual
Done simplexing #iterations 941, best score  32.45

     Score     S(PLP)   S(hbond)     S(cho)   S(metal)  DE(clash)   DE(tors)
     32.45     -32.88       0.00       0.00       0.00       0.00       0.21

--------------------------------------------------------------------------------
--- CHEMPLP breakdown of terms                                               ---
--------------------------------------------------------------------------------
CHEMPLP = - ( 1.0000*S(PLP) + -3.0000*S(hbond) + -6.0000*S(metal) + -3.0000*S(cho) )

Score = CHEMPLP - 1.0000*DE(clash) - 2.0000*DE(tors)


--------------------------------------------------------------------------------


--------------------------------------------------------------------------------
--- PLP analysis of protein-ligand interactions                              ---
--------------------------------------------------------------------------------
hydrogen bonding        :       0.00
metal                   :       0.00
buried (polar-nonpolar) :      -3.62
nonpolar                :     -30.94
repulsive               :       0.61
--------------------------------------------------------------------------------


--------------------------------------------------------------------------------
--- ChemScore analysis of protein-ligand interactions                        ---
--------------------------------------------------------------------------------

* Hydrogen bonds                                                                


* CH..O interactions                                                            
  CH group selection                       : activated ring CH (adjacent to hetatom)

--------------------------------------------------------------------------------


--------------------------------------------------------------------------------
--- Intra-ligand clashes                                                     ---
--------------------------------------------------------------------------------

Ligand
--------------------------------------------------------------------------------


--------------------------------------------------------------------------------
--- Chromosome decoded                                                       ---
--------------------------------------------------------------------------------
Ligand Torsions
[   6    2    1    3]  -43.71
[  12    5    1    2]  171.93
Protein Torsions
[7275 7267 7268 7269]  -65.49 
[7259 7254 7253 7250]   52.98 
[3787 3780 3778 3775]   86.31 
[7241 7225 7224 7223]   30.52 
[7244 7226 7227 7228] -155.24 
[7633 7625 7626 7627] -104.63 
[8107 8100 8094 8093]   59.99 
[14346 7229 7228 7227]  -99.70 
[14355 7628 7627 7626]    8.52 
Mapping
Ligand acceptors to protein hydrogens (mapping then atom ids)
Ligand hydrogens to protein acceptors (mapping then atom ids)
Ligand shape atoms to protein points (mapping then atom ids & coords)
  1 29073 [  5->(133.250 144.000 130.500)]
  4 29459 [ 12->(133.500 144.000 131.750)]
  7 29051 [ 16->(133.250 143.750 126.250)]
Chromosome values
Integers:
  -1   -1   -1   -1   -1 29072   -1   -1 29458   -1   -1 29050 
--------------------------------------------------------------------------------


--------------------------------------------------------------------------------
--- Diverse Solutions Stats                                                  ---
--------------------------------------------------------------------------------
  Move attempts                            :  19640
  Move failures                            :     20
  Failure rate                             :   0.001

--------------------------------------------------------------------------------

Current Ranking  2  6  5  8  4  1  7  3

--------------------------------------------------------------------------------

* GA execution time :                                                           
  total 38.6679 user 38.6579 sys  0.0100

--------------------------------------------------------------------------------
Fitness function evaluations: 12706678

--------------------------------------------------------------------------------
** Docking run number  9 **
--------------------------------------------------------------------------------
  Rank fitness base is 5000.00 ; increment is 11.2233

* Initialising population(s) ...                                                
Number of constraints mappings 0
Number of constraints 0
  Population no.                           :      1
  Population size                          :    100
  Number of duplicates                     :      0
  Number of niche violations               :      0
  Number of errors                         : 13355933


Doing GA, no. of population(s) 1 size 100 selection pressure 1.100000

 Operation      Fitness  S(hb_ext) S(vdw_ext)  S(hb_int)    S(int)      intcor
         0      32.31       0.00      25.79       0.00     -15.74      -0.76
        86      32.40       0.00      25.90       0.00     -15.74      -0.76
       196      30.49       0.00      24.64       0.00     -15.89      -0.76
       338      32.10       0.67      24.46       0.00      -9.65      -0.76
       436      32.31       8.38      17.90       0.00      -2.92      -0.76
       756      30.51       8.26      16.71       0.00      -2.74      -0.76
       810      30.72       8.26      16.72       0.00      -1.95      -0.76
      1774      25.54       7.91      13.39       0.00      -1.96      -0.76
      1829      24.76       6.53      13.84       0.00      -1.96      -0.76
Reordering...
      3300      19.29       1.86      13.61       0.00      -1.76      -0.76
      3488      23.43       0.00      17.57       0.00      -0.95      -0.76
      4769      23.66       0.00      17.85       0.00      -0.89      -0.76
--------------------------------------------------------------------------------
Best docking solution after GA:
      5500      23.66       0.00      17.85       0.00      -0.89      -0.76

#ops:       5500 #mutates:   2797 #cross:     2703 #dups:      1134 
#niche:     2675 #errors:    2138 
--------------------------------------------------------------------------------

Doing AMOEBA simplex on best individual
Done simplexing #iterations 716, best score  26.74

Ligand is stored in gold_soln_ligand_prepared_m1_9.mol2


--------------------------------------------------------------------------------
--- GoldScore breakdown of terms                                             ---
--------------------------------------------------------------------------------
Fitness = S(hb_ext) + 1.3750*S(vdw_ext) + S(hb_int) + 1.0000*S(int)
S(int)  = S(vdw_int) + S(tors)

Internal terms are relative to best energy found (intcor).

--------------------------------------------------------------------------------


     Fitness  S(hb_ext) S(vdw_ext)  S(hb_int)    S(int)      intcor
     26.74       0.00      19.95       0.00      -0.68      -0.76

--------------------------------------------------------------------------------
--- GoldScore analysis of protein-ligand interactions                        ---
--------------------------------------------------------------------------------


--------------------------------------------------------------------------------

--------------------------------------------------------------------------------
--- Rescoring solution                                                       ---
--------------------------------------------------------------------------------

     Score     S(PLP)   S(hbond)     S(cho)   S(metal)  DE(clash)   DE(tors)
     23.59     -25.92       0.00       0.00       0.00       0.00       1.16

Doing AMOEBA simplex on best individual
Done simplexing #iterations 1046, best score  37.98

     Score     S(PLP)   S(hbond)     S(cho)   S(metal)  DE(clash)   DE(tors)
     37.98     -39.73       0.00       0.00       0.00       0.05       0.85

--------------------------------------------------------------------------------
--- CHEMPLP breakdown of terms                                               ---
--------------------------------------------------------------------------------
CHEMPLP = - ( 1.0000*S(PLP) + -3.0000*S(hbond) + -6.0000*S(metal) + -3.0000*S(cho) )

Score = CHEMPLP - 1.0000*DE(clash) - 2.0000*DE(tors)


--------------------------------------------------------------------------------


--------------------------------------------------------------------------------
--- PLP analysis of protein-ligand interactions                              ---
--------------------------------------------------------------------------------
hydrogen bonding        :       0.00
metal                   :       0.00
buried (polar-nonpolar) :      -2.74
nonpolar                :     -38.08
repulsive               :       0.17
--------------------------------------------------------------------------------


--------------------------------------------------------------------------------
--- ChemScore analysis of protein-ligand interactions                        ---
--------------------------------------------------------------------------------

* Hydrogen bonds                                                                


* CH..O interactions                                                            
  CH group selection                       : activated ring CH (adjacent to hetatom)

--------------------------------------------------------------------------------


--------------------------------------------------------------------------------
--- Intra-ligand clashes                                                     ---
--------------------------------------------------------------------------------

Ligand
  7 (C7   ) -   3 (C3   ):   0.05 (dist   2.75)
--------------------------------------------------------------------------------


--------------------------------------------------------------------------------
--- Chromosome decoded                                                       ---
--------------------------------------------------------------------------------
Ligand Torsions
[   6    2    1    3]  145.79
[  12    5    1    2]  168.53
Protein Torsions
[7275 7267 7268 7269] -159.12 
[7259 7254 7253 7250]    5.53 
[3787 3780 3778 3775]  -46.17 
[7241 7225 7224 7223]  102.77 
[7244 7226 7227 7228]   -1.85 
[7633 7625 7626 7627]   98.47 
[8107 8100 8094 8093]   59.99 
[14346 7229 7228 7227]  -96.61 
[14355 7628 7627 7626]   33.03 
Mapping
Ligand acceptors to protein hydrogens (mapping then atom ids)
Ligand hydrogens to protein acceptors (mapping then atom ids)
Ligand shape atoms to protein points (mapping then atom ids & coords)
  2 31363 [  6->(134.500 144.000 131.000)]
  5 29772 [ 13->(133.750 143.000 129.750)]
  6 30730 [ 14->(134.250 143.000 128.500)]
  7 29763 [ 16->(133.750 143.000 127.500)]
Chromosome values
Integers:
  -1   -1   -1   -1   -1   -1 31362   -1   -1 29771 30729 29762 
--------------------------------------------------------------------------------


--------------------------------------------------------------------------------
--- Diverse Solutions Stats                                                  ---
--------------------------------------------------------------------------------
  Move attempts                            :  19033
  Move failures                            :     16
  Failure rate                             :   0.001

--------------------------------------------------------------------------------

Current Ranking  2  6  5  8  4  1  9  7  3

--------------------------------------------------------------------------------

* GA execution time :                                                           
  total 40.1409 user 40.1210 sys  0.0200

--------------------------------------------------------------------------------
Fitness function evaluations: 13377112

--------------------------------------------------------------------------------
** Docking run number 10 **
--------------------------------------------------------------------------------
  Rank fitness base is 5000.00 ; increment is 11.2233

* Initialising population(s) ...                                                
Number of constraints mappings 0
Number of constraints 0
  Population no.                           :      1
  Population size                          :    100
  Number of duplicates                     :      0
  Number of niche violations               :      0
  Number of errors                         : 13127344


Doing GA, no. of population(s) 1 size 100 selection pressure 1.100000

 Operation      Fitness  S(hb_ext) S(vdw_ext)  S(hb_int)    S(int)      intcor
         0      28.93       0.37      24.27       0.00     -24.03      -0.76
Reordering...
       165      27.52       0.03      21.89       0.00     -12.24      -0.76
       183      28.77       0.41      24.35       0.00     -24.03      -0.76
       268      28.72       0.41      24.47       0.00     -24.45      -0.76
Reordering...
       330      26.55       0.03      21.32       0.00     -12.24      -0.76
       335      27.74       0.03      20.44       0.00      -1.73      -0.76
       561      27.60       0.03      20.36       0.00      -1.73      -0.76
Reordering...
       990      24.93       0.00      18.91       0.00      -3.66      -0.76
       998      25.14       0.00      19.79       0.00      -7.06      -0.76
      1162      25.25       0.00      19.98       0.00      -7.06      -0.76
      1319      25.20       0.00      18.74       0.00      -1.73      -0.76
      2053      25.59       0.00      18.65       0.00      -0.13      -0.76
      2777      25.12       0.00      18.42       0.00      -0.34      -0.76
      2964      25.59       0.00      18.68       0.00      -0.15      -0.76
      2995      25.63       0.00      18.68       0.00      -0.08      -0.76
      3159      25.68       0.00      18.67       0.00       0.00      -0.76
--------------------------------------------------------------------------------
Best docking solution after GA:
      5500      25.68       0.00      18.67       0.00       0.00      -0.76

#ops:       5500 #mutates:   2754 #cross:     2746 #dups:      1293 
#niche:     2833 #errors:    2052 
--------------------------------------------------------------------------------

Doing AMOEBA simplex on best individual
Done simplexing #iterations 850, best score  33.67

Ligand is stored in gold_soln_ligand_prepared_m1_10.mol2


--------------------------------------------------------------------------------
--- GoldScore breakdown of terms                                             ---
--------------------------------------------------------------------------------
Fitness = S(hb_ext) + 1.3750*S(vdw_ext) + S(hb_int) + 1.0000*S(int)
S(int)  = S(vdw_int) + S(tors)

Internal terms are relative to best energy found (intcor).

--------------------------------------------------------------------------------


     Fitness  S(hb_ext) S(vdw_ext)  S(hb_int)    S(int)      intcor
     33.67       0.00      24.68       0.00      -0.27      -0.76

--------------------------------------------------------------------------------
--- GoldScore analysis of protein-ligand interactions                        ---
--------------------------------------------------------------------------------


--------------------------------------------------------------------------------

--------------------------------------------------------------------------------
--- Rescoring solution                                                       ---
--------------------------------------------------------------------------------

     Score     S(PLP)   S(hbond)     S(cho)   S(metal)  DE(clash)   DE(tors)
     17.28     -18.13       0.00       0.00       0.00       0.00       0.42

Doing AMOEBA simplex on best individual
Done simplexing #iterations 910, best score  27.34

     Score     S(PLP)   S(hbond)     S(cho)   S(metal)  DE(clash)   DE(tors)
     27.34     -29.28       0.00       0.00       0.00       0.00       0.97

--------------------------------------------------------------------------------
--- CHEMPLP breakdown of terms                                               ---
--------------------------------------------------------------------------------
CHEMPLP = - ( 1.0000*S(PLP) + -3.0000*S(hbond) + -6.0000*S(metal) + -3.0000*S(cho) )

Score = CHEMPLP - 1.0000*DE(clash) - 2.0000*DE(tors)


--------------------------------------------------------------------------------


--------------------------------------------------------------------------------
--- PLP analysis of protein-ligand interactions                              ---
--------------------------------------------------------------------------------
hydrogen bonding        :      -2.00
metal                   :       0.00
buried (polar-nonpolar) :       5.70
nonpolar                :     -34.04
repulsive               :       0.55
--------------------------------------------------------------------------------


--------------------------------------------------------------------------------
--- ChemScore analysis of protein-ligand interactions                        ---
--------------------------------------------------------------------------------

* Hydrogen bonds                                                                


* CH..O interactions                                                            
  CH group selection                       : activated ring CH (adjacent to hetatom)

--------------------------------------------------------------------------------


--------------------------------------------------------------------------------
--- Intra-ligand clashes                                                     ---
--------------------------------------------------------------------------------

Ligand
--------------------------------------------------------------------------------


--------------------------------------------------------------------------------
--- Chromosome decoded                                                       ---
--------------------------------------------------------------------------------
Ligand Torsions
[   6    2    1    3]  -63.26
[  12    5    1    2] -174.81
Protein Torsions
[7275 7267 7268 7269]   92.12 
[7259 7254 7253 7250]  102.95 
[3787 3780 3778 3775]  175.41 
[7241 7225 7224 7223]  133.98 
[7244 7226 7227 7228]  -75.45 
[7633 7625 7626 7627] -111.53 
[8107 8100 8094 8093]   59.99 
[14346 7229 7228 7227]  141.74 
[14355 7628 7627 7626]  -94.70 
Mapping
Ligand acceptors to protein hydrogens (mapping then atom ids)
Ligand hydrogens to protein acceptors (mapping then atom ids)
Ligand shape atoms to protein points (mapping then atom ids & coords)
  2  7359 [  6->(122.500 152.750 153.250)]
  3  6720 [  7->(122.000 152.750 152.750)]
  6  8263 [ 14->(123.000 153.250 156.000)]
  7 10028 [ 16->(123.750 153.000 155.750)]
Chromosome values
Integers:
  -1   -1   -1   -1   -1   -1 7358 6719   -1   -1 8262 10027 
--------------------------------------------------------------------------------


--------------------------------------------------------------------------------
--- Diverse Solutions Stats                                                  ---
--------------------------------------------------------------------------------
  Move attempts                            :  19053
  Move failures                            :      5
  Failure rate                             :   0.000

--------------------------------------------------------------------------------

Current Ranking 10  2  6  5  8  4  1  9  7  3

--------------------------------------------------------------------------------

* GA execution time :                                                           
  total 36.7507 user 36.7306 sys  0.0200

--------------------------------------------------------------------------------
Fitness function evaluations: 13148467

--------------------------------------------------------------------------------
--- Ranking analysis                                                         ---
--------------------------------------------------------------------------------


* Final ranked order of GA solutions:                                           
  10  2  6  5  8  4  1  9  7  3 

  _______________________________
  RMSD Matrix of RANKED solutions

        2    3    4    5    6    7    8    9   10  

   1 : 29.1  3.8 28.8 28.2 28.6 30.1 28.3 29.9 28.2
   2 :      31.3  2.5  4.8  2.3  1.8  5.9  5.1  3.6
   3 :           31.0 30.5 30.8 32.3 30.7 32.3 30.2
   4 :                 5.4  1.5  3.1  6.5  5.8  2.6
   5 :                      5.1  4.9  3.0  3.7  5.7
   6 :                           2.8  5.9  5.2  3.1
   7 :                                5.6  4.4  4.3
   8 :                                     2.5  7.4
   9 :                                          6.8

  Clustering method                        : complete linkage
  Structure ids in cluster table           : rank nos.
  Ordering of clusters and their members   : by rank (order if from rms_analysis)

  Distance | Clusters
   1.52    |  1 |  2 |  3 |  4  6 |  5 |  7 |  8 |  9 | 10 |
   1.79    |  1 |  2  7 |  3 |  4  6 |  5 |  8 |  9 | 10 |
   2.48    |  1 |  2  7 |  3 |  4  6 |  5 |  8  9 | 10 |
   3.05    |  1 |  2  4  6  7 |  3 |  5 |  8  9 | 10 |
   3.68    |  1 |  2  4  6  7 |  3 |  5  8  9 | 10 |
   3.78    |  1  3 |  2  4  6  7 |  5  8  9 | 10 |
   4.32    |  1  3 |  2  4  6  7 10 |  5  8  9 |
   7.41    |  1  3 |  2  4  5  6  7  8  9 10 |
  32.32    |  1  2  3  4  5  6  7  8  9 10 |
  Finished Docking Ligand                  : /mnt/c/Users/ricca/Desktop/Documents/1_Coding/1_Script_Github/Reverse_Docking_Explore_V3/7rmi_cavity/ligand_prepared.mol2
--------------------------------------------------------------------------------

  Relative_Ligand_Energy (best encountered) :  -0.756
  Relative_Ligand_Energy: fitness values have been corrected using this amount
