
--------------------------------------------------------------------------------
--- Ligand                                                                   ---
--------------------------------------------------------------------------------
  Ligand loaded from file                  : /mnt/c/Users/ricca/Desktop/Documents/1_Coding/1_Script_Github/Reverse_Docking_Explore_V3/7chy_cavity/ligand_prepared.mol2
  Ligand name                              :  
  "CT1002167954                                                             "

--------------------------------------------------------------------------------
  N.plc donors                             : 
  none found

  Acidic nitrogen acceptors                : 
  none found
  Sulfur acceptors                         :
  none found


  Donor atoms                              :      2
  8   10  
  Acceptor atoms                           :      3
  9   11  17  

  Hydrogens                                :  (n = 2)
  22   23   

  Lone pairs added to molecule             :      6
  Numbering                                : from 30 to 35

--------------------------------------------------------------------------------
--- Postprocessing of typing                                                 ---
--------------------------------------------------------------------------------
  Fragment file                            : /home/hitesit/CCDC/Discovery_2022/GOLD/gold/rotatable_bond_override.mol2
  acylurea fragment                        : 2 matches
  Ligand bond 15-8  set to flip
  Ligand bond 15-10  set to flip
  Ligand bond 15-10  set to 1
  Ligand bond 15-8  set to 1
  Ligand bond 10-4  set to flip
  Ligand bond 8-3  set to flip
  thioacylthiourea fragment                : no matches
  acylthiourea fragment                    : no matches
  thioacylurea fragment                    : no matches
  diarylamine fragment >C.ar-NH-C.ar<      : no matches
  sec-amine (1) fragment                   : no matches
  sec-amine (2) fragment                   : no matches
  sec-amine (3) fragment                   : no matches
  carboxylic ester                         : no matches

* Rotatable bonds in /mnt/c/Users/ricca/D  :
  [   1    2] [   1    5] 
  No. of rotatable bonds                   :      2


* Reading torsional distributions from file:
  /home/hitesit/CCDC/Discovery_2022/GOLD/gold/gold.tordist
  No. of bins in torsional distributions   :     36
  Minimum size of largest peak             :      0
  Removing high energy torsions            : on
  Delta E set to                           :   2.500

* Fragments found in /mnt/c/Users/ricca/D  :
  atom   2: benzene
  atom   6: benzene
  atom   7: benzene
  atom  13: benzene
  atom  14: benzene
  atom  16: benzene


* Checking torsion distributions:                                               
  No. of matched torsions                  :      0

--------------------------------------------------------------------------------
--- Shape fitting atoms selection (hydrophobic atoms)                        ---
--------------------------------------------------------------------------------
  Molecule                                 : /mnt/c/Users/ricca/Desktop/Documents/1_Coding/1_Script_Github/Reverse_Docking_Explore_V3/7chy_cavity/ligand_prepared.mol2
  Selection                                : carbons only
  Atom numbers                             :  (n = 7)
  5    6    7    12   13   14   16   

--------------------------------------------------------------------------------
--- Diverse Solutions Setup                                                  ---
--------------------------------------------------------------------------------
  Cluster size                             :      2
  RMSD                                     :   2.000
  Refinement                               :      0


--------------------------------------------------------------------------------
--- ChemScore ligand setup summary                                           ---
--------------------------------------------------------------------------------
  ChemScore ligand acceptors               :      3
  9 11 17 
  ChemScore ligand donors                  :      2
  8 ( 22  ) 10 ( 23  ) 
  ChemScore ligand CH donors               :      0
  

  ChemScore ligand lipophilic atoms        :  (n = 9)
  1    2    5    6    7    12   13   14   16   

  ChemScore ligand rotatable bonds         :      2
  1   (C1 ) - 2   (C2 ): SP3_SP2_BOND
  1   (C1 ) - 5   (C5 ): SP3_SP3_BOND

--------------------------------------------------------------------------------
--- PLP ligand setup summary                                                 ---
--------------------------------------------------------------------------------
    1    C1   C.3 NONPOLAR
    2    C2  C.ar NONPOLAR
    3    C3   C.2 NONPOLAR
    4    C4   C.2 NONPOLAR
    5    C5   C.3 NONPOLAR
    6    C6  C.ar NONPOLAR
    7    C7  C.ar NONPOLAR
    8    N8  N.am DONOR
    9    O9   O.2 ACCEPTOR
   10   N10  N.am DONOR
   11   O11   O.2 ACCEPTOR
   12   C12   C.3 NONPOLAR
   13   C13  C.ar NONPOLAR
   14   C14  C.ar NONPOLAR
   15   C15   C.2 NONPOLAR
   16   C16  C.ar NONPOLAR
   17   O17   O.2 ACCEPTOR

--------------------------------------------------------------------------------
--- Automatic parameter setting                                              ---
--------------------------------------------------------------------------------
  Contribution base                        :   2500
  Contribution per rotatable bond          :   6000
  Contribution per df                      :   4000
  Contribution per water                   :  10000
  Ligand rotatable bonds                   :      2
  Protein flexible side chain bonds        :      0
  Total rotatable bonds                    :      2
  Hydrophobic vol ratio (P/L)              :   1.000
  Base multiplier (polar)                  :   1.000
  Base multiplier (apolar)                 :   1.400
  Base contribution                        : 5000.000
  Fitting points                           :      5
  Estimated maxops needed (optimal)        :  17500
  Autoscale factor (in percent)            :     10
  Scaled maxops                            :   2000

--------------------------------------------------------------------------------

* Population settings                                                           
  maxops                                   :   2000
  popsiz                                   :    100
  select_pressure                          :   1.100
  n_islands                                :      1
  niche_siz                                :      2

* GA settings                                                                   
  pt_crosswt                               :    100
  allele_mutatewt                          :    100
  migratewt                                :      0

* Search settings                                                               
  start_vdw_linear_cutoff                  :   6.000
  initial_virtual_pt_match_max             :   3.000
  Scaling of internal VDW energy           : log scale from  0.2 to    1
                                             over 1500 ops
  Sampling interval (operations)           :     20
  Scaling of virtual pt maximum length     : linear scale from    3 to    2
                                             over  1500 ops
  Sampling interval (operations)           :     60
  Scaling of 4-8 potential cutoff          : log scale from    6 to 1.2e+02
                                             over 1500 ops
  Sampling interval (operations)           :     60

--------------------------------------------------------------------------------

* Ligand initialisation time :                                                  
  total  0.0253 user  0.0253 sys  0.0000

--------------------------------------------------------------------------------

--------------------------------------------------------------------------------
** Docking run number  1 **
--------------------------------------------------------------------------------
  Rank fitness base is 5000.00 ; increment is 11.2233

* Initialising population(s) ...                                                
Number of constraints mappings 0
Number of constraints 0
  Population no.                           :      1
  Population size                          :    100
  Number of duplicates                     :      0
  Number of niche violations               :      0
  Number of errors                         :  11643


Doing GA, no. of population(s) 1 size 100 selection pressure 1.100000

 Operation      Fitness  S(hb_ext) S(vdw_ext)  S(hb_int)    S(int)      intcor
         0      26.43       4.89      16.20       0.00      -3.67      -0.78
       202      25.33       4.01      16.52       0.00      -5.60      -0.78
Reordering...
       240      24.51       4.89      14.96       0.00      -3.67      -0.78
       395      23.41       2.66      16.48       0.00      -6.33      -0.78
Reordering...
       420      22.41       4.89      13.58       0.00      -3.67      -0.78
       653      31.09       4.89      19.92       0.00      -2.99      -0.78
      1973      29.07       4.89      19.81       0.00      -3.06      -0.78
--------------------------------------------------------------------------------
Best docking solution after GA:
      2000      29.07       4.89      19.81       0.00      -3.06      -0.78

#ops:       2000 #mutates:    978 #cross:     1022 #dups:       500 
#niche:      891 #errors:     407 
--------------------------------------------------------------------------------

Doing AMOEBA simplex on best individual
Done simplexing #iterations 692, best score  32.74

Ligand is stored in gold_soln_ligand_prepared_m1_1.mol2


--------------------------------------------------------------------------------
--- GoldScore breakdown of terms                                             ---
--------------------------------------------------------------------------------
Fitness = S(hb_ext) + 1.3750*S(vdw_ext) + S(hb_int) + 1.0000*S(int)
S(int)  = S(vdw_int) + S(tors)

Internal terms are relative to best energy found (intcor).

--------------------------------------------------------------------------------


     Fitness  S(hb_ext) S(vdw_ext)  S(hb_int)    S(int)      intcor
     32.74       4.52      22.33       0.00      -2.49      -0.78

--------------------------------------------------------------------------------
--- GoldScore analysis of protein-ligand interactions                        ---
--------------------------------------------------------------------------------

  Ligand acceptor   17 Protein hydrogen 5733 donor 5724 bond energy  2.00 wt 1.00
  Ligand acceptor    9 Protein hydrogen 5520 donor 5511 bond energy  2.00 wt 1.00
  Ligand donor    8 hydrogen   22 Protein acceptor 5720 bond energy  2.00 wt 0.26

--------------------------------------------------------------------------------

--------------------------------------------------------------------------------
--- Rescoring solution                                                       ---
--------------------------------------------------------------------------------

     Score     S(PLP)   S(hbond)     S(cho)   S(metal)  DE(clash)   DE(tors)
     30.59     -23.00       3.00       0.00       0.00       1.38       0.02

Doing AMOEBA simplex on best individual
Done simplexing #iterations 483, best score  35.27

     Score     S(PLP)   S(hbond)     S(cho)   S(metal)  DE(clash)   DE(tors)
     35.27     -28.02       3.00       0.00       0.00       1.20       0.28

--------------------------------------------------------------------------------
--- CHEMPLP breakdown of terms                                               ---
--------------------------------------------------------------------------------
CHEMPLP = - ( 1.0000*S(PLP) + -3.0000*S(hbond) + -6.0000*S(metal) + -3.0000*S(cho) )

Score = CHEMPLP - 1.0000*DE(clash) - 2.0000*DE(tors)


--------------------------------------------------------------------------------


--------------------------------------------------------------------------------
--- PLP analysis of protein-ligand interactions                              ---
--------------------------------------------------------------------------------
hydrogen bonding        :      -5.00
metal                   :       0.00
buried (polar-nonpolar) :      -0.32
nonpolar                :     -23.86
repulsive               :       0.44
--------------------------------------------------------------------------------


--------------------------------------------------------------------------------
--- ChemScore analysis of protein-ligand interactions                        ---
--------------------------------------------------------------------------------

* Hydrogen bonds                                                                
Ligand donor    8 hydrogen   22 Protein acceptor 5720 bond energy  1.00 wt 1.00
Protein donor 5724 hydrogen 5733 Ligand acceptor   17 bond energy  1.00 wt 1.00
Protein donor 5511 hydrogen 5520 Ligand acceptor    9 bond energy  1.00 wt 1.00


* CH..O interactions                                                            
  CH group selection                       : activated ring CH (adjacent to hetatom)

--------------------------------------------------------------------------------


--------------------------------------------------------------------------------
--- Intra-ligand clashes                                                     ---
--------------------------------------------------------------------------------

Ligand
  7 (C7   ) -   3 (C3   ):   1.20 (dist   2.72)
--------------------------------------------------------------------------------


--------------------------------------------------------------------------------
--- Chromosome decoded                                                       ---
--------------------------------------------------------------------------------
Ligand Torsions
[   6    2    1    3]  176.15
[  12    5    1    2] -176.64
Protein Torsions
[6606 6597 6596 6594]  129.62 
[6631 6624 6622 6619]  -63.29 
[5778 5771 5769 5766]  -61.64 
[5700 5689 5688 5687]  -55.42 
[5253 5242 5241 5240] -164.79 
Mapping
Ligand acceptors to protein hydrogens (mapping then atom ids)
  1  20 [  9->5520]
  3  10 [ 17->5733]
Ligand hydrogens to protein acceptors (mapping then atom ids)
  1   8 [ 22->5720]
Ligand shape atoms to protein points (mapping then atom ids & coords)
Chromosome values
Integers:
  19   -1    9    7   -1   -1   -1   -1   -1   -1   -1   -1 
--------------------------------------------------------------------------------


--------------------------------------------------------------------------------
--- Diverse Solutions Stats                                                  ---
--------------------------------------------------------------------------------
  Move attempts                            :  14717
  Move failures                            :      0
  Failure rate                             :   0.000

--------------------------------------------------------------------------------

Current Ranking  1

--------------------------------------------------------------------------------

* GA execution time :                                                           
  total  0.5040 user  0.5040 sys  0.0000

--------------------------------------------------------------------------------
Fitness function evaluations: 26789

--------------------------------------------------------------------------------
** Docking run number  2 **
--------------------------------------------------------------------------------
  Rank fitness base is 5000.00 ; increment is 11.2233

* Initialising population(s) ...                                                
Number of constraints mappings 0
Number of constraints 0
  Population no.                           :      1
  Population size                          :    100
  Number of duplicates                     :      0
  Number of niche violations               :      0
  Number of errors                         :  11960


Doing GA, no. of population(s) 1 size 100 selection pressure 1.100000

 Operation      Fitness  S(hb_ext) S(vdw_ext)  S(hb_int)    S(int)      intcor
         0      29.48       2.50      22.10       0.00     -17.05      -0.78
Reordering...
       360      23.20       4.89      17.29       0.00     -18.58      -0.78
       408      25.72       4.89      16.01       0.00      -3.86      -0.78
       722      23.53       4.89      16.25       0.00      -8.56      -0.78
       929      22.01       4.89      15.70       0.00      -8.33      -0.78
      1066      28.18       4.89      19.82       0.00      -6.35      -0.78
      1494      26.32       4.89      20.17       0.00      -6.44      -0.78
      1506      28.29       4.89      18.37       0.00      -1.86      -0.78
--------------------------------------------------------------------------------
Best docking solution after GA:
      2000      28.29       4.89      18.37       0.00      -1.86      -0.78

#ops:       2000 #mutates:   1010 #cross:      990 #dups:       424 
#niche:      838 #errors:     332 
--------------------------------------------------------------------------------

Doing AMOEBA simplex on best individual
Done simplexing #iterations 561, best score  32.70

Ligand is stored in gold_soln_ligand_prepared_m1_2.mol2


--------------------------------------------------------------------------------
--- GoldScore breakdown of terms                                             ---
--------------------------------------------------------------------------------
Fitness = S(hb_ext) + 1.3750*S(vdw_ext) + S(hb_int) + 1.0000*S(int)
S(int)  = S(vdw_int) + S(tors)

Internal terms are relative to best energy found (intcor).

--------------------------------------------------------------------------------


     Fitness  S(hb_ext) S(vdw_ext)  S(hb_int)    S(int)      intcor
     32.70       4.21      22.05       0.00      -1.83      -0.78

--------------------------------------------------------------------------------
--- GoldScore analysis of protein-ligand interactions                        ---
--------------------------------------------------------------------------------

  Ligand acceptor   17 Protein hydrogen 5733 donor 5724 bond energy  2.00 wt 1.00
  Ligand acceptor    9 Protein hydrogen 5520 donor 5511 bond energy  2.00 wt 0.95
  Ligand donor    8 hydrogen   22 Protein acceptor 5720 bond energy  2.00 wt 0.15

--------------------------------------------------------------------------------

--------------------------------------------------------------------------------
--- Rescoring solution                                                       ---
--------------------------------------------------------------------------------

     Score     S(PLP)   S(hbond)     S(cho)   S(metal)  DE(clash)   DE(tors)
     29.55     -22.16       3.00       0.00       0.00       0.73       0.44

Doing AMOEBA simplex on best individual
Done simplexing #iterations 588, best score  35.10

     Score     S(PLP)   S(hbond)     S(cho)   S(metal)  DE(clash)   DE(tors)
     35.10     -28.27       3.00       0.00       0.00       1.26       0.46

--------------------------------------------------------------------------------
--- CHEMPLP breakdown of terms                                               ---
--------------------------------------------------------------------------------
CHEMPLP = - ( 1.0000*S(PLP) + -3.0000*S(hbond) + -6.0000*S(metal) + -3.0000*S(cho) )

Score = CHEMPLP - 1.0000*DE(clash) - 2.0000*DE(tors)


--------------------------------------------------------------------------------


--------------------------------------------------------------------------------
--- PLP analysis of protein-ligand interactions                              ---
--------------------------------------------------------------------------------
hydrogen bonding        :      -4.80
metal                   :       0.00
buried (polar-nonpolar) :      -0.22
nonpolar                :     -24.21
repulsive               :       0.44
--------------------------------------------------------------------------------


--------------------------------------------------------------------------------
--- ChemScore analysis of protein-ligand interactions                        ---
--------------------------------------------------------------------------------

* Hydrogen bonds                                                                
Ligand donor    8 hydrogen   22 Protein acceptor 5720 bond energy  1.00 wt 1.00
Protein donor 5724 hydrogen 5733 Ligand acceptor   17 bond energy  1.00 wt 1.00
Protein donor 5511 hydrogen 5520 Ligand acceptor    9 bond energy  1.00 wt 1.00


* CH..O interactions                                                            
  CH group selection                       : activated ring CH (adjacent to hetatom)

--------------------------------------------------------------------------------


--------------------------------------------------------------------------------
--- Intra-ligand clashes                                                     ---
--------------------------------------------------------------------------------

Ligand
  7 (C7   ) -   3 (C3   ):   1.26 (dist   2.72)
--------------------------------------------------------------------------------


--------------------------------------------------------------------------------
--- Chromosome decoded                                                       ---
--------------------------------------------------------------------------------
Ligand Torsions
[   6    2    1    3]  171.89
[  12    5    1    2]  179.62
Protein Torsions
[6606 6597 6596 6594]  -96.51 
[6631 6624 6622 6619]  177.87 
[5778 5771 5769 5766] -105.83 
[5700 5689 5688 5687] -103.42 
[5253 5242 5241 5240]  127.28 
Mapping
Ligand acceptors to protein hydrogens (mapping then atom ids)
  1  20 [  9->5520]
  3  10 [ 17->5733]
Ligand hydrogens to protein acceptors (mapping then atom ids)
  1   8 [ 22->5720]
Ligand shape atoms to protein points (mapping then atom ids & coords)
Chromosome values
Integers:
  19   -1    9    7   -1   -1   -1   -1   -1   -1   -1   -1 
--------------------------------------------------------------------------------


--------------------------------------------------------------------------------
--- Diverse Solutions Stats                                                  ---
--------------------------------------------------------------------------------
  Move attempts                            :  14728
  Move failures                            :      0
  Failure rate                             :   0.000

--------------------------------------------------------------------------------

Current Ranking  1  2

--------------------------------------------------------------------------------

* GA execution time :                                                           
  total  0.5310 user  0.5196 sys  0.0114

--------------------------------------------------------------------------------
Fitness function evaluations: 27038

--------------------------------------------------------------------------------
** Docking run number  3 **
--------------------------------------------------------------------------------
  Rank fitness base is 5000.00 ; increment is 11.2233

* Initialising population(s) ...                                                
Number of constraints mappings 0
Number of constraints 0
  Population no.                           :      1
  Population size                          :    100
  Number of duplicates                     :      0
  Number of niche violations               :      0
  Number of errors                         :  11954


Doing GA, no. of population(s) 1 size 100 selection pressure 1.100000

 Operation      Fitness  S(hb_ext) S(vdw_ext)  S(hb_int)    S(int)      intcor
         0      28.51       2.50      21.21       0.00     -15.80      -0.78
Reordering...
       540      17.17       2.36      11.36       0.00      -2.28      -0.78
       883      16.74       2.24      10.64       0.00      -0.26      -0.78
      1132      17.17       2.57      10.88       0.00      -0.54      -0.78
--------------------------------------------------------------------------------
Best docking solution after GA:
      2000      16.96       2.53      10.88       0.00      -0.54      -0.78

#ops:       2000 #mutates:    999 #cross:     1001 #dups:       522 
#niche:      930 #errors:     394 
--------------------------------------------------------------------------------

Doing AMOEBA simplex on best individual
Done simplexing #iterations 875, best score  24.28

Ligand is stored in gold_soln_ligand_prepared_m1_3.mol2


--------------------------------------------------------------------------------
--- GoldScore breakdown of terms                                             ---
--------------------------------------------------------------------------------
Fitness = S(hb_ext) + 1.3750*S(vdw_ext) + S(hb_int) + 1.0000*S(int)
S(int)  = S(vdw_int) + S(tors)

Internal terms are relative to best energy found (intcor).

--------------------------------------------------------------------------------


     Fitness  S(hb_ext) S(vdw_ext)  S(hb_int)    S(int)      intcor
     24.28       1.92      16.65       0.00      -0.53      -0.78

--------------------------------------------------------------------------------
--- GoldScore analysis of protein-ligand interactions                        ---
--------------------------------------------------------------------------------

  Ligand acceptor   17 Protein hydrogen 5772 donor 5765 bond energy  2.00 wt 0.95
  Ligand donor    8 hydrogen   22 Protein acceptor 5684 bond energy  2.00 wt 0.01

--------------------------------------------------------------------------------

--------------------------------------------------------------------------------
--- Rescoring solution                                                       ---
--------------------------------------------------------------------------------

     Score     S(PLP)   S(hbond)     S(cho)   S(metal)  DE(clash)   DE(tors)
      0.82      -0.05       1.10       0.00       0.00       0.00       1.27

Doing AMOEBA simplex on best individual
Done simplexing #iterations 859, best score  15.29

     Score     S(PLP)   S(hbond)     S(cho)   S(metal)  DE(clash)   DE(tors)
     15.29     -17.89       0.00       0.00       0.00       0.00       1.30

--------------------------------------------------------------------------------
--- CHEMPLP breakdown of terms                                               ---
--------------------------------------------------------------------------------
CHEMPLP = - ( 1.0000*S(PLP) + -3.0000*S(hbond) + -6.0000*S(metal) + -3.0000*S(cho) )

Score = CHEMPLP - 1.0000*DE(clash) - 2.0000*DE(tors)


--------------------------------------------------------------------------------


--------------------------------------------------------------------------------
--- PLP analysis of protein-ligand interactions                              ---
--------------------------------------------------------------------------------
hydrogen bonding        :      -1.33
metal                   :       0.00
buried (polar-nonpolar) :      -5.22
nonpolar                :     -11.60
repulsive               :       0.38
--------------------------------------------------------------------------------


--------------------------------------------------------------------------------
--- ChemScore analysis of protein-ligand interactions                        ---
--------------------------------------------------------------------------------

* Hydrogen bonds                                                                


* CH..O interactions                                                            
  CH group selection                       : activated ring CH (adjacent to hetatom)

--------------------------------------------------------------------------------


--------------------------------------------------------------------------------
--- Intra-ligand clashes                                                     ---
--------------------------------------------------------------------------------

Ligand
--------------------------------------------------------------------------------


--------------------------------------------------------------------------------
--- Chromosome decoded                                                       ---
--------------------------------------------------------------------------------
Ligand Torsions
[   6    2    1    3]  -89.03
[  12    5    1    2] -164.57
Protein Torsions
[6606 6597 6596 6594]  -72.16 
[6631 6624 6622 6619]   -9.02 
[5778 5771 5769 5766]   14.98 
[5700 5689 5688 5687]  133.17 
[5253 5242 5241 5240]  172.37 
Mapping
Ligand acceptors to protein hydrogens (mapping then atom ids)
  1  14 [  9->5701]
  3  26 [ 17->5787]
Ligand hydrogens to protein acceptors (mapping then atom ids)
  1   7 [ 22->5771]
Ligand shape atoms to protein points (mapping then atom ids & coords)
Chromosome values
Integers:
  13   -1   25    6   -1   -1   -1   -1   -1   -1   -1   -1 
--------------------------------------------------------------------------------


--------------------------------------------------------------------------------
--- Diverse Solutions Stats                                                  ---
--------------------------------------------------------------------------------
  Move attempts                            :  15527
  Move failures                            :      0
  Failure rate                             :   0.000

--------------------------------------------------------------------------------

Current Ranking  1  2  3

--------------------------------------------------------------------------------

* GA execution time :                                                           
  total  0.5954 user  0.5771 sys  0.0183

--------------------------------------------------------------------------------
Fitness function evaluations: 27894

--------------------------------------------------------------------------------
** Docking run number  4 **
--------------------------------------------------------------------------------
  Rank fitness base is 5000.00 ; increment is 11.2233

* Initialising population(s) ...                                                
Number of constraints mappings 0
Number of constraints 0
  Population no.                           :      1
  Population size                          :    100
  Number of duplicates                     :      0
  Number of niche violations               :      0
  Number of errors                         :  11874


Doing GA, no. of population(s) 1 size 100 selection pressure 1.100000

 Operation      Fitness  S(hb_ext) S(vdw_ext)  S(hb_int)    S(int)      intcor
         0      21.39       3.59      14.52       0.00     -10.82      -0.78
        90      21.61       2.82      16.72       0.00     -19.27      -0.78
Reordering...
       120      20.69       3.58      14.24       0.00     -10.82      -0.78
       305      25.72       3.76      19.83       0.00     -19.27      -0.78
       337      26.07       3.76      19.88       0.00     -17.81      -0.78
Reordering...
       660      17.11       3.40      10.71       0.00      -2.51      -0.78
Reordering...
       720      16.42       3.49      14.16       0.00     -15.12      -0.78
Reordering...
       800      15.63       3.33      11.83       0.00      -8.38      -0.78
       859      16.99       4.87      10.55       0.00      -4.84      -0.78
      1584      15.08       4.48      11.23       0.00      -4.84      -0.78
      1624      15.31       3.31       9.93       0.00      -1.66      -0.78
      1693      18.76       4.48      11.10       0.00      -0.98      -0.78
--------------------------------------------------------------------------------
Best docking solution after GA:
      2000      18.76       4.48      11.10       0.00      -0.98      -0.78

#ops:       2000 #mutates:   1018 #cross:      982 #dups:       487 
#niche:      853 #errors:     339 
--------------------------------------------------------------------------------

Doing AMOEBA simplex on best individual
Done simplexing #iterations 1010, best score  25.62

Ligand is stored in gold_soln_ligand_prepared_m1_4.mol2


--------------------------------------------------------------------------------
--- GoldScore breakdown of terms                                             ---
--------------------------------------------------------------------------------
Fitness = S(hb_ext) + 1.3750*S(vdw_ext) + S(hb_int) + 1.0000*S(int)
S(int)  = S(vdw_int) + S(tors)

Internal terms are relative to best energy found (intcor).

--------------------------------------------------------------------------------


     Fitness  S(hb_ext) S(vdw_ext)  S(hb_int)    S(int)      intcor
     25.62       3.65      16.46       0.00      -0.65      -0.78

--------------------------------------------------------------------------------
--- GoldScore analysis of protein-ligand interactions                        ---
--------------------------------------------------------------------------------

  Ligand acceptor   17 Protein hydrogen 5772 donor 5765 bond energy  2.00 wt 0.14
  Ligand donor   10 hydrogen   23 Protein acceptor 5786 bond energy  6.00 wt 0.56

--------------------------------------------------------------------------------

--------------------------------------------------------------------------------
--- Rescoring solution                                                       ---
--------------------------------------------------------------------------------

     Score     S(PLP)   S(hbond)     S(cho)   S(metal)  DE(clash)   DE(tors)
      4.89      -2.51       1.00       0.00       0.00       0.00       0.31

Doing AMOEBA simplex on best individual
Done simplexing #iterations 1108, best score  22.72

     Score     S(PLP)   S(hbond)     S(cho)   S(metal)  DE(clash)   DE(tors)
     22.72     -18.27       2.21       0.00       0.00       0.00       1.09

--------------------------------------------------------------------------------
--- CHEMPLP breakdown of terms                                               ---
--------------------------------------------------------------------------------
CHEMPLP = - ( 1.0000*S(PLP) + -3.0000*S(hbond) + -6.0000*S(metal) + -3.0000*S(cho) )

Score = CHEMPLP - 1.0000*DE(clash) - 2.0000*DE(tors)


--------------------------------------------------------------------------------


--------------------------------------------------------------------------------
--- PLP analysis of protein-ligand interactions                              ---
--------------------------------------------------------------------------------
hydrogen bonding        :      -4.52
metal                   :       0.00
buried (polar-nonpolar) :      -5.53
nonpolar                :     -14.55
repulsive               :       6.98
--------------------------------------------------------------------------------


--------------------------------------------------------------------------------
--- ChemScore analysis of protein-ligand interactions                        ---
--------------------------------------------------------------------------------

* Hydrogen bonds                                                                
Ligand donor    8 hydrogen   22 Protein acceptor 5737 bond energy  1.00 wt 0.30
Ligand donor   10 hydrogen   23 Protein acceptor 5786 bond energy  1.00 wt 0.91
Protein donor 5765 hydrogen 5772 Ligand acceptor   17 bond energy  1.00 wt 1.00


* CH..O interactions                                                            
  CH group selection                       : activated ring CH (adjacent to hetatom)

--------------------------------------------------------------------------------


--------------------------------------------------------------------------------
--- Intra-ligand clashes                                                     ---
--------------------------------------------------------------------------------

Ligand
--------------------------------------------------------------------------------


--------------------------------------------------------------------------------
--- Chromosome decoded                                                       ---
--------------------------------------------------------------------------------
Ligand Torsions
[   6    2    1    3]  104.18
[  12    5    1    2] -172.86
Protein Torsions
[6606 6597 6596 6594]  155.92 
[6631 6624 6622 6619]  175.04 
[5778 5771 5769 5766]  169.20 
[5700 5689 5688 5687] -161.61 
[5253 5242 5241 5240] -123.89 
Mapping
Ligand acceptors to protein hydrogens (mapping then atom ids)
  3   6 [ 17->5772]
Ligand hydrogens to protein acceptors (mapping then atom ids)
  1  17 [ 22->5713]
  2  24 [ 23->5786]
Ligand shape atoms to protein points (mapping then atom ids & coords)
Chromosome values
Integers:
  -1   -1    5   16   23   -1   -1   -1   -1   -1   -1   -1 
--------------------------------------------------------------------------------


--------------------------------------------------------------------------------
--- Diverse Solutions Stats                                                  ---
--------------------------------------------------------------------------------
  Move attempts                            :  16255
  Move failures                            :      0
  Failure rate                             :   0.000

--------------------------------------------------------------------------------

Current Ranking  1  2  4  3

--------------------------------------------------------------------------------

* GA execution time :                                                           
  total  0.5904 user  0.5695 sys  0.0209

--------------------------------------------------------------------------------
Fitness function evaluations: 28488

--------------------------------------------------------------------------------
** Docking run number  5 **
--------------------------------------------------------------------------------
  Rank fitness base is 5000.00 ; increment is 11.2233

* Initialising population(s) ...                                                
Number of constraints mappings 0
Number of constraints 0
  Population no.                           :      1
  Population size                          :    100
  Number of duplicates                     :      0
  Number of niche violations               :      0
  Number of errors                         :  11922


Doing GA, no. of population(s) 1 size 100 selection pressure 1.100000

 Operation      Fitness  S(hb_ext) S(vdw_ext)  S(hb_int)    S(int)      intcor
         0      31.39       4.01      22.11       0.00     -15.11      -0.78
       304      25.67       3.76      18.97       0.00     -15.14      -0.76
       487      24.68       3.59      17.13       0.00      -7.36      -0.76
Reordering...
       840      15.26       4.15       9.45       0.00      -3.82      -0.76
      1085      14.31       3.20       9.99       0.00      -4.13      -0.76
Reordering...
      1260      12.78       3.83       8.66       0.00      -3.82      -0.76
      1364      12.77       3.78       8.74       0.00      -3.52      -0.76
      1580      12.23       3.02       8.11       0.00      -1.94      -0.76
      1687      12.54       3.02       8.34       0.00      -1.94      -0.76
      1728      12.77       3.02       8.50       0.00      -1.94      -0.76
      1808      13.02       3.29       9.77       0.00      -3.71      -0.76
      1833      14.58       2.89       9.92       0.00      -1.94      -0.76
--------------------------------------------------------------------------------
Best docking solution after GA:
      2000      14.58       2.89       9.92       0.00      -1.94      -0.76

#ops:       2000 #mutates:    995 #cross:     1005 #dups:       525 
#niche:      856 #errors:     354 
--------------------------------------------------------------------------------

Doing AMOEBA simplex on best individual
Done simplexing #iterations 874, best score  19.38

Ligand is stored in gold_soln_ligand_prepared_m1_5.mol2


--------------------------------------------------------------------------------
--- GoldScore breakdown of terms                                             ---
--------------------------------------------------------------------------------
Fitness = S(hb_ext) + 1.3750*S(vdw_ext) + S(hb_int) + 1.0000*S(int)
S(int)  = S(vdw_int) + S(tors)

Internal terms are relative to best energy found (intcor).

--------------------------------------------------------------------------------


     Fitness  S(hb_ext) S(vdw_ext)  S(hb_int)    S(int)      intcor
     19.38       3.68      12.44       0.00      -1.40      -0.76

--------------------------------------------------------------------------------
--- GoldScore analysis of protein-ligand interactions                        ---
--------------------------------------------------------------------------------

  Ligand acceptor   17 Protein hydrogen 5787 donor 5779 bond energy  2.00 wt 0.22
  Ligand donor    8 hydrogen   22 Protein acceptor 5786 bond energy  6.00 wt 0.54

--------------------------------------------------------------------------------

--------------------------------------------------------------------------------
--- Rescoring solution                                                       ---
--------------------------------------------------------------------------------

     Score     S(PLP)   S(hbond)     S(cho)   S(metal)  DE(clash)   DE(tors)
     -0.90      -0.02       0.63       0.00       0.00       0.00       1.41

Doing AMOEBA simplex on best individual
Done simplexing #iterations 987, best score  14.79

     Score     S(PLP)   S(hbond)     S(cho)   S(metal)  DE(clash)   DE(tors)
     14.79     -14.10       0.85       0.00       0.00       0.00       0.93

--------------------------------------------------------------------------------
--- CHEMPLP breakdown of terms                                               ---
--------------------------------------------------------------------------------
CHEMPLP = - ( 1.0000*S(PLP) + -3.0000*S(hbond) + -6.0000*S(metal) + -3.0000*S(cho) )

Score = CHEMPLP - 1.0000*DE(clash) - 2.0000*DE(tors)


--------------------------------------------------------------------------------


--------------------------------------------------------------------------------
--- PLP analysis of protein-ligand interactions                              ---
--------------------------------------------------------------------------------
hydrogen bonding        :      -5.38
metal                   :       0.00
buried (polar-nonpolar) :       3.75
nonpolar                :     -13.59
repulsive               :       0.94
--------------------------------------------------------------------------------


--------------------------------------------------------------------------------
--- ChemScore analysis of protein-ligand interactions                        ---
--------------------------------------------------------------------------------

* Hydrogen bonds                                                                
Ligand donor    8 hydrogen   22 Protein acceptor 5786 bond energy  1.00 wt 0.85


* CH..O interactions                                                            
  CH group selection                       : activated ring CH (adjacent to hetatom)

--------------------------------------------------------------------------------


--------------------------------------------------------------------------------
--- Intra-ligand clashes                                                     ---
--------------------------------------------------------------------------------

Ligand
--------------------------------------------------------------------------------


--------------------------------------------------------------------------------
--- Chromosome decoded                                                       ---
--------------------------------------------------------------------------------
Ligand Torsions
[   6    2    1    3]  -88.70
[  12    5    1    2] -158.68
Protein Torsions
[6606 6597 6596 6594]  -12.42 
[6631 6624 6622 6619]  -93.23 
[5778 5771 5769 5766]   15.24 
[5700 5689 5688 5687]  -42.53 
[5253 5242 5241 5240]  158.80 
Mapping
Ligand acceptors to protein hydrogens (mapping then atom ids)
  1  13 [  9->5700]
Ligand hydrogens to protein acceptors (mapping then atom ids)
  1  23 [ 22->5785]
  2  16 [ 23->5519]
Ligand shape atoms to protein points (mapping then atom ids & coords)
Chromosome values
Integers:
  12   -1   -1   22   15   -1   -1   -1   -1   -1   -1   -1 
--------------------------------------------------------------------------------


--------------------------------------------------------------------------------
--- Diverse Solutions Stats                                                  ---
--------------------------------------------------------------------------------
  Move attempts                            :  15776
  Move failures                            :      1
  Failure rate                             :   0.000

--------------------------------------------------------------------------------

Current Ranking  1  2  4  3  5

--------------------------------------------------------------------------------

* GA execution time :                                                           
  total  0.5430 user  0.5217 sys  0.0213

--------------------------------------------------------------------------------
Fitness function evaluations: 28069

--------------------------------------------------------------------------------
** Docking run number  6 **
--------------------------------------------------------------------------------
  Rank fitness base is 5000.00 ; increment is 11.2233

* Initialising population(s) ...                                                
Number of constraints mappings 0
Number of constraints 0
  Population no.                           :      1
  Population size                          :    100
  Number of duplicates                     :      0
  Number of niche violations               :      0
  Number of errors                         :  11788


Doing GA, no. of population(s) 1 size 100 selection pressure 1.100000

 Operation      Fitness  S(hb_ext) S(vdw_ext)  S(hb_int)    S(int)      intcor
         0      28.00       3.31      19.93       0.00     -13.57      -0.76
       231      24.14       5.82      16.56       0.00     -17.55      -0.76
       404      19.70       5.61      14.17       0.00     -17.55      -0.76
       440      19.63       3.40      15.17       0.00     -14.45      -0.76
Reordering...
       600      15.06       2.67      10.61       0.00      -5.76      -0.76
       627      16.98       1.30      12.75       0.00      -4.78      -0.76
       707      18.11       2.93      12.16       0.00      -3.62      -0.76
       984      16.36       2.67      11.41       0.00      -3.50      -0.76
      1291      15.88       2.67      11.91       0.00      -4.02      -0.76
      1408      17.90       2.67      11.58       0.00      -0.78      -0.76
--------------------------------------------------------------------------------
Best docking solution after GA:
      2000      16.92       2.67      10.93       0.00      -0.78      -0.76

#ops:       2000 #mutates:   1026 #cross:      974 #dups:       484 
#niche:      849 #errors:     282 
--------------------------------------------------------------------------------

Doing AMOEBA simplex on best individual
Done simplexing #iterations 763, best score  27.02

Ligand is stored in gold_soln_ligand_prepared_m1_6.mol2


--------------------------------------------------------------------------------
--- GoldScore breakdown of terms                                             ---
--------------------------------------------------------------------------------
Fitness = S(hb_ext) + 1.3750*S(vdw_ext) + S(hb_int) + 1.0000*S(int)
S(int)  = S(vdw_int) + S(tors)

Internal terms are relative to best energy found (intcor).

--------------------------------------------------------------------------------


     Fitness  S(hb_ext) S(vdw_ext)  S(hb_int)    S(int)      intcor
     27.02       2.00      18.77       0.00      -0.79      -0.76

--------------------------------------------------------------------------------
--- GoldScore analysis of protein-ligand interactions                        ---
--------------------------------------------------------------------------------

  Ligand acceptor   11 Protein hydrogen 5772 donor 5765 bond energy  2.00 wt 1.00

--------------------------------------------------------------------------------

--------------------------------------------------------------------------------
--- Rescoring solution                                                       ---
--------------------------------------------------------------------------------

     Score     S(PLP)   S(hbond)     S(cho)   S(metal)  DE(clash)   DE(tors)
      8.06      -5.29       1.43       0.00       0.00       0.00       0.76

Doing AMOEBA simplex on best individual
Done simplexing #iterations 907, best score  24.21

     Score     S(PLP)   S(hbond)     S(cho)   S(metal)  DE(clash)   DE(tors)
     24.21     -21.32       1.72       0.00       0.00       0.00       1.14

--------------------------------------------------------------------------------
--- CHEMPLP breakdown of terms                                               ---
--------------------------------------------------------------------------------
CHEMPLP = - ( 1.0000*S(PLP) + -3.0000*S(hbond) + -6.0000*S(metal) + -3.0000*S(cho) )

Score = CHEMPLP - 1.0000*DE(clash) - 2.0000*DE(tors)


--------------------------------------------------------------------------------


--------------------------------------------------------------------------------
--- PLP analysis of protein-ligand interactions                              ---
--------------------------------------------------------------------------------
hydrogen bonding        :      -5.78
metal                   :       0.00
buried (polar-nonpolar) :      -2.35
nonpolar                :     -16.11
repulsive               :       1.55
--------------------------------------------------------------------------------


--------------------------------------------------------------------------------
--- ChemScore analysis of protein-ligand interactions                        ---
--------------------------------------------------------------------------------

* Hydrogen bonds                                                                
Protein donor 5765 hydrogen 5772 Ligand acceptor   11 bond energy  1.00 wt 0.84
Protein donor 5689 hydrogen 5701 Ligand acceptor   17 bond energy  1.00 wt 0.88


* CH..O interactions                                                            
  CH group selection                       : activated ring CH (adjacent to hetatom)

--------------------------------------------------------------------------------


--------------------------------------------------------------------------------
--- Intra-ligand clashes                                                     ---
--------------------------------------------------------------------------------

Ligand
--------------------------------------------------------------------------------


--------------------------------------------------------------------------------
--- Chromosome decoded                                                       ---
--------------------------------------------------------------------------------
Ligand Torsions
[   6    2    1    3]  132.71
[  12    5    1    2]  174.26
Protein Torsions
[6606 6597 6596 6594] -114.49 
[6631 6624 6622 6619] -178.61 
[5778 5771 5769 5766] -172.04 
[5700 5689 5688 5687] -145.45 
[5253 5242 5241 5240]  101.25 
Mapping
Ligand acceptors to protein hydrogens (mapping then atom ids)
  2   6 [ 11->5772]
  3  14 [ 17->5701]
Ligand hydrogens to protein acceptors (mapping then atom ids)
  2   7 [ 23->5771]
Ligand shape atoms to protein points (mapping then atom ids & coords)
Chromosome values
Integers:
  -1    5   13   -1    6   -1   -1   -1   -1   -1   -1   -1 
--------------------------------------------------------------------------------


--------------------------------------------------------------------------------
--- Diverse Solutions Stats                                                  ---
--------------------------------------------------------------------------------
  Move attempts                            :  15811
  Move failures                            :      1
  Failure rate                             :   0.000

--------------------------------------------------------------------------------

Current Ranking  1  2  6  4  3  5

--------------------------------------------------------------------------------

* GA execution time :                                                           
  total  0.5431 user  0.5339 sys  0.0092

--------------------------------------------------------------------------------
Fitness function evaluations: 27896

--------------------------------------------------------------------------------
** Docking run number  7 **
--------------------------------------------------------------------------------
  Rank fitness base is 5000.00 ; increment is 11.2233

* Initialising population(s) ...                                                
Number of constraints mappings 0
Number of constraints 0
  Population no.                           :      1
  Population size                          :    100
  Number of duplicates                     :      0
  Number of niche violations               :      0
  Number of errors                         :  11406


Doing GA, no. of population(s) 1 size 100 selection pressure 1.100000

 Operation      Fitness  S(hb_ext) S(vdw_ext)  S(hb_int)    S(int)      intcor
         0      33.19       8.99      17.67       0.00      -0.53      -0.76
       201      27.22       9.29      13.14       0.00      -0.53      -0.76
Reordering...
       360      20.62       3.63      13.78       0.00      -6.66      -0.76
       443      20.70       3.63      13.65       0.00      -5.31      -0.76
       638      19.97       1.71      13.62       0.00      -1.21      -0.76
Reordering...
       720      18.70       3.63      12.63       0.00      -5.31      -0.76
Reordering...
       740      18.66       1.55      12.83       0.00      -1.21      -0.76
Reordering...
       780      18.25       3.63      12.41       0.00      -5.31      -0.76
       825      21.70       3.63      13.54       0.00      -1.14      -0.76
--------------------------------------------------------------------------------
Best docking solution after GA:
      2000      20.98       3.63      13.45       0.00      -1.14      -0.76

#ops:       2000 #mutates:   1003 #cross:      997 #dups:       452 
#niche:      864 #errors:     324 
--------------------------------------------------------------------------------

Doing AMOEBA simplex on best individual
Done simplexing #iterations 974, best score  30.73

Ligand is stored in gold_soln_ligand_prepared_m1_7.mol2


--------------------------------------------------------------------------------
--- GoldScore breakdown of terms                                             ---
--------------------------------------------------------------------------------
Fitness = S(hb_ext) + 1.3750*S(vdw_ext) + S(hb_int) + 1.0000*S(int)
S(int)  = S(vdw_int) + S(tors)

Internal terms are relative to best energy found (intcor).

--------------------------------------------------------------------------------


     Fitness  S(hb_ext) S(vdw_ext)  S(hb_int)    S(int)      intcor
     30.73       3.74      20.48       0.00      -1.17      -0.76

--------------------------------------------------------------------------------
--- GoldScore analysis of protein-ligand interactions                        ---
--------------------------------------------------------------------------------

  Ligand acceptor   11 Protein hydrogen 5772 donor 5765 bond energy  2.00 wt 0.96
  Ligand donor   10 hydrogen   23 Protein acceptor 5771 bond energy  2.00 wt 0.91

--------------------------------------------------------------------------------

--------------------------------------------------------------------------------
--- Rescoring solution                                                       ---
--------------------------------------------------------------------------------

     Score     S(PLP)   S(hbond)     S(cho)   S(metal)  DE(clash)   DE(tors)
     12.50      -9.69       1.50       0.00       0.00       0.09       0.80

Doing AMOEBA simplex on best individual
Done simplexing #iterations 705, best score  24.35

     Score     S(PLP)   S(hbond)     S(cho)   S(metal)  DE(clash)   DE(tors)
     24.35     -23.07       1.00       0.00       0.00       1.32       0.20

--------------------------------------------------------------------------------
--- CHEMPLP breakdown of terms                                               ---
--------------------------------------------------------------------------------
CHEMPLP = - ( 1.0000*S(PLP) + -3.0000*S(hbond) + -6.0000*S(metal) + -3.0000*S(cho) )

Score = CHEMPLP - 1.0000*DE(clash) - 2.0000*DE(tors)


--------------------------------------------------------------------------------


--------------------------------------------------------------------------------
--- PLP analysis of protein-ligand interactions                              ---
--------------------------------------------------------------------------------
hydrogen bonding        :      -4.12
metal                   :       0.00
buried (polar-nonpolar) :      -5.04
nonpolar                :     -16.05
repulsive               :       2.19
--------------------------------------------------------------------------------


--------------------------------------------------------------------------------
--- ChemScore analysis of protein-ligand interactions                        ---
--------------------------------------------------------------------------------

* Hydrogen bonds                                                                
Protein donor 5689 hydrogen 5701 Ligand acceptor   17 bond energy  1.00 wt 1.00


* CH..O interactions                                                            
  CH group selection                       : activated ring CH (adjacent to hetatom)

--------------------------------------------------------------------------------


--------------------------------------------------------------------------------
--- Intra-ligand clashes                                                     ---
--------------------------------------------------------------------------------

Ligand
  7 (C7   ) -   3 (C3   ):   1.32 (dist   2.71)
--------------------------------------------------------------------------------


--------------------------------------------------------------------------------
--- Chromosome decoded                                                       ---
--------------------------------------------------------------------------------
Ligand Torsions
[   6    2    1    3]  158.91
[  12    5    1    2]  173.29
Protein Torsions
[6606 6597 6596 6594]  -70.82 
[6631 6624 6622 6619]  127.64 
[5778 5771 5769 5766]  117.37 
[5700 5689 5688 5687] -155.59 
[5253 5242 5241 5240] -176.14 
Mapping
Ligand acceptors to protein hydrogens (mapping then atom ids)
  2   6 [ 11->5772]
  3  14 [ 17->5701]
Ligand hydrogens to protein acceptors (mapping then atom ids)
  2   7 [ 23->5771]
Ligand shape atoms to protein points (mapping then atom ids & coords)
Chromosome values
Integers:
  -1    5   13   -1    6   -1   -1   -1   -1   -1   -1   -1 
--------------------------------------------------------------------------------


--------------------------------------------------------------------------------
--- Diverse Solutions Stats                                                  ---
--------------------------------------------------------------------------------
  Move attempts                            :  15468
  Move failures                            :      1
  Failure rate                             :   0.000

--------------------------------------------------------------------------------

Current Ranking  1  2  7  6  4  3  5

--------------------------------------------------------------------------------

* GA execution time :                                                           
  total  0.5440 user  0.5440 sys  0.0000

--------------------------------------------------------------------------------
Fitness function evaluations: 27217

--------------------------------------------------------------------------------
** Docking run number  8 **
--------------------------------------------------------------------------------
  Rank fitness base is 5000.00 ; increment is 11.2233

* Initialising population(s) ...                                                
Number of constraints mappings 0
Number of constraints 0
  Population no.                           :      1
  Population size                          :    100
  Number of duplicates                     :      0
  Number of niche violations               :      0
  Number of errors                         :  11717


Doing GA, no. of population(s) 1 size 100 selection pressure 1.100000

 Operation      Fitness  S(hb_ext) S(vdw_ext)  S(hb_int)    S(int)      intcor
         0      25.50       2.50      18.39       0.00     -11.46      -0.76
Reordering...
       100      24.40       2.38      16.19       0.00      -1.13      -0.76
       208      23.30       2.39      18.86       0.00     -20.24      -0.76
       246      23.65       1.85      16.31       0.00      -2.48      -0.76
       385      19.56       1.74      13.50       0.00      -2.48      -0.76
Reordering...
       420      17.69       2.22      15.67       0.00     -19.37      -0.76
Reordering...
       440      17.56       2.26      11.39       0.00      -1.13      -0.76
       524      18.59       2.22      12.19       0.00      -1.13      -0.76
       626      19.23       3.15      14.98       0.00     -11.61      -0.76
       831      16.51       1.77      12.17       0.00      -4.13      -0.76
Reordering...
       900      14.61       2.31      10.70       0.00      -4.61      -0.76
      1042      14.93       2.06       9.86       0.00      -1.13      -0.76
Reordering...
      1500      12.23       1.81       8.40       0.00      -1.13      -0.76
      1583      20.89       2.00      14.35       0.00      -0.84      -0.76
      1767      22.76       2.00      16.14       0.00      -1.44      -0.76
      1852      24.42       2.00      16.91       0.00      -0.84      -0.76
--------------------------------------------------------------------------------
Best docking solution after GA:
      2000      24.42       2.00      16.91       0.00      -0.84      -0.76

#ops:       2000 #mutates:    963 #cross:     1037 #dups:       551 
#niche:      964 #errors:     283 
--------------------------------------------------------------------------------

Doing AMOEBA simplex on best individual
Done simplexing #iterations 745, best score  29.08

Ligand is stored in gold_soln_ligand_prepared_m1_8.mol2


--------------------------------------------------------------------------------
--- GoldScore breakdown of terms                                             ---
--------------------------------------------------------------------------------
Fitness = S(hb_ext) + 1.3750*S(vdw_ext) + S(hb_int) + 1.0000*S(int)
S(int)  = S(vdw_int) + S(tors)

Internal terms are relative to best energy found (intcor).

--------------------------------------------------------------------------------


     Fitness  S(hb_ext) S(vdw_ext)  S(hb_int)    S(int)      intcor
     29.08       2.00      20.28       0.00      -0.80      -0.76

--------------------------------------------------------------------------------
--- GoldScore analysis of protein-ligand interactions                        ---
--------------------------------------------------------------------------------

  Ligand donor    8 hydrogen   22 Protein acceptor 5737 bond energy  2.00 wt 1.00

--------------------------------------------------------------------------------

--------------------------------------------------------------------------------
--- Rescoring solution                                                       ---
--------------------------------------------------------------------------------

     Score     S(PLP)   S(hbond)     S(cho)   S(metal)  DE(clash)   DE(tors)
     11.48      -8.48       1.05       0.00       0.00       0.00       0.08

Doing AMOEBA simplex on best individual
Done simplexing #iterations 690, best score  28.19

     Score     S(PLP)   S(hbond)     S(cho)   S(metal)  DE(clash)   DE(tors)
     28.19     -25.41       1.00       0.00       0.00       0.00       0.11

--------------------------------------------------------------------------------
--- CHEMPLP breakdown of terms                                               ---
--------------------------------------------------------------------------------
CHEMPLP = - ( 1.0000*S(PLP) + -3.0000*S(hbond) + -6.0000*S(metal) + -3.0000*S(cho) )

Score = CHEMPLP - 1.0000*DE(clash) - 2.0000*DE(tors)


--------------------------------------------------------------------------------


--------------------------------------------------------------------------------
--- PLP analysis of protein-ligand interactions                              ---
--------------------------------------------------------------------------------
hydrogen bonding        :      -2.60
metal                   :       0.00
buried (polar-nonpolar) :      -4.29
nonpolar                :     -22.40
repulsive               :       3.58
--------------------------------------------------------------------------------


--------------------------------------------------------------------------------
--- ChemScore analysis of protein-ligand interactions                        ---
--------------------------------------------------------------------------------

* Hydrogen bonds                                                                
Ligand donor    8 hydrogen   22 Protein acceptor 5737 bond energy  1.00 wt 1.00


* CH..O interactions                                                            
  CH group selection                       : activated ring CH (adjacent to hetatom)

--------------------------------------------------------------------------------


--------------------------------------------------------------------------------
--- Intra-ligand clashes                                                     ---
--------------------------------------------------------------------------------

Ligand
--------------------------------------------------------------------------------


--------------------------------------------------------------------------------
--- Chromosome decoded                                                       ---
--------------------------------------------------------------------------------
Ligand Torsions
[   6    2    1    3]  114.46
[  12    5    1    2] -178.18
Protein Torsions
[6606 6597 6596 6594]   88.00 
[6631 6624 6622 6619]  177.56 
[5778 5771 5769 5766]  178.08 
[5700 5689 5688 5687]  -38.96 
[5253 5242 5241 5240] -109.11 
Mapping
Ligand acceptors to protein hydrogens (mapping then atom ids)
  1  21 [  9->5526]
  3   7 [ 17->5778]
Ligand hydrogens to protein acceptors (mapping then atom ids)
  1  18 [ 22->5737]
Ligand shape atoms to protein points (mapping then atom ids & coords)
Chromosome values
Integers:
  20   -1    6   17   -1   -1   -1   -1   -1   -1   -1   -1 
--------------------------------------------------------------------------------


--------------------------------------------------------------------------------
--- Diverse Solutions Stats                                                  ---
--------------------------------------------------------------------------------
  Move attempts                            :  15239
  Move failures                            :      2
  Failure rate                             :   0.000

--------------------------------------------------------------------------------

Current Ranking  1  2  7  8  6  4  3  5

--------------------------------------------------------------------------------

* GA execution time :                                                           
  total  0.5518 user  0.5237 sys  0.0281

--------------------------------------------------------------------------------
Fitness function evaluations: 27254

--------------------------------------------------------------------------------
** Docking run number  9 **
--------------------------------------------------------------------------------
  Rank fitness base is 5000.00 ; increment is 11.2233

* Initialising population(s) ...                                                
Number of constraints mappings 0
Number of constraints 0
  Population no.                           :      1
  Population size                          :    100
  Number of duplicates                     :      0
  Number of niche violations               :      0
  Number of errors                         :  11355


Doing GA, no. of population(s) 1 size 100 selection pressure 1.100000

 Operation      Fitness  S(hb_ext) S(vdw_ext)  S(hb_int)    S(int)      intcor
         0      24.24       9.13      12.53       0.00     -10.58      -0.76
        53      25.30       2.76      19.58       0.00     -20.97      -0.76
       109      25.80       2.72      18.40       0.00      -9.96      -0.76
       112      26.16       2.72      18.66       0.00      -9.96      -0.76
       440      19.23       3.40      14.48       0.00     -12.73      -0.76
       455      22.03       2.61      14.65       0.00      -2.25      -0.76
       580      20.62       2.53      13.77       0.00      -2.25      -0.76
       853      16.38       3.70       9.50       0.00      -0.78      -0.76
Reordering...
      1020      15.40       3.11       9.81       0.00      -2.01      -0.76
      1864      14.71       3.11       9.47       0.00      -1.43      -0.76
--------------------------------------------------------------------------------
Best docking solution after GA:
      2000      14.71       3.11       9.47       0.00      -1.43      -0.76

#ops:       2000 #mutates:    961 #cross:     1039 #dups:       624 
#niche:      826 #errors:     294 
--------------------------------------------------------------------------------

Doing AMOEBA simplex on best individual
Done simplexing #iterations 878, best score  24.01

Ligand is stored in gold_soln_ligand_prepared_m1_9.mol2


--------------------------------------------------------------------------------
--- GoldScore breakdown of terms                                             ---
--------------------------------------------------------------------------------
Fitness = S(hb_ext) + 1.3750*S(vdw_ext) + S(hb_int) + 1.0000*S(int)
S(int)  = S(vdw_int) + S(tors)

Internal terms are relative to best energy found (intcor).

--------------------------------------------------------------------------------


     Fitness  S(hb_ext) S(vdw_ext)  S(hb_int)    S(int)      intcor
     24.01       2.42      15.97       0.00      -0.36      -0.76

--------------------------------------------------------------------------------
--- GoldScore analysis of protein-ligand interactions                        ---
--------------------------------------------------------------------------------

  Ligand acceptor   17 Protein hydrogen 5772 donor 5765 bond energy  2.00 wt 1.00
  Ligand donor   10 hydrogen   23 Protein acceptor 5771 bond energy  2.00 wt 0.21

--------------------------------------------------------------------------------

--------------------------------------------------------------------------------
--- Rescoring solution                                                       ---
--------------------------------------------------------------------------------

     Score     S(PLP)   S(hbond)     S(cho)   S(metal)  DE(clash)   DE(tors)
     -0.39       2.68       1.57       0.00       0.00       0.00       1.21

Doing AMOEBA simplex on best individual
Done simplexing #iterations 718, best score  20.06

     Score     S(PLP)   S(hbond)     S(cho)   S(metal)  DE(clash)   DE(tors)
     20.06     -14.24       2.72       0.00       0.00       0.00       1.16

--------------------------------------------------------------------------------
--- CHEMPLP breakdown of terms                                               ---
--------------------------------------------------------------------------------
CHEMPLP = - ( 1.0000*S(PLP) + -3.0000*S(hbond) + -6.0000*S(metal) + -3.0000*S(cho) )

Score = CHEMPLP - 1.0000*DE(clash) - 2.0000*DE(tors)


--------------------------------------------------------------------------------


--------------------------------------------------------------------------------
--- PLP analysis of protein-ligand interactions                              ---
--------------------------------------------------------------------------------
hydrogen bonding        :      -5.95
metal                   :       0.00
buried (polar-nonpolar) :      -0.78
nonpolar                :     -10.59
repulsive               :       1.61
--------------------------------------------------------------------------------


--------------------------------------------------------------------------------
--- ChemScore analysis of protein-ligand interactions                        ---
--------------------------------------------------------------------------------

* Hydrogen bonds                                                                
Ligand donor   10 hydrogen   23 Protein acceptor 5771 bond energy  1.00 wt 0.72
Protein donor 5765 hydrogen 5772 Ligand acceptor   17 bond energy  1.00 wt 1.00
Protein donor 5689 hydrogen 5702 Ligand acceptor   11 bond energy  1.00 wt 0.99


* CH..O interactions                                                            
  CH group selection                       : activated ring CH (adjacent to hetatom)

--------------------------------------------------------------------------------


--------------------------------------------------------------------------------
--- Intra-ligand clashes                                                     ---
--------------------------------------------------------------------------------

Ligand
--------------------------------------------------------------------------------


--------------------------------------------------------------------------------
--- Chromosome decoded                                                       ---
--------------------------------------------------------------------------------
Ligand Torsions
[   6    2    1    3]  -35.20
[  12    5    1    2]  168.89
Protein Torsions
[6606 6597 6596 6594] -171.60 
[6631 6624 6622 6619] -100.15 
[5778 5771 5769 5766]   38.71 
[5700 5689 5688 5687]   61.47 
[5253 5242 5241 5240]  -43.86 
Mapping
Ligand acceptors to protein hydrogens (mapping then atom ids)
  2  15 [ 11->5702]
  3   6 [ 17->5772]
Ligand hydrogens to protein acceptors (mapping then atom ids)
  2   7 [ 23->5771]
Ligand shape atoms to protein points (mapping then atom ids & coords)
Chromosome values
Integers:
  -1   14    5   -1    6   -1   -1   -1   -1   -1   -1   -1 
--------------------------------------------------------------------------------


--------------------------------------------------------------------------------
--- Diverse Solutions Stats                                                  ---
--------------------------------------------------------------------------------
  Move attempts                            :  15610
  Move failures                            :      1
  Failure rate                             :   0.000

--------------------------------------------------------------------------------

Current Ranking  1  2  7  8  6  4  3  9  5

--------------------------------------------------------------------------------

* GA execution time :                                                           
  total  0.5498 user  0.5201 sys  0.0297

--------------------------------------------------------------------------------
Fitness function evaluations: 27280

--------------------------------------------------------------------------------
** Docking run number 10 **
--------------------------------------------------------------------------------
  Rank fitness base is 5000.00 ; increment is 11.2233

* Initialising population(s) ...                                                
Number of constraints mappings 0
Number of constraints 0
  Population no.                           :      1
  Population size                          :    100
  Number of duplicates                     :      0
  Number of niche violations               :      0
  Number of errors                         :  11303


Doing GA, no. of population(s) 1 size 100 selection pressure 1.100000

 Operation      Fitness  S(hb_ext) S(vdw_ext)  S(hb_int)    S(int)      intcor
         0      26.38       2.50      19.23       0.00     -12.81      -0.76
       213      26.55       4.53      16.78       0.00      -4.24      -0.76
       215      28.32       4.53      17.60       0.00      -1.64      -0.76
Reordering...
       480      19.97       4.13      13.28       0.00      -7.23      -0.76
      1780      12.94       4.08      10.40       0.00      -5.44      -0.76
      1821      13.40       4.09      10.73       0.00      -5.44      -0.76
      1904      14.25       1.17      10.76       0.00      -1.72      -0.76
--------------------------------------------------------------------------------
Best docking solution after GA:
      2000      14.25       1.17      10.76       0.00      -1.72      -0.76

#ops:       2000 #mutates:   1031 #cross:      969 #dups:       442 
#niche:      782 #errors:     385 
--------------------------------------------------------------------------------

Doing AMOEBA simplex on best individual
Done simplexing #iterations 811, best score  25.38

Ligand is stored in gold_soln_ligand_prepared_m1_10.mol2


--------------------------------------------------------------------------------
--- GoldScore breakdown of terms                                             ---
--------------------------------------------------------------------------------
Fitness = S(hb_ext) + 1.3750*S(vdw_ext) + S(hb_int) + 1.0000*S(int)
S(int)  = S(vdw_int) + S(tors)

Internal terms are relative to best energy found (intcor).

--------------------------------------------------------------------------------


     Fitness  S(hb_ext) S(vdw_ext)  S(hb_int)    S(int)      intcor
     25.38       1.91      17.41       0.00      -0.46      -0.76

--------------------------------------------------------------------------------
--- GoldScore analysis of protein-ligand interactions                        ---
--------------------------------------------------------------------------------

  Ligand acceptor   17 Protein hydrogen 5742 donor 5734 bond energy  2.00 wt 0.34
  Ligand donor    8 hydrogen   22 Protein acceptor 5720 bond energy  2.00 wt 0.03
  Ligand donor   10 hydrogen   23 Protein acceptor 5684 bond energy  2.00 wt 0.59

--------------------------------------------------------------------------------

--------------------------------------------------------------------------------
--- Rescoring solution                                                       ---
--------------------------------------------------------------------------------

     Score     S(PLP)   S(hbond)     S(cho)   S(metal)  DE(clash)   DE(tors)
    -14.28      14.74       0.88       0.00       0.00       0.36       0.91

Doing AMOEBA simplex on best individual
Done simplexing #iterations 1126, best score  15.96

     Score     S(PLP)   S(hbond)     S(cho)   S(metal)  DE(clash)   DE(tors)
     15.96     -13.76       1.43       0.00       0.00       0.00       1.04

--------------------------------------------------------------------------------
--- CHEMPLP breakdown of terms                                               ---
--------------------------------------------------------------------------------
CHEMPLP = - ( 1.0000*S(PLP) + -3.0000*S(hbond) + -6.0000*S(metal) + -3.0000*S(cho) )

Score = CHEMPLP - 1.0000*DE(clash) - 2.0000*DE(tors)


--------------------------------------------------------------------------------


--------------------------------------------------------------------------------
--- PLP analysis of protein-ligand interactions                              ---
--------------------------------------------------------------------------------
hydrogen bonding        :      -4.78
metal                   :       0.00
buried (polar-nonpolar) :      -2.29
nonpolar                :     -14.16
repulsive               :       6.62
--------------------------------------------------------------------------------


--------------------------------------------------------------------------------
--- ChemScore analysis of protein-ligand interactions                        ---
--------------------------------------------------------------------------------

* Hydrogen bonds                                                                
Ligand donor   10 hydrogen   23 Protein acceptor 5684 bond energy  1.00 wt 0.43
Protein donor 5710 hydrogen 5714 Ligand acceptor   17 bond energy  1.00 wt 1.00


* CH..O interactions                                                            
  CH group selection                       : activated ring CH (adjacent to hetatom)

--------------------------------------------------------------------------------


--------------------------------------------------------------------------------
--- Intra-ligand clashes                                                     ---
--------------------------------------------------------------------------------

Ligand
--------------------------------------------------------------------------------


--------------------------------------------------------------------------------
--- Chromosome decoded                                                       ---
--------------------------------------------------------------------------------
Ligand Torsions
[   6    2    1    3]  -87.85
[  12    5    1    2] -171.68
Protein Torsions
[6606 6597 6596 6594]   76.75 
[6631 6624 6622 6619]  163.32 
[5778 5771 5769 5766]  -80.27 
[5700 5689 5688 5687]   55.88 
[5253 5242 5241 5240]   92.81 
Mapping
Ligand acceptors to protein hydrogens (mapping then atom ids)
  2  15 [ 11->5702]
Ligand hydrogens to protein acceptors (mapping then atom ids)
  1   8 [ 22->5720]
  2  13 [ 23->5684]
Ligand shape atoms to protein points (mapping then atom ids & coords)
Chromosome values
Integers:
  -1   14   -1    7   12   -1   -1   -1   -1   -1   -1   -1 
--------------------------------------------------------------------------------


--------------------------------------------------------------------------------
--- Diverse Solutions Stats                                                  ---
--------------------------------------------------------------------------------
  Move attempts                            :  16043
  Move failures                            :      5
  Failure rate                             :   0.000

--------------------------------------------------------------------------------

Current Ranking  1  2  7  8  6  4 10  3  9  5

--------------------------------------------------------------------------------

* GA execution time :                                                           
  total  0.5755 user  0.5461 sys  0.0294

--------------------------------------------------------------------------------
Fitness function evaluations: 27763

--------------------------------------------------------------------------------
--- Ranking analysis                                                         ---
--------------------------------------------------------------------------------


* Final ranked order of GA solutions:                                           
   1  2  7  8  6  4 10  3  9  5 

  _______________________________
  RMSD Matrix of RANKED solutions

        2    3    4    5    6    7    8    9   10  

   1 :  0.1 13.1 13.1 13.4 14.1 12.4 15.8 13.9 13.1
   2 :      13.1 13.1 13.4 14.0 12.4 15.7 13.8 13.0
   3 :            3.4  0.7  5.2  5.0  5.1  5.0  3.6
   4 :                 3.7  4.4  3.3  5.6  3.9  2.9
   5 :                      5.3  5.2  4.9  5.1  3.9
   6 :                           3.5  3.3  2.7  3.7
   7 :                                5.6  3.0  3.0
   8 :                                     4.3  4.6
   9 :                                          3.3

  Clustering method                        : complete linkage
  Structure ids in cluster table           : rank nos.
  Ordering of clusters and their members   : by rank (order if from rms_analysis)

  Distance | Clusters
   0.10    |  1  2 |  3 |  4 |  5 |  6 |  7 |  8 |  9 | 10 |
   0.73    |  1  2 |  3  5 |  4 |  6 |  7 |  8 |  9 | 10 |
   2.69    |  1  2 |  3  5 |  4 |  6  9 |  7 |  8 | 10 |
   2.91    |  1  2 |  3  5 |  4 10 |  6  9 |  7 |  8 |
   3.30    |  1  2 |  3  5 |  4  7 10 |  6  9 |  8 |
   4.32    |  1  2 |  3  5 |  4  7 10 |  6  8  9 |
   5.22    |  1  2 |  3  4  5  7 10 |  6  8  9 |
   5.61    |  1  2 |  3  4  5  6  7  8  9 10 |
  15.78    |  1  2  3  4  5  6  7  8  9 10 |
  Finished Docking Ligand                  : /mnt/c/Users/ricca/Desktop/Documents/1_Coding/1_Script_Github/Reverse_Docking_Explore_V3/7chy_cavity/ligand_prepared.mol2
--------------------------------------------------------------------------------

  Relative_Ligand_Energy (best encountered) :  -0.759
  Relative_Ligand_Energy: fitness values have been corrected using this amount
