
--------------------------------------------------------------------------------
--- Ligand                                                                   ---
--------------------------------------------------------------------------------
  Ligand loaded from file                  : /mnt/c/Users/ricca/Desktop/Documents/1_Coding/1_Script_Github/Reverse_Docking_Explore_V3/7ts3/ligand_prepared.mol2
  Ligand name                              :  
  "CT1002167954                                                             "

--------------------------------------------------------------------------------
  N.plc donors                             : 
  none found

  Acidic nitrogen acceptors                : 
  none found
  Sulfur acceptors                         :
  none found


  Donor atoms                              :      2
  8   10  
  Acceptor atoms                           :      3
  9   11  17  

  Hydrogens                                :  (n = 2)
  22   23   

  Lone pairs added to molecule             :      6
  Numbering                                : from 30 to 35

--------------------------------------------------------------------------------
--- Postprocessing of typing                                                 ---
--------------------------------------------------------------------------------
  Fragment file                            : /home/hitesit/CCDC/Discovery_2022/GOLD/gold/rotatable_bond_override.mol2
  acylurea fragment                        : 2 matches
  Ligand bond 15-8  set to flip
  Ligand bond 15-10  set to flip
  Ligand bond 15-10  set to 1
  Ligand bond 15-8  set to 1
  Ligand bond 10-4  set to flip
  Ligand bond 8-3  set to flip
  thioacylthiourea fragment                : no matches
  acylthiourea fragment                    : no matches
  thioacylurea fragment                    : no matches
  diarylamine fragment >C.ar-NH-C.ar<      : no matches
  sec-amine (1) fragment                   : no matches
  sec-amine (2) fragment                   : no matches
  sec-amine (3) fragment                   : no matches
  carboxylic ester                         : no matches

* Rotatable bonds in /mnt/c/Users/ricca/D  :
  [   1    2] [   1    5] 
  No. of rotatable bonds                   :      2


* Reading torsional distributions from file:
  /home/hitesit/CCDC/Discovery_2022/GOLD/gold/gold.tordist
  No. of bins in torsional distributions   :     36
  Minimum size of largest peak             :      0
  Removing high energy torsions            : on
  Delta E set to                           :   2.500

* Fragments found in /mnt/c/Users/ricca/D  :
  atom   2: benzene
  atom   6: benzene
  atom   7: benzene
  atom  13: benzene
  atom  14: benzene
  atom  16: benzene


* Checking torsion distributions:                                               
  No. of matched torsions                  :      0

--------------------------------------------------------------------------------
--- Shape fitting atoms selection (hydrophobic atoms)                        ---
--------------------------------------------------------------------------------
  Molecule                                 : /mnt/c/Users/ricca/Desktop/Documents/1_Coding/1_Script_Github/Reverse_Docking_Explore_V3/7ts3/ligand_prepared.mol2
  Selection                                : carbons only
  Atom numbers                             :  (n = 7)
  5    6    7    12   13   14   16   

--------------------------------------------------------------------------------
--- Diverse Solutions Setup                                                  ---
--------------------------------------------------------------------------------
  Cluster size                             :      2
  RMSD                                     :   2.000
  Refinement                               :      0


--------------------------------------------------------------------------------
--- ChemScore ligand setup summary                                           ---
--------------------------------------------------------------------------------
  ChemScore ligand acceptors               :      3
  9 11 17 
  ChemScore ligand donors                  :      2
  8 ( 22  ) 10 ( 23  ) 
  ChemScore ligand CH donors               :      0
  

  ChemScore ligand lipophilic atoms        :  (n = 9)
  1    2    5    6    7    12   13   14   16   

  ChemScore ligand rotatable bonds         :      2
  1   (C1 ) - 2   (C2 ): SP3_SP2_BOND
  1   (C1 ) - 5   (C5 ): SP3_SP3_BOND

--------------------------------------------------------------------------------
--- PLP ligand setup summary                                                 ---
--------------------------------------------------------------------------------
    1    C1   C.3 NONPOLAR
    2    C2  C.ar NONPOLAR
    3    C3   C.2 NONPOLAR
    4    C4   C.2 NONPOLAR
    5    C5   C.3 NONPOLAR
    6    C6  C.ar NONPOLAR
    7    C7  C.ar NONPOLAR
    8    N8  N.am DONOR
    9    O9   O.2 ACCEPTOR
   10   N10  N.am DONOR
   11   O11   O.2 ACCEPTOR
   12   C12   C.3 NONPOLAR
   13   C13  C.ar NONPOLAR
   14   C14  C.ar NONPOLAR
   15   C15   C.2 NONPOLAR
   16   C16  C.ar NONPOLAR
   17   O17   O.2 ACCEPTOR

--------------------------------------------------------------------------------
--- Automatic parameter setting                                              ---
--------------------------------------------------------------------------------
  Contribution base                        :   2500
  Contribution per rotatable bond          :   6000
  Contribution per df                      :   4000
  Contribution per water                   :  10000
  Ligand rotatable bonds                   :      2
  Protein flexible side chain bonds        :      0
  Total rotatable bonds                    :      2
  Hydrophobic vol ratio (P/L)              :   0.926
  Base multiplier (polar)                  :   1.000
  Base multiplier (apolar)                 :   1.297
  Base contribution                        : 5000.000
  Fitting points                           :      5
  Estimated maxops needed (optimal)        :  17500
  Autoscale factor (in percent)            :     10
  Scaled maxops                            :   2000

--------------------------------------------------------------------------------

* Population settings                                                           
  maxops                                   :   2000
  popsiz                                   :    100
  select_pressure                          :   1.100
  n_islands                                :      1
  niche_siz                                :      2

* GA settings                                                                   
  pt_crosswt                               :    100
  allele_mutatewt                          :    100
  migratewt                                :      0

* Search settings                                                               
  start_vdw_linear_cutoff                  :   6.000
  initial_virtual_pt_match_max             :   3.000
  Scaling of internal VDW energy           : log scale from  0.2 to    1
                                             over 1500 ops
  Sampling interval (operations)           :     20
  Scaling of virtual pt maximum length     : linear scale from    3 to    2
                                             over  1500 ops
  Sampling interval (operations)           :     60
  Scaling of 4-8 potential cutoff          : log scale from    6 to 1.2e+02
                                             over 1500 ops
  Sampling interval (operations)           :     60

--------------------------------------------------------------------------------

* Ligand initialisation time :                                                  
  total  0.0129 user  0.0027 sys  0.0102

--------------------------------------------------------------------------------

--------------------------------------------------------------------------------
** Docking run number  1 **
--------------------------------------------------------------------------------
  Rank fitness base is 5000.00 ; increment is 11.2233

* Initialising population(s) ...                                                
Number of constraints mappings 0
Number of constraints 0
  Population no.                           :      1
  Population size                          :    100
  Number of duplicates                     :      0
  Number of niche violations               :      0
  Number of errors                         :    122


Doing GA, no. of population(s) 1 size 100 selection pressure 1.100000

 Operation      Fitness  S(hb_ext) S(vdw_ext)  S(hb_int)    S(int)      intcor
         0      29.09       1.42      23.26       0.00     -21.55      -0.79
Reordering...
        60      28.41       0.66      20.85       0.00      -4.28      -0.79
       103      28.87       2.08      22.97       0.00     -21.55      -0.79
Reordering...
       180      27.51       0.62      20.32       0.00      -4.28      -0.79
       199      28.85       1.06      21.17       0.00      -5.45      -0.79
       286      28.82       2.31      23.52       0.00     -21.55      -0.79
       315      28.38       1.01      21.00       0.00      -5.45      -0.79
Reordering...
       960      24.37       0.00      18.10       0.00      -0.91      -0.79
      1284      27.28       1.30      20.43       0.00      -2.67      -0.76
      1500      26.66       1.15      20.50       0.00      -2.67      -0.76
      1541      27.57       1.15      20.51       0.00      -1.79      -0.76
--------------------------------------------------------------------------------
Best docking solution after GA:
      2000      27.57       1.15      20.51       0.00      -1.79      -0.76

#ops:       2000 #mutates:   1001 #cross:      999 #dups:       457 
#niche:      989 #errors:      27 
--------------------------------------------------------------------------------

Doing AMOEBA simplex on best individual
Done simplexing #iterations 465, best score  29.57

Ligand is stored in gold_soln_ligand_prepared_m1_1.mol2


--------------------------------------------------------------------------------
--- GoldScore breakdown of terms                                             ---
--------------------------------------------------------------------------------
Fitness = S(hb_ext) + 1.3750*S(vdw_ext) + S(hb_int) + 1.0000*S(int)
S(int)  = S(vdw_int) + S(tors)

Internal terms are relative to best energy found (intcor).

--------------------------------------------------------------------------------


     Fitness  S(hb_ext) S(vdw_ext)  S(hb_int)    S(int)      intcor
     29.57       1.90      21.32       0.00      -1.65      -0.76

--------------------------------------------------------------------------------
--- GoldScore analysis of protein-ligand interactions                        ---
--------------------------------------------------------------------------------

  Ligand acceptor    9 Protein hydrogen 6731 donor 6685 bond energy  6.00 wt 0.03
  Ligand acceptor   17 Protein hydrogen 7831 donor 7798 bond energy  2.00 wt 0.41
  Ligand donor    8 hydrogen   22 Protein acceptor 7796 bond energy  2.00 wt 0.45

--------------------------------------------------------------------------------

--------------------------------------------------------------------------------
--- Rescoring solution                                                       ---
--------------------------------------------------------------------------------

     Score     S(PLP)   S(hbond)     S(cho)   S(metal)  DE(clash)   DE(tors)
     26.04     -25.55       0.67       0.00       0.00       1.07       0.22

Doing AMOEBA simplex on best individual
Done simplexing #iterations 624, best score  37.69

     Score     S(PLP)   S(hbond)     S(cho)   S(metal)  DE(clash)   DE(tors)
     37.69     -36.10       0.99       0.00       0.00       1.38       0.00

--------------------------------------------------------------------------------
--- CHEMPLP breakdown of terms                                               ---
--------------------------------------------------------------------------------
CHEMPLP = - ( 1.0000*S(PLP) + -3.0000*S(hbond) + -6.0000*S(metal) + -3.0000*S(cho) )

Score = CHEMPLP - 1.0000*DE(clash) - 2.0000*DE(tors)


--------------------------------------------------------------------------------


--------------------------------------------------------------------------------
--- PLP analysis of protein-ligand interactions                              ---
--------------------------------------------------------------------------------
hydrogen bonding        :      -1.00
metal                   :       0.00
buried (polar-nonpolar) :      -1.48
nonpolar                :     -32.47
repulsive               :       0.81
--------------------------------------------------------------------------------


--------------------------------------------------------------------------------
--- ChemScore analysis of protein-ligand interactions                        ---
--------------------------------------------------------------------------------

* Hydrogen bonds                                                                
Ligand donor    8 hydrogen   22 Protein acceptor 7796 bond energy  1.00 wt 0.99


* CH..O interactions                                                            
  CH group selection                       : activated ring CH (adjacent to hetatom)

--------------------------------------------------------------------------------


--------------------------------------------------------------------------------
--- Intra-ligand clashes                                                     ---
--------------------------------------------------------------------------------

Ligand
  7 (C7   ) -   3 (C3   ):   1.38 (dist   2.71)
--------------------------------------------------------------------------------


--------------------------------------------------------------------------------
--- Chromosome decoded                                                       ---
--------------------------------------------------------------------------------
Ligand Torsions
[   6    2    1    3]  170.50
[  12    5    1    2]  176.89
Protein Torsions
[9495 9432 9431 9429]  -89.43 
[7831 7798 7797 7794]   68.66 
Mapping
Ligand acceptors to protein hydrogens (mapping then atom ids)
  1   2 [  9->6731]
Ligand hydrogens to protein acceptors (mapping then atom ids)
  1   3 [ 22->7796]
Ligand shape atoms to protein points (mapping then atom ids & coords)
  2  1287 [  6->(248.250 362.500 -62.000)]
  3   213 [  7->(247.250 362.750 -65.750)]
  5  2361 [ 13->(249.000 362.250 -62.250)]
  7  1593 [ 16->(248.500 362.000 -63.250)]
Chromosome values
Integers:
   1   -1   -1    2   -1   -1 1286  212   -1 2360   -1 1592 
--------------------------------------------------------------------------------


--------------------------------------------------------------------------------
--- Diverse Solutions Stats                                                  ---
--------------------------------------------------------------------------------
  Move attempts                            :  14883
  Move failures                            :      0
  Failure rate                             :   0.000

--------------------------------------------------------------------------------

Current Ranking  1

--------------------------------------------------------------------------------

* GA execution time :                                                           
  total  0.3034 user  0.3002 sys  0.0032

--------------------------------------------------------------------------------
Fitness function evaluations: 15033

--------------------------------------------------------------------------------
** Docking run number  2 **
--------------------------------------------------------------------------------
  Rank fitness base is 5000.00 ; increment is 11.2233

* Initialising population(s) ...                                                
Number of constraints mappings 0
Number of constraints 0
  Population no.                           :      1
  Population size                          :    100
  Number of duplicates                     :      0
  Number of niche violations               :      0
  Number of errors                         :    120


Doing GA, no. of population(s) 1 size 100 selection pressure 1.100000

 Operation      Fitness  S(hb_ext) S(vdw_ext)  S(hb_int)    S(int)      intcor
         0      27.25       1.12      19.85       0.00      -5.83      -0.76
Reordering...
        60      26.50       7.29      14.70       0.00      -4.68      -0.76
       166      28.17       4.60      17.30       0.00      -0.95      -0.76
       207      28.15       1.29      22.10       0.00     -14.27      -0.76
Reordering...
       300      26.05       4.43      15.92       0.00      -0.95      -0.76
       560      22.71       2.55      16.27       0.00      -6.03      -0.76
       886      21.35       2.56      15.93       0.00      -6.03      -0.76
Reordering...
       960      20.86       0.00      15.43       0.00      -0.64      -0.76
      1044      21.34       0.00      15.74       0.00      -0.49      -0.76
Reordering...
      1200      20.76       0.00      15.43       0.00      -0.64      -0.76
      1434      21.53       0.00      15.94       0.00      -0.42      -0.76
      1444      23.29       0.52      17.21       0.00      -0.95      -0.76
      1688      24.04       3.88      15.60       0.00      -1.30      -0.76
--------------------------------------------------------------------------------
Best docking solution after GA:
      2000      24.04       3.88      15.60       0.00      -1.30      -0.76

#ops:       2000 #mutates:    959 #cross:     1041 #dups:       505 
#niche:      955 #errors:      30 
--------------------------------------------------------------------------------

Doing AMOEBA simplex on best individual
Done simplexing #iterations 500, best score  28.08

Ligand is stored in gold_soln_ligand_prepared_m1_2.mol2


--------------------------------------------------------------------------------
--- GoldScore breakdown of terms                                             ---
--------------------------------------------------------------------------------
Fitness = S(hb_ext) + 1.3750*S(vdw_ext) + S(hb_int) + 1.0000*S(int)
S(int)  = S(vdw_int) + S(tors)

Internal terms are relative to best energy found (intcor).

--------------------------------------------------------------------------------


     Fitness  S(hb_ext) S(vdw_ext)  S(hb_int)    S(int)      intcor
     28.08       3.45      18.74       0.00      -1.14      -0.76

--------------------------------------------------------------------------------
--- GoldScore analysis of protein-ligand interactions                        ---
--------------------------------------------------------------------------------

  Ligand acceptor    9 Protein hydrogen 6731 donor 6685 bond energy  6.00 wt 0.11
  Ligand acceptor   17 Protein hydrogen 7831 donor 7798 bond energy  2.00 wt 0.99
  Ligand donor    8 hydrogen   22 Protein acceptor 7796 bond energy  2.00 wt 0.39

--------------------------------------------------------------------------------

--------------------------------------------------------------------------------
--- Rescoring solution                                                       ---
--------------------------------------------------------------------------------

     Score     S(PLP)   S(hbond)     S(cho)   S(metal)  DE(clash)   DE(tors)
     24.65     -18.98       2.53       0.00       0.00       0.27       0.83

Doing AMOEBA simplex on best individual
Done simplexing #iterations 459, best score  33.53

     Score     S(PLP)   S(hbond)     S(cho)   S(metal)  DE(clash)   DE(tors)
     33.53     -27.08       2.78       0.00       0.00       0.05       0.91

--------------------------------------------------------------------------------
--- CHEMPLP breakdown of terms                                               ---
--------------------------------------------------------------------------------
CHEMPLP = - ( 1.0000*S(PLP) + -3.0000*S(hbond) + -6.0000*S(metal) + -3.0000*S(cho) )

Score = CHEMPLP - 1.0000*DE(clash) - 2.0000*DE(tors)


--------------------------------------------------------------------------------


--------------------------------------------------------------------------------
--- PLP analysis of protein-ligand interactions                              ---
--------------------------------------------------------------------------------
hydrogen bonding        :      -2.85
metal                   :       0.00
buried (polar-nonpolar) :      -3.92
nonpolar                :     -20.59
repulsive               :       0.42
--------------------------------------------------------------------------------


--------------------------------------------------------------------------------
--- ChemScore analysis of protein-ligand interactions                        ---
--------------------------------------------------------------------------------

* Hydrogen bonds                                                                
Ligand donor    8 hydrogen   22 Protein acceptor 7796 bond energy  1.00 wt 0.99
Protein donor 6685 hydrogen 6731 Ligand acceptor    9 bond energy  1.00 wt 0.78
Protein donor 7798 hydrogen 7831 Ligand acceptor   17 bond energy  1.00 wt 1.00


* CH..O interactions                                                            
  CH group selection                       : activated ring CH (adjacent to hetatom)

--------------------------------------------------------------------------------


--------------------------------------------------------------------------------
--- Intra-ligand clashes                                                     ---
--------------------------------------------------------------------------------

Ligand
  7 (C7   ) -   3 (C3   ):   0.05 (dist   2.75)
--------------------------------------------------------------------------------


--------------------------------------------------------------------------------
--- Chromosome decoded                                                       ---
--------------------------------------------------------------------------------
Ligand Torsions
[   6    2    1    3]  162.57
[  12    5    1    2]  171.98
Protein Torsions
[9495 9432 9431 9429]   99.36 
[7831 7798 7797 7794]   73.82 
Mapping
Ligand acceptors to protein hydrogens (mapping then atom ids)
Ligand hydrogens to protein acceptors (mapping then atom ids)
  1   3 [ 22->7796]
Ligand shape atoms to protein points (mapping then atom ids & coords)
  2   253 [  6->(247.250 363.250 -64.000)]
  3  1267 [  7->(248.250 362.500 -67.000)]
  6  1656 [ 14->(248.500 362.500 -64.500)]
  7   717 [ 16->(247.750 363.500 -62.750)]
Chromosome values
Integers:
  -1   -1   -1    2   -1   -1  252 1266   -1   -1 1655  716 
--------------------------------------------------------------------------------


--------------------------------------------------------------------------------
--- Diverse Solutions Stats                                                  ---
--------------------------------------------------------------------------------
  Move attempts                            :  14753
  Move failures                            :      0
  Failure rate                             :   0.000

--------------------------------------------------------------------------------

Current Ranking  1  2

--------------------------------------------------------------------------------

* GA execution time :                                                           
  total  0.2910 user  0.2807 sys  0.0103

--------------------------------------------------------------------------------
Fitness function evaluations: 14902

--------------------------------------------------------------------------------
** Docking run number  3 **
--------------------------------------------------------------------------------
  Rank fitness base is 5000.00 ; increment is 11.2233

* Initialising population(s) ...                                                
Number of constraints mappings 0
Number of constraints 0
  Population no.                           :      1
  Population size                          :    100
  Number of duplicates                     :      0
  Number of niche violations               :      0
  Number of errors                         :    121


Doing GA, no. of population(s) 1 size 100 selection pressure 1.100000

 Operation      Fitness  S(hb_ext) S(vdw_ext)  S(hb_int)    S(int)      intcor
         0      24.64       0.18      19.54       0.00     -12.05      -0.76
        55      26.17       3.02      17.43       0.00      -3.89      -0.76
       155      23.62       2.48      15.57       0.00      -1.18      -0.76
       223      22.68       2.44      16.34       0.00      -8.76      -0.76
       236      22.83       1.67      16.89       0.00      -8.15      -0.76
       326      23.08       4.83      15.99       0.00     -13.25      -0.76
       383      23.83       2.39      15.91       0.00      -1.45      -0.76
Reordering...
       420      22.22       4.79      15.70       0.00     -13.25      -0.76
Reordering...
       440      22.14       2.38      14.71       0.00      -1.45      -0.76
Reordering...
       480      21.69       4.77      15.53       0.00     -13.25      -0.76
       506      21.92       4.77      15.77       0.00     -13.25      -0.76
       594      23.52       1.78      18.43       0.00      -9.69      -0.76
       844      22.24       6.07      15.09       0.00      -9.30      -0.76
       958      22.00       8.00      11.40       0.00      -3.04      -0.76
Reordering...
      1020      20.72       5.90      11.45       0.00      -1.54      -0.76
      1053      26.13       6.51      15.73       0.00      -3.29      -0.76
      1204      26.71       6.45      15.90       0.00      -2.21      -0.76
      1624      26.77       6.33      16.47       0.00      -2.21      -0.76
      1739      26.82       6.33      16.50       0.00      -2.21      -0.76
      1829      26.85       6.33      16.53       0.00      -2.21      -0.76
      1934      27.35       6.22      16.49       0.00      -1.54      -0.76
--------------------------------------------------------------------------------
Best docking solution after GA:
      2000      27.35       6.22      16.49       0.00      -1.54      -0.76

#ops:       2000 #mutates:   1025 #cross:      975 #dups:       365 
#niche:      970 #errors:      47 
--------------------------------------------------------------------------------

Doing AMOEBA simplex on best individual
Done simplexing #iterations 350, best score  30.51

Ligand is stored in gold_soln_ligand_prepared_m1_3.mol2


--------------------------------------------------------------------------------
--- GoldScore breakdown of terms                                             ---
--------------------------------------------------------------------------------
Fitness = S(hb_ext) + 1.3750*S(vdw_ext) + S(hb_int) + 1.0000*S(int)
S(int)  = S(vdw_int) + S(tors)

Internal terms are relative to best energy found (intcor).

--------------------------------------------------------------------------------


     Fitness  S(hb_ext) S(vdw_ext)  S(hb_int)    S(int)      intcor
     30.51       6.35      18.43       0.00      -1.18      -0.76

--------------------------------------------------------------------------------
--- GoldScore analysis of protein-ligand interactions                        ---
--------------------------------------------------------------------------------

  Ligand acceptor    9 Protein hydrogen 6731 donor 6685 bond energy  6.00 wt 1.00
  Ligand acceptor   11 Protein hydrogen 8059 donor 8008 bond energy  2.00 wt 0.17

--------------------------------------------------------------------------------

--------------------------------------------------------------------------------
--- Rescoring solution                                                       ---
--------------------------------------------------------------------------------

     Score     S(PLP)   S(hbond)     S(cho)   S(metal)  DE(clash)   DE(tors)
     12.92     -10.76       1.29       0.00       0.00       0.77       0.47

Doing AMOEBA simplex on best individual
Done simplexing #iterations 544, best score  25.48

     Score     S(PLP)   S(hbond)     S(cho)   S(metal)  DE(clash)   DE(tors)
     25.48     -21.72       1.87       0.00       0.00       0.00       0.93

--------------------------------------------------------------------------------
--- CHEMPLP breakdown of terms                                               ---
--------------------------------------------------------------------------------
CHEMPLP = - ( 1.0000*S(PLP) + -3.0000*S(hbond) + -6.0000*S(metal) + -3.0000*S(cho) )

Score = CHEMPLP - 1.0000*DE(clash) - 2.0000*DE(tors)


--------------------------------------------------------------------------------


--------------------------------------------------------------------------------
--- PLP analysis of protein-ligand interactions                              ---
--------------------------------------------------------------------------------
hydrogen bonding        :      -1.84
metal                   :       0.00
buried (polar-nonpolar) :      -2.36
nonpolar                :     -18.79
repulsive               :       0.90
--------------------------------------------------------------------------------


--------------------------------------------------------------------------------
--- ChemScore analysis of protein-ligand interactions                        ---
--------------------------------------------------------------------------------

* Hydrogen bonds                                                                
Protein donor 6685 hydrogen 6731 Ligand acceptor    9 bond energy  1.00 wt 0.98
Protein donor 8008 hydrogen 8059 Ligand acceptor   11 bond energy  1.00 wt 0.90


* CH..O interactions                                                            
  CH group selection                       : activated ring CH (adjacent to hetatom)

--------------------------------------------------------------------------------


--------------------------------------------------------------------------------
--- Intra-ligand clashes                                                     ---
--------------------------------------------------------------------------------

Ligand
--------------------------------------------------------------------------------


--------------------------------------------------------------------------------
--- Chromosome decoded                                                       ---
--------------------------------------------------------------------------------
Ligand Torsions
[   6    2    1    3]   76.74
[  12    5    1    2] -172.94
Protein Torsions
[9495 9432 9431 9429]   41.82 
[7831 7798 7797 7794]  -57.53 
Mapping
Ligand acceptors to protein hydrogens (mapping then atom ids)
  1   2 [  9->6731]
  2   7 [ 11->8059]
Ligand hydrogens to protein acceptors (mapping then atom ids)
Ligand shape atoms to protein points (mapping then atom ids & coords)
  4  3052 [ 12->(250.000 364.500 -68.750)]
  5  1976 [ 13->(248.750 362.000 -64.250)]
  7   203 [ 16->(247.250 362.500 -65.250)]
Chromosome values
Integers:
   1    6   -1   -1   -1   -1   -1   -1 3051 1975   -1  202 
--------------------------------------------------------------------------------


--------------------------------------------------------------------------------
--- Diverse Solutions Stats                                                  ---
--------------------------------------------------------------------------------
  Move attempts                            :  14612
  Move failures                            :     26
  Failure rate                             :   0.002

--------------------------------------------------------------------------------

Current Ranking  3  1  2

--------------------------------------------------------------------------------

* GA execution time :                                                           
  total  0.3049 user  0.2842 sys  0.0207

--------------------------------------------------------------------------------
Fitness function evaluations: 14755

--------------------------------------------------------------------------------
** Docking run number  4 **
--------------------------------------------------------------------------------
  Rank fitness base is 5000.00 ; increment is 11.2233

* Initialising population(s) ...                                                
Number of constraints mappings 0
Number of constraints 0
  Population no.                           :      1
  Population size                          :    100
  Number of duplicates                     :      0
  Number of niche violations               :      0
  Number of errors                         :    122


Doing GA, no. of population(s) 1 size 100 selection pressure 1.100000

 Operation      Fitness  S(hb_ext) S(vdw_ext)  S(hb_int)    S(int)      intcor
         0      26.77       4.28      17.06       0.00      -4.87      -0.76
        10      26.93       4.28      17.06       0.00      -4.06      -0.76
        96      27.49       1.70      20.83       0.00     -13.07      -0.76
       284      24.58       0.17      19.23       0.00      -7.54      -0.76
Reordering...
       480      20.38       0.09      15.95       0.00      -4.90      -0.76
       498      21.51       1.44      17.61       0.00     -12.35      -0.76
       508      24.20       4.15      15.60       0.00      -4.07      -0.76
       706      23.59       0.00      18.66       0.00      -4.90      -0.76
      1023      22.82       0.00      17.96       0.00      -3.14      -0.76
Reordering...
      1480      21.65       5.05      12.18       0.00      -0.15      -0.76
      1578      21.69       4.75      12.32       0.00      -0.00      -0.76
      1788      23.19       0.00      16.89       0.00      -0.04      -0.76
      1930      25.90       6.00      14.48       0.00      -0.02      -0.76
--------------------------------------------------------------------------------
Best docking solution after GA:
      2000      25.90       6.00      14.48       0.00      -0.02      -0.76

#ops:       2000 #mutates:    989 #cross:     1011 #dups:       491 
#niche:      892 #errors:      65 
--------------------------------------------------------------------------------

Doing AMOEBA simplex on best individual
Done simplexing #iterations 384, best score  26.49

Ligand is stored in gold_soln_ligand_prepared_m1_4.mol2


--------------------------------------------------------------------------------
--- GoldScore breakdown of terms                                             ---
--------------------------------------------------------------------------------
Fitness = S(hb_ext) + 1.3750*S(vdw_ext) + S(hb_int) + 1.0000*S(int)
S(int)  = S(vdw_int) + S(tors)

Internal terms are relative to best energy found (intcor).

--------------------------------------------------------------------------------


     Fitness  S(hb_ext) S(vdw_ext)  S(hb_int)    S(int)      intcor
     26.49       6.00      14.96       0.00      -0.07      -0.76

--------------------------------------------------------------------------------
--- GoldScore analysis of protein-ligand interactions                        ---
--------------------------------------------------------------------------------

  Ligand acceptor    9 Protein hydrogen 6731 donor 6685 bond energy  6.00 wt 1.00

--------------------------------------------------------------------------------

--------------------------------------------------------------------------------
--- Rescoring solution                                                       ---
--------------------------------------------------------------------------------

     Score     S(PLP)   S(hbond)     S(cho)   S(metal)  DE(clash)   DE(tors)
     18.10     -16.35       0.71       0.00       0.00       0.00       0.20

Doing AMOEBA simplex on best individual
Done simplexing #iterations 673, best score  24.19

     Score     S(PLP)   S(hbond)     S(cho)   S(metal)  DE(clash)   DE(tors)
     24.19     -19.48       1.66       0.00       0.00       0.00       0.13

--------------------------------------------------------------------------------
--- CHEMPLP breakdown of terms                                               ---
--------------------------------------------------------------------------------
CHEMPLP = - ( 1.0000*S(PLP) + -3.0000*S(hbond) + -6.0000*S(metal) + -3.0000*S(cho) )

Score = CHEMPLP - 1.0000*DE(clash) - 2.0000*DE(tors)


--------------------------------------------------------------------------------


--------------------------------------------------------------------------------
--- PLP analysis of protein-ligand interactions                              ---
--------------------------------------------------------------------------------
hydrogen bonding        :      -1.71
metal                   :       0.00
buried (polar-nonpolar) :      -2.04
nonpolar                :     -17.36
repulsive               :       1.33
--------------------------------------------------------------------------------


--------------------------------------------------------------------------------
--- ChemScore analysis of protein-ligand interactions                        ---
--------------------------------------------------------------------------------

* Hydrogen bonds                                                                
Protein donor 6685 hydrogen 6731 Ligand acceptor    9 bond energy  1.00 wt 0.94
Protein donor 8008 hydrogen 8059 Ligand acceptor   11 bond energy  1.00 wt 0.71


* CH..O interactions                                                            
  CH group selection                       : activated ring CH (adjacent to hetatom)

--------------------------------------------------------------------------------


--------------------------------------------------------------------------------
--- Intra-ligand clashes                                                     ---
--------------------------------------------------------------------------------

Ligand
--------------------------------------------------------------------------------


--------------------------------------------------------------------------------
--- Chromosome decoded                                                       ---
--------------------------------------------------------------------------------
Ligand Torsions
[   6    2    1    3]  -69.22
[  12    5    1    2] -176.78
Protein Torsions
[9495 9432 9431 9429] -149.36 
[7831 7798 7797 7794]   41.84 
Mapping
Ligand acceptors to protein hydrogens (mapping then atom ids)
  1   2 [  9->6731]
Ligand hydrogens to protein acceptors (mapping then atom ids)
Ligand shape atoms to protein points (mapping then atom ids & coords)
  3   916 [  7->(248.000 362.500 -65.000)]
  4  3069 [ 12->(250.000 365.250 -69.500)]
  6   120 [ 14->(247.000 363.000 -65.000)]
  7  1584 [ 16->(248.500 362.000 -65.500)]
Chromosome values
Integers:
   1   -1   -1   -1   -1   -1   -1  915 3068   -1  119 1583 
--------------------------------------------------------------------------------


--------------------------------------------------------------------------------
--- Diverse Solutions Stats                                                  ---
--------------------------------------------------------------------------------
  Move attempts                            :  14881
  Move failures                            :     28
  Failure rate                             :   0.002

--------------------------------------------------------------------------------

Current Ranking  3  1  2  4

--------------------------------------------------------------------------------

* GA execution time :                                                           
  total  0.2941 user  0.2670 sys  0.0271

--------------------------------------------------------------------------------
Fitness function evaluations: 15038

--------------------------------------------------------------------------------
** Docking run number  5 **
--------------------------------------------------------------------------------
  Rank fitness base is 5000.00 ; increment is 11.2233

* Initialising population(s) ...                                                
Number of constraints mappings 0
Number of constraints 0
  Population no.                           :      1
  Population size                          :    100
  Number of duplicates                     :      0
  Number of niche violations               :      0
  Number of errors                         :    127


Doing GA, no. of population(s) 1 size 100 selection pressure 1.100000

 Operation      Fitness  S(hb_ext) S(vdw_ext)  S(hb_int)    S(int)      intcor
         0      25.05       5.27      17.59       0.00     -22.05      -0.76
        27      25.21       5.27      17.63       0.00     -21.05      -0.76
        97      27.40       0.86      22.26       0.00     -18.63      -0.76
       151      29.67       0.83      22.14       0.00      -6.91      -0.76
       209      29.37       0.98      21.89       0.00      -6.91      -0.76
Reordering...
       420      25.95       1.78      19.00       0.00      -6.23      -0.76
       459      27.80       5.48      17.22       0.00      -4.23      -0.76
       764      26.64       5.74      16.59       0.00      -4.23      -0.76
       783      27.19       6.20      16.69       0.00      -4.23      -0.76
       800      27.46       6.20      16.67       0.00      -3.52      -0.76
      1045      26.49       1.32      19.04       0.00      -1.64      -0.76
      1219      26.37       1.26      19.04       0.00      -1.48      -0.76
      1351      27.03       5.95      16.88       0.00      -2.54      -0.76
      1840      26.76       5.95      16.99       0.00      -2.54      -0.76
      1993      26.79       5.95      16.88       0.00      -2.36      -0.76
--------------------------------------------------------------------------------
Best docking solution after GA:
      2000      26.79       5.95      16.88       0.00      -2.36      -0.76

#ops:       2000 #mutates:    957 #cross:     1043 #dups:       450 
#niche:     1043 #errors:      59 
--------------------------------------------------------------------------------

Doing AMOEBA simplex on best individual
Done simplexing #iterations 379, best score  31.23

Ligand is stored in gold_soln_ligand_prepared_m1_5.mol2


--------------------------------------------------------------------------------
--- GoldScore breakdown of terms                                             ---
--------------------------------------------------------------------------------
Fitness = S(hb_ext) + 1.3750*S(vdw_ext) + S(hb_int) + 1.0000*S(int)
S(int)  = S(vdw_int) + S(tors)

Internal terms are relative to best energy found (intcor).

--------------------------------------------------------------------------------


     Fitness  S(hb_ext) S(vdw_ext)  S(hb_int)    S(int)      intcor
     31.23       6.03      19.23       0.00      -1.25      -0.76

--------------------------------------------------------------------------------
--- GoldScore analysis of protein-ligand interactions                        ---
--------------------------------------------------------------------------------

  Ligand acceptor   11 Protein hydrogen 6731 donor 6685 bond energy  6.00 wt 1.00
  Ligand acceptor    9 Protein hydrogen 8059 donor 8008 bond energy  2.00 wt 0.02

--------------------------------------------------------------------------------

--------------------------------------------------------------------------------
--- Rescoring solution                                                       ---
--------------------------------------------------------------------------------

     Score     S(PLP)   S(hbond)     S(cho)   S(metal)  DE(clash)   DE(tors)
     -7.05      10.83       1.77       0.00       0.00       1.21       0.16

Doing AMOEBA simplex on best individual
Done simplexing #iterations 693, best score  31.10

     Score     S(PLP)   S(hbond)     S(cho)   S(metal)  DE(clash)   DE(tors)
     31.10     -31.15       0.53       0.00       0.00       0.89       0.37

--------------------------------------------------------------------------------
--- CHEMPLP breakdown of terms                                               ---
--------------------------------------------------------------------------------
CHEMPLP = - ( 1.0000*S(PLP) + -3.0000*S(hbond) + -6.0000*S(metal) + -3.0000*S(cho) )

Score = CHEMPLP - 1.0000*DE(clash) - 2.0000*DE(tors)


--------------------------------------------------------------------------------


--------------------------------------------------------------------------------
--- PLP analysis of protein-ligand interactions                              ---
--------------------------------------------------------------------------------
hydrogen bonding        :      -4.00
metal                   :       0.00
buried (polar-nonpolar) :      -4.69
nonpolar                :     -24.58
repulsive               :       2.39
--------------------------------------------------------------------------------


--------------------------------------------------------------------------------
--- ChemScore analysis of protein-ligand interactions                        ---
--------------------------------------------------------------------------------

* Hydrogen bonds                                                                
Ligand donor   10 hydrogen   23 Protein acceptor 7928 bond energy  1.00 wt 0.09
Protein donor 6685 hydrogen 6731 Ligand acceptor   11 bond energy  1.00 wt 0.01
Protein donor 7925 hydrogen 7979 Ligand acceptor   11 bond energy  1.00 wt 0.43


* CH..O interactions                                                            
  CH group selection                       : activated ring CH (adjacent to hetatom)

--------------------------------------------------------------------------------


--------------------------------------------------------------------------------
--- Intra-ligand clashes                                                     ---
--------------------------------------------------------------------------------

Ligand
  7 (C7   ) -   4 (C4   ):   0.89 (dist   2.73)
--------------------------------------------------------------------------------


--------------------------------------------------------------------------------
--- Chromosome decoded                                                       ---
--------------------------------------------------------------------------------
Ligand Torsions
[   6    2    1    3]   75.42
[  12    5    1    2] -172.67
Protein Torsions
[9495 9432 9431 9429]  -73.35 
[7831 7798 7797 7794]   87.88 
Mapping
Ligand acceptors to protein hydrogens (mapping then atom ids)
  1   7 [  9->8059]
  2   2 [ 11->6731]
Ligand hydrogens to protein acceptors (mapping then atom ids)
Ligand shape atoms to protein points (mapping then atom ids & coords)
  3   380 [  7->(247.500 362.750 -66.250)]
  6  2374 [ 14->(249.000 362.500 -64.500)]
  7  1975 [ 16->(248.750 362.000 -64.500)]
Chromosome values
Integers:
   6    1   -1   -1   -1   -1   -1  379   -1   -1 2373 1974 
--------------------------------------------------------------------------------


--------------------------------------------------------------------------------
--- Diverse Solutions Stats                                                  ---
--------------------------------------------------------------------------------
  Move attempts                            :  14984
  Move failures                            :     38
  Failure rate                             :   0.003

--------------------------------------------------------------------------------

Current Ranking  5  3  1  2  4

--------------------------------------------------------------------------------

* GA execution time :                                                           
  total  0.3023 user  0.3007 sys  0.0017

--------------------------------------------------------------------------------
Fitness function evaluations: 15132

--------------------------------------------------------------------------------
** Docking run number  6 **
--------------------------------------------------------------------------------
  Rank fitness base is 5000.00 ; increment is 11.2233

* Initialising population(s) ...                                                
Number of constraints mappings 0
Number of constraints 0
  Population no.                           :      1
  Population size                          :    100
  Number of duplicates                     :      0
  Number of niche violations               :      0
  Number of errors                         :    130


Doing GA, no. of population(s) 1 size 100 selection pressure 1.100000

 Operation      Fitness  S(hb_ext) S(vdw_ext)  S(hb_int)    S(int)      intcor
         0      29.12       0.38      21.69       0.00      -5.46      -0.76
        52      29.17       0.38      22.50       0.00     -10.34      -0.76
Reordering...
       120      28.20       0.23      21.90       0.00      -9.41      -0.76
       178      28.14       0.31      22.03       0.00     -10.34      -0.76
Reordering...
       180      28.00       0.20      21.87       0.00      -9.41      -0.76
       353      28.06       0.12      22.46       0.00     -10.23      -0.76
       380      28.30       0.11      22.18       0.00      -7.67      -0.76
       750      29.53       4.55      18.76       0.00      -1.83      -0.76
      1103      27.32       4.52      18.10       0.00      -3.21      -0.76
      1413      30.07       5.93      19.66       0.00      -3.21      -0.76
      1558      30.68       5.90      19.35       0.00      -1.83      -0.76
      1663      30.81       5.20      19.83       0.00      -1.66      -0.76
      1684      31.54       5.42      21.14       0.00      -2.95      -0.76
--------------------------------------------------------------------------------
Best docking solution after GA:
      2000      31.54       5.42      21.14       0.00      -2.95      -0.76

#ops:       2000 #mutates:    979 #cross:     1021 #dups:       512 
#niche:      939 #errors:      79 
--------------------------------------------------------------------------------

Doing AMOEBA simplex on best individual
Done simplexing #iterations 502, best score  33.40

Ligand is stored in gold_soln_ligand_prepared_m1_6.mol2


--------------------------------------------------------------------------------
--- GoldScore breakdown of terms                                             ---
--------------------------------------------------------------------------------
Fitness = S(hb_ext) + 1.3750*S(vdw_ext) + S(hb_int) + 1.0000*S(int)
S(int)  = S(vdw_int) + S(tors)

Internal terms are relative to best energy found (intcor).

--------------------------------------------------------------------------------


     Fitness  S(hb_ext) S(vdw_ext)  S(hb_int)    S(int)      intcor
     33.40       5.50      22.43       0.00      -2.93      -0.76

--------------------------------------------------------------------------------
--- GoldScore analysis of protein-ligand interactions                        ---
--------------------------------------------------------------------------------

  Ligand acceptor   17 Protein hydrogen 6731 donor 6685 bond energy  6.00 wt 0.92

--------------------------------------------------------------------------------

--------------------------------------------------------------------------------
--- Rescoring solution                                                       ---
--------------------------------------------------------------------------------

     Score     S(PLP)   S(hbond)     S(cho)   S(metal)  DE(clash)   DE(tors)
     16.96     -16.30       0.91       0.00       0.00       0.30       0.88

Doing AMOEBA simplex on best individual
Done simplexing #iterations 434, best score  31.70

     Score     S(PLP)   S(hbond)     S(cho)   S(metal)  DE(clash)   DE(tors)
     31.70     -33.23       0.05       0.00       0.00       0.43       0.63

--------------------------------------------------------------------------------
--- CHEMPLP breakdown of terms                                               ---
--------------------------------------------------------------------------------
CHEMPLP = - ( 1.0000*S(PLP) + -3.0000*S(hbond) + -6.0000*S(metal) + -3.0000*S(cho) )

Score = CHEMPLP - 1.0000*DE(clash) - 2.0000*DE(tors)


--------------------------------------------------------------------------------


--------------------------------------------------------------------------------
--- PLP analysis of protein-ligand interactions                              ---
--------------------------------------------------------------------------------
hydrogen bonding        :      -1.00
metal                   :       0.00
buried (polar-nonpolar) :      -0.07
nonpolar                :     -32.67
repulsive               :       0.55
--------------------------------------------------------------------------------


--------------------------------------------------------------------------------
--- ChemScore analysis of protein-ligand interactions                        ---
--------------------------------------------------------------------------------

* Hydrogen bonds                                                                
Ligand donor    8 hydrogen   22 Protein acceptor 8009 bond energy  1.00 wt 0.05


* CH..O interactions                                                            
  CH group selection                       : activated ring CH (adjacent to hetatom)

--------------------------------------------------------------------------------


--------------------------------------------------------------------------------
--- Intra-ligand clashes                                                     ---
--------------------------------------------------------------------------------

Ligand
  7 (C7   ) -   4 (C4   ):   0.43 (dist   2.74)
--------------------------------------------------------------------------------


--------------------------------------------------------------------------------
--- Chromosome decoded                                                       ---
--------------------------------------------------------------------------------
Ligand Torsions
[   6    2    1    3]   77.06
[  12    5    1    2]  -44.27
Protein Torsions
[9495 9432 9431 9429]   78.40 
[7831 7798 7797 7794]  143.78 
Mapping
Ligand acceptors to protein hydrogens (mapping then atom ids)
  3   2 [ 17->6731]
Ligand hydrogens to protein acceptors (mapping then atom ids)
Ligand shape atoms to protein points (mapping then atom ids & coords)
  2  1389 [  6->(248.250 363.250 -62.500)]
  3  1614 [  7->(248.500 362.250 -66.250)]
  6  3030 [ 14->(250.000 361.750 -62.500)]
  7  3024 [ 16->(250.000 361.500 -63.000)]
Chromosome values
Integers:
  -1   -1    1   -1   -1   -1 1388 1613   -1   -1 3029 3023 
--------------------------------------------------------------------------------


--------------------------------------------------------------------------------
--- Diverse Solutions Stats                                                  ---
--------------------------------------------------------------------------------
  Move attempts                            :  14694
  Move failures                            :     56
  Failure rate                             :   0.004

--------------------------------------------------------------------------------

Current Ranking  6  5  3  1  2  4

--------------------------------------------------------------------------------

* GA execution time :                                                           
  total  0.3075 user  0.2876 sys  0.0199

--------------------------------------------------------------------------------
Fitness function evaluations: 14847

--------------------------------------------------------------------------------
** Docking run number  7 **
--------------------------------------------------------------------------------
  Rank fitness base is 5000.00 ; increment is 11.2233

* Initialising population(s) ...                                                
Number of constraints mappings 0
Number of constraints 0
  Population no.                           :      1
  Population size                          :    100
  Number of duplicates                     :      0
  Number of niche violations               :      0
  Number of errors                         :    120


Doing GA, no. of population(s) 1 size 100 selection pressure 1.100000

 Operation      Fitness  S(hb_ext) S(vdw_ext)  S(hb_int)    S(int)      intcor
         0      31.59       2.25      23.07       0.00     -11.84      -0.76
Reordering...
       180      26.54       6.00      15.90       0.00      -5.42      -0.76
       219      27.00       1.86      20.49       0.00     -12.27      -0.76
       278      27.17       1.85      20.15       0.00      -9.03      -0.76
Reordering...
       420      25.54       6.00      15.45       0.00      -5.42      -0.76
       672      26.77       2.10      18.66       0.00      -2.44      -0.76
       949      26.07       2.04      18.45       0.00      -2.44      -0.76
      1320      26.26       1.79      19.26       0.00      -2.44      -0.76
      1371      27.46       6.09      17.00       0.00      -2.33      -0.76
      1846      27.20       6.08      17.05       0.00      -2.33      -0.76
--------------------------------------------------------------------------------
Best docking solution after GA:
      2000      27.20       6.08      17.05       0.00      -2.33      -0.76

#ops:       2000 #mutates:    986 #cross:     1014 #dups:       383 
#niche:     1017 #errors:      71 
--------------------------------------------------------------------------------

Doing AMOEBA simplex on best individual
Done simplexing #iterations 522, best score  31.42

Ligand is stored in gold_soln_ligand_prepared_m1_7.mol2


--------------------------------------------------------------------------------
--- GoldScore breakdown of terms                                             ---
--------------------------------------------------------------------------------
Fitness = S(hb_ext) + 1.3750*S(vdw_ext) + S(hb_int) + 1.0000*S(int)
S(int)  = S(vdw_int) + S(tors)

Internal terms are relative to best energy found (intcor).

--------------------------------------------------------------------------------


     Fitness  S(hb_ext) S(vdw_ext)  S(hb_int)    S(int)      intcor
     31.42       6.03      19.13       0.00      -0.91      -0.76

--------------------------------------------------------------------------------
--- GoldScore analysis of protein-ligand interactions                        ---
--------------------------------------------------------------------------------

  Ligand acceptor   11 Protein hydrogen 6731 donor 6685 bond energy  6.00 wt 1.00
  Ligand acceptor    9 Protein hydrogen 8059 donor 8008 bond energy  2.00 wt 0.02

--------------------------------------------------------------------------------

--------------------------------------------------------------------------------
--- Rescoring solution                                                       ---
--------------------------------------------------------------------------------

     Score     S(PLP)   S(hbond)     S(cho)   S(metal)  DE(clash)   DE(tors)
      0.96       2.50       1.72       0.00       0.00       0.00       0.85

Doing AMOEBA simplex on best individual
Done simplexing #iterations 583, best score  19.63

     Score     S(PLP)   S(hbond)     S(cho)   S(metal)  DE(clash)   DE(tors)
     19.63     -17.65       1.22       0.00       0.00       0.00       0.83

--------------------------------------------------------------------------------
--- CHEMPLP breakdown of terms                                               ---
--------------------------------------------------------------------------------
CHEMPLP = - ( 1.0000*S(PLP) + -3.0000*S(hbond) + -6.0000*S(metal) + -3.0000*S(cho) )

Score = CHEMPLP - 1.0000*DE(clash) - 2.0000*DE(tors)


--------------------------------------------------------------------------------


--------------------------------------------------------------------------------
--- PLP analysis of protein-ligand interactions                              ---
--------------------------------------------------------------------------------
hydrogen bonding        :      -1.53
metal                   :       0.00
buried (polar-nonpolar) :      -2.45
nonpolar                :     -15.79
repulsive               :       1.33
--------------------------------------------------------------------------------


--------------------------------------------------------------------------------
--- ChemScore analysis of protein-ligand interactions                        ---
--------------------------------------------------------------------------------

* Hydrogen bonds                                                                
Protein donor 6685 hydrogen 6731 Ligand acceptor   11 bond energy  1.00 wt 1.00
Protein donor 8008 hydrogen 8059 Ligand acceptor    9 bond energy  1.00 wt 0.22


* CH..O interactions                                                            
  CH group selection                       : activated ring CH (adjacent to hetatom)

--------------------------------------------------------------------------------


--------------------------------------------------------------------------------
--- Intra-ligand clashes                                                     ---
--------------------------------------------------------------------------------

Ligand
--------------------------------------------------------------------------------


--------------------------------------------------------------------------------
--- Chromosome decoded                                                       ---
--------------------------------------------------------------------------------
Ligand Torsions
[   6    2    1    3]   83.27
[  12    5    1    2] -171.13
Protein Torsions
[9495 9432 9431 9429]   27.40 
[7831 7798 7797 7794]  124.64 
Mapping
Ligand acceptors to protein hydrogens (mapping then atom ids)
  1   7 [  9->8059]
  2   2 [ 11->6731]
Ligand hydrogens to protein acceptors (mapping then atom ids)
Ligand shape atoms to protein points (mapping then atom ids & coords)
  3  1754 [  7->(248.500 363.250 -66.500)]
  5   982 [ 13->(248.000 363.000 -64.750)]
  6  1013 [ 14->(248.000 363.250 -65.000)]
Chromosome values
Integers:
   6    1   -1   -1   -1   -1   -1 1753   -1  981 1012   -1 
--------------------------------------------------------------------------------


--------------------------------------------------------------------------------
--- Diverse Solutions Stats                                                  ---
--------------------------------------------------------------------------------
  Move attempts                            :  14975
  Move failures                            :     45
  Failure rate                             :   0.003

--------------------------------------------------------------------------------

Current Ranking  6  7  5  3  1  2  4

--------------------------------------------------------------------------------

* GA execution time :                                                           
  total  0.3112 user  0.3009 sys  0.0103

--------------------------------------------------------------------------------
Fitness function evaluations: 15120

--------------------------------------------------------------------------------
** Docking run number  8 **
--------------------------------------------------------------------------------
  Rank fitness base is 5000.00 ; increment is 11.2233

* Initialising population(s) ...                                                
Number of constraints mappings 0
Number of constraints 0
  Population no.                           :      1
  Population size                          :    100
  Number of duplicates                     :      0
  Number of niche violations               :      0
  Number of errors                         :    140


Doing GA, no. of population(s) 1 size 100 selection pressure 1.100000

 Operation      Fitness  S(hb_ext) S(vdw_ext)  S(hb_int)    S(int)      intcor
         0      29.84       0.34      23.39       0.00     -13.31      -0.76
Reordering...
       200      26.57       0.00      20.22       0.00      -4.94      -0.76
       208      26.89       0.00      19.92       0.00      -1.99      -0.76
       233      27.70       0.46      22.66       0.00     -15.43      -0.76
       279      27.70       0.30      21.46       0.00      -7.98      -0.76
       387      26.12       0.28      20.54       0.00      -7.98      -0.76
       449      27.34       0.62      23.03       0.00     -15.43      -0.76
       818      27.03       0.41      22.18       0.00      -8.21      -0.76
      1061      25.49       1.68      18.02       0.00      -1.55      -0.76
      1460      24.47       1.18      18.02       0.00      -1.55      -0.76
      1692      25.32       0.00      18.54       0.00      -0.18      -0.76
--------------------------------------------------------------------------------
Best docking solution after GA:
      2000      25.32       0.00      18.54       0.00      -0.18      -0.76

#ops:       2000 #mutates:   1013 #cross:      987 #dups:       514 
#niche:      876 #errors:      74 
--------------------------------------------------------------------------------

Doing AMOEBA simplex on best individual
Done simplexing #iterations 663, best score  31.26

Ligand is stored in gold_soln_ligand_prepared_m1_8.mol2


--------------------------------------------------------------------------------
--- GoldScore breakdown of terms                                             ---
--------------------------------------------------------------------------------
Fitness = S(hb_ext) + 1.3750*S(vdw_ext) + S(hb_int) + 1.0000*S(int)
S(int)  = S(vdw_int) + S(tors)

Internal terms are relative to best energy found (intcor).

--------------------------------------------------------------------------------


     Fitness  S(hb_ext) S(vdw_ext)  S(hb_int)    S(int)      intcor
     31.26       0.00      22.81       0.00      -0.11      -0.76

--------------------------------------------------------------------------------
--- GoldScore analysis of protein-ligand interactions                        ---
--------------------------------------------------------------------------------


--------------------------------------------------------------------------------

--------------------------------------------------------------------------------
--- Rescoring solution                                                       ---
--------------------------------------------------------------------------------

     Score     S(PLP)   S(hbond)     S(cho)   S(metal)  DE(clash)   DE(tors)
     30.04     -30.08       0.00       0.00       0.00       0.00       0.02

Doing AMOEBA simplex on best individual
Done simplexing #iterations 443, best score  34.08

     Score     S(PLP)   S(hbond)     S(cho)   S(metal)  DE(clash)   DE(tors)
     34.08     -34.09       0.00       0.00       0.00       0.00       0.01

--------------------------------------------------------------------------------
--- CHEMPLP breakdown of terms                                               ---
--------------------------------------------------------------------------------
CHEMPLP = - ( 1.0000*S(PLP) + -3.0000*S(hbond) + -6.0000*S(metal) + -3.0000*S(cho) )

Score = CHEMPLP - 1.0000*DE(clash) - 2.0000*DE(tors)


--------------------------------------------------------------------------------


--------------------------------------------------------------------------------
--- PLP analysis of protein-ligand interactions                              ---
--------------------------------------------------------------------------------
hydrogen bonding        :      -1.54
metal                   :       0.00
buried (polar-nonpolar) :      -3.16
nonpolar                :     -30.79
repulsive               :       0.04
--------------------------------------------------------------------------------


--------------------------------------------------------------------------------
--- ChemScore analysis of protein-ligand interactions                        ---
--------------------------------------------------------------------------------

* Hydrogen bonds                                                                


* CH..O interactions                                                            
  CH group selection                       : activated ring CH (adjacent to hetatom)

--------------------------------------------------------------------------------


--------------------------------------------------------------------------------
--- Intra-ligand clashes                                                     ---
--------------------------------------------------------------------------------

Ligand
--------------------------------------------------------------------------------


--------------------------------------------------------------------------------
--- Chromosome decoded                                                       ---
--------------------------------------------------------------------------------
Ligand Torsions
[   6    2    1    3]  -57.92
[  12    5    1    2] -179.89
Protein Torsions
[9495 9432 9431 9429]  164.00 
[7831 7798 7797 7794]  -35.78 
Mapping
Ligand acceptors to protein hydrogens (mapping then atom ids)
Ligand hydrogens to protein acceptors (mapping then atom ids)
Ligand shape atoms to protein points (mapping then atom ids & coords)
  2   457 [  6->(247.500 363.500 -63.750)]
  5  1346 [ 13->(248.250 363.000 -64.750)]
  7  3017 [ 16->(250.000 361.000 -62.750)]
Chromosome values
Integers:
  -1   -1   -1   -1   -1   -1  456   -1   -1 1345   -1 3016 
--------------------------------------------------------------------------------


--------------------------------------------------------------------------------
--- Diverse Solutions Stats                                                  ---
--------------------------------------------------------------------------------
  Move attempts                            :  14949
  Move failures                            :     58
  Failure rate                             :   0.004

--------------------------------------------------------------------------------

Current Ranking  6  7  8  5  3  1  2  4

--------------------------------------------------------------------------------

* GA execution time :                                                           
  total  0.3065 user  0.3056 sys  0.0009

--------------------------------------------------------------------------------
Fitness function evaluations: 15103

--------------------------------------------------------------------------------
** Docking run number  9 **
--------------------------------------------------------------------------------
  Rank fitness base is 5000.00 ; increment is 11.2233

* Initialising population(s) ...                                                
Number of constraints mappings 0
Number of constraints 0
  Population no.                           :      1
  Population size                          :    100
  Number of duplicates                     :      0
  Number of niche violations               :      0
  Number of errors                         :    133


Doing GA, no. of population(s) 1 size 100 selection pressure 1.100000

 Operation      Fitness  S(hb_ext) S(vdw_ext)  S(hb_int)    S(int)      intcor
         0      29.39       0.94      23.10       0.00     -16.56      -0.76
        29      29.35       0.96      23.11       0.00     -16.56      -0.76
        59      29.81       0.96      23.37       0.00     -15.70      -0.76
       686      24.77       0.86      22.13       0.00     -15.70      -0.76
       769      24.96       0.63      21.90       0.00     -12.79      -0.76
       781      26.02       0.59      22.29       0.00     -11.31      -0.76
       932      25.76       0.62      22.34       0.00     -10.38      -0.76
Reordering...
      1200      22.82       6.00      14.79       0.00      -4.86      -0.76
      1433      22.97       6.00      14.48       0.00      -3.20      -0.76
      1467      23.07       6.00      14.75       0.00      -3.36      -0.76
      1524      23.71       6.00      14.47       0.00      -2.18      -0.76
      1774      23.72       6.00      14.46       0.00      -2.17      -0.76
--------------------------------------------------------------------------------
Best docking solution after GA:
      2000      23.72       6.00      14.46       0.00      -2.17      -0.76

#ops:       2000 #mutates:    988 #cross:     1012 #dups:       442 
#niche:      916 #errors:      68 
--------------------------------------------------------------------------------

Doing AMOEBA simplex on best individual
Done simplexing #iterations 583, best score  26.66

Ligand is stored in gold_soln_ligand_prepared_m1_9.mol2


--------------------------------------------------------------------------------
--- GoldScore breakdown of terms                                             ---
--------------------------------------------------------------------------------
Fitness = S(hb_ext) + 1.3750*S(vdw_ext) + S(hb_int) + 1.0000*S(int)
S(int)  = S(vdw_int) + S(tors)

Internal terms are relative to best energy found (intcor).

--------------------------------------------------------------------------------


     Fitness  S(hb_ext) S(vdw_ext)  S(hb_int)    S(int)      intcor
     26.66       6.00      16.61       0.00      -2.17      -0.76

--------------------------------------------------------------------------------
--- GoldScore analysis of protein-ligand interactions                        ---
--------------------------------------------------------------------------------

  Ligand acceptor   11 Protein hydrogen 6732 donor 6685 bond energy  6.00 wt 1.00

--------------------------------------------------------------------------------

--------------------------------------------------------------------------------
--- Rescoring solution                                                       ---
--------------------------------------------------------------------------------

     Score     S(PLP)   S(hbond)     S(cho)   S(metal)  DE(clash)   DE(tors)
     16.03     -14.50       1.00       0.00       0.00       1.29       0.09

Doing AMOEBA simplex on best individual
Done simplexing #iterations 601, best score  21.83

     Score     S(PLP)   S(hbond)     S(cho)   S(metal)  DE(clash)   DE(tors)
     21.83     -20.26       1.00       0.00       0.00       1.25       0.09

--------------------------------------------------------------------------------
--- CHEMPLP breakdown of terms                                               ---
--------------------------------------------------------------------------------
CHEMPLP = - ( 1.0000*S(PLP) + -3.0000*S(hbond) + -6.0000*S(metal) + -3.0000*S(cho) )

Score = CHEMPLP - 1.0000*DE(clash) - 2.0000*DE(tors)


--------------------------------------------------------------------------------


--------------------------------------------------------------------------------
--- PLP analysis of protein-ligand interactions                              ---
--------------------------------------------------------------------------------
hydrogen bonding        :      -1.00
metal                   :       0.00
buried (polar-nonpolar) :      -0.58
nonpolar                :     -20.08
repulsive               :       0.31
--------------------------------------------------------------------------------


--------------------------------------------------------------------------------
--- ChemScore analysis of protein-ligand interactions                        ---
--------------------------------------------------------------------------------

* Hydrogen bonds                                                                
Protein donor 6685 hydrogen 6732 Ligand acceptor   11 bond energy  1.00 wt 1.00


* CH..O interactions                                                            
  CH group selection                       : activated ring CH (adjacent to hetatom)

--------------------------------------------------------------------------------


--------------------------------------------------------------------------------
--- Intra-ligand clashes                                                     ---
--------------------------------------------------------------------------------

Ligand
  7 (C7   ) -   3 (C3   ):   1.25 (dist   2.72)
--------------------------------------------------------------------------------


--------------------------------------------------------------------------------
--- Chromosome decoded                                                       ---
--------------------------------------------------------------------------------
Ligand Torsions
[   6    2    1    3]  175.04
[  12    5    1    2]  174.83
Protein Torsions
[9495 9432 9431 9429] -141.63 
[7831 7798 7797 7794]  131.98 
Mapping
Ligand acceptors to protein hydrogens (mapping then atom ids)
  2   3 [ 11->6732]
Ligand hydrogens to protein acceptors (mapping then atom ids)
Ligand shape atoms to protein points (mapping then atom ids & coords)
  3   844 [  7->(248.000 361.250 -76.000)]
  6  2821 [ 14->(249.500 363.250 -76.500)]
Chromosome values
Integers:
  -1    2   -1   -1   -1   -1   -1  843   -1   -1 2820   -1 
--------------------------------------------------------------------------------


--------------------------------------------------------------------------------
--- Diverse Solutions Stats                                                  ---
--------------------------------------------------------------------------------
  Move attempts                            :  15035
  Move failures                            :     30
  Failure rate                             :   0.002

--------------------------------------------------------------------------------

Current Ranking  6  7  8  5  3  1  2  9  4

--------------------------------------------------------------------------------

* GA execution time :                                                           
  total  0.3133 user  0.2948 sys  0.0185

--------------------------------------------------------------------------------
Fitness function evaluations: 15207

--------------------------------------------------------------------------------
** Docking run number 10 **
--------------------------------------------------------------------------------
  Rank fitness base is 5000.00 ; increment is 11.2233

* Initialising population(s) ...                                                
Number of constraints mappings 0
Number of constraints 0
  Population no.                           :      1
  Population size                          :    100
  Number of duplicates                     :      0
  Number of niche violations               :      0
  Number of errors                         :    132


Doing GA, no. of population(s) 1 size 100 selection pressure 1.100000

 Operation      Fitness  S(hb_ext) S(vdw_ext)  S(hb_int)    S(int)      intcor
         0      29.27       0.06      22.93       0.00     -11.57      -0.76
        63      29.72       0.12      23.32       0.00     -11.57      -0.76
       317      25.98       0.98      18.30       0.00      -0.58      -0.76
       388      25.42       3.82      17.82       0.00      -9.68      -0.76
Reordering...
       400      25.40       0.96      17.91       0.00      -0.58      -0.76
       508      24.37       3.74      17.41       0.00      -9.68      -0.76
       510      24.41       6.74      13.10       0.00      -0.99      -0.76
Reordering...
       540      23.95       4.29      15.45       0.00      -4.45      -0.76
       654      28.60       3.19      18.76       0.00      -0.99      -0.76
       752      27.71       3.19      18.15       0.00      -0.99      -0.76
Reordering...
       960      25.26       6.43      14.35       0.00      -1.61      -0.76
      1026      25.24       6.41      14.39       0.00      -1.61      -0.76
      1083      26.63       6.77      15.19       0.00      -1.61      -0.76
      1410      26.59       1.46      18.66       0.00      -0.58      -0.76
      1535      27.45       4.11      17.19       0.00      -0.30      -0.76
--------------------------------------------------------------------------------
Best docking solution after GA:
      2000      27.45       4.11      17.19       0.00      -0.30      -0.76

#ops:       2000 #mutates:   1007 #cross:      993 #dups:       422 
#niche:      964 #errors:     114 
--------------------------------------------------------------------------------

Doing AMOEBA simplex on best individual
Done simplexing #iterations 684, best score  34.70

Ligand is stored in gold_soln_ligand_prepared_m1_10.mol2


--------------------------------------------------------------------------------
--- GoldScore breakdown of terms                                             ---
--------------------------------------------------------------------------------
Fitness = S(hb_ext) + 1.3750*S(vdw_ext) + S(hb_int) + 1.0000*S(int)
S(int)  = S(vdw_int) + S(tors)

Internal terms are relative to best energy found (intcor).

--------------------------------------------------------------------------------


     Fitness  S(hb_ext) S(vdw_ext)  S(hb_int)    S(int)      intcor
     34.70       4.53      22.08       0.00      -0.19      -0.76

--------------------------------------------------------------------------------
--- GoldScore analysis of protein-ligand interactions                        ---
--------------------------------------------------------------------------------

  Ligand acceptor   17 Protein hydrogen 6731 donor 6685 bond energy  6.00 wt 0.76

--------------------------------------------------------------------------------

--------------------------------------------------------------------------------
--- Rescoring solution                                                       ---
--------------------------------------------------------------------------------

     Score     S(PLP)   S(hbond)     S(cho)   S(metal)  DE(clash)   DE(tors)
     17.75     -16.14       0.62       0.00       0.00       0.00       0.12

Doing AMOEBA simplex on best individual
Done simplexing #iterations 674, best score  30.57

     Score     S(PLP)   S(hbond)     S(cho)   S(metal)  DE(clash)   DE(tors)
     30.57     -28.21       1.00       0.00       0.00       0.00       0.32

--------------------------------------------------------------------------------
--- CHEMPLP breakdown of terms                                               ---
--------------------------------------------------------------------------------
CHEMPLP = - ( 1.0000*S(PLP) + -3.0000*S(hbond) + -6.0000*S(metal) + -3.0000*S(cho) )

Score = CHEMPLP - 1.0000*DE(clash) - 2.0000*DE(tors)


--------------------------------------------------------------------------------


--------------------------------------------------------------------------------
--- PLP analysis of protein-ligand interactions                              ---
--------------------------------------------------------------------------------
hydrogen bonding        :      -1.00
metal                   :       0.00
buried (polar-nonpolar) :       0.39
nonpolar                :     -29.51
repulsive               :       1.69
--------------------------------------------------------------------------------


--------------------------------------------------------------------------------
--- ChemScore analysis of protein-ligand interactions                        ---
--------------------------------------------------------------------------------

* Hydrogen bonds                                                                
Protein donor 6685 hydrogen 6731 Ligand acceptor   17 bond energy  1.00 wt 1.00


* CH..O interactions                                                            
  CH group selection                       : activated ring CH (adjacent to hetatom)

--------------------------------------------------------------------------------


--------------------------------------------------------------------------------
--- Intra-ligand clashes                                                     ---
--------------------------------------------------------------------------------

Ligand
--------------------------------------------------------------------------------


--------------------------------------------------------------------------------
--- Chromosome decoded                                                       ---
--------------------------------------------------------------------------------
Ligand Torsions
[   6    2    1    3]  -70.22
[  12    5    1    2] -177.30
Protein Torsions
[9495 9432 9431 9429]   56.02 
[7831 7798 7797 7794]  -42.38 
Mapping
Ligand acceptors to protein hydrogens (mapping then atom ids)
  3   2 [ 17->6731]
Ligand hydrogens to protein acceptors (mapping then atom ids)
Ligand shape atoms to protein points (mapping then atom ids & coords)
  2   922 [  6->(248.000 362.500 -63.500)]
  3  1691 [  7->(248.500 362.750 -64.500)]
  5  2313 [ 13->(249.000 361.750 -62.750)]
  6  1593 [ 14->(248.500 362.000 -63.250)]
  7  2415 [ 16->(249.000 363.000 -62.500)]
Chromosome values
Integers:
  -1   -1    1   -1   -1   -1  921 1690   -1 2312 1592 2414 
--------------------------------------------------------------------------------


--------------------------------------------------------------------------------
--- Diverse Solutions Stats                                                  ---
--------------------------------------------------------------------------------
  Move attempts                            :  15290
  Move failures                            :    102
  Failure rate                             :   0.007

--------------------------------------------------------------------------------

Current Ranking 10  6  7  8  5  3  1  2  9  4

--------------------------------------------------------------------------------

* GA execution time :                                                           
  total  0.3353 user  0.3137 sys  0.0216

--------------------------------------------------------------------------------
Fitness function evaluations: 15436

--------------------------------------------------------------------------------
--- Ranking analysis                                                         ---
--------------------------------------------------------------------------------


* Final ranked order of GA solutions:                                           
  10  6  7  8  5  3  1  2  9  4 

  _______________________________
  RMSD Matrix of RANKED solutions

        2    3    4    5    6    7    8    9   10  

   1 :  0.8  3.6  4.2  3.6  3.9  2.4  2.9 10.8  3.9
   2 :       3.6  4.1  3.6  3.8  2.7  3.2 10.8  3.8
   3 :            6.8  0.2  2.6  4.9  5.1  9.4  2.8
   4 :                 6.8  6.5  5.0  5.6 14.2  6.4
   5 :                      2.5  4.9  5.1  9.4  2.8
   6 :                           4.6  4.9  9.7  0.9
   7 :                                0.9 10.3  4.4
   8 :                                     9.8  4.6
   9 :                                          9.7

  Clustering method                        : complete linkage
  Structure ids in cluster table           : rank nos.
  Ordering of clusters and their members   : by rank (order if from rms_analysis)

  Distance | Clusters
   0.16    |  1 |  2 |  3  5 |  4 |  6 |  7 |  8 |  9 | 10 |
   0.83    |  1  2 |  3  5 |  4 |  6 |  7 |  8 |  9 | 10 |
   0.89    |  1  2 |  3  5 |  4 |  6 |  7  8 |  9 | 10 |
   0.91    |  1  2 |  3  5 |  4 |  6 10 |  7  8 |  9 |
   2.80    |  1  2 |  3  5  6 10 |  4 |  7  8 |  9 |
   3.16    |  1  2  7  8 |  3  5  6 10 |  4 |  9 |
   5.08    |  1  2  3  5  6  7  8 10 |  4 |  9 |
   6.85    |  1  2  3  4  5  6  7  8 10 |  9 |
  14.20    |  1  2  3  4  5  6  7  8  9 10 |
  Finished Docking Ligand                  : /mnt/c/Users/ricca/Desktop/Documents/1_Coding/1_Script_Github/Reverse_Docking_Explore_V3/7ts3/ligand_prepared.mol2
--------------------------------------------------------------------------------

  Relative_Ligand_Energy (best encountered) :  -0.759
  Relative_Ligand_Energy: fitness values have been corrected using this amount
