
--------------------------------------------------------------------------------
--- Ligand                                                                   ---
--------------------------------------------------------------------------------
  Ligand loaded from file                  : /mnt/c/Users/ricca/Desktop/Documents/1_Coding/1_Script_Github/Reverse_Docking_Explore_V3/3fmm/ligand_prepared.mol2
  Ligand name                              :  
  "CT1002167954                                                             "

--------------------------------------------------------------------------------
  N.plc donors                             : 
  none found

  Acidic nitrogen acceptors                : 
  none found
  Sulfur acceptors                         :
  none found


  Donor atoms                              :      2
  8   10  
  Acceptor atoms                           :      3
  9   11  17  

  Hydrogens                                :  (n = 2)
  22   23   

  Lone pairs added to molecule             :      6
  Numbering                                : from 30 to 35

--------------------------------------------------------------------------------
--- Postprocessing of typing                                                 ---
--------------------------------------------------------------------------------
  Fragment file                            : /home/hitesit/CCDC/Discovery_2022/GOLD/gold/rotatable_bond_override.mol2
  acylurea fragment                        : 2 matches
  Ligand bond 15-8  set to flip
  Ligand bond 15-10  set to flip
  Ligand bond 15-10  set to 1
  Ligand bond 15-8  set to 1
  Ligand bond 10-4  set to flip
  Ligand bond 8-3  set to flip
  thioacylthiourea fragment                : no matches
  acylthiourea fragment                    : no matches
  thioacylurea fragment                    : no matches
  diarylamine fragment >C.ar-NH-C.ar<      : no matches
  sec-amine (1) fragment                   : no matches
  sec-amine (2) fragment                   : no matches
  sec-amine (3) fragment                   : no matches
  carboxylic ester                         : no matches

* Rotatable bonds in /mnt/c/Users/ricca/D  :
  [   1    2] [   1    5] 
  No. of rotatable bonds                   :      2


* Reading torsional distributions from file:
  /home/hitesit/CCDC/Discovery_2022/GOLD/gold/gold.tordist
  No. of bins in torsional distributions   :     36
  Minimum size of largest peak             :      0
  Removing high energy torsions            : on
  Delta E set to                           :   2.500

* Fragments found in /mnt/c/Users/ricca/D  :
  atom   2: benzene
  atom   6: benzene
  atom   7: benzene
  atom  13: benzene
  atom  14: benzene
  atom  16: benzene


* Checking torsion distributions:                                               
  No. of matched torsions                  :      0

--------------------------------------------------------------------------------
--- Shape fitting atoms selection (hydrophobic atoms)                        ---
--------------------------------------------------------------------------------
  Molecule                                 : /mnt/c/Users/ricca/Desktop/Documents/1_Coding/1_Script_Github/Reverse_Docking_Explore_V3/3fmm/ligand_prepared.mol2
  Selection                                : carbons only
  Atom numbers                             :  (n = 7)
  5    6    7    12   13   14   16   

--------------------------------------------------------------------------------
--- Diverse Solutions Setup                                                  ---
--------------------------------------------------------------------------------
  Cluster size                             :      2
  RMSD                                     :   2.000
  Refinement                               :      0


--------------------------------------------------------------------------------
--- ChemScore ligand setup summary                                           ---
--------------------------------------------------------------------------------
  ChemScore ligand acceptors               :      3
  9 11 17 
  ChemScore ligand donors                  :      2
  8 ( 22  ) 10 ( 23  ) 
  ChemScore ligand CH donors               :      0
  

  ChemScore ligand lipophilic atoms        :  (n = 9)
  1    2    5    6    7    12   13   14   16   

  ChemScore ligand rotatable bonds         :      2
  1   (C1 ) - 2   (C2 ): SP3_SP2_BOND
  1   (C1 ) - 5   (C5 ): SP3_SP3_BOND

--------------------------------------------------------------------------------
--- PLP ligand setup summary                                                 ---
--------------------------------------------------------------------------------
    1    C1   C.3 NONPOLAR
    2    C2  C.ar NONPOLAR
    3    C3   C.2 NONPOLAR
    4    C4   C.2 NONPOLAR
    5    C5   C.3 NONPOLAR
    6    C6  C.ar NONPOLAR
    7    C7  C.ar NONPOLAR
    8    N8  N.am DONOR
    9    O9   O.2 ACCEPTOR
   10   N10  N.am DONOR
   11   O11   O.2 ACCEPTOR
   12   C12   C.3 NONPOLAR
   13   C13  C.ar NONPOLAR
   14   C14  C.ar NONPOLAR
   15   C15   C.2 NONPOLAR
   16   C16  C.ar NONPOLAR
   17   O17   O.2 ACCEPTOR

--------------------------------------------------------------------------------
--- Automatic parameter setting                                              ---
--------------------------------------------------------------------------------
  Contribution base                        :   2500
  Contribution per rotatable bond          :   6000
  Contribution per df                      :   4000
  Contribution per water                   :  10000
  Ligand rotatable bonds                   :      2
  Protein flexible side chain bonds        :      0
  Total rotatable bonds                    :      2
  Hydrophobic vol ratio (P/L)              :   2.890
  Base multiplier (polar)                  :   1.000
  Base multiplier (apolar)                 :   4.047
  Base contribution                        : 12500.000
  Fitting points                           :      5
  Estimated maxops needed (optimal)        :  25000
  Autoscale factor (in percent)            :     10
  Scaled maxops                            :   2750

--------------------------------------------------------------------------------

* Population settings                                                           
  maxops                                   :   2750
  popsiz                                   :    100
  select_pressure                          :   1.100
  n_islands                                :      1
  niche_siz                                :      2

* GA settings                                                                   
  pt_crosswt                               :    100
  allele_mutatewt                          :    100
  migratewt                                :      0

* Search settings                                                               
  start_vdw_linear_cutoff                  :   6.000
  initial_virtual_pt_match_max             :   3.000
  Scaling of internal VDW energy           : log scale from  0.2 to    1
                                             over 2062 ops
  Sampling interval (operations)           :     27
  Scaling of virtual pt maximum length     : linear scale from    3 to    2
                                             over  2062 ops
  Sampling interval (operations)           :     82
  Scaling of 4-8 potential cutoff          : log scale from    6 to 1.2e+02
                                             over 2062 ops
  Sampling interval (operations)           :     82

--------------------------------------------------------------------------------

* Ligand initialisation time :                                                  
  total  0.1235 user  0.0143 sys  0.1092

--------------------------------------------------------------------------------

--------------------------------------------------------------------------------
** Docking run number  1 **
--------------------------------------------------------------------------------
  Rank fitness base is 5000.00 ; increment is 11.2233

* Initialising population(s) ...                                                
Number of constraints mappings 0
Number of constraints 0
  Population no.                           :      1
  Population size                          :    100
  Number of duplicates                     :      0
  Number of niche violations               :      0
  Number of errors                         :   1699


Doing GA, no. of population(s) 1 size 100 selection pressure 1.100000

 Operation      Fitness  S(hb_ext) S(vdw_ext)  S(hb_int)    S(int)      intcor
         0      34.50       0.28      25.03       0.00      -0.99      -0.82
       130      36.79       0.12      26.95       0.00      -1.75      -0.82
       564      29.92       0.09      22.09       0.00      -1.77      -0.80
       622      28.96       0.10      22.56       0.00      -6.63      -0.80
       752      31.08       3.14      21.47       0.00      -4.50      -0.80
       887      29.67       3.13      20.58       0.00      -4.50      -0.80
      1146      24.86       3.10      17.41       0.00      -4.50      -0.80
Reordering...
      1148      23.26       0.38      17.00       0.00      -1.01      -0.80
      1148      23.46       2.29      17.66       0.00      -6.42      -0.80
      1221      23.27       2.29      17.67       0.00      -6.42      -0.80
Reordering...
      1230      22.41       0.36      16.41       0.00      -1.01      -0.80
      1343      22.78       2.54      17.35       0.00      -6.42      -0.80
      1538      20.67       2.49      16.27       0.00      -6.42      -0.80
      1574      20.30       0.00      15.19       0.00      -0.87      -0.80
      1701      21.46       2.93      17.00       0.00      -6.42      -0.80
      1786      22.58       3.02      17.98       0.00      -6.42      -0.80
Reordering...
      1917      20.00       0.06      14.67       0.00      -0.27      -0.80
      2132      20.81       0.38      17.25       0.00      -3.29      -0.80
      2208      24.74       0.00      19.16       0.00      -1.61      -0.80
--------------------------------------------------------------------------------
Best docking solution after GA:
      2750      24.74       0.00      19.16       0.00      -1.61      -0.80

#ops:       2750 #mutates:   1412 #cross:     1338 #dups:       567 
#niche:     1431 #errors:      73 
--------------------------------------------------------------------------------

Doing AMOEBA simplex on best individual
Done simplexing #iterations 694, best score  37.46

Ligand is stored in gold_soln_ligand_prepared_m1_1.mol2


--------------------------------------------------------------------------------
--- GoldScore breakdown of terms                                             ---
--------------------------------------------------------------------------------
Fitness = S(hb_ext) + 1.3750*S(vdw_ext) + S(hb_int) + 1.0000*S(int)
S(int)  = S(vdw_int) + S(tors)

Internal terms are relative to best energy found (intcor).

--------------------------------------------------------------------------------


     Fitness  S(hb_ext) S(vdw_ext)  S(hb_int)    S(int)      intcor
     37.46       0.00      27.97       0.00      -0.99      -0.80

--------------------------------------------------------------------------------
--- GoldScore analysis of protein-ligand interactions                        ---
--------------------------------------------------------------------------------


--------------------------------------------------------------------------------

--------------------------------------------------------------------------------
--- Rescoring solution                                                       ---
--------------------------------------------------------------------------------

     Score     S(PLP)   S(hbond)     S(cho)   S(metal)  DE(clash)   DE(tors)
    -11.66       9.08       0.00       0.00       0.00       1.12       0.72

Doing AMOEBA simplex on best individual
Done simplexing #iterations 481, best score  36.59

     Score     S(PLP)   S(hbond)     S(cho)   S(metal)  DE(clash)   DE(tors)
     36.59     -38.77       0.00       0.00       0.00       2.02       0.08

--------------------------------------------------------------------------------
--- CHEMPLP breakdown of terms                                               ---
--------------------------------------------------------------------------------
CHEMPLP = - ( 1.0000*S(PLP) + -3.0000*S(hbond) + -6.0000*S(metal) + -3.0000*S(cho) )

Score = CHEMPLP - 1.0000*DE(clash) - 2.0000*DE(tors)


--------------------------------------------------------------------------------


--------------------------------------------------------------------------------
--- PLP analysis of protein-ligand interactions                              ---
--------------------------------------------------------------------------------
hydrogen bonding        :       0.00
metal                   :       0.00
buried (polar-nonpolar) :       2.66
nonpolar                :     -42.35
repulsive               :       0.10
--------------------------------------------------------------------------------


--------------------------------------------------------------------------------
--- ChemScore analysis of protein-ligand interactions                        ---
--------------------------------------------------------------------------------

* Hydrogen bonds                                                                


* CH..O interactions                                                            
  CH group selection                       : activated ring CH (adjacent to hetatom)

--------------------------------------------------------------------------------


--------------------------------------------------------------------------------
--- Intra-ligand clashes                                                     ---
--------------------------------------------------------------------------------

Ligand
  6 (C6   ) -   3 (C3   ):   2.02 (dist   2.69)
--------------------------------------------------------------------------------


--------------------------------------------------------------------------------
--- Chromosome decoded                                                       ---
--------------------------------------------------------------------------------
Ligand Torsions
[   6    2    1    3]  -28.31
[  12    5    1    2]  174.28
Protein Torsions
[ 523  520  519  517]   63.76 
[1700 1693 1691 1688]   67.81 
[ 491  486  485  482]  -55.01 
Mapping
Ligand acceptors to protein hydrogens (mapping then atom ids)
Ligand hydrogens to protein acceptors (mapping then atom ids)
Ligand shape atoms to protein points (mapping then atom ids & coords)
  3  8627 [  7->( 25.500  10.000  31.000)]
  4  6159 [ 12->( 23.000   9.000  30.000)]
  6  9142 [ 14->( 26.000   8.750  33.500)]
Chromosome values
Integers:
  -1   -1   -1   -1   -1   -1   -1 8626 6158   -1 9141   -1 
--------------------------------------------------------------------------------


--------------------------------------------------------------------------------
--- Diverse Solutions Stats                                                  ---
--------------------------------------------------------------------------------
  Move attempts                            :  18769
  Move failures                            :      0
  Failure rate                             :   0.000

--------------------------------------------------------------------------------

Current Ranking  1

--------------------------------------------------------------------------------

* GA execution time :                                                           
  total  1.0561 user  1.0244 sys  0.0317

--------------------------------------------------------------------------------
Fitness function evaluations: 20543

--------------------------------------------------------------------------------
** Docking run number  2 **
--------------------------------------------------------------------------------
  Rank fitness base is 5000.00 ; increment is 11.2233

* Initialising population(s) ...                                                
Number of constraints mappings 0
Number of constraints 0
  Population no.                           :      1
  Population size                          :    100
  Number of duplicates                     :      0
  Number of niche violations               :      0
  Number of errors                         :   1662


Doing GA, no. of population(s) 1 size 100 selection pressure 1.100000

 Operation      Fitness  S(hb_ext) S(vdw_ext)  S(hb_int)    S(int)      intcor
         0      35.86       0.13      26.11       0.00      -0.88      -0.80
Reordering...
       164      34.02       1.15      25.35       0.00      -8.81      -0.80
       223      36.22       0.06      26.37       0.00      -0.38      -0.80
Reordering...
       410      32.40       1.06      24.55       0.00      -8.81      -0.80
       413      32.58       0.42      25.67       0.00     -11.37      -0.80
Reordering...
       492      31.74       1.03      24.21       0.00      -8.81      -0.80
       638      31.31       1.20      23.98       0.00      -8.81      -0.80
      1021      26.78       0.69      22.59       0.00     -11.37      -0.80
      1072      27.00       0.75      19.65       0.00      -1.69      -0.80
Reordering...
      1558      22.83       0.57      21.69       0.00     -11.37      -0.80
Reordering...
      1593      22.52       0.54      16.84       0.00      -1.69      -0.80
      1599      22.70       2.07      19.44       0.00      -8.79      -0.80
Reordering...
      1674      21.78       2.04      18.56       0.00      -7.84      -0.80
      2184      17.73       2.00      17.14       0.00      -7.84      -0.80
      2319      18.55       1.93      17.78       0.00      -7.84      -0.80
      2337      18.63       1.93      17.84       0.00      -7.84      -0.80
--------------------------------------------------------------------------------
Best docking solution after GA:
      2750      18.63       1.93      17.84       0.00      -7.84      -0.80

#ops:       2750 #mutates:   1347 #cross:     1403 #dups:       541 
#niche:     1351 #errors:      88 
--------------------------------------------------------------------------------

Doing AMOEBA simplex on best individual
Done simplexing #iterations 716, best score  26.16

Ligand is stored in gold_soln_ligand_prepared_m1_2.mol2


--------------------------------------------------------------------------------
--- GoldScore breakdown of terms                                             ---
--------------------------------------------------------------------------------
Fitness = S(hb_ext) + 1.3750*S(vdw_ext) + S(hb_int) + 1.0000*S(int)
S(int)  = S(vdw_int) + S(tors)

Internal terms are relative to best energy found (intcor).

--------------------------------------------------------------------------------


     Fitness  S(hb_ext) S(vdw_ext)  S(hb_int)    S(int)      intcor
     26.16       1.41      22.21       0.00      -5.79      -0.80

--------------------------------------------------------------------------------
--- GoldScore analysis of protein-ligand interactions                        ---
--------------------------------------------------------------------------------

  Ligand donor    8 hydrogen   22 Protein acceptor 1704 bond energy  2.00 wt 0.70

--------------------------------------------------------------------------------

--------------------------------------------------------------------------------
--- Rescoring solution                                                       ---
--------------------------------------------------------------------------------

     Score     S(PLP)   S(hbond)     S(cho)   S(metal)  DE(clash)   DE(tors)
      7.75      -8.52       0.32       0.00       0.00       0.91       0.42

Doing AMOEBA simplex on best individual
Done simplexing #iterations 622, best score  26.53

     Score     S(PLP)   S(hbond)     S(cho)   S(metal)  DE(clash)   DE(tors)
     26.53     -25.35       1.00       0.00       0.00       0.62       0.60

--------------------------------------------------------------------------------
--- CHEMPLP breakdown of terms                                               ---
--------------------------------------------------------------------------------
CHEMPLP = - ( 1.0000*S(PLP) + -3.0000*S(hbond) + -6.0000*S(metal) + -3.0000*S(cho) )

Score = CHEMPLP - 1.0000*DE(clash) - 2.0000*DE(tors)


--------------------------------------------------------------------------------


--------------------------------------------------------------------------------
--- PLP analysis of protein-ligand interactions                              ---
--------------------------------------------------------------------------------
hydrogen bonding        :      -1.27
metal                   :       0.00
buried (polar-nonpolar) :      14.77
nonpolar                :     -40.88
repulsive               :       1.05
--------------------------------------------------------------------------------


--------------------------------------------------------------------------------
--- ChemScore analysis of protein-ligand interactions                        ---
--------------------------------------------------------------------------------

* Hydrogen bonds                                                                
Ligand donor    8 hydrogen   22 Protein acceptor 1704 bond energy  1.00 wt 1.00


* CH..O interactions                                                            
  CH group selection                       : activated ring CH (adjacent to hetatom)

--------------------------------------------------------------------------------


--------------------------------------------------------------------------------
--- Intra-ligand clashes                                                     ---
--------------------------------------------------------------------------------

Ligand
  7 (C7   ) -   3 (C3   ):   0.62 (dist   2.73)
--------------------------------------------------------------------------------


--------------------------------------------------------------------------------
--- Chromosome decoded                                                       ---
--------------------------------------------------------------------------------
Ligand Torsions
[   6    2    1    3] -172.19
[  12    5    1    2]  177.52
Protein Torsions
[ 523  520  519  517]   91.84 
[1700 1693 1691 1688]  159.27 
[ 491  486  485  482] -146.68 
Mapping
Ligand acceptors to protein hydrogens (mapping then atom ids)
Ligand hydrogens to protein acceptors (mapping then atom ids)
  1  10 [ 22->1704]
Ligand shape atoms to protein points (mapping then atom ids & coords)
  1  6901 [  5->( 23.750   9.500  33.250)]
  3  5491 [  7->( 22.250  11.250  31.250)]
  4  7347 [ 12->( 24.250  10.000  32.000)]
  6  3357 [ 14->( 19.000  11.750  31.750)]
  7  3574 [ 16->( 19.750  12.500  31.750)]
Chromosome values
Integers:
  -1   -1   -1    9   -1 6900   -1 5490 7346   -1 3356 3573 
--------------------------------------------------------------------------------


--------------------------------------------------------------------------------
--- Diverse Solutions Stats                                                  ---
--------------------------------------------------------------------------------
  Move attempts                            :  19041
  Move failures                            :      0
  Failure rate                             :   0.000

--------------------------------------------------------------------------------

Current Ranking  1  2

--------------------------------------------------------------------------------

* GA execution time :                                                           
  total  1.2788 user  1.2669 sys  0.0119

--------------------------------------------------------------------------------
Fitness function evaluations: 20798

--------------------------------------------------------------------------------
** Docking run number  3 **
--------------------------------------------------------------------------------
  Rank fitness base is 5000.00 ; increment is 11.2233

* Initialising population(s) ...                                                
Number of constraints mappings 0
Number of constraints 0
  Population no.                           :      1
  Population size                          :    100
  Number of duplicates                     :      0
  Number of niche violations               :      0
  Number of errors                         :   1746


Doing GA, no. of population(s) 1 size 100 selection pressure 1.100000

 Operation      Fitness  S(hb_ext) S(vdw_ext)  S(hb_int)    S(int)      intcor
         0      35.45       1.42      25.93       0.00      -8.11      -0.80
       183      38.88       2.30      27.45       0.00      -5.14      -0.80
       365      37.71       1.90      27.10       0.00      -5.53      -0.80
       573      36.63       1.98      26.45       0.00      -5.53      -0.80
       766      35.18       1.94      25.63       0.00      -5.53      -0.80
       985      33.50       2.25      24.12       0.00      -4.49      -0.80
Reordering...
      1066      32.80       1.85      24.33       0.00      -5.53      -0.80
Reordering...
      1394      29.76       0.36      23.74       0.00      -5.53      -0.80
      1416      31.13       2.14      22.28       0.00      -2.74      -0.80
      1789      29.06       2.14      21.18       0.00      -2.74      -0.80
      2055      27.06       2.10      20.00       0.00      -2.56      -0.80
      2272      27.00       2.10      19.98       0.00      -2.58      -0.80
      2296      27.20       2.10      20.11       0.00      -2.56      -0.80
      2597      27.29       2.11      20.11       0.00      -2.48      -0.80
      2659      27.44       2.10      20.00       0.00      -2.17      -0.80
--------------------------------------------------------------------------------
Best docking solution after GA:
      2750      27.44       2.10      20.00       0.00      -2.17      -0.80

#ops:       2750 #mutates:   1325 #cross:     1425 #dups:       620 
#niche:     1481 #errors:     100 
--------------------------------------------------------------------------------

Doing AMOEBA simplex on best individual
Done simplexing #iterations 741, best score  38.70

Ligand is stored in gold_soln_ligand_prepared_m1_3.mol2


--------------------------------------------------------------------------------
--- GoldScore breakdown of terms                                             ---
--------------------------------------------------------------------------------
Fitness = S(hb_ext) + 1.3750*S(vdw_ext) + S(hb_int) + 1.0000*S(int)
S(int)  = S(vdw_int) + S(tors)

Internal terms are relative to best energy found (intcor).

--------------------------------------------------------------------------------


     Fitness  S(hb_ext) S(vdw_ext)  S(hb_int)    S(int)      intcor
     38.70       0.00      28.93       0.00      -1.08      -0.80

--------------------------------------------------------------------------------
--- GoldScore analysis of protein-ligand interactions                        ---
--------------------------------------------------------------------------------


--------------------------------------------------------------------------------

--------------------------------------------------------------------------------
--- Rescoring solution                                                       ---
--------------------------------------------------------------------------------

     Score     S(PLP)   S(hbond)     S(cho)   S(metal)  DE(clash)   DE(tors)
     17.74     -16.95       1.00       0.00       0.00       1.76       0.23

Doing AMOEBA simplex on best individual
Done simplexing #iterations 537, best score  35.76

     Score     S(PLP)   S(hbond)     S(cho)   S(metal)  DE(clash)   DE(tors)
     35.76     -36.17       0.63       0.00       0.00       1.75       0.28

--------------------------------------------------------------------------------
--- CHEMPLP breakdown of terms                                               ---
--------------------------------------------------------------------------------
CHEMPLP = - ( 1.0000*S(PLP) + -3.0000*S(hbond) + -6.0000*S(metal) + -3.0000*S(cho) )

Score = CHEMPLP - 1.0000*DE(clash) - 2.0000*DE(tors)


--------------------------------------------------------------------------------


--------------------------------------------------------------------------------
--- PLP analysis of protein-ligand interactions                              ---
--------------------------------------------------------------------------------
hydrogen bonding        :      -1.00
metal                   :       0.00
buried (polar-nonpolar) :       7.44
nonpolar                :     -43.66
repulsive               :       1.90
--------------------------------------------------------------------------------


--------------------------------------------------------------------------------
--- ChemScore analysis of protein-ligand interactions                        ---
--------------------------------------------------------------------------------

* Hydrogen bonds                                                                
Ligand donor   10 hydrogen   23 Protein acceptor 1704 bond energy  1.00 wt 0.63


* CH..O interactions                                                            
  CH group selection                       : activated ring CH (adjacent to hetatom)

--------------------------------------------------------------------------------


--------------------------------------------------------------------------------
--- Intra-ligand clashes                                                     ---
--------------------------------------------------------------------------------

Ligand
  6 (C6   ) -   3 (C3   ):   1.75 (dist   2.70)
--------------------------------------------------------------------------------


--------------------------------------------------------------------------------
--- Chromosome decoded                                                       ---
--------------------------------------------------------------------------------
Ligand Torsions
[   6    2    1    3]  -22.49
[  12    5    1    2]  173.40
Protein Torsions
[ 523  520  519  517]   82.33 
[1700 1693 1691 1688] -139.90 
[ 491  486  485  482]  153.55 
Mapping
Ligand acceptors to protein hydrogens (mapping then atom ids)
Ligand hydrogens to protein acceptors (mapping then atom ids)
  2  10 [ 23->1704]
Ligand shape atoms to protein points (mapping then atom ids & coords)
  1  5476 [  5->( 22.250  10.500  31.500)]
  2  7958 [  6->( 25.000   8.500  32.000)]
  3  8800 [  7->( 25.750   8.000  33.000)]
  4  5471 [ 12->( 22.250  10.250  32.000)]
  5  8825 [ 13->( 25.750   8.500  32.500)]
  6  9626 [ 14->( 26.500   7.250  33.000)]
Chromosome values
Integers:
  -1   -1   -1   -1    9 5475 7957 8799 5470 8824 9625   -1 
--------------------------------------------------------------------------------


--------------------------------------------------------------------------------
--- Diverse Solutions Stats                                                  ---
--------------------------------------------------------------------------------
  Move attempts                            :  18928
  Move failures                            :      0
  Failure rate                             :   0.000

--------------------------------------------------------------------------------

Current Ranking  3  1  2

--------------------------------------------------------------------------------

* GA execution time :                                                           
  total  1.0323 user  1.0323 sys  0.0000

--------------------------------------------------------------------------------
Fitness function evaluations: 20785

--------------------------------------------------------------------------------
** Docking run number  4 **
--------------------------------------------------------------------------------
  Rank fitness base is 5000.00 ; increment is 11.2233

* Initialising population(s) ...                                                
Number of constraints mappings 0
Number of constraints 0
  Population no.                           :      1
  Population size                          :    100
  Number of duplicates                     :      0
  Number of niche violations               :      0
  Number of errors                         :   1544


Doing GA, no. of population(s) 1 size 100 selection pressure 1.100000

 Operation      Fitness  S(hb_ext) S(vdw_ext)  S(hb_int)    S(int)      intcor
         0      37.20       4.59      24.24       0.00      -3.60      -0.80
        69      37.41       4.29      24.58       0.00      -3.29      -0.80
Reordering...
        82      36.57       4.51      23.87       0.00      -3.60      -0.80
       154      36.78       1.75      25.77       0.00      -1.83      -0.80
Reordering...
       246      35.14       4.36      23.02       0.00      -3.60      -0.80
       265      36.12       2.12      25.32       0.00      -3.35      -0.80
       392      35.37       2.09      24.86       0.00      -3.35      -0.80
       565      34.12       0.81      25.55       0.00      -5.98      -0.80
       654      33.38       0.07      26.06       0.00      -7.64      -0.80
       678      32.96       0.28      24.43       0.00      -2.69      -0.80
       694      34.57       0.00      25.85       0.00      -2.88      -0.80
      1038      34.27       0.00      25.34       0.00      -1.29      -0.80
Reordering...
      1917      26.67       0.63      19.03       0.00      -0.15      -0.80
      1954      28.25       0.55      22.02       0.00      -2.82      -0.80
      1971      27.93       0.00      23.89       0.00      -5.28      -0.80
      2477      28.08       0.00      23.79       0.00      -4.62      -0.80
--------------------------------------------------------------------------------
Best docking solution after GA:
      2750      28.08       0.00      23.79       0.00      -4.62      -0.80

#ops:       2750 #mutates:   1382 #cross:     1368 #dups:       479 
#niche:     1311 #errors:     104 
--------------------------------------------------------------------------------

Doing AMOEBA simplex on best individual
Done simplexing #iterations 566, best score  31.05

Ligand is stored in gold_soln_ligand_prepared_m1_4.mol2


--------------------------------------------------------------------------------
--- GoldScore breakdown of terms                                             ---
--------------------------------------------------------------------------------
Fitness = S(hb_ext) + 1.3750*S(vdw_ext) + S(hb_int) + 1.0000*S(int)
S(int)  = S(vdw_int) + S(tors)

Internal terms are relative to best energy found (intcor).

--------------------------------------------------------------------------------


     Fitness  S(hb_ext) S(vdw_ext)  S(hb_int)    S(int)      intcor
     31.05       0.00      25.92       0.00      -4.59      -0.80

--------------------------------------------------------------------------------
--- GoldScore analysis of protein-ligand interactions                        ---
--------------------------------------------------------------------------------


--------------------------------------------------------------------------------

--------------------------------------------------------------------------------
--- Rescoring solution                                                       ---
--------------------------------------------------------------------------------

     Score     S(PLP)   S(hbond)     S(cho)   S(metal)  DE(clash)   DE(tors)
     17.03     -18.29       0.23       0.00       0.00       1.38       0.28

Doing AMOEBA simplex on best individual
Done simplexing #iterations 766, best score  31.84

     Score     S(PLP)   S(hbond)     S(cho)   S(metal)  DE(clash)   DE(tors)
     31.84     -33.67       0.00       0.00       0.00       0.00       0.91

--------------------------------------------------------------------------------
--- CHEMPLP breakdown of terms                                               ---
--------------------------------------------------------------------------------
CHEMPLP = - ( 1.0000*S(PLP) + -3.0000*S(hbond) + -6.0000*S(metal) + -3.0000*S(cho) )

Score = CHEMPLP - 1.0000*DE(clash) - 2.0000*DE(tors)


--------------------------------------------------------------------------------


--------------------------------------------------------------------------------
--- PLP analysis of protein-ligand interactions                              ---
--------------------------------------------------------------------------------
hydrogen bonding        :       0.00
metal                   :       0.00
buried (polar-nonpolar) :       1.00
nonpolar                :     -38.67
repulsive               :       2.98
--------------------------------------------------------------------------------


--------------------------------------------------------------------------------
--- ChemScore analysis of protein-ligand interactions                        ---
--------------------------------------------------------------------------------

* Hydrogen bonds                                                                


* CH..O interactions                                                            
  CH group selection                       : activated ring CH (adjacent to hetatom)

--------------------------------------------------------------------------------


--------------------------------------------------------------------------------
--- Intra-ligand clashes                                                     ---
--------------------------------------------------------------------------------

Ligand
--------------------------------------------------------------------------------


--------------------------------------------------------------------------------
--- Chromosome decoded                                                       ---
--------------------------------------------------------------------------------
Ligand Torsions
[   6    2    1    3] -176.08
[  12    5    1    2]  170.55
Protein Torsions
[ 523  520  519  517]   55.95 
[1700 1693 1691 1688]  162.73 
[ 491  486  485  482]   12.42 
Mapping
Ligand acceptors to protein hydrogens (mapping then atom ids)
Ligand hydrogens to protein acceptors (mapping then atom ids)
Ligand shape atoms to protein points (mapping then atom ids & coords)
  3  4023 [  7->( 20.750   9.750  31.000)]
  4  6928 [ 12->( 23.750  10.000  33.000)]
  6  3682 [ 14->( 20.000  14.250  31.500)]
Chromosome values
Integers:
  -1   -1   -1   -1   -1   -1   -1 4022 6927   -1 3681   -1 
--------------------------------------------------------------------------------


--------------------------------------------------------------------------------
--- Diverse Solutions Stats                                                  ---
--------------------------------------------------------------------------------
  Move attempts                            :  18987
  Move failures                            :      0
  Failure rate                             :   0.000

--------------------------------------------------------------------------------

Current Ranking  3  1  4  2

--------------------------------------------------------------------------------

* GA execution time :                                                           
  total  1.0552 user  1.0403 sys  0.0149

--------------------------------------------------------------------------------
Fitness function evaluations: 20640

--------------------------------------------------------------------------------
** Docking run number  5 **
--------------------------------------------------------------------------------
  Rank fitness base is 5000.00 ; increment is 11.2233

* Initialising population(s) ...                                                
Number of constraints mappings 0
Number of constraints 0
  Population no.                           :      1
  Population size                          :    100
  Number of duplicates                     :      0
  Number of niche violations               :      0
  Number of errors                         :   1750


Doing GA, no. of population(s) 1 size 100 selection pressure 1.100000

 Operation      Fitness  S(hb_ext) S(vdw_ext)  S(hb_int)    S(int)      intcor
         0      39.40       0.85      29.28       0.00      -8.60      -0.79
      1064      28.12       0.53      21.34       0.00      -3.85      -0.79
Reordering...
      1066      27.26       2.45      21.87       0.00     -11.54      -0.79
Reordering...
      1107      27.05       0.52      20.63       0.00      -3.85      -0.79
Reordering...
      1148      26.40       2.43      21.50       0.00     -11.54      -0.79
      1222      27.40       0.05      20.01       0.00      -0.31      -0.79
Reordering...
      1312      24.68       2.38      20.83       0.00     -11.54      -0.79
      1362      26.12       1.52      19.43       0.00      -3.69      -0.79
      1473      29.31       0.31      22.22       0.00      -2.49      -0.79
      1599      27.51       3.58      19.14       0.00      -3.45      -0.79
      1798      26.19       3.56      17.91       0.00      -2.48      -0.79
      1817      25.67       3.55      18.15       0.00      -3.45      -0.79
      1847      26.20       3.55      18.72       0.00      -3.69      -0.79
      1875      26.19       3.55      18.76       0.00      -3.69      -0.79
      2137      25.03       2.95      20.06       0.00      -5.50      -0.79
      2170      25.43       2.95      20.08       0.00      -5.12      -0.79
      2287      26.80       0.63      22.42       0.00      -4.67      -0.79
      2691      26.86       3.52      26.43       0.00     -13.00      -0.79
      2716      29.21       0.63      22.50       0.00      -2.37      -0.79
      2721      29.45       0.61      22.06       0.00      -1.50      -0.79
--------------------------------------------------------------------------------
Best docking solution after GA:
      2750      29.45       0.61      22.06       0.00      -1.50      -0.79

#ops:       2750 #mutates:   1406 #cross:     1344 #dups:       530 
#niche:     1353 #errors:     138 
--------------------------------------------------------------------------------

Doing AMOEBA simplex on best individual
Done simplexing #iterations 596, best score  32.74

Ligand is stored in gold_soln_ligand_prepared_m1_5.mol2


--------------------------------------------------------------------------------
--- GoldScore breakdown of terms                                             ---
--------------------------------------------------------------------------------
Fitness = S(hb_ext) + 1.3750*S(vdw_ext) + S(hb_int) + 1.0000*S(int)
S(int)  = S(vdw_int) + S(tors)

Internal terms are relative to best energy found (intcor).

--------------------------------------------------------------------------------


     Fitness  S(hb_ext) S(vdw_ext)  S(hb_int)    S(int)      intcor
     32.74       0.50      24.65       0.00      -1.65      -0.79

--------------------------------------------------------------------------------
--- GoldScore analysis of protein-ligand interactions                        ---
--------------------------------------------------------------------------------

  Ligand acceptor    9 Protein hydrogen 1745 donor 1737 bond energy  2.00 wt 0.25

--------------------------------------------------------------------------------

--------------------------------------------------------------------------------
--- Rescoring solution                                                       ---
--------------------------------------------------------------------------------

     Score     S(PLP)   S(hbond)     S(cho)   S(metal)  DE(clash)   DE(tors)
    -21.48      21.55       0.56       0.00       0.00       0.97       0.31

Doing AMOEBA simplex on best individual
Done simplexing #iterations 794, best score  16.75

     Score     S(PLP)   S(hbond)     S(cho)   S(metal)  DE(clash)   DE(tors)
     16.75     -15.51       0.98       0.00       0.00       0.71       0.49

--------------------------------------------------------------------------------
--- CHEMPLP breakdown of terms                                               ---
--------------------------------------------------------------------------------
CHEMPLP = - ( 1.0000*S(PLP) + -3.0000*S(hbond) + -6.0000*S(metal) + -3.0000*S(cho) )

Score = CHEMPLP - 1.0000*DE(clash) - 2.0000*DE(tors)


--------------------------------------------------------------------------------


--------------------------------------------------------------------------------
--- PLP analysis of protein-ligand interactions                              ---
--------------------------------------------------------------------------------
hydrogen bonding        :      -1.44
metal                   :       0.00
buried (polar-nonpolar) :      11.85
nonpolar                :     -27.79
repulsive               :       1.07
--------------------------------------------------------------------------------


--------------------------------------------------------------------------------
--- ChemScore analysis of protein-ligand interactions                        ---
--------------------------------------------------------------------------------

* Hydrogen bonds                                                                
Ligand donor    8 hydrogen   22 Protein acceptor 1740 bond energy  1.00 wt 0.98


* CH..O interactions                                                            
  CH group selection                       : activated ring CH (adjacent to hetatom)

--------------------------------------------------------------------------------


--------------------------------------------------------------------------------
--- Intra-ligand clashes                                                     ---
--------------------------------------------------------------------------------

Ligand
  7 (C7   ) -   3 (C3   ):   0.71 (dist   2.73)
--------------------------------------------------------------------------------


--------------------------------------------------------------------------------
--- Chromosome decoded                                                       ---
--------------------------------------------------------------------------------
Ligand Torsions
[   6    2    1    3]  169.54
[  12    5    1    2]  178.96
Protein Torsions
[ 523  520  519  517]   23.86 
[1700 1693 1691 1688]  -55.61 
[ 491  486  485  482]   -4.21 
Mapping
Ligand acceptors to protein hydrogens (mapping then atom ids)
  1  13 [  9->1745]
Ligand hydrogens to protein acceptors (mapping then atom ids)
Ligand shape atoms to protein points (mapping then atom ids & coords)
  1  7095 [  5->( 24.000   9.250  33.000)]
  2  4727 [  6->( 21.500   9.750  31.750)]
  6  4724 [ 14->( 21.500   9.750  31.000)]
  7  3844 [ 16->( 20.500  10.000  30.750)]
Chromosome values
Integers:
  12   -1   -1   -1   -1 7094 4726   -1   -1   -1 4723 3843 
--------------------------------------------------------------------------------


--------------------------------------------------------------------------------
--- Diverse Solutions Stats                                                  ---
--------------------------------------------------------------------------------
  Move attempts                            :  19129
  Move failures                            :     52
  Failure rate                             :   0.003

--------------------------------------------------------------------------------

Current Ranking  3  1  5  4  2

--------------------------------------------------------------------------------

* GA execution time :                                                           
  total  1.0281 user  1.0281 sys  0.0000

--------------------------------------------------------------------------------
Fitness function evaluations: 20972

--------------------------------------------------------------------------------
** Docking run number  6 **
--------------------------------------------------------------------------------
  Rank fitness base is 5000.00 ; increment is 11.2233

* Initialising population(s) ...                                                
Number of constraints mappings 0
Number of constraints 0
  Population no.                           :      1
  Population size                          :    100
  Number of duplicates                     :      0
  Number of niche violations               :      0
  Number of errors                         :   1700


Doing GA, no. of population(s) 1 size 100 selection pressure 1.100000

 Operation      Fitness  S(hb_ext) S(vdw_ext)  S(hb_int)    S(int)      intcor
         0      35.08       1.03      25.17       0.00      -2.79      -0.79
        11      35.48       0.52      25.91       0.00      -3.30      -0.79
        25      35.59       0.52      25.99       0.00      -3.30      -0.79
Reordering...
        82      34.17       1.07      24.51       0.00      -2.79      -0.79
       164      34.33       0.71      25.28       0.00      -5.06      -0.79
       217      37.25       2.17      25.99       0.00      -2.79      -0.79
       499      34.66       2.67      23.86       0.00      -2.79      -0.79
Reordering...
       820      31.47       1.18      23.09       0.00      -3.84      -0.79
       823      31.71       1.18      23.26       0.00      -3.84      -0.79
       933      31.92       1.16      24.35       0.00      -6.63      -0.79
      1137      30.56       1.15      23.73       0.00      -6.63      -0.79
Reordering...
      1230      29.44       1.20      22.19       0.00      -4.39      -0.79
      1310      30.72       1.18      23.05       0.00      -3.91      -0.79
      1416      29.75       0.79      23.24       0.00      -5.00      -0.79
      1458      29.79       0.79      23.36       0.00      -5.00      -0.79
      1470      30.72       1.18      22.94       0.00      -3.21      -0.79
      1507      32.38       1.43      24.07       0.00      -3.37      -0.79
      1810      30.85       1.43      22.16       0.00      -1.28      -0.79
      1821      30.88       1.43      22.18       0.00      -1.28      -0.79
      1830      31.11       1.43      22.34       0.00      -1.28      -0.79
      1960      30.95       1.42      22.51       0.00      -1.57      -0.79
      2341      30.96       1.44      22.05       0.00      -0.80      -0.79
      2560      30.97       1.44      22.06       0.00      -0.80      -0.79
--------------------------------------------------------------------------------
Best docking solution after GA:
      2750      30.97       1.44      22.06       0.00      -0.80      -0.79

#ops:       2750 #mutates:   1398 #cross:     1352 #dups:       689 
#niche:     1611 #errors:      73 
--------------------------------------------------------------------------------

Doing AMOEBA simplex on best individual
Done simplexing #iterations 599, best score  38.32

Ligand is stored in gold_soln_ligand_prepared_m1_6.mol2


--------------------------------------------------------------------------------
--- GoldScore breakdown of terms                                             ---
--------------------------------------------------------------------------------
Fitness = S(hb_ext) + 1.3750*S(vdw_ext) + S(hb_int) + 1.0000*S(int)
S(int)  = S(vdw_int) + S(tors)

Internal terms are relative to best energy found (intcor).

--------------------------------------------------------------------------------


     Fitness  S(hb_ext) S(vdw_ext)  S(hb_int)    S(int)      intcor
     38.32       0.42      28.09       0.00      -0.73      -0.79

--------------------------------------------------------------------------------
--- GoldScore analysis of protein-ligand interactions                        ---
--------------------------------------------------------------------------------

  Ligand acceptor    9 Protein hydrogen 1745 donor 1737 bond energy  2.00 wt 0.07
  Ligand donor    8 hydrogen   22 Protein acceptor 1740 bond energy  2.00 wt 0.14

--------------------------------------------------------------------------------

--------------------------------------------------------------------------------
--- Rescoring solution                                                       ---
--------------------------------------------------------------------------------

     Score     S(PLP)   S(hbond)     S(cho)   S(metal)  DE(clash)   DE(tors)
    -10.46      10.17       0.75       0.00       0.00       0.00       1.27

Doing AMOEBA simplex on best individual
Done simplexing #iterations 796, best score  22.15

     Score     S(PLP)   S(hbond)     S(cho)   S(metal)  DE(clash)   DE(tors)
     22.15     -18.87       1.67       0.00       0.00       0.00       0.86

--------------------------------------------------------------------------------
--- CHEMPLP breakdown of terms                                               ---
--------------------------------------------------------------------------------
CHEMPLP = - ( 1.0000*S(PLP) + -3.0000*S(hbond) + -6.0000*S(metal) + -3.0000*S(cho) )

Score = CHEMPLP - 1.0000*DE(clash) - 2.0000*DE(tors)


--------------------------------------------------------------------------------


--------------------------------------------------------------------------------
--- PLP analysis of protein-ligand interactions                              ---
--------------------------------------------------------------------------------
hydrogen bonding        :      -2.00
metal                   :       0.00
buried (polar-nonpolar) :       3.73
nonpolar                :     -23.87
repulsive               :       2.74
--------------------------------------------------------------------------------


--------------------------------------------------------------------------------
--- ChemScore analysis of protein-ligand interactions                        ---
--------------------------------------------------------------------------------

* Hydrogen bonds                                                                
Ligand donor    8 hydrogen   22 Protein acceptor 1740 bond energy  1.00 wt 0.67
Protein donor 1737 hydrogen 1745 Ligand acceptor    9 bond energy  1.00 wt 1.00


* CH..O interactions                                                            
  CH group selection                       : activated ring CH (adjacent to hetatom)

--------------------------------------------------------------------------------


--------------------------------------------------------------------------------
--- Intra-ligand clashes                                                     ---
--------------------------------------------------------------------------------

Ligand
--------------------------------------------------------------------------------


--------------------------------------------------------------------------------
--- Chromosome decoded                                                       ---
--------------------------------------------------------------------------------
Ligand Torsions
[   6    2    1    3]  149.28
[  12    5    1    2]  166.22
Protein Torsions
[ 523  520  519  517]  128.50 
[1700 1693 1691 1688] -111.89 
[ 491  486  485  482]   68.30 
Mapping
Ligand acceptors to protein hydrogens (mapping then atom ids)
Ligand hydrogens to protein acceptors (mapping then atom ids)
  1  11 [ 22->1740]
Ligand shape atoms to protein points (mapping then atom ids & coords)
  1  6941 [  5->( 23.750  10.250  33.000)]
  2  5209 [  6->( 22.000   9.750  31.250)]
  4  6942 [ 12->( 23.750  10.250  33.250)]
  7  3719 [ 16->( 20.250  10.750  31.000)]
Chromosome values
Integers:
  -1   -1   -1   10   -1 6940 5208   -1 6941   -1   -1 3718 
--------------------------------------------------------------------------------


--------------------------------------------------------------------------------
--- Diverse Solutions Stats                                                  ---
--------------------------------------------------------------------------------
  Move attempts                            :  19099
  Move failures                            :     20
  Failure rate                             :   0.001

--------------------------------------------------------------------------------

Current Ranking  3  6  1  5  4  2

--------------------------------------------------------------------------------

* GA execution time :                                                           
  total  1.1076 user  1.0714 sys  0.0362

--------------------------------------------------------------------------------
Fitness function evaluations: 20869

--------------------------------------------------------------------------------
** Docking run number  7 **
--------------------------------------------------------------------------------
  Rank fitness base is 5000.00 ; increment is 11.2233

* Initialising population(s) ...                                                
Number of constraints mappings 0
Number of constraints 0
  Population no.                           :      1
  Population size                          :    100
  Number of duplicates                     :      0
  Number of niche violations               :      0
  Number of errors                         :   1736


Doing GA, no. of population(s) 1 size 100 selection pressure 1.100000

 Operation      Fitness  S(hb_ext) S(vdw_ext)  S(hb_int)    S(int)      intcor
         0      34.78       0.03      27.73       0.00     -16.90      -0.79
        38      35.26       2.60      25.50       0.00     -11.81      -0.79
       153      34.48       3.03      26.17       0.00     -20.42      -0.79
       208      34.58       3.32      24.87       0.00     -12.73      -0.79
       276      34.98       0.02      27.37       0.00     -10.80      -0.79
       326      34.87       0.07      27.34       0.00     -10.80      -0.79
Reordering...
       328      34.29       0.02      26.95       0.00     -10.80      -0.79
       378      35.35       0.06      27.04       0.00      -7.03      -0.79
       556      33.32       0.06      25.26       0.00      -4.82      -0.79
       849      29.92       0.00      24.84       0.00     -11.02      -0.79
      1010      30.54       3.38      20.44       0.00      -2.18      -0.79
      1193      30.98       2.43      21.96       0.00      -3.26      -0.79
      1260      30.95       3.20      21.42       0.00      -3.23      -0.79
Reordering...
      1476      28.02       2.33      20.17       0.00      -3.26      -0.79
      1501      27.99       2.33      20.17       0.00      -3.26      -0.79
      2128      21.84       2.32      16.90       0.00      -3.72      -0.79
      2338      21.86       2.11      16.73       0.00      -3.26      -0.79
      2340      21.87       2.11      16.73       0.00      -3.26      -0.79
      2353      27.29       1.73      20.92       0.00      -3.21      -0.79
      2487      27.58       1.73      21.13       0.00      -3.21      -0.79
      2502      28.78       1.75      22.00       0.00      -3.21      -0.79
      2520      29.74       1.12      22.48       0.00      -2.29      -0.79
--------------------------------------------------------------------------------
Best docking solution after GA:
      2750      29.74       1.12      22.48       0.00      -2.29      -0.79

#ops:       2750 #mutates:   1372 #cross:     1378 #dups:       621 
#niche:     1338 #errors:     128 
--------------------------------------------------------------------------------

Doing AMOEBA simplex on best individual
Done simplexing #iterations 689, best score  33.83

Ligand is stored in gold_soln_ligand_prepared_m1_7.mol2


--------------------------------------------------------------------------------
--- GoldScore breakdown of terms                                             ---
--------------------------------------------------------------------------------
Fitness = S(hb_ext) + 1.3750*S(vdw_ext) + S(hb_int) + 1.0000*S(int)
S(int)  = S(vdw_int) + S(tors)

Internal terms are relative to best energy found (intcor).

--------------------------------------------------------------------------------


     Fitness  S(hb_ext) S(vdw_ext)  S(hb_int)    S(int)      intcor
     33.83       1.35      25.92       0.00      -3.16      -0.79

--------------------------------------------------------------------------------
--- GoldScore analysis of protein-ligand interactions                        ---
--------------------------------------------------------------------------------

  Ligand acceptor   11 Protein hydrogen 1745 donor 1737 bond energy  2.00 wt 0.03
  Ligand donor   10 hydrogen   23 Protein acceptor 1704 bond energy  2.00 wt 0.65

--------------------------------------------------------------------------------

--------------------------------------------------------------------------------
--- Rescoring solution                                                       ---
--------------------------------------------------------------------------------

     Score     S(PLP)   S(hbond)     S(cho)   S(metal)  DE(clash)   DE(tors)
      9.37     -11.65       0.00       0.00       0.00       1.55       0.37

Doing AMOEBA simplex on best individual
Done simplexing #iterations 546, best score  33.44

     Score     S(PLP)   S(hbond)     S(cho)   S(metal)  DE(clash)   DE(tors)
     33.44     -35.65       0.00       0.00       0.00       1.81       0.20

--------------------------------------------------------------------------------
--- CHEMPLP breakdown of terms                                               ---
--------------------------------------------------------------------------------
CHEMPLP = - ( 1.0000*S(PLP) + -3.0000*S(hbond) + -6.0000*S(metal) + -3.0000*S(cho) )

Score = CHEMPLP - 1.0000*DE(clash) - 2.0000*DE(tors)


--------------------------------------------------------------------------------


--------------------------------------------------------------------------------
--- PLP analysis of protein-ligand interactions                              ---
--------------------------------------------------------------------------------
hydrogen bonding        :      -0.26
metal                   :       0.00
buried (polar-nonpolar) :       4.32
nonpolar                :     -43.14
repulsive               :       2.77
--------------------------------------------------------------------------------


--------------------------------------------------------------------------------
--- ChemScore analysis of protein-ligand interactions                        ---
--------------------------------------------------------------------------------

* Hydrogen bonds                                                                


* CH..O interactions                                                            
  CH group selection                       : activated ring CH (adjacent to hetatom)

--------------------------------------------------------------------------------


--------------------------------------------------------------------------------
--- Intra-ligand clashes                                                     ---
--------------------------------------------------------------------------------

Ligand
  6 (C6   ) -   3 (C3   ):   1.81 (dist   2.70)
--------------------------------------------------------------------------------


--------------------------------------------------------------------------------
--- Chromosome decoded                                                       ---
--------------------------------------------------------------------------------
Ligand Torsions
[   6    2    1    3]   -3.38
[  12    5    1    2]  179.04
Protein Torsions
[ 523  520  519  517]  104.68 
[1700 1693 1691 1688]  -25.43 
[ 491  486  485  482]  150.97 
Mapping
Ligand acceptors to protein hydrogens (mapping then atom ids)
Ligand hydrogens to protein acceptors (mapping then atom ids)
Ligand shape atoms to protein points (mapping then atom ids & coords)
  2  8841 [  6->( 25.750   8.750  32.000)]
  4  5013 [ 12->( 21.750  11.750  31.750)]
  7 10283 [ 16->( 27.500   7.000  33.750)]
Chromosome values
Integers:
  -1   -1   -1   -1   -1   -1 8840   -1 5012   -1   -1 10282 
--------------------------------------------------------------------------------


--------------------------------------------------------------------------------
--- Diverse Solutions Stats                                                  ---
--------------------------------------------------------------------------------
  Move attempts                            :  18821
  Move failures                            :     29
  Failure rate                             :   0.002

--------------------------------------------------------------------------------

Current Ranking  3  6  1  7  5  4  2

--------------------------------------------------------------------------------

* GA execution time :                                                           
  total  1.1222 user  1.0813 sys  0.0408

--------------------------------------------------------------------------------
Fitness function evaluations: 20668

--------------------------------------------------------------------------------
** Docking run number  8 **
--------------------------------------------------------------------------------
  Rank fitness base is 5000.00 ; increment is 11.2233

* Initialising population(s) ...                                                
Number of constraints mappings 0
Number of constraints 0
  Population no.                           :      1
  Population size                          :    100
  Number of duplicates                     :      0
  Number of niche violations               :      0
  Number of errors                         :   1682


Doing GA, no. of population(s) 1 size 100 selection pressure 1.100000

 Operation      Fitness  S(hb_ext) S(vdw_ext)  S(hb_int)    S(int)      intcor
         0      36.92       0.11      27.60       0.00      -5.69      -0.79
Reordering...
        82      35.65       1.66      25.89       0.00      -7.54      -0.79
       240      35.58       4.80      22.38       0.00       0.00      -0.77
       658      31.22       4.49      19.44       0.00       0.00      -0.77
       736      31.65       1.95      25.01       0.00     -13.29      -0.77
      1153      26.74       1.77      19.47       0.00      -3.74      -0.77
      1199      34.81       0.65      25.30       0.00      -1.24      -0.77
      1415      34.53       0.58      25.23       0.00      -1.24      -0.77
      1889      34.11       0.44      25.26       0.00      -1.24      -0.77
--------------------------------------------------------------------------------
Best docking solution after GA:
      2750      33.87       0.39      25.26       0.00      -1.24      -0.77

#ops:       2750 #mutates:   1331 #cross:     1419 #dups:       523 
#niche:     1387 #errors:     184 
--------------------------------------------------------------------------------

Doing AMOEBA simplex on best individual
Done simplexing #iterations 648, best score  38.14

Ligand is stored in gold_soln_ligand_prepared_m1_8.mol2


--------------------------------------------------------------------------------
--- GoldScore breakdown of terms                                             ---
--------------------------------------------------------------------------------
Fitness = S(hb_ext) + 1.3750*S(vdw_ext) + S(hb_int) + 1.0000*S(int)
S(int)  = S(vdw_int) + S(tors)

Internal terms are relative to best energy found (intcor).

--------------------------------------------------------------------------------


     Fitness  S(hb_ext) S(vdw_ext)  S(hb_int)    S(int)      intcor
     38.14       0.26      28.23       0.00      -0.94      -0.77

--------------------------------------------------------------------------------
--- GoldScore analysis of protein-ligand interactions                        ---
--------------------------------------------------------------------------------

  Ligand acceptor    9 Protein hydrogen 1745 donor 1737 bond energy  2.00 wt 0.13

--------------------------------------------------------------------------------

--------------------------------------------------------------------------------
--- Rescoring solution                                                       ---
--------------------------------------------------------------------------------

     Score     S(PLP)   S(hbond)     S(cho)   S(metal)  DE(clash)   DE(tors)
     -0.03      -1.66       0.00       0.00       0.00       0.27       0.71

Doing AMOEBA simplex on best individual
Done simplexing #iterations 536, best score  37.88

     Score     S(PLP)   S(hbond)     S(cho)   S(metal)  DE(clash)   DE(tors)
     37.88     -39.55       0.00       0.00       0.00       0.63       0.52

--------------------------------------------------------------------------------
--- CHEMPLP breakdown of terms                                               ---
--------------------------------------------------------------------------------
CHEMPLP = - ( 1.0000*S(PLP) + -3.0000*S(hbond) + -6.0000*S(metal) + -3.0000*S(cho) )

Score = CHEMPLP - 1.0000*DE(clash) - 2.0000*DE(tors)


--------------------------------------------------------------------------------


--------------------------------------------------------------------------------
--- PLP analysis of protein-ligand interactions                              ---
--------------------------------------------------------------------------------
hydrogen bonding        :       0.00
metal                   :       0.00
buried (polar-nonpolar) :       1.64
nonpolar                :     -41.74
repulsive               :       0.12
--------------------------------------------------------------------------------


--------------------------------------------------------------------------------
--- ChemScore analysis of protein-ligand interactions                        ---
--------------------------------------------------------------------------------

* Hydrogen bonds                                                                


* CH..O interactions                                                            
  CH group selection                       : activated ring CH (adjacent to hetatom)

--------------------------------------------------------------------------------


--------------------------------------------------------------------------------
--- Intra-ligand clashes                                                     ---
--------------------------------------------------------------------------------

Ligand
  7 (C7   ) -   3 (C3   ):   0.63 (dist   2.73)
--------------------------------------------------------------------------------


--------------------------------------------------------------------------------
--- Chromosome decoded                                                       ---
--------------------------------------------------------------------------------
Ligand Torsions
[   6    2    1    3]  155.80
[  12    5    1    2]  166.47
Protein Torsions
[ 523  520  519  517] -177.01 
[1700 1693 1691 1688]  -87.55 
[ 491  486  485  482]   96.66 
Mapping
Ligand acceptors to protein hydrogens (mapping then atom ids)
Ligand hydrogens to protein acceptors (mapping then atom ids)
Ligand shape atoms to protein points (mapping then atom ids & coords)
  1  7720 [  5->( 24.750   9.000  30.750)]
  2  9204 [  6->( 26.000  10.000  29.000)]
  7  9943 [ 16->( 26.750   9.000  33.750)]
Chromosome values
Integers:
  -1   -1   -1   -1   -1 7719 9203   -1   -1   -1   -1 9942 
--------------------------------------------------------------------------------


--------------------------------------------------------------------------------
--- Diverse Solutions Stats                                                  ---
--------------------------------------------------------------------------------
  Move attempts                            :  18876
  Move failures                            :    105
  Failure rate                             :   0.006

--------------------------------------------------------------------------------

Current Ranking  3  6  8  1  7  5  4  2

--------------------------------------------------------------------------------

* GA execution time :                                                           
  total  1.0436 user  0.9986 sys  0.0450

--------------------------------------------------------------------------------
Fitness function evaluations: 20640

--------------------------------------------------------------------------------
** Docking run number  9 **
--------------------------------------------------------------------------------
  Rank fitness base is 5000.00 ; increment is 11.2233

* Initialising population(s) ...                                                
Number of constraints mappings 0
Number of constraints 0
  Population no.                           :      1
  Population size                          :    100
  Number of duplicates                     :      0
  Number of niche violations               :      0
  Number of errors                         :   1619


Doing GA, no. of population(s) 1 size 100 selection pressure 1.100000

 Operation      Fitness  S(hb_ext) S(vdw_ext)  S(hb_int)    S(int)      intcor
         0      38.08       0.88      29.92       0.00     -19.73      -0.77
       128      36.70       0.83      29.21       0.00     -19.73      -0.77
       227      35.36       1.34      27.10       0.00     -13.70      -0.77
Reordering...
       574      30.32       0.72      24.63       0.00     -13.70      -0.77
       590      31.98       0.00      27.02       0.00     -16.63      -0.77
       615      32.90       0.42      24.33       0.00      -3.08      -0.77
       619      34.11       0.42      25.21       0.00      -3.08      -0.77
       656      33.76       0.55      24.90       0.00      -3.08      -0.77
       994      32.43       0.51      24.57       0.00      -4.35      -0.77
      1049      32.53       0.50      24.57       0.00      -3.94      -0.77
      1846      27.77       0.37      22.32       0.00      -3.94      -0.77
      1956      27.08       0.32      21.51       0.00      -3.08      -0.77
Reordering...
      2050      25.43       1.56      20.17       0.00      -3.97      -0.77
      2076      25.29       1.55      20.15       0.00      -3.97      -0.77
      2305      26.05       2.04      20.35       0.00      -3.97      -0.77
      2380      26.11       1.55      20.37       0.00      -3.45      -0.77
      2691      26.13       1.55      20.39       0.00      -3.45      -0.77
--------------------------------------------------------------------------------
Best docking solution after GA:
      2750      26.13       1.55      20.39       0.00      -3.45      -0.77

#ops:       2750 #mutates:   1349 #cross:     1401 #dups:       509 
#niche:     1385 #errors:     126 
--------------------------------------------------------------------------------

Doing AMOEBA simplex on best individual
Done simplexing #iterations 570, best score  34.30

Ligand is stored in gold_soln_ligand_prepared_m1_9.mol2


--------------------------------------------------------------------------------
--- GoldScore breakdown of terms                                             ---
--------------------------------------------------------------------------------
Fitness = S(hb_ext) + 1.3750*S(vdw_ext) + S(hb_int) + 1.0000*S(int)
S(int)  = S(vdw_int) + S(tors)

Internal terms are relative to best energy found (intcor).

--------------------------------------------------------------------------------


     Fitness  S(hb_ext) S(vdw_ext)  S(hb_int)    S(int)      intcor
     34.30       0.97      25.26       0.00      -1.41      -0.77

--------------------------------------------------------------------------------
--- GoldScore analysis of protein-ligand interactions                        ---
--------------------------------------------------------------------------------

  Ligand acceptor   11 Protein hydrogen 1745 donor 1737 bond energy  2.00 wt 0.49

--------------------------------------------------------------------------------

--------------------------------------------------------------------------------
--- Rescoring solution                                                       ---
--------------------------------------------------------------------------------

     Score     S(PLP)   S(hbond)     S(cho)   S(metal)  DE(clash)   DE(tors)
     21.82     -20.88       1.00       0.00       0.00       0.00       1.03

Doing AMOEBA simplex on best individual
Done simplexing #iterations 757, best score  33.51

     Score     S(PLP)   S(hbond)     S(cho)   S(metal)  DE(clash)   DE(tors)
     33.51     -30.51       1.80       0.00       0.00       0.00       1.20

--------------------------------------------------------------------------------
--- CHEMPLP breakdown of terms                                               ---
--------------------------------------------------------------------------------
CHEMPLP = - ( 1.0000*S(PLP) + -3.0000*S(hbond) + -6.0000*S(metal) + -3.0000*S(cho) )

Score = CHEMPLP - 1.0000*DE(clash) - 2.0000*DE(tors)


--------------------------------------------------------------------------------


--------------------------------------------------------------------------------
--- PLP analysis of protein-ligand interactions                              ---
--------------------------------------------------------------------------------
hydrogen bonding        :      -1.80
metal                   :       0.00
buried (polar-nonpolar) :       2.90
nonpolar                :     -32.10
repulsive               :       0.30
--------------------------------------------------------------------------------


--------------------------------------------------------------------------------
--- ChemScore analysis of protein-ligand interactions                        ---
--------------------------------------------------------------------------------

* Hydrogen bonds                                                                
Ligand donor   10 hydrogen   23 Protein acceptor 1704 bond energy  1.00 wt 0.98
Protein donor 1737 hydrogen 1745 Ligand acceptor   11 bond energy  1.00 wt 0.83


* CH..O interactions                                                            
  CH group selection                       : activated ring CH (adjacent to hetatom)

--------------------------------------------------------------------------------


--------------------------------------------------------------------------------
--- Intra-ligand clashes                                                     ---
--------------------------------------------------------------------------------

Ligand
--------------------------------------------------------------------------------


--------------------------------------------------------------------------------
--- Chromosome decoded                                                       ---
--------------------------------------------------------------------------------
Ligand Torsions
[   6    2    1    3]  165.53
[  12    5    1    2]  176.35
Protein Torsions
[ 523  520  519  517]  106.71 
[1700 1693 1691 1688]   53.06 
[ 491  486  485  482] -148.89 
Mapping
Ligand acceptors to protein hydrogens (mapping then atom ids)
  2  13 [ 11->1745]
Ligand hydrogens to protein acceptors (mapping then atom ids)
Ligand shape atoms to protein points (mapping then atom ids & coords)
  1  7045 [  5->( 24.000   8.500  31.500)]
  2  7522 [  6->( 24.500   9.500  30.250)]
  3  7576 [  7->( 24.500  10.500  30.250)]
  5  9727 [ 13->( 26.500   9.500  29.250)]
  7  9734 [ 16->( 26.500   9.750  29.250)]
Chromosome values
Integers:
  -1   12   -1   -1   -1 7044 7521 7575   -1 9726   -1 9733 
--------------------------------------------------------------------------------


--------------------------------------------------------------------------------
--- Diverse Solutions Stats                                                  ---
--------------------------------------------------------------------------------
  Move attempts                            :  19139
  Move failures                            :    101
  Failure rate                             :   0.005

--------------------------------------------------------------------------------

Current Ranking  3  6  8  1  9  7  5  4  2

--------------------------------------------------------------------------------

* GA execution time :                                                           
  total  1.1391 user  1.0218 sys  0.1172

--------------------------------------------------------------------------------
Fitness function evaluations: 20794

--------------------------------------------------------------------------------
** Docking run number 10 **
--------------------------------------------------------------------------------
  Rank fitness base is 5000.00 ; increment is 11.2233

* Initialising population(s) ...                                                
Number of constraints mappings 0
Number of constraints 0
  Population no.                           :      1
  Population size                          :    100
  Number of duplicates                     :      0
  Number of niche violations               :      0
  Number of errors                         :   1710


Doing GA, no. of population(s) 1 size 100 selection pressure 1.100000

 Operation      Fitness  S(hb_ext) S(vdw_ext)  S(hb_int)    S(int)      intcor
         0      35.66       0.53      26.61       0.00      -7.30      -0.77
       325      31.52       0.45      23.96       0.00      -7.30      -0.77
Reordering...
       328      30.61       0.16      23.88       0.00      -9.26      -0.77
       355      35.76       3.54      28.89       0.00     -28.50      -0.77
       356      36.09       3.54      29.13       0.00     -28.50      -0.77
       470      37.57       3.60      29.33       0.00     -22.24      -0.77
Reordering...
       756      33.56       0.19      26.31       0.00      -7.75      -0.77
Reordering...
       902      32.03       3.29      22.34       0.00      -4.94      -0.77
      1003      31.54       3.24      21.98       0.00      -4.41      -0.77
      1061      32.57       3.41      22.84       0.00      -4.94      -0.77
Reordering...
      1230      30.18       3.16      21.31       0.00      -4.41      -0.77
      1243      30.19       3.16      21.35       0.00      -4.41      -0.77
      1343      32.14       0.11      25.34       0.00      -5.02      -0.77
      1376      33.78       0.05      26.50       0.00      -4.71      -0.77
      1662      32.31       3.19      23.65       0.00      -4.71      -0.77
Reordering...
      1968      30.32       3.50      23.24       0.00      -5.63      -0.77
      2140      31.08       2.78      24.01       0.00      -4.71      -0.77
      2291      31.40       0.00      27.61       0.00      -6.56      -0.77
      2425      31.98       3.57      24.09       0.00      -4.71      -0.77
--------------------------------------------------------------------------------
Best docking solution after GA:
      2750      31.98       3.57      24.09       0.00      -4.71      -0.77

#ops:       2750 #mutates:   1384 #cross:     1366 #dups:       459 
#niche:     1306 #errors:     146 
--------------------------------------------------------------------------------

Doing AMOEBA simplex on best individual
Done simplexing #iterations 567, best score  42.47

Ligand is stored in gold_soln_ligand_prepared_m1_10.mol2


--------------------------------------------------------------------------------
--- GoldScore breakdown of terms                                             ---
--------------------------------------------------------------------------------
Fitness = S(hb_ext) + 1.3750*S(vdw_ext) + S(hb_int) + 1.0000*S(int)
S(int)  = S(vdw_int) + S(tors)

Internal terms are relative to best energy found (intcor).

--------------------------------------------------------------------------------


     Fitness  S(hb_ext) S(vdw_ext)  S(hb_int)    S(int)      intcor
     42.47       3.06      31.21       0.00      -3.51      -0.77

--------------------------------------------------------------------------------
--- GoldScore analysis of protein-ligand interactions                        ---
--------------------------------------------------------------------------------

  Ligand acceptor   11 Protein hydrogen 1745 donor 1737 bond energy  2.00 wt 1.00
  Ligand donor   10 hydrogen   23 Protein acceptor 1704 bond energy  2.00 wt 0.53

--------------------------------------------------------------------------------

--------------------------------------------------------------------------------
--- Rescoring solution                                                       ---
--------------------------------------------------------------------------------

     Score     S(PLP)   S(hbond)     S(cho)   S(metal)  DE(clash)   DE(tors)
     27.79     -25.88       1.46       0.00       0.00       0.00       1.24

Doing AMOEBA simplex on best individual
Done simplexing #iterations 563, best score  39.64

     Score     S(PLP)   S(hbond)     S(cho)   S(metal)  DE(clash)   DE(tors)
     39.64     -35.65       2.00       0.00       0.00       0.00       1.00

--------------------------------------------------------------------------------
--- CHEMPLP breakdown of terms                                               ---
--------------------------------------------------------------------------------
CHEMPLP = - ( 1.0000*S(PLP) + -3.0000*S(hbond) + -6.0000*S(metal) + -3.0000*S(cho) )

Score = CHEMPLP - 1.0000*DE(clash) - 2.0000*DE(tors)


--------------------------------------------------------------------------------


--------------------------------------------------------------------------------
--- PLP analysis of protein-ligand interactions                              ---
--------------------------------------------------------------------------------
hydrogen bonding        :      -2.00
metal                   :       0.00
buried (polar-nonpolar) :       3.72
nonpolar                :     -39.93
repulsive               :       0.33
--------------------------------------------------------------------------------


--------------------------------------------------------------------------------
--- ChemScore analysis of protein-ligand interactions                        ---
--------------------------------------------------------------------------------

* Hydrogen bonds                                                                
Ligand donor   10 hydrogen   23 Protein acceptor 1704 bond energy  1.00 wt 1.00
Protein donor 1737 hydrogen 1745 Ligand acceptor   11 bond energy  1.00 wt 1.00


* CH..O interactions                                                            
  CH group selection                       : activated ring CH (adjacent to hetatom)

--------------------------------------------------------------------------------


--------------------------------------------------------------------------------
--- Intra-ligand clashes                                                     ---
--------------------------------------------------------------------------------

Ligand
--------------------------------------------------------------------------------


--------------------------------------------------------------------------------
--- Chromosome decoded                                                       ---
--------------------------------------------------------------------------------
Ligand Torsions
[   6    2    1    3]  -14.21
[  12    5    1    2]   44.13
Protein Torsions
[ 523  520  519  517]   85.12 
[1700 1693 1691 1688]  -47.27 
[ 491  486  485  482] -130.83 
Mapping
Ligand acceptors to protein hydrogens (mapping then atom ids)
  2  13 [ 11->1745]
Ligand hydrogens to protein acceptors (mapping then atom ids)
  2  10 [ 23->1704]
Ligand shape atoms to protein points (mapping then atom ids & coords)
  1  8279 [  5->( 25.250   9.000  32.750)]
  2  7358 [  6->( 24.250  10.250  31.500)]
  4  6913 [ 12->( 23.750   9.750  32.750)]
  7  9740 [ 16->( 26.500  10.000  29.500)]
Chromosome values
Integers:
  -1   12   -1   -1    9 8278 7357   -1 6912   -1   -1 9739 
--------------------------------------------------------------------------------


--------------------------------------------------------------------------------
--- Diverse Solutions Stats                                                  ---
--------------------------------------------------------------------------------
  Move attempts                            :  18762
  Move failures                            :    117
  Failure rate                             :   0.006

--------------------------------------------------------------------------------

Current Ranking 10  3  6  8  1  9  7  5  4  2

--------------------------------------------------------------------------------

* GA execution time :                                                           
  total  1.3153 user  1.0963 sys  0.2190

--------------------------------------------------------------------------------
Fitness function evaluations: 20538

--------------------------------------------------------------------------------
--- Ranking analysis                                                         ---
--------------------------------------------------------------------------------


* Final ranked order of GA solutions:                                           
  10  3  6  8  1  9  7  5  4  2 

  _______________________________
  RMSD Matrix of RANKED solutions

        2    3    4    5    6    7    8    9   10  

   1 :  2.8  4.1  3.0  3.3  1.0  3.1  4.1  4.0  4.1
   2 :       4.2  2.6  2.7  3.1  0.9  4.3  4.3  4.4
   3 :            4.8  4.7  4.2  4.3  0.7  2.8  2.4
   4 :                 1.0  2.9  2.7  4.7  4.6  4.7
   5 :                      3.2  2.8  4.6  4.6  4.7
   6 :                           3.5  4.2  4.0  4.2
   7 :                                4.3  4.6  4.6
   8 :                                     3.1  2.6
   9 :                                          0.8

  Clustering method                        : complete linkage
  Structure ids in cluster table           : rank nos.
  Ordering of clusters and their members   : by rank (order if from rms_analysis)

  Distance | Clusters
   0.68    |  1 |  2 |  3  8 |  4 |  5 |  6 |  7 |  9 | 10 |
   0.80    |  1 |  2 |  3  8 |  4 |  5 |  6 |  7 |  9 10 |
   0.93    |  1 |  2  7 |  3  8 |  4 |  5 |  6 |  9 10 |
   0.99    |  1  6 |  2  7 |  3  8 |  4 |  5 |  9 10 |
   1.00    |  1  6 |  2  7 |  3  8 |  4  5 |  9 10 |
   2.84    |  1  6 |  2  4  5  7 |  3  8 |  9 10 |
   3.12    |  1  6 |  2  4  5  7 |  3  8  9 10 |
   3.50    |  1  2  4  5  6  7 |  3  8  9 10 |
   4.75    |  1  2  3  4  5  6  7  8  9 10 |
  Finished Docking Ligand                  : /mnt/c/Users/ricca/Desktop/Documents/1_Coding/1_Script_Github/Reverse_Docking_Explore_V3/3fmm/ligand_prepared.mol2
--------------------------------------------------------------------------------

  Relative_Ligand_Energy (best encountered) :  -0.765
  Relative_Ligand_Energy: fitness values have been corrected using this amount
