
--------------------------------------------------------------------------------
--- Ligand                                                                   ---
--------------------------------------------------------------------------------
  Ligand loaded from file                  : /mnt/c/Users/ricca/Desktop/Documents/1_Coding/1_Script_Github/Reverse_Docking_Explore_V3/3owp/ligand_prepared.mol2
  Ligand name                              :  
  "CT1002167954                                                             "

--------------------------------------------------------------------------------
  N.plc donors                             : 
  none found

  Acidic nitrogen acceptors                : 
  none found
  Sulfur acceptors                         :
  none found


  Donor atoms                              :      2
  8   10  
  Acceptor atoms                           :      3
  9   11  17  

  Hydrogens                                :  (n = 2)
  22   23   

  Lone pairs added to molecule             :      6
  Numbering                                : from 30 to 35

--------------------------------------------------------------------------------
--- Postprocessing of typing                                                 ---
--------------------------------------------------------------------------------
  Fragment file                            : /home/hitesit/CCDC/Discovery_2022/GOLD/gold/rotatable_bond_override.mol2
  acylurea fragment                        : 2 matches
  Ligand bond 15-8  set to flip
  Ligand bond 15-10  set to flip
  Ligand bond 15-10  set to 1
  Ligand bond 15-8  set to 1
  Ligand bond 10-4  set to flip
  Ligand bond 8-3  set to flip
  thioacylthiourea fragment                : no matches
  acylthiourea fragment                    : no matches
  thioacylurea fragment                    : no matches
  diarylamine fragment >C.ar-NH-C.ar<      : no matches
  sec-amine (1) fragment                   : no matches
  sec-amine (2) fragment                   : no matches
  sec-amine (3) fragment                   : no matches
  carboxylic ester                         : no matches

* Rotatable bonds in /mnt/c/Users/ricca/D  :
  [   1    2] [   1    5] 
  No. of rotatable bonds                   :      2


* Reading torsional distributions from file:
  /home/hitesit/CCDC/Discovery_2022/GOLD/gold/gold.tordist
  No. of bins in torsional distributions   :     36
  Minimum size of largest peak             :      0
  Removing high energy torsions            : on
  Delta E set to                           :   2.500

* Fragments found in /mnt/c/Users/ricca/D  :
  atom   2: benzene
  atom   6: benzene
  atom   7: benzene
  atom  13: benzene
  atom  14: benzene
  atom  16: benzene


* Checking torsion distributions:                                               
  No. of matched torsions                  :      0

--------------------------------------------------------------------------------
--- Shape fitting atoms selection (hydrophobic atoms)                        ---
--------------------------------------------------------------------------------
  Molecule                                 : /mnt/c/Users/ricca/Desktop/Documents/1_Coding/1_Script_Github/Reverse_Docking_Explore_V3/3owp/ligand_prepared.mol2
  Selection                                : carbons only
  Atom numbers                             :  (n = 7)
  5    6    7    12   13   14   16   

--------------------------------------------------------------------------------
--- Diverse Solutions Setup                                                  ---
--------------------------------------------------------------------------------
  Cluster size                             :      2
  RMSD                                     :   2.000
  Refinement                               :      0


--------------------------------------------------------------------------------
--- ChemScore ligand setup summary                                           ---
--------------------------------------------------------------------------------
  ChemScore ligand acceptors               :      3
  9 11 17 
  ChemScore ligand donors                  :      2
  8 ( 22  ) 10 ( 23  ) 
  ChemScore ligand CH donors               :      0
  

  ChemScore ligand lipophilic atoms        :  (n = 9)
  1    2    5    6    7    12   13   14   16   

  ChemScore ligand rotatable bonds         :      2
  1   (C1 ) - 2   (C2 ): SP3_SP2_BOND
  1   (C1 ) - 5   (C5 ): SP3_SP3_BOND

--------------------------------------------------------------------------------
--- PLP ligand setup summary                                                 ---
--------------------------------------------------------------------------------
    1    C1   C.3 NONPOLAR
    2    C2  C.ar NONPOLAR
    3    C3   C.2 NONPOLAR
    4    C4   C.2 NONPOLAR
    5    C5   C.3 NONPOLAR
    6    C6  C.ar NONPOLAR
    7    C7  C.ar NONPOLAR
    8    N8  N.am DONOR
    9    O9   O.2 ACCEPTOR
   10   N10  N.am DONOR
   11   O11   O.2 ACCEPTOR
   12   C12   C.3 NONPOLAR
   13   C13  C.ar NONPOLAR
   14   C14  C.ar NONPOLAR
   15   C15   C.2 NONPOLAR
   16   C16  C.ar NONPOLAR
   17   O17   O.2 ACCEPTOR

--------------------------------------------------------------------------------
--- Automatic parameter setting                                              ---
--------------------------------------------------------------------------------
  Contribution base                        :   2500
  Contribution per rotatable bond          :   6000
  Contribution per df                      :   4000
  Contribution per water                   :  10000
  Ligand rotatable bonds                   :      2
  Protein flexible side chain bonds        :      0
  Total rotatable bonds                    :      2
  Hydrophobic vol ratio (P/L)              :   3.860
  Base multiplier (polar)                  :   1.000
  Base multiplier (apolar)                 :   5.405
  Base contribution                        : 15000.000
  Fitting points                           :      5
  Estimated maxops needed (optimal)        :  27500
  Autoscale factor (in percent)            :     10
  Scaled maxops                            :   3000

--------------------------------------------------------------------------------

* Population settings                                                           
  maxops                                   :   3000
  popsiz                                   :    100
  select_pressure                          :   1.100
  n_islands                                :      1
  niche_siz                                :      2

* GA settings                                                                   
  pt_crosswt                               :    100
  allele_mutatewt                          :    100
  migratewt                                :      0

* Search settings                                                               
  start_vdw_linear_cutoff                  :   6.000
  initial_virtual_pt_match_max             :   3.000
  Scaling of internal VDW energy           : log scale from  0.2 to    1
                                             over 2250 ops
  Sampling interval (operations)           :     30
  Scaling of virtual pt maximum length     : linear scale from    3 to    2
                                             over  2250 ops
  Sampling interval (operations)           :     90
  Scaling of 4-8 potential cutoff          : log scale from    6 to 1.2e+02
                                             over 2250 ops
  Sampling interval (operations)           :     90

--------------------------------------------------------------------------------

* Ligand initialisation time :                                                  
  total  0.0963 user  0.0549 sys  0.0414

--------------------------------------------------------------------------------

--------------------------------------------------------------------------------
** Docking run number  1 **
--------------------------------------------------------------------------------
  Rank fitness base is 5000.00 ; increment is 11.2233

* Initialising population(s) ...                                                
Number of constraints mappings 0
Number of constraints 0
  Population no.                           :      1
  Population size                          :    100
  Number of duplicates                     :      0
  Number of niche violations               :      0
  Number of errors                         :  39806


Doing GA, no. of population(s) 1 size 100 selection pressure 1.100000

 Operation      Fitness  S(hb_ext) S(vdw_ext)  S(hb_int)    S(int)      intcor
         0      27.25       8.84      15.67       0.00     -15.65      -0.82
Reordering...
        30      27.20       2.22      19.22       0.00      -7.11      -0.82
        43      27.39       1.03      19.40       0.00      -1.57      -0.82
Reordering...
        90      26.10       2.22      18.48       0.00      -7.11      -0.82
       134      27.28       0.82      21.62       0.00     -15.01      -0.82
       236      27.51      10.43      16.16       0.00     -22.11      -0.82
       242      28.12       0.13      21.17       0.00      -4.68      -0.82
       417      29.88       0.56      22.22       0.00      -4.68      -0.82
       521      30.94      10.41      15.48       0.00      -2.64      -0.82
       597      37.21       9.93      20.63       0.00      -3.61      -0.82
      1308      35.19       8.34      19.70       0.00      -0.48      -0.82
      1352      35.21       8.34      19.72       0.00      -0.48      -0.82
      1751      36.91      10.75      19.91       0.00      -1.76      -0.82
Reordering...
      1980      36.55      10.60      19.94       0.00      -1.77      -0.81
      2221      36.41      10.75      19.92       0.00      -1.77      -0.81
      2781      36.59      10.50      19.99       0.00      -1.41      -0.81
      2837      36.76      10.70      19.97       0.00      -1.41      -0.81
--------------------------------------------------------------------------------
Best docking solution after GA:
      3000      36.76      10.70      19.97       0.00      -1.41      -0.81

#ops:       3000 #mutates:   1472 #cross:     1528 #dups:       672 
#niche:     1618 #errors:     363 
--------------------------------------------------------------------------------

Doing AMOEBA simplex on best individual
Done simplexing #iterations 833, best score  39.15

Ligand is stored in gold_soln_ligand_prepared_m1_1.mol2


--------------------------------------------------------------------------------
--- GoldScore breakdown of terms                                             ---
--------------------------------------------------------------------------------
Fitness = S(hb_ext) + 1.3750*S(vdw_ext) + S(hb_int) + 1.0000*S(int)
S(int)  = S(vdw_int) + S(tors)

Internal terms are relative to best energy found (intcor).

--------------------------------------------------------------------------------


     Fitness  S(hb_ext) S(vdw_ext)  S(hb_int)    S(int)      intcor
     39.15      10.90      21.52       0.00      -1.34      -0.81

--------------------------------------------------------------------------------
--- GoldScore analysis of protein-ligand interactions                        ---
--------------------------------------------------------------------------------

  Ligand acceptor   17 Protein hydrogen 2604 donor 2593 bond energy  6.00 wt 1.00
  Ligand acceptor   11 Protein hydrogen  621 donor  615 bond energy  2.00 wt 0.79
  Ligand acceptor   11 Protein hydrogen  625 donor  620 bond energy  2.00 wt 0.05
  Ligand donor    8 hydrogen   22 Protein acceptor 2561 bond energy  6.00 wt 0.53

--------------------------------------------------------------------------------

--------------------------------------------------------------------------------
--- Rescoring solution                                                       ---
--------------------------------------------------------------------------------

     Score     S(PLP)   S(hbond)     S(cho)   S(metal)  DE(clash)   DE(tors)
     23.88     -15.93       3.27       0.00       0.00       0.63       0.62

Doing AMOEBA simplex on best individual
Done simplexing #iterations 911, best score  37.96

     Score     S(PLP)   S(hbond)     S(cho)   S(metal)  DE(clash)   DE(tors)
     37.96     -29.12       3.56       0.00       0.00       0.00       0.93

--------------------------------------------------------------------------------
--- CHEMPLP breakdown of terms                                               ---
--------------------------------------------------------------------------------
CHEMPLP = - ( 1.0000*S(PLP) + -3.0000*S(hbond) + -6.0000*S(metal) + -3.0000*S(cho) )

Score = CHEMPLP - 1.0000*DE(clash) - 2.0000*DE(tors)


--------------------------------------------------------------------------------


--------------------------------------------------------------------------------
--- PLP analysis of protein-ligand interactions                              ---
--------------------------------------------------------------------------------
hydrogen bonding        :      -4.46
metal                   :       0.00
buried (polar-nonpolar) :      -3.56
nonpolar                :     -22.06
repulsive               :       0.44
--------------------------------------------------------------------------------


--------------------------------------------------------------------------------
--- ChemScore analysis of protein-ligand interactions                        ---
--------------------------------------------------------------------------------

* Hydrogen bonds                                                                
Ligand donor    8 hydrogen   22 Protein acceptor 2561 bond energy  1.00 wt 0.80
Protein donor 2593 hydrogen 2604 Ligand acceptor   17 bond energy  1.00 wt 1.00
Protein donor  615 hydrogen  621 Ligand acceptor   11 bond energy  1.00 wt 1.00
Protein donor  620 hydrogen  625 Ligand acceptor   11 bond energy  1.00 wt 0.77


* CH..O interactions                                                            
  CH group selection                       : activated ring CH (adjacent to hetatom)

--------------------------------------------------------------------------------


--------------------------------------------------------------------------------
--- Intra-ligand clashes                                                     ---
--------------------------------------------------------------------------------

Ligand
--------------------------------------------------------------------------------


--------------------------------------------------------------------------------
--- Chromosome decoded                                                       ---
--------------------------------------------------------------------------------
Ligand Torsions
[   6    2    1    3]   73.83
[  12    5    1    2] -170.18
Protein Torsions
[3671 3662 3661 3659]   31.49 
[3591 3582 3581 3579]  -72.76 
[3859 3850 3849 3847] -105.15 
[3132 3125 3123 3120] -111.74 
[5167 5158 5157 5155]   16.29 
[2604 2593 2592 2591]  167.53 
[ 607  600  598  595]  176.69 
[1933 1928 1927 1924]  146.26 
[3182 3173 3172 3170] -147.78 
[ 625  620  619  616]  -60.69 
Mapping
Ligand acceptors to protein hydrogens (mapping then atom ids)
  2  49 [ 11-> 621]
  3  29 [ 17->2604]
Ligand hydrogens to protein acceptors (mapping then atom ids)
  1  57 [ 22->2561]
Ligand shape atoms to protein points (mapping then atom ids & coords)
Chromosome values
Integers:
  -1   48   28   56   -1   -1   -1   -1   -1   -1   -1   -1 
--------------------------------------------------------------------------------


--------------------------------------------------------------------------------
--- Diverse Solutions Stats                                                  ---
--------------------------------------------------------------------------------
  Move attempts                            :  17112
  Move failures                            :      0
  Failure rate                             :   0.000

--------------------------------------------------------------------------------

Current Ranking  1

--------------------------------------------------------------------------------

* GA execution time :                                                           
  total  1.5547 user  1.4656 sys  0.0891

--------------------------------------------------------------------------------
Fitness function evaluations: 57301

--------------------------------------------------------------------------------
** Docking run number  2 **
--------------------------------------------------------------------------------
  Rank fitness base is 5000.00 ; increment is 11.2233

* Initialising population(s) ...                                                
Number of constraints mappings 0
Number of constraints 0
  Population no.                           :      1
  Population size                          :    100
  Number of duplicates                     :      0
  Number of niche violations               :      0
  Number of errors                         :  39398


Doing GA, no. of population(s) 1 size 100 selection pressure 1.100000

 Operation      Fitness  S(hb_ext) S(vdw_ext)  S(hb_int)    S(int)      intcor
         0      31.35       5.35      19.37       0.00      -3.19      -0.80
       427      30.18       5.05      18.90       0.00      -3.20      -0.80
       509      30.13       5.35      18.68       0.00      -3.20      -0.80
       557      31.61       6.91      18.64       0.00      -3.20      -0.80
       943      30.95       8.24      17.42       0.00      -3.20      -0.80
      1028      30.68       1.26      21.86       0.00      -1.54      -0.80
Reordering...
      1080      30.47       8.11      17.26       0.00      -3.20      -0.80
      1379      31.45       7.55      19.68       0.00      -6.01      -0.80
      1589      31.15       8.57      17.84       0.00      -3.20      -0.80
      1767      34.31      11.16      18.45       0.00      -3.20      -0.80
      1793      34.96      11.02      18.29       0.00      -1.70      -0.80
      2928      34.62      11.11      18.65       0.00      -2.12      -0.80
      2965      34.77      11.33      18.29       0.00      -1.70      -0.80
--------------------------------------------------------------------------------
Best docking solution after GA:
      3000      34.77      11.33      18.29       0.00      -1.70      -0.80

#ops:       3000 #mutates:   1483 #cross:     1517 #dups:       418 
#niche:     1464 #errors:     520 
--------------------------------------------------------------------------------

Doing AMOEBA simplex on best individual
Done simplexing #iterations 819, best score  37.19

Ligand is stored in gold_soln_ligand_prepared_m1_2.mol2


--------------------------------------------------------------------------------
--- GoldScore breakdown of terms                                             ---
--------------------------------------------------------------------------------
Fitness = S(hb_ext) + 1.3750*S(vdw_ext) + S(hb_int) + 1.0000*S(int)
S(int)  = S(vdw_int) + S(tors)

Internal terms are relative to best energy found (intcor).

--------------------------------------------------------------------------------


     Fitness  S(hb_ext) S(vdw_ext)  S(hb_int)    S(int)      intcor
     37.19      11.32      19.52       0.00      -0.97      -0.80

--------------------------------------------------------------------------------
--- GoldScore analysis of protein-ligand interactions                        ---
--------------------------------------------------------------------------------

  Ligand acceptor   17 Protein hydrogen 2606 donor 2593 bond energy  6.00 wt 1.00
  Ligand acceptor   11 Protein hydrogen  621 donor  615 bond energy  2.00 wt 0.96
  Ligand acceptor   11 Protein hydrogen  625 donor  620 bond energy  2.00 wt 0.16
  Ligand donor    8 hydrogen   22 Protein acceptor 2561 bond energy  6.00 wt 0.51

--------------------------------------------------------------------------------

--------------------------------------------------------------------------------
--- Rescoring solution                                                       ---
--------------------------------------------------------------------------------

     Score     S(PLP)   S(hbond)     S(cho)   S(metal)  DE(clash)   DE(tors)
     24.41     -17.44       3.30       0.00       0.00       0.00       1.46

Doing AMOEBA simplex on best individual
Done simplexing #iterations 833, best score  37.84

     Score     S(PLP)   S(hbond)     S(cho)   S(metal)  DE(clash)   DE(tors)
     37.84     -29.93       3.56       0.00       0.00       0.00       1.39

--------------------------------------------------------------------------------
--- CHEMPLP breakdown of terms                                               ---
--------------------------------------------------------------------------------
CHEMPLP = - ( 1.0000*S(PLP) + -3.0000*S(hbond) + -6.0000*S(metal) + -3.0000*S(cho) )

Score = CHEMPLP - 1.0000*DE(clash) - 2.0000*DE(tors)


--------------------------------------------------------------------------------


--------------------------------------------------------------------------------
--- PLP analysis of protein-ligand interactions                              ---
--------------------------------------------------------------------------------
hydrogen bonding        :      -4.44
metal                   :       0.00
buried (polar-nonpolar) :      -4.21
nonpolar                :     -22.34
repulsive               :       0.42
--------------------------------------------------------------------------------


--------------------------------------------------------------------------------
--- ChemScore analysis of protein-ligand interactions                        ---
--------------------------------------------------------------------------------

* Hydrogen bonds                                                                
Ligand donor    8 hydrogen   22 Protein acceptor 2561 bond energy  1.00 wt 0.78
Protein donor 2593 hydrogen 2606 Ligand acceptor   17 bond energy  1.00 wt 1.00
Protein donor  615 hydrogen  621 Ligand acceptor   11 bond energy  1.00 wt 1.00
Protein donor  620 hydrogen  625 Ligand acceptor   11 bond energy  1.00 wt 0.78


* CH..O interactions                                                            
  CH group selection                       : activated ring CH (adjacent to hetatom)

--------------------------------------------------------------------------------


--------------------------------------------------------------------------------
--- Intra-ligand clashes                                                     ---
--------------------------------------------------------------------------------

Ligand
--------------------------------------------------------------------------------


--------------------------------------------------------------------------------
--- Chromosome decoded                                                       ---
--------------------------------------------------------------------------------
Ligand Torsions
[   6    2    1    3]  -97.06
[  12    5    1    2] -165.42
Protein Torsions
[3671 3662 3661 3659]  -60.90 
[3591 3582 3581 3579]  144.39 
[3859 3850 3849 3847]   75.92 
[3132 3125 3123 3120]   -1.75 
[5167 5158 5157 5155] -146.28 
[2604 2593 2592 2591]  -65.08 
[ 607  600  598  595]    0.73 
[1933 1928 1927 1924]  -59.31 
[3182 3173 3172 3170]  -27.28 
[ 625  620  619  616]  -54.31 
Mapping
Ligand acceptors to protein hydrogens (mapping then atom ids)
  2  49 [ 11-> 621]
Ligand hydrogens to protein acceptors (mapping then atom ids)
  1  57 [ 22->2561]
Ligand shape atoms to protein points (mapping then atom ids & coords)
  1  8221 [  5->( 21.250 -10.750  -3.250)]
  4  8617 [ 12->( 21.750 -10.500  -2.250)]
Chromosome values
Integers:
  -1   48   -1   56   -1 8220   -1   -1 8616   -1   -1   -1 
--------------------------------------------------------------------------------


--------------------------------------------------------------------------------
--- Diverse Solutions Stats                                                  ---
--------------------------------------------------------------------------------
  Move attempts                            :  17000
  Move failures                            :      0
  Failure rate                             :   0.000

--------------------------------------------------------------------------------

Current Ranking  1  2

--------------------------------------------------------------------------------

* GA execution time :                                                           
  total  1.1413 user  1.0527 sys  0.0886

--------------------------------------------------------------------------------
Fitness function evaluations: 56937

--------------------------------------------------------------------------------
** Docking run number  3 **
--------------------------------------------------------------------------------
  Rank fitness base is 5000.00 ; increment is 11.2233

* Initialising population(s) ...                                                
Number of constraints mappings 0
Number of constraints 0
  Population no.                           :      1
  Population size                          :    100
  Number of duplicates                     :      0
  Number of niche violations               :      0
  Number of errors                         :  39063


Doing GA, no. of population(s) 1 size 100 selection pressure 1.100000

 Operation      Fitness  S(hb_ext) S(vdw_ext)  S(hb_int)    S(int)      intcor
         0      34.70       8.20      19.78       0.00      -3.49      -0.79
        69      39.40       9.52      22.26       0.00      -3.49      -0.79
       854      38.37       6.81      23.88       0.00      -3.49      -0.79
       863      38.80       6.81      23.85       0.00      -2.23      -0.79
      1149      38.85       6.49      23.89       0.00      -1.07      -0.79
      1460      38.55       6.03      23.96       0.00      -0.74      -0.79
      1612      40.71       6.85      24.96       0.00      -0.75      -0.79
      1894      40.38       6.54      25.02       0.00      -0.74      -0.79
      2540      39.78       5.99      25.08       0.00      -0.70      -0.79
--------------------------------------------------------------------------------
Best docking solution after GA:
      3000      39.78       5.99      25.08       0.00      -0.70      -0.77

#ops:       3000 #mutates:   1490 #cross:     1510 #dups:       577 
#niche:     1527 #errors:     363 
--------------------------------------------------------------------------------

Doing AMOEBA simplex on best individual
Done simplexing #iterations 927, best score  42.13

Ligand is stored in gold_soln_ligand_prepared_m1_3.mol2


--------------------------------------------------------------------------------
--- GoldScore breakdown of terms                                             ---
--------------------------------------------------------------------------------
Fitness = S(hb_ext) + 1.3750*S(vdw_ext) + S(hb_int) + 1.0000*S(int)
S(int)  = S(vdw_int) + S(tors)

Internal terms are relative to best energy found (intcor).

--------------------------------------------------------------------------------


     Fitness  S(hb_ext) S(vdw_ext)  S(hb_int)    S(int)      intcor
     42.13       8.18      25.20       0.00      -0.69      -0.77

--------------------------------------------------------------------------------
--- GoldScore analysis of protein-ligand interactions                        ---
--------------------------------------------------------------------------------

  Ligand acceptor   17 Protein hydrogen 2604 donor 2593 bond energy  6.00 wt 1.00
  Ligand acceptor    9 Protein hydrogen  621 donor  615 bond energy  2.00 wt 0.47
  Ligand acceptor    9 Protein hydrogen  625 donor  620 bond energy  2.00 wt 0.50
  Ligand donor   10 hydrogen   23 Protein acceptor 2846 bond energy  6.00 wt 0.04

--------------------------------------------------------------------------------

--------------------------------------------------------------------------------
--- Rescoring solution                                                       ---
--------------------------------------------------------------------------------

     Score     S(PLP)   S(hbond)     S(cho)   S(metal)  DE(clash)   DE(tors)
     26.82     -18.99       2.70       0.00       0.00       0.00       0.13

Doing AMOEBA simplex on best individual
Done simplexing #iterations 1365, best score  45.53

     Score     S(PLP)   S(hbond)     S(cho)   S(metal)  DE(clash)   DE(tors)
     45.53     -35.85       3.30       0.00       0.00       0.00       0.10

--------------------------------------------------------------------------------
--- CHEMPLP breakdown of terms                                               ---
--------------------------------------------------------------------------------
CHEMPLP = - ( 1.0000*S(PLP) + -3.0000*S(hbond) + -6.0000*S(metal) + -3.0000*S(cho) )

Score = CHEMPLP - 1.0000*DE(clash) - 2.0000*DE(tors)


--------------------------------------------------------------------------------


--------------------------------------------------------------------------------
--- PLP analysis of protein-ligand interactions                              ---
--------------------------------------------------------------------------------
hydrogen bonding        :      -4.00
metal                   :       0.00
buried (polar-nonpolar) :      -1.74
nonpolar                :     -31.49
repulsive               :       0.42
--------------------------------------------------------------------------------


--------------------------------------------------------------------------------
--- ChemScore analysis of protein-ligand interactions                        ---
--------------------------------------------------------------------------------

* Hydrogen bonds                                                                
Ligand donor   10 hydrogen   23 Protein acceptor 2846 bond energy  1.00 wt 0.30
Protein donor 2593 hydrogen 2604 Ligand acceptor   17 bond energy  1.00 wt 1.00
Protein donor  615 hydrogen  621 Ligand acceptor    9 bond energy  1.00 wt 1.00
Protein donor  620 hydrogen  625 Ligand acceptor    9 bond energy  1.00 wt 1.00


* CH..O interactions                                                            
  CH group selection                       : activated ring CH (adjacent to hetatom)

--------------------------------------------------------------------------------


--------------------------------------------------------------------------------
--- Intra-ligand clashes                                                     ---
--------------------------------------------------------------------------------

Ligand
--------------------------------------------------------------------------------


--------------------------------------------------------------------------------
--- Chromosome decoded                                                       ---
--------------------------------------------------------------------------------
Ligand Torsions
[   6    2    1    3]  109.73
[  12    5    1    2] -174.56
Protein Torsions
[3671 3662 3661 3659]   -0.74 
[3591 3582 3581 3579] -177.05 
[3859 3850 3849 3847]   36.16 
[3132 3125 3123 3120] -154.05 
[5167 5158 5157 5155]   78.21 
[2604 2593 2592 2591] -175.38 
[ 607  600  598  595]   33.08 
[1933 1928 1927 1924] -136.40 
[3182 3173 3172 3170] -106.79 
[ 625  620  619  616]  -61.38 
Mapping
Ligand acceptors to protein hydrogens (mapping then atom ids)
  3  29 [ 17->2604]
Ligand hydrogens to protein acceptors (mapping then atom ids)
  2  66 [ 23->2846]
Ligand shape atoms to protein points (mapping then atom ids & coords)
  1  7217 [  5->( 20.000 -11.250  -2.000)]
  6  9854 [ 14->( 23.250 -13.000   0.500)]
  7  9207 [ 16->( 22.500 -12.500  -1.000)]
Chromosome values
Integers:
  -1   -1   28   -1   65 7216   -1   -1   -1   -1 9853 9206 
--------------------------------------------------------------------------------


--------------------------------------------------------------------------------
--- Diverse Solutions Stats                                                  ---
--------------------------------------------------------------------------------
  Move attempts                            :  17817
  Move failures                            :      1
  Failure rate                             :   0.000

--------------------------------------------------------------------------------

Current Ranking  3  1  2

--------------------------------------------------------------------------------

* GA execution time :                                                           
  total  1.2365 user  1.2027 sys  0.0338

--------------------------------------------------------------------------------
Fitness function evaluations: 57263

--------------------------------------------------------------------------------
** Docking run number  4 **
--------------------------------------------------------------------------------
  Rank fitness base is 5000.00 ; increment is 11.2233

* Initialising population(s) ...                                                
Number of constraints mappings 0
Number of constraints 0
  Population no.                           :      1
  Population size                          :    100
  Number of duplicates                     :      0
  Number of niche violations               :      0
  Number of errors                         :  39227


Doing GA, no. of population(s) 1 size 100 selection pressure 1.100000

 Operation      Fitness  S(hb_ext) S(vdw_ext)  S(hb_int)    S(int)      intcor
         0      27.18       0.00      21.42       0.00     -11.38      -0.77
        60      27.40       0.30      21.44       0.00     -11.38      -0.77
        69      27.92       5.64      18.37       0.00     -14.24      -0.77
        77      28.57       0.00      22.15       0.00      -9.05      -0.77
       112      27.93       0.00      21.72       0.00      -9.05      -0.77
       121      28.82       9.73      14.01       0.00      -0.82      -0.77
       182      33.77       9.98      17.43       0.00      -0.82      -0.77
       279      33.65      10.05      17.31       0.00      -0.82      -0.77
       346      34.07      10.07      17.68       0.00      -1.21      -0.77
       785      34.03       9.99      17.70       0.00      -0.82      -0.77
       902      37.06       9.49      21.48       0.00      -5.14      -0.77
      1176      36.82       9.61      21.13       0.00      -3.98      -0.77
      1257      36.77       9.48      21.65       0.00      -5.14      -0.77
      1374      37.33      10.02      21.09       0.00      -3.22      -0.77
      1551      37.03       9.78      21.55       0.00      -3.98      -0.77
      1555      37.06      10.02      21.07       0.00      -3.22      -0.77
      1876      36.43       9.66      21.46       0.00      -3.63      -0.77
Reordering...
      1890      36.33       9.85      21.07       0.00      -3.22      -0.77
      2015      37.37       8.18      22.21       0.00      -1.61      -0.77
      2071      37.57      10.30      21.88       0.00      -3.22      -0.77
      2319      37.37      10.28      22.04       0.00      -3.22      -0.77
      2757      37.65       7.94      22.13       0.00      -0.70      -0.77
      2791      38.34      10.28      21.98       0.00      -2.16      -0.77
      2920      39.77       9.88      22.11       0.00      -0.53      -0.77
--------------------------------------------------------------------------------
Best docking solution after GA:
      3000      39.77       9.88      22.11       0.00      -0.53      -0.77

#ops:       3000 #mutates:   1450 #cross:     1550 #dups:       559 
#niche:     1538 #errors:     414 
--------------------------------------------------------------------------------

Doing AMOEBA simplex on best individual
Done simplexing #iterations 959, best score  41.38

Ligand is stored in gold_soln_ligand_prepared_m1_4.mol2


--------------------------------------------------------------------------------
--- GoldScore breakdown of terms                                             ---
--------------------------------------------------------------------------------
Fitness = S(hb_ext) + 1.3750*S(vdw_ext) + S(hb_int) + 1.0000*S(int)
S(int)  = S(vdw_int) + S(tors)

Internal terms are relative to best energy found (intcor).

--------------------------------------------------------------------------------


     Fitness  S(hb_ext) S(vdw_ext)  S(hb_int)    S(int)      intcor
     41.38      10.46      22.79       0.00      -0.42      -0.77

--------------------------------------------------------------------------------
--- GoldScore analysis of protein-ligand interactions                        ---
--------------------------------------------------------------------------------

  Ligand acceptor   17 Protein hydrogen 2604 donor 2593 bond energy  6.00 wt 1.00
  Ligand acceptor    9 Protein hydrogen  621 donor  615 bond energy  2.00 wt 0.87
  Ligand acceptor    9 Protein hydrogen  625 donor  620 bond energy  2.00 wt 0.57
  Ligand donor   10 hydrogen   23 Protein acceptor 2561 bond energy  6.00 wt 0.27

--------------------------------------------------------------------------------

--------------------------------------------------------------------------------
--- Rescoring solution                                                       ---
--------------------------------------------------------------------------------

     Score     S(PLP)   S(hbond)     S(cho)   S(metal)  DE(clash)   DE(tors)
     31.02     -25.52       2.62       0.00       0.00       0.00       1.17

Doing AMOEBA simplex on best individual
Done simplexing #iterations 728, best score  44.86

     Score     S(PLP)   S(hbond)     S(cho)   S(metal)  DE(clash)   DE(tors)
     44.86     -36.90       3.21       0.00       0.00       0.00       0.83

--------------------------------------------------------------------------------
--- CHEMPLP breakdown of terms                                               ---
--------------------------------------------------------------------------------
CHEMPLP = - ( 1.0000*S(PLP) + -3.0000*S(hbond) + -6.0000*S(metal) + -3.0000*S(cho) )

Score = CHEMPLP - 1.0000*DE(clash) - 2.0000*DE(tors)


--------------------------------------------------------------------------------


--------------------------------------------------------------------------------
--- PLP analysis of protein-ligand interactions                              ---
--------------------------------------------------------------------------------
hydrogen bonding        :      -4.00
metal                   :       0.00
buried (polar-nonpolar) :      -0.77
nonpolar                :     -33.15
repulsive               :       0.40
--------------------------------------------------------------------------------


--------------------------------------------------------------------------------
--- ChemScore analysis of protein-ligand interactions                        ---
--------------------------------------------------------------------------------

* Hydrogen bonds                                                                
Ligand donor   10 hydrogen   23 Protein acceptor 2846 bond energy  1.00 wt 0.21
Protein donor 2593 hydrogen 2604 Ligand acceptor   17 bond energy  1.00 wt 1.00
Protein donor  615 hydrogen  621 Ligand acceptor    9 bond energy  1.00 wt 1.00
Protein donor  620 hydrogen  625 Ligand acceptor    9 bond energy  1.00 wt 1.00


* CH..O interactions                                                            
  CH group selection                       : activated ring CH (adjacent to hetatom)

--------------------------------------------------------------------------------


--------------------------------------------------------------------------------
--- Intra-ligand clashes                                                     ---
--------------------------------------------------------------------------------

Ligand
--------------------------------------------------------------------------------


--------------------------------------------------------------------------------
--- Chromosome decoded                                                       ---
--------------------------------------------------------------------------------
Ligand Torsions
[   6    2    1    3]  -89.13
[  12    5    1    2] -170.16
Protein Torsions
[3671 3662 3661 3659]  -85.55 
[3591 3582 3581 3579]  102.68 
[3859 3850 3849 3847]  -69.76 
[3132 3125 3123 3120]  -69.08 
[5167 5158 5157 5155] -102.39 
[2604 2593 2592 2591] -175.59 
[ 607  600  598  595]  -54.00 
[1933 1928 1927 1924]  161.06 
[3182 3173 3172 3170]  -57.17 
[ 625  620  619  616]  -49.45 
Mapping
Ligand acceptors to protein hydrogens (mapping then atom ids)
  1  49 [  9-> 621]
  3  29 [ 17->2604]
Ligand hydrogens to protein acceptors (mapping then atom ids)
  2  57 [ 23->2561]
Ligand shape atoms to protein points (mapping then atom ids & coords)
  1  7059 [  5->( 19.750 -11.000  -2.250)]
  2  8225 [  6->( 21.250 -10.750  -2.250)]
  7  9837 [ 16->( 23.250 -13.250  -0.750)]
Chromosome values
Integers:
  48   -1   28   -1   56 7058 8224   -1   -1   -1   -1 9836 
--------------------------------------------------------------------------------


--------------------------------------------------------------------------------
--- Diverse Solutions Stats                                                  ---
--------------------------------------------------------------------------------
  Move attempts                            :  17097
  Move failures                            :      1
  Failure rate                             :   0.000

--------------------------------------------------------------------------------

Current Ranking  3  4  1  2

--------------------------------------------------------------------------------

* GA execution time :                                                           
  total  1.3879 user  1.2966 sys  0.0912

--------------------------------------------------------------------------------
Fitness function evaluations: 56761

--------------------------------------------------------------------------------
** Docking run number  5 **
--------------------------------------------------------------------------------
  Rank fitness base is 5000.00 ; increment is 11.2233

* Initialising population(s) ...                                                
Number of constraints mappings 0
Number of constraints 0
  Population no.                           :      1
  Population size                          :    100
  Number of duplicates                     :      0
  Number of niche violations               :      0
  Number of errors                         :  40549


Doing GA, no. of population(s) 1 size 100 selection pressure 1.100000

 Operation      Fitness  S(hb_ext) S(vdw_ext)  S(hb_int)    S(int)      intcor
         0      27.32       0.39      20.11       0.00      -3.60      -0.77
       131      28.46       0.63      20.37       0.00      -0.80      -0.77
       144      29.47       0.11      23.95       0.00     -16.36      -0.77
       574      29.73       3.79      19.23       0.00      -1.67      -0.77
       745      29.59       3.83      19.14       0.00      -1.67      -0.77
Reordering...
      1260      28.60       2.89      18.93       0.00      -0.65      -0.77
      1266      29.26       3.70      18.69       0.00      -0.29      -0.77
      1452      29.15       3.79      18.77       0.00      -0.81      -0.77
Reordering...
      1710      28.48       2.87      18.89       0.00      -0.54      -0.77
      1975      28.41       2.89      18.94       0.00      -0.65      -0.77
Reordering...
      1980      28.40       2.87      18.89       0.00      -0.54      -0.77
      2755      28.38      11.62      13.08       0.00      -1.23      -0.77
--------------------------------------------------------------------------------
Best docking solution after GA:
      3000      28.38      11.62      13.08       0.00      -1.23      -0.77

#ops:       3000 #mutates:   1488 #cross:     1512 #dups:       457 
#niche:     1447 #errors:     455 
--------------------------------------------------------------------------------

Doing AMOEBA simplex on best individual
Done simplexing #iterations 747, best score  29.91

Ligand is stored in gold_soln_ligand_prepared_m1_5.mol2


--------------------------------------------------------------------------------
--- GoldScore breakdown of terms                                             ---
--------------------------------------------------------------------------------
Fitness = S(hb_ext) + 1.3750*S(vdw_ext) + S(hb_int) + 1.0000*S(int)
S(int)  = S(vdw_int) + S(tors)

Internal terms are relative to best energy found (intcor).

--------------------------------------------------------------------------------


     Fitness  S(hb_ext) S(vdw_ext)  S(hb_int)    S(int)      intcor
     29.91      11.92      13.75       0.00      -0.93      -0.77

--------------------------------------------------------------------------------
--- GoldScore analysis of protein-ligand interactions                        ---
--------------------------------------------------------------------------------

  Ligand acceptor    9 Protein hydrogen 2605 donor 2593 bond energy  6.00 wt 0.87
  Ligand acceptor   11 Protein hydrogen  621 donor  615 bond energy  2.00 wt 1.00
  Ligand acceptor   11 Protein hydrogen  625 donor  620 bond energy  2.00 wt 0.46
  Ligand donor    8 hydrogen   22 Protein acceptor 2561 bond energy  6.00 wt 0.63

--------------------------------------------------------------------------------

--------------------------------------------------------------------------------
--- Rescoring solution                                                       ---
--------------------------------------------------------------------------------

     Score     S(PLP)   S(hbond)     S(cho)   S(metal)  DE(clash)   DE(tors)
      9.67      -2.62       3.05       0.00       0.00       0.00       1.05

Doing AMOEBA simplex on best individual
Done simplexing #iterations 1035, best score  29.08

     Score     S(PLP)   S(hbond)     S(cho)   S(metal)  DE(clash)   DE(tors)
     29.08     -24.06       2.28       0.00       0.00       0.00       0.90

--------------------------------------------------------------------------------
--- CHEMPLP breakdown of terms                                               ---
--------------------------------------------------------------------------------
CHEMPLP = - ( 1.0000*S(PLP) + -3.0000*S(hbond) + -6.0000*S(metal) + -3.0000*S(cho) )

Score = CHEMPLP - 1.0000*DE(clash) - 2.0000*DE(tors)


--------------------------------------------------------------------------------


--------------------------------------------------------------------------------
--- PLP analysis of protein-ligand interactions                              ---
--------------------------------------------------------------------------------
hydrogen bonding        :      -2.13
metal                   :       0.00
buried (polar-nonpolar) :      -4.86
nonpolar                :     -18.14
repulsive               :       0.78
--------------------------------------------------------------------------------


--------------------------------------------------------------------------------
--- ChemScore analysis of protein-ligand interactions                        ---
--------------------------------------------------------------------------------

* Hydrogen bonds                                                                
Ligand donor    8 hydrogen   22 Protein acceptor 2561 bond energy  1.00 wt 0.28
Protein donor  615 hydrogen  621 Ligand acceptor   11 bond energy  1.00 wt 1.00
Protein donor  620 hydrogen  625 Ligand acceptor   11 bond energy  1.00 wt 1.00


* CH..O interactions                                                            
  CH group selection                       : activated ring CH (adjacent to hetatom)

--------------------------------------------------------------------------------


--------------------------------------------------------------------------------
--- Intra-ligand clashes                                                     ---
--------------------------------------------------------------------------------

Ligand
--------------------------------------------------------------------------------


--------------------------------------------------------------------------------
--- Chromosome decoded                                                       ---
--------------------------------------------------------------------------------
Ligand Torsions
[   6    2    1    3]   81.44
[  12    5    1    2] -170.84
Protein Torsions
[3671 3662 3661 3659] -137.98 
[3591 3582 3581 3579]   -7.12 
[3859 3850 3849 3847]  144.46 
[3132 3125 3123 3120]    6.77 
[5167 5158 5157 5155]  -71.27 
[2604 2593 2592 2591]   74.64 
[ 607  600  598  595]  109.80 
[1933 1928 1927 1924] -111.34 
[3182 3173 3172 3170] -114.57 
[ 625  620  619  616]  -47.91 
Mapping
Ligand acceptors to protein hydrogens (mapping then atom ids)
  1  30 [  9->2605]
  2  49 [ 11-> 621]
Ligand hydrogens to protein acceptors (mapping then atom ids)
  1  57 [ 22->2561]
Ligand shape atoms to protein points (mapping then atom ids & coords)
Chromosome values
Integers:
  29   48   -1   56   -1   -1   -1   -1   -1   -1   -1   -1 
--------------------------------------------------------------------------------


--------------------------------------------------------------------------------
--- Diverse Solutions Stats                                                  ---
--------------------------------------------------------------------------------
  Move attempts                            :  17238
  Move failures                            :     40
  Failure rate                             :   0.002

--------------------------------------------------------------------------------

Current Ranking  3  4  1  2  5

--------------------------------------------------------------------------------

* GA execution time :                                                           
  total  1.1746 user  1.1296 sys  0.0451

--------------------------------------------------------------------------------
Fitness function evaluations: 58225

--------------------------------------------------------------------------------
** Docking run number  6 **
--------------------------------------------------------------------------------
  Rank fitness base is 5000.00 ; increment is 11.2233

* Initialising population(s) ...                                                
Number of constraints mappings 0
Number of constraints 0
  Population no.                           :      1
  Population size                          :    100
  Number of duplicates                     :      0
  Number of niche violations               :      0
  Number of errors                         :  39589


Doing GA, no. of population(s) 1 size 100 selection pressure 1.100000

 Operation      Fitness  S(hb_ext) S(vdw_ext)  S(hb_int)    S(int)      intcor
         0      27.50       1.79      22.68       0.00     -27.40      -0.77
       343      28.86       5.14      17.51       0.00      -1.42      -0.77
       431      28.80       4.91      17.65       0.00      -1.42      -0.77
      1094      26.96       2.97      17.58       0.00      -0.43      -0.77
      1109      27.47       0.42      20.63       0.00      -3.05      -0.77
      1226      27.53       0.47      20.73       0.00      -3.05      -0.77
      1342      28.57       2.51      19.30       0.00      -0.94      -0.77
      2119      27.81       2.06      19.26       0.00      -0.82      -0.77
      2610      27.88       1.44      19.33       0.00      -0.14      -0.77
      2730      27.89       1.40      19.42       0.00      -0.23      -0.77
      2808      27.96       1.44      19.45       0.00      -0.23      -0.77
      2957      28.06       0.21      20.71       0.00      -0.62      -0.77
--------------------------------------------------------------------------------
Best docking solution after GA:
      3000      28.06       0.21      20.71       0.00      -0.62      -0.77

#ops:       3000 #mutates:   1534 #cross:     1466 #dups:       595 
#niche:     1595 #errors:     630 
--------------------------------------------------------------------------------

Doing AMOEBA simplex on best individual
Done simplexing #iterations 1059, best score  33.64

Ligand is stored in gold_soln_ligand_prepared_m1_6.mol2


--------------------------------------------------------------------------------
--- GoldScore breakdown of terms                                             ---
--------------------------------------------------------------------------------
Fitness = S(hb_ext) + 1.3750*S(vdw_ext) + S(hb_int) + 1.0000*S(int)
S(int)  = S(vdw_int) + S(tors)

Internal terms are relative to best energy found (intcor).

--------------------------------------------------------------------------------


     Fitness  S(hb_ext) S(vdw_ext)  S(hb_int)    S(int)      intcor
     33.64       2.37      22.81       0.00      -0.09      -0.77

--------------------------------------------------------------------------------
--- GoldScore analysis of protein-ligand interactions                        ---
--------------------------------------------------------------------------------

  Ligand acceptor   17 Protein hydrogen 2606 donor 2593 bond energy  6.00 wt 0.08
  Ligand donor    8 hydrogen   22 Protein acceptor 2846 bond energy  6.00 wt 0.32

--------------------------------------------------------------------------------

--------------------------------------------------------------------------------
--- Rescoring solution                                                       ---
--------------------------------------------------------------------------------

     Score     S(PLP)   S(hbond)     S(cho)   S(metal)  DE(clash)   DE(tors)
      9.45      -7.35       0.72       0.00       0.00       0.00       0.03

Doing AMOEBA simplex on best individual
Done simplexing #iterations 970, best score  24.62

     Score     S(PLP)   S(hbond)     S(cho)   S(metal)  DE(clash)   DE(tors)
     24.62     -19.25       1.80       0.00       0.00       0.00       0.01

--------------------------------------------------------------------------------
--- CHEMPLP breakdown of terms                                               ---
--------------------------------------------------------------------------------
CHEMPLP = - ( 1.0000*S(PLP) + -3.0000*S(hbond) + -6.0000*S(metal) + -3.0000*S(cho) )

Score = CHEMPLP - 1.0000*DE(clash) - 2.0000*DE(tors)


--------------------------------------------------------------------------------


--------------------------------------------------------------------------------
--- PLP analysis of protein-ligand interactions                              ---
--------------------------------------------------------------------------------
hydrogen bonding        :      -2.71
metal                   :       0.00
buried (polar-nonpolar) :      -0.02
nonpolar                :     -25.60
repulsive               :       8.61
--------------------------------------------------------------------------------


--------------------------------------------------------------------------------
--- ChemScore analysis of protein-ligand interactions                        ---
--------------------------------------------------------------------------------

* Hydrogen bonds                                                                
Ligand donor    8 hydrogen   22 Protein acceptor 2846 bond energy  1.00 wt 0.82
Protein donor 2593 hydrogen 2606 Ligand acceptor   17 bond energy  1.00 wt 0.98


* CH..O interactions                                                            
  CH group selection                       : activated ring CH (adjacent to hetatom)

--------------------------------------------------------------------------------


--------------------------------------------------------------------------------
--- Intra-ligand clashes                                                     ---
--------------------------------------------------------------------------------

Ligand
--------------------------------------------------------------------------------


--------------------------------------------------------------------------------
--- Chromosome decoded                                                       ---
--------------------------------------------------------------------------------
Ligand Torsions
[   6    2    1    3]  -57.21
[  12    5    1    2]  176.46
Protein Torsions
[3671 3662 3661 3659]   94.12 
[3591 3582 3581 3579]   48.90 
[3859 3850 3849 3847]   93.12 
[3132 3125 3123 3120]   74.94 
[5167 5158 5157 5155]  102.33 
[2604 2593 2592 2591]  -51.39 
[ 607  600  598  595] -164.49 
[1933 1928 1927 1924]  170.85 
[3182 3173 3172 3170]   15.12 
[ 625  620  619  616] -148.60 
Mapping
Ligand acceptors to protein hydrogens (mapping then atom ids)
  3  45 [ 17->2648]
Ligand hydrogens to protein acceptors (mapping then atom ids)
Ligand shape atoms to protein points (mapping then atom ids & coords)
  4  9710 [ 12->( 23.000  -9.250   5.750)]
  5  9836 [ 13->( 23.250 -13.250  -1.000)]
  7 10364 [ 16->( 23.750 -11.750   1.000)]
Chromosome values
Integers:
  -1   -1   44   -1   -1   -1   -1   -1 9709 9835   -1 10363 
--------------------------------------------------------------------------------


--------------------------------------------------------------------------------
--- Diverse Solutions Stats                                                  ---
--------------------------------------------------------------------------------
  Move attempts                            :  17435
  Move failures                            :     13
  Failure rate                             :   0.001

--------------------------------------------------------------------------------

Current Ranking  3  4  1  2  6  5

--------------------------------------------------------------------------------

* GA execution time :                                                           
  total  1.3189 user  1.1547 sys  0.1642

--------------------------------------------------------------------------------
Fitness function evaluations: 57663

--------------------------------------------------------------------------------
** Docking run number  7 **
--------------------------------------------------------------------------------
  Rank fitness base is 5000.00 ; increment is 11.2233

* Initialising population(s) ...                                                
Number of constraints mappings 0
Number of constraints 0
  Population no.                           :      1
  Population size                          :    100
  Number of duplicates                     :      0
  Number of niche violations               :      0
  Number of errors                         :  40525


Doing GA, no. of population(s) 1 size 100 selection pressure 1.100000

 Operation      Fitness  S(hb_ext) S(vdw_ext)  S(hb_int)    S(int)      intcor
         0      29.44       9.30      15.09       0.00      -3.03      -0.77
       140      29.95       2.88      20.23       0.00      -3.47      -0.77
       249      29.66       2.18      20.59       0.00      -3.47      -0.77
       334      28.76       3.60      18.93       0.00      -3.47      -0.77
       376      28.80       0.49      21.68       0.00      -5.81      -0.77
       425      28.86       2.98      19.12       0.00      -1.55      -0.77
       452      28.34       2.97      18.76       0.00      -1.55      -0.77
       530      31.90       0.58      23.20       0.00      -2.00      -0.77
       663      31.86       0.00      23.64       0.00      -2.00      -0.77
Reordering...
       720      31.38       0.52      22.93       0.00      -2.00      -0.77
       854      31.24       0.00      23.05       0.00      -1.22      -0.77
      1029      31.75       0.00      23.69       0.00      -1.97      -0.77
      1060      31.80       0.04      23.70       0.00      -1.97      -0.77
Reordering...
      1170      31.04       0.20      22.84       0.00      -1.22      -0.77
      1218      32.18       1.33      23.01       0.00      -1.68      -0.77
      1801      30.52       1.08      22.33       0.00      -1.74      -0.77
      2015      30.58       0.13      22.61       0.00      -0.76      -0.77
--------------------------------------------------------------------------------
Best docking solution after GA:
      3000      30.40       0.08      22.61       0.00      -0.76      -0.77

#ops:       3000 #mutates:   1491 #cross:     1509 #dups:       781 
#niche:     1700 #errors:     348 
--------------------------------------------------------------------------------

Doing AMOEBA simplex on best individual
Done simplexing #iterations 810, best score  31.14

Ligand is stored in gold_soln_ligand_prepared_m1_7.mol2


--------------------------------------------------------------------------------
--- GoldScore breakdown of terms                                             ---
--------------------------------------------------------------------------------
Fitness = S(hb_ext) + 1.3750*S(vdw_ext) + S(hb_int) + 1.0000*S(int)
S(int)  = S(vdw_int) + S(tors)

Internal terms are relative to best energy found (intcor).

--------------------------------------------------------------------------------


     Fitness  S(hb_ext) S(vdw_ext)  S(hb_int)    S(int)      intcor
     31.14       0.09      23.19       0.00      -0.84      -0.77

--------------------------------------------------------------------------------
--- GoldScore analysis of protein-ligand interactions                        ---
--------------------------------------------------------------------------------

  Ligand acceptor   17 Protein hydrogen 5167 donor 5158 bond energy  2.00 wt 0.05

--------------------------------------------------------------------------------

--------------------------------------------------------------------------------
--- Rescoring solution                                                       ---
--------------------------------------------------------------------------------

     Score     S(PLP)   S(hbond)     S(cho)   S(metal)  DE(clash)   DE(tors)
     16.39     -16.68       0.00       0.00       0.00       0.00       0.14

Doing AMOEBA simplex on best individual
Done simplexing #iterations 1195, best score  31.64

     Score     S(PLP)   S(hbond)     S(cho)   S(metal)  DE(clash)   DE(tors)
     31.64     -31.95       0.00       0.00       0.00       0.00       0.16

--------------------------------------------------------------------------------
--- CHEMPLP breakdown of terms                                               ---
--------------------------------------------------------------------------------
CHEMPLP = - ( 1.0000*S(PLP) + -3.0000*S(hbond) + -6.0000*S(metal) + -3.0000*S(cho) )

Score = CHEMPLP - 1.0000*DE(clash) - 2.0000*DE(tors)


--------------------------------------------------------------------------------


--------------------------------------------------------------------------------
--- PLP analysis of protein-ligand interactions                              ---
--------------------------------------------------------------------------------
hydrogen bonding        :       0.00
metal                   :       0.00
buried (polar-nonpolar) :      -0.13
nonpolar                :     -31.22
repulsive               :       0.31
--------------------------------------------------------------------------------


--------------------------------------------------------------------------------
--- ChemScore analysis of protein-ligand interactions                        ---
--------------------------------------------------------------------------------

* Hydrogen bonds                                                                


* CH..O interactions                                                            
  CH group selection                       : activated ring CH (adjacent to hetatom)

--------------------------------------------------------------------------------


--------------------------------------------------------------------------------
--- Intra-ligand clashes                                                     ---
--------------------------------------------------------------------------------

Ligand
--------------------------------------------------------------------------------


--------------------------------------------------------------------------------
--- Chromosome decoded                                                       ---
--------------------------------------------------------------------------------
Ligand Torsions
[   6    2    1    3]  114.84
[  12    5    1    2] -174.94
Protein Torsions
[3671 3662 3661 3659]  173.74 
[3591 3582 3581 3579]  -37.99 
[3859 3850 3849 3847] -162.24 
[3132 3125 3123 3120] -163.66 
[5167 5158 5157 5155]   52.36 
[2604 2593 2592 2591]  -55.97 
[ 607  600  598  595]   32.70 
[1933 1928 1927 1924]  -58.47 
[3182 3173 3172 3170]  -50.73 
[ 625  620  619  616]   20.84 
Mapping
Ligand acceptors to protein hydrogens (mapping then atom ids)
Ligand hydrogens to protein acceptors (mapping then atom ids)
Ligand shape atoms to protein points (mapping then atom ids & coords)
  2 10911 [  6->( 24.500  -9.500   0.750)]
  3 10546 [  7->( 24.000 -11.750   2.000)]
  4 11725 [ 12->( 25.750  -7.750   1.750)]
  5 10096 [ 13->( 23.500 -12.750  -0.250)]
  6 10292 [ 14->( 23.750 -13.750   0.250)]
  7  9883 [ 16->( 23.250 -12.500   1.500)]
Chromosome values
Integers:
  -1   -1   -1   -1   -1   -1 10910 10545 11724 10095 10291 9882 
--------------------------------------------------------------------------------


--------------------------------------------------------------------------------
--- Diverse Solutions Stats                                                  ---
--------------------------------------------------------------------------------
  Move attempts                            :  17518
  Move failures                            :     15
  Failure rate                             :   0.001

--------------------------------------------------------------------------------

Current Ranking  3  4  1  2  6  7  5

--------------------------------------------------------------------------------

* GA execution time :                                                           
  total  1.6974 user  1.3915 sys  0.3060

--------------------------------------------------------------------------------
Fitness function evaluations: 58398

--------------------------------------------------------------------------------
** Docking run number  8 **
--------------------------------------------------------------------------------
  Rank fitness base is 5000.00 ; increment is 11.2233

* Initialising population(s) ...                                                
Number of constraints mappings 0
Number of constraints 0
  Population no.                           :      1
  Population size                          :    100
  Number of duplicates                     :      0
  Number of niche violations               :      0
  Number of errors                         :  40045


Doing GA, no. of population(s) 1 size 100 selection pressure 1.100000

 Operation      Fitness  S(hb_ext) S(vdw_ext)  S(hb_int)    S(int)      intcor
         0      28.58       2.76      19.58       0.00      -5.47      -0.77
        72      28.55       1.12      20.18       0.00      -1.45      -0.77
        81      28.62       4.06      20.23       0.00     -15.60      -0.77
Reordering...
       270      26.75       0.28      19.84       0.00      -3.32      -0.77
       298      27.28       0.27      20.20       0.00      -3.15      -0.77
       506      28.05       0.26      20.35       0.00      -0.65      -0.77
       630      31.12       0.29      22.69       0.00      -1.14      -0.77
       930      30.77       0.22      22.53       0.00      -1.14      -0.77
       949      30.83       0.22      22.42       0.00      -0.54      -0.77
       992      30.72       0.20      22.36       0.00      -0.54      -0.77
      1060      31.76       0.20      23.11       0.00      -0.53      -0.77
      2411      31.47       0.05      23.24       0.00      -0.53      -0.77
      2872      31.57       0.12      23.39       0.00      -0.71      -0.77
--------------------------------------------------------------------------------
Best docking solution after GA:
      3000      31.57       0.12      23.39       0.00      -0.71      -0.77

#ops:       3000 #mutates:   1460 #cross:     1540 #dups:       589 
#niche:     1476 #errors:     489 
--------------------------------------------------------------------------------

Doing AMOEBA simplex on best individual
Done simplexing #iterations 700, best score  32.07

Ligand is stored in gold_soln_ligand_prepared_m1_8.mol2


--------------------------------------------------------------------------------
--- GoldScore breakdown of terms                                             ---
--------------------------------------------------------------------------------
Fitness = S(hb_ext) + 1.3750*S(vdw_ext) + S(hb_int) + 1.0000*S(int)
S(int)  = S(vdw_int) + S(tors)

Internal terms are relative to best energy found (intcor).

--------------------------------------------------------------------------------


     Fitness  S(hb_ext) S(vdw_ext)  S(hb_int)    S(int)      intcor
     32.07       0.17      23.69       0.00      -0.68      -0.77

--------------------------------------------------------------------------------
--- GoldScore analysis of protein-ligand interactions                        ---
--------------------------------------------------------------------------------

  Ligand acceptor   11 Protein hydrogen  621 donor  615 bond energy  2.00 wt 0.05
  Ligand donor    8 hydrogen   22 Protein acceptor 2875 bond energy  2.00 wt 0.03

--------------------------------------------------------------------------------

--------------------------------------------------------------------------------
--- Rescoring solution                                                       ---
--------------------------------------------------------------------------------

     Score     S(PLP)   S(hbond)     S(cho)   S(metal)  DE(clash)   DE(tors)
     -1.40      -0.99       0.00       0.00       0.00       0.00       1.20

Doing AMOEBA simplex on best individual
Done simplexing #iterations 1505, best score  37.53

     Score     S(PLP)   S(hbond)     S(cho)   S(metal)  DE(clash)   DE(tors)
     37.53     -33.57       1.88       0.00       0.00       1.17       0.26

--------------------------------------------------------------------------------
--- CHEMPLP breakdown of terms                                               ---
--------------------------------------------------------------------------------
CHEMPLP = - ( 1.0000*S(PLP) + -3.0000*S(hbond) + -6.0000*S(metal) + -3.0000*S(cho) )

Score = CHEMPLP - 1.0000*DE(clash) - 2.0000*DE(tors)


--------------------------------------------------------------------------------


--------------------------------------------------------------------------------
--- PLP analysis of protein-ligand interactions                              ---
--------------------------------------------------------------------------------
hydrogen bonding        :      -2.49
metal                   :       0.00
buried (polar-nonpolar) :      -3.92
nonpolar                :     -28.50
repulsive               :       0.30
--------------------------------------------------------------------------------


--------------------------------------------------------------------------------
--- ChemScore analysis of protein-ligand interactions                        ---
--------------------------------------------------------------------------------

* Hydrogen bonds                                                                
Ligand donor   10 hydrogen   23 Protein acceptor  620 bond energy  1.00 wt 0.08
Protein donor  615 hydrogen  621 Ligand acceptor   11 bond energy  1.00 wt 1.00
Protein donor  620 hydrogen  625 Ligand acceptor   11 bond energy  1.00 wt 0.80


* CH..O interactions                                                            
  CH group selection                       : activated ring CH (adjacent to hetatom)

--------------------------------------------------------------------------------


--------------------------------------------------------------------------------
--- Intra-ligand clashes                                                     ---
--------------------------------------------------------------------------------

Ligand
  7 (C7   ) -   3 (C3   ):   1.17 (dist   2.72)
--------------------------------------------------------------------------------


--------------------------------------------------------------------------------
--- Chromosome decoded                                                       ---
--------------------------------------------------------------------------------
Ligand Torsions
[   6    2    1    3]  145.94
[  12    5    1    2]  168.41
Protein Torsions
[3671 3662 3661 3659] -153.82 
[3591 3582 3581 3579]  -14.76 
[3859 3850 3849 3847]   41.27 
[3132 3125 3123 3120]  -99.94 
[5167 5158 5157 5155]   64.67 
[2604 2593 2592 2591]  -89.98 
[ 607  600  598  595] -115.59 
[1933 1928 1927 1924] -143.86 
[3182 3173 3172 3170]   78.87 
[ 625  620  619  616]  -27.35 
Mapping
Ligand acceptors to protein hydrogens (mapping then atom ids)
Ligand hydrogens to protein acceptors (mapping then atom ids)
  1  81 [ 22->2875]
Ligand shape atoms to protein points (mapping then atom ids & coords)
  2  8824 [  6->( 22.000 -10.750  -3.000)]
  3  7845 [  7->( 20.750 -10.250  -2.500)]
  4  7130 [ 12->( 19.750  -7.250  -2.250)]
  7  9411 [ 16->( 22.750 -12.250  -0.750)]
Chromosome values
Integers:
  -1   -1   -1   80   -1   -1 8823 7844 7129   -1   -1 9410 
--------------------------------------------------------------------------------


--------------------------------------------------------------------------------
--- Diverse Solutions Stats                                                  ---
--------------------------------------------------------------------------------
  Move attempts                            :  17848
  Move failures                            :      8
  Failure rate                             :   0.000

--------------------------------------------------------------------------------

Current Ranking  3  4  1  2  6  8  7  5

--------------------------------------------------------------------------------

* GA execution time :                                                           
  total  1.6073 user  1.5244 sys  0.0829

--------------------------------------------------------------------------------
Fitness function evaluations: 58395

--------------------------------------------------------------------------------
** Docking run number  9 **
--------------------------------------------------------------------------------
  Rank fitness base is 5000.00 ; increment is 11.2233

* Initialising population(s) ...                                                
Number of constraints mappings 0
Number of constraints 0
  Population no.                           :      1
  Population size                          :    100
  Number of duplicates                     :      0
  Number of niche violations               :      0
  Number of errors                         :  40775


Doing GA, no. of population(s) 1 size 100 selection pressure 1.100000

 Operation      Fitness  S(hb_ext) S(vdw_ext)  S(hb_int)    S(int)      intcor
         0      30.70       0.21      24.58       0.00     -16.55      -0.77
       306      28.90       0.19      23.86       0.00     -16.55      -0.77
       444      29.09       1.49      22.36       0.00     -11.66      -0.77
       555      28.48       0.24      24.08       0.00     -16.55      -0.77
       636      27.80       2.68      18.41       0.00      -0.60      -0.77
       665      27.90       2.68      18.48       0.00      -0.60      -0.77
       677      28.32       1.21      20.35       0.00      -2.76      -0.77
       745      29.04       1.54      20.41       0.00      -1.68      -0.77
       848      32.75       3.55      21.40       0.00      -0.60      -0.77
Reordering...
      1710      30.04       0.06      22.30       0.00      -0.99      -0.77
--------------------------------------------------------------------------------
Best docking solution after GA:
      3000      29.70       0.03      22.30       0.00      -0.99      -0.77

#ops:       3000 #mutates:   1491 #cross:     1509 #dups:       542 
#niche:     1616 #errors:     393 
--------------------------------------------------------------------------------

Doing AMOEBA simplex on best individual
Done simplexing #iterations 725, best score  33.04

Ligand is stored in gold_soln_ligand_prepared_m1_9.mol2


--------------------------------------------------------------------------------
--- GoldScore breakdown of terms                                             ---
--------------------------------------------------------------------------------
Fitness = S(hb_ext) + 1.3750*S(vdw_ext) + S(hb_int) + 1.0000*S(int)
S(int)  = S(vdw_int) + S(tors)

Internal terms are relative to best energy found (intcor).

--------------------------------------------------------------------------------


     Fitness  S(hb_ext) S(vdw_ext)  S(hb_int)    S(int)      intcor
     33.04       0.10      24.60       0.00      -0.89      -0.77

--------------------------------------------------------------------------------
--- GoldScore analysis of protein-ligand interactions                        ---
--------------------------------------------------------------------------------

  Ligand donor    8 hydrogen   22 Protein acceptor  571 bond energy  2.00 wt 0.05

--------------------------------------------------------------------------------

--------------------------------------------------------------------------------
--- Rescoring solution                                                       ---
--------------------------------------------------------------------------------

     Score     S(PLP)   S(hbond)     S(cho)   S(metal)  DE(clash)   DE(tors)
      8.36     -10.71       0.00       0.00       0.00       0.00       1.17

Doing AMOEBA simplex on best individual
Done simplexing #iterations 710, best score  28.38

     Score     S(PLP)   S(hbond)     S(cho)   S(metal)  DE(clash)   DE(tors)
     28.38     -30.63       0.00       0.00       0.00       0.00       1.12

--------------------------------------------------------------------------------
--- CHEMPLP breakdown of terms                                               ---
--------------------------------------------------------------------------------
CHEMPLP = - ( 1.0000*S(PLP) + -3.0000*S(hbond) + -6.0000*S(metal) + -3.0000*S(cho) )

Score = CHEMPLP - 1.0000*DE(clash) - 2.0000*DE(tors)


--------------------------------------------------------------------------------


--------------------------------------------------------------------------------
--- PLP analysis of protein-ligand interactions                              ---
--------------------------------------------------------------------------------
hydrogen bonding        :       0.00
metal                   :       0.00
buried (polar-nonpolar) :      -5.26
nonpolar                :     -26.70
repulsive               :       0.30
--------------------------------------------------------------------------------


--------------------------------------------------------------------------------
--- ChemScore analysis of protein-ligand interactions                        ---
--------------------------------------------------------------------------------

* Hydrogen bonds                                                                


* CH..O interactions                                                            
  CH group selection                       : activated ring CH (adjacent to hetatom)

--------------------------------------------------------------------------------


--------------------------------------------------------------------------------
--- Intra-ligand clashes                                                     ---
--------------------------------------------------------------------------------

Ligand
--------------------------------------------------------------------------------


--------------------------------------------------------------------------------
--- Chromosome decoded                                                       ---
--------------------------------------------------------------------------------
Ligand Torsions
[   6    2    1    3]  155.35
[  12    5    1    2]  168.52
Protein Torsions
[3671 3662 3661 3659]  -62.69 
[3591 3582 3581 3579]   34.70 
[3859 3850 3849 3847]  -45.58 
[3132 3125 3123 3120]   29.14 
[5167 5158 5157 5155]  104.02 
[2604 2593 2592 2591]  -99.75 
[ 607  600  598  595]    3.26 
[1933 1928 1927 1924] -178.08 
[3182 3173 3172 3170] -127.93 
[ 625  620  619  616]   25.17 
Mapping
Ligand acceptors to protein hydrogens (mapping then atom ids)
Ligand hydrogens to protein acceptors (mapping then atom ids)
Ligand shape atoms to protein points (mapping then atom ids & coords)
  4 11882 [ 12->( 26.000  -7.750   2.750)]
  5  9619 [ 13->( 23.000 -12.750   0.750)]
  7 10556 [ 16->( 24.000 -11.500   1.750)]
Chromosome values
Integers:
  -1   -1   -1   -1   -1   -1   -1   -1 11881 9618   -1 10555 
--------------------------------------------------------------------------------


--------------------------------------------------------------------------------
--- Diverse Solutions Stats                                                  ---
--------------------------------------------------------------------------------
  Move attempts                            :  16737
  Move failures                            :      8
  Failure rate                             :   0.000

--------------------------------------------------------------------------------

Current Ranking  3  4  1  2  6  9  8  7  5

--------------------------------------------------------------------------------

* GA execution time :                                                           
  total  1.2648 user  1.1847 sys  0.0801

--------------------------------------------------------------------------------
Fitness function evaluations: 57920

--------------------------------------------------------------------------------
** Docking run number 10 **
--------------------------------------------------------------------------------
  Rank fitness base is 5000.00 ; increment is 11.2233

* Initialising population(s) ...                                                
Number of constraints mappings 0
Number of constraints 0
  Population no.                           :      1
  Population size                          :    100
  Number of duplicates                     :      0
  Number of niche violations               :      0
  Number of errors                         :  39038


Doing GA, no. of population(s) 1 size 100 selection pressure 1.100000

 Operation      Fitness  S(hb_ext) S(vdw_ext)  S(hb_int)    S(int)      intcor
         0      28.18       1.45      19.59       0.00      -0.99      -0.77
Reordering...
        90      27.71       1.99      19.77       0.00      -6.89      -0.77
        96      28.72       2.00      19.92       0.00      -3.12      -0.77
       413      27.95       0.44      20.20       0.00      -0.99      -0.77
       505      28.17       1.36      19.85       0.00      -1.71      -0.77
       588      28.18       1.13      20.35       0.00      -3.09      -0.77
Reordering...
       630      27.94       1.34      19.73       0.00      -1.71      -0.77
       785      28.96       1.90      20.22       0.00      -2.14      -0.77
       867      28.92       0.71      22.15       0.00      -6.17      -0.77
      1083      29.03       0.00      23.27       0.00      -6.84      -0.77
      1158      29.56       0.00      23.28       0.00      -5.41      -0.77
      1326      29.66       0.00      23.25       0.00      -4.48      -0.77
Reordering...
      1770      28.79       0.00      23.14       0.00      -4.27      -0.77
      2041      28.68       0.00      23.25       0.00      -3.82      -0.77
      2115      28.54       0.00      23.25       0.00      -3.82      -0.77
      2173      28.63       0.74      22.41       0.00      -3.11      -0.77
      2656      29.10       0.85      22.43       0.00      -2.60      -0.77
      2815      30.31       0.48      23.02       0.00      -1.81      -0.77
--------------------------------------------------------------------------------
Best docking solution after GA:
      3000      30.31       0.48      23.02       0.00      -1.81      -0.77

#ops:       3000 #mutates:   1478 #cross:     1522 #dups:       564 
#niche:     1487 #errors:     493 
--------------------------------------------------------------------------------

Doing AMOEBA simplex on best individual
Done simplexing #iterations 650, best score  31.88

Ligand is stored in gold_soln_ligand_prepared_m1_10.mol2


--------------------------------------------------------------------------------
--- GoldScore breakdown of terms                                             ---
--------------------------------------------------------------------------------
Fitness = S(hb_ext) + 1.3750*S(vdw_ext) + S(hb_int) + 1.0000*S(int)
S(int)  = S(vdw_int) + S(tors)

Internal terms are relative to best energy found (intcor).

--------------------------------------------------------------------------------


     Fitness  S(hb_ext) S(vdw_ext)  S(hb_int)    S(int)      intcor
     31.88       0.53      24.08       0.00      -1.76      -0.77

--------------------------------------------------------------------------------
--- GoldScore analysis of protein-ligand interactions                        ---
--------------------------------------------------------------------------------

  Ligand donor    8 hydrogen   22 Protein acceptor 2643 bond energy  2.00 wt 0.26

--------------------------------------------------------------------------------

--------------------------------------------------------------------------------
--- Rescoring solution                                                       ---
--------------------------------------------------------------------------------

     Score     S(PLP)   S(hbond)     S(cho)   S(metal)  DE(clash)   DE(tors)
     27.29     -27.30       0.77       0.00       0.00       1.28       0.52

Doing AMOEBA simplex on best individual
Done simplexing #iterations 848, best score  31.58

     Score     S(PLP)   S(hbond)     S(cho)   S(metal)  DE(clash)   DE(tors)
     31.58     -31.75       0.67       0.00       0.00       1.98       0.10

--------------------------------------------------------------------------------
--- CHEMPLP breakdown of terms                                               ---
--------------------------------------------------------------------------------
CHEMPLP = - ( 1.0000*S(PLP) + -3.0000*S(hbond) + -6.0000*S(metal) + -3.0000*S(cho) )

Score = CHEMPLP - 1.0000*DE(clash) - 2.0000*DE(tors)


--------------------------------------------------------------------------------


--------------------------------------------------------------------------------
--- PLP analysis of protein-ligand interactions                              ---
--------------------------------------------------------------------------------
hydrogen bonding        :      -2.00
metal                   :       0.00
buried (polar-nonpolar) :      -3.32
nonpolar                :     -29.11
repulsive               :       1.87
--------------------------------------------------------------------------------


--------------------------------------------------------------------------------
--- ChemScore analysis of protein-ligand interactions                        ---
--------------------------------------------------------------------------------

* Hydrogen bonds                                                                
Ligand donor    8 hydrogen   22 Protein acceptor 2643 bond energy  1.00 wt 0.67


* CH..O interactions                                                            
  CH group selection                       : activated ring CH (adjacent to hetatom)

--------------------------------------------------------------------------------


--------------------------------------------------------------------------------
--- Intra-ligand clashes                                                     ---
--------------------------------------------------------------------------------

Ligand
  6 (C6   ) -   3 (C3   ):   1.98 (dist   2.70)
--------------------------------------------------------------------------------


--------------------------------------------------------------------------------
--- Chromosome decoded                                                       ---
--------------------------------------------------------------------------------
Ligand Torsions
[   6    2    1    3]  -14.37
[  12    5    1    2]  177.44
Protein Torsions
[3671 3662 3661 3659]   -3.16 
[3591 3582 3581 3579] -162.29 
[3859 3850 3849 3847]   67.93 
[3132 3125 3123 3120]   85.57 
[5167 5158 5157 5155]  -80.15 
[2604 2593 2592 2591]  -23.04 
[ 607  600  598  595]   95.77 
[1933 1928 1927 1924]  148.22 
[3182 3173 3172 3170]  124.39 
[ 625  620  619  616]  119.94 
Mapping
Ligand acceptors to protein hydrogens (mapping then atom ids)
Ligand hydrogens to protein acceptors (mapping then atom ids)
Ligand shape atoms to protein points (mapping then atom ids & coords)
  4 12475 [ 12->( 27.000  -8.750   4.250)]
  5 10182 [ 13->( 23.500 -10.750   0.250)]
  6  9371 [ 14->( 22.750 -13.250   0.250)]
  7  9797 [ 16->( 23.250 -14.500  -0.250)]
Chromosome values
Integers:
  -1   -1   -1   -1   -1   -1   -1   -1 12474 10181 9370 9796 
--------------------------------------------------------------------------------


--------------------------------------------------------------------------------
--- Diverse Solutions Stats                                                  ---
--------------------------------------------------------------------------------
  Move attempts                            :  16816
  Move failures                            :    102
  Failure rate                             :   0.006

--------------------------------------------------------------------------------

Current Ranking  3  4  1  2  6  9  8 10  7  5

--------------------------------------------------------------------------------

* GA execution time :                                                           
  total  1.2576 user  1.2073 sys  0.0503

--------------------------------------------------------------------------------
Fitness function evaluations: 56266

--------------------------------------------------------------------------------
--- Ranking analysis                                                         ---
--------------------------------------------------------------------------------


* Final ranked order of GA solutions:                                           
   3  4  1  2  6  9  8 10  7  5 

  _______________________________
  RMSD Matrix of RANKED solutions

        2    3    4    5    6    7    8    9   10  

   1 :  1.0  4.6  4.5  4.3  7.4  3.6  5.5  6.3  3.3
   2 :       4.1  4.0  4.8  8.0  3.3  6.0  6.9  3.1
   3 :            0.3  6.9  9.5  4.6  7.5  8.4  5.3
   4 :                 6.7  9.4  4.6  7.3  8.3  5.1
   5 :                      4.9  6.0  2.3  3.9  4.4
   6 :                           9.3  3.5  1.9  8.2
   7 :                                7.4  8.4  3.6
   8 :                                     2.6  6.1
   9 :                                          7.3

  Clustering method                        : complete linkage
  Structure ids in cluster table           : rank nos.
  Ordering of clusters and their members   : by rank (order if from rms_analysis)

  Distance | Clusters
   0.27    |  1 |  2 |  3  4 |  5 |  6 |  7 |  8 |  9 | 10 |
   0.97    |  1  2 |  3  4 |  5 |  6 |  7 |  8 |  9 | 10 |
   1.90    |  1  2 |  3  4 |  5 |  6  9 |  7 |  8 | 10 |
   2.25    |  1  2 |  3  4 |  5  8 |  6  9 |  7 | 10 |
   3.26    |  1  2 10 |  3  4 |  5  8 |  6  9 |  7 |
   3.65    |  1  2  7 10 |  3  4 |  5  8 |  6  9 |
   4.85    |  1  2  7 10 |  3  4 |  5  6  8  9 |
   5.29    |  1  2  3  4  7 10 |  5  6  8  9 |
   9.49    |  1  2  3  4  5  6  7  8  9 10 |
  Finished Docking Ligand                  : /mnt/c/Users/ricca/Desktop/Documents/1_Coding/1_Script_Github/Reverse_Docking_Explore_V3/3owp/ligand_prepared.mol2
--------------------------------------------------------------------------------

  Relative_Ligand_Energy (best encountered) :  -0.765
  Relative_Ligand_Energy: fitness values have been corrected using this amount
